PLINK v1.90b6.6 64-bit (12 Oct 2018)
Options in effect:
  --allow-extra-chr
  --cluster
  --mds-plot 2
  --mind 0.5
  --out /mnt/Results/Clustering/Nuclear
  --vcf /mnt/Results/SNP/PhasedNuclear.vcf

Hostname: 286263b659d0
Working directory: /data
Start time: Thu Sep  1 23:59:20 2022

Random number seed: 1662076760
9951 MB RAM detected; reserving 4975 MB for main workspace.
--vcf: /mnt/Results/Clustering/Nuclear-temporary.bed +
/mnt/Results/Clustering/Nuclear-temporary.bim +
/mnt/Results/Clustering/Nuclear-temporary.fam written.
89 variants loaded from .bim file.
74 people (0 males, 0 females, 74 ambiguous) loaded from .fam.
Ambiguous sex IDs written to /mnt/Results/Clustering/Nuclear.nosex .
3 people removed due to missing genotype data (--mind).
IDs written to /mnt/Results/Clustering/Nuclear.irem .
Using up to 5 threads (change this with --threads).
Before main variant filters, 71 founders and 0 nonfounders present.
Calculating allele frequencies... done.
Total genotyping rate in remaining samples is 0.97468.
89 variants and 71 people pass filters and QC.
Note: No phenotypes present.
Distance matrix calculation complete.
Clustering... done.
Cluster solution written to /mnt/Results/Clustering/Nuclear.cluster1 ,
/mnt/Results/Clustering/Nuclear.cluster2 , and
/mnt/Results/Clustering/Nuclear.cluster3 .
Performing multidimensional scaling analysis (SVD algorithm, 2
dimensions)... done.
MDS solution written to /mnt/Results/Clustering/Nuclear.mds .

End time: Thu Sep  1 23:59:20 2022
