PLINK v1.90b6.6 64-bit (12 Oct 2018)
Options in effect:
  --allow-extra-chr
  --make-bed
  --out /mnt/Results/Clustering/PhasedNuclear
  --vcf /mnt/Results/SNP/PhasedNuclear.vcf

Hostname: a052efbef795
Working directory: /data
Start time: Fri Sep  2 00:08:30 2022

Random number seed: 1662077310
9951 MB RAM detected; reserving 4975 MB for main workspace.
--vcf: /mnt/Results/Clustering/PhasedNuclear-temporary.bed +
/mnt/Results/Clustering/PhasedNuclear-temporary.bim +
/mnt/Results/Clustering/PhasedNuclear-temporary.fam written.
89 variants loaded from .bim file.
74 people (0 males, 0 females, 74 ambiguous) loaded from .fam.
Ambiguous sex IDs written to /mnt/Results/Clustering/PhasedNuclear.nosex .
Using 1 thread (no multithreaded calculations invoked).
Before main variant filters, 74 founders and 0 nonfounders present.
Calculating allele frequencies... done.
Total genotyping rate is 0.938658.
89 variants and 74 people pass filters and QC.
Note: No phenotypes present.
--make-bed to /mnt/Results/Clustering/PhasedNuclear.bed +
/mnt/Results/Clustering/PhasedNuclear.bim +
/mnt/Results/Clustering/PhasedNuclear.fam ... done.

End time: Fri Sep  2 00:08:31 2022
