Marginal likelihood with initialization (1) = -0.8311334567
Marginal likelihood with initialization (2) = -0.8311226873
Marginal likelihood with initialization (3) = -0.8311296951
Marginal likelihood with initialization (4) = -0.8311216094
Marginal likelihood with initialization (5) = -0.8311185268
Iteration Marginal_Likelihood delta_Marginal_Likelihood Iteration_Time (secs)
0 -0.8311185268 -- 0.154
10 -0.6493197164 0.1817988104 0.289
20 -0.6219353435 0.0273843729 0.280
30 -0.6171977983 0.0047375452 0.275
40 -0.6156193008 0.0015784975 0.274
50 -0.6147621949 0.0008571059 0.283
60 -0.6146235523 0.0001386426 0.276
70 -0.6144847400 0.0001388124 0.272
80 -0.6143096368 0.0001751032 0.273
90 -0.6143775189 -0.0000678822 0.278
100 -0.6139911593 0.0003863597 0.274
110 -0.6139306995 0.0000604598 0.276
120 -0.6137703321 0.0001603674 0.281
130 -0.6138427066 -0.0000723745 0.281
140 -0.6135752002 0.0002675063 0.274
150 -0.6135741051 0.0000010952 0.273
160 -0.6135747743 -0.0000006692 0.285
Marginal Likelihood = -0.6135747743
Total time = 4.6779 seconds
Total iterations = 160 
