process_radtags v2.1, executed 2020-05-26 14:36:41
process_radtags -P -1 ExternalData/Pooled/Litt_MiSeq_S1_R1_001_val_1.fq.gz -2 ExternalData/Pooled/Litt_MiSeq_S1_R2_001_val_2.fq.gz -o ExternalData/Pooled/Stacks/ --renz_1 pstI --renz_2 mspI -q -r -b ExternalData/Pooled/barcodes.txt --inline_null
File	Retained Reads	Low Quality	Ambiguous Barcodes	Ambiguous RAD-Tag	Total
Litt_MiSeq_S1_R1_001_val_1.fq.gz	31141523	0	834586	8927835	40903944

Total Sequences	40903944
Ambiguous Barcodes	834586
Low Quality	0
Ambiguous RAD-Tag	8927835
Retained Reads	31141523

Barcode	Filename	Total	NoRadTag	LowQuality	Retained
ACGG	A1	563032	180235	0	382797
CATCG	B1	364444	81246	0	283198
TGTGCA	C1	342808	70686	0	272122
GTACGT	D1	435906	94943	0	340963
TAGCTG	E1	575870	117055	0	458815
GGTAGCA	F1	416284	81988	0	334296
AGACTCG	G1	469836	91471	0	378365
GTCCAAG	H1	299274	60054	0	239220
TGCT	A2	678822	221842	0	456980
ATCGA	B2	581378	120283	0	461095
TTGACA	C2	519524	102704	0	416820
TAGGCT	D2	439914	87669	0	352245
GCGTAT	E2	464776	93542	0	371234
GATTACA	F2	509616	97341	0	412275
CAGTGCA	G2	391532	76986	0	314546
TCCAGGA	H2	515230	96486	0	418744
CATA	A3	314584	175423	0	139161
TCGAA	B3	344838	76713	0	268125
AGCTGA	C3	470282	94772	0	375510
GGCTAG	D3	367748	71717	0	296031
CCTCGA	E3	80908	21017	0	59891
TTATGCA	F3	192324	39533	0	152791
TGTAACG	G3	431320	81834	0	349486
GAATCGG	H3	534020	100072	0	433948
CGAG	A4	452822	143557	0	309265
ACCTG	B4	396586	102074	0	294512
TGGCAA	C4	500626	103233	0	397393
CATGTA	D4	390060	78598	0	311462
TGCGAT	E4	407234	83959	0	323275
GTGACCA	F4	402392	77863	0	324529
CTGGACA	G4	115120	23234	0	91886
AGCGATG	H4	405758	82580	0	323178
GCTT	A5	651872	209482	0	442390
CTCAG	B5	508176	104415	0	403761
CTATCG	C5	580008	114851	0	465157
ATTCGG	D5	464226	93867	0	370359
ACCTCG	E5	416936	83369	0	333567
TGGTACA	F5	539056	99936	0	439120
AATTGCG	G5	388998	79589	0	309409
ATTATCG	H5	515006	98268	0	416738
ATCA	A6	280220	199147	0	81073
CGCTA	B6	139840	49978	0	89862
GCTGAA	C6	179340	43251	0	136089
TGACCT	D6	260044	57910	0	202134
CGTATG	E6	362742	73587	0	289155
ATTGGCA	F6	505152	97471	0	407681
TGGCCAA	G6	341930	66239	0	275691
CGTCAGA	H6	296908	57847	0	239061
GACG	A7	601626	198513	0	403113
CCTGA	B7	461934	108447	0	353487
TTCCGA	C7	553032	107089	0	445943
GCTACT	D7	427388	87476	0	339912
GATCTT	E7	91152	24331	0	66821
TAGGTCA	F7	197126	39528	0	157598
GACCTCA	G7	336996	65565	0	271431
TCTGGAA	H7	337438	65885	0	271553
CTGT	A8	252368	108976	0	143392
CGACT	B8	347244	89174	0	258070
GACTCT	C8	593196	113529	0	479667
TCGGTA	D8	75946	18675	0	57271
ACTTGT	E8	382400	78094	0	304306
GGATTCA	F8	487714	92187	0	395527
TCAGCAG	G8	468240	88970	0	379270
GTACCGA	H8	391180	75824	0	315356
TCAA	A9	542408	216651	0	325757
ACGCT	B9	209376	78069	0	131307
ATGGCG	C9	102080	23898	0	78182
CTGAGG	D9	427000	86007	0	340993
CTCCAG	E9	145898	34141	0	111757
TAGACCG	F9	184674	35804	0	148870
GTCTGAA	G9	172402	35536	0	136866
TAATTCG	H9	592316	110280	0	482036
AGTCA	A10	721124	170893	0	550231
GCCAT	B10	669934	147539	0	522395
TCATGG	C10	565038	108136	0	456902
GCCTTA	D10	490316	94257	0	396059
ACGCCT	E10	616490	122221	0	494269
GTAAGCG	F10	587704	108932	0	478772
TATACGA	G10	605946	111384	0	494562
CCGGTAA	H10	611824	115293	0	496531
TCACG	A11	689990	140025	0	549965
CACGT	B11	661246	146796	0	514450
CATCCG	C11	638100	119770	0	518330
CGATGT	D11	597306	112825	0	484481
GTCATT	E11	451042	88172	0	362870
TGTGCCA	F11	667014	124764	0	542250
TGAGGCG	G11	662362	122829	0	539533
AGCTCCG	H11	714792	133616	0	581176
CTGCA	A12	1021450	219061	0	802389
GTTCCA	B12	877510	169475	0	708035
CCGTCA	C12	10992	8472	0	2520
CTCGCA	D12	3924	3528	0	396
CCAGCT	E12	11908	10998	0	910
GATCCAA	F12	2208	1922	0	286
ATGTTCA	G12	3652	3458	0	194
TACGATA	H12	1030	903	0	127

Sequences not recorded
Barcode	Total
TAGCATC	2928
TTTCCCT	2628
GTATTTG	2194
CTTCCTT	2008
GTAGCAT	1956
CCTCCTT	1854
GAAACCA	1644
GTAACGT	1626
TCCCTTT	1610
TCTCTTT	1596
TTCCTCT	1546
CGGAAGA	1506
TTTTCCC	1474
AATCTCT	1448
ATTGCTG	1378
GGAAAAC	1368
GTTCATG	1356
AAACCAA	1348
AACCATA	1320
AAAAAGA	1282
CTTCTTT	1272
AATGCTT	1272
AACCAAC	1258
AGAAGCA	1244
TCTGGTG	1230
GGCCAAT	1222
AAAGAGA	1220
AAGAGAT	1220
TTCCATG	1216
TATGGTG	1204
TTCCTTT	1200
TTTTTGA	1194
AGAAAAC	1180
AGATTGC	1170
TACAGTA	1162
CTTGCTG	1158
CCCTTTT	1146
TTTCTGA	1138
AAAATGA	1134
TATTGCT	1132
AGACCGT	1118
GGTATTG	1116
ATTGCAT	1104
TATCCTT	1104
AAAAGAG	1088
AGAAATA	1088
CAATATC	1084
AAACATA	1078
CTCCTTT	1078
AAGAACG	1070
CTTCTGC	1068
TTTATCA	1066
AACCTGA	1064
AAACGGC	1048
AAAATTA	1038
CAATAGC	1026
TATGGTT	1022
TAACCCT	1020
TCCCTTC	1016
CGGAAAA	1014
AAAAATT	1014
CTAAAGG	1012
AATTCGT	1006
AAAAAGT	998
AACCGTC	988
AAGCATT	974
TGGAGGC	970
CCCTCTT	968
GAAAACA	946
AAAAAGC	938
ACATAAA	924
TAACCGT	914
CAATCTT	912
CAACAGC	910
GTTGACG	908
TCTCCTT	906
AAAACAT	902
ATACGAA	900
AAATGCT	898
ATATAAC	896
AAAAATG	890
CAGCTTG	886
AATGTTT	878
AGCCTTG	876
GTTAACA	874
CGTTCTG	874
GAAAAAT	874
AAATTAG	868
GGGAGGG	866
AAAATGT	862
TCTCCTC	862
CGCATAA	852
AAATCTG	852
AAGTTGC	850
ATACGAT	850
TTGGTTT	850
GGGGAAG	848
GCAGTAG	848
TAAGCGT	846
GGTACAT	842
GTTCTGG	836
TTTGAAT	836
AAACATT	836
AGAAAGA	832
AAATAAC	832
CAATACC	828
AACCCTG	828
TTTCCCC	826
TAATAAC	826
TTTACCG	822
AAGAGCT	820
AAAGAAA	820
TTTAAAA	818
ATTTAAC	818
CAGGGTT	816
TTGGAGG	812
AAGACGG	808
TACCAGC	808
TATTGAC	796
TATGTTT	796
AAAGGAT	792
TTTTGAC	792
TTTGGTC	788
CGTTCTT	786
AGAAGTG	784
TACCATG	778
AATGAAG	770
AGAATCA	770
AGTAGCG	768
AAATTTA	766
TGTACGT	764
AGGTCAT	762
AAATAAT	762
AGAAACA	760
AAAATAC	760
GAGCGTA	758
AACCTGC	758
AAAACCA	754
TAATAAG	752
CTTCCTC	752
AGAACGT	750
GTTGGTT	750
TTATCAA	750
AAGATTG	744
AATGCAA	740
TTAGCAT	738
GCAGCAA	738
AACTTCT	738
AGGCCAC	736
ACATTAT	734
ATTGCTT	732
GTGGCCT	732
ATACTGT	730
AAGCAGA	730
TTTTACC	730
TACCGCT	730
GTTGAGT	728
GAGATTA	728
CTTGTTG	726
CTCCTCT	724
GGTAAAG	718
TATTTCT	712
AAAGCTG	710
TGGCTTG	710
AGCGGCA	706
CCATAAG	704
TTTTGTT	702
TTTCCTG	694
GTATTTT	694
AATGCCA	690
AAAATGC	690
AAGAAAA	688
TATGGCT	688
TTTAGCA	688
CTTCTCT	688
TTATGTT	686
TTATTAA	686
TTATCAG	684
ATTTCTA	684
AAACCAT	684
GAGCGTC	680
AAATGAG	680
TAATGTT	678
ATACTGA	678
GTATGGT	676
GAACTGC	676
AGAAGTT	676
AGAAGGA	674
TTTTCTG	674
AAAACTG	672
CCATGAA	670
GGTATAA	668
CCGACTG	668
AAGAGTA	668
AATTTTT	668
TTTTCGT	666
GAGAAAG	666
ATTGTTG	664
TTTATGT	664
AAAGTAA	662
CAACATA	662
TTTCTCC	660
AATGTCA	658
CAATGCT	656
TTTTCTT	656
ATTTTAA	656
GTCCGGT	654
CAACAGA	654
TTCCTGA	650
CAACCAG	650
GGCCGTC	648
TTACATG	648
TATTAAT	648
TTTAACC	648
GTACCCG	648
ATTGGTG	648
GAGATTG	646
TTAGAGC	646
AAATATC	644
AATCTGC	640
TATTTTG	640
AATGAGA	638
AAGCAGC	638
AGATATT	638
CAGCTTT	636
AAGAAAT	634
GGAAACC	634
GGATGAA	634
ATTTCCT	632
ACATCAT	632
TATTAAG	630
TAATCGT	630
CCATGAT	630
ATAGTCA	630
AATTAAA	630
AAGCGGC	630
AAACAGG	626
GAGAAGA	626
CAATGAC	624
ATACGCT	622
ATACTCA	622
TATTGGT	622
TCCGGAT	622
CGTTGAC	622
AAGCAAT	618
ACATTTT	618
AAAATAG	616
TATGCGC	616
TTTTATG	616
AGTTTGA	614
GAATATC	614
TCTGCCG	614
CCATAAA	608
TTTAGCC	606
TTTACCT	606
ACTCCGT	606
CCTCTTT	606
TAATCTC	604
GTAGCGT	604
AAGTAAA	604
CAACCTG	604
AAATCAC	602
TAATCCA	602
AAACGTG	602
TAATGTC	602
TTTTAAA	600
AAAACGT	600
TTTTCCG	598
AAACTGG	596
TTAGGGT	594
AGGAGAA	594
AAGCAGG	594
GAAAGGT	592
GTTATAT	592
GAAAGAC	590
TTTGGAG	590
TTTGGAT	588
GTAAAAA	588
TTATTAT	586
AAGATAA	586
ATTTTGC	586
TACCTTG	586
AAATGCA	584
AAAGTTT	584
ATTGGAT	582
GTTGACA	582
GTGGCAT	582
TCTGTTG	580
TTCGTGA	580
AGCGTTA	578
TTTATTG	576
ATTTTTC	576
AACCAGA	576
TTACTGA	576
TATTCAA	576
ATAGCAG	574
AAAATTT	574
AAATTGT	570
GGTCGTC	570
GAAATCA	570
TTCGGTG	568
TAACACT	568
AGATGGA	568
GAAACAA	568
GTTGGAT	568
CCATAAT	568
AGATATG	566
AAAGTTA	566
AAATAGT	566
TTATTGC	566
ATTTCTT	566
TTAGCCA	564
AACCAAA	562
AAAGGAC	562
AGCGGTA	562
TTTGTTA	562
CCACCAT	560
TTATTTC	560
GGATATT	560
AAAAAAG	560
AATTTAG	558
TAGAGGC	556
TAGATAT	556
ATTGTTC	554
TTTAGTA	554
GGAACAA	554
TATTATG	554
GTAAAGG	554
ATTTAAT	552
GGCCTGT	552
AAATTTT	552
ATATCTG	552
TTTCTTT	550
TGGCGCC	550
GTCTAAT	550
ATGCCAC	550
GTCCGCA	550
TAAGAGG	550
TTTCATG	546
AGAAGCT	544
TTCGTAT	544
AAGTCAA	544
GCAGGAA	542
TTGATGC	542
TCGTGAT	542
CTAATTT	542
TATCAGC	542
AAAGAGC	542
TTTGAGC	540
GGACCAT	540
TTCCTGC	538
AGTGTTA	538
GTTATAA	538
GTGATAT	538
AGATTTG	538
TTTTGAT	538
TTTCTGG	536
AAATACG	536
TATTAAA	534
GTTAAAT	534
CAATCCG	534
GAGCGCC	532
AGAAATT	530
CACCATT	530
ATGCCCA	528
TAGCACC	528
AAAGTCA	528
AGGAACA	528
AAAAGCG	528
AATGAGC	526
GAGATGC	526
TTTTTAC	526
GAAATAA	524
ATTTAGC	524
AGAAATG	524
GTTGATG	524
TTTTTGC	522
CTAAAAA	520
AAAGACG	520
TTAGACA	520
AACCGAA	520
TTATCTT	518
AAAGCGG	518
ATACCAT	516
AAAAGTC	516
CTTGGAA	516
AAAGGTC	516
ACTAAAA	514
GGCAAAA	514
TGGACTT	514
AAGAGCA	514
CGTTTAT	514
GTGCTGG	512
TATTCGT	510
TTTATGG	510
CACCATC	510
TACACGC	510
AAATGCC	506
TAAGGAT	506
AAGCACA	506
AATGTCT	506
GCAGGTT	504
AACCACC	504
TTTTTAT	504
ATTTGAG	504
ATTTTTA	502
TTTTATC	502
ATATCCT	502
AAAAACC	498
AATCCAC	498
AAAATAT	498
GTATGCC	498
AAGCAAC	496
AGGAAAG	496
TTTTTGT	496
CGGCGTA	496
ACATACA	496
AAAACAG	494
AAATTAT	494
AGCCTCA	494
GAACGGA	494
TAACAAA	494
CAATCTC	492
TTTACCA	492
TCTGCTT	492
TTTGCGT	492
TAATACC	490
TTTAATA	490
GGTAAAA	490
TGTAGGA	490
GGAACCG	488
GGGAGAG	488
AAGAAGT	486
CAGGAAA	486
GGGATGA	486
CCGAGAT	486
TGGCGCT	484
GAATCAC	484
AGAACGA	484
CAACCAA	484
GGAAGCC	484
GTCCTGC	484
TTGGATT	482
GTTAATG	480
ACATTAG	480
CAACCAC	480
CTAAAGC	480
CGTTTCT	478
AATTATG	478
ACATCAC	478
AAACATC	476
TTGCTAC	476
GGATCAT	476
ACTATTT	474
AAATGGT	474
GAACCAT	474
GAGATGG	474
AGAAAAT	474
TGGATTA	474
AGAAGAC	474
CCCGGCG	472
TTTATGC	472
CGTTTTG	472
CCCAATG	472
GTTAAGG	472
TGTCTAA	472
ATATTGG	470
TGGATTG	470
AAAAGTT	470
TAATTTT	470
TTTTGCC	468
GAGCAGT	468
AAGTCTG	468
GCAGATT	468
TTTCCGT	468
GGTAGAT	468
GGCAGAA	464
GGCAATG	464
AGCGTCC	464
AAATTTC	462
GTAGCTT	462
GAAAATG	462
ATATTAA	462
AGTTTTG	462
GAGAGCG	462
AGTATTT	462
GTATCCA	460
CTTCTTG	460
AAGATGA	460
AAGTAAG	460
AGAAACG	460
TATCCAT	460
AACTTGA	460
CAACAGG	458
AAGAGCC	458
GTGGATG	458
TTCCCCT	458
CTTGCTA	458
GGATTAT	458
TTATTAC	456
GTTGACC	456
ATATCTA	456
GAAACAT	456
TATCAAC	456
ATACCGC	456
TTTTCAT	456
GTTCAGT	454
TGGAGAC	454
GAAAGAG	454
AAATGTC	454
CTTCTCG	454
TGGATGA	452
TTGCTTA	452
TTTGTCT	452
ATAGCAA	452
TAATGCT	450
ATTTTCT	450
TTTCTTC	450
TAGCGTT	448
CCGATGC	448
AGAACGC	448
GTTCAGC	448
TTTTATT	448
ATATCAC	448
AAAAATA	448
AAACTCA	446
CGGCGTT	446
AGGAGTG	446
TTATGTC	446
TATTTTA	446
TTCGGTT	446
TTATCCT	444
AAATGAC	444
TATGATG	444
TAATCAG	442
AAAGCGA	442
GAACAAG	442
ATAGCAC	442
AGGATAC	440
ACATTCA	440
ATACAAA	440
CTTGCGT	440
TATTTAG	440
TATCACG	438
ACATAGA	438
CACTGAC	438
TCCCTCC	438
TTTGGCG	438
CCATTAA	438
TTAGGGA	436
CTCCTTC	436
AAAACGA	436
AAATGAA	436
ATATCAA	436
TTTAAGC	436
AAGTGGC	434
TAACTTC	434
AAACAAA	434
TTTGAGA	434
GGGTACG	434
CAGGAAC	434
GTCCCTA	434
GTGCTAT	434
GAATGCA	434
AGGTAAA	434
TTTAAGA	432
GTGGATT	432
AGCGGCT	432
TTTCACG	432
AAAAGCC	432
ATTTATG	432
AAAGCTA	430
AAAGCCG	430
AAATACT	430
ATTTTTG	430
TAGAGCC	430
GAACAAT	430
AGAAGTC	428
AACCAGT	428
AGCGCCA	428
AAAACCT	428
TTGGTCG	428
AACCGGA	428
TTACCAA	428
GGCCACG	426
CAATCTG	424
AAAGGTG	424
TTTGAGT	424
TGACAGA	424
GTAAACA	422
GGCAGAT	422
TGGCGGC	422
TACCGTC	420
AAGTTGG	420
AAACTTT	420
TTCCATA	420
GGAAAGG	420
TTACTAA	420
AAAGCCT	418
AGGAAGC	418
AGTAGAG	418
ATTTAGT	418
GTATTTA	418
ATTTCTG	418
AATTTAT	416
TTTTTTA	416
GTCCCCT	416
TCCCAAG	414
ATATTGA	414
TTGCTTG	414
TTATCAC	414
GAAATTT	414
GTCTTCT	412
GAATGTT	412
AGCCGTT	412
AAATCAA	412
TTGCGTG	412
CGTTGCG	410
AGAATGT	410
TTACCGC	410
GGATTTG	410
GAGATTC	410
TATTGCC	410
ATACCAA	408
CTAACCC	408
CTAATGT	408
TAAGAGC	408
CAACCAT	408
AATGGTG	406
CCATGCC	406
AGTGGCT	406
TTCCTCC	406
GAAATAT	406
AGACCCA	404
TTATAAC	402
TTCGCTT	402
AAACACT	402
TTGAGTT	402
AAGCGCA	402
TATGTTG	400
CAATTCA	400
CTTGGGA	400
GTTGGCT	400
TAAGAAC	400
GAAATGC	400
AAAAGCA	398
CGGATTT	398
AGATAAT	398
AAAGCAC	398
GAAAACG	398
TTTGTTT	398
AAACGCA	398
AATGTGA	398
AAAGGTA	396
CGGCCAT	396
AAGAAGC	396
AAAAGTA	396
GCCCGGC	396
AGAAGGG	396
CGTTGAG	394
ATAGGTC	394
TTTCTCG	394
CTTGCGC	394
TTATTTG	394
GAGCCGC	394
CTTGGTC	394
AGTAGGC	394
AAACCTG	394
AACTCAA	392
TTATACC	392
CCACATA	392
ATACCAG	392
TATTTAA	392
AAGTGAG	392
CTCCCTT	392
TTTATCC	392
AGATGCC	390
TTGCCCG	390
AGAAACC	390
TATCAAG	390
TACCCTC	388
TATCAGA	388
ATGCGCC	388
ATATGAG	388
GAATGAG	386
CTTCCCA	384
TTACCAT	384
AGATTAT	384
CTAAAGA	384
TTCCCTT	384
GAGAAGT	384
AAACGCG	382
GAATAAG	382
ATTTTGT	382
AAAAACG	382
GGCCATT	382
CCTCTTA	382
TAAGTTG	380
TTACCAG	380
GGTCGCC	380
AAATCGA	380
AAGTTAC	380
CCATTCA	380
AGATCGT	378
ATATTTC	378
TTTTTCA	378
GTAGTTG	378
GGGGCGG	378
AAGACGA	378
TAACCGG	378
AGAATCT	378
TATGTGG	376
AGACGGT	376
TTGGGAG	376
CACTCCT	376
TTATAGA	376
CTTGGCT	374
GAGTGGT	374
GCACCAA	374
TATTGGC	372
AGCGTAT	372
GAGAAAT	372
ACATAAT	372
AATTTAA	372
TTTAATT	372
TTTGGTT	370
CGGAACA	370
ATTTTGA	370
CTTGCGA	370
GGAAACA	370
TTTTCCT	370
AATGATT	370
AGGTTAT	368
TTATGAC	368
AAGTTAA	368
TATTCGC	368
TAATCAC	366
CGTTCAA	366
GAAAACC	366
AGCCGCT	366
AATTTCT	366
CTTCTGA	366
AGGATAA	366
TTCCCTC	366
AGGATAT	366
CTAAATT	366
CACCAAA	366
AGATTCT	364
AAGCGCC	364
TATTACC	364
AATGACG	364
CTAATGA	364
TCTGCGT	364
TCTCATT	364
TCGTTCT	364
TAACTTT	364
TCTCAAA	364
GTGCTGA	362
CCATACC	362
TATCAGG	362
AAGCCAA	362
CGTTCAG	362
TTTCGTA	362
TTTGACT	362
TACCAAT	362
CGGCGTC	362
AGGCCGT	360
TAAGCAT	360
TAGTCAC	360
CGGATTG	358
AAATCAT	358
TTTGATT	358
TAAGCGG	358
AAGAAGG	358
GAGTCAA	358
GTATAAT	358
TGTCTAC	358
ATAGTGC	356
TAACAGA	356
GTATTAA	356
TTTCTAT	356
GAACACG	356
GTAATAA	356
ATTGTAG	354
TTGGATG	354
GCAGTTC	354
ATAGCCA	354
AGGATGT	354
TTTACTT	354
TAGAGTC	354
TAGTCAT	354
CAATAGT	352
TTCGGCG	352
CCCTTCT	352
TTGCCGC	352
AGGTTTA	352
AGAAGCC	352
TAGTGTT	352
TTTGACG	350
GCACTTG	350
AGTTCGC	350
TTTGATG	350
AAGAGGG	350
AGAACCA	350
GAGAATC	348
ACATTGT	348
CTAAAAT	348
TCTGTTA	348
GGTCTGG	348
AGGTACT	348
TGTCGCT	348
AACCACA	348
TGGCCGT	348
ATAGTTG	348
TAGCCAC	348
GTAGAGG	348
GAGTAAC	348
TTTTGTG	346
GAGCACG	346
AGTGGTA	346
GAGTTTA	346
AAGCCGC	346
TGTCGTC	346
GTGATGT	346
CAATCAT	344
TACCAGT	344
TACCCGA	344
TTACTTT	344
ATTGCCC	344
AAGTTTG	344
TCTCATC	342
TTATATT	342
TCTGCTC	342
AGCCTTA	342
TTTTTCG	342
TCGTCTT	342
AGTATCC	342
AACTTCG	342
TACCTTT	342
GGGTTGC	342
TTGGTTG	342
AAGCGAA	340
AGATACA	340
TATGGCG	340
TTATCAT	340
CAATAAA	340
GAGCATC	340
GGTGATT	340
ATTTCAC	340
TATCACC	340
ATACATA	340
CTTCTGG	340
GTGCTCG	340
TTAGCCT	340
GGAAATG	340
GGTCGGC	338
CTACCTG	338
GCGAGTG	338
GTTCTCT	338
TATGGTA	338
GAAAAGA	338
GGATGAG	338
GGACGCT	338
CGCCGCC	338
TTTGTAT	338
TTTGCCG	336
TTATTGG	336
TCTGGTT	336
AGTACCT	336
CGTCCTG	336
AACCTGT	336
TTGCGTT	334
AGAACGG	334
TTAGACG	334
GTTCGCT	334
AATTAGC	334
TTTAGCG	334
TTTTGAG	334
AAAGTGC	332
CGGAAAC	332
GTTCATC	332
ATTGGTC	332
CGTCCCC	332
TTTAGTC	332
AAACTAT	330
GGGTAAT	330
TAGGAGC	330
TAAGGTA	330
AGAATGG	330
AGCGTGA	330
GAGCAGA	330
GCCCCGA	330
AGATTGA	330
CAACATC	330
TTTAACT	330
ATTCTTT	330
CTTCCCC	330
AAATAGC	330
TTGCGGC	328
AGTTGCC	328
GTGAAAA	328
GTCTACA	328
TGGACTG	328
GAACAGC	328
TTTTTAG	326
AGTTCCA	326
GTGATGA	326
CAGGGCG	326
CGTCCCT	326
CAATATG	326
CCCCTTC	326
AGGAAGT	326
TATCAGT	326
AATTCAG	324
TGGCGTC	324
CAACATT	324
ATTGTGC	324
ACCCATG	324
GGCAGAC	324
CGTTCGT	324
TATTCCA	324
TAAGTGG	324
TCCCCTT	322
AAAATAA	322
GCGCCAA	322
ATATTTT	322
TTTCTCA	322
GTATAAG	322
TAGGAAG	322
GTAGCAA	322
ACATCCT	322
TAGTAAT	322
CTAAATA	322
TTGCTAT	320
CGGAGTA	320
AGGAATT	320
AGCGTCA	320
CCGACGA	320
AAAGCAG	320
AGGAAAT	318
GGTGCTA	318
GGCCATA	318
AGTATTG	316
AGTTCAT	316
CGTTGCA	316
TGGCGGT	316
CTCCTAA	316
TCGCCAT	316
CAATCCC	316
CAGCCAT	316
GTTATAG	316
GTGGTTG	314
AGGCGGT	314
GAAAATA	314
GAAAAAG	314
TGGGTTA	314
AGACGAA	314
TCCGGTT	314
TTGGTGC	314
TTTTAGT	314
TATGTCC	314
GTTGCGT	314
AGACCAA	312
ACTAAAG	312
AGATGCA	312
GAAATGA	312
TTTTGGG	312
AGGAAAC	310
GAGAAGC	310
TATTTTT	310
TTAGCGT	310
GCGAGAA	310
TCTGGCG	310
CGCCGAC	310
AAAGGAA	310
GTCCATC	310
GTTCACC	310
TGGCGTG	308
TTTGACA	308
AAGTCCA	308
AAGAAGA	308
GAGCGTG	308
AATTATA	308
GGGAAGG	306
GAATGCC	306
AACCATG	306
GGAAAGA	306
TTGCGTC	306
ACATAGT	306
GGAAAAT	306
CCATTGC	306
AAAGCGC	306
ACACAGT	304
TCTCCCT	304
AGGTTTC	304
CAGCCAC	304
TATGGAC	304
AAAACGG	304
AGAATGA	304
GAAACAC	304
TAATCAT	304
AATGGAG	302
TTACTTG	302
GTTATGG	302
AAACGAA	302
GGTGGCG	300
AATCCCC	300
GCGCCAG	300
CGTCCTT	300
AAGAATG	300
AATTCAT	300
CTTCTCA	300
GTGATAA	300
TTCGGCC	300
CAGGCAT	300
AGATTGG	300
AAACTTC	300
AAGCGGT	300
ATATGGA	300
TCTCTAA	300
GAATTAA	298
AGGAGTC	298
TTTGTTC	298
AGGACTG	298
AGCCTGC	298
GGTGATA	298
ATATGGC	298
AGCGCCT	296
AGATTTA	296
TCCGTGC	296
AGGATGA	296
GTTGAGG	296
TAAGGCC	296
GTCTATT	296
GTCTCAT	296
CAGGAGA	296
GTTAACG	296
TTTAGCT	296
AATCTGA	296
AACTATT	294
TTATAGG	294
CGTTTTT	294
CAGCTTC	294
AATTTCA	294
GGTGATG	294
GGATTGG	294
TGGCTTC	294
GGGCGTT	294
CACTGTT	292
TCCGCTT	292
AAGCATC	292
AATCCTG	292
GAAAGGA	292
GCACAGA	292
GTAACAG	292
TCTCAAT	292
AAAGAAT	292
GGTGGTC	292
GTCTTCA	290
AACCGCA	290
CCATACA	290
AAGATTT	290
TAACCAT	290
AGAAAAA	290
GTTCTGC	290
CCATATA	290
CAATAAT	290
GGATTGC	288
GGCCCCT	288
CTTCTTC	288
GAAAGTG	288
CCACAAG	288
AAAAAAA	288
TTTAGAC	288
ATTTTAT	288
GTTGTTA	288
GGATTAC	286
GAATATT	286
AAGAACC	286
CCCCAAT	286
TTGGAAT	286
AGGTCTG	286
AGCGGCG	286
AATGGAA	286
TTTCCTT	286
TTCGGGA	286
AGAAGGC	284
CTTGGAG	284
TACATCG	284
GGCAACA	284
AATGCTA	284
TTGGTGG	282
AGGTATA	282
GAAATCG	282
CGGACTG	282
AAGAGGT	282
GGTATTA	282
TACAATG	280
TGGGGTA	280
TTTAAAG	280
AACTCAC	280
CACCATA	280
AGGCGGA	280
CAATAGA	280
AAGAAAG	280
GTCTGTT	280
AAAGCAT	280
ATATCAG	280
ATATTGC	280
TTTCGTC	280
AACCAAG	280
TGTAGGC	280
CTTCTGT	280
AATTTTA	278
GGTGGTT	278
AACCAAT	278
TCGCCAG	278
AGTGTTT	278
AATGTTC	278
TAAGTGA	278
AAGAGAA	278
CGCCGTT	278
TCCCTCA	278
AAACGGT	278
GGATAAA	278
AGAAGAA	278
CGTTGGC	276
CTCCTAG	276
TTTATAG	276
TTATGAT	276
TAAGCAA	276
AAGTTAG	276
TATTTTC	276
TATTTCC	276
AACTTAA	276
GAACAAA	276
TGGATAC	276
GGATTGT	274
AGCGGTC	274
AGGTAGC	274
AAACTCC	274
GGTACGG	274
GTAAAAC	274
TATTCAG	274
TTGAGTC	274
TCCCAAT	274
ACATACG	274
TGTCTCC	274
TCCCCAA	272
CGCCCTG	272
AGGACGC	272
TTAGTCG	272
ATACCAC	272
GGACACT	272
TTCGCCA	272
TACCGCG	272
AATGGAT	272
TGGCGGA	272
AGGCGCT	272
TTACAGT	272
GTTGATA	272
AACTTAT	272
ATTTCCA	270
CCCTCCC	270
ATAGTGT	270
GTATCCT	270
TTACTCA	270
ACACCAG	270
GTTGCTT	270
CGTTTTC	270
ATGCGCG	270
TATTGAG	270
AAAGCAA	270
CACCAAC	270
ATATTAG	270
AATGCGA	268
AACTTTA	268
AAAGCGT	268
TAGTCGC	268
CAGGAAT	268
AATGACA	268
TTTAGGT	268
TAATAGA	268
GCAGTCG	268
GGATGGT	266
TGTCCCT	266
CACCATG	266
CCATGCT	266
CCATATC	266
AGATGCT	266
CACCAAG	266
AGACCAC	264
GTCTCCA	264
GTGGCTG	264
AGATGGC	264
GTTGCTG	264
AAGCACC	264
CCATCCT	262
TAGGGAT	262
TCTCCAG	262
AATTATC	262
CGGAACC	262
CGGATAT	262
GTAGAGT	262
GCCCATC	262
GGTGCTG	262
GGAAGGA	262
TTTTAAT	262
CCTCTTC	262
AATTGGC	262
CAGCCTG	260
TTGCCGA	260
AGGTTTT	260
TTGGACT	260
TCCGTTC	260
GCACCAG	260
TATTAGA	260
TATGCCC	260
ATTGTTA	258
CAATCAG	258
TTTTTGG	258
GCAGCGA	258
GCGCAAG	258
TAAGACG	258
TAGTTTT	258
AAGCGCG	258
AAGTCAG	258
AAAATCG	258
TACATAT	258
TCCCTAG	258
TTCCATC	258
CAATACT	256
AGCCGCA	256
TTTCCGC	256
TTTGGGG	256
ATTTAGG	256
TGTCTTT	256
GCAGTCC	256
CTTCTCC	256
GGGTTAG	256
CAGGCCA	256
TGTGGCC	256
AGGTACG	256
GTTGGCG	254
AGATTAG	254
AAGATGG	254
TGTCCGC	254
AGGACGT	254
TAACCAG	254
TAACAGT	254
GGCCTAA	254
ATTGCTA	254
AGGAGCT	254
CGCATCA	254
AATTTAC	254
TTTGCTA	254
TTTGTAG	254
GTAGGAA	254
TAATTAC	252
CAATGAA	252
TAACACC	252
AAACGTC	252
AACTCCT	252
CTACCAG	250
AAAACTA	250
CCATGCG	250
GTCCCTC	250
TCTCAGT	250
AAAACGC	250
AAAGACC	250
TTAGCTG	250
GAATTTA	250
TTATATG	250
GGACAAT	250
AAATAAA	250
AGTATAA	250
TATTTGT	250
TAGCATT	250
AGTAGTT	250
AAGTATC	250
ATTGCCG	250
ACTATCT	250
TAACAAT	250
TATCAAT	250
GTAACCC	248
ATTTACG	248
AGAAGGT	248
GGCCTCC	248
GCACTAG	248
TTTGGCC	248
AAAAGAC	248
AAGTACG	248
AAGACTC	248
GTTATGC	248
TAAGGGG	248
CGGCGAT	248
TATCAAA	248
AAAGATT	248
AGCGCAA	248
TGTGGCT	246
ATGCGTG	246
GTCCATA	246
GCCCAGA	246
GTATTCT	246
TTGCCCT	246
TGTCTCA	246
AAATATA	246
TTATACT	246
TTAGTAG	246
GGTAATA	246
TTGCGTA	246
CAATATA	244
AAAGACA	244
TAAGGCT	244
AACTTTT	244
AAAACAC	244
ACTATTC	244
CCGCGGC	244
AAACAAT	244
AAAATGG	244
ATAGCTT	244
GGAAGAG	244
AGAATAC	242
ATTTATC	242
GTATCAG	242
ATATTCG	242
CGCATTG	242
TTAGACC	242
TACCTTC	242
AATTACC	242
TTTCCCA	242
TGGACCT	240
AGTAGAA	240
ACCCATA	240
AGAAAGG	240
AATGCGT	240
TTACCCC	240
TACAGGT	240
AAGACAG	240
AAGACCA	240
CGCCCCG	240
CCCTTCG	240
AAATCTT	240
CCACAAC	240
TAACCAC	240
GTGGTAG	240
CCATAGC	240
ATTTCGT	240
GTGAGAG	238
AGAAGAG	238
AAATTCA	238
AAACGCT	238
ATTTTAC	238
TTGATGG	238
CGCCGTG	238
CAATCCA	238
AAAAACA	238
TTGGAAG	238
TATGTTC	238
CAGCCTT	238
TTACCCT	238
AAACATG	238
ACTAACC	236
TGTCGCA	236
GTAAGAA	236
ACTATCA	236
TAAGAAG	236
AGGAGGA	236
GAATTTT	236
GTAATGT	236
TCTGTCA	236
GCGACGC	236
GTGGCTA	236
ATTTAGA	236
AGTTTAA	236
CTTCTTA	236
ATTCTCA	234
AGAAAAG	234
TTGGGGA	234
AGTAGTG	234
GGGCATA	234
TTCGTCC	234
CTAATCG	234
TAATTAT	234
TACCACA	234
CCATTAG	232
GCAGGAC	232
AAATTAA	232
AACTAAC	232
CAGGACG	232
GTAGGCA	232
TAGCGAA	232
TTAGAGA	230
CGGAGCA	230
AGCGCAT	230
GAATCAA	230
GAATGTC	230
TTAGGAA	230
GGTCTGT	230
AATTAGA	230
TTCCACT	230
CGGCGAC	230
TTTTGCG	230
AAGCGTC	230
CAACAAG	230
CCACACC	230
GCACCTT	230
AATGGTA	230
TTTACGG	230
TTCGCGA	228
GCAGTTT	228
TGGGGGA	228
GGCCTTA	228
AAATCCG	228
TCGCCCT	228
GCGACAG	228
AAACCAC	228
TAATGAT	228
GGGACAT	228
TTACTCG	228
TATCCTC	228
ACTATAG	228
CAACAAC	228
AAACAAC	228
TATGGCC	228
TAACCGA	228
CGTTCTC	228
ATACGAC	226
AACCCAG	226
AAGTCAT	226
TATTGAA	226
CCCCAAA	226
GGAAGTG	226
TTGAGTA	226
TGGGGAT	226
AAAGAGT	226
GCGACCC	226
CGGCGCT	226
ATACCTT	226
GAAATGG	224
AGTTTGT	224
AATTGGT	224
TAGCCAG	224
TTTCGCC	224
TTTATGA	224
GAGTAAA	224
ACACAAA	224
AGCCTCC	224
ATTTGAA	224
GTATGGC	224
TTTCAGG	224
TGTGACT	222
TGGCTCT	222
TATTTGA	222
TTTGGTG	222
AAACCAG	222
TAGGGAC	222
CGTTTAC	222
CTTGTTT	222
AACTTGC	222
TTTCTAC	222
AGGATTG	220
GCGAGCA	220
CCATACT	220
AAGTGTC	220
GTAGGAT	220
AATTAGG	220
AGATAGT	220
AACTTAC	220
AACTACT	220
CACCCAT	220
GAATTGT	220
CACTGAT	220
TATTGTT	220
GTAAAGC	220
AAAGTCT	220
AATCCCA	220
TTTTGGA	220
GTTGCCA	220
CGCCGGA	220
TCCCCCA	218
AGGACTT	218
CCACCGC	218
AAAAACT	218
TACCAAG	218
AGCGTTT	218
CGGACAC	218
TTAGATA	218
GAATTAC	218
TTTCCGA	218
ACCCCAA	218
GGCACAG	218
GAGTCAT	218
TATGAAA	218
TAATCTT	218
AGTACGC	218
ATACTTG	218
AATGGCC	218
AATGCAG	218
CGCCGAG	218
CCCAAGA	218
CAGCTTA	216
GTGAAAT	216
TACCTCC	216
CAATGGA	216
TCTGCTG	216
TACCACT	216
CGGCGGC	216
CAATCCT	216
AACTATC	216
TACCCCA	216
CTACCAC	214
TAGCATA	214
AAGCAGT	214
TTTAGGG	214
ACATCTG	214
TTAGAAA	214
GAATCAT	214
TATGGGT	214
TTACCGT	214
TTCCCCG	214
TATCTAT	214
AGCGTGG	214
TAACATC	214
AACTCAT	214
CGGAGTG	214
GCACTTC	214
CCTCTCC	214
CCATCCA	214
CCATTAT	214
TACAAAA	214
ATAGTTT	214
CAATTTA	214
TTCGTTC	214
TAGAGAA	212
AATCTGT	212
ATTTTCC	212
TATGCGG	212
CTCCCCC	212
GGACATA	212
GAGAACG	212
TGGAGGT	212
TAACAAC	212
CGGCGTG	212
AGCCTGA	212
AGTTTAT	212
CACCAAT	212
TAGACGT	210
GAATGGA	210
CCATACG	210
ACACCAT	210
TTCGGGG	210
AGTGTCC	210
TACCGCC	210
TAAGTAC	210
GTTGGGG	210
AAAAGAA	210
AGGCGCA	210
GTATCTG	210
TTGGAAC	210
GTATATG	210
AAGAGCG	208
TATTAGT	208
TCCGCAT	208
AACCCCT	208
TATTATA	208
TAGCCAT	208
AGTTTGG	208
ATACCCT	208
CTAATAT	208
GAACGAG	208
TGTAGCC	208
CCACCAG	208
AACTTTG	208
AATGTGC	208
CCTCTGC	208
GTAACTT	208
AAGAGAG	208
TAGAGAT	208
TTAGGTG	208
GGGGATT	208
GGGGGAG	208
GAGACAA	208
GAAAAAA	206
AAGTGGA	206
GAATTAT	206
TAATGCC	206
TTTAGTG	206
TTTCGTG	206
GGCCACA	206
AATGAAT	206
GTCTGCC	206
AGACCAG	206
GAAAACT	206
GGAAACG	206
CTTGTGG	206
AGTAGTA	204
GGTCGTA	204
AGGACGG	204
GTCTATA	204
GTAGAAG	204
GTAGTCG	204
GGGTCGC	204
GCGCAGG	204
AGTTGGG	204
AACCACT	204
ATAGTGG	204
TTAGTTC	204
TTAGTGA	204
AAAAAAT	204
TGTGACC	202
TGTAAGT	202
AGACGGC	202
GTAAATT	202
AAATGTT	202
GTAAAGT	202
CCATAAC	202
TTCCTTG	202
TGTGTGA	202
CCCCTTT	202
AAGTTTA	202
GAGAGGA	200
CTTGGTG	200
TTGGGGT	200
AAGTAAT	200
AACCTCT	200
TACCCTT	200
GAGTTCG	200
TGTAGAC	200
TAATAAT	200
CACTCGC	200
TTTTTCT	200
GAGCGCA	200
GGTATAT	200
CCCAAAA	200
TGTGTGC	200
AGCGTGC	200
CTTGGTT	198
GAGTTTG	198
TCTGTCT	198
AAATTAC	198
GTAACAA	198
GAATGAA	198
GAATGGC	198
AAGTCGT	198
ATTTCGA	198
GGGGTAA	198
ACTATGT	198
TAACCCA	198
TCTCTCT	196
GGTCTAT	196
TTAGAGG	196
TTCCATT	196
AATTTGC	196
TAGGAAC	196
GGGATTT	196
TAGTAGC	196
ATGCGCT	196
CAGGCAC	196
AAACGCC	196
AAGCGAT	196
GCAGACC	196
GCCCGTG	196
AAATCCA	196
CACTCAA	196
ATATGCT	196
CTTGCGG	196
CTTGCTT	196
GGGAAAA	194
CAGCCAG	194
CGTTGCT	194
AGGCGTG	194
TTAGCGG	194
AACCAGC	194
TTTTCGA	194
AATGGGA	194
ACATATC	194
GTGAATC	192
GAGTGTT	192
TCCGGTG	192
CCACCAA	192
AGTGCTT	192
TCTCCGT	192
GGATTTT	192
TTACTAC	192
ATTTTAG	192
TACATAC	192
AGCCCCT	190
GAGCTAA	190
GTAACGC	190
ATACGCC	190
AAACAAG	190
AGACGAC	190
ACATACC	190
TTGATGA	190
ACTAAAT	190
TCTCTTG	190
GTTCAGA	190
GTTGGAC	190
CGTTTTA	190
GAACGAA	190
GTTAGTT	190
TTAGCTC	190
AGGCGTT	190
TGGATAA	190
GGTAATT	190
AGTTCGA	190
GGGCGGT	190
TTCGGCA	190
AAATGAT	190
GAAATTG	190
AGTGGAC	188
AAAAAAC	188
AGTTGCT	188
TTGATTT	188
AACCTTG	188
ATACAAT	188
GAACAAC	188
GTTATCC	188
CAGGATT	188
AATGGTT	188
GGTGTGG	188
ACATTAA	188
GGTACGC	188
GTATTGC	188
AATGTTG	188
TACCATC	188
GCACATT	188
GTAGCGG	188
GCAGGAG	188
GTGGTAT	188
CAATGCG	188
TAATTGT	188
GTAGACA	188
GTGGTCT	186
AAGAAAC	186
GTTAATC	186
CAGGGGC	186
CTAACTT	186
TGGGTGA	186
GTTAGAC	186
AAGCCCC	186
TTCGCGT	186
TACATCA	186
AAACTGC	186
GGGTGAT	186
TAATGAG	186
GAACGGC	186
TATGACG	186
TCCGTTG	186
ATTGGTT	186
AGGATGG	186
ACTAATA	184
TGGAGTA	184
AGACGCA	184
CAGGAGG	184
GCACCGC	184
ACTATGA	184
AACCCTA	184
TTGATTA	184
TAACTTG	184
AACCTAC	184
AAACGTT	184
AAGTCCT	184
TGTATCC	184
ATTCTCT	184
ATACCTG	184
GCACTTT	184
CGCCGCG	184
TATGAGT	184
TTTGGTA	184
AAAATTG	184
AACCATT	184
CTACCAT	184
TATTCTG	184
AATGCTC	184
AGGTGCA	184
GAAACGC	182
TACAAAC	182
TACAATT	182
TATGCCG	182
CGCCGGG	182
AATTCCT	182
CCATTAC	182
TAATATT	182
GAGATGA	182
TTGGGGG	182
TTACTGT	182
AGCCGCC	182
TAGCGCC	182
GAGTAGT	182
TAATATC	182
CTAAATG	182
CAATTTC	182
TAACCGC	182
CTAATGG	182
AAAATCC	182
AAAGTCC	180
AGGTTAG	180
ATTCCTG	180
AGGCGGC	180
TTTAGAG	180
CTTGCCA	180
AGGTAAG	180
AAAGGCG	180
TTAGTGG	180
CAGGCAA	180
TTTTCAC	180
CACTGGT	180
AAGCATA	180
GAGTAGA	180
TGACACT	180
TCTGTGC	180
ATTGTGA	180
AACTAGG	178
CCTCCTG	178
GTATTGT	178
TTGGGAT	178
TCTCTTC	178
ACATCTA	178
CTAATAG	178
GAATGGT	178
ACTAGGG	178
GGAATTA	178
TTGGTCT	178
CCACATC	178
CCCCTGC	178
GGGTTAC	178
CGGAGAG	178
TAATAGG	178
GAGCACA	176
ATTTCTC	176
GAGCCTG	176
ATAGTAA	176
AATTACT	176
GCACAAA	176
AATCTCA	176
CGGCCTG	176
ATACCGT	176
TATCATA	176
TATCTAA	176
GTGAGCC	176
CCACCGG	176
CCGATAT	176
GAGAAAC	176
CGGACTC	176
GGTATCG	176
TGGGTCT	176
CTTGTCA	176
AATTTGT	176
GAGACTC	176
TTCCCGA	174
ATTGTTT	174
TATTGAT	174
TTTCCTA	174
GAGACAG	174
GCAGGCT	174
TTTGATA	174
TAGGAAA	174
GTTAAAG	174
GGTCTAG	174
AAACCTC	174
AAGCGGA	174
AAGCGAG	174
GTTGTCA	174
AAACGTA	174
AATGTCG	174
GGACGAA	172
GAGTGAT	172
GGGATTA	172
GGTCTAA	172
GGTACGT	172
GGGTTAA	172
TTCGCTA	172
GTGCTTG	172
TCGTCCC	172
AAGTAGC	172
ATTGTAT	172
TCCGAGA	172
AGACGGA	172
CAATTAA	172
CAATTGG	172
CAATTGT	172
TAGCGAC	172
TGGGAGG	172
AATGACT	172
TTGGGAA	172
CCCAACT	172
CCGACCC	172
CCTCCCG	172
TAATCAA	172
TTCGCTG	172
ACTCGCG	172
TTTGTGT	172
TGTGGTT	172
CTTCTAC	172
ACACCCT	172
GTTAACT	172
GTTAGGC	172
ACTAACG	172
TTTCTTG	170
CCTCTCT	170
GCCCCTT	170
TTTTTTT	170
GCAGAGT	170
TATGTCT	170
TGGATTT	170
TAGTAAG	170
GGACGAC	170
GTTCGCG	170
CTAAACC	170
GGTAGTG	170
TTTGTCA	170
TTTTACA	170
AATGCTG	170
AAATTTG	170
AGCCTCT	170
TCTCACG	168
AAGTGCC	168
AAATGTG	168
TTGGAAA	168
ATTTTTT	168
TTTGACC	168
AAAGTGT	168
GGGGAGC	168
CCCCAAC	168
GGATGCC	168
TACCTAT	168
CCATTTT	168
CTTGTTC	168
CCATTCT	168
TCTCCCG	168
GAACGCA	168
GGCACTT	168
AAACGAT	168
TGGGAGC	168
AGAAAGC	168
AGTGGTT	168
TTTTACT	168
CGGACGC	168
TATGAAG	168
TATGACC	168
GAGTGGC	168
TAGTGCC	168
TTACTAT	168
GTTGCCG	166
ACTCCGG	166
GCCCCTG	166
CCATGAC	166
ATATACC	166
GAATACG	166
AGTAGAC	166
CCGACTA	166
CAGGGTC	166
TGTGGTA	166
GAGTTGT	166
TTGCGCA	166
GAAAATC	166
GAGAACC	166
GCAGCCG	166
AAGCAAG	166
AATGACC	166
TTTCGCT	166
GCAGCAT	166
TAATCCC	164
TAATATG	164
AAACTCT	164
GGGAAGC	164
AAACCTA	164
GTAATCA	164
TCTGTCC	164
TTGCGCT	164
TGTAGCT	164
TATGAGA	164
TTTCTTA	164
TCGTTTT	164
TGTATCT	164
AAAACTC	164
TGTCTAG	164
AGTGGAA	164
CCGAGCG	164
AATGCCG	164
CTACCCT	164
TGGATGC	162
GAGACTG	162
GCAGACT	162
AGTTGCA	162
TTTAGAT	162
GAACATA	162
CGTCCAT	162
ATATGTA	162
CCGACGT	162
CGGCGCC	162
CGGCGCA	162
GGGAAGT	162
GGGATTG	162
TGTCTGT	162
GGATACT	162
GGAAGGC	162
TGTACGC	162
TTACTTC	162
ATAGGTA	160
AACCATC	160
TAGTGAG	160
TGTAAAA	160
AGCGTAC	160
GAACGCC	160
GAGCCTT	160
GTAAAAT	160
TAAGATT	160
CGGATCG	160
CTTGGTA	160
ATTGTCC	160
TGTGAGC	160
TACAGCT	160
GAGAAAA	160
GTTGCGA	160
GAGTCCG	160
GCGCGCT	158
GGCCTTG	158
TAAGAAA	158
TCTCCGC	158
TCCGTGG	158
GGACGGT	158
GCGAGTC	158
TGACACC	158
AGGTATT	158
GTTGTGG	158
GCACCTG	158
AGGAACC	158
CGTTGGA	158
GCACTAT	156
CTAACCT	156
TCTCACT	156
ACTATTG	156
GAGTGCT	156
AGGAGCA	156
TTATTTT	156
AGGTCTA	156
GCAGGGC	156
TGGCGTA	156
AATTTGA	156
TTAGGAG	156
GCAGCCT	156
GTACACG	156
TTGCCTG	156
GTAATGG	156
TCTGGGC	156
ATTTCAT	156
GTCTACT	156
GAAAAGC	156
CAGCCTC	156
CAGGAGC	154
TTTTCCA	154
ATTGCAG	154
TTTGCGA	154
CCGCGTG	154
GAGAGAT	154
TACAGAC	154
TAGTTTG	154
AGTGGAT	154
AGTGCTG	154
TTACTCT	154
AGCCTTC	154
AGATGGG	154
AGTGTTC	154
ACTCGCA	154
TCCGGCG	154
CCGCGGA	152
CTACGCG	152
TTGCTTC	152
AAATCGC	152
AAATCCC	152
CCTCCCA	152
GCAGATG	152
TTAGTAA	152
TTCGTTT	152
GTATTGA	152
GGAATAG	152
AATTCGA	152
AGTTTTT	152
CAACCCC	152
GAACAGT	152
TTCGTCT	152
GGAAAAG	152
GAGAGTG	152
AAACTAG	152
AAGCACT	152
ATATCCG	152
TATCCTA	150
AGGTCCA	150
GCAGCGT	150
AATCTCG	150
AGTTTTC	150
AAACTGA	150
GTAGAAA	150
AATCCCT	150
TTTCAGA	150
GAGCATG	150
TATGGCA	150
GCACAAT	150
GCACATC	150
GGACAGA	150
TTTACGC	150
TTGGTTC	150
TACAAAG	150
TAAGCCA	150
GGGAAAG	150
AAACACC	150
CAGCTAA	150
GGGGACG	150
TGGAGAA	150
CCGATAC	150
TTTTAGA	150
GTAGTGT	148
TAATTTA	148
TTGAGCT	148
CACTCAT	148
CAGCTCG	148
GTAATCC	148
CACTCCG	148
ACTACCC	148
TTTCTAA	148
TAATGTG	146
TAAGTGC	146
CAACCTC	146
AGTTTTA	146
CCCCCAA	146
GTTAGGA	146
GTGGTTA	146
GAGCCTC	146
GGCAATA	146
TACCTCG	146
TTTGTGC	146
CTTGCCT	146
TTTTGGC	146
GTACAGC	146
GTGGACT	146
TTAGTGC	144
GTAGCCG	144
GGTACAG	144
GAGTAAG	144
GAACGGT	144
ATGCGAC	144
GTGGTTT	144
GGAACAT	144
TCTCTAC	144
AATTTTG	144
CTCCTCA	144
AGGATAG	144
TTTGCCT	144
AGCGTGT	144
CCCCTTA	144
CCCCGTA	144
TTACAGA	144
TTACATC	144
AAAAGAT	144
GGGAGCG	144
TTTTTTG	142
GAAAGAT	142
AATTCAA	142
CAGCCAA	142
TAGTGGT	142
GAATAGC	142
TTTATTT	142
CTAATCT	142
CCGCGCT	142
TTTACTC	142
CGGCCCC	142
TTCGTCA	142
TTTCATC	142
CTTCCCT	142
CACCCTC	140
ATTTTGG	140
TGGCTTA	140
GAACTAA	140
GCAGTGG	140
AGTGGTC	140
TACCATT	140
CTAATCA	140
GTGAAGT	140
TTGAGCG	140
TAGTGCT	140
GGATACG	140
GAACGCG	140
CAACAAT	140
CTTCCTA	140
ACATTAC	140
GTTGGTG	138
GTGCTCC	138
GTGCCTG	138
GTCTAAC	138
GAGCGGT	138
ACACCAA	138
TTGGCCT	138
GTTAGTG	138
GAAAAGT	138
TTTAATG	138
AGTGTCA	138
GTCCACT	138
GTAGAGA	138
AGCCTGT	138
TCCGCGG	138
AAGCCAC	138
TTTGCTG	138
AAAATTC	138
ACATTCT	138
TAGTCGG	138
TGGATGG	138
TTGCCTT	138
GCACACA	138
CGCCGAA	138
CCCAAGC	138
GAGTTTT	138
ACCCAGC	138
CCATTTC	138
TAAGCAC	136
AGTGGAG	136
AGGTTAA	136
TCCCTAA	136
GTTAGCC	136
TTGAGCA	136
GGTCGTG	136
TGTAGGT	136
GGATAAC	136
TACATCT	136
GTGGAGG	136
GTGATGC	136
ATGCCAG	136
GGCACCT	134
GAAACCT	134
TCCGAAA	134
GTGGCAA	134
GGCAATC	134
TTGGATA	134
GAATAGT	134
AGCCCGT	134
GTATTGG	134
TTTCATA	134
GGTCTGC	134
GTTGACT	134
GAGTCAC	134
AGGTGTC	134
GTAGTAA	134
AAAGCTC	132
TTTGTCG	132
TGTGAGG	132
TTGATTC	132
TACCAAA	132
CCGCGTT	132
CCCTCCT	132
TACCTTA	132
GAGCCAT	132
AAGTGTT	132
TCTCATA	132
AAGCGTA	132
AGACCGC	132
AGGTTGC	132
TCCGCCT	130
GTGAGAA	130
AGGTTGT	130
TCGTCGC	130
CCGACCA	130
GCAGGGG	130
GTTGTTG	130
GTGAGTT	130
TAAGTTC	130
GTGGAAT	128
CAGGCCG	128
TTAGTTG	128
GTAGCGC	128
GTGCTTT	128
AGGTGGT	128
CCGATTA	128
TTCGTAA	128
GTTACGC	128
AGGTTGG	128
TCCCATT	128
TAGACGC	128
GAACACT	126
GGCCTCT	126
GAACATT	126
GTGGTCA	126
GTTCTCA	126
TTTTGGT	126
AACCGCC	126
AGACGAG	126
GCGAGGG	126
TTTGGAC	126
AGGTTGA	126
GCAGCCA	126
TCCGACT	126
TAGGAGT	126
AATTTTC	124
GCAGTGC	124
GTGGTCG	124
TCCGTCT	124
GTGAATG	124
ACTAAGT	124
TGGGCGT	124
GTGCTTA	124
ATTTCAA	124
GAACCAG	124
TTTAATC	124
TAGTCAG	124
TTTTTTC	124
TTTTGTA	122
GGTAGAG	122
ATACATC	122
GGTGTTA	122
GAGCATT	122
AGATCCT	122
AGGTGCC	122
GGAACTG	122
GGCCGTT	120
GGATACC	120
GCACTCC	120
GTGGCTT	120
GGCCAAA	120
TTTCTGC	120
GCGACCT	120
CGCCGCT	118
TCTCTGG	118
GGTGTTT	118
GGCACAA	118
TAATTGC	118
TGGCGCA	118
AAAGGCA	118
TCGTGCT	116
TCGTCTA	116
TCGCCGC	116
GCGCGCA	116
GGTAATG	116
TCTCAGG	116
GTTGTTC	114
AGCGTAA	114
AGAAATC	114
CAATTTT	114
TCCCAGC	114
TCTCCAT	114
GGCAGTG	114
GGGTCAA	112
AGGAGTT	112
GTTACGA	112
GGTGCTT	112
GGTAGGT	112
CCGCCGC	110
TAGTACC	110
TCCCCGT	110
GTTGTTT	110
GCGCAGC	110
GAAAGCT	110
GGTAAGA	110
TCTGGTC	108
TTGAGTG	108
AGTGTGA	108
GCAGAGG	108
AGCGCGC	108
TCGCCAC	108
GGTAAGT	108
GGAAGTA	108
CCCTTTC	108
GGGGCCG	108
CTTGCCG	108
GCGCAAC	108
CCCCCCC	108
TAACTCA	108
CGGCCTC	106
TTTTCTC	106
TAGTGTG	106
TTAGTAC	106
GGGCATC	106
CCCCTCA	106
GGGTCTG	106
GAAACGT	104
GTAAGGT	104
GGTGTCA	104
GGGTTAT	104
GGACGGC	104
TAGGGCT	104
TTACTCC	104
TCCCATC	104
AGGTGCT	104
GAAAATT	104
CCGCCCC	102
GGCCGAA	102
GGTATCC	102
CCCCTCC	102
CGGACGT	102
TCGTGCC	102
GAGTCGA	100
CGTTTCC	100
GGAAATA	100
TTCCCCC	100
GGAAAGC	100
GGCAACT	100
ACATTTG	100
GGCAGTC	100
TTTCTGT	100
GCGCGTA	100
GGGGTTG	100
ACTCCAG	98
GTTGCGG	98
CGCCCTC	98
GCACTAA	98
CCCAATT	98
AGGCCAG	98
GTGCCGC	98
AACTAAG	98
GAGTCGC	96
TCTCCCC	96
GAGTGTG	96
TTTCAAC	96
CTCCCCT	96
GGTGTCT	96
CGCACGT	96
AGTTGGA	96
TCCGCCA	96
AGGTCGA	94
AGGTCGC	94
CTCCTCC	94
TCCCTGC	94
GGGTCAG	94
CCCGGTA	94
GTCTCAG	94
TCGTGTT	92
GCGCCAT	92
GTGACTC	92
TTAGGCC	92
TTGGTGT	92
GGTGAGC	90
GGGACGA	90
GAACCGC	90
TCTCCTG	90
GTAGACT	88
TGTAAAC	88
CTTGGCC	88
TTACAAG	88
CGGAGAA	88
GGTCGAA	86
GTACTAA	86
GCGCCGT	86
GGGCCGA	86
GAACTGA	84
GTTGCGC	84
GGGCTAG	84
GGGTCGG	84
CTCCCTC	84
GGTGCCG	84
GCGAGGT	84
GGGCGAG	84
CCCCCTT	84
CGCATCC	82
GAGTGTC	82
TCGTCGG	82
GGGCTTC	82
TTGCTTT	82
GCGCCAC	80
GGCACTA	80
TCTGGCT	80
GCGACGA	78
TGGCCCT	78
GGCACGT	76
GGACGCC	76
GCGAGCG	76
TAGTGGA	76
CCCTTCC	74
GGGTGTC	74
GGGATTC	74
CCTCCTC	72
TAGATCC	72
TTATTCT	72
GTCCGCG	70
TGGACGC	70
TCCGCCG	70
GGGACGG	70
GCGCCGA	68
CCTCCCT	68
GAGCAGG	68
GGCACGA	68
GGTAGTC	66
TATTCTT	66
AAGTCGC	66
TGGCCCC	66
CCCCTCT	66
GCCCATT	66
GGGGCTT	66
GGTAAGC	64
TCCCCCT	64
GGCACAC	62
CGGACGA	62
GGCCCTT	62
TATCCTG	60
GTCCCGC	60
GTGCCCC	60
TCCCTCT	58
TCGTCCG	58
TAGCGTG	58
TCTGGCC	58
TTGCGCC	58
GCGCCGC	56
AGAACTC	56
TCCGGTA	56
TGTCCCG	56
TTGCCCC	54
TCCCCCC	54
AGGACTC	52
TCGCCGA	52
ATACTCT	52
ATTCCTT	52
AGGCGAT	52
TTAGGCT	52
GTCTCGT	50
GGGTTGA	50
GGTAAAC	50
GAAAAGG	50
GGAATCG	50
AGCGCGG	48
TTATACG	48
TAATTTC	46
TCCCCTC	44
GAACTCT	44
TCTCTCC	44
GGCAACG	44
TATGTGC	44
GGACATG	42
TTTCTCT	42
GCAGGGA	42
CCGATGT	42
GTCCCCG	42
TTATTCC	40
GAACCTC	40
GGTACCG	40
CCGAGTG	40
CCCCCTC	40
AGATAAA	40
CCCCGTG	38
GGCCATG	38
TTCGTGC	38
GGGAAGA	38
GCGCGGT	38
TCGCCCG	38
TTTCAAT	38
AACCTCG	38
CCCGGAA	36
TTTTTCC	36
TTGGCCA	36
TTCCTTC	36
CAGGGAA	36
GTAAGGC	36
TCCCAGG	36
CCTCCCC	36
GTCTTCC	34
TCGTGCA	34
GCAGTCT	34
GTGAACC	34
CGGAAGG	34
GTAGATG	34
GGAATTC	34
TACATGC	32
AAGCGTG	32
TATTTGC	32
TAGCATG	32
GTTAAGC	32
TCCCTTG	32
GTCCTCT	32
GTAACAT	30
AGGAAGG	30
CCCCCCT	30
CCATGCA	30
CAGGATG	30
CCCTCTC	30
CTCCTTG	28
TGTAAGC	28
GGATTTC	28
GGATCCG	28
AACTTGT	28
AGGAAGA	28
TAGTATC	28
GAAAGGG	28
AATTCGG	26
GGGAACA	26
TCCGAAT	26
TTATGTG	26
TATTATT	26
AAATTGC	26
ATTTCGG	26
CTTCCTG	24
GGTAGGC	24
AGCCCTG	24
GGATGAT	24
TCGTTCC	24
GTTACGT	24
AAGAGGA	24
GGGGAAA	24
GGACCAA	24
GTCCGCT	24
GTTCTCC	22
CGGACAT	22
TAGGACC	22
TATTCGG	22
CCATCCG	22
AGGTTTG	22
TAATACA	22
GGTGACC	22
GGCCTCG	22
GGAAGAA	22
ATAGCAT	22
GTTCATT	20
AGTACGG	20
GGCCTAG	20
TATTTCA	20
CTACGAT	20
AATTGAC	20
GTTACCG	20
TATTACG	20
TAGATCT	20
TGGATTC	20
CGGACTT	20
TGTCCCC	20
CCTCTTG	20
TTATCTG	20
CGGAATG	18
GCAGTCA	18
GAACCGT	18
AGGTAGA	18
AATCCTT	18
TTCCCTA	18
TCCGCTG	18
GTAATGC	18
TACATCC	18
AGGAAAA	18
AGACCAT	18
ATACATG	18
TGTCTCG	18
AGGAATG	18
TAGCACT	18
GCAGGAT	16
AGTACAC	16
GAGATCG	16
TAGAGCA	16
AAAAGGC	16
AAAGAGG	16
AACCCGT	16
AGAATCC	16
AGCCCTT	16
TCGTTGT	16
GCGCGTG	16
GGAATGC	16
GAACTGT	16
TGTCTGA	16
GAAACGA	16
GAATGCG	16
GGATCTT	16
CACTCGG	16
ACACACT	14
CACCCTG	14
AGAACAA	14
AGAACCG	14
GGCAGTA	14
TGGGTGC	14
TGTCCGA	14
AAGAGTC	14
AAGAATC	14
GGAATGT	14
GTCCATT	14
GAACATG	14
TATTATC	14
GTGGACC	14
GGTCTGA	14
TAAGGTC	14
TCTGCCT	14
ACATTGC	14
AGTATCA	14
TACCGTG	14
AGTTCTG	14
AGATCCA	14
GGGAGAA	14
GTAATCT	14
GTAAAGA	14
AGATAAC	14
ATATAGT	14
AGTACCC	14
GTAAAAG	14
TACAGTG	14
AAGCCGT	12
AGTTCGT	12
TATTCCC	12
TATTGCA	12
CGCCCTT	12
CTAATGC	12
GTCCTGA	12
CAATGGT	12
AAAAGGA	12
CTACGGT	12
ATACAAG	12
GGAAAAA	12
GGCAATT	12
CAACATG	12
TATCTCA	12
AAAAGGG	12
TGTACGG	12
AGTTGGC	12
GGACAGT	12
TGTATTG	12
GAGAAGG	12
AGGTAAT	12
ACATAAG	12
TAGAGGT	12
AAAATCA	12
CCCTTGC	12
GGGAGGA	12
AGATAAG	12
AGATACC	12
TAAGGAG	12
CCCACCA	12
TAAGACC	12
AGCCGTG	12
ATGCCAT	12
TGGACGA	12
GCCCCAT	12
AAAGGGG	12
CACCCTT	12
CCGACGC	12
GAATCCT	12
GGCCCAA	12
AGTACCG	12
GCAGATC	12
GCAGGTG	12
TCCGCGT	12
AAAGGGA	12
CTACCTT	10
GGACCGT	10
ATTTAAA	10
GTTCTCG	10
TAACCAA	10
GAGAGGT	10
GAGAGCA	10
GGAAGGG	10
AAAAAGG	10
GAGAACA	10
GTTATCA	10
CTAACTG	10
GTCCTAT	10
GAAAGCA	10
TTAGGTC	10
GTCTTGC	10
AATTCAC	10
TTACTGC	10
ATTCTCC	10
CGGATAA	10
CTACGCC	10
TGGAGAT	10
TGGCTCG	10
GGCCCCG	10
CCTCTGT	10
TCCGTCA	10
CCGCCGT	10
GGCCTAT	10
CCGACTT	10
ACCCATT	10
GGGGACA	10
CCCCCCG	10
TGGAGTG	10
GCACTGC	10
GGGCAGC	10
TGGACCA	10
CCCACTG	10
CACTGCT	10
CCCAATC	10
CAGGATA	10
CCATTGT	10
TCTCATG	10
ACCCAGT	10
CCACATG	10
GTAAGGA	10
AAGATGT	10
GGACGCA	10
GTAGTGC	10
GTAGGGA	10
GTACTCA	10
GTACACT	10
TATCATG	10
AAGCATG	10
GGATGGG	10
ACTCCAT	10
TATCCCG	10
TAGCGAT	10
TGTAATT	10
GGTGGCT	10
TATTTAT	10
AGAATTG	10
CGCATTC	10
AGAATAG	10
AGAAGCG	10
CGCACGG	10
GCACTCT	10
CAATTTG	10
AGTTCAG	10
AGGCGTC	10
AACCGTG	10
ATATCTT	10
AGATAGC	10
AAACAGC	10
AGGATTA	10
AGATACG	10
ATATGGT	10
AGATCAG	10
AGATTTT	10
AAAGTGA	10
AGTTTCA	10
TTCCTGT	10
AGTATCT	10
AAAGTTG	10
TTTTGCT	10
AAAGATG	10
AGGTCAC	10
AGGAGAT	10
TTTCCCG	10
AGGAGAG	10
TTTACTG	10
TTTCCTC	10
AAAGAAG	10
AAAGGAG	10
AGGCGTA	10
AGGAGGG	10
ATACATT	10
AGATCCC	10
TTGCCCA	8
GGCAGGA	8
ACATCTT	8
TCCCTGA	8
AAGTCGG	8
GTACAGT	8
GGCCCAG	8
CTTGTGC	8
TGTGGTG	8
GTAAGAT	8
TGACAGT	8
AAACTTG	8
ATTTACC	8
AGTTTCT	8
CCCCCGC	8
TACACTT	8
GAGACGA	8
CCCTTTG	8
TTAGGAT	8
AATTCTG	8
GAGAGGG	8
TTAGATG	8
ATATATC	8
CCCGGAT	8
TACCAAC	8
CCCCCTG	8
AGGTCAG	8
CCCACTT	8
ATATGTG	8
AATCCAT	8
AGTTCAA	8
ATATTTG	8
GTATGCT	8
CCATATT	8
TAATCCT	8
ACATATT	8
AAGTATA	8
CAATACG	8
GGTAAGG	8
GGGTTTG	8
CGCATCT	8
GGGTAAA	8
AACCCCC	8
GGGGAGA	8
CGTTTCA	8
ACTACCA	8
ACTACCT	8
TGGGGTG	8
GCCCATG	8
CAATAAC	8
AGGCCAT	8
GAACCTT	8
GGGAAAT	8
GGGATGC	8
ACCCAAG	8
GGGATCA	8
AGAAGTA	8
TGGCGTT	8
TGGCTCA	8
AGAAGAT	8
AGAACTT	8
AGAACTG	8
TGTACCT	8
GGCCTTT	8
CGTCCAG	8
GGTGACA	8
CAGGGAT	8
GTACCCT	8
AATGATG	8
TAGAGTG	8
AATGCAT	8
GCACTGA	8
AAATGGC	8
TAGAGGA	8
AATGCGC	8
ATTTATT	8
AATGCGG	8
AGGCGGG	8
GCGAGGA	8
GTTAAGT	8
AAGCCGA	8
AGGACAA	8
AGTTTAC	8
AGACGAT	8
GCAGGCG	8
AGGCGAG	8
GCAGTAT	8
AGATGGT	8
GTCCTCG	8
AGTACTG	8
GTCCCCC	8
ATAGGGA	8
AGCGCAG	8
GAATTGC	8
TATGAAT	8
GGAACGG	8
CCGCCCT	8
TTATTAG	8
AGTACTA	8
TCGCCGT	8
AATTCTT	8
AGCGCTA	8
TACAACT	8
AGCGCGA	8
TTTACTA	8
ACACATG	8
CACTCGT	6
AACCCAT	6
ACTAAGA	6
GGCAGTT	6
AAATATT	6
AGGACAT	6
AACCCCA	6
GGCAGCG	6
GCAGCGG	6
CGTTGGT	6
TTTTCAA	6
ATTCCTC	6
CCACCCA	6
CCACCAC	6
AGGTATG	6
CGTCCAA	6
TAAGTTT	6
CTTGGAT	6
GTAGAAT	6
CCACAGG	6
CGCCCCC	6
CTAATTA	6
TTGCGGT	6
TATGATT	6
TCCGTGT	6
ATTCTAC	6
GGTGGTA	6
CTCCCCG	6
TGTCGCC	6
GGAACAC	6
AGATGCG	6
AGGATTT	6
AAACCCG	6
TATTGTG	6
TGTCGGA	6
GGCAAAG	6
AATTGGA	6
GGGGCAG	6
AGGTCGT	6
TAACTCC	6
TTTGAAA	6
GAAACTG	6
CTAATAA	6
AAACCGA	6
AAGTGGG	6
GTCCCTT	6
TTTACCC	6
TCTGGGG	6
TCTGGGT	6
GAAAGAA	6
TACAAGA	6
GGCACCA	6
GGGCTGC	6
GGGGGGG	6
TCTGTCG	6
AAACGAG	6
TTTTCAG	6
TCTNCTT	6
GTAACTA	6
CGGAATT	6
ACCCCAT	6
CAACAGT	6
TGACACG	6
TTTTAAC	6
AGGCCCC	6
TATGCGT	6
GTAACGG	6
GGCCTGG	6
TAGTATG	6
CGNTTGC	6
ATTGGAG	6
TCCCCTG	6
TACAAAT	6
AAGTGAC	6
GTCTTGG	6
TTTGAGG	6
TAGGGCG	6
GCGACGG	6
CTACCCG	6
TTGCTCA	6
TTCCCGC	6
GCAGTAA	6
ATTGTCT	6
AGACCCT	6
TCCCCAT	6
TCCCCAG	6
AAATACA	6
GCAGGTA	6
AGTGGCG	6
AAGAGTT	6
TAGGGGT	6
GAATCCC	6
TGTNTCA	6
ATACGCA	6
TATGGGC	6
CGCACCA	6
CGTTCCA	6
AGGCGCC	6
AGTAGAT	6
AGTAGGA	6
AGTAGCC	6
GGGTGCA	6
TAAGTAT	6
CTTGGGT	6
AAGTACA	6
AGCGTTC	6
GTACTCG	6
TAGGAGG	6
AACCTTT	6
TTATCCG	6
GAACGGG	6
CGGACAA	6
TGTGTTT	6
AGCGTCG	6
GTACACC	6
ATTGCAC	6
CTACCAA	6
TAGTGCG	6
AAGACGC	6
GGTAAAT	6
GTCTTGT	6
TGTGTCG	6
TTTCAAG	6
GAATAGA	6
CCCGCCT	6
AACCAGG	6
GTTCTGA	6
ACACAAG	6
AACTTTC	6
GCACCCG	6
TTTAAAC	6
TATTAAC	6
GCACCGG	6
AAGTGGT	6
AGAATTA	6
TGGGAGA	6
CCGATGA	6
ACTCCCT	6
AAATGGG	6
GGAACTT	6
TCNTTTT	6
AGTACAT	6
GGGAAAC	6
GTCCTCC	6
GGGCAGT	6
TACCAGG	6
AATTAAT	6
CCCCGGA	6
CCCCGCC	6
CTCCTTA	6
GGAACGT	6
TGTAGTA	6
CAATCAC	6
CTACGAA	6
CGGAGTC	6
AGAAAGT	6
TACCCTG	6
AAGTAGA	6
TAAGCGC	6
AGTATAT	6
GGACCCA	6
CAGGACT	6
TACAGAA	6
GAGACTA	6
CCGAGCA	6
TGGCTTT	6
AGATCTG	6
AACTCCA	6
AGATCTC	6
TACACCT	6
GAGAGAG	6
AGGAGCG	6
TTAGCTT	6
AGACGTT	6
CAATTAT	6
GGGAATC	6
AGTACCA	6
TATTACT	6
CCCTCCG	6
ACCCAAT	6
TTAGCAA	6
TGGGACG	6
TCGTTCA	6
AAAGGCT	6
ATACACG	6
AACCTTA	6
CTCCTCG	6
GCGCAGA	6
TTTCGTT	6
ACTACAT	6
TTTTTAA	6
AAGCCCA	6
CGGAAAT	6
CAGGGTG	6
CTAAACG	6
GGATCAG	6
GGAACCA	6
AGTTGGT	6
CTAAAGT	6
GGATCCT	6
TTGATGT	6
CGGACGG	6
TCCGGAC	6
AAACAGA	6
GTGCCTT	6
AATCCCG	6
AATGGGG	6
AAAGCCA	6
GTATCAT	6
GGATGGA	6
AAACAGT	6
TGGACTA	6
ACATATA	6
AGTACAA	6
GCCCAAA	6
TAGCGCA	6
AATGGGC	6
TCTCTAT	6
CGGAACG	6
GAAACCG	6
CCCACAA	6
TTACATT	6
CGGCGGT	6
TTACCCA	6
GCCCCGC	6
GTGAAAG	6
ACTACGT	6
TTACAAT	6
AGGTGGC	6
AGTTCCT	6
AATGAAA	6
ATAGCTG	6
GGATAAT	6
TGGGGAA	6
AGCCCAG	6
AGGTTAC	6
CCCAAGT	6
TATCTCG	6
TGGAGTT	6
TATTCCT	6
TAATCTG	6
GCACTGG	4
TAGAGAC	4
TCCNTTT	4
GTGCTGT	4
GAATTGA	4
CAGCCCA	4
CAGCTCC	4
CAGCTCA	4
GTTCACG	4
GAATTCC	4
TCCNTGA	4
GAATTAG	4
GGTATAG	4
GCACTTA	4
AAATCTC	4
AAATGGA	4
TATGACA	4
TCCGTTT	4
AACCCCG	4
GCAGCGC	4
GTGCTGC	4
GAATTCT	4
TGGAGGG	4
CACCACA	4
GGGCCAT	4
GCCCGCA	4
CACCCCA	4
AGCCCAT	4
TGGATGT	4
TATTCCG	4
GCCCCCA	4
GCCCAGT	4
GGGCATG	4
TGGAGCT	4
GTCTGCG	4
TGGAGCA	4
TGGAGAG	4
GGGCGAC	4
GCCCACT	4
TGGACTC	4
TGGACGT	4
TTCNTTT	4
TATTCAT	4
ATACAGA	4
ATACAGT	4
ACTAGAC	4
CTTGCTC	4
GGGAGCT	4
GTCTATG	4
GGGAGTC	4
GGGAGTT	4
TGGCGGG	4
GGGCGGG	4
GGGATGG	4
GGGATGT	4
AGGAGGT	4
ACCCAAA	4
TATNTGA	4
AGTATTA	4
AGGAGTA	4
AGAACAG	4
AGAACAC	4
CGTTCCG	4
CACTGTA	4
CACTGTG	4
GTCTGTC	4
CGTTGCC	4
ACTATCC	4
CGTTGAT	4
TTTGCCC	4
ACTATGC	4
CGTTCGA	4
CGTTGGG	4
CGTTCCC	4
TATGGAT	4
GAATTTG	4
AGTACGT	4
GGTACAA	4
AGGCCCG	4
AGGCCCT	4
AGGCCGG	4
TAACAGG	4
GAACGAC	4
TATGTTA	4
ACTAGCG	4
GGGCTAC	4
AGGATGC	4
GGGCTTG	4
CGTTTAA	4
TATGTCG	4
TTTGCTC	4
GGGGATC	4
GCAGGGT	4
GGGGCAT	4
AAAGGGT	4
AAAGGTT	4
GGGGGAA	4
GGGGGCG	4
CACTCCA	4
CGCCGAT	4
GGGGTCA	4
TTTGCGG	4
ATATTGT	4
CCATATG	4
AACCTCC	4
CCGCGCC	4
CCGCGCA	4
AGTGCGT	4
AGTGCCG	4
ACATAAC	4
TCTCCTA	4
AACCTAT	4
GTATGGA	4
TCTCCCA	4
TTGATTG	4
CCGCGTC	4
CGGAGAC	4
GTTGTGC	4
GTTGTCT	4
CCATTTG	4
ATATTAC	4
ATATGTT	4
CCCAATA	4
AGATACT	4
CCCACCC	4
CCCACCG	4
CCCACGT	4
GAGTACG	4
GAGTTGC	4
CGCCGTC	4
CGGACCG	4
GAGTGAA	4
GTAGGGG	4
ATACTTC	4
AGGTCCT	4
TCTGCGC	4
TCTGCCC	4
CCTCTCG	4
ATACTTT	4
GTAGTAT	4
GTATTCG	4
ACATCCA	4
TATTGTC	4
AAGTAGT	4
ACATCAA	4
TCTCTGT	4
TCTCTGC	4
TCTCTGA	4
TCTCTCA	4
GTATAGT	4
CCATAGT	4
ATAGCCT	4
ATATAGA	4
CCCGGTG	4
CGGCCAC	4
TCNTTCT	4
TCNTTCG	4
TCNTCTT	4
GAGATCA	4
TCGTTTG	4
TCGTTGC	4
TCGTTGA	4
CCGATCT	4
CCCTCCA	4
TATCCCT	4
GTTGAGA	4
ACACATA	4
TCGTGTG	4
ACACACC	4
CCCTCTG	4
ACACAGA	4
ATATAAA	4
CCCTTGT	4
GAGACAT	4
ATAGGGG	4
AGATCTT	4
CCGACCG	4
GAGCCCT	4
TCCGGCA	4
GAATGAT	4
GAGCGGC	4
ACACAAC	4
ATATGAT	4
GAGCCGT	4
CCCCATT	4
ATATGAA	4
CGGATAG	4
AGATAGG	4
CGGATCA	4
AGATCAA	4
GTAGCTG	4
CCCCGTT	4
CGGCGAA	4
CCCCTCG	4
ACACATT	4
ATATCCA	4
CCCCTTG	4
CGGCCGT	4
GAGCAAT	4
GAGCAAG	4
CGGCCCT	4
GAGATGT	4
TAGGACG	4
GGTGAGG	4
GTGCCCG	4
TAGCGTA	4
AACCCTT	4
GGTGGAT	4
CGTCCTC	4
CGTCCTA	4
AACCGAT	4
GTCCCTG	4
CGTCCAC	4
CGCCCAG	4
CGGAAGC	4
AATCTGG	4
CGCCCGT	4
TTTAAAT	4
CTTGTTA	4
GTCCCGT	4
TAGGGAA	4
CGGAAGT	4
AGATTCC	4
CGGAATA	4
TAGGGGA	4
TCCCATA	4
TCCCATG	4
GCACATG	4
GAACTGG	4
TAGATTT	4
CAGGCGA	4
CAGGCGC	4
CAGGCGT	4
GCACCGT	4
GCACCAT	4
CAGGGGG	4
CAGGGGT	4
CAGGGTA	4
AATGATA	4
TAGCACG	4
CGCCGCA	4
GCACACG	4
GCACAAG	4
AATGAGG	4
GGTCCCA	4
GGTCCTG	4
TAGCCCC	4
TAGCCCT	4
GGTCTCA	4
GTGCCGT	4
ACTCGCC	4
TAGCGAG	4
ATACTGC	4
TANTCTT	4
GTGACGT	4
GAATCCA	4
ATACTAA	4
TCCCTAC	4
AAGTCTT	4
GTACTCT	4
GTACTGC	4
GTACTGG	4
GTACTGT	4
AGATTAA	4
CCACAAA	4
AAATACC	4
CCACAGC	4
AAGTATG	4
CCACATT	4
CCACCCC	4
GTGACGG	4
CCACCGT	4
CGCCGGT	4
TCCGCAA	4
TCCGTGA	4
TTTATAA	4
TCTNTAA	4
TGACACA	4
GAATAAC	4
TCCCCCG	4
TCCCCGC	4
GTAAACC	4
GTAAACT	4
GTTAGGT	4
GTAAATG	4
GTAACAC	4
ACATTTA	4
TGACAGG	4
TTTCATT	4
CAGGAGT	4
CCTNCGT	4
TTTCACC	4
AGTAGCT	4
TTTCAAA	4
TAGTGAC	4
TTGCCGG	4
GTCCCCA	4
GTACAGG	4
GTTAGAG	4
GATCAGC	4
GATCAAT	4
TTCCTGG	4
TACATTG	4
CTACGGG	4
CTACGGA	4
TGTATCA	4
TGTATAT	4
TGTAGTG	4
CTACGCT	4
TAAGCCT	4
TGTATTA	4
CTACGCA	4
TTACTGG	4
TGTAGAA	4
TACATTA	4
TTAGAAG	4
TTAGAAT	4
TACATGA	4
AGGAATA	4
AGATTTC	4
AAGAATA	4
TACCCGT	4
GCGCCCG	4
TTGGAGA	4
AGACGTG	4
AGGAACT	4
CGCACGC	4
TACCAGA	4
AGTGTCT	4
AATTATT	4
GCGCACT	4
GCGCAAT	4
TGTATTT	4
AAGAACT	4
GAAATGT	4
AAGAACA	4
ATGCGTA	4
GTGGATA	4
TTAGGTT	4
GAACAGA	4
TAATGTA	4
ATGCGTT	4
TTGGGCG	4
CTAATTC	4
ATGCGTC	4
GAACACA	4
AACTATG	4
ACTAAGC	4
ATGCGCA	4
TAACTTA	4
TACACAA	4
AACTAGC	4
AACTACG	4
AGACCCC	4
AAAGGCC	4
CAACACG	4
AGACGCC	4
TTAGCGA	4
TGTAAGA	4
TACAGGC	4
AAGCCGG	4
AGGACAC	4
AAGAATT	4
TACAGCA	4
AGTGGCC	4
GCGACAT	4
TACAGAT	4
TTAGGGG	4
TTAGGTA	4
TAAGAGT	4
TTTTGAA	4
ATTGCTC	4
GGCACAT	4
TTTTCGG	4
ATTGGAC	4
AAGACTT	4
AAACCGC	4
AAACCCT	4
GGCCGAG	4
AAACCTT	4
GGCCGCC	4
CGCACCC	4
GGCAAAT	4
GGCAAAC	4
ACCCCCT	4
AAGAGGC	4
AGTGGTG	4
TTTTAGC	4
GTGGGAA	4
TAAGTCC	4
ATTCTAT	4
GAAAGGC	4
TAAGTGT	4
TAAGTAG	4
TGTNGCG	4
TAAGGGT	4
TAAGGGA	4
ATTGCAA	4
GTGGGTA	4
GGCCCAT	4
TGTGTTA	4
GGCACTG	4
TGTGTCC	4
TACNCTT	4
ATTTGCC	4
TGTCGTG	4
AGTGTAC	4
ATTTGAC	4
AGCCTAT	4
TTACAAA	4
TAATGAC	4
TTACAGC	4
ATTTGAT	4
AAGATGC	4
AAGCAAA	4
ATTTGCT	4
AGTGTAG	4
TGTCCGT	4
TTACCAC	4
AAGACAT	4
TAAGGCA	4
AAAGATA	4
TTCCCGT	4
AGTGTAA	4
GGATTAG	4
TTGGACG	4
TAATCGC	4
AAGATCA	4
GGATGCT	4
ATTTACT	4
GGGACAA	4
GGCCTTC	4
AGTTCAC	4
AAAGATC	4
AAGATCG	4
TGTCTAT	4
TACCGTT	4
CGCACCT	4
CAANTAA	4
GGAATGA	4
AGCGCTT	4
GGAATGG	4
AAAACTT	4
AGCGGGC	4
GGAATTG	4
CAATACA	4
TTATTGT	4
GGACACA	4
GGACACC	4
GGAAAGT	4
AGCGGTT	4
AGTNTCG	4
GAAAAAC	4
TTTTGTC	4
GGACGCG	4
TACAAGC	4
CTAACCG	4
AACTAAA	4
AACTAAT	4
GGAACTA	4
CAATTGC	4
GGGAATG	4
AGCGCAC	4
CTCCCTG	4
GGAAGAT	4
GGAATAA	4
CAATTAG	4
AAAACAA	4
GGGAACG	4
ACTAATG	4
CAATGAT	4
AGAATAT	4
AAAACCC	4
TTTGGGA	4
AGAATTT	4
GGAATAT	4
GGAAATT	4
AGCGCGT	4
AGTATTC	4
TTATAGC	4
TATTGTA	2
TATTGGA	2
GTCTGGC	2
TACCTCT	2
ATGCCCT	2
CGGAGTT	2
GTTCACT	2
ACATAGC	2
GTATCCC	2
GTATCCG	2
GTCTGGG	2
ACATACT	2
GTTNCGT	2
CCATAGG	2
GTTNAAG	2
GTGGTGG	2
GTATCTA	2
TTTAGGA	2
GTATCTT	2
AGTGCGA	2
GTATGAT	2
GGATGAC	2
CGCNTGA	2
AGTGTTG	2
ACACCAC	2
GGATCTG	2
GTATACA	2
TATNCCG	2
ACATCCG	2
AACTAGT	2
GAGTACT	2
TAATATA	2
GTAGTCT	2
GTAGTGG	2
TCCGCTA	2
GTAGTTA	2
GTAGTTC	2
GGAACCC	2
GCNCCTT	2
ACATCAG	2
GGATCTC	2
CCANCAG	2
GTATAGA	2
GGAACAG	2
GTCCACA	2
TCTCTCG	2
GTATAGG	2
ACTNTTT	2
ACTNCTT	2
GTCTGCT	2
AATGGCT	2
CCATAGA	2
GTTATAC	2
TATGGAG	2
AGCNTTG	2
CCCAACA	2
TCTCAGC	2
TCTCAGA	2
AGCNTAT	2
AAAATCT	2
ATGCCCG	2
GGATAAG	2
ATATGGG	2
TATTCTC	2
CTTGGCG	2
GGAATCC	2
TACCGCA	2
TACCGGA	2
AGCGCTC	2
GAATTTC	2
CCCACCT	2
GTCTTGA	2
TTANGTT	2
CCCACGA	2
CCCACGC	2
AAGACCT	2
CCGNTGC	2
ATATGCC	2
TTACATA	2
GTTGTAG	2
ATNTCGT	2
GGATCGT	2
GTTCATA	2
TCTCCGG	2
TACCTAG	2
CGGATAC	2
TACCTAC	2
TCCGGAG	2
ATATTTA	2
GTCTGTG	2
GGATATG	2
GGATATC	2
TCTCCAA	2
AATGGTC	2
GAGTAGC	2
ATNTATG	2
TATGGTC	2
AAGTAGG	2
CCATTCC	2
TATTCTA	2
CCATTCG	2
GTATTAC	2
CCATTGA	2
GTATTAG	2
TATGGGG	2
GTATTAT	2
ATATTAT	2
CGCCGTA	2
CCACCCG	2
CCACCCT	2
CCACCGA	2
TCCGAGT	2
GGCAGGC	2
ATTCCCT	2
TATTTAC	2
ATTCCCG	2
ATTCCCC	2
GTAGCCA	2
AGGTAGG	2
GTAGCCT	2
GGAAGGT	2
GGCAGGT	2
AGGTAGT	2
GGCAGCC	2
AGTGTGT	2
GTCTCAC	2
ACATCTC	2
CGCACAA	2
TCTNTTT	2
TCTNTAT	2
GGAAGTT	2
CCGCCCG	2
GTGGGTC	2
TCTNCTC	2
CCACACT	2
ACCCAGA	2
TTCCCCA	2
AACTACA	2
GTCTCGA	2
CGCACAT	2
TAAGTCT	2
AAGTCAC	2
CCGCCGG	2
AGTGGGG	2
TCCGAAG	2
GTGGGCC	2
CCACAAT	2
TCCGACC	2
TCTGTTT	2
GTCTCCT	2
TAAGTTA	2
TATCTCT	2
ATACTGG	2
AGTGGGT	2
CGCACAG	2
GTGGGGG	2
TCCGAGC	2
TAATAAA	2
TCCGAGG	2
GTAGAGC	2
AAACGGA	2
TATNTCC	2
AACCTAA	2
CCTCTGA	2
GTAGGCT	2
TTTAGTT	2
GAGTCGT	2
TAATACT	2
TAATAGC	2
AGTACAG	2
AGGTCGG	2
GAGTCCA	2
TCTGCTA	2
TCCGTCC	2
GTAGGGT	2
GTAGGCC	2
GAGTCAG	2
TATNTAT	2
GGCAACC	2
TATNCGT	2
GAAACTA	2
GAATGTG	2
TCCGCCC	2
GTTAGAT	2
GGAACGA	2
GTAGTAG	2
TAATAGT	2
GAGTAGG	2
TTGNGGT	2
TTATAAG	2
TCCGCAC	2
CCGCCCA	2
TCTGTTC	2
AGGTATC	2
TCTGTGT	2
GGAAGAC	2
GAGTTGA	2
AGCCTAG	2
CCNCTTG	2
AAACGAC	2
GAGTTAT	2
GTAGGAG	2
TCTCACC	2
CTTGCCC	2
AGGTCAA	2
ATACTTA	2
GAGTGGG	2
AAAAATC	2
GTCTACG	2
AAACCGT	2
TTTTCGC	2
TATCTCC	2
GAAACTT	2
GGAACTC	2
CGGAGCC	2
TACAGTC	2
AATTCGC	2
AGCGTAG	2
TTAGAGT	2
ACACAAT	2
TACATAG	2
CTCCTAT	2
GTTCTGT	2
TACATAA	2
TACAGTT	2
ATATACG	2
CCGATAG	2
TTAGCGC	2
ATATACA	2
GAGATAA	2
AATTCTC	2
AGTNTTG	2
TTATGAG	2
ATATAAG	2
GTCCCGG	2
AGATCGA	2
TTGGGTC	2
TTGGCCC	2
AGATCGC	2
TCGTCGT	2
ATAGTTC	2
ATAGTTA	2
CCCNTTC	2
GTCCTAA	2
CCCGGAG	2
TTACTTA	2
CCCGGCA	2
CGGCCCA	2
TATGAAC	2
AACTTAG	2
TACATGG	2
AGGTTCT	2
GAGATCC	2
TCNTTGT	2
GGACCCT	2
AAGTAAC	2
TCGTCGA	2
TCNTTCC	2
ACACCGT	2
TCNTCAG	2
TCNCTTT	2
ATATATT	2
TTAGACT	2
TCGTTTC	2
ATATATG	2
CGGACCT	2
GGACCGC	2
AGTGTGC	2
AACCTGG	2
CCGACGG	2
TACAACA	2
CGGATTC	2
GAGAATT	2
CGGACCA	2
GAGAATG	2
AGTACTT	2
TCGNCTT	2
TCGNCCG	2
TACACTC	2
GAGAATA	2
CCGAGTC	2
GAATGCT	2
TACACTA	2
ACACAGC	2
GTTGATT	2
ATAGGGT	2
ACACAGG	2
TACACGT	2
CCGAGAG	2
CCGAGTA	2
GTTGATC	2
ATAGCCG	2
TACAAGT	2
CCGCGGT	2
AACTCAG	2
ACTCCGA	2
GGACGGA	2
GGACGAG	2
TCGTCCT	2
AGATCGG	2
GGACGAT	2
GAGAGAA	2
TCGTCCA	2
CCCTTCA	2
TACAGCG	2
TACAGCC	2
ATAGGAG	2
AGCCTTT	2
ACACATC	2
CCCGGAC	2
CCCTTTA	2
ATAGTCG	2
TTAGGGC	2
GAGACGT	2
GAGACGG	2
GAGACGC	2
GGACGGG	2
CCTCCTA	2
AAGTACC	2
TTATCCC	2
GTTGCCC	2
GAGACAC	2
AATGTCC	2
AGGTGTT	2
TTACCCG	2
CCCCAAG	2
GTTGGCC	2
CTCCCTA	2
AATTTGG	2
CGGCGAG	2
CCCCATC	2
CCCCATG	2
TTACCGG	2
TATGCCT	2
CCCCCAT	2
ATATGAC	2
AAGACAA	2
AGCGGCC	2
CCCCCGA	2
AATGTGT	2
CCCCCGT	2
TACCCCT	2
AATGTTA	2
TACCCAT	2
CCGATTG	2
GAGCCGA	2
CTTCTAT	2
CTTGGGG	2
GAGCCCG	2
GAGCTCC	2
CCGNTCC	2
TCTCAAG	2
AGTGTAT	2
AGGTGCG	2
GTGAATT	2
AGGTGGA	2
TACACCA	2
GTTGGTC	2
GTTGGTA	2
GTTGGGT	2
TATCCAC	2
TATCCAG	2
GAGCTCG	2
CCGATTC	2
AAGACCC	2
TTANACA	2
GAGCGTT	2
TATCCCA	2
CGGCGGA	2
ACTCCAA	2
CCGATTT	2
GAGCGGG	2
AAGACAC	2
GAGCGCG	2
TCCGGGG	2
AAAAGCT	2
AACCTTC	2
CGGCCTA	2
AGGTTCC	2
TTGGAGT	2
CGGCCGC	2
CGGCCGA	2
TACATTT	2
TACAATC	2
GAGCAAC	2
GGACACG	2
TCCNGAT	2
TTGGTTA	2
GAGATTT	2
AACTTCC	2
GTGNTCA	2
CCCGCCC	2
CCCGCCG	2
TACATTC	2
TTTAAGG	2
AAAAGGT	2
AAAAGTG	2
TTGGTGA	2
GGACCAC	2
CGGCCCG	2
GTTGGAG	2
GTCCTAC	2
AACTTCA	2
GGACAAG	2
CCCCGCA	2
AATTAAG	2
CCCCGCT	2
CCCCGGC	2
CCCCGGT	2
CCCCGTC	2
GAGCCAG	2
CCCCTAA	2
GGAATTT	2
CCCCTAC	2
GAGCCAC	2
TCCNTTG	2
ACTCCGC	2
TTAGTTT	2
CGGCCTT	2
TCCNTGC	2
TCGCCCA	2
CCCCTGG	2
CCCCTGT	2
TTGGAGC	2
ACTCCCC	2
TCGCCCC	2
TTATTTA	2
ATAGGAA	2
GAGCATA	2
GGGTGTA	2
GGGTTGT	2
TAAGATC	2
GTNTAAA	2
GGGTTCC	2
GAACGCT	2
GAACACC	2
GGGTGTT	2
TAACCCG	2
GGGTTTC	2
GGGTGGT	2
GGGTGGG	2
GGGTGCT	2
GTNTCAT	2
TTGCTCT	2
GGGTGAC	2
GGGTGAA	2
GGGTCTT	2
TAAGATG	2
GTGCTTC	2
AAGTTAT	2
AAAGTGG	2
AGTGCTA	2
GCGACAA	2
AATGGAC	2
CGCACTG	2
GCGACCG	2
TAACATA	2
AGGACAG	2
TTNCCCT	2
GCAGTTG	2
GCAGTTA	2
GCAGTGT	2
GAACAGG	2
ACTAACA	2
CACTGAA	2
AGTTCTC	2
GGGGTGC	2
CTAATCC	2
GGGGTAT	2
GGGGTAC	2
ACTAATC	2
GGGTAAG	2
GGGGGTT	2
CACTCAC	2
GTTAAAA	2
GGGGGCA	2
GAACGAT	2
GAACATC	2
GGGGCTC	2
CAACCTA	2
ACTAAAC	2
ACTAGGT	2
CACTGGA	2
CACTGGC	2
GGCNGCA	2
CTAATTG	2
ACTATAT	2
ACNTTTG	2
GTNTCCA	2
CGCATCG	2
AAAGTCG	2
GGGTCCG	2
TAAGACA	2
ACTATGG	2
ACTATTA	2
GCAGAGA	2
AGTTTCC	2
AACCCAA	2
TGTAGAG	2
AATGCCT	2
GCAGACA	2
TGTACTG	2
GCAGACG	2
TGTACTC	2
GGTAGGG	2
GCAGAGC	2
AAATCTA	2
TGTACTA	2
AAATCGT	2
AAGCCCT	2
TTCCTTA	2
CGTNGTT	2
GCAGCAC	2
AAGCCAG	2
TGTAGTT	2
TGTATAA	2
GCACTCG	2
GCACTCA	2
AAATTCC	2
GAACTCG	2
AGTTTCG	2
CAGGACC	2
AGTTCCC	2
TAAGCGA	2
GTGGCCC	2
AGCCGCG	2
TTNTCCC	2
GGTATCT	2
GCAGGCA	2
GCAGTGA	2
AGGCCGC	2
GGTACAC	2
CTACCCC	2
AAATAAG	2
GCGACGT	2
CAACCCA	2
AGTTCTA	2
CGCACTC	2
TAAGCCC	2
AAATAGA	2
AGGCGAC	2
GCGAGAT	2
CTACCTA	2
GCAGGCC	2
CGCATAT	2
GGTACGA	2
CAACACT	2
ACCNCTT	2
TAACAGC	2
AGACGGG	2
GCGAGGC	2
AGGAATC	2
TTNTCAT	2
CTACCTC	2
AAATCCT	2
TAAGCCG	2
TGTACCC	2
AACCCAC	2
CAGCCCG	2
CAGCCCT	2
TGGGCCC	2
CTAAAAC	2
GCCCGGT	2
GGGCCAG	2
GCCCGTT	2
CACCACG	2
GTGGAAG	2
TGGGCGG	2
CAATATT	2
GTTAAGA	2
ACTAGCC	2
CGCATAC	2
GGGCAGG	2
ACCCAGG	2
GGGCACT	2
TTCGGTA	2
TTCGGGT	2
GGGCACG	2
GCCCGGA	2
GCCCGCT	2
CACCCAA	2
CACCCAG	2
TGGGGAC	2
TGGGGAG	2
CACCCCG	2
GCCCGAC	2
GCCCGAA	2
GGGCCCC	2
CTAAACA	2
CACCCTA	2
GCCCCTC	2
GCCCCGT	2
TTCGTGT	2
ACTAGAG	2
AGAATAA	2
CAATGGC	2
GGGAGTA	2
GGGAGGT	2
AGGACTA	2
AGGAGGC	2
AGCCCTC	2
AGCCCGA	2
GGGAGTG	2
GGGAGAT	2
ACCCACT	2
CAATTCC	2
GGGACTG	2
AGGAGCC	2
AAGCGTT	2
CAATTCT	2
GCCCCGG	2
GGGATAG	2
TGGGACT	2
GGGATCC	2
CAATGAG	2
TGGCGCG	2
TTCGCGC	2
GGGAACC	2
ACCCAAC	2
CAATCTA	2
TTCGCCG	2
GAACCTA	2
AGGACGA	2
GGGCACA	2
TGGCCGG	2
TGGCCGC	2
GGGCGGA	2
GGGCTCT	2
GGGCTCG	2
GGGCTAT	2
GAACCCC	2
GAACCCG	2
GGGCTAA	2
ACTAATT	2
CTAACAT	2
GGGCTGA	2
GGGCGAT	2
CTAACAC	2
GCCCAAC	2
AGGATCG	2
GCCCAAT	2
GCCCACA	2
TGGNGCT	2
TGGNCCC	2
GAACCCA	2
ACTAGGA	2
CTAACTC	2
AGGATTC	2
GAACCAC	2
GTTAACC	2
GGGGAGG	2
GGGGAGT	2
TAACTAA	2
TAACTAG	2
GGGGCAA	2
GGGGCAC	2
AGTGCTC	2
GGGGCCA	2
GGGGCGC	2
GCCCATA	2
GGGCCCT	2
GCCCCCT	2
TTCGTTA	2
GCCCCCC	2
CAATAAG	2
GCCNGTT	2
TTCGTTG	2
TGGATCT	2
TGGATCA	2
TGGATAT	2
TGGATAG	2
AGCCCAA	2
CAANCCA	2
AAGCGGG	2
AAAGGGC	2
TTTATCT	2
TGGGGGC	2
TGGGGGG	2
GCCCAGC	2
TGGAGGA	2
AAGCGAC	2
TGGAGCC	2
ACTACGC	2
TTCNGCT	2
CTAAATC	2
TGGGTGG	2
TTCNTCC	2
TGGGTTG	2
GCCCACG	2
ACTACAA	2
CTAACAA	2
ACCCCCC	2
GATCACG	2
ATTTACA	2
TGTNTCG	2
NTCCGTT	2
TTCCCTG	2
TTGCGCG	2
GATCAGG	2
ATTNTCA	2
TAGGGGC	2
AAGATAC	2
GATCAGT	2
GTGACTT	2
AAAGAAC	2
TGTNTAA	2
NTGCGGT	2
NGTCCTT	2
GTGAGCT	2
GAATATG	2
GAANGTC	2
ATACCCC	2
NGGTATG	2
GTGAGAT	2
ATTGTGT	2
GATCCCG	2
TTTAACA	2
ATTGTGG	2
AAGTGAT	2
NGCCGAT	2
NGCCATG	2
ATTTATA	2
GGTNGCC	2
TANTGAT	2
GGTNTCA	2
CGCACCG	2
ATTTCCG	2
CGCCCAA	2
CGCCCAT	2
GAAATAG	2
AAGATCC	2
TAAGGTG	2
TTGCGGG	2
CGCCCCT	2
CGCCCGC	2
CGCCCGG	2
NGCCAGT	2
AGTGGGA	2
TGTCTGC	2
TANTCGA	2
TGTCTGG	2
CTTGTGT	2
GATCAAC	2
GTGAGTG	2
GATCAAG	2
TCCCAAC	2
TGTCTTG	2
TTTTATA	2
TCCCACT	2
TANATGA	2
TTGCCTA	2
GGCCCTC	2
NATCACA	2
GGCCCTA	2
GTAACTG	2
TTTCAGC	2
GGCCCGT	2
TAGTATT	2
GAATACC	2
GGCCCGC	2
TTGCCTC	2
AAGACTG	2
TAGTCCT	2
TTTCACA	2
AATCCTC	2
ATACCCG	2
AAACTGT	2
GTAATAG	2
GGCCCCC	2
TGTGTCT	2
AAGACGT	2
GTAATGA	2
TTTATTA	2
NAATCGT	2
AACCGCG	2
AACCGGT	2
TAGTGGC	2
GTACAAA	2
AACCGTT	2
GTACACA	2
GTAAATC	2
TTTNGGT	2
TTTNTAT	2
NAACATA	2
NAACTCG	2
CTTGTCG	2
TCCCCGA	2
TTCCCGG	2
TGTGTTC	2
TAGTGTA	2
NCTCTGC	2
TAGNTAT	2
NCTCCGT	2
TAGNTCG	2
CCTNTTG	2
ATTTCGC	2
ATTGTAA	2
CCTNTCC	2
ACATTTC	2
GGCCGTG	2
GGCCGCG	2
TGACAGC	2
GGCCGCA	2
CCTNTAA	2
ACATTGG	2
AAACTTA	2
CCTNGTG	2
GTAACCT	2
GGCCCTG	2
AACCCGA	2
GCGCCCT	2
GCACACC	2
AAATTCT	2
TTTCGCA	2
AGCCGGT	2
GTGCTCA	2
CGCATTA	2
CTNCCTT	2
CAGNTGT	2
GTGCTAC	2
GTGCTAA	2
AATGAGT	2
AGCCGTC	2
AGTTTGC	2
GCACACT	2
ATACTCC	2
AGCCTAA	2
CTCNAAG	2
GGTCCCC	2
GGTCCGA	2
GGTCCGC	2
GGTCCGG	2
AGATTAC	2
GGTCCGT	2
GGTCCTA	2
GCGCGAG	2
ATACCTA	2
TCCCTCG	2
CGCATTT	2
GCACCCA	2
TAGATTG	2
GTACTCC	2
GGTATTT	2
GTGCTCT	2
CAGGCCT	2
CAGGCGG	2
AGCCGGC	2
GTACTAT	2
GCGCAGT	2
GTACTAG	2
AGATTGT	2
CAGGGAG	2
AGGTAAC	2
GAAATCT	2
GGTCCTT	2
AAGTCGA	2
TAAGGAC	2
CAGGGCT	2
CTNGGCC	2
CAGGGGA	2
TAGCACA	2
CGCACGA	2
GAAATCC	2
AGGAACG	2
GCGCCCA	2
TTTCGCG	2
GCACAGG	2
GCACAGC	2
TTGCTAG	2
CGCCGGC	2
TAGCCCA	2
GTTACCT	2
AAGATTC	2
CANTCAA	2
TAGCGTC	2
AACCGAC	2
ATTCTTG	2
GAAAGTC	2
GGTGCCT	2
GGTGCGG	2
GTTACGG	2
TAAGTAA	2
AAGTTCC	2
TGTCGGT	2
AGTAGGG	2
AAGTTGT	2
GGTGGCC	2
AAGATTA	2
GGTGGGG	2
GGTGGGT	2
GCGCGTT	2
TAAGGTT	2
CTTNTTT	2
GGTGTCC	2
GGTGTGC	2
CTTNTTG	2
TATTTGG	2
GGTGTTG	2
CGTCCCG	2
TGTCGAA	2
AAGCACG	2
ATACTAC	2
AAAGCTT	2
GTGCGGT	2
GTGCGAT	2
GTGCGAA	2
AAAGCCC	2
AGTAGTC	2
GTGCCTA	2
GCGCGTC	2
GTGCCGG	2
GTTACCC	2
AGCCTAC	2
GGTGAGT	2
TTGCTAA	2
TGTCGAC	2
GGTGACT	2
GGTGACG	2
ATTCTTA	2
AAATTGG	2
GGCCAAC	2
GTGCCCT	2
TGTCGAG	2
TCCCTAT	2
