Sourcing executables from speedseq.config ...
Aligning...
samblaster: Version 0.1.22
samblaster: Inputting from stdin
samblaster: Outputting to stdout
samblaster: Opening C4.74qLXH7Dz89R/disc_pipe for write.
samblaster: Opening C4.74qLXH7Dz89R/spl_pipe for write.
[M::bwa_idx_load_from_disk] read 0 ALT contigs
[M::process] read 69158 sequences (10000097 bp)...
[M::process] read 69108 sequences (10000037 bp)...
[M::mem_pestat] # candidate unique pairs for (FF, FR, RF, RR): (0, 33675, 2, 0)
[M::mem_pestat] skip orientation FF as there are not enough pairs
[M::mem_pestat] analyzing insert size distribution for orientation FR...
[M::mem_pestat] (25, 50, 75) percentile: (199, 200, 227)
[M::mem_pestat] low and high boundaries for computing mean and std.dev: (143, 283)
[M::mem_pestat] mean and std.dev: (207.29, 15.18)
[M::mem_pestat] low and high boundaries for proper pairs: (115, 311)
[M::mem_pestat] skip orientation RF as there are not enough pairs
[M::mem_pestat] skip orientation RR as there are not enough pairs
[M::mem_process_seqs] Processed 69158 reads in 4.833 CPU sec, 4.609 real sec
samblaster: Loaded 12 header sequence entries.
[M::process] read 69018 sequences (10000001 bp)...
[M::mem_pestat] # candidate unique pairs for (FF, FR, RF, RR): (1, 33711, 0, 0)
[M::mem_pestat] skip orientation FF as there are not enough pairs
[M::mem_pestat] analyzing insert size distribution for orientation FR...
[M::mem_pestat] (25, 50, 75) percentile: (199, 200, 227)
[M::mem_pestat] low and high boundaries for computing mean and std.dev: (143, 283)
[M::mem_pestat] mean and std.dev: (207.15, 15.20)
[M::mem_pestat] low and high boundaries for proper pairs: (115, 311)
[M::mem_pestat] skip orientation RF as there are not enough pairs
[M::mem_pestat] skip orientation RR as there are not enough pairs
[M::mem_process_seqs] Processed 69108 reads in 5.434 CPU sec, 5.161 real sec
[M::process] read 69096 sequences (10000193 bp)...
[M::mem_pestat] # candidate unique pairs for (FF, FR, RF, RR): (0, 33821, 2, 0)
[M::mem_pestat] skip orientation FF as there are not enough pairs
[M::mem_pestat] analyzing insert size distribution for orientation FR...
[M::mem_pestat] (25, 50, 75) percentile: (199, 200, 227)
[M::mem_pestat] low and high boundaries for computing mean and std.dev: (143, 283)
[M::mem_pestat] mean and std.dev: (207.25, 15.30)
[M::mem_pestat] low and high boundaries for proper pairs: (115, 311)
[M::mem_pestat] skip orientation RF as there are not enough pairs
[M::mem_pestat] skip orientation RR as there are not enough pairs
[M::mem_process_seqs] Processed 69018 reads in 5.182 CPU sec, 4.890 real sec
[M::process] read 26866 sequences (3896302 bp)...
[M::mem_pestat] # candidate unique pairs for (FF, FR, RF, RR): (0, 34001, 1, 0)
[M::mem_pestat] skip orientation FF as there are not enough pairs
[M::mem_pestat] analyzing insert size distribution for orientation FR...
[M::mem_pestat] (25, 50, 75) percentile: (199, 200, 227)
[M::mem_pestat] low and high boundaries for computing mean and std.dev: (143, 283)
[M::mem_pestat] mean and std.dev: (207.48, 15.34)
[M::mem_pestat] low and high boundaries for proper pairs: (115, 311)
[M::mem_pestat] skip orientation RF as there are not enough pairs
[M::mem_pestat] skip orientation RR as there are not enough pairs
[M::mem_process_seqs] Processed 69096 reads in 4.558 CPU sec, 4.458 real sec
[M::mem_pestat] # candidate unique pairs for (FF, FR, RF, RR): (0, 13205, 0, 0)
[M::mem_pestat] skip orientation FF as there are not enough pairs
[M::mem_pestat] analyzing insert size distribution for orientation FR...
[M::mem_pestat] (25, 50, 75) percentile: (199, 200, 227)
[M::mem_pestat] low and high boundaries for computing mean and std.dev: (143, 283)
[M::mem_pestat] mean and std.dev: (207.50, 15.28)
[M::mem_pestat] low and high boundaries for proper pairs: (115, 311)
[M::mem_pestat] skip orientation RF as there are not enough pairs
[M::mem_pestat] skip orientation RR as there are not enough pairs
[M::mem_process_seqs] Processed 26866 reads in 2.001 CPU sec, 1.970 real sec
[main] Version: 0.7.12-r1039
[main] CMD: /opt/linux/centos/7.x/x86_64/pkgs/bwa/0.7.12/bin/bwa mem -t 1 -R @RG\tID:C4\tSM:C4\tLB:Lib\ References.fasta ExternalData/Pooled/Stacks/C4.1.fq.gz ExternalData/Pooled/Stacks/C4.2.fq.gz
[main] Real time: 21.486 sec; CPU: 22.194 sec
samblaster: Output 113 discordant read pairs to C4.74qLXH7Dz89R/disc_pipe
samblaster: Output 84 split reads to C4.74qLXH7Dz89R/spl_pipe
samblaster: Marked 149619 of 151623 (98.68%) read ids as duplicates using 1344k memory in 0.637S CPU seconds and 22S wall time.
Done
Using GATK jar /bigdata/operations/pkgadmin/opt/linux/centos/7.x/x86_64/pkgs/gatk/4.0.8.1/gatk-package-4.0.8.1-local.jar
Running:
    java -Dsamjdk.use_async_io_read_samtools=false -Dsamjdk.use_async_io_write_samtools=true -Dsamjdk.use_async_io_write_tribble=false -Dsamjdk.compression_level=2 -jar /bigdata/operations/pkgadmin/opt/linux/centos/7.x/x86_64/pkgs/gatk/4.0.8.1/gatk-package-4.0.8.1-local.jar HaplotypeCaller -R References.fasta -I results/C4.bam -O results/C4.g.vcf -ERC GVCF
15:11:14.328 INFO  NativeLibraryLoader - Loading libgkl_compression.so from jar:file:/bigdata/operations/pkgadmin/opt/linux/centos/7.x/x86_64/pkgs/gatk/4.0.8.1/gatk-package-4.0.8.1-local.jar!/com/intel/gkl/native/libgkl_compression.so
15:11:14.586 INFO  HaplotypeCaller - ------------------------------------------------------------
15:11:14.588 INFO  HaplotypeCaller - The Genome Analysis Toolkit (GATK) v4.0.8.1
15:11:14.589 INFO  HaplotypeCaller - For support and documentation go to https://software.broadinstitute.org/gatk/
15:11:14.590 INFO  HaplotypeCaller - Executing as arajewski@i08 on Linux v3.10.0-957.el7.x86_64 amd64
15:11:14.590 INFO  HaplotypeCaller - Java runtime: Java HotSpot(TM) 64-Bit Server VM v1.8.0_45-b14
15:11:14.590 INFO  HaplotypeCaller - Start Date/Time: May 26, 2020 3:11:14 PM PDT
15:11:14.591 INFO  HaplotypeCaller - ------------------------------------------------------------
15:11:14.591 INFO  HaplotypeCaller - ------------------------------------------------------------
15:11:14.591 INFO  HaplotypeCaller - HTSJDK Version: 2.16.0
15:11:14.592 INFO  HaplotypeCaller - Picard Version: 2.18.7
15:11:14.592 INFO  HaplotypeCaller - HTSJDK Defaults.COMPRESSION_LEVEL : 2
15:11:14.592 INFO  HaplotypeCaller - HTSJDK Defaults.USE_ASYNC_IO_READ_FOR_SAMTOOLS : false
15:11:14.592 INFO  HaplotypeCaller - HTSJDK Defaults.USE_ASYNC_IO_WRITE_FOR_SAMTOOLS : true
15:11:14.592 INFO  HaplotypeCaller - HTSJDK Defaults.USE_ASYNC_IO_WRITE_FOR_TRIBBLE : false
15:11:14.592 INFO  HaplotypeCaller - Deflater: IntelDeflater
15:11:14.592 INFO  HaplotypeCaller - Inflater: IntelInflater
15:11:14.592 INFO  HaplotypeCaller - GCS max retries/reopens: 20
15:11:14.592 INFO  HaplotypeCaller - Using google-cloud-java fork https://github.com/broadinstitute/google-cloud-java/releases/tag/0.20.5-alpha-GCS-RETRY-FIX
15:11:14.593 INFO  HaplotypeCaller - Initializing engine
15:11:15.948 INFO  HaplotypeCaller - Done initializing engine
15:11:15.971 INFO  HaplotypeCallerEngine - Tool is in reference confidence mode and the annotation, the following changes will be made to any specified annotations: 'StrandBiasBySample' will be enabled. 'ChromosomeCounts', 'FisherStrand', 'StrandOddsRatio' and 'QualByDepth' annotations have been disabled
15:11:15.978 INFO  HaplotypeCallerEngine - Standard Emitting and Calling confidence set to 0.0 for reference-model confidence output
15:11:15.978 INFO  HaplotypeCallerEngine - All sites annotated with PLs forced to true for reference-model confidence output
15:11:16.000 INFO  NativeLibraryLoader - Loading libgkl_utils.so from jar:file:/bigdata/operations/pkgadmin/opt/linux/centos/7.x/x86_64/pkgs/gatk/4.0.8.1/gatk-package-4.0.8.1-local.jar!/com/intel/gkl/native/libgkl_utils.so
15:11:16.005 INFO  NativeLibraryLoader - Loading libgkl_pairhmm_omp.so from jar:file:/bigdata/operations/pkgadmin/opt/linux/centos/7.x/x86_64/pkgs/gatk/4.0.8.1/gatk-package-4.0.8.1-local.jar!/com/intel/gkl/native/libgkl_pairhmm_omp.so
15:11:16.050 WARN  IntelPairHmm - Flush-to-zero (FTZ) is enabled when running PairHMM
15:11:16.050 INFO  IntelPairHmm - Available threads: 2
15:11:16.050 INFO  IntelPairHmm - Requested threads: 4
15:11:16.050 WARN  IntelPairHmm - Using 2 available threads, but 4 were requested
15:11:16.051 INFO  PairHMM - Using the OpenMP multi-threaded AVX-accelerated native PairHMM implementation
15:11:16.151 INFO  ProgressMeter - Starting traversal
15:11:16.153 INFO  ProgressMeter -        Current Locus  Elapsed Minutes     Regions Processed   Regions/Minute
15:11:31.316 INFO  ProgressMeter -           SpFUL2:312              0.3                    20             79.1
15:11:33.817 INFO  HaplotypeCaller - 299581 read(s) filtered by: ((((((((MappingQualityReadFilter AND MappingQualityAvailableReadFilter) AND MappedReadFilter) AND NotSecondaryAlignmentReadFilter) AND NotDuplicateReadFilter) AND PassesVendorQualityCheckReadFilter) AND NonZeroReferenceLengthAlignmentReadFilter) AND GoodCigarReadFilter) AND WellformedReadFilter)
  299581 read(s) filtered by: (((((((MappingQualityReadFilter AND MappingQualityAvailableReadFilter) AND MappedReadFilter) AND NotSecondaryAlignmentReadFilter) AND NotDuplicateReadFilter) AND PassesVendorQualityCheckReadFilter) AND NonZeroReferenceLengthAlignmentReadFilter) AND GoodCigarReadFilter)
      299581 read(s) filtered by: ((((((MappingQualityReadFilter AND MappingQualityAvailableReadFilter) AND MappedReadFilter) AND NotSecondaryAlignmentReadFilter) AND NotDuplicateReadFilter) AND PassesVendorQualityCheckReadFilter) AND NonZeroReferenceLengthAlignmentReadFilter)
          299581 read(s) filtered by: (((((MappingQualityReadFilter AND MappingQualityAvailableReadFilter) AND MappedReadFilter) AND NotSecondaryAlignmentReadFilter) AND NotDuplicateReadFilter) AND PassesVendorQualityCheckReadFilter)
              299581 read(s) filtered by: ((((MappingQualityReadFilter AND MappingQualityAvailableReadFilter) AND MappedReadFilter) AND NotSecondaryAlignmentReadFilter) AND NotDuplicateReadFilter)
                  325 read(s) filtered by: (((MappingQualityReadFilter AND MappingQualityAvailableReadFilter) AND MappedReadFilter) AND NotSecondaryAlignmentReadFilter)
                      325 read(s) filtered by: ((MappingQualityReadFilter AND MappingQualityAvailableReadFilter) AND MappedReadFilter)
                          325 read(s) filtered by: (MappingQualityReadFilter AND MappingQualityAvailableReadFilter)
                              325 read(s) filtered by: MappingQualityReadFilter 
                  299256 read(s) filtered by: NotDuplicateReadFilter 

15:11:33.819 INFO  ProgressMeter -           SpFUL2:312              0.3                    27             91.7
15:11:33.819 INFO  ProgressMeter - Traversal complete. Processed 27 total regions in 0.3 minutes.
15:11:33.825 INFO  VectorLoglessPairHMM - Time spent in setup for JNI call : 0.036706296
15:11:33.825 INFO  PairHMM - Total compute time in PairHMM computeLogLikelihoods() : 3.326971168
15:11:33.825 INFO  SmithWatermanAligner - Total compute time in java Smith-Waterman : 3.21 sec
15:11:33.825 INFO  HaplotypeCaller - Shutting down engine
[May 26, 2020 3:11:33 PM PDT] org.broadinstitute.hellbender.tools.walkers.haplotypecaller.HaplotypeCaller done. Elapsed time: 0.33 minutes.
Runtime.totalMemory()=2475687936
