Sourcing executables from speedseq.config ...
Aligning...
samblaster: Version 0.1.22
samblaster: Inputting from stdin
samblaster: Outputting to stdout
samblaster: Opening B3.H4QRmqqRv8Uv/disc_pipe for write.
[M::bwa_idx_load_from_disk] read 0 ALT contigs
samblaster: Opening B3.H4QRmqqRv8Uv/spl_pipe for write.
[M::process] read 69304 sequences (10000106 bp)...
[M::process] read 69280 sequences (10000126 bp)...
[M::mem_pestat] # candidate unique pairs for (FF, FR, RF, RR): (0, 33715, 0, 0)
[M::mem_pestat] skip orientation FF as there are not enough pairs
[M::mem_pestat] analyzing insert size distribution for orientation FR...
[M::mem_pestat] (25, 50, 75) percentile: (189, 200, 210)
[M::mem_pestat] low and high boundaries for computing mean and std.dev: (147, 252)
[M::mem_pestat] mean and std.dev: (202.56, 14.77)
[M::mem_pestat] low and high boundaries for proper pairs: (126, 273)
[M::mem_pestat] skip orientation RF as there are not enough pairs
[M::mem_pestat] skip orientation RR as there are not enough pairs
[M::mem_process_seqs] Processed 69304 reads in 3.527 CPU sec, 3.372 real sec
samblaster: Loaded 12 header sequence entries.
[M::process] read 69290 sequences (10000274 bp)...
[M::mem_pestat] # candidate unique pairs for (FF, FR, RF, RR): (0, 33752, 1, 0)
[M::mem_pestat] skip orientation FF as there are not enough pairs
[M::mem_pestat] analyzing insert size distribution for orientation FR...
[M::mem_pestat] (25, 50, 75) percentile: (189, 200, 210)
[M::mem_pestat] low and high boundaries for computing mean and std.dev: (147, 252)
[M::mem_pestat] mean and std.dev: (202.74, 14.79)
[M::mem_pestat] low and high boundaries for proper pairs: (126, 273)
[M::mem_pestat] skip orientation RF as there are not enough pairs
[M::mem_pestat] skip orientation RR as there are not enough pairs
[M::mem_process_seqs] Processed 69280 reads in 3.910 CPU sec, 3.640 real sec
[M::process] read 18106 sequences (2616116 bp)...
[M::mem_pestat] # candidate unique pairs for (FF, FR, RF, RR): (0, 33728, 0, 0)
[M::mem_pestat] skip orientation FF as there are not enough pairs
[M::mem_pestat] analyzing insert size distribution for orientation FR...
[M::mem_pestat] (25, 50, 75) percentile: (189, 200, 210)
[M::mem_pestat] low and high boundaries for computing mean and std.dev: (147, 252)
[M::mem_pestat] mean and std.dev: (202.78, 14.80)
[M::mem_pestat] low and high boundaries for proper pairs: (126, 273)
[M::mem_pestat] skip orientation RF as there are not enough pairs
[M::mem_pestat] skip orientation RR as there are not enough pairs
[M::mem_process_seqs] Processed 69290 reads in 3.725 CPU sec, 3.614 real sec
[M::mem_pestat] # candidate unique pairs for (FF, FR, RF, RR): (0, 8818, 0, 0)
[M::mem_pestat] skip orientation FF as there are not enough pairs
[M::mem_pestat] analyzing insert size distribution for orientation FR...
[M::mem_pestat] (25, 50, 75) percentile: (189, 200, 210)
[M::mem_pestat] low and high boundaries for computing mean and std.dev: (147, 252)
[M::mem_pestat] mean and std.dev: (202.64, 14.86)
[M::mem_pestat] low and high boundaries for proper pairs: (126, 273)
[M::mem_pestat] skip orientation RF as there are not enough pairs
[M::mem_pestat] skip orientation RR as there are not enough pairs
[M::mem_process_seqs] Processed 18106 reads in 1.187 CPU sec, 1.205 real sec
samblaster: Output 44 discordant read pairs to B3.H4QRmqqRv8Uv/disc_pipe
[main] Version: 0.7.12-r1039
samblaster: Output 4 split reads to B3.H4QRmqqRv8Uv/spl_pipe
[main] CMD: /opt/linux/centos/7.x/x86_64/pkgs/bwa/0.7.12/bin/bwa mem -t 1 -R @RG\tID:B3\tSM:B3\tLB:Lib\ References.fasta ExternalData/Flowcell_1304/Pooled/Stacks/B3.1.fq.gz ExternalData/Flowcell_1304/Pooled/Stacks/B3.2.fq.gzsamblaster: Marked 112593 of 112990 (99.65%) read ids as duplicates using 1340k memory in 
[main] Real time: 12.156 sec; CPU: 12.513 sec
0.433S CPU seconds and 12S wall time.
Done
