Sourcing executables from speedseq.config ...
Aligning...
samblaster: Version 0.1.22
samblaster: Inputting from stdin
samblaster: Outputting to stdout
samblaster: Opening E2.ON9osYDH2Tsm/disc_pipe for write.
[M::bwa_idx_load_from_disk] read 0 ALT contigs
samblaster: Opening E2.ON9osYDH2Tsm/spl_pipe for write.
[M::process] read 70640 sequences (10000188 bp)...
[M::process] read 70684 sequences (10000156 bp)...
[M::mem_pestat] # candidate unique pairs for (FF, FR, RF, RR): (0, 34991, 0, 0)
[M::mem_pestat] skip orientation FF as there are not enough pairs
[M::mem_pestat] analyzing insert size distribution for orientation FR...
[M::mem_pestat] (25, 50, 75) percentile: (189, 200, 200)
[M::mem_pestat] low and high boundaries for computing mean and std.dev: (167, 222)
[M::mem_pestat] mean and std.dev: (199.75, 6.75)
[M::mem_pestat] low and high boundaries for proper pairs: (156, 233)
[M::mem_pestat] skip orientation RF as there are not enough pairs
[M::mem_pestat] skip orientation RR as there are not enough pairs
[M::mem_process_seqs] Processed 70640 reads in 4.419 CPU sec, 4.200 real sec
samblaster: Loaded 12 header sequence entries.
[M::process] read 70616 sequences (10000098 bp)...
[M::mem_pestat] # candidate unique pairs for (FF, FR, RF, RR): (0, 35018, 0, 0)
[M::mem_pestat] skip orientation FF as there are not enough pairs
[M::mem_pestat] analyzing insert size distribution for orientation FR...
[M::mem_pestat] (25, 50, 75) percentile: (189, 200, 200)
[M::mem_pestat] low and high boundaries for computing mean and std.dev: (167, 222)
[M::mem_pestat] mean and std.dev: (199.48, 6.94)
[M::mem_pestat] low and high boundaries for proper pairs: (156, 233)
[M::mem_pestat] skip orientation RF as there are not enough pairs
[M::mem_pestat] skip orientation RR as there are not enough pairs
[M::mem_process_seqs] Processed 70684 reads in 4.852 CPU sec, 4.677 real sec
[M::process] read 70586 sequences (10000163 bp)...
[M::mem_pestat] # candidate unique pairs for (FF, FR, RF, RR): (0, 35043, 2, 0)
[M::mem_pestat] skip orientation FF as there are not enough pairs
[M::mem_pestat] analyzing insert size distribution for orientation FR...
[M::mem_pestat] (25, 50, 75) percentile: (189, 200, 200)
[M::mem_pestat] low and high boundaries for computing mean and std.dev: (167, 222)
[M::mem_pestat] mean and std.dev: (199.56, 6.86)
[M::mem_pestat] low and high boundaries for proper pairs: (156, 233)
[M::mem_pestat] skip orientation RF as there are not enough pairs
[M::mem_pestat] skip orientation RR as there are not enough pairs
[M::mem_process_seqs] Processed 70616 reads in 4.760 CPU sec, 4.540 real sec
[M::process] read 2094 sequences (297175 bp)...
[M::mem_pestat] # candidate unique pairs for (FF, FR, RF, RR): (0, 35064, 0, 0)
[M::mem_pestat] skip orientation FF as there are not enough pairs
[M::mem_pestat] analyzing insert size distribution for orientation FR...
[M::mem_pestat] (25, 50, 75) percentile: (189, 200, 200)
[M::mem_pestat] low and high boundaries for computing mean and std.dev: (167, 222)
[M::mem_pestat] mean and std.dev: (199.78, 6.69)
[M::mem_pestat] low and high boundaries for proper pairs: (156, 233)
[M::mem_pestat] skip orientation RF as there are not enough pairs
[M::mem_pestat] skip orientation RR as there are not enough pairs
[M::mem_process_seqs] Processed 70586 reads in 4.224 CPU sec, 4.139 real sec
[M::mem_pestat] # candidate unique pairs for (FF, FR, RF, RR): (0, 1038, 0, 0)
[M::mem_pestat] skip orientation FF as there are not enough pairs
[M::mem_pestat] analyzing insert size distribution for orientation FR...
[M::mem_pestat] (25, 50, 75) percentile: (189, 200, 200)
[M::mem_pestat] low and high boundaries for computing mean and std.dev: (167, 222)
[M::mem_pestat] mean and std.dev: (199.87, 6.97)
[M::mem_pestat] low and high boundaries for proper pairs: (156, 233)
[M::mem_pestat] skip orientation RF as there are not enough pairs
[M::mem_pestat] skip orientation RR as there are not enough pairs
[M::mem_process_seqs] Processed 2094 reads in 0.236 CPU sec, 0.213 real sec
samblaster: Output 108 discordant read pairs to E2.ON9osYDH2Tsm/disc_pipe
[main] Version: 0.7.12-r1039
samblaster: Output 30 split reads to E2.ON9osYDH2Tsm/spl_pipe
[main] CMD: /opt/linux/centos/7.x/x86_64/pkgs/bwa/0.7.12/bin/bwa mem -t 1 -R @RG\tID:E2\tSM:E2\tLB:Lib\ References.fasta ExternalData/Pooled/Stacks/E2.1.fq.gz ExternalData/Pooled/Stacks/E2.2.fq.gzsamblaster: Marked 141690 of 142310 (99.56%) read ids as duplicates using 1340k memory in 
[main] Real time: 18.236 sec; CPU: 18.712 sec
0.567S CPU seconds and 18S wall time.
Done
Using GATK jar /bigdata/operations/pkgadmin/opt/linux/centos/7.x/x86_64/pkgs/gatk/4.0.8.1/gatk-package-4.0.8.1-local.jar
Running:
    java -Dsamjdk.use_async_io_read_samtools=false -Dsamjdk.use_async_io_write_samtools=true -Dsamjdk.use_async_io_write_tribble=false -Dsamjdk.compression_level=2 -jar /bigdata/operations/pkgadmin/opt/linux/centos/7.x/x86_64/pkgs/gatk/4.0.8.1/gatk-package-4.0.8.1-local.jar HaplotypeCaller -R References.fasta -I results/E2.bam -O results/E2.g.vcf -ERC GVCF
15:11:09.547 INFO  NativeLibraryLoader - Loading libgkl_compression.so from jar:file:/bigdata/operations/pkgadmin/opt/linux/centos/7.x/x86_64/pkgs/gatk/4.0.8.1/gatk-package-4.0.8.1-local.jar!/com/intel/gkl/native/libgkl_compression.so
15:11:10.481 INFO  HaplotypeCaller - ------------------------------------------------------------
15:11:10.482 INFO  HaplotypeCaller - The Genome Analysis Toolkit (GATK) v4.0.8.1
15:11:10.483 INFO  HaplotypeCaller - For support and documentation go to https://software.broadinstitute.org/gatk/
15:11:10.484 INFO  HaplotypeCaller - Executing as arajewski@i05 on Linux v3.10.0-957.el7.x86_64 amd64
15:11:10.485 INFO  HaplotypeCaller - Java runtime: Java HotSpot(TM) 64-Bit Server VM v1.8.0_45-b14
15:11:10.485 INFO  HaplotypeCaller - Start Date/Time: May 26, 2020 3:11:09 PM PDT
15:11:10.485 INFO  HaplotypeCaller - ------------------------------------------------------------
15:11:10.485 INFO  HaplotypeCaller - ------------------------------------------------------------
15:11:10.485 INFO  HaplotypeCaller - HTSJDK Version: 2.16.0
15:11:10.486 INFO  HaplotypeCaller - Picard Version: 2.18.7
15:11:10.486 INFO  HaplotypeCaller - HTSJDK Defaults.COMPRESSION_LEVEL : 2
15:11:10.486 INFO  HaplotypeCaller - HTSJDK Defaults.USE_ASYNC_IO_READ_FOR_SAMTOOLS : false
15:11:10.486 INFO  HaplotypeCaller - HTSJDK Defaults.USE_ASYNC_IO_WRITE_FOR_SAMTOOLS : true
15:11:10.486 INFO  HaplotypeCaller - HTSJDK Defaults.USE_ASYNC_IO_WRITE_FOR_TRIBBLE : false
15:11:10.486 INFO  HaplotypeCaller - Deflater: IntelDeflater
15:11:10.486 INFO  HaplotypeCaller - Inflater: IntelInflater
15:11:10.486 INFO  HaplotypeCaller - GCS max retries/reopens: 20
15:11:10.486 INFO  HaplotypeCaller - Using google-cloud-java fork https://github.com/broadinstitute/google-cloud-java/releases/tag/0.20.5-alpha-GCS-RETRY-FIX
15:11:10.486 INFO  HaplotypeCaller - Initializing engine
15:11:11.070 INFO  HaplotypeCaller - Done initializing engine
15:11:11.079 INFO  HaplotypeCallerEngine - Tool is in reference confidence mode and the annotation, the following changes will be made to any specified annotations: 'StrandBiasBySample' will be enabled. 'ChromosomeCounts', 'FisherStrand', 'StrandOddsRatio' and 'QualByDepth' annotations have been disabled
15:11:11.088 INFO  HaplotypeCallerEngine - Standard Emitting and Calling confidence set to 0.0 for reference-model confidence output
15:11:11.088 INFO  HaplotypeCallerEngine - All sites annotated with PLs forced to true for reference-model confidence output
15:11:11.106 INFO  NativeLibraryLoader - Loading libgkl_utils.so from jar:file:/bigdata/operations/pkgadmin/opt/linux/centos/7.x/x86_64/pkgs/gatk/4.0.8.1/gatk-package-4.0.8.1-local.jar!/com/intel/gkl/native/libgkl_utils.so
15:11:11.109 INFO  NativeLibraryLoader - Loading libgkl_pairhmm_omp.so from jar:file:/bigdata/operations/pkgadmin/opt/linux/centos/7.x/x86_64/pkgs/gatk/4.0.8.1/gatk-package-4.0.8.1-local.jar!/com/intel/gkl/native/libgkl_pairhmm_omp.so
15:11:11.152 WARN  IntelPairHmm - Flush-to-zero (FTZ) is enabled when running PairHMM
15:11:11.153 INFO  IntelPairHmm - Available threads: 2
15:11:11.153 INFO  IntelPairHmm - Requested threads: 4
15:11:11.154 WARN  IntelPairHmm - Using 2 available threads, but 4 were requested
15:11:11.154 INFO  PairHMM - Using the OpenMP multi-threaded AVX-accelerated native PairHMM implementation
15:11:11.244 INFO  ProgressMeter - Starting traversal
15:11:11.245 INFO  ProgressMeter -        Current Locus  Elapsed Minutes     Regions Processed   Regions/Minute
15:11:23.433 INFO  ProgressMeter -           SpMBP10:59              0.2                    20             98.5
15:11:24.312 INFO  HaplotypeCaller - 283417 read(s) filtered by: ((((((((MappingQualityReadFilter AND MappingQualityAvailableReadFilter) AND MappedReadFilter) AND NotSecondaryAlignmentReadFilter) AND NotDuplicateReadFilter) AND PassesVendorQualityCheckReadFilter) AND NonZeroReferenceLengthAlignmentReadFilter) AND GoodCigarReadFilter) AND WellformedReadFilter)
  283417 read(s) filtered by: (((((((MappingQualityReadFilter AND MappingQualityAvailableReadFilter) AND MappedReadFilter) AND NotSecondaryAlignmentReadFilter) AND NotDuplicateReadFilter) AND PassesVendorQualityCheckReadFilter) AND NonZeroReferenceLengthAlignmentReadFilter) AND GoodCigarReadFilter)
      283417 read(s) filtered by: ((((((MappingQualityReadFilter AND MappingQualityAvailableReadFilter) AND MappedReadFilter) AND NotSecondaryAlignmentReadFilter) AND NotDuplicateReadFilter) AND PassesVendorQualityCheckReadFilter) AND NonZeroReferenceLengthAlignmentReadFilter)
          283417 read(s) filtered by: (((((MappingQualityReadFilter AND MappingQualityAvailableReadFilter) AND MappedReadFilter) AND NotSecondaryAlignmentReadFilter) AND NotDuplicateReadFilter) AND PassesVendorQualityCheckReadFilter)
              283417 read(s) filtered by: ((((MappingQualityReadFilter AND MappingQualityAvailableReadFilter) AND MappedReadFilter) AND NotSecondaryAlignmentReadFilter) AND NotDuplicateReadFilter)
                  332 read(s) filtered by: (((MappingQualityReadFilter AND MappingQualityAvailableReadFilter) AND MappedReadFilter) AND NotSecondaryAlignmentReadFilter)
                      332 read(s) filtered by: ((MappingQualityReadFilter AND MappingQualityAvailableReadFilter) AND MappedReadFilter)
                          332 read(s) filtered by: (MappingQualityReadFilter AND MappingQualityAvailableReadFilter)
                              332 read(s) filtered by: MappingQualityReadFilter 
                  283085 read(s) filtered by: NotDuplicateReadFilter 

15:11:24.312 INFO  ProgressMeter -           SpMBP10:59              0.2                    27            124.0
15:11:24.312 INFO  ProgressMeter - Traversal complete. Processed 27 total regions in 0.2 minutes.
15:11:24.320 INFO  VectorLoglessPairHMM - Time spent in setup for JNI call : 0.0256509
15:11:24.321 INFO  PairHMM - Total compute time in PairHMM computeLogLikelihoods() : 2.350412475
15:11:24.322 INFO  SmithWatermanAligner - Total compute time in java Smith-Waterman : 2.89 sec
15:11:24.322 INFO  HaplotypeCaller - Shutting down engine
[May 26, 2020 3:11:24 PM PDT] org.broadinstitute.hellbender.tools.walkers.haplotypecaller.HaplotypeCaller done. Elapsed time: 0.25 minutes.
Runtime.totalMemory()=2550136832
