Sourcing executables from speedseq.config ...
Aligning...
[M::bwa_idx_load_from_disk] read 0 ALT contigs
samblaster: Version 0.1.22
samblaster: Inputting from stdin
samblaster: Outputting to stdout
samblaster: Opening F4.pUSBGGgdYXse/disc_pipe for write.
samblaster: Opening F4.pUSBGGgdYXse/spl_pipe for write.
[M::process] read 69796 sequences (10000098 bp)...
[M::process] read 69798 sequences (10000101 bp)...
[M::mem_pestat] # candidate unique pairs for (FF, FR, RF, RR): (0, 31134, 0, 0)
[M::mem_pestat] skip orientation FF as there are not enough pairs
[M::mem_pestat] analyzing insert size distribution for orientation FR...
[M::mem_pestat] (25, 50, 75) percentile: (189, 199, 210)
[M::mem_pestat] low and high boundaries for computing mean and std.dev: (147, 252)
[M::mem_pestat] mean and std.dev: (202.52, 13.34)
[M::mem_pestat] low and high boundaries for proper pairs: (126, 273)
[M::mem_pestat] skip orientation RF as there are not enough pairs
[M::mem_pestat] skip orientation RR as there are not enough pairs
[M::mem_process_seqs] Processed 69796 reads in 4.632 CPU sec, 4.493 real sec
samblaster: Loaded 12 header sequence entries.
[M::process] read 69670 sequences (10000099 bp)...
[M::mem_pestat] # candidate unique pairs for (FF, FR, RF, RR): (0, 31217, 0, 0)
[M::mem_pestat] skip orientation FF as there are not enough pairs
[M::mem_pestat] analyzing insert size distribution for orientation FR...
[M::mem_pestat] (25, 50, 75) percentile: (189, 199, 210)
[M::mem_pestat] low and high boundaries for computing mean and std.dev: (147, 252)
[M::mem_pestat] mean and std.dev: (202.37, 13.25)
[M::mem_pestat] low and high boundaries for proper pairs: (126, 273)
[M::mem_pestat] skip orientation RF as there are not enough pairs
[M::mem_pestat] skip orientation RR as there are not enough pairs
[M::mem_process_seqs] Processed 69798 reads in 4.962 CPU sec, 4.712 real sec
[M::process] read 5464 sequences (784565 bp)...
[M::mem_pestat] # candidate unique pairs for (FF, FR, RF, RR): (0, 31019, 0, 0)
[M::mem_pestat] skip orientation FF as there are not enough pairs
[M::mem_pestat] analyzing insert size distribution for orientation FR...
[M::mem_pestat] (25, 50, 75) percentile: (189, 199, 210)
[M::mem_pestat] low and high boundaries for computing mean and std.dev: (147, 252)
[M::mem_pestat] mean and std.dev: (202.57, 13.42)
[M::mem_pestat] low and high boundaries for proper pairs: (126, 273)
[M::mem_pestat] skip orientation RF as there are not enough pairs
[M::mem_pestat] skip orientation RR as there are not enough pairs
[M::mem_process_seqs] Processed 69670 reads in 4.772 CPU sec, 4.668 real sec
[M::mem_pestat] # candidate unique pairs for (FF, FR, RF, RR): (0, 2447, 0, 0)
[M::mem_pestat] skip orientation FF as there are not enough pairs
[M::mem_pestat] analyzing insert size distribution for orientation FR...
[M::mem_pestat] (25, 50, 75) percentile: (189, 199, 210)
[M::mem_pestat] low and high boundaries for computing mean and std.dev: (147, 252)
[M::mem_pestat] mean and std.dev: (202.33, 12.98)
[M::mem_pestat] low and high boundaries for proper pairs: (126, 273)
[M::mem_pestat] skip orientation RF as there are not enough pairs
[M::mem_pestat] skip orientation RR as there are not enough pairs
[M::mem_process_seqs] Processed 5464 reads in 0.694 CPU sec, 0.615 real sec
[main] Version: 0.7.12-r1039
[main] CMD: /opt/linux/centos/7.x/x86_64/pkgs/bwa/0.7.12/bin/bwa mem -t 1 -R @RG\tID:F4\tSM:F4\tLB:Lib\ References.fasta ExternalData/Flowcell_1304/Pooled/Stacks/F4.1.fq.gz ExternalData/Flowcell_1304/Pooled/Stacks/F4.2.fq.gz
[main] Real time: 14.692 sec; CPU: 15.212 sec
samblaster: Output 75 discordant read pairs to F4.pUSBGGgdYXse/disc_pipe
samblaster: Output 0 split reads to F4.pUSBGGgdYXse/spl_pipe
samblaster: Marked 106849 of 107364 (99.52%) read ids as duplicates using 1344k memory in 0.429S CPU seconds and 15S wall time.
Done
