Sourcing executables from speedseq.config ...
Aligning...
samblaster: Version 0.1.22
samblaster: Inputting from stdin
samblaster: Outputting to stdout
samblaster: Opening E1.5m7T3JKTOumF/disc_pipe for write.
[M::bwa_idx_load_from_disk] read 0 ALT contigs
samblaster: Opening E1.5m7T3JKTOumF/spl_pipe for write.
[M::process] read 68416 sequences (10000211 bp)...
[M::process] read 68386 sequences (10000145 bp)...
[M::mem_pestat] # candidate unique pairs for (FF, FR, RF, RR): (0, 30437, 0, 0)
[M::mem_pestat] skip orientation FF as there are not enough pairs
[M::mem_pestat] analyzing insert size distribution for orientation FR...
[M::mem_pestat] (25, 50, 75) percentile: (189, 199, 210)
[M::mem_pestat] low and high boundaries for computing mean and std.dev: (147, 252)
[M::mem_pestat] mean and std.dev: (200.20, 10.88)
[M::mem_pestat] low and high boundaries for proper pairs: (126, 273)
[M::mem_pestat] skip orientation RF as there are not enough pairs
[M::mem_pestat] skip orientation RR as there are not enough pairs
[M::mem_process_seqs] Processed 68416 reads in 4.390 CPU sec, 4.250 real sec
samblaster: Loaded 12 header sequence entries.
[M::process] read 68376 sequences (10000110 bp)...
[M::mem_pestat] # candidate unique pairs for (FF, FR, RF, RR): (0, 30422, 0, 0)
[M::mem_pestat] skip orientation FF as there are not enough pairs
[M::mem_pestat] analyzing insert size distribution for orientation FR...
[M::mem_pestat] (25, 50, 75) percentile: (189, 199, 210)
[M::mem_pestat] low and high boundaries for computing mean and std.dev: (147, 252)
[M::mem_pestat] mean and std.dev: (200.09, 10.80)
[M::mem_pestat] low and high boundaries for proper pairs: (126, 273)
[M::mem_pestat] skip orientation RF as there are not enough pairs
[M::mem_pestat] skip orientation RR as there are not enough pairs
[M::mem_process_seqs] Processed 68386 reads in 4.846 CPU sec, 4.627 real sec
[M::process] read 51880 sequences (7584640 bp)...
[M::mem_pestat] # candidate unique pairs for (FF, FR, RF, RR): (0, 30410, 0, 0)
[M::mem_pestat] skip orientation FF as there are not enough pairs
[M::mem_pestat] analyzing insert size distribution for orientation FR...
[M::mem_pestat] (25, 50, 75) percentile: (189, 199, 210)
[M::mem_pestat] low and high boundaries for computing mean and std.dev: (147, 252)
[M::mem_pestat] mean and std.dev: (200.23, 10.81)
[M::mem_pestat] low and high boundaries for proper pairs: (126, 273)
[M::mem_pestat] skip orientation RF as there are not enough pairs
[M::mem_pestat] skip orientation RR as there are not enough pairs
[M::mem_process_seqs] Processed 68376 reads in 4.814 CPU sec, 4.600 real sec
[M::mem_pestat] # candidate unique pairs for (FF, FR, RF, RR): (0, 22993, 0, 0)
[M::mem_pestat] skip orientation FF as there are not enough pairs
[M::mem_pestat] analyzing insert size distribution for orientation FR...
[M::mem_pestat] (25, 50, 75) percentile: (189, 199, 210)
[M::mem_pestat] low and high boundaries for computing mean and std.dev: (147, 252)
[M::mem_pestat] mean and std.dev: (200.08, 10.67)
[M::mem_pestat] low and high boundaries for proper pairs: (126, 273)
[M::mem_pestat] skip orientation RF as there are not enough pairs
[M::mem_pestat] skip orientation RR as there are not enough pairs
[M::mem_process_seqs] Processed 51880 reads in 3.614 CPU sec, 3.545 real sec
[main] Version: 0.7.12-r1039
samblaster: Output 84 discordant read pairs to E1.5m7T3JKTOumF/disc_pipe
[main] CMD:samblaster: Output 2 split reads to E1.5m7T3JKTOumF/spl_pipe
 /opt/linux/centos/7.x/x86_64/pkgs/bwa/0.7.12/bin/bwa mem -t 1 -R @RG\tID:E1\tSM:E1\tLB:Lib\ References.fasta ExternalData/Flowcell_1304/Pooled/Stacks/E1.1.fq.gz ExternalData/Flowcell_1304/Pooled/Stacks/E1.2.fq.gzsamblaster: Marked 128190 of 128529 (99.74%) read ids as duplicates using 1340k memory in 
[main] Real time: 17.507 sec; CPU: 17.863 sec
0.494S CPU seconds and 17S wall time.
Done
