Sourcing executables from speedseq.config ...
Aligning...
[M::bwa_idx_load_from_disk] read 0 ALT contigs
samblaster: Version 0.1.22
samblaster: Inputting from stdin
samblaster: Outputting to stdout
samblaster: Opening F9.ALGaI09qtT5K/disc_pipe for write.
samblaster: Opening F9.ALGaI09qtT5K/spl_pipe for write.
[M::process] read 69094 sequences (10000094 bp)...
[M::process] read 45208 sequences (6558549 bp)...
[M::mem_pestat] # candidate unique pairs for (FF, FR, RF, RR): (0, 33897, 7, 0)
[M::mem_pestat] skip orientation FF as there are not enough pairs
[M::mem_pestat] analyzing insert size distribution for orientation FR...
[M::mem_pestat] (25, 50, 75) percentile: (189, 199, 210)
[M::mem_pestat] low and high boundaries for computing mean and std.dev: (147, 252)
[M::mem_pestat] mean and std.dev: (198.68, 9.82)
[M::mem_pestat] low and high boundaries for proper pairs: (126, 273)
[M::mem_pestat] skip orientation RF as there are not enough pairs
[M::mem_pestat] skip orientation RR as there are not enough pairs
[M::mem_process_seqs] Processed 69094 reads in 5.267 CPU sec, 5.125 real sec
samblaster: Loaded 12 header sequence entries.
[M::mem_pestat] # candidate unique pairs for (FF, FR, RF, RR): (0, 22337, 5, 0)
[M::mem_pestat] skip orientation FF as there are not enough pairs
[M::mem_pestat] analyzing insert size distribution for orientation FR...
[M::mem_pestat] (25, 50, 75) percentile: (189, 199, 210)
[M::mem_pestat] low and high boundaries for computing mean and std.dev: (147, 252)
[M::mem_pestat] mean and std.dev: (198.99, 9.68)
[M::mem_pestat] low and high boundaries for proper pairs: (126, 273)
[M::mem_pestat] skip orientation RF as there are not enough pairs
[M::mem_pestat] skip orientation RR as there are not enough pairs
[M::mem_process_seqs] Processed 45208 reads in 3.560 CPU sec, 3.577 real sec
samblaster: Output 29 discordant read pairs to F9.ALGaI09qtT5K/disc_pipe
[main] Version: 0.7.12-r1039
samblaster: Output 6 split reads to F9.ALGaI09qtT5K/spl_pipe
[main] CMD: /opt/linux/centos/7.x/x86_64/pkgs/bwa/0.7.12/bin/bwa mem -t 1 -R @RG\tID:F9\tSM:F9\tLB:Lib\ References.fasta ExternalData/Pooled/Stacks/F9.1.fq.gzsamblaster: Marked 56593 of 57151 (99.02%) read ids as duplicates ExternalData/Pooled/Stacks/F9.2.fq.gz using 1340k memory in 
[main] Real time: 9.128 sec; CPU: 9.036 sec
0.222S CPU seconds and 9S wall time.
Done
Using GATK jar /bigdata/operations/pkgadmin/opt/linux/centos/7.x/x86_64/pkgs/gatk/4.0.8.1/gatk-package-4.0.8.1-local.jar
Running:
    java -Dsamjdk.use_async_io_read_samtools=false -Dsamjdk.use_async_io_write_samtools=true -Dsamjdk.use_async_io_write_tribble=false -Dsamjdk.compression_level=2 -jar /bigdata/operations/pkgadmin/opt/linux/centos/7.x/x86_64/pkgs/gatk/4.0.8.1/gatk-package-4.0.8.1-local.jar HaplotypeCaller -R References.fasta -I results/F9.bam -O results/F9.g.vcf -ERC GVCF
15:10:57.367 INFO  NativeLibraryLoader - Loading libgkl_compression.so from jar:file:/bigdata/operations/pkgadmin/opt/linux/centos/7.x/x86_64/pkgs/gatk/4.0.8.1/gatk-package-4.0.8.1-local.jar!/com/intel/gkl/native/libgkl_compression.so
15:10:57.605 INFO  HaplotypeCaller - ------------------------------------------------------------
15:10:57.607 INFO  HaplotypeCaller - The Genome Analysis Toolkit (GATK) v4.0.8.1
15:10:57.607 INFO  HaplotypeCaller - For support and documentation go to https://software.broadinstitute.org/gatk/
15:10:57.607 INFO  HaplotypeCaller - Executing as arajewski@i11 on Linux v3.10.0-957.el7.x86_64 amd64
15:10:57.607 INFO  HaplotypeCaller - Java runtime: Java HotSpot(TM) 64-Bit Server VM v1.8.0_45-b14
15:10:57.608 INFO  HaplotypeCaller - Start Date/Time: May 26, 2020 3:10:57 PM PDT
15:10:57.608 INFO  HaplotypeCaller - ------------------------------------------------------------
15:10:57.608 INFO  HaplotypeCaller - ------------------------------------------------------------
15:10:57.608 INFO  HaplotypeCaller - HTSJDK Version: 2.16.0
15:10:57.608 INFO  HaplotypeCaller - Picard Version: 2.18.7
15:10:57.613 INFO  HaplotypeCaller - HTSJDK Defaults.COMPRESSION_LEVEL : 2
15:10:57.613 INFO  HaplotypeCaller - HTSJDK Defaults.USE_ASYNC_IO_READ_FOR_SAMTOOLS : false
15:10:57.613 INFO  HaplotypeCaller - HTSJDK Defaults.USE_ASYNC_IO_WRITE_FOR_SAMTOOLS : true
15:10:57.613 INFO  HaplotypeCaller - HTSJDK Defaults.USE_ASYNC_IO_WRITE_FOR_TRIBBLE : false
15:10:57.613 INFO  HaplotypeCaller - Deflater: IntelDeflater
15:10:57.614 INFO  HaplotypeCaller - Inflater: IntelInflater
15:10:57.614 INFO  HaplotypeCaller - GCS max retries/reopens: 20
15:10:57.614 INFO  HaplotypeCaller - Using google-cloud-java fork https://github.com/broadinstitute/google-cloud-java/releases/tag/0.20.5-alpha-GCS-RETRY-FIX
15:10:57.614 INFO  HaplotypeCaller - Initializing engine
15:10:58.717 INFO  HaplotypeCaller - Done initializing engine
15:10:58.724 INFO  HaplotypeCallerEngine - Tool is in reference confidence mode and the annotation, the following changes will be made to any specified annotations: 'StrandBiasBySample' will be enabled. 'ChromosomeCounts', 'FisherStrand', 'StrandOddsRatio' and 'QualByDepth' annotations have been disabled
15:10:58.729 INFO  HaplotypeCallerEngine - Standard Emitting and Calling confidence set to 0.0 for reference-model confidence output
15:10:58.729 INFO  HaplotypeCallerEngine - All sites annotated with PLs forced to true for reference-model confidence output
15:10:58.746 INFO  NativeLibraryLoader - Loading libgkl_utils.so from jar:file:/bigdata/operations/pkgadmin/opt/linux/centos/7.x/x86_64/pkgs/gatk/4.0.8.1/gatk-package-4.0.8.1-local.jar!/com/intel/gkl/native/libgkl_utils.so
15:10:58.748 INFO  NativeLibraryLoader - Loading libgkl_pairhmm_omp.so from jar:file:/bigdata/operations/pkgadmin/opt/linux/centos/7.x/x86_64/pkgs/gatk/4.0.8.1/gatk-package-4.0.8.1-local.jar!/com/intel/gkl/native/libgkl_pairhmm_omp.so
15:10:58.790 WARN  IntelPairHmm - Flush-to-zero (FTZ) is enabled when running PairHMM
15:10:58.790 INFO  IntelPairHmm - Available threads: 2
15:10:58.791 INFO  IntelPairHmm - Requested threads: 4
15:10:58.791 WARN  IntelPairHmm - Using 2 available threads, but 4 were requested
15:10:58.791 INFO  PairHMM - Using the OpenMP multi-threaded AVX-accelerated native PairHMM implementation
15:10:58.853 INFO  ProgressMeter - Starting traversal
15:10:58.853 INFO  ProgressMeter -        Current Locus  Elapsed Minutes     Regions Processed   Regions/Minute
15:11:05.488 INFO  HaplotypeCaller - 113208 read(s) filtered by: ((((((((MappingQualityReadFilter AND MappingQualityAvailableReadFilter) AND MappedReadFilter) AND NotSecondaryAlignmentReadFilter) AND NotDuplicateReadFilter) AND PassesVendorQualityCheckReadFilter) AND NonZeroReferenceLengthAlignmentReadFilter) AND GoodCigarReadFilter) AND WellformedReadFilter)
  113208 read(s) filtered by: (((((((MappingQualityReadFilter AND MappingQualityAvailableReadFilter) AND MappedReadFilter) AND NotSecondaryAlignmentReadFilter) AND NotDuplicateReadFilter) AND PassesVendorQualityCheckReadFilter) AND NonZeroReferenceLengthAlignmentReadFilter) AND GoodCigarReadFilter)
      113208 read(s) filtered by: ((((((MappingQualityReadFilter AND MappingQualityAvailableReadFilter) AND MappedReadFilter) AND NotSecondaryAlignmentReadFilter) AND NotDuplicateReadFilter) AND PassesVendorQualityCheckReadFilter) AND NonZeroReferenceLengthAlignmentReadFilter)
          113208 read(s) filtered by: (((((MappingQualityReadFilter AND MappingQualityAvailableReadFilter) AND MappedReadFilter) AND NotSecondaryAlignmentReadFilter) AND NotDuplicateReadFilter) AND PassesVendorQualityCheckReadFilter)
              113208 read(s) filtered by: ((((MappingQualityReadFilter AND MappingQualityAvailableReadFilter) AND MappedReadFilter) AND NotSecondaryAlignmentReadFilter) AND NotDuplicateReadFilter)
                  205 read(s) filtered by: (((MappingQualityReadFilter AND MappingQualityAvailableReadFilter) AND MappedReadFilter) AND NotSecondaryAlignmentReadFilter)
                      205 read(s) filtered by: ((MappingQualityReadFilter AND MappingQualityAvailableReadFilter) AND MappedReadFilter)
                          205 read(s) filtered by: (MappingQualityReadFilter AND MappingQualityAvailableReadFilter)
                              205 read(s) filtered by: MappingQualityReadFilter 
                  113003 read(s) filtered by: NotDuplicateReadFilter 

15:11:05.488 INFO  ProgressMeter -            SpMBP10:1              0.1                    22            198.9
15:11:05.489 INFO  ProgressMeter - Traversal complete. Processed 22 total regions in 0.1 minutes.
15:11:05.511 INFO  VectorLoglessPairHMM - Time spent in setup for JNI call : 0.002597274
15:11:05.511 INFO  PairHMM - Total compute time in PairHMM computeLogLikelihoods() : 0.48528469100000005
15:11:05.511 INFO  SmithWatermanAligner - Total compute time in java Smith-Waterman : 0.95 sec
15:11:05.511 INFO  HaplotypeCaller - Shutting down engine
[May 26, 2020 3:11:05 PM PDT] org.broadinstitute.hellbender.tools.walkers.haplotypecaller.HaplotypeCaller done. Elapsed time: 0.14 minutes.
Runtime.totalMemory()=2683830272
