Sourcing executables from speedseq.config ...
Aligning...
samblaster: Version 0.1.22
samblaster: Inputting from stdin
samblaster: Outputting to stdout
samblaster: Opening C2.oElvV1gorzeg/disc_pipe for write.
samblaster: Opening C2.oElvV1gorzeg/spl_pipe for write.
[M::bwa_idx_load_from_disk] read 0 ALT contigs
[M::process] read 68940 sequences (10000002 bp)...
[M::process] read 68908 sequences (10000276 bp)...
[M::mem_pestat] # candidate unique pairs for (FF, FR, RF, RR): (0, 30577, 1, 0)
[M::mem_pestat] skip orientation FF as there are not enough pairs
[M::mem_pestat] analyzing insert size distribution for orientation FR...
[M::mem_pestat] (25, 50, 75) percentile: (189, 199, 210)
[M::mem_pestat] low and high boundaries for computing mean and std.dev: (147, 252)
[M::mem_pestat] mean and std.dev: (200.70, 10.60)
[M::mem_pestat] low and high boundaries for proper pairs: (126, 273)
[M::mem_pestat] skip orientation RF as there are not enough pairs
[M::mem_pestat] skip orientation RR as there are not enough pairs
[M::mem_process_seqs] Processed 68940 reads in 4.649 CPU sec, 4.457 real sec
samblaster: Loaded 12 header sequence entries.
[M::process] read 68888 sequences (10000011 bp)...
[M::mem_pestat] # candidate unique pairs for (FF, FR, RF, RR): (0, 30570, 0, 0)
[M::mem_pestat] skip orientation FF as there are not enough pairs
[M::mem_pestat] analyzing insert size distribution for orientation FR...
[M::mem_pestat] (25, 50, 75) percentile: (189, 199, 210)
[M::mem_pestat] low and high boundaries for computing mean and std.dev: (147, 252)
[M::mem_pestat] mean and std.dev: (200.80, 10.60)
[M::mem_pestat] low and high boundaries for proper pairs: (126, 273)
[M::mem_pestat] skip orientation RF as there are not enough pairs
[M::mem_pestat] skip orientation RR as there are not enough pairs
[M::mem_process_seqs] Processed 68908 reads in 5.131 CPU sec, 4.868 real sec
[M::process] read 64214 sequences (9323760 bp)...
[M::mem_pestat] # candidate unique pairs for (FF, FR, RF, RR): (0, 30568, 0, 0)
[M::mem_pestat] skip orientation FF as there are not enough pairs
[M::mem_pestat] analyzing insert size distribution for orientation FR...
[M::mem_pestat] (25, 50, 75) percentile: (189, 199, 210)
[M::mem_pestat] low and high boundaries for computing mean and std.dev: (147, 252)
[M::mem_pestat] mean and std.dev: (200.81, 10.60)
[M::mem_pestat] low and high boundaries for proper pairs: (126, 273)
[M::mem_pestat] skip orientation RF as there are not enough pairs
[M::mem_pestat] skip orientation RR as there are not enough pairs
[M::mem_process_seqs] Processed 68888 reads in 5.045 CPU sec, 4.873 real sec
[M::mem_pestat] # candidate unique pairs for (FF, FR, RF, RR): (0, 28420, 1, 0)
[M::mem_pestat] skip orientation FF as there are not enough pairs
[M::mem_pestat] analyzing insert size distribution for orientation FR...
[M::mem_pestat] (25, 50, 75) percentile: (189, 199, 210)
[M::mem_pestat] low and high boundaries for computing mean and std.dev: (147, 252)
[M::mem_pestat] mean and std.dev: (200.75, 10.67)
[M::mem_pestat] low and high boundaries for proper pairs: (126, 273)
[M::mem_pestat] skip orientation RF as there are not enough pairs
[M::mem_pestat] skip orientation RR as there are not enough pairs
[M::mem_process_seqs] Processed 64214 reads in 4.530 CPU sec, 4.441 real sec
[main] Version: 0.7.12-r1039
samblaster: Output 98 discordant read pairs to C2.oElvV1gorzeg/disc_pipe
[main] CMD:samblaster: Output 12 split reads to C2.oElvV1gorzeg/spl_pipe
 /opt/linux/centos/7.x/x86_64/pkgs/bwa/0.7.12/bin/bwa mem -t 1 -R @RG\tID:C2\tSM:C2\tLB:Lib\ References.fasta ExternalData/Flowcell_1304/Pooled/Stacks/C2.1.fq.gz ExternalData/Flowcell_1304/Pooled/Stacks/C2.2.fq.gzsamblaster: Marked 135014 of 135475 (99.66%) read ids as duplicates using 1344k memory in 
[main] Real time: 19.156 sec; CPU: 19.569 sec
0.519S CPU seconds and 19S wall time.
Done
