Sourcing executables from speedseq.config ...
Aligning...
samblaster: Version 0.1.22
samblaster: Inputting from stdin
samblaster: Outputting to stdout
samblaster: Opening E2.hEjGXugcZGpM/disc_pipe for write.
[M::bwa_idx_load_from_disk] read 0 ALT contigs
samblaster: Opening E2.hEjGXugcZGpM/spl_pipe for write.
[M::process] read 68796 sequences (10000158 bp)...
[M::process] read 68830 sequences (10000158 bp)...
[M::mem_pestat] # candidate unique pairs for (FF, FR, RF, RR): (0, 30162, 0, 0)
[M::mem_pestat] skip orientation FF as there are not enough pairs
[M::mem_pestat] analyzing insert size distribution for orientation FR...
[M::mem_pestat] (25, 50, 75) percentile: (189, 199, 210)
[M::mem_pestat] low and high boundaries for computing mean and std.dev: (147, 252)
[M::mem_pestat] mean and std.dev: (200.45, 9.54)
[M::mem_pestat] low and high boundaries for proper pairs: (126, 273)
[M::mem_pestat] skip orientation RF as there are not enough pairs
[M::mem_pestat] skip orientation RR as there are not enough pairs
[M::mem_process_seqs] Processed 68796 reads in 4.700 CPU sec, 4.554 real sec
samblaster: Loaded 12 header sequence entries.
[M::process] read 15722 sequences (2286704 bp)...
[M::mem_pestat] # candidate unique pairs for (FF, FR, RF, RR): (0, 30040, 0, 0)
[M::mem_pestat] skip orientation FF as there are not enough pairs
[M::mem_pestat] analyzing insert size distribution for orientation FR...
[M::mem_pestat] (25, 50, 75) percentile: (189, 199, 210)
[M::mem_pestat] low and high boundaries for computing mean and std.dev: (147, 252)
[M::mem_pestat] mean and std.dev: (200.49, 9.48)
[M::mem_pestat] low and high boundaries for proper pairs: (126, 273)
[M::mem_pestat] skip orientation RF as there are not enough pairs
[M::mem_pestat] skip orientation RR as there are not enough pairs
[M::mem_process_seqs] Processed 68830 reads in 4.930 CPU sec, 4.836 real sec
[M::mem_pestat] # candidate unique pairs for (FF, FR, RF, RR): (0, 6942, 0, 0)
[M::mem_pestat] skip orientation FF as there are not enough pairs
[M::mem_pestat] analyzing insert size distribution for orientation FR...
[M::mem_pestat] (25, 50, 75) percentile: (189, 199, 210)
[M::mem_pestat] low and high boundaries for computing mean and std.dev: (147, 252)
[M::mem_pestat] mean and std.dev: (200.57, 9.54)
[M::mem_pestat] low and high boundaries for proper pairs: (126, 273)
[M::mem_pestat] skip orientation RF as there are not enough pairs
[M::mem_pestat] skip orientation RR as there are not enough pairs
[M::mem_process_seqs] Processed 15722 reads in 1.370 CPU sec, 1.351 real sec
samblaster: Output 72 discordant read pairs to E2.hEjGXugcZGpM/disc_pipe
[main] Version: 0.7.12-r1039
samblaster: Output 2 split reads to E2.hEjGXugcZGpM/spl_pipe
[main] CMD: /opt/linux/centos/7.x/x86_64/pkgs/bwa/0.7.12/bin/bwa mem -t 1 -R @RG\tID:E2\tSM:E2\tLB:Lib\ References.fasta ExternalData/Flowcell_1304/Pooled/Stacks/E2.1.fq.gz ExternalData/Flowcell_1304/Pooled/Stacks/E2.2.fq.gzsamblaster: Marked 76414 of 76674 (99.66%) read ids as duplicates using 1340k memory in 
[main] Real time: 11.048 sec; CPU: 11.155 sec
0.269S CPU seconds and 11S wall time.
Done
