Sourcing executables from speedseq.config ...
Aligning...
samblaster: Version 0.1.22
samblaster: Inputting from stdin
samblaster: Outputting to stdout
samblaster: Opening H4.PJPbk4uFfPuc/disc_pipe for write.
[M::bwa_idx_load_from_disk] read 0 ALT contigs
samblaster: Opening H4.PJPbk4uFfPuc/spl_pipe for write.
[M::process] read 70800 sequences (10000012 bp)...
[M::process] read 70720 sequences (10000042 bp)...
sambamba-view: Error creating thread
sambamba-sort: not enough data in stream
[M::mem_pestat] # candidate unique pairs for (FF, FR, RF, RR): (0, 33473, 7, 0)
[M::mem_pestat] skip orientation FF as there are not enough pairs
[M::mem_pestat] analyzing insert size distribution for orientation FR...
[M::mem_pestat] (25, 50, 75) percentile: (189, 199, 199)
[M::mem_pestat] low and high boundaries for computing mean and std.dev: (169, 219)
[M::mem_pestat] mean and std.dev: (194.72, 6.16)
[M::mem_pestat] low and high boundaries for proper pairs: (159, 229)
[M::mem_pestat] skip orientation RF as there are not enough pairs
[M::mem_pestat] skip orientation RR as there are not enough pairs
[M::mem_process_seqs] Processed 70800 reads in 4.160 CPU sec, 4.002 real sec
samblaster: Loaded 12 header sequence entries.
sambamba-view: Error creating thread
sambamba-sort: not enough data in stream
