Sourcing executables from speedseq.config ...
Aligning...
samblaster: Version 0.1.22
samblaster: Inputting from stdin
samblaster: Outputting to stdout
samblaster: Opening F6.gZYUs2H9Ods1/disc_pipe for write.
[M::bwa_idx_load_from_disk] read 0 ALT contigs
samblaster: Opening F6.gZYUs2H9Ods1/spl_pipe for write.
[M::process] read 67798 sequences (10000205 bp)...
[M::process] read 67798 sequences (10000205 bp)...
[M::mem_pestat] # candidate unique pairs for (FF, FR, RF, RR): (424, 0, 0, 3)
[M::mem_pestat] analyzing insert size distribution for orientation FF...
[M::mem_pestat] (25, 50, 75) percentile: (1, 4, 6)
[M::mem_pestat] low and high boundaries for computing mean and std.dev: (1, 16)
[M::mem_pestat] mean and std.dev: (4.38, 2.97)
[M::mem_pestat] low and high boundaries for proper pairs: (1, 21)
[M::mem_pestat] skip orientation FR as there are not enough pairs
[M::mem_pestat] skip orientation RF as there are not enough pairs
[M::mem_pestat] skip orientation RR as there are not enough pairs
[M::mem_process_seqs] Processed 67798 reads in 8.518 CPU sec, 8.378 real sec
samblaster: Loaded 12 header sequence entries.
[M::process] read 67798 sequences (10000205 bp)...
[M::mem_pestat] # candidate unique pairs for (FF, FR, RF, RR): (354, 0, 0, 4)
[M::mem_pestat] analyzing insert size distribution for orientation FF...
[M::mem_pestat] (25, 50, 75) percentile: (1, 4, 6)
[M::mem_pestat] low and high boundaries for computing mean and std.dev: (1, 16)
[M::mem_pestat] mean and std.dev: (4.51, 2.96)
[M::mem_pestat] low and high boundaries for proper pairs: (1, 21)
[M::mem_pestat] skip orientation FR as there are not enough pairs
[M::mem_pestat] skip orientation RF as there are not enough pairs
[M::mem_pestat] skip orientation RR as there are not enough pairs
[M::mem_process_seqs] Processed 67798 reads in 8.890 CPU sec, 8.696 real sec
[M::process] read 67798 sequences (10000205 bp)...
[M::mem_pestat] # candidate unique pairs for (FF, FR, RF, RR): (347, 0, 0, 0)
[M::mem_pestat] analyzing insert size distribution for orientation FF...
[M::mem_pestat] (25, 50, 75) percentile: (1, 5, 6)
[M::mem_pestat] low and high boundaries for computing mean and std.dev: (1, 16)
[M::mem_pestat] mean and std.dev: (4.45, 2.83)
[M::mem_pestat] low and high boundaries for proper pairs: (1, 21)
[M::mem_pestat] skip orientation FR as there are not enough pairs
[M::mem_pestat] skip orientation RF as there are not enough pairs
[M::mem_pestat] skip orientation RR as there are not enough pairs
[M::mem_process_seqs] Processed 67798 reads in 8.959 CPU sec, 8.737 real sec
[M::process] read 67798 sequences (10000205 bp)...
[M::mem_pestat] # candidate unique pairs for (FF, FR, RF, RR): (386, 0, 0, 5)
[M::mem_pestat] analyzing insert size distribution for orientation FF...
[M::mem_pestat] (25, 50, 75) percentile: (2, 4, 6)
[M::mem_pestat] low and high boundaries for computing mean and std.dev: (1, 14)
[M::mem_pestat] mean and std.dev: (4.39, 2.71)
[M::mem_pestat] low and high boundaries for proper pairs: (1, 18)
[M::mem_pestat] skip orientation FR as there are not enough pairs
[M::mem_pestat] skip orientation RF as there are not enough pairs
[M::mem_pestat] skip orientation RR as there are not enough pairs
[M::mem_process_seqs] Processed 67798 reads in 8.860 CPU sec, 8.668 real sec
[M::process] read 67798 sequences (10000205 bp)...
[M::mem_pestat] # candidate unique pairs for (FF, FR, RF, RR): (405, 0, 0, 1)
[M::mem_pestat] analyzing insert size distribution for orientation FF...
[M::mem_pestat] (25, 50, 75) percentile: (1, 4, 6)
[M::mem_pestat] low and high boundaries for computing mean and std.dev: (1, 16)
[M::mem_pestat] mean and std.dev: (4.28, 2.93)
[M::mem_pestat] low and high boundaries for proper pairs: (1, 21)
[M::mem_pestat] skip orientation FR as there are not enough pairs
[M::mem_pestat] skip orientation RF as there are not enough pairs
[M::mem_pestat] skip orientation RR as there are not enough pairs
[M::mem_process_seqs] Processed 67798 reads in 8.963 CPU sec, 8.749 real sec
[M::process] read 67798 sequences (10000205 bp)...
[M::mem_pestat] # candidate unique pairs for (FF, FR, RF, RR): (416, 0, 0, 3)
[M::mem_pestat] analyzing insert size distribution for orientation FF...
[M::mem_pestat] (25, 50, 75) percentile: (2, 4, 6)
[M::mem_pestat] low and high boundaries for computing mean and std.dev: (1, 14)
[M::mem_pestat] mean and std.dev: (4.23, 2.69)
[M::mem_pestat] low and high boundaries for proper pairs: (1, 18)
[M::mem_pestat] skip orientation FR as there are not enough pairs
[M::mem_pestat] skip orientation RF as there are not enough pairs
[M::mem_pestat] skip orientation RR as there are not enough pairs
[M::mem_process_seqs] Processed 67798 reads in 9.011 CPU sec, 8.812 real sec
[M::process] read 23234 sequences (3427015 bp)...
[M::mem_pestat] # candidate unique pairs for (FF, FR, RF, RR): (375, 0, 0, 5)
[M::mem_pestat] analyzing insert size distribution for orientation FF...
[M::mem_pestat] (25, 50, 75) percentile: (1, 4, 6)
[M::mem_pestat] low and high boundaries for computing mean and std.dev: (1, 16)
[M::mem_pestat] mean and std.dev: (4.38, 3.05)
[M::mem_pestat] low and high boundaries for proper pairs: (1, 21)
[M::mem_pestat] skip orientation FR as there are not enough pairs
[M::mem_pestat] skip orientation RF as there are not enough pairs
[M::mem_pestat] skip orientation RR as there are not enough pairs
[M::mem_process_seqs] Processed 67798 reads in 8.893 CPU sec, 8.756 real sec
[M::mem_pestat] # candidate unique pairs for (FF, FR, RF, RR): (142, 0, 0, 2)
[M::mem_pestat] analyzing insert size distribution for orientation FF...
[M::mem_pestat] (25, 50, 75) percentile: (1, 4, 6)
[M::mem_pestat] low and high boundaries for computing mean and std.dev: (1, 16)
[M::mem_pestat] mean and std.dev: (3.81, 2.61)
[M::mem_pestat] low and high boundaries for proper pairs: (1, 21)
[M::mem_pestat] skip orientation FR as there are not enough pairs
[M::mem_pestat] skip orientation RF as there are not enough pairs
[M::mem_pestat] skip orientation RR as there are not enough pairs
[M::mem_process_seqs] Processed 23234 reads in 3.284 CPU sec, 3.192 real sec
[main] Version: 0.7.12-r1039
[main] CMD: /opt/linux/centos/7.x/x86_64/pkgs/bwa/0.7.12/bin/bwa mem -t 1 -R @RG\tID:F6\tSM:F6\tLB:Lib\ References.fasta ExternalData/F6_pair1.fastq ExternalData/F6_pair2.fastq
[main] Real time: 64.324 sec; CPU: 65.501 sec
samblaster: Output 96 discordant read pairs to F6.gZYUs2H9Ods1/disc_pipe
samblaster: Output 0 split reads to F6.gZYUs2H9Ods1/spl_pipe
samblaster: Marked 246572 of 248910 (99.06%) read ids as duplicates using 1348k memory in 1.042S CPU seconds and 1M5S(65S) wall time.
Done
Using GATK jar /bigdata/operations/pkgadmin/opt/linux/centos/7.x/x86_64/pkgs/gatk/4.0.8.1/gatk-package-4.0.8.1-local.jar
Running:
    java -Dsamjdk.use_async_io_read_samtools=false -Dsamjdk.use_async_io_write_samtools=true -Dsamjdk.use_async_io_write_tribble=false -Dsamjdk.compression_level=2 -jar /bigdata/operations/pkgadmin/opt/linux/centos/7.x/x86_64/pkgs/gatk/4.0.8.1/gatk-package-4.0.8.1-local.jar HaplotypeCaller -R References.fasta -I results/F6.bam -O results/F6.g.vcf -ERC GVCF
11:10:03.884 INFO  NativeLibraryLoader - Loading libgkl_compression.so from jar:file:/bigdata/operations/pkgadmin/opt/linux/centos/7.x/x86_64/pkgs/gatk/4.0.8.1/gatk-package-4.0.8.1-local.jar!/com/intel/gkl/native/libgkl_compression.so
11:10:04.084 INFO  HaplotypeCaller - ------------------------------------------------------------
11:10:04.086 INFO  HaplotypeCaller - The Genome Analysis Toolkit (GATK) v4.0.8.1
11:10:04.086 INFO  HaplotypeCaller - For support and documentation go to https://software.broadinstitute.org/gatk/
11:10:04.086 INFO  HaplotypeCaller - Executing as arajewski@i07 on Linux v3.10.0-957.el7.x86_64 amd64
11:10:04.086 INFO  HaplotypeCaller - Java runtime: Java HotSpot(TM) 64-Bit Server VM v1.8.0_45-b14
11:10:04.087 INFO  HaplotypeCaller - Start Date/Time: May 26, 2020 11:10:03 AM PDT
11:10:04.087 INFO  HaplotypeCaller - ------------------------------------------------------------
11:10:04.087 INFO  HaplotypeCaller - ------------------------------------------------------------
11:10:04.088 INFO  HaplotypeCaller - HTSJDK Version: 2.16.0
11:10:04.088 INFO  HaplotypeCaller - Picard Version: 2.18.7
11:10:04.088 INFO  HaplotypeCaller - HTSJDK Defaults.COMPRESSION_LEVEL : 2
11:10:04.088 INFO  HaplotypeCaller - HTSJDK Defaults.USE_ASYNC_IO_READ_FOR_SAMTOOLS : false
11:10:04.088 INFO  HaplotypeCaller - HTSJDK Defaults.USE_ASYNC_IO_WRITE_FOR_SAMTOOLS : true
11:10:04.088 INFO  HaplotypeCaller - HTSJDK Defaults.USE_ASYNC_IO_WRITE_FOR_TRIBBLE : false
11:10:04.088 INFO  HaplotypeCaller - Deflater: IntelDeflater
11:10:04.088 INFO  HaplotypeCaller - Inflater: IntelInflater
11:10:04.088 INFO  HaplotypeCaller - GCS max retries/reopens: 20
11:10:04.088 INFO  HaplotypeCaller - Using google-cloud-java fork https://github.com/broadinstitute/google-cloud-java/releases/tag/0.20.5-alpha-GCS-RETRY-FIX
11:10:04.089 INFO  HaplotypeCaller - Initializing engine
11:10:05.256 INFO  HaplotypeCaller - Done initializing engine
11:10:05.261 INFO  HaplotypeCallerEngine - Tool is in reference confidence mode and the annotation, the following changes will be made to any specified annotations: 'StrandBiasBySample' will be enabled. 'ChromosomeCounts', 'FisherStrand', 'StrandOddsRatio' and 'QualByDepth' annotations have been disabled
11:10:05.270 INFO  HaplotypeCallerEngine - Standard Emitting and Calling confidence set to 0.0 for reference-model confidence output
11:10:05.270 INFO  HaplotypeCallerEngine - All sites annotated with PLs forced to true for reference-model confidence output
11:10:05.284 INFO  NativeLibraryLoader - Loading libgkl_utils.so from jar:file:/bigdata/operations/pkgadmin/opt/linux/centos/7.x/x86_64/pkgs/gatk/4.0.8.1/gatk-package-4.0.8.1-local.jar!/com/intel/gkl/native/libgkl_utils.so
11:10:05.286 INFO  NativeLibraryLoader - Loading libgkl_pairhmm_omp.so from jar:file:/bigdata/operations/pkgadmin/opt/linux/centos/7.x/x86_64/pkgs/gatk/4.0.8.1/gatk-package-4.0.8.1-local.jar!/com/intel/gkl/native/libgkl_pairhmm_omp.so
11:10:05.329 WARN  IntelPairHmm - Flush-to-zero (FTZ) is enabled when running PairHMM
11:10:05.330 INFO  IntelPairHmm - Available threads: 2
11:10:05.330 INFO  IntelPairHmm - Requested threads: 4
11:10:05.330 WARN  IntelPairHmm - Using 2 available threads, but 4 were requested
11:10:05.330 INFO  PairHMM - Using the OpenMP multi-threaded AVX-accelerated native PairHMM implementation
11:10:05.397 INFO  ProgressMeter - Starting traversal
11:10:05.414 INFO  ProgressMeter -        Current Locus  Elapsed Minutes     Regions Processed   Regions/Minute
11:10:16.570 INFO  ProgressMeter -           SpFUL2:301              0.2                    20            107.6
11:10:16.837 INFO  HaplotypeCaller - 493163 read(s) filtered by: ((((((((MappingQualityReadFilter AND MappingQualityAvailableReadFilter) AND MappedReadFilter) AND NotSecondaryAlignmentReadFilter) AND NotDuplicateReadFilter) AND PassesVendorQualityCheckReadFilter) AND NonZeroReferenceLengthAlignmentReadFilter) AND GoodCigarReadFilter) AND WellformedReadFilter)
  493163 read(s) filtered by: (((((((MappingQualityReadFilter AND MappingQualityAvailableReadFilter) AND MappedReadFilter) AND NotSecondaryAlignmentReadFilter) AND NotDuplicateReadFilter) AND PassesVendorQualityCheckReadFilter) AND NonZeroReferenceLengthAlignmentReadFilter) AND GoodCigarReadFilter)
      493163 read(s) filtered by: ((((((MappingQualityReadFilter AND MappingQualityAvailableReadFilter) AND MappedReadFilter) AND NotSecondaryAlignmentReadFilter) AND NotDuplicateReadFilter) AND PassesVendorQualityCheckReadFilter) AND NonZeroReferenceLengthAlignmentReadFilter)
          493163 read(s) filtered by: (((((MappingQualityReadFilter AND MappingQualityAvailableReadFilter) AND MappedReadFilter) AND NotSecondaryAlignmentReadFilter) AND NotDuplicateReadFilter) AND PassesVendorQualityCheckReadFilter)
              493163 read(s) filtered by: ((((MappingQualityReadFilter AND MappingQualityAvailableReadFilter) AND MappedReadFilter) AND NotSecondaryAlignmentReadFilter) AND NotDuplicateReadFilter)
                  603 read(s) filtered by: (((MappingQualityReadFilter AND MappingQualityAvailableReadFilter) AND MappedReadFilter) AND NotSecondaryAlignmentReadFilter)
                      603 read(s) filtered by: ((MappingQualityReadFilter AND MappingQualityAvailableReadFilter) AND MappedReadFilter)
                          603 read(s) filtered by: (MappingQualityReadFilter AND MappingQualityAvailableReadFilter)
                              603 read(s) filtered by: MappingQualityReadFilter 
                  492560 read(s) filtered by: NotDuplicateReadFilter 

11:10:16.838 INFO  ProgressMeter -           SpFUL2:301              0.2                    25            131.3
11:10:16.838 INFO  ProgressMeter - Traversal complete. Processed 25 total regions in 0.2 minutes.
11:10:16.864 INFO  VectorLoglessPairHMM - Time spent in setup for JNI call : 0.027557253
11:10:16.864 INFO  PairHMM - Total compute time in PairHMM computeLogLikelihoods() : 1.95191748
11:10:16.864 INFO  SmithWatermanAligner - Total compute time in java Smith-Waterman : 2.26 sec
11:10:16.864 INFO  HaplotypeCaller - Shutting down engine
[May 26, 2020 11:10:16 AM PDT] org.broadinstitute.hellbender.tools.walkers.haplotypecaller.HaplotypeCaller done. Elapsed time: 0.22 minutes.
Runtime.totalMemory()=2485125120
