Sourcing executables from speedseq.config ...
Aligning...
[M::bwa_idx_load_from_disk] read 0 ALT contigs
samblaster: Version 0.1.22
samblaster: Inputting from stdin
samblaster: Outputting to stdout
samblaster: Opening F11.mBBXCrZqAFSB/disc_pipe for write.
samblaster: Opening F11.mBBXCrZqAFSB/spl_pipe for write.
[M::process] read 70228 sequences (10000268 bp)...
[M::process] read 70204 sequences (10000119 bp)...
[M::mem_pestat] # candidate unique pairs for (FF, FR, RF, RR): (0, 35006, 0, 0)
[M::mem_pestat] skip orientation FF as there are not enough pairs
[M::mem_pestat] analyzing insert size distribution for orientation FR...
[M::mem_pestat] (25, 50, 75) percentile: (200, 200, 227)
[M::mem_pestat] low and high boundaries for computing mean and std.dev: (146, 281)
[M::mem_pestat] mean and std.dev: (209.18, 13.46)
[M::mem_pestat] low and high boundaries for proper pairs: (119, 308)
[M::mem_pestat] skip orientation RF as there are not enough pairs
[M::mem_pestat] skip orientation RR as there are not enough pairs
[M::mem_process_seqs] Processed 70228 reads in 3.939 CPU sec, 3.700 real sec
samblaster: Loaded 12 header sequence entries.
[M::process] read 70214 sequences (10000172 bp)...
[M::mem_pestat] # candidate unique pairs for (FF, FR, RF, RR): (0, 35026, 0, 0)
[M::mem_pestat] skip orientation FF as there are not enough pairs
[M::mem_pestat] analyzing insert size distribution for orientation FR...
[M::mem_pestat] (25, 50, 75) percentile: (200, 200, 227)
[M::mem_pestat] low and high boundaries for computing mean and std.dev: (146, 281)
[M::mem_pestat] mean and std.dev: (209.27, 13.55)
[M::mem_pestat] low and high boundaries for proper pairs: (119, 308)
[M::mem_pestat] skip orientation RF as there are not enough pairs
[M::mem_pestat] skip orientation RR as there are not enough pairs
[M::mem_process_seqs] Processed 70204 reads in 4.346 CPU sec, 4.136 real sec
[M::process] read 70194 sequences (10000199 bp)...
[M::mem_pestat] # candidate unique pairs for (FF, FR, RF, RR): (0, 35028, 0, 0)
[M::mem_pestat] skip orientation FF as there are not enough pairs
[M::mem_pestat] analyzing insert size distribution for orientation FR...
[M::mem_pestat] (25, 50, 75) percentile: (200, 200, 227)
[M::mem_pestat] low and high boundaries for computing mean and std.dev: (146, 281)
[M::mem_pestat] mean and std.dev: (208.98, 13.62)
[M::mem_pestat] low and high boundaries for proper pairs: (119, 308)
[M::mem_pestat] skip orientation RF as there are not enough pairs
[M::mem_pestat] skip orientation RR as there are not enough pairs
[M::mem_process_seqs] Processed 70214 reads in 4.256 CPU sec, 3.994 real sec
[M::process] read 70162 sequences (10000002 bp)...
[M::mem_pestat] # candidate unique pairs for (FF, FR, RF, RR): (0, 35029, 0, 0)
[M::mem_pestat] skip orientation FF as there are not enough pairs
[M::mem_pestat] analyzing insert size distribution for orientation FR...
[M::mem_pestat] (25, 50, 75) percentile: (200, 200, 227)
[M::mem_pestat] low and high boundaries for computing mean and std.dev: (146, 281)
[M::mem_pestat] mean and std.dev: (209.10, 13.62)
[M::mem_pestat] low and high boundaries for proper pairs: (119, 308)
[M::mem_pestat] skip orientation RF as there are not enough pairs
[M::mem_pestat] skip orientation RR as there are not enough pairs
[M::mem_process_seqs] Processed 70194 reads in 4.130 CPU sec, 3.923 real sec
[M::process] read 67810 sequences (9673711 bp)...
[M::mem_pestat] # candidate unique pairs for (FF, FR, RF, RR): (0, 35004, 0, 0)
[M::mem_pestat] skip orientation FF as there are not enough pairs
[M::mem_pestat] analyzing insert size distribution for orientation FR...
[M::mem_pestat] (25, 50, 75) percentile: (200, 200, 227)
[M::mem_pestat] low and high boundaries for computing mean and std.dev: (146, 281)
[M::mem_pestat] mean and std.dev: (209.28, 13.55)
[M::mem_pestat] low and high boundaries for proper pairs: (119, 308)
[M::mem_pestat] skip orientation RF as there are not enough pairs
[M::mem_pestat] skip orientation RR as there are not enough pairs
[M::mem_process_seqs] Processed 70162 reads in 3.827 CPU sec, 3.592 real sec
[M::mem_pestat] # candidate unique pairs for (FF, FR, RF, RR): (0, 33860, 0, 0)
[M::mem_pestat] skip orientation FF as there are not enough pairs
[M::mem_pestat] analyzing insert size distribution for orientation FR...
[M::mem_pestat] (25, 50, 75) percentile: (200, 200, 227)
[M::mem_pestat] low and high boundaries for computing mean and std.dev: (146, 281)
[M::mem_pestat] mean and std.dev: (209.40, 13.44)
[M::mem_pestat] low and high boundaries for proper pairs: (119, 308)
[M::mem_pestat] skip orientation RF as there are not enough pairs
[M::mem_pestat] skip orientation RR as there are not enough pairs
[M::mem_process_seqs] Processed 67810 reads in 3.419 CPU sec, 3.390 real sec
samblaster: Output 48 discordant read pairs to F11.mBBXCrZqAFSB/disc_pipe
[main] Version: 0.7.12-r1039
samblaster: Output 26 split reads to F11.mBBXCrZqAFSB/spl_pipe
[main] CMD: /opt/linux/centos/7.x/x86_64/pkgs/bwa/0.7.12/bin/bwa mem -t 1 -R @RG\tID:F11\tSM:F11\tLB:Lib\ References.fastasamblaster: Marked 209198 of 209406 (99.90%) read ids as duplicates ExternalData/Pooled/Stacks/F11.1.fq.gz ExternalData/Pooled/Stacks/F11.2.fq.gz using 1340k memory in 0.842S
[main] Real time: 23.394 sec; CPU: 24.193 sec
 CPU seconds and 23S wall time.
slurmstepd-i11: error: *** JOB 1201922 ON i11 CANCELLED AT 2020-05-26T15:38:38 ***
