Sourcing executables from speedseq.config ...
Aligning...
[M::bwa_idx_load_from_disk] read 0 ALT contigs
samblaster: Version 0.1.22
samblaster: Inputting from stdin
samblaster: Outputting to stdout
samblaster: Opening G11.aQXrVrLOTgDF/disc_pipe for write.
samblaster: Opening G11.aQXrVrLOTgDF/spl_pipe for write.
[M::process] read 70046 sequences (10000036 bp)...
[M::process] read 70102 sequences (10000099 bp)...
[M::mem_pestat] # candidate unique pairs for (FF, FR, RF, RR): (0, 34831, 0, 0)
[M::mem_pestat] skip orientation FF as there are not enough pairs
[M::mem_pestat] analyzing insert size distribution for orientation FR...
[M::mem_pestat] (25, 50, 75) percentile: (200, 200, 227)
[M::mem_pestat] low and high boundaries for computing mean and std.dev: (146, 281)
[M::mem_pestat] mean and std.dev: (208.10, 13.31)
[M::mem_pestat] low and high boundaries for proper pairs: (119, 308)
[M::mem_pestat] skip orientation RF as there are not enough pairs
[M::mem_pestat] skip orientation RR as there are not enough pairs
[M::mem_process_seqs] Processed 70046 reads in 4.118 CPU sec, 3.901 real sec
samblaster: Loaded 12 header sequence entries.
[M::process] read 70094 sequences (10000023 bp)...
[M::mem_pestat] # candidate unique pairs for (FF, FR, RF, RR): (0, 34878, 0, 0)
[M::mem_pestat] skip orientation FF as there are not enough pairs
[M::mem_pestat] analyzing insert size distribution for orientation FR...
[M::mem_pestat] (25, 50, 75) percentile: (200, 200, 227)
[M::mem_pestat] low and high boundaries for computing mean and std.dev: (146, 281)
[M::mem_pestat] mean and std.dev: (208.06, 13.40)
[M::mem_pestat] low and high boundaries for proper pairs: (119, 308)
[M::mem_pestat] skip orientation RF as there are not enough pairs
[M::mem_pestat] skip orientation RR as there are not enough pairs
[M::mem_process_seqs] Processed 70102 reads in 4.496 CPU sec, 4.312 real sec
[M::process] read 70096 sequences (10000019 bp)...
[M::mem_pestat] # candidate unique pairs for (FF, FR, RF, RR): (0, 34866, 1, 0)
[M::mem_pestat] skip orientation FF as there are not enough pairs
[M::mem_pestat] analyzing insert size distribution for orientation FR...
[M::mem_pestat] (25, 50, 75) percentile: (200, 200, 227)
[M::mem_pestat] low and high boundaries for computing mean and std.dev: (146, 281)
[M::mem_pestat] mean and std.dev: (207.93, 13.73)
[M::mem_pestat] low and high boundaries for proper pairs: (119, 308)
[M::mem_pestat] skip orientation RF as there are not enough pairs
[M::mem_pestat] skip orientation RR as there are not enough pairs
[M::mem_process_seqs] Processed 70094 reads in 4.445 CPU sec, 4.163 real sec
[M::process] read 70032 sequences (10000204 bp)...
[M::mem_pestat] # candidate unique pairs for (FF, FR, RF, RR): (0, 34871, 0, 0)
[M::mem_pestat] skip orientation FF as there are not enough pairs
[M::mem_pestat] analyzing insert size distribution for orientation FR...
[M::mem_pestat] (25, 50, 75) percentile: (200, 200, 227)
[M::mem_pestat] low and high boundaries for computing mean and std.dev: (146, 281)
[M::mem_pestat] mean and std.dev: (207.99, 13.51)
[M::mem_pestat] low and high boundaries for proper pairs: (119, 308)
[M::mem_pestat] skip orientation RF as there are not enough pairs
[M::mem_pestat] skip orientation RR as there are not enough pairs
[M::mem_process_seqs] Processed 70096 reads in 4.311 CPU sec, 4.121 real sec
[M::process] read 66600 sequences (9516288 bp)...
[M::mem_pestat] # candidate unique pairs for (FF, FR, RF, RR): (0, 34866, 0, 0)
[M::mem_pestat] skip orientation FF as there are not enough pairs
[M::mem_pestat] analyzing insert size distribution for orientation FR...
[M::mem_pestat] (25, 50, 75) percentile: (200, 200, 227)
[M::mem_pestat] low and high boundaries for computing mean and std.dev: (146, 281)
[M::mem_pestat] mean and std.dev: (207.90, 13.19)
[M::mem_pestat] low and high boundaries for proper pairs: (119, 308)
[M::mem_pestat] skip orientation RF as there are not enough pairs
[M::mem_pestat] skip orientation RR as there are not enough pairs
[M::mem_process_seqs] Processed 70032 reads in 4.058 CPU sec, 3.772 real sec
[M::mem_pestat] # candidate unique pairs for (FF, FR, RF, RR): (1, 33169, 0, 0)
[M::mem_pestat] skip orientation FF as there are not enough pairs
[M::mem_pestat] analyzing insert size distribution for orientation FR...
[M::mem_pestat] (25, 50, 75) percentile: (200, 200, 227)
[M::mem_pestat] low and high boundaries for computing mean and std.dev: (146, 281)
[M::mem_pestat] mean and std.dev: (207.94, 13.04)
[M::mem_pestat] low and high boundaries for proper pairs: (119, 308)
[M::mem_pestat] skip orientation RF as there are not enough pairs
[M::mem_pestat] skip orientation RR as there are not enough pairs
[M::mem_process_seqs] Processed 66600 reads in 3.481 CPU sec, 3.495 real sec
samblaster: Output 72 discordant read pairs to G11.aQXrVrLOTgDF/disc_pipe
[main] Version: 0.7.12-r1039
samblaster: Output 40 split reads to G11.aQXrVrLOTgDF/spl_pipe
[main] CMD: /opt/linux/centos/7.x/x86_64/pkgs/bwa/0.7.12/bin/bwa mem -t 1 -R @RG\tID:G11\tSM:G11\tLB:Lib\ References.fastasamblaster: Marked 208199 of 208485 (99.86%) read ids as duplicates ExternalData/Pooled/Stacks/G11.1.fq.gz ExternalData/Pooled/Stacks/G11.2.fq.gz using 1344k memory in 0.835S
[main] Real time: 24.377 sec; CPU: 25.169 sec
 CPU seconds and 24S wall time.
Done
Using GATK jar /bigdata/operations/pkgadmin/opt/linux/centos/7.x/x86_64/pkgs/gatk/4.0.8.1/gatk-package-4.0.8.1-local.jar
Running:
    java -Dsamjdk.use_async_io_read_samtools=false -Dsamjdk.use_async_io_write_samtools=true -Dsamjdk.use_async_io_write_tribble=false -Dsamjdk.compression_level=2 -jar /bigdata/operations/pkgadmin/opt/linux/centos/7.x/x86_64/pkgs/gatk/4.0.8.1/gatk-package-4.0.8.1-local.jar HaplotypeCaller -R References.fasta -I results/G11.bam -O results/G11.g.vcf -ERC GVCF
15:11:19.740 INFO  NativeLibraryLoader - Loading libgkl_compression.so from jar:file:/bigdata/operations/pkgadmin/opt/linux/centos/7.x/x86_64/pkgs/gatk/4.0.8.1/gatk-package-4.0.8.1-local.jar!/com/intel/gkl/native/libgkl_compression.so
15:11:20.014 INFO  HaplotypeCaller - ------------------------------------------------------------
15:11:20.016 INFO  HaplotypeCaller - The Genome Analysis Toolkit (GATK) v4.0.8.1
15:11:20.016 INFO  HaplotypeCaller - For support and documentation go to https://software.broadinstitute.org/gatk/
15:11:20.017 INFO  HaplotypeCaller - Executing as arajewski@i11 on Linux v3.10.0-957.el7.x86_64 amd64
15:11:20.017 INFO  HaplotypeCaller - Java runtime: Java HotSpot(TM) 64-Bit Server VM v1.8.0_45-b14
15:11:20.017 INFO  HaplotypeCaller - Start Date/Time: May 26, 2020 3:11:19 PM PDT
15:11:20.017 INFO  HaplotypeCaller - ------------------------------------------------------------
15:11:20.017 INFO  HaplotypeCaller - ------------------------------------------------------------
15:11:20.018 INFO  HaplotypeCaller - HTSJDK Version: 2.16.0
15:11:20.018 INFO  HaplotypeCaller - Picard Version: 2.18.7
15:11:20.018 INFO  HaplotypeCaller - HTSJDK Defaults.COMPRESSION_LEVEL : 2
15:11:20.018 INFO  HaplotypeCaller - HTSJDK Defaults.USE_ASYNC_IO_READ_FOR_SAMTOOLS : false
15:11:20.018 INFO  HaplotypeCaller - HTSJDK Defaults.USE_ASYNC_IO_WRITE_FOR_SAMTOOLS : true
15:11:20.018 INFO  HaplotypeCaller - HTSJDK Defaults.USE_ASYNC_IO_WRITE_FOR_TRIBBLE : false
15:11:20.018 INFO  HaplotypeCaller - Deflater: IntelDeflater
15:11:20.018 INFO  HaplotypeCaller - Inflater: IntelInflater
15:11:20.018 INFO  HaplotypeCaller - GCS max retries/reopens: 20
15:11:20.018 INFO  HaplotypeCaller - Using google-cloud-java fork https://github.com/broadinstitute/google-cloud-java/releases/tag/0.20.5-alpha-GCS-RETRY-FIX
15:11:20.019 INFO  HaplotypeCaller - Initializing engine
15:11:21.006 INFO  HaplotypeCaller - Done initializing engine
15:11:21.012 INFO  HaplotypeCallerEngine - Tool is in reference confidence mode and the annotation, the following changes will be made to any specified annotations: 'StrandBiasBySample' will be enabled. 'ChromosomeCounts', 'FisherStrand', 'StrandOddsRatio' and 'QualByDepth' annotations have been disabled
15:11:21.016 INFO  HaplotypeCallerEngine - Standard Emitting and Calling confidence set to 0.0 for reference-model confidence output
15:11:21.016 INFO  HaplotypeCallerEngine - All sites annotated with PLs forced to true for reference-model confidence output
15:11:21.038 INFO  NativeLibraryLoader - Loading libgkl_utils.so from jar:file:/bigdata/operations/pkgadmin/opt/linux/centos/7.x/x86_64/pkgs/gatk/4.0.8.1/gatk-package-4.0.8.1-local.jar!/com/intel/gkl/native/libgkl_utils.so
15:11:21.042 INFO  NativeLibraryLoader - Loading libgkl_pairhmm_omp.so from jar:file:/bigdata/operations/pkgadmin/opt/linux/centos/7.x/x86_64/pkgs/gatk/4.0.8.1/gatk-package-4.0.8.1-local.jar!/com/intel/gkl/native/libgkl_pairhmm_omp.so
15:11:21.080 WARN  IntelPairHmm - Flush-to-zero (FTZ) is enabled when running PairHMM
15:11:21.081 INFO  IntelPairHmm - Available threads: 2
15:11:21.081 INFO  IntelPairHmm - Requested threads: 4
15:11:21.081 WARN  IntelPairHmm - Using 2 available threads, but 4 were requested
15:11:21.081 INFO  PairHMM - Using the OpenMP multi-threaded AVX-accelerated native PairHMM implementation
15:11:21.134 INFO  ProgressMeter - Starting traversal
15:11:21.134 INFO  ProgressMeter -        Current Locus  Elapsed Minutes     Regions Processed   Regions/Minute
15:11:31.035 INFO  HaplotypeCaller - 416502 read(s) filtered by: ((((((((MappingQualityReadFilter AND MappingQualityAvailableReadFilter) AND MappedReadFilter) AND NotSecondaryAlignmentReadFilter) AND NotDuplicateReadFilter) AND PassesVendorQualityCheckReadFilter) AND NonZeroReferenceLengthAlignmentReadFilter) AND GoodCigarReadFilter) AND WellformedReadFilter)
  416502 read(s) filtered by: (((((((MappingQualityReadFilter AND MappingQualityAvailableReadFilter) AND MappedReadFilter) AND NotSecondaryAlignmentReadFilter) AND NotDuplicateReadFilter) AND PassesVendorQualityCheckReadFilter) AND NonZeroReferenceLengthAlignmentReadFilter) AND GoodCigarReadFilter)
      416502 read(s) filtered by: ((((((MappingQualityReadFilter AND MappingQualityAvailableReadFilter) AND MappedReadFilter) AND NotSecondaryAlignmentReadFilter) AND NotDuplicateReadFilter) AND PassesVendorQualityCheckReadFilter) AND NonZeroReferenceLengthAlignmentReadFilter)
          416502 read(s) filtered by: (((((MappingQualityReadFilter AND MappingQualityAvailableReadFilter) AND MappedReadFilter) AND NotSecondaryAlignmentReadFilter) AND NotDuplicateReadFilter) AND PassesVendorQualityCheckReadFilter)
              416502 read(s) filtered by: ((((MappingQualityReadFilter AND MappingQualityAvailableReadFilter) AND MappedReadFilter) AND NotSecondaryAlignmentReadFilter) AND NotDuplicateReadFilter)
                  334 read(s) filtered by: (((MappingQualityReadFilter AND MappingQualityAvailableReadFilter) AND MappedReadFilter) AND NotSecondaryAlignmentReadFilter)
                      334 read(s) filtered by: ((MappingQualityReadFilter AND MappingQualityAvailableReadFilter) AND MappedReadFilter)
                          334 read(s) filtered by: (MappingQualityReadFilter AND MappingQualityAvailableReadFilter)
                              334 read(s) filtered by: MappingQualityReadFilter 
                  416168 read(s) filtered by: NotDuplicateReadFilter 

15:11:31.036 INFO  ProgressMeter -            SpMBP10:1              0.2                    28            169.7
15:11:31.036 INFO  ProgressMeter - Traversal complete. Processed 28 total regions in 0.2 minutes.
15:11:31.052 INFO  VectorLoglessPairHMM - Time spent in setup for JNI call : 0.009324790000000001
15:11:31.052 INFO  PairHMM - Total compute time in PairHMM computeLogLikelihoods() : 0.358384971
15:11:31.052 INFO  SmithWatermanAligner - Total compute time in java Smith-Waterman : 1.66 sec
15:11:31.052 INFO  HaplotypeCaller - Shutting down engine
[May 26, 2020 3:11:31 PM PDT] org.broadinstitute.hellbender.tools.walkers.haplotypecaller.HaplotypeCaller done. Elapsed time: 0.19 minutes.
Runtime.totalMemory()=2762473472
