Sourcing executables from speedseq.config ...
Aligning...
[M::bwa_idx_load_from_disk] read 0 ALT contigs
samblaster: Version 0.1.22
samblaster: Inputting from stdin
samblaster: Outputting to stdout
samblaster: Opening F10.gZo70D4hwLWI/disc_pipe for write.
samblaster: Opening F10.gZo70D4hwLWI/spl_pipe for write.
[M::process] read 72738 sequences (10000242 bp)...
[M::process] read 72764 sequences (10000284 bp)...
[M::mem_pestat] # candidate unique pairs for (FF, FR, RF, RR): (0, 36233, 0, 0)
[M::mem_pestat] skip orientation FF as there are not enough pairs
[M::mem_pestat] analyzing insert size distribution for orientation FR...
[M::mem_pestat] (25, 50, 75) percentile: (121, 200, 200)
[M::mem_pestat] low and high boundaries for computing mean and std.dev: (1, 358)
[M::mem_pestat] mean and std.dev: (175.43, 53.32)
[M::mem_pestat] low and high boundaries for proper pairs: (1, 437)
[M::mem_pestat] skip orientation RF as there are not enough pairs
[M::mem_pestat] skip orientation RR as there are not enough pairs
[M::mem_process_seqs] Processed 72738 reads in 3.912 CPU sec, 3.689 real sec
samblaster: Loaded 12 header sequence entries.
[M::process] read 72752 sequences (10000084 bp)...
[M::mem_pestat] # candidate unique pairs for (FF, FR, RF, RR): (0, 36235, 0, 0)
[M::mem_pestat] skip orientation FF as there are not enough pairs
[M::mem_pestat] analyzing insert size distribution for orientation FR...
[M::mem_pestat] (25, 50, 75) percentile: (121, 200, 200)
[M::mem_pestat] low and high boundaries for computing mean and std.dev: (1, 358)
[M::mem_pestat] mean and std.dev: (175.31, 53.51)
[M::mem_pestat] low and high boundaries for proper pairs: (1, 437)
[M::mem_pestat] skip orientation RF as there are not enough pairs
[M::mem_pestat] skip orientation RR as there are not enough pairs
[M::mem_process_seqs] Processed 72764 reads in 4.445 CPU sec, 4.194 real sec
[M::process] read 72780 sequences (10000293 bp)...
[M::mem_pestat] # candidate unique pairs for (FF, FR, RF, RR): (0, 36242, 0, 0)
[M::mem_pestat] skip orientation FF as there are not enough pairs
[M::mem_pestat] analyzing insert size distribution for orientation FR...
[M::mem_pestat] (25, 50, 75) percentile: (121, 200, 200)
[M::mem_pestat] low and high boundaries for computing mean and std.dev: (1, 358)
[M::mem_pestat] mean and std.dev: (175.00, 53.29)
[M::mem_pestat] low and high boundaries for proper pairs: (1, 437)
[M::mem_pestat] skip orientation RF as there are not enough pairs
[M::mem_pestat] skip orientation RR as there are not enough pairs
[M::mem_process_seqs] Processed 72752 reads in 4.145 CPU sec, 3.894 real sec
[M::process] read 72712 sequences (10000174 bp)...
[M::mem_pestat] # candidate unique pairs for (FF, FR, RF, RR): (0, 36299, 0, 0)
[M::mem_pestat] skip orientation FF as there are not enough pairs
[M::mem_pestat] analyzing insert size distribution for orientation FR...
[M::mem_pestat] (25, 50, 75) percentile: (121, 200, 200)
[M::mem_pestat] low and high boundaries for computing mean and std.dev: (1, 358)
[M::mem_pestat] mean and std.dev: (174.89, 53.45)
[M::mem_pestat] low and high boundaries for proper pairs: (1, 437)
[M::mem_pestat] skip orientation RF as there are not enough pairs
[M::mem_pestat] skip orientation RR as there are not enough pairs
[M::mem_process_seqs] Processed 72780 reads in 4.091 CPU sec, 3.838 real sec
[M::process] read 8562 sequences (1177528 bp)...
[M::mem_pestat] # candidate unique pairs for (FF, FR, RF, RR): (0, 36261, 0, 0)
[M::mem_pestat] skip orientation FF as there are not enough pairs
[M::mem_pestat] analyzing insert size distribution for orientation FR...
[M::mem_pestat] (25, 50, 75) percentile: (121, 200, 200)
[M::mem_pestat] low and high boundaries for computing mean and std.dev: (1, 358)
[M::mem_pestat] mean and std.dev: (175.61, 53.51)
[M::mem_pestat] low and high boundaries for proper pairs: (1, 437)
[M::mem_pestat] skip orientation RF as there are not enough pairs
[M::mem_pestat] skip orientation RR as there are not enough pairs
[M::mem_process_seqs] Processed 72712 reads in 3.511 CPU sec, 3.479 real sec
[M::mem_pestat] # candidate unique pairs for (FF, FR, RF, RR): (0, 4269, 0, 0)
[M::mem_pestat] skip orientation FF as there are not enough pairs
[M::mem_pestat] analyzing insert size distribution for orientation FR...
[M::mem_pestat] (25, 50, 75) percentile: (121, 200, 200)
[M::mem_pestat] low and high boundaries for computing mean and std.dev: (1, 358)
[M::mem_pestat] mean and std.dev: (175.50, 53.32)
[M::mem_pestat] low and high boundaries for proper pairs: (1, 437)
[M::mem_pestat] skip orientation RF as there are not enough pairs
[M::mem_pestat] skip orientation RR as there are not enough pairs
[M::mem_process_seqs] Processed 8562 reads in 0.741 CPU sec, 0.692 real sec
samblaster: Output 26 discordant read pairs to F10.gZo70D4hwLWI/disc_pipe
[main] Version: 0.7.12-r1039
samblaster: Output 54 split reads to F10.gZo70D4hwLWI/spl_pipe
[main] CMD: /opt/linux/centos/7.x/x86_64/pkgs/bwa/0.7.12/bin/bwa mem -t 1 -R @RG\tID:F10\tSM:F10\tLB:Lib\ References.fasta ExternalData/Pooled/Stacks/F10.1.fq.gzsamblaster: Marked 185933 of 186154 (99.88%) read ids as duplicates ExternalData/Pooled/Stacks/F10.2.fq.gz using 1344k memory in 
[main] Real time: 20.146 sec; CPU: 21.010 sec
0.734S CPU seconds and 20S wall time.
Done
Using GATK jar /bigdata/operations/pkgadmin/opt/linux/centos/7.x/x86_64/pkgs/gatk/4.0.8.1/gatk-package-4.0.8.1-local.jar
Running:
    java -Dsamjdk.use_async_io_read_samtools=false -Dsamjdk.use_async_io_write_samtools=true -Dsamjdk.use_async_io_write_tribble=false -Dsamjdk.compression_level=2 -jar /bigdata/operations/pkgadmin/opt/linux/centos/7.x/x86_64/pkgs/gatk/4.0.8.1/gatk-package-4.0.8.1-local.jar HaplotypeCaller -R References.fasta -I results/F10.bam -O results/F10.g.vcf -ERC GVCF
15:11:14.996 INFO  NativeLibraryLoader - Loading libgkl_compression.so from jar:file:/bigdata/operations/pkgadmin/opt/linux/centos/7.x/x86_64/pkgs/gatk/4.0.8.1/gatk-package-4.0.8.1-local.jar!/com/intel/gkl/native/libgkl_compression.so
15:11:15.374 INFO  HaplotypeCaller - ------------------------------------------------------------
15:11:15.377 INFO  HaplotypeCaller - The Genome Analysis Toolkit (GATK) v4.0.8.1
15:11:15.377 INFO  HaplotypeCaller - For support and documentation go to https://software.broadinstitute.org/gatk/
15:11:15.377 INFO  HaplotypeCaller - Executing as arajewski@i11 on Linux v3.10.0-957.el7.x86_64 amd64
15:11:15.377 INFO  HaplotypeCaller - Java runtime: Java HotSpot(TM) 64-Bit Server VM v1.8.0_45-b14
15:11:15.377 INFO  HaplotypeCaller - Start Date/Time: May 26, 2020 3:11:14 PM PDT
15:11:15.377 INFO  HaplotypeCaller - ------------------------------------------------------------
15:11:15.377 INFO  HaplotypeCaller - ------------------------------------------------------------
15:11:15.378 INFO  HaplotypeCaller - HTSJDK Version: 2.16.0
15:11:15.378 INFO  HaplotypeCaller - Picard Version: 2.18.7
15:11:15.378 INFO  HaplotypeCaller - HTSJDK Defaults.COMPRESSION_LEVEL : 2
15:11:15.378 INFO  HaplotypeCaller - HTSJDK Defaults.USE_ASYNC_IO_READ_FOR_SAMTOOLS : false
15:11:15.378 INFO  HaplotypeCaller - HTSJDK Defaults.USE_ASYNC_IO_WRITE_FOR_SAMTOOLS : true
15:11:15.379 INFO  HaplotypeCaller - HTSJDK Defaults.USE_ASYNC_IO_WRITE_FOR_TRIBBLE : false
15:11:15.379 INFO  HaplotypeCaller - Deflater: IntelDeflater
15:11:15.379 INFO  HaplotypeCaller - Inflater: IntelInflater
15:11:15.379 INFO  HaplotypeCaller - GCS max retries/reopens: 20
15:11:15.379 INFO  HaplotypeCaller - Using google-cloud-java fork https://github.com/broadinstitute/google-cloud-java/releases/tag/0.20.5-alpha-GCS-RETRY-FIX
15:11:15.379 INFO  HaplotypeCaller - Initializing engine
15:11:16.356 INFO  HaplotypeCaller - Done initializing engine
15:11:16.362 INFO  HaplotypeCallerEngine - Tool is in reference confidence mode and the annotation, the following changes will be made to any specified annotations: 'StrandBiasBySample' will be enabled. 'ChromosomeCounts', 'FisherStrand', 'StrandOddsRatio' and 'QualByDepth' annotations have been disabled
15:11:16.367 INFO  HaplotypeCallerEngine - Standard Emitting and Calling confidence set to 0.0 for reference-model confidence output
15:11:16.367 INFO  HaplotypeCallerEngine - All sites annotated with PLs forced to true for reference-model confidence output
15:11:16.383 INFO  NativeLibraryLoader - Loading libgkl_utils.so from jar:file:/bigdata/operations/pkgadmin/opt/linux/centos/7.x/x86_64/pkgs/gatk/4.0.8.1/gatk-package-4.0.8.1-local.jar!/com/intel/gkl/native/libgkl_utils.so
15:11:16.386 INFO  NativeLibraryLoader - Loading libgkl_pairhmm_omp.so from jar:file:/bigdata/operations/pkgadmin/opt/linux/centos/7.x/x86_64/pkgs/gatk/4.0.8.1/gatk-package-4.0.8.1-local.jar!/com/intel/gkl/native/libgkl_pairhmm_omp.so
15:11:16.427 WARN  IntelPairHmm - Flush-to-zero (FTZ) is enabled when running PairHMM
15:11:16.428 INFO  IntelPairHmm - Available threads: 2
15:11:16.428 INFO  IntelPairHmm - Requested threads: 4
15:11:16.428 WARN  IntelPairHmm - Using 2 available threads, but 4 were requested
15:11:16.428 INFO  PairHMM - Using the OpenMP multi-threaded AVX-accelerated native PairHMM implementation
15:11:16.485 INFO  ProgressMeter - Starting traversal
15:11:16.486 INFO  ProgressMeter -        Current Locus  Elapsed Minutes     Regions Processed   Regions/Minute
15:11:24.731 INFO  HaplotypeCaller - 372489 read(s) filtered by: ((((((((MappingQualityReadFilter AND MappingQualityAvailableReadFilter) AND MappedReadFilter) AND NotSecondaryAlignmentReadFilter) AND NotDuplicateReadFilter) AND PassesVendorQualityCheckReadFilter) AND NonZeroReferenceLengthAlignmentReadFilter) AND GoodCigarReadFilter) AND WellformedReadFilter)
  372489 read(s) filtered by: (((((((MappingQualityReadFilter AND MappingQualityAvailableReadFilter) AND MappedReadFilter) AND NotSecondaryAlignmentReadFilter) AND NotDuplicateReadFilter) AND PassesVendorQualityCheckReadFilter) AND NonZeroReferenceLengthAlignmentReadFilter) AND GoodCigarReadFilter)
      372489 read(s) filtered by: ((((((MappingQualityReadFilter AND MappingQualityAvailableReadFilter) AND MappedReadFilter) AND NotSecondaryAlignmentReadFilter) AND NotDuplicateReadFilter) AND PassesVendorQualityCheckReadFilter) AND NonZeroReferenceLengthAlignmentReadFilter)
          372489 read(s) filtered by: (((((MappingQualityReadFilter AND MappingQualityAvailableReadFilter) AND MappedReadFilter) AND NotSecondaryAlignmentReadFilter) AND NotDuplicateReadFilter) AND PassesVendorQualityCheckReadFilter)
              372489 read(s) filtered by: ((((MappingQualityReadFilter AND MappingQualityAvailableReadFilter) AND MappedReadFilter) AND NotSecondaryAlignmentReadFilter) AND NotDuplicateReadFilter)
                  275 read(s) filtered by: (((MappingQualityReadFilter AND MappingQualityAvailableReadFilter) AND MappedReadFilter) AND NotSecondaryAlignmentReadFilter)
                      275 read(s) filtered by: ((MappingQualityReadFilter AND MappingQualityAvailableReadFilter) AND MappedReadFilter)
                          275 read(s) filtered by: (MappingQualityReadFilter AND MappingQualityAvailableReadFilter)
                              275 read(s) filtered by: MappingQualityReadFilter 
                  372214 read(s) filtered by: NotDuplicateReadFilter 

15:11:24.732 INFO  ProgressMeter -            SpMBP10:1              0.1                    28            203.7
15:11:24.732 INFO  ProgressMeter - Traversal complete. Processed 28 total regions in 0.1 minutes.
15:11:24.751 INFO  VectorLoglessPairHMM - Time spent in setup for JNI call : 0.007372168
15:11:24.751 INFO  PairHMM - Total compute time in PairHMM computeLogLikelihoods() : 0.28855136000000003
15:11:24.751 INFO  SmithWatermanAligner - Total compute time in java Smith-Waterman : 0.77 sec
15:11:24.751 INFO  HaplotypeCaller - Shutting down engine
[May 26, 2020 3:11:24 PM PDT] org.broadinstitute.hellbender.tools.walkers.haplotypecaller.HaplotypeCaller done. Elapsed time: 0.16 minutes.
Runtime.totalMemory()=2644508672
