Sourcing executables from speedseq.config ...
Aligning...
sambamba-sort: Error creating thread
/bin/bash: line 1: 149150 Done                    gawk '{ if ($0~"^@") { print; next } else { $10="*"; $11="*"; print } }' OFS="\t" G4.CkbylVwRwi6L/disc_pipe
     149151 Broken pipe             | /opt/linux/centos/7.x/x86_64/pkgs/speedseq/a95704a/bin/sambamba view -S -f bam /dev/stdin
     149152 Segmentation fault      | /opt/linux/centos/7.x/x86_64/pkgs/speedseq/a95704a/bin/sambamba sort -t 4 -m 1G --tmpdir=G4.CkbylVwRwi6L/disc -o results/Flowcell_1304/G4.discordants.bam /dev/stdin
samblaster: Version 0.1.22
samblaster: Inputting from stdin
samblaster: Outputting to stdout
samblaster: Opening G4.CkbylVwRwi6L/disc_pipe for write.
[M::bwa_idx_load_from_disk] read 0 ALT contigs
samblaster: Opening G4.CkbylVwRwi6L/spl_pipe for write.
[M::process] read 69102 sequences (10000021 bp)...
[M::process] read 69216 sequences (10000050 bp)...
[M::mem_pestat] # candidate unique pairs for (FF, FR, RF, RR): (0, 30763, 0, 0)
[M::mem_pestat] skip orientation FF as there are not enough pairs
[M::mem_pestat] analyzing insert size distribution for orientation FR...
[M::mem_pestat] (25, 50, 75) percentile: (189, 199, 210)
[M::mem_pestat] low and high boundaries for computing mean and std.dev: (147, 252)
[M::mem_pestat] mean and std.dev: (202.09, 12.60)
[M::mem_pestat] low and high boundaries for proper pairs: (126, 273)
[M::mem_pestat] skip orientation RF as there are not enough pairs
[M::mem_pestat] skip orientation RR as there are not enough pairs
[M::mem_process_seqs] Processed 69102 reads in 4.655 CPU sec, 4.510 real sec
samblaster: Loaded 12 header sequence entries.
[M::process] read 69162 sequences (10000081 bp)...
[M::mem_pestat] # candidate unique pairs for (FF, FR, RF, RR): (0, 30781, 0, 0)
[M::mem_pestat] skip orientation FF as there are not enough pairs
[M::mem_pestat] analyzing insert size distribution for orientation FR...
[M::mem_pestat] (25, 50, 75) percentile: (189, 199, 210)
[M::mem_pestat] low and high boundaries for computing mean and std.dev: (147, 252)
[M::mem_pestat] mean and std.dev: (201.97, 12.46)
[M::mem_pestat] low and high boundaries for proper pairs: (126, 273)
[M::mem_pestat] skip orientation RF as there are not enough pairs
[M::mem_pestat] skip orientation RR as there are not enough pairs
[M::mem_process_seqs] Processed 69216 reads in 5.023 CPU sec, 4.792 real sec
[M::process] read 69196 sequences (10000207 bp)...
[M::mem_pestat] # candidate unique pairs for (FF, FR, RF, RR): (0, 30846, 1, 0)
[M::mem_pestat] skip orientation FF as there are not enough pairs
[M::mem_pestat] analyzing insert size distribution for orientation FR...
[M::mem_pestat] (25, 50, 75) percentile: (189, 199, 210)
[M::mem_pestat] low and high boundaries for computing mean and std.dev: (147, 252)
[M::mem_pestat] mean and std.dev: (202.11, 12.51)
[M::mem_pestat] low and high boundaries for proper pairs: (126, 273)
[M::mem_pestat] skip orientation RF as there are not enough pairs
[M::mem_pestat] skip orientation RR as there are not enough pairs
[M::mem_process_seqs] Processed 69162 reads in 5.015 CPU sec, 4.760 real sec
[M::process] read 36412 sequences (5273128 bp)...
[M::mem_pestat] # candidate unique pairs for (FF, FR, RF, RR): (0, 30873, 0, 0)
[M::mem_pestat] skip orientation FF as there are not enough pairs
[M::mem_pestat] analyzing insert size distribution for orientation FR...
[M::mem_pestat] (25, 50, 75) percentile: (189, 199, 210)
[M::mem_pestat] low and high boundaries for computing mean and std.dev: (147, 252)
[M::mem_pestat] mean and std.dev: (202.09, 12.57)
[M::mem_pestat] low and high boundaries for proper pairs: (126, 273)
[M::mem_pestat] skip orientation RF as there are not enough pairs
[M::mem_pestat] skip orientation RR as there are not enough pairs
[M::mem_process_seqs] Processed 69196 reads in 4.765 CPU sec, 4.673 real sec
[M::mem_pestat] # candidate unique pairs for (FF, FR, RF, RR): (0, 16278, 2, 0)
[M::mem_pestat] skip orientation FF as there are not enough pairs
[M::mem_pestat] analyzing insert size distribution for orientation FR...
[M::mem_pestat] (25, 50, 75) percentile: (189, 199, 210)
[M::mem_pestat] low and high boundaries for computing mean and std.dev: (147, 252)
[M::mem_pestat] mean and std.dev: (202.16, 12.56)
[M::mem_pestat] low and high boundaries for proper pairs: (126, 273)
[M::mem_pestat] skip orientation RF as there are not enough pairs
[M::mem_pestat] skip orientation RR as there are not enough pairs
[M::mem_process_seqs] Processed 36412 reads in 2.639 CPU sec, 2.589 real sec
[main] Version: 0.7.12-r1039
[main] CMD: /opt/linux/centos/7.x/x86_64/pkgs/bwa/0.7.12/bin/bwa mem -t 1 -R @RG\tID:G4\tSM:G4\tLB:Lib\ References.fasta ExternalData/Flowcell_1304/Pooled/Stacks/G4.1.fq.gz ExternalData/Flowcell_1304/Pooled/Stacks/G4.2.fq.gz
[main] Real time: 21.655 sec; CPU: 22.283 sec
samblaster: Output 93 discordant read pairs to G4.CkbylVwRwi6L/disc_pipe
samblaster: Output 2 split reads to G4.CkbylVwRwi6L/spl_pipe
samblaster: Marked 156041 of 156544 (99.68%) read ids as duplicates using 1340k memory in 0.621S CPU seconds and 22S wall time.
