Sourcing executables from speedseq.config ...
Aligning...
samblaster: Version 0.1.22
samblaster: Inputting from stdin
samblaster: Outputting to stdout
samblaster: Opening F8.9cMr3d2at3gI/disc_pipe for write.
[M::bwa_idx_load_from_disk] read 0 ALT contigs
samblaster: Opening F8.9cMr3d2at3gI/spl_pipe for write.
[M::process] read 69082 sequences (10000132 bp)...
[M::process] read 69182 sequences (10000171 bp)...
[M::mem_pestat] # candidate unique pairs for (FF, FR, RF, RR): (0, 32125, 0, 0)
[M::mem_pestat] skip orientation FF as there are not enough pairs
[M::mem_pestat] analyzing insert size distribution for orientation FR...
[M::mem_pestat] (25, 50, 75) percentile: (189, 199, 210)
[M::mem_pestat] low and high boundaries for computing mean and std.dev: (147, 252)
[M::mem_pestat] mean and std.dev: (201.73, 12.97)
[M::mem_pestat] low and high boundaries for proper pairs: (126, 273)
[M::mem_pestat] skip orientation RF as there are not enough pairs
[M::mem_pestat] skip orientation RR as there are not enough pairs
[M::mem_process_seqs] Processed 69082 reads in 4.576 CPU sec, 4.390 real sec
samblaster: Loaded 12 header sequence entries.
[M::process] read 69130 sequences (10000289 bp)...
[M::mem_pestat] # candidate unique pairs for (FF, FR, RF, RR): (0, 32173, 2, 0)
[M::mem_pestat] skip orientation FF as there are not enough pairs
[M::mem_pestat] analyzing insert size distribution for orientation FR...
[M::mem_pestat] (25, 50, 75) percentile: (189, 200, 210)
[M::mem_pestat] low and high boundaries for computing mean and std.dev: (147, 252)
[M::mem_pestat] mean and std.dev: (201.85, 13.04)
[M::mem_pestat] low and high boundaries for proper pairs: (126, 273)
[M::mem_pestat] skip orientation RF as there are not enough pairs
[M::mem_pestat] skip orientation RR as there are not enough pairs
[M::mem_process_seqs] Processed 69182 reads in 4.927 CPU sec, 4.675 real sec
[M::process] read 69128 sequences (10000243 bp)...
[M::mem_pestat] # candidate unique pairs for (FF, FR, RF, RR): (0, 32151, 0, 0)
[M::mem_pestat] skip orientation FF as there are not enough pairs
[M::mem_pestat] analyzing insert size distribution for orientation FR...
[M::mem_pestat] (25, 50, 75) percentile: (189, 199, 210)
[M::mem_pestat] low and high boundaries for computing mean and std.dev: (147, 252)
[M::mem_pestat] mean and std.dev: (201.81, 12.96)
[M::mem_pestat] low and high boundaries for proper pairs: (126, 273)
[M::mem_pestat] skip orientation RF as there are not enough pairs
[M::mem_pestat] skip orientation RR as there are not enough pairs
[M::mem_process_seqs] Processed 69130 reads in 4.900 CPU sec, 4.725 real sec
[M::process] read 21460 sequences (3106849 bp)...
[M::mem_pestat] # candidate unique pairs for (FF, FR, RF, RR): (0, 31980, 0, 0)
[M::mem_pestat] skip orientation FF as there are not enough pairs
[M::mem_pestat] analyzing insert size distribution for orientation FR...
[M::mem_pestat] (25, 50, 75) percentile: (189, 199, 210)
[M::mem_pestat] low and high boundaries for computing mean and std.dev: (147, 252)
[M::mem_pestat] mean and std.dev: (201.78, 12.94)
[M::mem_pestat] low and high boundaries for proper pairs: (126, 273)
[M::mem_pestat] skip orientation RF as there are not enough pairs
[M::mem_pestat] skip orientation RR as there are not enough pairs
[M::mem_process_seqs] Processed 69128 reads in 4.769 CPU sec, 4.667 real sec
[M::mem_pestat] # candidate unique pairs for (FF, FR, RF, RR): (0, 9917, 0, 0)
[M::mem_pestat] skip orientation FF as there are not enough pairs
[M::mem_pestat] analyzing insert size distribution for orientation FR...
[M::mem_pestat] (25, 50, 75) percentile: (189, 199, 210)
[M::mem_pestat] low and high boundaries for computing mean and std.dev: (147, 252)
[M::mem_pestat] mean and std.dev: (201.71, 12.94)
[M::mem_pestat] low and high boundaries for proper pairs: (126, 273)
[M::mem_pestat] skip orientation RF as there are not enough pairs
[M::mem_pestat] skip orientation RR as there are not enough pairs
[M::mem_process_seqs] Processed 21460 reads in 1.717 CPU sec, 1.652 real sec
[main] Version: 0.7.12-r1039
[main] CMD: /opt/linux/centos/7.x/x86_64/pkgs/bwa/0.7.12/bin/bwa mem -t 1 -R @RG\tID:F8\tSM:F8\tLB:Lib\ References.fasta ExternalData/Flowcell_1304/Pooled/Stacks/F8.1.fq.gz ExternalData/Flowcell_1304/Pooled/Stacks/F8.2.fq.gz
[main] Real time: 20.371 sec; CPU: 21.051 sec
samblaster: Output 77 discordant read pairs to F8.9cMr3d2at3gI/disc_pipe
samblaster: Output 4 split reads to F8.9cMr3d2at3gI/spl_pipe
samblaster: Marked 148538 of 148991 (99.70%) read ids as duplicates using 1340k memory in 0.602S CPU seconds and 20S wall time.
Done
