Sourcing executables from speedseq.config ...
Aligning...
[M::bwa_idx_load_from_disk] read 0 ALT contigs
samblaster: Version 0.1.22
samblaster: Inputting from stdin
samblaster: Outputting to stdout
samblaster: Opening E8.aSSKyjnUjzic/disc_pipe for write.
samblaster: Opening E8.aSSKyjnUjzic/spl_pipe for write.
[M::process] read 68534 sequences (10000226 bp)...
[M::process] read 68582 sequences (10000267 bp)...
[M::mem_pestat] # candidate unique pairs for (FF, FR, RF, RR): (0, 33797, 1, 0)
[M::mem_pestat] skip orientation FF as there are not enough pairs
[M::mem_pestat] analyzing insert size distribution for orientation FR...
[M::mem_pestat] (25, 50, 75) percentile: (189, 199, 206)
[M::mem_pestat] low and high boundaries for computing mean and std.dev: (155, 240)
[M::mem_pestat] mean and std.dev: (197.98, 8.73)
[M::mem_pestat] low and high boundaries for proper pairs: (138, 257)
[M::mem_pestat] skip orientation RF as there are not enough pairs
[M::mem_pestat] skip orientation RR as there are not enough pairs
[M::mem_process_seqs] Processed 68534 reads in 5.421 CPU sec, 5.254 real sec
samblaster: Loaded 12 header sequence entries.
[M::process] read 68566 sequences (10000196 bp)...
[M::mem_pestat] # candidate unique pairs for (FF, FR, RF, RR): (0, 33823, 0, 0)
[M::mem_pestat] skip orientation FF as there are not enough pairs
[M::mem_pestat] analyzing insert size distribution for orientation FR...
[M::mem_pestat] (25, 50, 75) percentile: (189, 199, 206)
[M::mem_pestat] low and high boundaries for computing mean and std.dev: (155, 240)
[M::mem_pestat] mean and std.dev: (197.73, 8.91)
[M::mem_pestat] low and high boundaries for proper pairs: (138, 257)
[M::mem_pestat] skip orientation RF as there are not enough pairs
[M::mem_pestat] skip orientation RR as there are not enough pairs
[M::mem_process_seqs] Processed 68582 reads in 5.791 CPU sec, 5.582 real sec
[M::process] read 27136 sequences (3961116 bp)...
[M::mem_pestat] # candidate unique pairs for (FF, FR, RF, RR): (0, 33917, 1, 0)
[M::mem_pestat] skip orientation FF as there are not enough pairs
[M::mem_pestat] analyzing insert size distribution for orientation FR...
[M::mem_pestat] (25, 50, 75) percentile: (189, 200, 206)
[M::mem_pestat] low and high boundaries for computing mean and std.dev: (155, 240)
[M::mem_pestat] mean and std.dev: (197.97, 8.67)
[M::mem_pestat] low and high boundaries for proper pairs: (138, 257)
[M::mem_pestat] skip orientation RF as there are not enough pairs
[M::mem_pestat] skip orientation RR as there are not enough pairs
[M::mem_process_seqs] Processed 68566 reads in 5.457 CPU sec, 5.323 real sec
[M::mem_pestat] # candidate unique pairs for (FF, FR, RF, RR): (0, 13443, 0, 0)
[M::mem_pestat] skip orientation FF as there are not enough pairs
[M::mem_pestat] analyzing insert size distribution for orientation FR...
[M::mem_pestat] (25, 50, 75) percentile: (189, 200, 206)
[M::mem_pestat] low and high boundaries for computing mean and std.dev: (155, 240)
[M::mem_pestat] mean and std.dev: (198.01, 8.65)
[M::mem_pestat] low and high boundaries for proper pairs: (138, 257)
[M::mem_pestat] skip orientation RF as there are not enough pairs
[M::mem_pestat] skip orientation RR as there are not enough pairs
[M::mem_process_seqs] Processed 27136 reads in 2.326 CPU sec, 2.262 real sec
[main] Version: 0.7.12-r1039
[main] CMD: /opt/linux/centos/7.x/x86_64/pkgs/bwa/0.7.12/bin/bwa mem -t 1 -R @RG\tID:E8\tSM:E8\tLB:Lib\ References.fasta ExternalData/Pooled/Stacks/E8.1.fq.gz ExternalData/Pooled/Stacks/E8.2.fq.gz
[main] Real time: 18.818 sec; CPU: 19.186 sec
samblaster: Output 39 discordant read pairs to E8.aSSKyjnUjzic/disc_pipe
samblaster: Output 6 split reads to E8.aSSKyjnUjzic/spl_pipe
samblaster: Marked 115574 of 116409 (99.28%) read ids as duplicates using 1344k memory in 0.452S CPU seconds and 19S wall time.
Done
Using GATK jar /bigdata/operations/pkgadmin/opt/linux/centos/7.x/x86_64/pkgs/gatk/4.0.8.1/gatk-package-4.0.8.1-local.jar
Running:
    java -Dsamjdk.use_async_io_read_samtools=false -Dsamjdk.use_async_io_write_samtools=true -Dsamjdk.use_async_io_write_tribble=false -Dsamjdk.compression_level=2 -jar /bigdata/operations/pkgadmin/opt/linux/centos/7.x/x86_64/pkgs/gatk/4.0.8.1/gatk-package-4.0.8.1-local.jar HaplotypeCaller -R References.fasta -I results/E8.bam -O results/E8.g.vcf -ERC GVCF
15:11:09.294 INFO  NativeLibraryLoader - Loading libgkl_compression.so from jar:file:/bigdata/operations/pkgadmin/opt/linux/centos/7.x/x86_64/pkgs/gatk/4.0.8.1/gatk-package-4.0.8.1-local.jar!/com/intel/gkl/native/libgkl_compression.so
15:11:09.543 INFO  HaplotypeCaller - ------------------------------------------------------------
15:11:09.545 INFO  HaplotypeCaller - The Genome Analysis Toolkit (GATK) v4.0.8.1
15:11:09.545 INFO  HaplotypeCaller - For support and documentation go to https://software.broadinstitute.org/gatk/
15:11:09.545 INFO  HaplotypeCaller - Executing as arajewski@i33 on Linux v3.10.0-957.el7.x86_64 amd64
15:11:09.545 INFO  HaplotypeCaller - Java runtime: Java HotSpot(TM) 64-Bit Server VM v1.8.0_45-b14
15:11:09.546 INFO  HaplotypeCaller - Start Date/Time: May 26, 2020 3:11:09 PM PDT
15:11:09.546 INFO  HaplotypeCaller - ------------------------------------------------------------
15:11:09.546 INFO  HaplotypeCaller - ------------------------------------------------------------
15:11:09.546 INFO  HaplotypeCaller - HTSJDK Version: 2.16.0
15:11:09.546 INFO  HaplotypeCaller - Picard Version: 2.18.7
15:11:09.547 INFO  HaplotypeCaller - HTSJDK Defaults.COMPRESSION_LEVEL : 2
15:11:09.547 INFO  HaplotypeCaller - HTSJDK Defaults.USE_ASYNC_IO_READ_FOR_SAMTOOLS : false
15:11:09.547 INFO  HaplotypeCaller - HTSJDK Defaults.USE_ASYNC_IO_WRITE_FOR_SAMTOOLS : true
15:11:09.547 INFO  HaplotypeCaller - HTSJDK Defaults.USE_ASYNC_IO_WRITE_FOR_TRIBBLE : false
15:11:09.547 INFO  HaplotypeCaller - Deflater: IntelDeflater
15:11:09.547 INFO  HaplotypeCaller - Inflater: IntelInflater
15:11:09.547 INFO  HaplotypeCaller - GCS max retries/reopens: 20
15:11:09.547 INFO  HaplotypeCaller - Using google-cloud-java fork https://github.com/broadinstitute/google-cloud-java/releases/tag/0.20.5-alpha-GCS-RETRY-FIX
15:11:09.547 INFO  HaplotypeCaller - Initializing engine
15:11:10.427 INFO  HaplotypeCaller - Done initializing engine
15:11:10.436 INFO  HaplotypeCallerEngine - Tool is in reference confidence mode and the annotation, the following changes will be made to any specified annotations: 'StrandBiasBySample' will be enabled. 'ChromosomeCounts', 'FisherStrand', 'StrandOddsRatio' and 'QualByDepth' annotations have been disabled
15:11:10.441 INFO  HaplotypeCallerEngine - Standard Emitting and Calling confidence set to 0.0 for reference-model confidence output
15:11:10.441 INFO  HaplotypeCallerEngine - All sites annotated with PLs forced to true for reference-model confidence output
15:11:10.455 INFO  NativeLibraryLoader - Loading libgkl_utils.so from jar:file:/bigdata/operations/pkgadmin/opt/linux/centos/7.x/x86_64/pkgs/gatk/4.0.8.1/gatk-package-4.0.8.1-local.jar!/com/intel/gkl/native/libgkl_utils.so
15:11:10.458 INFO  NativeLibraryLoader - Loading libgkl_pairhmm_omp.so from jar:file:/bigdata/operations/pkgadmin/opt/linux/centos/7.x/x86_64/pkgs/gatk/4.0.8.1/gatk-package-4.0.8.1-local.jar!/com/intel/gkl/native/libgkl_pairhmm_omp.so
15:11:10.500 WARN  IntelPairHmm - Flush-to-zero (FTZ) is enabled when running PairHMM
15:11:10.501 INFO  IntelPairHmm - Available threads: 2
15:11:10.501 INFO  IntelPairHmm - Requested threads: 4
15:11:10.501 WARN  IntelPairHmm - Using 2 available threads, but 4 were requested
15:11:10.501 INFO  PairHMM - Using the OpenMP multi-threaded AVX-accelerated native PairHMM implementation
15:11:10.567 INFO  ProgressMeter - Starting traversal
15:11:10.568 INFO  ProgressMeter -        Current Locus  Elapsed Minutes     Regions Processed   Regions/Minute
15:11:22.399 INFO  ProgressMeter -          SpMBP20.1:1              0.2                    20            101.4
15:11:22.517 INFO  HaplotypeCaller - 231169 read(s) filtered by: ((((((((MappingQualityReadFilter AND MappingQualityAvailableReadFilter) AND MappedReadFilter) AND NotSecondaryAlignmentReadFilter) AND NotDuplicateReadFilter) AND PassesVendorQualityCheckReadFilter) AND NonZeroReferenceLengthAlignmentReadFilter) AND GoodCigarReadFilter) AND WellformedReadFilter)
  231169 read(s) filtered by: (((((((MappingQualityReadFilter AND MappingQualityAvailableReadFilter) AND MappedReadFilter) AND NotSecondaryAlignmentReadFilter) AND NotDuplicateReadFilter) AND PassesVendorQualityCheckReadFilter) AND NonZeroReferenceLengthAlignmentReadFilter) AND GoodCigarReadFilter)
      231169 read(s) filtered by: ((((((MappingQualityReadFilter AND MappingQualityAvailableReadFilter) AND MappedReadFilter) AND NotSecondaryAlignmentReadFilter) AND NotDuplicateReadFilter) AND PassesVendorQualityCheckReadFilter) AND NonZeroReferenceLengthAlignmentReadFilter)
          231169 read(s) filtered by: (((((MappingQualityReadFilter AND MappingQualityAvailableReadFilter) AND MappedReadFilter) AND NotSecondaryAlignmentReadFilter) AND NotDuplicateReadFilter) AND PassesVendorQualityCheckReadFilter)
              231169 read(s) filtered by: ((((MappingQualityReadFilter AND MappingQualityAvailableReadFilter) AND MappedReadFilter) AND NotSecondaryAlignmentReadFilter) AND NotDuplicateReadFilter)
                  306 read(s) filtered by: (((MappingQualityReadFilter AND MappingQualityAvailableReadFilter) AND MappedReadFilter) AND NotSecondaryAlignmentReadFilter)
                      306 read(s) filtered by: ((MappingQualityReadFilter AND MappingQualityAvailableReadFilter) AND MappedReadFilter)
                          306 read(s) filtered by: (MappingQualityReadFilter AND MappingQualityAvailableReadFilter)
                              306 read(s) filtered by: MappingQualityReadFilter 
                  230863 read(s) filtered by: NotDuplicateReadFilter 

15:11:22.518 INFO  ProgressMeter -          SpMBP20.1:1              0.2                    22            110.5
15:11:22.518 INFO  ProgressMeter - Traversal complete. Processed 22 total regions in 0.2 minutes.
15:11:22.565 INFO  VectorLoglessPairHMM - Time spent in setup for JNI call : 0.027880266
15:11:22.565 INFO  PairHMM - Total compute time in PairHMM computeLogLikelihoods() : 2.6112773070000004
15:11:22.565 INFO  SmithWatermanAligner - Total compute time in java Smith-Waterman : 2.08 sec
15:11:22.565 INFO  HaplotypeCaller - Shutting down engine
[May 26, 2020 3:11:22 PM PDT] org.broadinstitute.hellbender.tools.walkers.haplotypecaller.HaplotypeCaller done. Elapsed time: 0.22 minutes.
Runtime.totalMemory()=2568486912
