Sourcing executables from speedseq.config ...
Aligning...
[M::bwa_idx_load_from_disk] read 0 ALT contigs
samblaster: Version 0.1.22
samblaster: Inputting from stdin
samblaster: Outputting to stdout
samblaster: Opening C12.zM2NladZefhb/disc_pipe for write.
samblaster: Opening C12.zM2NladZefhb/spl_pipe for write.
[M::process] read 73704 sequences (10000256 bp)...
[M::process] read 73660 sequences (10000119 bp)...
[M::mem_pestat] # candidate unique pairs for (FF, FR, RF, RR): (0, 36760, 0, 0)
[M::mem_pestat] skip orientation FF as there are not enough pairs
[M::mem_pestat] analyzing insert size distribution for orientation FR...
[M::mem_pestat] (25, 50, 75) percentile: (121, 166, 200)
[M::mem_pestat] low and high boundaries for computing mean and std.dev: (1, 358)
[M::mem_pestat] mean and std.dev: (163.91, 44.29)
[M::mem_pestat] low and high boundaries for proper pairs: (1, 437)
[M::mem_pestat] skip orientation RF as there are not enough pairs
[M::mem_pestat] skip orientation RR as there are not enough pairs
[M::mem_process_seqs] Processed 73704 reads in 3.249 CPU sec, 3.035 real sec
samblaster: Loaded 12 header sequence entries.
[M::process] read 73682 sequences (10000091 bp)...
[M::mem_pestat] # candidate unique pairs for (FF, FR, RF, RR): (0, 36781, 0, 0)
[M::mem_pestat] skip orientation FF as there are not enough pairs
[M::mem_pestat] analyzing insert size distribution for orientation FR...
[M::mem_pestat] (25, 50, 75) percentile: (121, 193, 200)
[M::mem_pestat] low and high boundaries for computing mean and std.dev: (1, 358)
[M::mem_pestat] mean and std.dev: (164.34, 44.30)
[M::mem_pestat] low and high boundaries for proper pairs: (1, 437)
[M::mem_pestat] skip orientation RF as there are not enough pairs
[M::mem_pestat] skip orientation RR as there are not enough pairs
[M::mem_process_seqs] Processed 73660 reads in 3.533 CPU sec, 3.352 real sec
[M::process] read 734 sequences (99392 bp)...
[M::mem_pestat] # candidate unique pairs for (FF, FR, RF, RR): (0, 36769, 1, 0)
[M::mem_pestat] skip orientation FF as there are not enough pairs
[M::mem_pestat] analyzing insert size distribution for orientation FR...
[M::mem_pestat] (25, 50, 75) percentile: (121, 193, 200)
[M::mem_pestat] low and high boundaries for computing mean and std.dev: (1, 358)
[M::mem_pestat] mean and std.dev: (164.27, 44.40)
[M::mem_pestat] low and high boundaries for proper pairs: (1, 437)
[M::mem_pestat] skip orientation RF as there are not enough pairs
[M::mem_pestat] skip orientation RR as there are not enough pairs
[M::mem_process_seqs] Processed 73682 reads in 3.340 CPU sec, 3.286 real sec
[M::mem_pestat] # candidate unique pairs for (FF, FR, RF, RR): (0, 366, 0, 0)
[M::mem_pestat] skip orientation FF as there are not enough pairs
[M::mem_pestat] analyzing insert size distribution for orientation FR...
[M::mem_pestat] (25, 50, 75) percentile: (121, 121, 200)
[M::mem_pestat] low and high boundaries for computing mean and std.dev: (1, 358)
[M::mem_pestat] mean and std.dev: (161.32, 43.51)
[M::mem_pestat] low and high boundaries for proper pairs: (1, 437)
[M::mem_pestat] skip orientation RF as there are not enough pairs
[M::mem_pestat] skip orientation RR as there are not enough pairs
[M::mem_process_seqs] Processed 734 reads in 0.059 CPU sec, 0.055 real sec
[main] Version: 0.7.12-r1039
[main] CMD: /opt/linux/centos/7.x/x86_64/pkgs/bwa/0.7.12/bin/bwa mem -t 1 -R @RG\tID:C12\tSM:C12\tLB:Lib\ References.fasta ExternalData/Flowcell_1304/Pooled/Stacks/C12.1.fq.gz ExternalData/Flowcell_1304/Pooled/Stacks/C12.2.fq.gz
[main] Real time: 10.438 sec; CPU: 10.424 sec
samblaster: Output 12 discordant read pairs to C12.zM2NladZefhb/disc_pipe
samblaster: Output 28 split reads to C12.zM2NladZefhb/spl_pipe
samblaster: Marked 110732 of 110890 (99.86%) read ids as duplicates using 1344k memory in 0.411S CPU seconds and 11S wall time.
Done
