Sourcing executables from speedseq.config ...
Aligning...
samblaster: Version 0.1.22
samblaster: Inputting from stdin
samblaster: Outputting to stdout
samblaster: Opening C7.2TJhXxMGt4tQ/disc_pipe for write.
[M::bwa_idx_load_from_disk] read 0 ALT contigs
samblaster: Opening C7.2TJhXxMGt4tQ/spl_pipe for write.
[M::process] read 68670 sequences (10000134 bp)...
[M::process] read 68664 sequences (10000202 bp)...
[M::mem_pestat] # candidate unique pairs for (FF, FR, RF, RR): (0, 30847, 1, 0)
[M::mem_pestat] skip orientation FF as there are not enough pairs
[M::mem_pestat] analyzing insert size distribution for orientation FR...
[M::mem_pestat] (25, 50, 75) percentile: (189, 199, 210)
[M::mem_pestat] low and high boundaries for computing mean and std.dev: (147, 252)
[M::mem_pestat] mean and std.dev: (202.29, 12.06)
[M::mem_pestat] low and high boundaries for proper pairs: (126, 273)
[M::mem_pestat] skip orientation RF as there are not enough pairs
[M::mem_pestat] skip orientation RR as there are not enough pairs
[M::mem_process_seqs] Processed 68670 reads in 5.332 CPU sec, 5.124 real sec
samblaster: Loaded 12 header sequence entries.
[M::process] read 68626 sequences (10000143 bp)...
[M::mem_pestat] # candidate unique pairs for (FF, FR, RF, RR): (0, 30788, 0, 0)
[M::mem_pestat] skip orientation FF as there are not enough pairs
[M::mem_pestat] analyzing insert size distribution for orientation FR...
[M::mem_pestat] (25, 50, 75) percentile: (189, 199, 210)
[M::mem_pestat] low and high boundaries for computing mean and std.dev: (147, 252)
[M::mem_pestat] mean and std.dev: (202.21, 12.04)
[M::mem_pestat] low and high boundaries for proper pairs: (126, 273)
[M::mem_pestat] skip orientation RF as there are not enough pairs
[M::mem_pestat] skip orientation RR as there are not enough pairs
[M::mem_process_seqs] Processed 68664 reads in 5.616 CPU sec, 5.414 real sec
[M::process] read 37966 sequences (5534930 bp)...
[M::mem_pestat] # candidate unique pairs for (FF, FR, RF, RR): (0, 30685, 0, 0)
[M::mem_pestat] skip orientation FF as there are not enough pairs
[M::mem_pestat] analyzing insert size distribution for orientation FR...
[M::mem_pestat] (25, 50, 75) percentile: (189, 199, 210)
[M::mem_pestat] low and high boundaries for computing mean and std.dev: (147, 252)
[M::mem_pestat] mean and std.dev: (202.27, 12.05)
[M::mem_pestat] low and high boundaries for proper pairs: (126, 273)
[M::mem_pestat] skip orientation RF as there are not enough pairs
[M::mem_pestat] skip orientation RR as there are not enough pairs
[M::mem_process_seqs] Processed 68626 reads in 5.556 CPU sec, 5.414 real sec
[M::mem_pestat] # candidate unique pairs for (FF, FR, RF, RR): (0, 16978, 0, 0)
[M::mem_pestat] skip orientation FF as there are not enough pairs
[M::mem_pestat] analyzing insert size distribution for orientation FR...
[M::mem_pestat] (25, 50, 75) percentile: (189, 199, 210)
[M::mem_pestat] low and high boundaries for computing mean and std.dev: (147, 252)
[M::mem_pestat] mean and std.dev: (202.31, 12.10)
[M::mem_pestat] low and high boundaries for proper pairs: (126, 273)
[M::mem_pestat] skip orientation RF as there are not enough pairs
[M::mem_pestat] skip orientation RR as there are not enough pairs
[M::mem_process_seqs] Processed 37966 reads in 3.143 CPU sec, 3.112 real sec
samblaster: Output 92 discordant read pairs to C7.2TJhXxMGt4tQ/disc_pipe
[main] Version: 0.7.12-r1039
samblaster: Output 38 split reads to C7.2TJhXxMGt4tQ/spl_pipe
[main] CMD: /opt/linux/centos/7.x/x86_64/pkgs/bwa/0.7.12/bin/bwa mem -t 1 -R @RG\tID:C7\tSM:C7\tLB:Lib\ References.fastasamblaster: Marked 121565 of 121963 (99.67%) read ids as duplicates ExternalData/Flowcell_1304/Pooled/Stacks/C7.1.fq.gz ExternalData/Flowcell_1304/Pooled/Stacks/C7.2.fq.gz using 1340k memory in 0.493S
[main] Real time: 19.527 sec; CPU: 19.867 sec
 CPU seconds and 20S wall time.
Done
