Sourcing executables from speedseq.config ...
Aligning...
samblaster: Version 0.1.22
samblaster: Inputting from stdin
samblaster: Outputting to stdout
samblaster: Opening A3.iEqycKdLtQ6z/disc_pipe for write.
samblaster: Opening A3.iEqycKdLtQ6z/spl_pipe for write.
[M::bwa_idx_load_from_disk] read 0 ALT contigs
[M::process] read 71932 sequences (10000026 bp)...
[M::process] read 21338 sequences (2965686 bp)...
[M::mem_pestat] # candidate unique pairs for (FF, FR, RF, RR): (0, 35221, 1, 0)
[M::mem_pestat] skip orientation FF as there are not enough pairs
[M::mem_pestat] analyzing insert size distribution for orientation FR...
[M::mem_pestat] (25, 50, 75) percentile: (121, 200, 210)
[M::mem_pestat] low and high boundaries for computing mean and std.dev: (1, 388)
[M::mem_pestat] mean and std.dev: (182.41, 41.76)
[M::mem_pestat] low and high boundaries for proper pairs: (1, 477)
[M::mem_pestat] skip orientation RF as there are not enough pairs
[M::mem_pestat] skip orientation RR as there are not enough pairs
[M::mem_process_seqs] Processed 71932 reads in 4.479 CPU sec, 4.412 real sec
samblaster: Loaded 12 header sequence entries.
[M::mem_pestat] # candidate unique pairs for (FF, FR, RF, RR): (0, 10521, 0, 0)
[M::mem_pestat] skip orientation FF as there are not enough pairs
[M::mem_pestat] analyzing insert size distribution for orientation FR...
[M::mem_pestat] (25, 50, 75) percentile: (121, 200, 210)
[M::mem_pestat] low and high boundaries for computing mean and std.dev: (1, 388)
[M::mem_pestat] mean and std.dev: (182.29, 43.02)
[M::mem_pestat] low and high boundaries for proper pairs: (1, 477)
[M::mem_pestat] skip orientation RF as there are not enough pairs
[M::mem_pestat] skip orientation RR as there are not enough pairs
[M::mem_process_seqs] Processed 21338 reads in 1.535 CPU sec, 1.556 real sec
samblaster: Output 24 discordant read pairs to A3.iEqycKdLtQ6z/disc_pipe
[main] Version: 0.7.12-r1039
samblaster: Output 24 split reads to A3.iEqycKdLtQ6z/spl_pipe
[main] CMD: /opt/linux/centos/7.x/x86_64/pkgs/bwa/0.7.12/bin/bwa mem -t 1 -R @RG\tID:A3\tSM:A3\tLB:Lib\ References.fasta ExternalData/Pooled/Stacks/A3.1.fq.gz ExternalData/Pooled/Stacks/A3.2.fq.gzsamblaster: Marked 46011 of 46635 (98.66%) read ids as duplicates
[main] Real time: 6.400 sec; CPU: 6.202 sec
 using 1344k memory in 0.181S CPU seconds and 7S wall time.
Done
Using GATK jar /bigdata/operations/pkgadmin/opt/linux/centos/7.x/x86_64/pkgs/gatk/4.0.8.1/gatk-package-4.0.8.1-local.jar
Running:
    java -Dsamjdk.use_async_io_read_samtools=false -Dsamjdk.use_async_io_write_samtools=true -Dsamjdk.use_async_io_write_tribble=false -Dsamjdk.compression_level=2 -jar /bigdata/operations/pkgadmin/opt/linux/centos/7.x/x86_64/pkgs/gatk/4.0.8.1/gatk-package-4.0.8.1-local.jar HaplotypeCaller -R References.fasta -I results/A3.bam -O results/A3.g.vcf -ERC GVCF
15:10:53.948 INFO  NativeLibraryLoader - Loading libgkl_compression.so from jar:file:/bigdata/operations/pkgadmin/opt/linux/centos/7.x/x86_64/pkgs/gatk/4.0.8.1/gatk-package-4.0.8.1-local.jar!/com/intel/gkl/native/libgkl_compression.so
15:10:54.200 INFO  HaplotypeCaller - ------------------------------------------------------------
15:10:54.202 INFO  HaplotypeCaller - The Genome Analysis Toolkit (GATK) v4.0.8.1
15:10:54.203 INFO  HaplotypeCaller - For support and documentation go to https://software.broadinstitute.org/gatk/
15:10:54.206 INFO  HaplotypeCaller - Executing as arajewski@i05 on Linux v3.10.0-957.el7.x86_64 amd64
15:10:54.207 INFO  HaplotypeCaller - Java runtime: Java HotSpot(TM) 64-Bit Server VM v1.8.0_45-b14
15:10:54.207 INFO  HaplotypeCaller - Start Date/Time: May 26, 2020 3:10:53 PM PDT
15:10:54.207 INFO  HaplotypeCaller - ------------------------------------------------------------
15:10:54.208 INFO  HaplotypeCaller - ------------------------------------------------------------
15:10:54.208 INFO  HaplotypeCaller - HTSJDK Version: 2.16.0
15:10:54.208 INFO  HaplotypeCaller - Picard Version: 2.18.7
15:10:54.213 INFO  HaplotypeCaller - HTSJDK Defaults.COMPRESSION_LEVEL : 2
15:10:54.213 INFO  HaplotypeCaller - HTSJDK Defaults.USE_ASYNC_IO_READ_FOR_SAMTOOLS : false
15:10:54.221 INFO  HaplotypeCaller - HTSJDK Defaults.USE_ASYNC_IO_WRITE_FOR_SAMTOOLS : true
15:10:54.221 INFO  HaplotypeCaller - HTSJDK Defaults.USE_ASYNC_IO_WRITE_FOR_TRIBBLE : false
15:10:54.221 INFO  HaplotypeCaller - Deflater: IntelDeflater
15:10:54.221 INFO  HaplotypeCaller - Inflater: IntelInflater
15:10:54.221 INFO  HaplotypeCaller - GCS max retries/reopens: 20
15:10:54.222 INFO  HaplotypeCaller - Using google-cloud-java fork https://github.com/broadinstitute/google-cloud-java/releases/tag/0.20.5-alpha-GCS-RETRY-FIX
15:10:54.222 INFO  HaplotypeCaller - Initializing engine
15:10:55.321 INFO  HaplotypeCaller - Done initializing engine
15:10:55.327 INFO  HaplotypeCallerEngine - Tool is in reference confidence mode and the annotation, the following changes will be made to any specified annotations: 'StrandBiasBySample' will be enabled. 'ChromosomeCounts', 'FisherStrand', 'StrandOddsRatio' and 'QualByDepth' annotations have been disabled
15:10:55.332 INFO  HaplotypeCallerEngine - Standard Emitting and Calling confidence set to 0.0 for reference-model confidence output
15:10:55.333 INFO  HaplotypeCallerEngine - All sites annotated with PLs forced to true for reference-model confidence output
15:10:55.351 INFO  NativeLibraryLoader - Loading libgkl_utils.so from jar:file:/bigdata/operations/pkgadmin/opt/linux/centos/7.x/x86_64/pkgs/gatk/4.0.8.1/gatk-package-4.0.8.1-local.jar!/com/intel/gkl/native/libgkl_utils.so
15:10:55.356 INFO  NativeLibraryLoader - Loading libgkl_pairhmm_omp.so from jar:file:/bigdata/operations/pkgadmin/opt/linux/centos/7.x/x86_64/pkgs/gatk/4.0.8.1/gatk-package-4.0.8.1-local.jar!/com/intel/gkl/native/libgkl_pairhmm_omp.so
15:10:55.398 WARN  IntelPairHmm - Flush-to-zero (FTZ) is enabled when running PairHMM
15:10:55.399 INFO  IntelPairHmm - Available threads: 2
15:10:55.399 INFO  IntelPairHmm - Requested threads: 4
15:10:55.399 WARN  IntelPairHmm - Using 2 available threads, but 4 were requested
15:10:55.400 INFO  PairHMM - Using the OpenMP multi-threaded AVX-accelerated native PairHMM implementation
15:10:55.480 INFO  ProgressMeter - Starting traversal
15:10:55.481 INFO  ProgressMeter -        Current Locus  Elapsed Minutes     Regions Processed   Regions/Minute
15:11:05.827 INFO  ProgressMeter -          SpMBP20.1:1              0.2                    20            116.0
15:11:07.301 INFO  HaplotypeCaller - 92044 read(s) filtered by: ((((((((MappingQualityReadFilter AND MappingQualityAvailableReadFilter) AND MappedReadFilter) AND NotSecondaryAlignmentReadFilter) AND NotDuplicateReadFilter) AND PassesVendorQualityCheckReadFilter) AND NonZeroReferenceLengthAlignmentReadFilter) AND GoodCigarReadFilter) AND WellformedReadFilter)
  92044 read(s) filtered by: (((((((MappingQualityReadFilter AND MappingQualityAvailableReadFilter) AND MappedReadFilter) AND NotSecondaryAlignmentReadFilter) AND NotDuplicateReadFilter) AND PassesVendorQualityCheckReadFilter) AND NonZeroReferenceLengthAlignmentReadFilter) AND GoodCigarReadFilter)
      92044 read(s) filtered by: ((((((MappingQualityReadFilter AND MappingQualityAvailableReadFilter) AND MappedReadFilter) AND NotSecondaryAlignmentReadFilter) AND NotDuplicateReadFilter) AND PassesVendorQualityCheckReadFilter) AND NonZeroReferenceLengthAlignmentReadFilter)
          92044 read(s) filtered by: (((((MappingQualityReadFilter AND MappingQualityAvailableReadFilter) AND MappedReadFilter) AND NotSecondaryAlignmentReadFilter) AND NotDuplicateReadFilter) AND PassesVendorQualityCheckReadFilter)
              92044 read(s) filtered by: ((((MappingQualityReadFilter AND MappingQualityAvailableReadFilter) AND MappedReadFilter) AND NotSecondaryAlignmentReadFilter) AND NotDuplicateReadFilter)
                  149 read(s) filtered by: (((MappingQualityReadFilter AND MappingQualityAvailableReadFilter) AND MappedReadFilter) AND NotSecondaryAlignmentReadFilter)
                      149 read(s) filtered by: ((MappingQualityReadFilter AND MappingQualityAvailableReadFilter) AND MappedReadFilter)
                          149 read(s) filtered by: (MappingQualityReadFilter AND MappingQualityAvailableReadFilter)
                              149 read(s) filtered by: MappingQualityReadFilter 
                  91895 read(s) filtered by: NotDuplicateReadFilter 

15:11:07.301 INFO  ProgressMeter -          SpMBP20.1:1              0.2                    23            116.8
15:11:07.302 INFO  ProgressMeter - Traversal complete. Processed 23 total regions in 0.2 minutes.
15:11:07.339 INFO  VectorLoglessPairHMM - Time spent in setup for JNI call : 0.026254599
15:11:07.339 INFO  PairHMM - Total compute time in PairHMM computeLogLikelihoods() : 1.6762466310000002
15:11:07.340 INFO  SmithWatermanAligner - Total compute time in java Smith-Waterman : 1.93 sec
15:11:07.340 INFO  HaplotypeCaller - Shutting down engine
[May 26, 2020 3:11:07 PM PDT] org.broadinstitute.hellbender.tools.walkers.haplotypecaller.HaplotypeCaller done. Elapsed time: 0.22 minutes.
Runtime.totalMemory()=2631401472
