Sourcing executables from speedseq.config ...
Aligning...
samblaster: Version 0.1.22
samblaster: Inputting from stdin
samblaster: Outputting to stdout
samblaster: Opening E7.tmzTL2FswcYm/disc_pipe for write.
[M::bwa_idx_load_from_disk] read 0 ALT contigs
samblaster: Opening E7.tmzTL2FswcYm/spl_pipe for write.
[M::process] read 49558 sequences (7022090 bp)...
[M::mem_pestat] # candidate unique pairs for (FF, FR, RF, RR): (0, 23895, 1, 0)
[M::mem_pestat] skip orientation FF as there are not enough pairs
[M::mem_pestat] analyzing insert size distribution for orientation FR...
[M::mem_pestat] (25, 50, 75) percentile: (189, 199, 210)
[M::mem_pestat] low and high boundaries for computing mean and std.dev: (147, 252)
[M::mem_pestat] mean and std.dev: (198.10, 9.37)
[M::mem_pestat] low and high boundaries for proper pairs: (126, 273)
[M::mem_pestat] skip orientation RF as there are not enough pairs
[M::mem_pestat] skip orientation RR as there are not enough pairs
[M::mem_process_seqs] Processed 49558 reads in 3.525 CPU sec, 3.525 real sec
samblaster: Loaded 12 header sequence entries.
[main] Version: 0.7.12-r1039
[main] CMD: /opt/linux/centos/7.x/x86_64/pkgs/bwa/0.7.12/bin/bwa mem -t 1 -R @RG\tID:E7\tSM:E7\tLB:Lib\ References.fasta ExternalData/Pooled/Stacks/E7.1.fq.gz ExternalData/Pooled/Stacks/E7.2.fq.gz
[main] Real time: 3.932 sec; CPU: 3.689 sec
samblaster: Output 30 discordant read pairs to E7.tmzTL2FswcYm/disc_pipe
samblaster: Output 6 split reads to E7.tmzTL2FswcYm/spl_pipe
samblaster: Marked 23894 of 24779 (96.43%) read ids as duplicates using 1344k memory in 0.068S CPU seconds and 4S wall time.
Done
Using GATK jar /bigdata/operations/pkgadmin/opt/linux/centos/7.x/x86_64/pkgs/gatk/4.0.8.1/gatk-package-4.0.8.1-local.jar
Running:
    java -Dsamjdk.use_async_io_read_samtools=false -Dsamjdk.use_async_io_write_samtools=true -Dsamjdk.use_async_io_write_tribble=false -Dsamjdk.compression_level=2 -jar /bigdata/operations/pkgadmin/opt/linux/centos/7.x/x86_64/pkgs/gatk/4.0.8.1/gatk-package-4.0.8.1-local.jar HaplotypeCaller -R References.fasta -I results/E7.bam -O results/E7.g.vcf -ERC GVCF
15:10:50.158 INFO  NativeLibraryLoader - Loading libgkl_compression.so from jar:file:/bigdata/operations/pkgadmin/opt/linux/centos/7.x/x86_64/pkgs/gatk/4.0.8.1/gatk-package-4.0.8.1-local.jar!/com/intel/gkl/native/libgkl_compression.so
15:10:50.423 INFO  HaplotypeCaller - ------------------------------------------------------------
15:10:50.425 INFO  HaplotypeCaller - The Genome Analysis Toolkit (GATK) v4.0.8.1
15:10:50.425 INFO  HaplotypeCaller - For support and documentation go to https://software.broadinstitute.org/gatk/
15:10:50.425 INFO  HaplotypeCaller - Executing as arajewski@i10 on Linux v3.10.0-957.el7.x86_64 amd64
15:10:50.425 INFO  HaplotypeCaller - Java runtime: Java HotSpot(TM) 64-Bit Server VM v1.8.0_45-b14
15:10:50.426 INFO  HaplotypeCaller - Start Date/Time: May 26, 2020 3:10:50 PM PDT
15:10:50.426 INFO  HaplotypeCaller - ------------------------------------------------------------
15:10:50.426 INFO  HaplotypeCaller - ------------------------------------------------------------
15:10:50.427 INFO  HaplotypeCaller - HTSJDK Version: 2.16.0
15:10:50.427 INFO  HaplotypeCaller - Picard Version: 2.18.7
15:10:50.427 INFO  HaplotypeCaller - HTSJDK Defaults.COMPRESSION_LEVEL : 2
15:10:50.427 INFO  HaplotypeCaller - HTSJDK Defaults.USE_ASYNC_IO_READ_FOR_SAMTOOLS : false
15:10:50.427 INFO  HaplotypeCaller - HTSJDK Defaults.USE_ASYNC_IO_WRITE_FOR_SAMTOOLS : true
15:10:50.427 INFO  HaplotypeCaller - HTSJDK Defaults.USE_ASYNC_IO_WRITE_FOR_TRIBBLE : false
15:10:50.427 INFO  HaplotypeCaller - Deflater: IntelDeflater
15:10:50.427 INFO  HaplotypeCaller - Inflater: IntelInflater
15:10:50.427 INFO  HaplotypeCaller - GCS max retries/reopens: 20
15:10:50.427 INFO  HaplotypeCaller - Using google-cloud-java fork https://github.com/broadinstitute/google-cloud-java/releases/tag/0.20.5-alpha-GCS-RETRY-FIX
15:10:50.428 INFO  HaplotypeCaller - Initializing engine
15:10:51.386 INFO  HaplotypeCaller - Done initializing engine
15:10:51.405 INFO  HaplotypeCallerEngine - Tool is in reference confidence mode and the annotation, the following changes will be made to any specified annotations: 'StrandBiasBySample' will be enabled. 'ChromosomeCounts', 'FisherStrand', 'StrandOddsRatio' and 'QualByDepth' annotations have been disabled
15:10:51.412 INFO  HaplotypeCallerEngine - Standard Emitting and Calling confidence set to 0.0 for reference-model confidence output
15:10:51.412 INFO  HaplotypeCallerEngine - All sites annotated with PLs forced to true for reference-model confidence output
15:10:51.428 INFO  NativeLibraryLoader - Loading libgkl_utils.so from jar:file:/bigdata/operations/pkgadmin/opt/linux/centos/7.x/x86_64/pkgs/gatk/4.0.8.1/gatk-package-4.0.8.1-local.jar!/com/intel/gkl/native/libgkl_utils.so
15:10:51.431 INFO  NativeLibraryLoader - Loading libgkl_pairhmm_omp.so from jar:file:/bigdata/operations/pkgadmin/opt/linux/centos/7.x/x86_64/pkgs/gatk/4.0.8.1/gatk-package-4.0.8.1-local.jar!/com/intel/gkl/native/libgkl_pairhmm_omp.so
15:10:51.473 WARN  IntelPairHmm - Flush-to-zero (FTZ) is enabled when running PairHMM
15:10:51.474 INFO  IntelPairHmm - Available threads: 2
15:10:51.474 INFO  IntelPairHmm - Requested threads: 4
15:10:51.474 WARN  IntelPairHmm - Using 2 available threads, but 4 were requested
15:10:51.474 INFO  PairHMM - Using the OpenMP multi-threaded AVX-accelerated native PairHMM implementation
15:10:51.553 INFO  ProgressMeter - Starting traversal
15:10:51.554 INFO  ProgressMeter -        Current Locus  Elapsed Minutes     Regions Processed   Regions/Minute
15:10:58.023 INFO  HaplotypeCaller - 47806 read(s) filtered by: ((((((((MappingQualityReadFilter AND MappingQualityAvailableReadFilter) AND MappedReadFilter) AND NotSecondaryAlignmentReadFilter) AND NotDuplicateReadFilter) AND PassesVendorQualityCheckReadFilter) AND NonZeroReferenceLengthAlignmentReadFilter) AND GoodCigarReadFilter) AND WellformedReadFilter)
  47806 read(s) filtered by: (((((((MappingQualityReadFilter AND MappingQualityAvailableReadFilter) AND MappedReadFilter) AND NotSecondaryAlignmentReadFilter) AND NotDuplicateReadFilter) AND PassesVendorQualityCheckReadFilter) AND NonZeroReferenceLengthAlignmentReadFilter) AND GoodCigarReadFilter)
      47806 read(s) filtered by: ((((((MappingQualityReadFilter AND MappingQualityAvailableReadFilter) AND MappedReadFilter) AND NotSecondaryAlignmentReadFilter) AND NotDuplicateReadFilter) AND PassesVendorQualityCheckReadFilter) AND NonZeroReferenceLengthAlignmentReadFilter)
          47806 read(s) filtered by: (((((MappingQualityReadFilter AND MappingQualityAvailableReadFilter) AND MappedReadFilter) AND NotSecondaryAlignmentReadFilter) AND NotDuplicateReadFilter) AND PassesVendorQualityCheckReadFilter)
              47806 read(s) filtered by: ((((MappingQualityReadFilter AND MappingQualityAvailableReadFilter) AND MappedReadFilter) AND NotSecondaryAlignmentReadFilter) AND NotDuplicateReadFilter)
                  61 read(s) filtered by: (((MappingQualityReadFilter AND MappingQualityAvailableReadFilter) AND MappedReadFilter) AND NotSecondaryAlignmentReadFilter)
                      61 read(s) filtered by: ((MappingQualityReadFilter AND MappingQualityAvailableReadFilter) AND MappedReadFilter)
                          61 read(s) filtered by: (MappingQualityReadFilter AND MappingQualityAvailableReadFilter)
                              61 read(s) filtered by: MappingQualityReadFilter 
                  47745 read(s) filtered by: NotDuplicateReadFilter 

15:10:58.024 INFO  ProgressMeter -            SpMBP10:1              0.1                    27            250.4
15:10:58.024 INFO  ProgressMeter - Traversal complete. Processed 27 total regions in 0.1 minutes.
15:10:58.056 INFO  VectorLoglessPairHMM - Time spent in setup for JNI call : 0.026928056000000002
15:10:58.056 INFO  PairHMM - Total compute time in PairHMM computeLogLikelihoods() : 0.360355352
15:10:58.056 INFO  SmithWatermanAligner - Total compute time in java Smith-Waterman : 0.63 sec
15:10:58.056 INFO  HaplotypeCaller - Shutting down engine
[May 26, 2020 3:10:58 PM PDT] org.broadinstitute.hellbender.tools.walkers.haplotypecaller.HaplotypeCaller done. Elapsed time: 0.13 minutes.
Runtime.totalMemory()=2673344512
