Sourcing executables from speedseq.config ...
Aligning...
samblaster: Version 0.1.22
samblaster: Inputting from stdin
samblaster: Outputting to stdout
samblaster: Opening G8.O6gkITw1eRBj/disc_pipe for write.
[M::bwa_idx_load_from_disk] read 0 ALT contigs
samblaster: Opening G8.O6gkITw1eRBj/spl_pipe for write.
[M::process] read 67798 sequences (10000205 bp)...
[M::process] read 67798 sequences (10000205 bp)...
[M::mem_pestat] # candidate unique pairs for (FF, FR, RF, RR): (731, 0, 0, 9)
[M::mem_pestat] analyzing insert size distribution for orientation FF...
[M::mem_pestat] (25, 50, 75) percentile: (1, 1, 5)
[M::mem_pestat] low and high boundaries for computing mean and std.dev: (1, 13)
[M::mem_pestat] mean and std.dev: (2.80, 2.60)
[M::mem_pestat] low and high boundaries for proper pairs: (1, 17)
[M::mem_pestat] skip orientation FR as there are not enough pairs
[M::mem_pestat] skip orientation RF as there are not enough pairs
[M::mem_pestat] skip orientation RR as there are not enough pairs
[M::mem_process_seqs] Processed 67798 reads in 8.545 CPU sec, 8.405 real sec
samblaster: Loaded 12 header sequence entries.
[M::process] read 67798 sequences (10000205 bp)...
[M::mem_pestat] # candidate unique pairs for (FF, FR, RF, RR): (725, 0, 0, 11)
[M::mem_pestat] analyzing insert size distribution for orientation FF...
[M::mem_pestat] (25, 50, 75) percentile: (1, 1, 5)
[M::mem_pestat] low and high boundaries for computing mean and std.dev: (1, 13)
[M::mem_pestat] mean and std.dev: (2.74, 2.55)
[M::mem_pestat] low and high boundaries for proper pairs: (1, 17)
[M::mem_pestat] skip orientation FR as there are not enough pairs
[M::mem_pestat] skip orientation RF as there are not enough pairs
[M::mem_pestat] analyzing insert size distribution for orientation RR...
[M::mem_pestat] (25, 50, 75) percentile: (2, 2, 2)
[M::mem_pestat] low and high boundaries for computing mean and std.dev: (2, 2)
[M::mem_pestat] mean and std.dev: (2.00, 0.00)
[M::mem_pestat] low and high boundaries for proper pairs: (2, 2)
[M::mem_pestat] skip orientation RR
[M::mem_process_seqs] Processed 67798 reads in 8.879 CPU sec, 8.762 real sec
[M::process] read 67798 sequences (10000205 bp)...
[M::mem_pestat] # candidate unique pairs for (FF, FR, RF, RR): (755, 0, 0, 12)
[M::mem_pestat] analyzing insert size distribution for orientation FF...
[M::mem_pestat] (25, 50, 75) percentile: (1, 1, 5)
[M::mem_pestat] low and high boundaries for computing mean and std.dev: (1, 13)
[M::mem_pestat] mean and std.dev: (2.77, 2.64)
[M::mem_pestat] low and high boundaries for proper pairs: (1, 17)
[M::mem_pestat] skip orientation FR as there are not enough pairs
[M::mem_pestat] skip orientation RF as there are not enough pairs
[M::mem_pestat] analyzing insert size distribution for orientation RR...
[M::mem_pestat] (25, 50, 75) percentile: (2, 2, 2)
[M::mem_pestat] low and high boundaries for computing mean and std.dev: (2, 2)
[M::mem_pestat] mean and std.dev: (2.00, 0.00)
[M::mem_pestat] low and high boundaries for proper pairs: (2, 2)
[M::mem_pestat] skip orientation RR
[M::mem_process_seqs] Processed 67798 reads in 8.881 CPU sec, 8.740 real sec
[M::process] read 67798 sequences (10000205 bp)...
[M::mem_pestat] # candidate unique pairs for (FF, FR, RF, RR): (758, 0, 0, 11)
[M::mem_pestat] analyzing insert size distribution for orientation FF...
[M::mem_pestat] (25, 50, 75) percentile: (1, 1, 4)
[M::mem_pestat] low and high boundaries for computing mean and std.dev: (1, 10)
[M::mem_pestat] mean and std.dev: (2.51, 2.34)
[M::mem_pestat] low and high boundaries for proper pairs: (1, 13)
[M::mem_pestat] skip orientation FR as there are not enough pairs
[M::mem_pestat] skip orientation RF as there are not enough pairs
[M::mem_pestat] analyzing insert size distribution for orientation RR...
[M::mem_pestat] (25, 50, 75) percentile: (2, 2, 2)
[M::mem_pestat] low and high boundaries for computing mean and std.dev: (2, 2)
[M::mem_pestat] mean and std.dev: (2.00, 0.00)
[M::mem_pestat] low and high boundaries for proper pairs: (2, 2)
[M::mem_pestat] skip orientation RR
[M::mem_process_seqs] Processed 67798 reads in 8.546 CPU sec, 8.434 real sec
[M::process] read 67798 sequences (10000205 bp)...
[M::mem_pestat] # candidate unique pairs for (FF, FR, RF, RR): (781, 0, 0, 9)
[M::mem_pestat] analyzing insert size distribution for orientation FF...
[M::mem_pestat] (25, 50, 75) percentile: (1, 1, 5)
[M::mem_pestat] low and high boundaries for computing mean and std.dev: (1, 13)
[M::mem_pestat] mean and std.dev: (2.72, 2.57)
[M::mem_pestat] low and high boundaries for proper pairs: (1, 17)
[M::mem_pestat] skip orientation FR as there are not enough pairs
[M::mem_pestat] skip orientation RF as there are not enough pairs
[M::mem_pestat] skip orientation RR as there are not enough pairs
[M::mem_process_seqs] Processed 67798 reads in 8.633 CPU sec, 8.494 real sec
[M::process] read 57972 sequences (8550870 bp)...
[M::mem_pestat] # candidate unique pairs for (FF, FR, RF, RR): (787, 0, 0, 8)
[M::mem_pestat] analyzing insert size distribution for orientation FF...
[M::mem_pestat] (25, 50, 75) percentile: (1, 1, 4)
[M::mem_pestat] low and high boundaries for computing mean and std.dev: (1, 10)
[M::mem_pestat] mean and std.dev: (2.60, 2.45)
[M::mem_pestat] low and high boundaries for proper pairs: (1, 13)
[M::mem_pestat] skip orientation FR as there are not enough pairs
[M::mem_pestat] skip orientation RF as there are not enough pairs
[M::mem_pestat] skip orientation RR as there are not enough pairs
[M::mem_process_seqs] Processed 67798 reads in 8.634 CPU sec, 8.537 real sec
[M::mem_pestat] # candidate unique pairs for (FF, FR, RF, RR): (692, 0, 0, 9)
[M::mem_pestat] analyzing insert size distribution for orientation FF...
[M::mem_pestat] (25, 50, 75) percentile: (1, 1, 4)
[M::mem_pestat] low and high boundaries for computing mean and std.dev: (1, 10)
[M::mem_pestat] mean and std.dev: (2.58, 2.46)
[M::mem_pestat] low and high boundaries for proper pairs: (1, 13)
[M::mem_pestat] skip orientation FR as there are not enough pairs
[M::mem_pestat] skip orientation RF as there are not enough pairs
[M::mem_pestat] skip orientation RR as there are not enough pairs
[M::mem_process_seqs] Processed 57972 reads in 7.495 CPU sec, 7.478 real sec
[main] Version: 0.7.12-r1039
samblaster: Output 110 discordant read pairs to G8.O6gkITw1eRBj/disc_pipe
[main] CMD:samblaster: Output 8 split reads to G8.O6gkITw1eRBj/spl_pipe
 /opt/linux/centos/7.x/x86_64/pkgs/bwa/0.7.12/bin/bwa mem -t 1 -R @RG\tID:G8\tSM:G8\tLB:Lib\ References.fasta ExternalData/G8_pair1.fastq ExternalData/G8_pair2.fastqsamblaster: Marked 230763 of 232380 (99.30%) read ids as duplicates
[main] Real time: 59.348 sec; CPU: 59.781 sec
 using 1344k memory in 0.961S CPU seconds and 1M0S(60S) wall time.
Done
Using GATK jar /bigdata/operations/pkgadmin/opt/linux/centos/7.x/x86_64/pkgs/gatk/4.0.8.1/gatk-package-4.0.8.1-local.jar
Running:
    java -Dsamjdk.use_async_io_read_samtools=false -Dsamjdk.use_async_io_write_samtools=true -Dsamjdk.use_async_io_write_tribble=false -Dsamjdk.compression_level=2 -jar /bigdata/operations/pkgadmin/opt/linux/centos/7.x/x86_64/pkgs/gatk/4.0.8.1/gatk-package-4.0.8.1-local.jar HaplotypeCaller -R References.fasta -I results/G8.bam -O results/G8.g.vcf -ERC GVCF
11:10:09.850 INFO  NativeLibraryLoader - Loading libgkl_compression.so from jar:file:/bigdata/operations/pkgadmin/opt/linux/centos/7.x/x86_64/pkgs/gatk/4.0.8.1/gatk-package-4.0.8.1-local.jar!/com/intel/gkl/native/libgkl_compression.so
11:10:10.699 INFO  HaplotypeCaller - ------------------------------------------------------------
11:10:10.701 INFO  HaplotypeCaller - The Genome Analysis Toolkit (GATK) v4.0.8.1
11:10:10.702 INFO  HaplotypeCaller - For support and documentation go to https://software.broadinstitute.org/gatk/
11:10:10.704 INFO  HaplotypeCaller - Executing as arajewski@i08 on Linux v3.10.0-957.el7.x86_64 amd64
11:10:10.705 INFO  HaplotypeCaller - Java runtime: Java HotSpot(TM) 64-Bit Server VM v1.8.0_45-b14
11:10:10.705 INFO  HaplotypeCaller - Start Date/Time: May 26, 2020 11:10:09 AM PDT
11:10:10.706 INFO  HaplotypeCaller - ------------------------------------------------------------
11:10:10.706 INFO  HaplotypeCaller - ------------------------------------------------------------
11:10:10.707 INFO  HaplotypeCaller - HTSJDK Version: 2.16.0
11:10:10.707 INFO  HaplotypeCaller - Picard Version: 2.18.7
11:10:10.707 INFO  HaplotypeCaller - HTSJDK Defaults.COMPRESSION_LEVEL : 2
11:10:10.707 INFO  HaplotypeCaller - HTSJDK Defaults.USE_ASYNC_IO_READ_FOR_SAMTOOLS : false
11:10:10.707 INFO  HaplotypeCaller - HTSJDK Defaults.USE_ASYNC_IO_WRITE_FOR_SAMTOOLS : true
11:10:10.708 INFO  HaplotypeCaller - HTSJDK Defaults.USE_ASYNC_IO_WRITE_FOR_TRIBBLE : false
11:10:10.708 INFO  HaplotypeCaller - Deflater: IntelDeflater
11:10:10.708 INFO  HaplotypeCaller - Inflater: IntelInflater
11:10:10.708 INFO  HaplotypeCaller - GCS max retries/reopens: 20
11:10:10.708 INFO  HaplotypeCaller - Using google-cloud-java fork https://github.com/broadinstitute/google-cloud-java/releases/tag/0.20.5-alpha-GCS-RETRY-FIX
11:10:10.708 INFO  HaplotypeCaller - Initializing engine
11:10:11.206 INFO  HaplotypeCaller - Done initializing engine
11:10:11.212 INFO  HaplotypeCallerEngine - Tool is in reference confidence mode and the annotation, the following changes will be made to any specified annotations: 'StrandBiasBySample' will be enabled. 'ChromosomeCounts', 'FisherStrand', 'StrandOddsRatio' and 'QualByDepth' annotations have been disabled
11:10:11.219 INFO  HaplotypeCallerEngine - Standard Emitting and Calling confidence set to 0.0 for reference-model confidence output
11:10:11.219 INFO  HaplotypeCallerEngine - All sites annotated with PLs forced to true for reference-model confidence output
11:10:11.237 INFO  NativeLibraryLoader - Loading libgkl_utils.so from jar:file:/bigdata/operations/pkgadmin/opt/linux/centos/7.x/x86_64/pkgs/gatk/4.0.8.1/gatk-package-4.0.8.1-local.jar!/com/intel/gkl/native/libgkl_utils.so
11:10:11.240 INFO  NativeLibraryLoader - Loading libgkl_pairhmm_omp.so from jar:file:/bigdata/operations/pkgadmin/opt/linux/centos/7.x/x86_64/pkgs/gatk/4.0.8.1/gatk-package-4.0.8.1-local.jar!/com/intel/gkl/native/libgkl_pairhmm_omp.so
11:10:11.283 WARN  IntelPairHmm - Flush-to-zero (FTZ) is enabled when running PairHMM
11:10:11.284 INFO  IntelPairHmm - Available threads: 2
11:10:11.284 INFO  IntelPairHmm - Requested threads: 4
11:10:11.284 WARN  IntelPairHmm - Using 2 available threads, but 4 were requested
11:10:11.284 INFO  PairHMM - Using the OpenMP multi-threaded AVX-accelerated native PairHMM implementation
11:10:11.362 INFO  ProgressMeter - Starting traversal
11:10:11.362 INFO  ProgressMeter -        Current Locus  Elapsed Minutes     Regions Processed   Regions/Minute
11:10:23.110 INFO  ProgressMeter -          NoFUL2.2:90              0.2                    10             51.1
11:10:23.428 INFO  HaplotypeCaller - 461554 read(s) filtered by: ((((((((MappingQualityReadFilter AND MappingQualityAvailableReadFilter) AND MappedReadFilter) AND NotSecondaryAlignmentReadFilter) AND NotDuplicateReadFilter) AND PassesVendorQualityCheckReadFilter) AND NonZeroReferenceLengthAlignmentReadFilter) AND GoodCigarReadFilter) AND WellformedReadFilter)
  461554 read(s) filtered by: (((((((MappingQualityReadFilter AND MappingQualityAvailableReadFilter) AND MappedReadFilter) AND NotSecondaryAlignmentReadFilter) AND NotDuplicateReadFilter) AND PassesVendorQualityCheckReadFilter) AND NonZeroReferenceLengthAlignmentReadFilter) AND GoodCigarReadFilter)
      461554 read(s) filtered by: ((((((MappingQualityReadFilter AND MappingQualityAvailableReadFilter) AND MappedReadFilter) AND NotSecondaryAlignmentReadFilter) AND NotDuplicateReadFilter) AND PassesVendorQualityCheckReadFilter) AND NonZeroReferenceLengthAlignmentReadFilter)
          461554 read(s) filtered by: (((((MappingQualityReadFilter AND MappingQualityAvailableReadFilter) AND MappedReadFilter) AND NotSecondaryAlignmentReadFilter) AND NotDuplicateReadFilter) AND PassesVendorQualityCheckReadFilter)
              461554 read(s) filtered by: ((((MappingQualityReadFilter AND MappingQualityAvailableReadFilter) AND MappedReadFilter) AND NotSecondaryAlignmentReadFilter) AND NotDuplicateReadFilter)
                  242 read(s) filtered by: (((MappingQualityReadFilter AND MappingQualityAvailableReadFilter) AND MappedReadFilter) AND NotSecondaryAlignmentReadFilter)
                      242 read(s) filtered by: ((MappingQualityReadFilter AND MappingQualityAvailableReadFilter) AND MappedReadFilter)
                          242 read(s) filtered by: (MappingQualityReadFilter AND MappingQualityAvailableReadFilter)
                              242 read(s) filtered by: MappingQualityReadFilter 
                  461312 read(s) filtered by: NotDuplicateReadFilter 

11:10:23.428 INFO  ProgressMeter -          SpMBP20.1:1              0.2                    24            119.3
11:10:23.429 INFO  ProgressMeter - Traversal complete. Processed 24 total regions in 0.2 minutes.
11:10:23.443 INFO  VectorLoglessPairHMM - Time spent in setup for JNI call : 0.010494178
11:10:23.443 INFO  PairHMM - Total compute time in PairHMM computeLogLikelihoods() : 2.4740970190000002
11:10:23.444 INFO  SmithWatermanAligner - Total compute time in java Smith-Waterman : 2.38 sec
11:10:23.444 INFO  HaplotypeCaller - Shutting down engine
[May 26, 2020 11:10:23 AM PDT] org.broadinstitute.hellbender.tools.walkers.haplotypecaller.HaplotypeCaller done. Elapsed time: 0.23 minutes.
Runtime.totalMemory()=2884632576
