Sourcing executables from speedseq.config ...
Aligning...
samblaster: Version 0.1.22
samblaster: Inputting from stdin
samblaster: Outputting to stdout
samblaster: Opening A4.7pzOAQLLmAkP/disc_pipe for write.
[M::bwa_idx_load_from_disk] read 0 ALT contigs
samblaster: Opening A4.7pzOAQLLmAkP/spl_pipe for write.
[M::process] read 68746 sequences (10000068 bp)...
[M::process] read 68782 sequences (10000210 bp)...
[M::mem_pestat] # candidate unique pairs for (FF, FR, RF, RR): (1, 33690, 1, 0)
[M::mem_pestat] skip orientation FF as there are not enough pairs
[M::mem_pestat] analyzing insert size distribution for orientation FR...
[M::mem_pestat] (25, 50, 75) percentile: (210, 227, 227)
[M::mem_pestat] low and high boundaries for computing mean and std.dev: (176, 261)
[M::mem_pestat] mean and std.dev: (218.89, 12.65)
[M::mem_pestat] low and high boundaries for proper pairs: (159, 278)
[M::mem_pestat] skip orientation RF as there are not enough pairs
[M::mem_pestat] skip orientation RR as there are not enough pairs
[M::mem_process_seqs] Processed 68746 reads in 5.633 CPU sec, 5.406 real sec
samblaster: Loaded 12 header sequence entries.
[M::process] read 68674 sequences (10000032 bp)...
[M::mem_pestat] # candidate unique pairs for (FF, FR, RF, RR): (0, 33731, 0, 0)
[M::mem_pestat] skip orientation FF as there are not enough pairs
[M::mem_pestat] analyzing insert size distribution for orientation FR...
[M::mem_pestat] (25, 50, 75) percentile: (210, 227, 227)
[M::mem_pestat] low and high boundaries for computing mean and std.dev: (176, 261)
[M::mem_pestat] mean and std.dev: (218.51, 12.86)
[M::mem_pestat] low and high boundaries for proper pairs: (159, 278)
[M::mem_pestat] skip orientation RF as there are not enough pairs
[M::mem_pestat] skip orientation RR as there are not enough pairs
[M::mem_process_seqs] Processed 68782 reads in 5.947 CPU sec, 5.735 real sec
[M::process] read 23504 sequences (3423358 bp)...
[M::mem_pestat] # candidate unique pairs for (FF, FR, RF, RR): (0, 33840, 0, 0)
[M::mem_pestat] skip orientation FF as there are not enough pairs
[M::mem_pestat] analyzing insert size distribution for orientation FR...
[M::mem_pestat] (25, 50, 75) percentile: (210, 227, 227)
[M::mem_pestat] low and high boundaries for computing mean and std.dev: (176, 261)
[M::mem_pestat] mean and std.dev: (218.84, 12.65)
[M::mem_pestat] low and high boundaries for proper pairs: (159, 278)
[M::mem_pestat] skip orientation RF as there are not enough pairs
[M::mem_pestat] skip orientation RR as there are not enough pairs
[M::mem_process_seqs] Processed 68674 reads in 5.416 CPU sec, 5.305 real sec
[M::mem_pestat] # candidate unique pairs for (FF, FR, RF, RR): (0, 11615, 0, 0)
[M::mem_pestat] skip orientation FF as there are not enough pairs
[M::mem_pestat] analyzing insert size distribution for orientation FR...
[M::mem_pestat] (25, 50, 75) percentile: (210, 227, 227)
[M::mem_pestat] low and high boundaries for computing mean and std.dev: (176, 261)
[M::mem_pestat] mean and std.dev: (219.03, 12.50)
[M::mem_pestat] low and high boundaries for proper pairs: (159, 278)
[M::mem_pestat] skip orientation RF as there are not enough pairs
[M::mem_pestat] skip orientation RR as there are not enough pairs
[M::mem_process_seqs] Processed 23504 reads in 2.099 CPU sec, 2.051 real sec
samblaster: Output 95 discordant read pairs to A4.7pzOAQLLmAkP/disc_pipe
[main] Version: 0.7.12-r1039
samblaster: Output 50 split reads to A4.7pzOAQLLmAkP/spl_pipe
[main] CMD: /opt/linux/centos/7.x/x86_64/pkgs/bwa/0.7.12/bin/bwa mem -t 1 -R @RG\tID:A4\tSM:A4\tLB:Lib\ References.fasta ExternalData/Pooled/Stacks/A4.1.fq.gz ExternalData/Pooled/Stacks/A4.2.fq.gzsamblaster: Marked 113879 of 114853 (99.15%) read ids as duplicates using 1340k memory in 0.462S
[main] Real time: 18.883 sec; CPU: 19.281 sec
 CPU seconds and 19S wall time.
Done
Using GATK jar /bigdata/operations/pkgadmin/opt/linux/centos/7.x/x86_64/pkgs/gatk/4.0.8.1/gatk-package-4.0.8.1-local.jar
Running:
    java -Dsamjdk.use_async_io_read_samtools=false -Dsamjdk.use_async_io_write_samtools=true -Dsamjdk.use_async_io_write_tribble=false -Dsamjdk.compression_level=2 -jar /bigdata/operations/pkgadmin/opt/linux/centos/7.x/x86_64/pkgs/gatk/4.0.8.1/gatk-package-4.0.8.1-local.jar HaplotypeCaller -R References.fasta -I results/A4.bam -O results/A4.g.vcf -ERC GVCF
15:11:11.709 INFO  NativeLibraryLoader - Loading libgkl_compression.so from jar:file:/bigdata/operations/pkgadmin/opt/linux/centos/7.x/x86_64/pkgs/gatk/4.0.8.1/gatk-package-4.0.8.1-local.jar!/com/intel/gkl/native/libgkl_compression.so
15:11:11.976 INFO  HaplotypeCaller - ------------------------------------------------------------
15:11:11.979 INFO  HaplotypeCaller - The Genome Analysis Toolkit (GATK) v4.0.8.1
15:11:11.980 INFO  HaplotypeCaller - For support and documentation go to https://software.broadinstitute.org/gatk/
15:11:11.982 INFO  HaplotypeCaller - Executing as arajewski@i08 on Linux v3.10.0-957.el7.x86_64 amd64
15:11:11.983 INFO  HaplotypeCaller - Java runtime: Java HotSpot(TM) 64-Bit Server VM v1.8.0_45-b14
15:11:11.983 INFO  HaplotypeCaller - Start Date/Time: May 26, 2020 3:11:11 PM PDT
15:11:11.984 INFO  HaplotypeCaller - ------------------------------------------------------------
15:11:11.984 INFO  HaplotypeCaller - ------------------------------------------------------------
15:11:11.984 INFO  HaplotypeCaller - HTSJDK Version: 2.16.0
15:11:11.984 INFO  HaplotypeCaller - Picard Version: 2.18.7
15:11:11.985 INFO  HaplotypeCaller - HTSJDK Defaults.COMPRESSION_LEVEL : 2
15:11:11.985 INFO  HaplotypeCaller - HTSJDK Defaults.USE_ASYNC_IO_READ_FOR_SAMTOOLS : false
15:11:11.985 INFO  HaplotypeCaller - HTSJDK Defaults.USE_ASYNC_IO_WRITE_FOR_SAMTOOLS : true
15:11:11.985 INFO  HaplotypeCaller - HTSJDK Defaults.USE_ASYNC_IO_WRITE_FOR_TRIBBLE : false
15:11:11.985 INFO  HaplotypeCaller - Deflater: IntelDeflater
15:11:11.986 INFO  HaplotypeCaller - Inflater: IntelInflater
15:11:11.986 INFO  HaplotypeCaller - GCS max retries/reopens: 20
15:11:11.986 INFO  HaplotypeCaller - Using google-cloud-java fork https://github.com/broadinstitute/google-cloud-java/releases/tag/0.20.5-alpha-GCS-RETRY-FIX
15:11:11.986 INFO  HaplotypeCaller - Initializing engine
15:11:13.065 INFO  HaplotypeCaller - Done initializing engine
15:11:13.072 INFO  HaplotypeCallerEngine - Tool is in reference confidence mode and the annotation, the following changes will be made to any specified annotations: 'StrandBiasBySample' will be enabled. 'ChromosomeCounts', 'FisherStrand', 'StrandOddsRatio' and 'QualByDepth' annotations have been disabled
15:11:13.079 INFO  HaplotypeCallerEngine - Standard Emitting and Calling confidence set to 0.0 for reference-model confidence output
15:11:13.079 INFO  HaplotypeCallerEngine - All sites annotated with PLs forced to true for reference-model confidence output
15:11:13.096 INFO  NativeLibraryLoader - Loading libgkl_utils.so from jar:file:/bigdata/operations/pkgadmin/opt/linux/centos/7.x/x86_64/pkgs/gatk/4.0.8.1/gatk-package-4.0.8.1-local.jar!/com/intel/gkl/native/libgkl_utils.so
15:11:13.099 INFO  NativeLibraryLoader - Loading libgkl_pairhmm_omp.so from jar:file:/bigdata/operations/pkgadmin/opt/linux/centos/7.x/x86_64/pkgs/gatk/4.0.8.1/gatk-package-4.0.8.1-local.jar!/com/intel/gkl/native/libgkl_pairhmm_omp.so
15:11:13.144 WARN  IntelPairHmm - Flush-to-zero (FTZ) is enabled when running PairHMM
15:11:13.145 INFO  IntelPairHmm - Available threads: 2
15:11:13.145 INFO  IntelPairHmm - Requested threads: 4
15:11:13.145 WARN  IntelPairHmm - Using 2 available threads, but 4 were requested
15:11:13.145 INFO  PairHMM - Using the OpenMP multi-threaded AVX-accelerated native PairHMM implementation
15:11:13.233 INFO  ProgressMeter - Starting traversal
15:11:13.234 INFO  ProgressMeter -        Current Locus  Elapsed Minutes     Regions Processed   Regions/Minute
15:11:26.588 INFO  ProgressMeter -           SpFUL2:263              0.2                    20             89.9
15:11:26.949 INFO  HaplotypeCaller - 227878 read(s) filtered by: ((((((((MappingQualityReadFilter AND MappingQualityAvailableReadFilter) AND MappedReadFilter) AND NotSecondaryAlignmentReadFilter) AND NotDuplicateReadFilter) AND PassesVendorQualityCheckReadFilter) AND NonZeroReferenceLengthAlignmentReadFilter) AND GoodCigarReadFilter) AND WellformedReadFilter)
  227878 read(s) filtered by: (((((((MappingQualityReadFilter AND MappingQualityAvailableReadFilter) AND MappedReadFilter) AND NotSecondaryAlignmentReadFilter) AND NotDuplicateReadFilter) AND PassesVendorQualityCheckReadFilter) AND NonZeroReferenceLengthAlignmentReadFilter) AND GoodCigarReadFilter)
      227878 read(s) filtered by: ((((((MappingQualityReadFilter AND MappingQualityAvailableReadFilter) AND MappedReadFilter) AND NotSecondaryAlignmentReadFilter) AND NotDuplicateReadFilter) AND PassesVendorQualityCheckReadFilter) AND NonZeroReferenceLengthAlignmentReadFilter)
          227878 read(s) filtered by: (((((MappingQualityReadFilter AND MappingQualityAvailableReadFilter) AND MappedReadFilter) AND NotSecondaryAlignmentReadFilter) AND NotDuplicateReadFilter) AND PassesVendorQualityCheckReadFilter)
              227878 read(s) filtered by: ((((MappingQualityReadFilter AND MappingQualityAvailableReadFilter) AND MappedReadFilter) AND NotSecondaryAlignmentReadFilter) AND NotDuplicateReadFilter)
                  302 read(s) filtered by: (((MappingQualityReadFilter AND MappingQualityAvailableReadFilter) AND MappedReadFilter) AND NotSecondaryAlignmentReadFilter)
                      302 read(s) filtered by: ((MappingQualityReadFilter AND MappingQualityAvailableReadFilter) AND MappedReadFilter)
                          302 read(s) filtered by: (MappingQualityReadFilter AND MappingQualityAvailableReadFilter)
                              302 read(s) filtered by: MappingQualityReadFilter 
                  227576 read(s) filtered by: NotDuplicateReadFilter 

15:11:26.950 INFO  ProgressMeter -           SpFUL2:263              0.2                    29            126.9
15:11:26.950 INFO  ProgressMeter - Traversal complete. Processed 29 total regions in 0.2 minutes.
15:11:26.961 INFO  VectorLoglessPairHMM - Time spent in setup for JNI call : 0.00585087
15:11:26.961 INFO  PairHMM - Total compute time in PairHMM computeLogLikelihoods() : 2.196149462
15:11:26.961 INFO  SmithWatermanAligner - Total compute time in java Smith-Waterman : 2.17 sec
15:11:26.961 INFO  HaplotypeCaller - Shutting down engine
[May 26, 2020 3:11:26 PM PDT] org.broadinstitute.hellbender.tools.walkers.haplotypecaller.HaplotypeCaller done. Elapsed time: 0.26 minutes.
Runtime.totalMemory()=2522349568
