Sourcing executables from speedseq.config ...
Aligning...
samblaster: Version 0.1.22
samblaster: Inputting from stdin
samblaster: Outputting to stdout
samblaster: Opening E4.RQllj4DPWSX1/disc_pipe for write.
samblaster: Opening E4.RQllj4DPWSX1/spl_pipe for write.
[M::bwa_idx_load_from_disk] read 0 ALT contigs
[M::process] read 69250 sequences (10000176 bp)...
[M::process] read 69240 sequences (10000166 bp)...
[M::mem_pestat] # candidate unique pairs for (FF, FR, RF, RR): (0, 31241, 0, 0)
[M::mem_pestat] skip orientation FF as there are not enough pairs
[M::mem_pestat] analyzing insert size distribution for orientation FR...
[M::mem_pestat] (25, 50, 75) percentile: (189, 199, 210)
[M::mem_pestat] low and high boundaries for computing mean and std.dev: (147, 252)
[M::mem_pestat] mean and std.dev: (202.43, 14.02)
[M::mem_pestat] low and high boundaries for proper pairs: (126, 273)
[M::mem_pestat] skip orientation RF as there are not enough pairs
[M::mem_pestat] skip orientation RR as there are not enough pairs
[M::mem_process_seqs] Processed 69250 reads in 4.480 CPU sec, 4.254 real sec
samblaster: Loaded 12 header sequence entries.
[M::process] read 69242 sequences (10000142 bp)...
[M::mem_pestat] # candidate unique pairs for (FF, FR, RF, RR): (0, 31195, 0, 0)
[M::mem_pestat] skip orientation FF as there are not enough pairs
[M::mem_pestat] analyzing insert size distribution for orientation FR...
[M::mem_pestat] (25, 50, 75) percentile: (189, 199, 210)
[M::mem_pestat] low and high boundaries for computing mean and std.dev: (147, 252)
[M::mem_pestat] mean and std.dev: (202.55, 14.10)
[M::mem_pestat] low and high boundaries for proper pairs: (126, 273)
[M::mem_pestat] skip orientation RF as there are not enough pairs
[M::mem_pestat] skip orientation RR as there are not enough pairs
[M::mem_process_seqs] Processed 69240 reads in 4.768 CPU sec, 4.552 real sec
[M::process] read 69148 sequences (10000276 bp)...
[M::mem_pestat] # candidate unique pairs for (FF, FR, RF, RR): (0, 31357, 0, 0)
[M::mem_pestat] skip orientation FF as there are not enough pairs
[M::mem_pestat] analyzing insert size distribution for orientation FR...
[M::mem_pestat] (25, 50, 75) percentile: (189, 199, 210)
[M::mem_pestat] low and high boundaries for computing mean and std.dev: (147, 252)
[M::mem_pestat] mean and std.dev: (202.55, 14.16)
[M::mem_pestat] low and high boundaries for proper pairs: (126, 273)
[M::mem_pestat] skip orientation RF as there are not enough pairs
[M::mem_pestat] skip orientation RR as there are not enough pairs
[M::mem_process_seqs] Processed 69242 reads in 4.784 CPU sec, 4.544 real sec
[M::process] read 964 sequences (139660 bp)...
[M::mem_pestat] # candidate unique pairs for (FF, FR, RF, RR): (0, 31135, 0, 0)
[M::mem_pestat] skip orientation FF as there are not enough pairs
[M::mem_pestat] analyzing insert size distribution for orientation FR...
[M::mem_pestat] (25, 50, 75) percentile: (189, 199, 210)
[M::mem_pestat] low and high boundaries for computing mean and std.dev: (147, 252)
[M::mem_pestat] mean and std.dev: (202.50, 14.15)
[M::mem_pestat] low and high boundaries for proper pairs: (126, 273)
[M::mem_pestat] skip orientation RF as there are not enough pairs
[M::mem_pestat] skip orientation RR as there are not enough pairs
[M::mem_process_seqs] Processed 69148 reads in 4.532 CPU sec, 4.479 real sec
[M::mem_pestat] # candidate unique pairs for (FF, FR, RF, RR): (0, 449, 0, 0)
[M::mem_pestat] skip orientation FF as there are not enough pairs
[M::mem_pestat] analyzing insert size distribution for orientation FR...
[M::mem_pestat] (25, 50, 75) percentile: (189, 199, 210)
[M::mem_pestat] low and high boundaries for computing mean and std.dev: (147, 252)
[M::mem_pestat] mean and std.dev: (201.83, 13.74)
[M::mem_pestat] low and high boundaries for proper pairs: (126, 273)
[M::mem_pestat] skip orientation RF as there are not enough pairs
[M::mem_pestat] skip orientation RR as there are not enough pairs
[M::mem_process_seqs] Processed 964 reads in 0.114 CPU sec, 0.106 real sec
[main] Version: 0.7.12-r1039
[main] CMD: /opt/linux/centos/7.x/x86_64/pkgs/bwa/0.7.12/bin/bwa mem -t 1 -R @RG\tID:E4\tSM:E4\tLB:Lib\ References.fasta ExternalData/Flowcell_1304/Pooled/Stacks/E4.1.fq.gz ExternalData/Flowcell_1304/Pooled/Stacks/E4.2.fq.gz
[main] Real time: 18.472 sec; CPU: 18.930 sec
samblaster: Output 98 discordant read pairs to E4.RQllj4DPWSX1/disc_pipe
samblaster: Output 4 split reads to E4.RQllj4DPWSX1/spl_pipe
samblaster: Marked 138263 of 138922 (99.53%) read ids as duplicates using 1344k memory in 0.529S CPU seconds and 19S wall time.
Done
