Sourcing executables from speedseq.config ...
Aligning...
samblaster: Version 0.1.22
samblaster: Inputting from stdin
samblaster: Outputting to stdout
samblaster: Opening D1.LJl3hlxFyKT8/disc_pipe for write.
[M::bwa_idx_load_from_disk] read 0 ALT contigs
samblaster: Opening D1.LJl3hlxFyKT8/spl_pipe for write.
[M::process] read 69010 sequences (10000274 bp)...
[M::process] read 68976 sequences (10000233 bp)...
[M::mem_pestat] # candidate unique pairs for (FF, FR, RF, RR): (107, 31978, 0, 1)
[M::mem_pestat] analyzing insert size distribution for orientation FF...
[M::mem_pestat] (25, 50, 75) percentile: (70, 70, 70)
[M::mem_pestat] low and high boundaries for computing mean and std.dev: (70, 70)
[M::mem_pestat] mean and std.dev: (70.00, 0.00)
[M::mem_pestat] low and high boundaries for proper pairs: (70, 70)
[M::mem_pestat] analyzing insert size distribution for orientation FR...
[M::mem_pestat] (25, 50, 75) percentile: (189, 199, 199)
[M::mem_pestat] low and high boundaries for computing mean and std.dev: (169, 219)
[M::mem_pestat] mean and std.dev: (196.47, 7.72)
[M::mem_pestat] low and high boundaries for proper pairs: (159, 229)
[M::mem_pestat] skip orientation RF as there are not enough pairs
[M::mem_pestat] skip orientation RR as there are not enough pairs
[M::mem_pestat] skip orientation FF
[M::mem_process_seqs] Processed 69010 reads in 4.421 CPU sec, 4.257 real sec
samblaster: Loaded 12 header sequence entries.
[M::process] read 64180 sequences (9306881 bp)...
[M::mem_pestat] # candidate unique pairs for (FF, FR, RF, RR): (102, 31970, 0, 0)
[M::mem_pestat] analyzing insert size distribution for orientation FF...
[M::mem_pestat] (25, 50, 75) percentile: (70, 70, 70)
[M::mem_pestat] low and high boundaries for computing mean and std.dev: (70, 70)
[M::mem_pestat] mean and std.dev: (70.00, 0.00)
[M::mem_pestat] low and high boundaries for proper pairs: (70, 70)
[M::mem_pestat] analyzing insert size distribution for orientation FR...
[M::mem_pestat] (25, 50, 75) percentile: (189, 199, 199)
[M::mem_pestat] low and high boundaries for computing mean and std.dev: (169, 219)
[M::mem_pestat] mean and std.dev: (196.64, 7.69)
[M::mem_pestat] low and high boundaries for proper pairs: (159, 229)
[M::mem_pestat] skip orientation RF as there are not enough pairs
[M::mem_pestat] skip orientation RR as there are not enough pairs
[M::mem_pestat] skip orientation FF
[M::mem_process_seqs] Processed 68976 reads in 4.949 CPU sec, 4.693 real sec
[M::mem_pestat] # candidate unique pairs for (FF, FR, RF, RR): (95, 29658, 0, 1)
[M::mem_pestat] analyzing insert size distribution for orientation FF...
[M::mem_pestat] (25, 50, 75) percentile: (70, 70, 70)
[M::mem_pestat] low and high boundaries for computing mean and std.dev: (70, 70)
[M::mem_pestat] mean and std.dev: (70.00, 0.00)
[M::mem_pestat] low and high boundaries for proper pairs: (70, 70)
[M::mem_pestat] analyzing insert size distribution for orientation FR...
[M::mem_pestat] (25, 50, 75) percentile: (189, 199, 199)
[M::mem_pestat] low and high boundaries for computing mean and std.dev: (169, 219)
[M::mem_pestat] mean and std.dev: (196.48, 7.67)
[M::mem_pestat] low and high boundaries for proper pairs: (159, 229)
[M::mem_pestat] skip orientation RF as there are not enough pairs
[M::mem_pestat] skip orientation RR as there are not enough pairs
[M::mem_pestat] skip orientation FF
[M::mem_process_seqs] Processed 64180 reads in 4.337 CPU sec, 4.343 real sec
samblaster: Output 115 discordant read pairs to D1.LJl3hlxFyKT8/disc_pipe
[main] Version: 0.7.12-r1039
samblaster: Output 112 split reads to D1.LJl3hlxFyKT8/spl_pipe
[main] CMD: /opt/linux/centos/7.x/x86_64/pkgs/bwa/0.7.12/bin/bwa mem -t 1 -R @RG\tID:D1\tSM:D1\tLB:Lib\ References.fastasamblaster: Marked 100672 of 101083 (99.59%) read ids as duplicates ExternalData/Flowcell_1304/Pooled/Stacks/D1.1.fq.gz ExternalData/Flowcell_1304/Pooled/Stacks/D1.2.fq.gz using 1340k memory in 0.407S
[main] Real time: 13.856 sec; CPU: 13.927 sec
 CPU seconds and 14S wall time.
Done
