Sourcing executables from speedseq.config ...
Aligning...
[M::bwa_idx_load_from_disk] read 0 ALT contigs
samblaster: Version 0.1.22
samblaster: Inputting from stdin
samblaster: Outputting to stdout
samblaster: Opening G7.68KbXi0vPLJL/disc_pipe for write.
samblaster: Opening G7.68KbXi0vPLJL/spl_pipe for write.
[M::process] read 68908 sequences (10000039 bp)...
[M::process] read 68884 sequences (10000192 bp)...
[M::mem_pestat] # candidate unique pairs for (FF, FR, RF, RR): (0, 33861, 0, 0)
[M::mem_pestat] skip orientation FF as there are not enough pairs
[M::mem_pestat] analyzing insert size distribution for orientation FR...
[M::mem_pestat] (25, 50, 75) percentile: (189, 199, 206)
[M::mem_pestat] low and high boundaries for computing mean and std.dev: (155, 240)
[M::mem_pestat] mean and std.dev: (197.37, 8.95)
[M::mem_pestat] low and high boundaries for proper pairs: (138, 257)
[M::mem_pestat] skip orientation RF as there are not enough pairs
[M::mem_pestat] skip orientation RR as there are not enough pairs
[M::mem_process_seqs] Processed 68908 reads in 5.635 CPU sec, 5.469 real sec
samblaster: Loaded 12 header sequence entries.
[M::process] read 68902 sequences (10000045 bp)...
[M::mem_pestat] # candidate unique pairs for (FF, FR, RF, RR): (0, 33915, 8, 0)
[M::mem_pestat] skip orientation FF as there are not enough pairs
[M::mem_pestat] analyzing insert size distribution for orientation FR...
[M::mem_pestat] (25, 50, 75) percentile: (189, 199, 206)
[M::mem_pestat] low and high boundaries for computing mean and std.dev: (155, 240)
[M::mem_pestat] mean and std.dev: (197.24, 9.08)
[M::mem_pestat] low and high boundaries for proper pairs: (138, 257)
[M::mem_pestat] skip orientation RF as there are not enough pairs
[M::mem_pestat] skip orientation RR as there are not enough pairs
[M::mem_process_seqs] Processed 68884 reads in 6.061 CPU sec, 5.893 real sec
[M::process] read 1084 sequences (157469 bp)...
[M::mem_pestat] # candidate unique pairs for (FF, FR, RF, RR): (1, 34067, 10, 0)
[M::mem_pestat] skip orientation FF as there are not enough pairs
[M::mem_pestat] analyzing insert size distribution for orientation FR...
[M::mem_pestat] (25, 50, 75) percentile: (189, 199, 210)
[M::mem_pestat] low and high boundaries for computing mean and std.dev: (147, 252)
[M::mem_pestat] mean and std.dev: (197.54, 9.00)
[M::mem_pestat] low and high boundaries for proper pairs: (126, 273)
[M::mem_pestat] analyzing insert size distribution for orientation RF...
[M::mem_pestat] (25, 50, 75) percentile: (161, 161, 161)
[M::mem_pestat] low and high boundaries for computing mean and std.dev: (161, 161)
[M::mem_pestat] mean and std.dev: (161.00, 0.00)
[M::mem_pestat] low and high boundaries for proper pairs: (161, 161)
[M::mem_pestat] skip orientation RR as there are not enough pairs
[M::mem_pestat] skip orientation RF
[M::mem_process_seqs] Processed 68902 reads in 5.527 CPU sec, 5.449 real sec
[M::mem_pestat] # candidate unique pairs for (FF, FR, RF, RR): (0, 536, 0, 0)
[M::mem_pestat] skip orientation FF as there are not enough pairs
[M::mem_pestat] analyzing insert size distribution for orientation FR...
[M::mem_pestat] (25, 50, 75) percentile: (189, 199, 206)
[M::mem_pestat] low and high boundaries for computing mean and std.dev: (155, 240)
[M::mem_pestat] mean and std.dev: (197.01, 9.49)
[M::mem_pestat] low and high boundaries for proper pairs: (138, 257)
[M::mem_pestat] skip orientation RF as there are not enough pairs
[M::mem_pestat] skip orientation RR as there are not enough pairs
[M::mem_process_seqs] Processed 1084 reads in 0.178 CPU sec, 0.156 real sec
[main] Version: 0.7.12-r1039
[main] CMD: /opt/linux/centos/7.x/x86_64/pkgs/bwa/0.7.12/bin/bwa mem -t 1 -R @RG\tID:G7\tSM:G7\tLB:Lib\ References.fasta ExternalData/Pooled/Stacks/G7.1.fq.gz ExternalData/Pooled/Stacks/G7.2.fq.gz
[main] Real time: 17.488 sec; CPU: 17.642 sec
samblaster: Output 47 discordant read pairs to G7.68KbXi0vPLJL/disc_pipe
samblaster: Output 2 split reads to G7.68KbXi0vPLJL/spl_pipe
samblaster: Marked 103031 of 103889 (99.17%) read ids as duplicates using 1344k memory in 0.391S CPU seconds and 17S wall time.
Done
Using GATK jar /bigdata/operations/pkgadmin/opt/linux/centos/7.x/x86_64/pkgs/gatk/4.0.8.1/gatk-package-4.0.8.1-local.jar
Running:
    java -Dsamjdk.use_async_io_read_samtools=false -Dsamjdk.use_async_io_write_samtools=true -Dsamjdk.use_async_io_write_tribble=false -Dsamjdk.compression_level=2 -jar /bigdata/operations/pkgadmin/opt/linux/centos/7.x/x86_64/pkgs/gatk/4.0.8.1/gatk-package-4.0.8.1-local.jar HaplotypeCaller -R References.fasta -I results/G7.bam -O results/G7.g.vcf -ERC GVCF
15:11:07.384 INFO  NativeLibraryLoader - Loading libgkl_compression.so from jar:file:/bigdata/operations/pkgadmin/opt/linux/centos/7.x/x86_64/pkgs/gatk/4.0.8.1/gatk-package-4.0.8.1-local.jar!/com/intel/gkl/native/libgkl_compression.so
15:11:07.747 INFO  HaplotypeCaller - ------------------------------------------------------------
15:11:07.749 INFO  HaplotypeCaller - The Genome Analysis Toolkit (GATK) v4.0.8.1
15:11:07.749 INFO  HaplotypeCaller - For support and documentation go to https://software.broadinstitute.org/gatk/
15:11:07.749 INFO  HaplotypeCaller - Executing as arajewski@i33 on Linux v3.10.0-957.el7.x86_64 amd64
15:11:07.750 INFO  HaplotypeCaller - Java runtime: Java HotSpot(TM) 64-Bit Server VM v1.8.0_45-b14
15:11:07.750 INFO  HaplotypeCaller - Start Date/Time: May 26, 2020 3:11:07 PM PDT
15:11:07.750 INFO  HaplotypeCaller - ------------------------------------------------------------
15:11:07.750 INFO  HaplotypeCaller - ------------------------------------------------------------
15:11:07.751 INFO  HaplotypeCaller - HTSJDK Version: 2.16.0
15:11:07.752 INFO  HaplotypeCaller - Picard Version: 2.18.7
15:11:07.752 INFO  HaplotypeCaller - HTSJDK Defaults.COMPRESSION_LEVEL : 2
15:11:07.752 INFO  HaplotypeCaller - HTSJDK Defaults.USE_ASYNC_IO_READ_FOR_SAMTOOLS : false
15:11:07.752 INFO  HaplotypeCaller - HTSJDK Defaults.USE_ASYNC_IO_WRITE_FOR_SAMTOOLS : true
15:11:07.752 INFO  HaplotypeCaller - HTSJDK Defaults.USE_ASYNC_IO_WRITE_FOR_TRIBBLE : false
15:11:07.752 INFO  HaplotypeCaller - Deflater: IntelDeflater
15:11:07.752 INFO  HaplotypeCaller - Inflater: IntelInflater
15:11:07.752 INFO  HaplotypeCaller - GCS max retries/reopens: 20
15:11:07.752 INFO  HaplotypeCaller - Using google-cloud-java fork https://github.com/broadinstitute/google-cloud-java/releases/tag/0.20.5-alpha-GCS-RETRY-FIX
15:11:07.752 INFO  HaplotypeCaller - Initializing engine
15:11:08.860 INFO  HaplotypeCaller - Done initializing engine
15:11:08.864 INFO  HaplotypeCallerEngine - Tool is in reference confidence mode and the annotation, the following changes will be made to any specified annotations: 'StrandBiasBySample' will be enabled. 'ChromosomeCounts', 'FisherStrand', 'StrandOddsRatio' and 'QualByDepth' annotations have been disabled
15:11:08.869 INFO  HaplotypeCallerEngine - Standard Emitting and Calling confidence set to 0.0 for reference-model confidence output
15:11:08.869 INFO  HaplotypeCallerEngine - All sites annotated with PLs forced to true for reference-model confidence output
15:11:08.886 INFO  NativeLibraryLoader - Loading libgkl_utils.so from jar:file:/bigdata/operations/pkgadmin/opt/linux/centos/7.x/x86_64/pkgs/gatk/4.0.8.1/gatk-package-4.0.8.1-local.jar!/com/intel/gkl/native/libgkl_utils.so
15:11:08.888 INFO  NativeLibraryLoader - Loading libgkl_pairhmm_omp.so from jar:file:/bigdata/operations/pkgadmin/opt/linux/centos/7.x/x86_64/pkgs/gatk/4.0.8.1/gatk-package-4.0.8.1-local.jar!/com/intel/gkl/native/libgkl_pairhmm_omp.so
15:11:08.931 WARN  IntelPairHmm - Flush-to-zero (FTZ) is enabled when running PairHMM
15:11:08.931 INFO  IntelPairHmm - Available threads: 2
15:11:08.931 INFO  IntelPairHmm - Requested threads: 4
15:11:08.931 WARN  IntelPairHmm - Using 2 available threads, but 4 were requested
15:11:08.932 INFO  PairHMM - Using the OpenMP multi-threaded AVX-accelerated native PairHMM implementation
15:11:09.000 INFO  ProgressMeter - Starting traversal
15:11:09.001 INFO  ProgressMeter -        Current Locus  Elapsed Minutes     Regions Processed   Regions/Minute
15:11:17.564 INFO  HaplotypeCaller - 206089 read(s) filtered by: ((((((((MappingQualityReadFilter AND MappingQualityAvailableReadFilter) AND MappedReadFilter) AND NotSecondaryAlignmentReadFilter) AND NotDuplicateReadFilter) AND PassesVendorQualityCheckReadFilter) AND NonZeroReferenceLengthAlignmentReadFilter) AND GoodCigarReadFilter) AND WellformedReadFilter)
  206089 read(s) filtered by: (((((((MappingQualityReadFilter AND MappingQualityAvailableReadFilter) AND MappedReadFilter) AND NotSecondaryAlignmentReadFilter) AND NotDuplicateReadFilter) AND PassesVendorQualityCheckReadFilter) AND NonZeroReferenceLengthAlignmentReadFilter) AND GoodCigarReadFilter)
      206089 read(s) filtered by: ((((((MappingQualityReadFilter AND MappingQualityAvailableReadFilter) AND MappedReadFilter) AND NotSecondaryAlignmentReadFilter) AND NotDuplicateReadFilter) AND PassesVendorQualityCheckReadFilter) AND NonZeroReferenceLengthAlignmentReadFilter)
          206089 read(s) filtered by: (((((MappingQualityReadFilter AND MappingQualityAvailableReadFilter) AND MappedReadFilter) AND NotSecondaryAlignmentReadFilter) AND NotDuplicateReadFilter) AND PassesVendorQualityCheckReadFilter)
              206089 read(s) filtered by: ((((MappingQualityReadFilter AND MappingQualityAvailableReadFilter) AND MappedReadFilter) AND NotSecondaryAlignmentReadFilter) AND NotDuplicateReadFilter)
                  411 read(s) filtered by: (((MappingQualityReadFilter AND MappingQualityAvailableReadFilter) AND MappedReadFilter) AND NotSecondaryAlignmentReadFilter)
                      411 read(s) filtered by: ((MappingQualityReadFilter AND MappingQualityAvailableReadFilter) AND MappedReadFilter)
                          411 read(s) filtered by: (MappingQualityReadFilter AND MappingQualityAvailableReadFilter)
                              411 read(s) filtered by: MappingQualityReadFilter 
                  205678 read(s) filtered by: NotDuplicateReadFilter 

15:11:17.565 INFO  ProgressMeter -         SpMBP20.1:27              0.1                    22            154.1
15:11:17.565 INFO  ProgressMeter - Traversal complete. Processed 22 total regions in 0.1 minutes.
15:11:17.587 INFO  VectorLoglessPairHMM - Time spent in setup for JNI call : 0.012039528
15:11:17.587 INFO  PairHMM - Total compute time in PairHMM computeLogLikelihoods() : 1.253411891
15:11:17.587 INFO  SmithWatermanAligner - Total compute time in java Smith-Waterman : 1.58 sec
15:11:17.587 INFO  HaplotypeCaller - Shutting down engine
[May 26, 2020 3:11:17 PM PDT] org.broadinstitute.hellbender.tools.walkers.haplotypecaller.HaplotypeCaller done. Elapsed time: 0.17 minutes.
Runtime.totalMemory()=2686976000
