Sourcing executables from speedseq.config ...
Aligning...
samblaster: Version 0.1.22
samblaster: Inputting from stdin
samblaster: Outputting to stdout
samblaster: Opening G6.dplMTqhBPLfb/disc_pipe for write.
[M::bwa_idx_load_from_disk] read 0 ALT contigs
samblaster: Opening G6.dplMTqhBPLfb/spl_pipe for write.
[M::process] read 68668 sequences (10000109 bp)...
[M::process] read 68660 sequences (10000108 bp)...
[M::mem_pestat] # candidate unique pairs for (FF, FR, RF, RR): (0, 33885, 0, 0)
[M::mem_pestat] skip orientation FF as there are not enough pairs
[M::mem_pestat] analyzing insert size distribution for orientation FR...
[M::mem_pestat] (25, 50, 75) percentile: (189, 199, 210)
[M::mem_pestat] low and high boundaries for computing mean and std.dev: (147, 252)
[M::mem_pestat] mean and std.dev: (198.00, 8.91)
[M::mem_pestat] low and high boundaries for proper pairs: (126, 273)
[M::mem_pestat] skip orientation RF as there are not enough pairs
[M::mem_pestat] skip orientation RR as there are not enough pairs
[M::mem_process_seqs] Processed 68668 reads in 5.336 CPU sec, 5.121 real sec
samblaster: Loaded 12 header sequence entries.
[M::process] read 68616 sequences (10000208 bp)...
[M::mem_pestat] # candidate unique pairs for (FF, FR, RF, RR): (0, 33895, 4, 0)
[M::mem_pestat] skip orientation FF as there are not enough pairs
[M::mem_pestat] analyzing insert size distribution for orientation FR...
[M::mem_pestat] (25, 50, 75) percentile: (189, 199, 206)
[M::mem_pestat] low and high boundaries for computing mean and std.dev: (155, 240)
[M::mem_pestat] mean and std.dev: (197.86, 8.95)
[M::mem_pestat] low and high boundaries for proper pairs: (138, 257)
[M::mem_pestat] skip orientation RF as there are not enough pairs
[M::mem_pestat] skip orientation RR as there are not enough pairs
[M::mem_process_seqs] Processed 68660 reads in 5.787 CPU sec, 5.524 real sec
[M::process] read 4196 sequences (611090 bp)...
[M::mem_pestat] # candidate unique pairs for (FF, FR, RF, RR): (0, 33928, 8, 0)
[M::mem_pestat] skip orientation FF as there are not enough pairs
[M::mem_pestat] analyzing insert size distribution for orientation FR...
[M::mem_pestat] (25, 50, 75) percentile: (189, 199, 210)
[M::mem_pestat] low and high boundaries for computing mean and std.dev: (147, 252)
[M::mem_pestat] mean and std.dev: (198.22, 8.82)
[M::mem_pestat] low and high boundaries for proper pairs: (126, 273)
[M::mem_pestat] skip orientation RF as there are not enough pairs
[M::mem_pestat] skip orientation RR as there are not enough pairs
[M::mem_process_seqs] Processed 68616 reads in 5.230 CPU sec, 5.139 real sec
[M::mem_pestat] # candidate unique pairs for (FF, FR, RF, RR): (0, 2071, 1, 0)
[M::mem_pestat] skip orientation FF as there are not enough pairs
[M::mem_pestat] analyzing insert size distribution for orientation FR...
[M::mem_pestat] (25, 50, 75) percentile: (189, 199, 206)
[M::mem_pestat] low and high boundaries for computing mean and std.dev: (155, 240)
[M::mem_pestat] mean and std.dev: (198.14, 8.90)
[M::mem_pestat] low and high boundaries for proper pairs: (138, 257)
[M::mem_pestat] skip orientation RF as there are not enough pairs
[M::mem_pestat] skip orientation RR as there are not enough pairs
[M::mem_process_seqs] Processed 4196 reads in 0.627 CPU sec, 0.617 real sec
samblaster: Output 42 discordant read pairs to G6.dplMTqhBPLfb/disc_pipe
[main] Version: 0.7.12-r1039
samblaster: Output 4 split reads to G6.dplMTqhBPLfb/spl_pipe
[main] CMD: /opt/linux/centos/7.x/x86_64/pkgs/bwa/0.7.12/bin/bwa mem -t 1 -R @RG\tID:G6\tSM:G6\tLB:Lib\ References.fasta ExternalData/Pooled/Stacks/G6.1.fq.gz ExternalData/Pooled/Stacks/G6.2.fq.gzsamblaster: Marked 104475 of 105070 (99.43%) read ids as duplicates using 1344k memory in 
[main] Real time: 16.627 sec; CPU: 17.135 sec
0.427S CPU seconds and 16S wall time.
Done
Using GATK jar /bigdata/operations/pkgadmin/opt/linux/centos/7.x/x86_64/pkgs/gatk/4.0.8.1/gatk-package-4.0.8.1-local.jar
Running:
    java -Dsamjdk.use_async_io_read_samtools=false -Dsamjdk.use_async_io_write_samtools=true -Dsamjdk.use_async_io_write_tribble=false -Dsamjdk.compression_level=2 -jar /bigdata/operations/pkgadmin/opt/linux/centos/7.x/x86_64/pkgs/gatk/4.0.8.1/gatk-package-4.0.8.1-local.jar HaplotypeCaller -R References.fasta -I results/G6.bam -O results/G6.g.vcf -ERC GVCF
15:11:06.962 INFO  NativeLibraryLoader - Loading libgkl_compression.so from jar:file:/bigdata/operations/pkgadmin/opt/linux/centos/7.x/x86_64/pkgs/gatk/4.0.8.1/gatk-package-4.0.8.1-local.jar!/com/intel/gkl/native/libgkl_compression.so
15:11:07.860 INFO  HaplotypeCaller - ------------------------------------------------------------
15:11:07.862 INFO  HaplotypeCaller - The Genome Analysis Toolkit (GATK) v4.0.8.1
15:11:07.862 INFO  HaplotypeCaller - For support and documentation go to https://software.broadinstitute.org/gatk/
15:11:07.864 INFO  HaplotypeCaller - Executing as arajewski@i10 on Linux v3.10.0-957.el7.x86_64 amd64
15:11:07.864 INFO  HaplotypeCaller - Java runtime: Java HotSpot(TM) 64-Bit Server VM v1.8.0_45-b14
15:11:07.865 INFO  HaplotypeCaller - Start Date/Time: May 26, 2020 3:11:06 PM PDT
15:11:07.865 INFO  HaplotypeCaller - ------------------------------------------------------------
15:11:07.865 INFO  HaplotypeCaller - ------------------------------------------------------------
15:11:07.865 INFO  HaplotypeCaller - HTSJDK Version: 2.16.0
15:11:07.865 INFO  HaplotypeCaller - Picard Version: 2.18.7
15:11:07.865 INFO  HaplotypeCaller - HTSJDK Defaults.COMPRESSION_LEVEL : 2
15:11:07.865 INFO  HaplotypeCaller - HTSJDK Defaults.USE_ASYNC_IO_READ_FOR_SAMTOOLS : false
15:11:07.866 INFO  HaplotypeCaller - HTSJDK Defaults.USE_ASYNC_IO_WRITE_FOR_SAMTOOLS : true
15:11:07.866 INFO  HaplotypeCaller - HTSJDK Defaults.USE_ASYNC_IO_WRITE_FOR_TRIBBLE : false
15:11:07.866 INFO  HaplotypeCaller - Deflater: IntelDeflater
15:11:07.866 INFO  HaplotypeCaller - Inflater: IntelInflater
15:11:07.866 INFO  HaplotypeCaller - GCS max retries/reopens: 20
15:11:07.866 INFO  HaplotypeCaller - Using google-cloud-java fork https://github.com/broadinstitute/google-cloud-java/releases/tag/0.20.5-alpha-GCS-RETRY-FIX
15:11:07.866 INFO  HaplotypeCaller - Initializing engine
15:11:08.303 INFO  HaplotypeCaller - Done initializing engine
15:11:08.312 INFO  HaplotypeCallerEngine - Tool is in reference confidence mode and the annotation, the following changes will be made to any specified annotations: 'StrandBiasBySample' will be enabled. 'ChromosomeCounts', 'FisherStrand', 'StrandOddsRatio' and 'QualByDepth' annotations have been disabled
15:11:08.316 INFO  HaplotypeCallerEngine - Standard Emitting and Calling confidence set to 0.0 for reference-model confidence output
15:11:08.316 INFO  HaplotypeCallerEngine - All sites annotated with PLs forced to true for reference-model confidence output
15:11:08.331 INFO  NativeLibraryLoader - Loading libgkl_utils.so from jar:file:/bigdata/operations/pkgadmin/opt/linux/centos/7.x/x86_64/pkgs/gatk/4.0.8.1/gatk-package-4.0.8.1-local.jar!/com/intel/gkl/native/libgkl_utils.so
15:11:08.333 INFO  NativeLibraryLoader - Loading libgkl_pairhmm_omp.so from jar:file:/bigdata/operations/pkgadmin/opt/linux/centos/7.x/x86_64/pkgs/gatk/4.0.8.1/gatk-package-4.0.8.1-local.jar!/com/intel/gkl/native/libgkl_pairhmm_omp.so
15:11:08.375 WARN  IntelPairHmm - Flush-to-zero (FTZ) is enabled when running PairHMM
15:11:08.376 INFO  IntelPairHmm - Available threads: 2
15:11:08.376 INFO  IntelPairHmm - Requested threads: 4
15:11:08.376 WARN  IntelPairHmm - Using 2 available threads, but 4 were requested
15:11:08.376 INFO  PairHMM - Using the OpenMP multi-threaded AVX-accelerated native PairHMM implementation
15:11:08.457 INFO  ProgressMeter - Starting traversal
15:11:08.463 INFO  ProgressMeter -        Current Locus  Elapsed Minutes     Regions Processed   Regions/Minute
15:11:18.448 INFO  HaplotypeCaller - 208982 read(s) filtered by: ((((((((MappingQualityReadFilter AND MappingQualityAvailableReadFilter) AND MappedReadFilter) AND NotSecondaryAlignmentReadFilter) AND NotDuplicateReadFilter) AND PassesVendorQualityCheckReadFilter) AND NonZeroReferenceLengthAlignmentReadFilter) AND GoodCigarReadFilter) AND WellformedReadFilter)
  208982 read(s) filtered by: (((((((MappingQualityReadFilter AND MappingQualityAvailableReadFilter) AND MappedReadFilter) AND NotSecondaryAlignmentReadFilter) AND NotDuplicateReadFilter) AND PassesVendorQualityCheckReadFilter) AND NonZeroReferenceLengthAlignmentReadFilter) AND GoodCigarReadFilter)
      208982 read(s) filtered by: ((((((MappingQualityReadFilter AND MappingQualityAvailableReadFilter) AND MappedReadFilter) AND NotSecondaryAlignmentReadFilter) AND NotDuplicateReadFilter) AND PassesVendorQualityCheckReadFilter) AND NonZeroReferenceLengthAlignmentReadFilter)
          208982 read(s) filtered by: (((((MappingQualityReadFilter AND MappingQualityAvailableReadFilter) AND MappedReadFilter) AND NotSecondaryAlignmentReadFilter) AND NotDuplicateReadFilter) AND PassesVendorQualityCheckReadFilter)
              208982 read(s) filtered by: ((((MappingQualityReadFilter AND MappingQualityAvailableReadFilter) AND MappedReadFilter) AND NotSecondaryAlignmentReadFilter) AND NotDuplicateReadFilter)
                  401 read(s) filtered by: (((MappingQualityReadFilter AND MappingQualityAvailableReadFilter) AND MappedReadFilter) AND NotSecondaryAlignmentReadFilter)
                      401 read(s) filtered by: ((MappingQualityReadFilter AND MappingQualityAvailableReadFilter) AND MappedReadFilter)
                          401 read(s) filtered by: (MappingQualityReadFilter AND MappingQualityAvailableReadFilter)
                              401 read(s) filtered by: MappingQualityReadFilter 
                  208581 read(s) filtered by: NotDuplicateReadFilter 

15:11:18.449 INFO  ProgressMeter -           SpMBP10:77              0.2                    25            150.2
15:11:18.449 INFO  ProgressMeter - Traversal complete. Processed 25 total regions in 0.2 minutes.
15:11:18.476 INFO  VectorLoglessPairHMM - Time spent in setup for JNI call : 0.015038047
15:11:18.476 INFO  PairHMM - Total compute time in PairHMM computeLogLikelihoods() : 1.647795493
15:11:18.476 INFO  SmithWatermanAligner - Total compute time in java Smith-Waterman : 2.27 sec
15:11:18.477 INFO  HaplotypeCaller - Shutting down engine
[May 26, 2020 3:11:18 PM PDT] org.broadinstitute.hellbender.tools.walkers.haplotypecaller.HaplotypeCaller done. Elapsed time: 0.19 minutes.
Runtime.totalMemory()=2690121728
