Sourcing executables from speedseq.config ...
Aligning...
samblaster: Version 0.1.22
samblaster: Inputting from stdin
samblaster: Outputting to stdout
samblaster: Opening G10.NblTgXGsl0FC/disc_pipe for write.
[M::bwa_idx_load_from_disk] read 0 ALT contigs
samblaster: Opening G10.NblTgXGsl0FC/spl_pipe for write.
[M::process] read 73792 sequences (10000194 bp)...
[M::process] read 73834 sequences (10000156 bp)...
[M::mem_pestat] # candidate unique pairs for (FF, FR, RF, RR): (0, 36799, 0, 0)
[M::mem_pestat] skip orientation FF as there are not enough pairs
[M::mem_pestat] analyzing insert size distribution for orientation FR...
[M::mem_pestat] (25, 50, 75) percentile: (121, 121, 200)
[M::mem_pestat] low and high boundaries for computing mean and std.dev: (1, 358)
[M::mem_pestat] mean and std.dev: (160.24, 42.91)
[M::mem_pestat] low and high boundaries for proper pairs: (1, 437)
[M::mem_pestat] skip orientation RF as there are not enough pairs
[M::mem_pestat] skip orientation RR as there are not enough pairs
[M::mem_process_seqs] Processed 73792 reads in 3.053 CPU sec, 2.860 real sec
samblaster: Loaded 12 header sequence entries.
[M::process] read 73740 sequences (10000266 bp)...
[M::mem_pestat] # candidate unique pairs for (FF, FR, RF, RR): (0, 36870, 0, 0)
[M::mem_pestat] skip orientation FF as there are not enough pairs
[M::mem_pestat] analyzing insert size distribution for orientation FR...
[M::mem_pestat] (25, 50, 75) percentile: (121, 121, 200)
[M::mem_pestat] low and high boundaries for computing mean and std.dev: (1, 358)
[M::mem_pestat] mean and std.dev: (159.82, 42.76)
[M::mem_pestat] low and high boundaries for proper pairs: (1, 437)
[M::mem_pestat] skip orientation RF as there are not enough pairs
[M::mem_pestat] skip orientation RR as there are not enough pairs
[M::mem_process_seqs] Processed 73834 reads in 3.394 CPU sec, 3.144 real sec
[M::process] read 61426 sequences (8322307 bp)...
[M::mem_pestat] # candidate unique pairs for (FF, FR, RF, RR): (0, 36830, 0, 0)
[M::mem_pestat] skip orientation FF as there are not enough pairs
[M::mem_pestat] analyzing insert size distribution for orientation FR...
[M::mem_pestat] (25, 50, 75) percentile: (121, 121, 200)
[M::mem_pestat] low and high boundaries for computing mean and std.dev: (1, 358)
[M::mem_pestat] mean and std.dev: (160.44, 42.75)
[M::mem_pestat] low and high boundaries for proper pairs: (1, 437)
[M::mem_pestat] skip orientation RF as there are not enough pairs
[M::mem_pestat] skip orientation RR as there are not enough pairs
[M::mem_process_seqs] Processed 73740 reads in 3.408 CPU sec, 3.164 real sec
[M::mem_pestat] # candidate unique pairs for (FF, FR, RF, RR): (0, 30670, 0, 0)
[M::mem_pestat] skip orientation FF as there are not enough pairs
[M::mem_pestat] analyzing insert size distribution for orientation FR...
[M::mem_pestat] (25, 50, 75) percentile: (121, 121, 200)
[M::mem_pestat] low and high boundaries for computing mean and std.dev: (1, 358)
[M::mem_pestat] mean and std.dev: (160.05, 42.90)
[M::mem_pestat] low and high boundaries for proper pairs: (1, 437)
[M::mem_pestat] skip orientation RF as there are not enough pairs
[M::mem_pestat] skip orientation RR as there are not enough pairs
[M::mem_process_seqs] Processed 61426 reads in 2.646 CPU sec, 2.619 real sec
[main] Version: 0.7.12-r1039
samblaster: Output 11 discordant read pairs to G10.NblTgXGsl0FC/disc_pipe
[main] CMD:samblaster: Output 26 split reads to G10.NblTgXGsl0FC/spl_pipe
 /opt/linux/centos/7.x/x86_64/pkgs/bwa/0.7.12/bin/bwa mem -t 1 -R @RG\tID:G10\tSM:G10\tLB:Lib\ References.fastasamblaster: Marked 141242 of 141396 (99.89%) read ids as duplicates ExternalData/Flowcell_1304/Pooled/Stacks/G10.1.fq.gz ExternalData/Flowcell_1304/Pooled/Stacks/G10.2.fq.gz using 1344k memory in 0.541S CPU seconds and 
[main] Real time: 12.265 sec; CPU: 12.702 sec
12S wall time.
Done
