Sourcing executables from speedseq.config ...
Aligning...
samblaster: Version 0.1.22
samblaster: Inputting from stdin
samblaster: Outputting to stdout
samblaster: Opening B7.81uIsRcJeM9z/disc_pipe for write.
[M::bwa_idx_load_from_disk] read 0 ALT contigs
samblaster: Opening B7.81uIsRcJeM9z/spl_pipe for write.
[M::process] read 68248 sequences (10000239 bp)...
[M::process] read 68256 sequences (10000032 bp)...
[M::mem_pestat] # candidate unique pairs for (FF, FR, RF, RR): (1, 33612, 0, 0)
[M::mem_pestat] skip orientation FF as there are not enough pairs
[M::mem_pestat] analyzing insert size distribution for orientation FR...
[M::mem_pestat] (25, 50, 75) percentile: (199, 200, 210)
[M::mem_pestat] low and high boundaries for computing mean and std.dev: (177, 232)
[M::mem_pestat] mean and std.dev: (201.61, 6.04)
[M::mem_pestat] low and high boundaries for proper pairs: (166, 243)
[M::mem_pestat] skip orientation RF as there are not enough pairs
[M::mem_pestat] skip orientation RR as there are not enough pairs
[M::mem_process_seqs] Processed 68248 reads in 6.144 CPU sec, 5.906 real sec
samblaster: Loaded 12 header sequence entries.
[M::process] read 68246 sequences (10000147 bp)...
[M::mem_pestat] # candidate unique pairs for (FF, FR, RF, RR): (1, 33623, 0, 0)
[M::mem_pestat] skip orientation FF as there are not enough pairs
[M::mem_pestat] analyzing insert size distribution for orientation FR...
[M::mem_pestat] (25, 50, 75) percentile: (199, 200, 210)
[M::mem_pestat] low and high boundaries for computing mean and std.dev: (177, 232)
[M::mem_pestat] mean and std.dev: (201.53, 6.09)
[M::mem_pestat] low and high boundaries for proper pairs: (166, 243)
[M::mem_pestat] skip orientation RF as there are not enough pairs
[M::mem_pestat] skip orientation RR as there are not enough pairs
[M::mem_process_seqs] Processed 68256 reads in 6.592 CPU sec, 6.328 real sec
[M::process] read 64474 sequences (9452924 bp)...
[M::mem_pestat] # candidate unique pairs for (FF, FR, RF, RR): (2, 33644, 0, 0)
[M::mem_pestat] skip orientation FF as there are not enough pairs
[M::mem_pestat] analyzing insert size distribution for orientation FR...
[M::mem_pestat] (25, 50, 75) percentile: (199, 200, 210)
[M::mem_pestat] low and high boundaries for computing mean and std.dev: (177, 232)
[M::mem_pestat] mean and std.dev: (201.54, 6.08)
[M::mem_pestat] low and high boundaries for proper pairs: (166, 243)
[M::mem_pestat] skip orientation RF as there are not enough pairs
[M::mem_pestat] skip orientation RR as there are not enough pairs
[M::mem_process_seqs] Processed 68246 reads in 6.478 CPU sec, 6.185 real sec
[M::mem_pestat] # candidate unique pairs for (FF, FR, RF, RR): (1, 31844, 0, 0)
[M::mem_pestat] skip orientation FF as there are not enough pairs
[M::mem_pestat] analyzing insert size distribution for orientation FR...
[M::mem_pestat] (25, 50, 75) percentile: (199, 200, 210)
[M::mem_pestat] low and high boundaries for computing mean and std.dev: (177, 232)
[M::mem_pestat] mean and std.dev: (201.68, 6.03)
[M::mem_pestat] low and high boundaries for proper pairs: (166, 243)
[M::mem_pestat] skip orientation RF as there are not enough pairs
[M::mem_pestat] skip orientation RR as there are not enough pairs
[M::mem_process_seqs] Processed 64474 reads in 5.606 CPU sec, 5.517 real sec
samblaster: Output 53 discordant read pairs to B7.81uIsRcJeM9z/disc_pipe
[main] Version: 0.7.12-r1039
samblaster: Output 4 split reads to B7.81uIsRcJeM9z/spl_pipe
[main] CMD: /opt/linux/centos/7.x/x86_64/pkgs/bwa/0.7.12/bin/bwa mem -t 1 -R @RG\tID:B7\tSM:B7\tLB:Lib\ References.fasta ExternalData/Pooled/Stacks/B7.1.fq.gz ExternalData/Pooled/Stacks/B7.2.fq.gzsamblaster: Marked 134181 of 134612 (99.68%) read ids as duplicates using 1348k memory in 
[main] Real time: 24.543 sec; CPU: 25.100 sec
0.517S CPU seconds and 24S wall time.
Done
Using GATK jar /bigdata/operations/pkgadmin/opt/linux/centos/7.x/x86_64/pkgs/gatk/4.0.8.1/gatk-package-4.0.8.1-local.jar
Running:
    java -Dsamjdk.use_async_io_read_samtools=false -Dsamjdk.use_async_io_write_samtools=true -Dsamjdk.use_async_io_write_tribble=false -Dsamjdk.compression_level=2 -jar /bigdata/operations/pkgadmin/opt/linux/centos/7.x/x86_64/pkgs/gatk/4.0.8.1/gatk-package-4.0.8.1-local.jar HaplotypeCaller -R References.fasta -I results/B7.bam -O results/B7.g.vcf -ERC GVCF
15:11:15.833 INFO  NativeLibraryLoader - Loading libgkl_compression.so from jar:file:/bigdata/operations/pkgadmin/opt/linux/centos/7.x/x86_64/pkgs/gatk/4.0.8.1/gatk-package-4.0.8.1-local.jar!/com/intel/gkl/native/libgkl_compression.so
15:11:16.144 INFO  HaplotypeCaller - ------------------------------------------------------------
15:11:16.146 INFO  HaplotypeCaller - The Genome Analysis Toolkit (GATK) v4.0.8.1
15:11:16.147 INFO  HaplotypeCaller - For support and documentation go to https://software.broadinstitute.org/gatk/
15:11:16.148 INFO  HaplotypeCaller - Executing as arajewski@i10 on Linux v3.10.0-957.el7.x86_64 amd64
15:11:16.149 INFO  HaplotypeCaller - Java runtime: Java HotSpot(TM) 64-Bit Server VM v1.8.0_45-b14
15:11:16.149 INFO  HaplotypeCaller - Start Date/Time: May 26, 2020 3:11:15 PM PDT
15:11:16.149 INFO  HaplotypeCaller - ------------------------------------------------------------
15:11:16.149 INFO  HaplotypeCaller - ------------------------------------------------------------
15:11:16.150 INFO  HaplotypeCaller - HTSJDK Version: 2.16.0
15:11:16.150 INFO  HaplotypeCaller - Picard Version: 2.18.7
15:11:16.150 INFO  HaplotypeCaller - HTSJDK Defaults.COMPRESSION_LEVEL : 2
15:11:16.150 INFO  HaplotypeCaller - HTSJDK Defaults.USE_ASYNC_IO_READ_FOR_SAMTOOLS : false
15:11:16.150 INFO  HaplotypeCaller - HTSJDK Defaults.USE_ASYNC_IO_WRITE_FOR_SAMTOOLS : true
15:11:16.150 INFO  HaplotypeCaller - HTSJDK Defaults.USE_ASYNC_IO_WRITE_FOR_TRIBBLE : false
15:11:16.150 INFO  HaplotypeCaller - Deflater: IntelDeflater
15:11:16.150 INFO  HaplotypeCaller - Inflater: IntelInflater
15:11:16.151 INFO  HaplotypeCaller - GCS max retries/reopens: 20
15:11:16.151 INFO  HaplotypeCaller - Using google-cloud-java fork https://github.com/broadinstitute/google-cloud-java/releases/tag/0.20.5-alpha-GCS-RETRY-FIX
15:11:16.151 INFO  HaplotypeCaller - Initializing engine
15:11:17.170 INFO  HaplotypeCaller - Done initializing engine
15:11:17.176 INFO  HaplotypeCallerEngine - Tool is in reference confidence mode and the annotation, the following changes will be made to any specified annotations: 'StrandBiasBySample' will be enabled. 'ChromosomeCounts', 'FisherStrand', 'StrandOddsRatio' and 'QualByDepth' annotations have been disabled
15:11:17.181 INFO  HaplotypeCallerEngine - Standard Emitting and Calling confidence set to 0.0 for reference-model confidence output
15:11:17.181 INFO  HaplotypeCallerEngine - All sites annotated with PLs forced to true for reference-model confidence output
15:11:17.197 INFO  NativeLibraryLoader - Loading libgkl_utils.so from jar:file:/bigdata/operations/pkgadmin/opt/linux/centos/7.x/x86_64/pkgs/gatk/4.0.8.1/gatk-package-4.0.8.1-local.jar!/com/intel/gkl/native/libgkl_utils.so
15:11:17.199 INFO  NativeLibraryLoader - Loading libgkl_pairhmm_omp.so from jar:file:/bigdata/operations/pkgadmin/opt/linux/centos/7.x/x86_64/pkgs/gatk/4.0.8.1/gatk-package-4.0.8.1-local.jar!/com/intel/gkl/native/libgkl_pairhmm_omp.so
15:11:17.241 WARN  IntelPairHmm - Flush-to-zero (FTZ) is enabled when running PairHMM
15:11:17.242 INFO  IntelPairHmm - Available threads: 2
15:11:17.242 INFO  IntelPairHmm - Requested threads: 4
15:11:17.242 WARN  IntelPairHmm - Using 2 available threads, but 4 were requested
15:11:17.242 INFO  PairHMM - Using the OpenMP multi-threaded AVX-accelerated native PairHMM implementation
15:11:17.314 INFO  ProgressMeter - Starting traversal
15:11:17.315 INFO  ProgressMeter -        Current Locus  Elapsed Minutes     Regions Processed   Regions/Minute
15:11:27.289 INFO  HaplotypeCaller - 268387 read(s) filtered by: ((((((((MappingQualityReadFilter AND MappingQualityAvailableReadFilter) AND MappedReadFilter) AND NotSecondaryAlignmentReadFilter) AND NotDuplicateReadFilter) AND PassesVendorQualityCheckReadFilter) AND NonZeroReferenceLengthAlignmentReadFilter) AND GoodCigarReadFilter) AND WellformedReadFilter)
  268387 read(s) filtered by: (((((((MappingQualityReadFilter AND MappingQualityAvailableReadFilter) AND MappedReadFilter) AND NotSecondaryAlignmentReadFilter) AND NotDuplicateReadFilter) AND PassesVendorQualityCheckReadFilter) AND NonZeroReferenceLengthAlignmentReadFilter) AND GoodCigarReadFilter)
      268387 read(s) filtered by: ((((((MappingQualityReadFilter AND MappingQualityAvailableReadFilter) AND MappedReadFilter) AND NotSecondaryAlignmentReadFilter) AND NotDuplicateReadFilter) AND PassesVendorQualityCheckReadFilter) AND NonZeroReferenceLengthAlignmentReadFilter)
          268387 read(s) filtered by: (((((MappingQualityReadFilter AND MappingQualityAvailableReadFilter) AND MappedReadFilter) AND NotSecondaryAlignmentReadFilter) AND NotDuplicateReadFilter) AND PassesVendorQualityCheckReadFilter)
              268387 read(s) filtered by: ((((MappingQualityReadFilter AND MappingQualityAvailableReadFilter) AND MappedReadFilter) AND NotSecondaryAlignmentReadFilter) AND NotDuplicateReadFilter)
                  888 read(s) filtered by: (((MappingQualityReadFilter AND MappingQualityAvailableReadFilter) AND MappedReadFilter) AND NotSecondaryAlignmentReadFilter)
                      888 read(s) filtered by: ((MappingQualityReadFilter AND MappingQualityAvailableReadFilter) AND MappedReadFilter)
                          888 read(s) filtered by: (MappingQualityReadFilter AND MappingQualityAvailableReadFilter)
                              888 read(s) filtered by: MappingQualityReadFilter 
                  267499 read(s) filtered by: NotDuplicateReadFilter 

15:11:27.296 INFO  ProgressMeter -            SpFUL2:89              0.2                    27            162.4
15:11:27.296 INFO  ProgressMeter - Traversal complete. Processed 27 total regions in 0.2 minutes.
15:11:27.331 INFO  VectorLoglessPairHMM - Time spent in setup for JNI call : 0.003089918
15:11:27.331 INFO  PairHMM - Total compute time in PairHMM computeLogLikelihoods() : 1.158239095
15:11:27.331 INFO  SmithWatermanAligner - Total compute time in java Smith-Waterman : 2.00 sec
15:11:27.331 INFO  HaplotypeCaller - Shutting down engine
[May 26, 2020 3:11:27 PM PDT] org.broadinstitute.hellbender.tools.walkers.haplotypecaller.HaplotypeCaller done. Elapsed time: 0.19 minutes.
Runtime.totalMemory()=2537029632
