Sourcing executables from speedseq.config ...
Aligning...
samblaster: Version 0.1.22
samblaster: Inputting from stdin
samblaster: Outputting to stdout
samblaster: Opening H1.wrUWUfKJc08Z/disc_pipe for write.
[M::bwa_idx_load_from_disk] read 0 ALT contigs
samblaster: Opening H1.wrUWUfKJc08Z/spl_pipe for write.
[M::process] read 70508 sequences (10000290 bp)...
[M::process] read 70594 sequences (10000195 bp)...
[M::mem_pestat] # candidate unique pairs for (FF, FR, RF, RR): (0, 34294, 0, 0)
[M::mem_pestat] skip orientation FF as there are not enough pairs
[M::mem_pestat] analyzing insert size distribution for orientation FR...
[M::mem_pestat] (25, 50, 75) percentile: (199, 200, 210)
[M::mem_pestat] low and high boundaries for computing mean and std.dev: (177, 232)
[M::mem_pestat] mean and std.dev: (207.95, 10.14)
[M::mem_pestat] low and high boundaries for proper pairs: (166, 243)
[M::mem_pestat] skip orientation RF as there are not enough pairs
[M::mem_pestat] skip orientation RR as there are not enough pairs
[M::mem_process_seqs] Processed 70508 reads in 5.927 CPU sec, 5.707 real sec
samblaster: Loaded 12 header sequence entries.
[M::process] read 40280 sequences (5713940 bp)...
[M::mem_pestat] # candidate unique pairs for (FF, FR, RF, RR): (0, 34425, 20, 0)
[M::mem_pestat] skip orientation FF as there are not enough pairs
[M::mem_pestat] analyzing insert size distribution for orientation FR...
[M::mem_pestat] (25, 50, 75) percentile: (199, 200, 210)
[M::mem_pestat] low and high boundaries for computing mean and std.dev: (177, 232)
[M::mem_pestat] mean and std.dev: (207.61, 9.99)
[M::mem_pestat] low and high boundaries for proper pairs: (166, 243)
[M::mem_pestat] analyzing insert size distribution for orientation RF...
[M::mem_pestat] (25, 50, 75) percentile: (161, 161, 161)
[M::mem_pestat] low and high boundaries for computing mean and std.dev: (161, 161)
[M::mem_pestat] mean and std.dev: (161.00, 0.00)
[M::mem_pestat] low and high boundaries for proper pairs: (161, 161)
[M::mem_pestat] skip orientation RR as there are not enough pairs
[M::mem_pestat] skip orientation RF
[M::mem_process_seqs] Processed 70594 reads in 6.024 CPU sec, 5.835 real sec
[M::mem_pestat] # candidate unique pairs for (FF, FR, RF, RR): (0, 19707, 17, 0)
[M::mem_pestat] skip orientation FF as there are not enough pairs
[M::mem_pestat] analyzing insert size distribution for orientation FR...
[M::mem_pestat] (25, 50, 75) percentile: (199, 200, 210)
[M::mem_pestat] low and high boundaries for computing mean and std.dev: (177, 232)
[M::mem_pestat] mean and std.dev: (207.70, 9.99)
[M::mem_pestat] low and high boundaries for proper pairs: (166, 243)
[M::mem_pestat] analyzing insert size distribution for orientation RF...
[M::mem_pestat] (25, 50, 75) percentile: (161, 161, 161)
[M::mem_pestat] low and high boundaries for computing mean and std.dev: (161, 161)
[M::mem_pestat] mean and std.dev: (161.00, 0.00)
[M::mem_pestat] low and high boundaries for proper pairs: (161, 161)
[M::mem_pestat] skip orientation RR as there are not enough pairs
[M::mem_pestat] skip orientation RF
[M::mem_process_seqs] Processed 40280 reads in 3.257 CPU sec, 3.267 real sec
[main] Version: 0.7.12-r1039
[main] CMD: /opt/linux/centos/7.x/x86_64/pkgs/bwa/0.7.12/bin/bwa mem -t 1 -R @RG\tID:H1\tSM:H1\tLB:Lib\ References.fasta ExternalData/Pooled/Stacks/H1.1.fq.gz ExternalData/Pooled/Stacks/H1.2.fq.gz
[main] Real time: 15.233 sec; CPU: 15.409 sec
samblaster: Output 128 discordant read pairs to H1.wrUWUfKJc08Z/disc_pipe
samblaster: Output 42 split reads to H1.wrUWUfKJc08Z/spl_pipe
samblaster: Marked 89732 of 90691 (98.94%) read ids as duplicates using 1340k memory in 0.367S CPU seconds and 15S wall time.
Done
Using GATK jar /bigdata/operations/pkgadmin/opt/linux/centos/7.x/x86_64/pkgs/gatk/4.0.8.1/gatk-package-4.0.8.1-local.jar
Running:
    java -Dsamjdk.use_async_io_read_samtools=false -Dsamjdk.use_async_io_write_samtools=true -Dsamjdk.use_async_io_write_tribble=false -Dsamjdk.compression_level=2 -jar /bigdata/operations/pkgadmin/opt/linux/centos/7.x/x86_64/pkgs/gatk/4.0.8.1/gatk-package-4.0.8.1-local.jar HaplotypeCaller -R References.fasta -I results/H1.bam -O results/H1.g.vcf -ERC GVCF
15:11:05.177 INFO  NativeLibraryLoader - Loading libgkl_compression.so from jar:file:/bigdata/operations/pkgadmin/opt/linux/centos/7.x/x86_64/pkgs/gatk/4.0.8.1/gatk-package-4.0.8.1-local.jar!/com/intel/gkl/native/libgkl_compression.so
15:11:05.511 INFO  HaplotypeCaller - ------------------------------------------------------------
15:11:05.513 INFO  HaplotypeCaller - The Genome Analysis Toolkit (GATK) v4.0.8.1
15:11:05.513 INFO  HaplotypeCaller - For support and documentation go to https://software.broadinstitute.org/gatk/
15:11:05.515 INFO  HaplotypeCaller - Executing as arajewski@i05 on Linux v3.10.0-957.el7.x86_64 amd64
15:11:05.515 INFO  HaplotypeCaller - Java runtime: Java HotSpot(TM) 64-Bit Server VM v1.8.0_45-b14
15:11:05.515 INFO  HaplotypeCaller - Start Date/Time: May 26, 2020 3:11:05 PM PDT
15:11:05.515 INFO  HaplotypeCaller - ------------------------------------------------------------
15:11:05.515 INFO  HaplotypeCaller - ------------------------------------------------------------
15:11:05.516 INFO  HaplotypeCaller - HTSJDK Version: 2.16.0
15:11:05.516 INFO  HaplotypeCaller - Picard Version: 2.18.7
15:11:05.516 INFO  HaplotypeCaller - HTSJDK Defaults.COMPRESSION_LEVEL : 2
15:11:05.516 INFO  HaplotypeCaller - HTSJDK Defaults.USE_ASYNC_IO_READ_FOR_SAMTOOLS : false
15:11:05.516 INFO  HaplotypeCaller - HTSJDK Defaults.USE_ASYNC_IO_WRITE_FOR_SAMTOOLS : true
15:11:05.516 INFO  HaplotypeCaller - HTSJDK Defaults.USE_ASYNC_IO_WRITE_FOR_TRIBBLE : false
15:11:05.517 INFO  HaplotypeCaller - Deflater: IntelDeflater
15:11:05.517 INFO  HaplotypeCaller - Inflater: IntelInflater
15:11:05.517 INFO  HaplotypeCaller - GCS max retries/reopens: 20
15:11:05.517 INFO  HaplotypeCaller - Using google-cloud-java fork https://github.com/broadinstitute/google-cloud-java/releases/tag/0.20.5-alpha-GCS-RETRY-FIX
15:11:05.517 INFO  HaplotypeCaller - Initializing engine
15:11:07.174 INFO  HaplotypeCaller - Done initializing engine
15:11:07.183 INFO  HaplotypeCallerEngine - Tool is in reference confidence mode and the annotation, the following changes will be made to any specified annotations: 'StrandBiasBySample' will be enabled. 'ChromosomeCounts', 'FisherStrand', 'StrandOddsRatio' and 'QualByDepth' annotations have been disabled
15:11:07.190 INFO  HaplotypeCallerEngine - Standard Emitting and Calling confidence set to 0.0 for reference-model confidence output
15:11:07.190 INFO  HaplotypeCallerEngine - All sites annotated with PLs forced to true for reference-model confidence output
15:11:07.207 INFO  NativeLibraryLoader - Loading libgkl_utils.so from jar:file:/bigdata/operations/pkgadmin/opt/linux/centos/7.x/x86_64/pkgs/gatk/4.0.8.1/gatk-package-4.0.8.1-local.jar!/com/intel/gkl/native/libgkl_utils.so
15:11:07.211 INFO  NativeLibraryLoader - Loading libgkl_pairhmm_omp.so from jar:file:/bigdata/operations/pkgadmin/opt/linux/centos/7.x/x86_64/pkgs/gatk/4.0.8.1/gatk-package-4.0.8.1-local.jar!/com/intel/gkl/native/libgkl_pairhmm_omp.so
15:11:07.254 WARN  IntelPairHmm - Flush-to-zero (FTZ) is enabled when running PairHMM
15:11:07.254 INFO  IntelPairHmm - Available threads: 2
15:11:07.254 INFO  IntelPairHmm - Requested threads: 4
15:11:07.255 WARN  IntelPairHmm - Using 2 available threads, but 4 were requested
15:11:07.255 INFO  PairHMM - Using the OpenMP multi-threaded AVX-accelerated native PairHMM implementation
15:11:07.356 INFO  ProgressMeter - Starting traversal
15:11:07.356 INFO  ProgressMeter -        Current Locus  Elapsed Minutes     Regions Processed   Regions/Minute
15:11:18.517 INFO  ProgressMeter -           SpFUL2:301              0.2                    20            107.5
15:11:20.743 INFO  HaplotypeCaller - 179568 read(s) filtered by: ((((((((MappingQualityReadFilter AND MappingQualityAvailableReadFilter) AND MappedReadFilter) AND NotSecondaryAlignmentReadFilter) AND NotDuplicateReadFilter) AND PassesVendorQualityCheckReadFilter) AND NonZeroReferenceLengthAlignmentReadFilter) AND GoodCigarReadFilter) AND WellformedReadFilter)
  179568 read(s) filtered by: (((((((MappingQualityReadFilter AND MappingQualityAvailableReadFilter) AND MappedReadFilter) AND NotSecondaryAlignmentReadFilter) AND NotDuplicateReadFilter) AND PassesVendorQualityCheckReadFilter) AND NonZeroReferenceLengthAlignmentReadFilter) AND GoodCigarReadFilter)
      179568 read(s) filtered by: ((((((MappingQualityReadFilter AND MappingQualityAvailableReadFilter) AND MappedReadFilter) AND NotSecondaryAlignmentReadFilter) AND NotDuplicateReadFilter) AND PassesVendorQualityCheckReadFilter) AND NonZeroReferenceLengthAlignmentReadFilter)
          179568 read(s) filtered by: (((((MappingQualityReadFilter AND MappingQualityAvailableReadFilter) AND MappedReadFilter) AND NotSecondaryAlignmentReadFilter) AND NotDuplicateReadFilter) AND PassesVendorQualityCheckReadFilter)
              179568 read(s) filtered by: ((((MappingQualityReadFilter AND MappingQualityAvailableReadFilter) AND MappedReadFilter) AND NotSecondaryAlignmentReadFilter) AND NotDuplicateReadFilter)
                  592 read(s) filtered by: (((MappingQualityReadFilter AND MappingQualityAvailableReadFilter) AND MappedReadFilter) AND NotSecondaryAlignmentReadFilter)
                      592 read(s) filtered by: ((MappingQualityReadFilter AND MappingQualityAvailableReadFilter) AND MappedReadFilter)
                          592 read(s) filtered by: (MappingQualityReadFilter AND MappingQualityAvailableReadFilter)
                              592 read(s) filtered by: MappingQualityReadFilter 
                  178976 read(s) filtered by: NotDuplicateReadFilter 

15:11:20.744 INFO  ProgressMeter -           SpFUL2:301              0.2                    26            116.5
15:11:20.744 INFO  ProgressMeter - Traversal complete. Processed 26 total regions in 0.2 minutes.
15:11:20.772 INFO  VectorLoglessPairHMM - Time spent in setup for JNI call : 0.012280013000000001
15:11:20.772 INFO  PairHMM - Total compute time in PairHMM computeLogLikelihoods() : 2.7288503260000003
15:11:20.773 INFO  SmithWatermanAligner - Total compute time in java Smith-Waterman : 2.23 sec
15:11:20.773 INFO  HaplotypeCaller - Shutting down engine
[May 26, 2020 3:11:20 PM PDT] org.broadinstitute.hellbender.tools.walkers.haplotypecaller.HaplotypeCaller done. Elapsed time: 0.26 minutes.
Runtime.totalMemory()=2677538816
