Sourcing executables from speedseq.config ...
Aligning...
samblaster: Version 0.1.22
samblaster: Inputting from stdin
samblaster: Outputting to stdout
samblaster: Opening B3.mUGXRP4eprDe/disc_pipe for write.
samblaster: Opening B3.mUGXRP4eprDe/spl_pipe for write.
[M::bwa_idx_load_from_disk] read 0 ALT contigs
[M::process] read 67342 sequences (10000287 bp)...
[M::process] read 67342 sequences (10000287 bp)...
[M::mem_pestat] # candidate unique pairs for (FF, FR, RF, RR): (342, 0, 0, 0)
[M::mem_pestat] analyzing insert size distribution for orientation FF...
[M::mem_pestat] (25, 50, 75) percentile: (2, 5, 7)
[M::mem_pestat] low and high boundaries for computing mean and std.dev: (1, 17)
[M::mem_pestat] mean and std.dev: (4.77, 3.14)
[M::mem_pestat] low and high boundaries for proper pairs: (1, 22)
[M::mem_pestat] skip orientation FR as there are not enough pairs
[M::mem_pestat] skip orientation RF as there are not enough pairs
[M::mem_pestat] skip orientation RR as there are not enough pairs
[M::mem_process_seqs] Processed 67342 reads in 7.116 CPU sec, 6.975 real sec
samblaster: Loaded 12 header sequence entries.
[M::process] read 67342 sequences (10000287 bp)...
[M::mem_pestat] # candidate unique pairs for (FF, FR, RF, RR): (357, 0, 0, 1)
[M::mem_pestat] analyzing insert size distribution for orientation FF...
[M::mem_pestat] (25, 50, 75) percentile: (2, 5, 7)
[M::mem_pestat] low and high boundaries for computing mean and std.dev: (1, 17)
[M::mem_pestat] mean and std.dev: (4.65, 2.82)
[M::mem_pestat] low and high boundaries for proper pairs: (1, 22)
[M::mem_pestat] skip orientation FR as there are not enough pairs
[M::mem_pestat] skip orientation RF as there are not enough pairs
[M::mem_pestat] skip orientation RR as there are not enough pairs
[M::mem_process_seqs] Processed 67342 reads in 7.473 CPU sec, 7.344 real sec
[M::process] read 67342 sequences (10000287 bp)...
[M::mem_pestat] # candidate unique pairs for (FF, FR, RF, RR): (339, 0, 0, 0)
[M::mem_pestat] analyzing insert size distribution for orientation FF...
[M::mem_pestat] (25, 50, 75) percentile: (3, 5, 7)
[M::mem_pestat] low and high boundaries for computing mean and std.dev: (1, 15)
[M::mem_pestat] mean and std.dev: (4.63, 2.56)
[M::mem_pestat] low and high boundaries for proper pairs: (1, 19)
[M::mem_pestat] skip orientation FR as there are not enough pairs
[M::mem_pestat] skip orientation RF as there are not enough pairs
[M::mem_pestat] skip orientation RR as there are not enough pairs
[M::mem_process_seqs] Processed 67342 reads in 7.454 CPU sec, 7.314 real sec
[M::process] read 59390 sequences (8819415 bp)...
[M::mem_pestat] # candidate unique pairs for (FF, FR, RF, RR): (384, 0, 0, 0)
[M::mem_pestat] analyzing insert size distribution for orientation FF...
[M::mem_pestat] (25, 50, 75) percentile: (2, 4, 6)
[M::mem_pestat] low and high boundaries for computing mean and std.dev: (1, 14)
[M::mem_pestat] mean and std.dev: (4.26, 2.34)
[M::mem_pestat] low and high boundaries for proper pairs: (1, 18)
[M::mem_pestat] skip orientation FR as there are not enough pairs
[M::mem_pestat] skip orientation RF as there are not enough pairs
[M::mem_pestat] skip orientation RR as there are not enough pairs
[M::mem_process_seqs] Processed 67342 reads in 7.359 CPU sec, 7.250 real sec
[M::mem_pestat] # candidate unique pairs for (FF, FR, RF, RR): (299, 0, 0, 0)
[M::mem_pestat] analyzing insert size distribution for orientation FF...
[M::mem_pestat] (25, 50, 75) percentile: (2, 4, 7)
[M::mem_pestat] low and high boundaries for computing mean and std.dev: (1, 17)
[M::mem_pestat] mean and std.dev: (4.63, 2.89)
[M::mem_pestat] low and high boundaries for proper pairs: (1, 22)
[M::mem_pestat] skip orientation FR as there are not enough pairs
[M::mem_pestat] skip orientation RF as there are not enough pairs
[M::mem_pestat] skip orientation RR as there are not enough pairs
[M::mem_process_seqs] Processed 59390 reads in 6.444 CPU sec, 6.434 real sec
[main] Version: 0.7.12-r1039
samblaster: Output 118 discordant read pairs to B3.mUGXRP4eprDe/disc_pipe
[main] CMD:samblaster: Output 20 split reads to B3.mUGXRP4eprDe/spl_pipe
 /opt/linux/centos/7.x/x86_64/pkgs/bwa/0.7.12/bin/bwa mem -t 1 -Rsamblaster: Marked 162187 of 164379 (98.67%) read ids as duplicates @RG\tID:B3\tSM:B3\tLB:Lib\ References.fasta ExternalData/B3_pair1.fastq using 1340k memory in  ExternalData/B3_pair2.fastq0.686S CPU seconds and 
[main] Real time: 35.945 sec; CPU: 36.041 sec
36S wall time.
Done
Using GATK jar /bigdata/operations/pkgadmin/opt/linux/centos/7.x/x86_64/pkgs/gatk/4.0.8.1/gatk-package-4.0.8.1-local.jar
Running:
    java -Dsamjdk.use_async_io_read_samtools=false -Dsamjdk.use_async_io_write_samtools=true -Dsamjdk.use_async_io_write_tribble=false -Dsamjdk.compression_level=2 -jar /bigdata/operations/pkgadmin/opt/linux/centos/7.x/x86_64/pkgs/gatk/4.0.8.1/gatk-package-4.0.8.1-local.jar HaplotypeCaller -R References.fasta -I results/B3.bam -O results/B3.g.vcf -ERC GVCF
11:09:32.608 INFO  NativeLibraryLoader - Loading libgkl_compression.so from jar:file:/bigdata/operations/pkgadmin/opt/linux/centos/7.x/x86_64/pkgs/gatk/4.0.8.1/gatk-package-4.0.8.1-local.jar!/com/intel/gkl/native/libgkl_compression.so
11:09:32.869 INFO  HaplotypeCaller - ------------------------------------------------------------
11:09:32.871 INFO  HaplotypeCaller - The Genome Analysis Toolkit (GATK) v4.0.8.1
11:09:32.871 INFO  HaplotypeCaller - For support and documentation go to https://software.broadinstitute.org/gatk/
11:09:32.872 INFO  HaplotypeCaller - Executing as arajewski@i05 on Linux v3.10.0-957.el7.x86_64 amd64
11:09:32.872 INFO  HaplotypeCaller - Java runtime: Java HotSpot(TM) 64-Bit Server VM v1.8.0_45-b14
11:09:32.873 INFO  HaplotypeCaller - Start Date/Time: May 26, 2020 11:09:32 AM PDT
11:09:32.873 INFO  HaplotypeCaller - ------------------------------------------------------------
11:09:32.873 INFO  HaplotypeCaller - ------------------------------------------------------------
11:09:32.873 INFO  HaplotypeCaller - HTSJDK Version: 2.16.0
11:09:32.873 INFO  HaplotypeCaller - Picard Version: 2.18.7
11:09:32.873 INFO  HaplotypeCaller - HTSJDK Defaults.COMPRESSION_LEVEL : 2
11:09:32.873 INFO  HaplotypeCaller - HTSJDK Defaults.USE_ASYNC_IO_READ_FOR_SAMTOOLS : false
11:09:32.873 INFO  HaplotypeCaller - HTSJDK Defaults.USE_ASYNC_IO_WRITE_FOR_SAMTOOLS : true
11:09:32.873 INFO  HaplotypeCaller - HTSJDK Defaults.USE_ASYNC_IO_WRITE_FOR_TRIBBLE : false
11:09:32.874 INFO  HaplotypeCaller - Deflater: IntelDeflater
11:09:32.874 INFO  HaplotypeCaller - Inflater: IntelInflater
11:09:32.874 INFO  HaplotypeCaller - GCS max retries/reopens: 20
11:09:32.874 INFO  HaplotypeCaller - Using google-cloud-java fork https://github.com/broadinstitute/google-cloud-java/releases/tag/0.20.5-alpha-GCS-RETRY-FIX
11:09:32.874 INFO  HaplotypeCaller - Initializing engine
11:09:33.717 INFO  HaplotypeCaller - Done initializing engine
11:09:33.734 INFO  HaplotypeCallerEngine - Tool is in reference confidence mode and the annotation, the following changes will be made to any specified annotations: 'StrandBiasBySample' will be enabled. 'ChromosomeCounts', 'FisherStrand', 'StrandOddsRatio' and 'QualByDepth' annotations have been disabled
11:09:33.739 INFO  HaplotypeCallerEngine - Standard Emitting and Calling confidence set to 0.0 for reference-model confidence output
11:09:33.739 INFO  HaplotypeCallerEngine - All sites annotated with PLs forced to true for reference-model confidence output
11:09:33.755 INFO  NativeLibraryLoader - Loading libgkl_utils.so from jar:file:/bigdata/operations/pkgadmin/opt/linux/centos/7.x/x86_64/pkgs/gatk/4.0.8.1/gatk-package-4.0.8.1-local.jar!/com/intel/gkl/native/libgkl_utils.so
11:09:33.758 INFO  NativeLibraryLoader - Loading libgkl_pairhmm_omp.so from jar:file:/bigdata/operations/pkgadmin/opt/linux/centos/7.x/x86_64/pkgs/gatk/4.0.8.1/gatk-package-4.0.8.1-local.jar!/com/intel/gkl/native/libgkl_pairhmm_omp.so
11:09:33.801 WARN  IntelPairHmm - Flush-to-zero (FTZ) is enabled when running PairHMM
11:09:33.802 INFO  IntelPairHmm - Available threads: 2
11:09:33.802 INFO  IntelPairHmm - Requested threads: 4
11:09:33.802 WARN  IntelPairHmm - Using 2 available threads, but 4 were requested
11:09:33.802 INFO  PairHMM - Using the OpenMP multi-threaded AVX-accelerated native PairHMM implementation
11:09:33.874 INFO  ProgressMeter - Starting traversal
11:09:33.875 INFO  ProgressMeter -        Current Locus  Elapsed Minutes     Regions Processed   Regions/Minute
11:09:43.781 INFO  HaplotypeCaller - 324403 read(s) filtered by: ((((((((MappingQualityReadFilter AND MappingQualityAvailableReadFilter) AND MappedReadFilter) AND NotSecondaryAlignmentReadFilter) AND NotDuplicateReadFilter) AND PassesVendorQualityCheckReadFilter) AND NonZeroReferenceLengthAlignmentReadFilter) AND GoodCigarReadFilter) AND WellformedReadFilter)
  324403 read(s) filtered by: (((((((MappingQualityReadFilter AND MappingQualityAvailableReadFilter) AND MappedReadFilter) AND NotSecondaryAlignmentReadFilter) AND NotDuplicateReadFilter) AND PassesVendorQualityCheckReadFilter) AND NonZeroReferenceLengthAlignmentReadFilter) AND GoodCigarReadFilter)
      324403 read(s) filtered by: ((((((MappingQualityReadFilter AND MappingQualityAvailableReadFilter) AND MappedReadFilter) AND NotSecondaryAlignmentReadFilter) AND NotDuplicateReadFilter) AND PassesVendorQualityCheckReadFilter) AND NonZeroReferenceLengthAlignmentReadFilter)
          324403 read(s) filtered by: (((((MappingQualityReadFilter AND MappingQualityAvailableReadFilter) AND MappedReadFilter) AND NotSecondaryAlignmentReadFilter) AND NotDuplicateReadFilter) AND PassesVendorQualityCheckReadFilter)
              324403 read(s) filtered by: ((((MappingQualityReadFilter AND MappingQualityAvailableReadFilter) AND MappedReadFilter) AND NotSecondaryAlignmentReadFilter) AND NotDuplicateReadFilter)
                  98 read(s) filtered by: (((MappingQualityReadFilter AND MappingQualityAvailableReadFilter) AND MappedReadFilter) AND NotSecondaryAlignmentReadFilter)
                      98 read(s) filtered by: ((MappingQualityReadFilter AND MappingQualityAvailableReadFilter) AND MappedReadFilter)
                          98 read(s) filtered by: (MappingQualityReadFilter AND MappingQualityAvailableReadFilter)
                              98 read(s) filtered by: MappingQualityReadFilter 
                  324305 read(s) filtered by: NotDuplicateReadFilter 

11:09:43.781 INFO  ProgressMeter -         SpMBP20.1:69              0.2                    22            133.3
11:09:43.781 INFO  ProgressMeter - Traversal complete. Processed 22 total regions in 0.2 minutes.
11:09:43.801 INFO  VectorLoglessPairHMM - Time spent in setup for JNI call : 0.042889099
11:09:43.802 INFO  PairHMM - Total compute time in PairHMM computeLogLikelihoods() : 1.149128173
11:09:43.802 INFO  SmithWatermanAligner - Total compute time in java Smith-Waterman : 2.11 sec
11:09:43.802 INFO  HaplotypeCaller - Shutting down engine
[May 26, 2020 11:09:43 AM PDT] org.broadinstitute.hellbender.tools.walkers.haplotypecaller.HaplotypeCaller done. Elapsed time: 0.19 minutes.
Runtime.totalMemory()=2457862144
