Sourcing executables from speedseq.config ...
Aligning...
samblaster: Version 0.1.22
samblaster: Inputting from stdin
samblaster: Outputting to stdout
samblaster: Opening D2.6o8NMIqVqceN/disc_pipe for write.
[M::bwa_idx_load_from_disk] read 0 ALT contigs
samblaster: Opening D2.6o8NMIqVqceN/spl_pipe for write.
[M::process] read 67568 sequences (10000064 bp)...
[M::process] read 67568 sequences (10000064 bp)...
[M::mem_pestat] # candidate unique pairs for (FF, FR, RF, RR): (360, 0, 0, 19)
[M::mem_pestat] analyzing insert size distribution for orientation FF...
[M::mem_pestat] (25, 50, 75) percentile: (1, 3, 6)
[M::mem_pestat] low and high boundaries for computing mean and std.dev: (1, 16)
[M::mem_pestat] mean and std.dev: (3.66, 2.93)
[M::mem_pestat] low and high boundaries for proper pairs: (1, 21)
[M::mem_pestat] skip orientation FR as there are not enough pairs
[M::mem_pestat] skip orientation RF as there are not enough pairs
[M::mem_pestat] analyzing insert size distribution for orientation RR...
[M::mem_pestat] (25, 50, 75) percentile: (2, 2, 2)
[M::mem_pestat] low and high boundaries for computing mean and std.dev: (2, 2)
[M::mem_pestat] mean and std.dev: (2.00, 0.00)
[M::mem_pestat] low and high boundaries for proper pairs: (2, 2)
[M::mem_process_seqs] Processed 67568 reads in 9.282 CPU sec, 9.144 real sec
samblaster: Loaded 12 header sequence entries.
[M::process] read 67568 sequences (10000064 bp)...
[M::mem_pestat] # candidate unique pairs for (FF, FR, RF, RR): (352, 0, 0, 17)
[M::mem_pestat] analyzing insert size distribution for orientation FF...
[M::mem_pestat] (25, 50, 75) percentile: (1, 3, 6)
[M::mem_pestat] low and high boundaries for computing mean and std.dev: (1, 16)
[M::mem_pestat] mean and std.dev: (3.74, 2.96)
[M::mem_pestat] low and high boundaries for proper pairs: (1, 21)
[M::mem_pestat] skip orientation FR as there are not enough pairs
[M::mem_pestat] skip orientation RF as there are not enough pairs
[M::mem_pestat] analyzing insert size distribution for orientation RR...
[M::mem_pestat] (25, 50, 75) percentile: (2, 2, 2)
[M::mem_pestat] low and high boundaries for computing mean and std.dev: (2, 2)
[M::mem_pestat] mean and std.dev: (2.00, 0.00)
[M::mem_pestat] low and high boundaries for proper pairs: (2, 2)
[M::mem_pestat] skip orientation RR
[M::mem_process_seqs] Processed 67568 reads in 6.905 CPU sec, 6.810 real sec
[M::process] read 67568 sequences (10000064 bp)...
[M::mem_pestat] # candidate unique pairs for (FF, FR, RF, RR): (370, 0, 0, 17)
[M::mem_pestat] analyzing insert size distribution for orientation FF...
[M::mem_pestat] (25, 50, 75) percentile: (1, 4, 6)
[M::mem_pestat] low and high boundaries for computing mean and std.dev: (1, 16)
[M::mem_pestat] mean and std.dev: (3.72, 2.93)
[M::mem_pestat] low and high boundaries for proper pairs: (1, 21)
[M::mem_pestat] skip orientation FR as there are not enough pairs
[M::mem_pestat] skip orientation RF as there are not enough pairs
[M::mem_pestat] analyzing insert size distribution for orientation RR...
[M::mem_pestat] (25, 50, 75) percentile: (2, 2, 2)
[M::mem_pestat] low and high boundaries for computing mean and std.dev: (2, 2)
[M::mem_pestat] mean and std.dev: (2.00, 0.00)
[M::mem_pestat] low and high boundaries for proper pairs: (2, 2)
[M::mem_pestat] skip orientation RR
[M::mem_process_seqs] Processed 67568 reads in 6.944 CPU sec, 6.817 real sec
[M::process] read 67568 sequences (10000064 bp)...
[M::mem_pestat] # candidate unique pairs for (FF, FR, RF, RR): (369, 0, 0, 17)
[M::mem_pestat] analyzing insert size distribution for orientation FF...
[M::mem_pestat] (25, 50, 75) percentile: (1, 4, 6)
[M::mem_pestat] low and high boundaries for computing mean and std.dev: (1, 16)
[M::mem_pestat] mean and std.dev: (3.95, 2.89)
[M::mem_pestat] low and high boundaries for proper pairs: (1, 21)
[M::mem_pestat] skip orientation FR as there are not enough pairs
[M::mem_pestat] skip orientation RF as there are not enough pairs
[M::mem_pestat] analyzing insert size distribution for orientation RR...
[M::mem_pestat] (25, 50, 75) percentile: (2, 2, 2)
[M::mem_pestat] low and high boundaries for computing mean and std.dev: (2, 2)
[M::mem_pestat] mean and std.dev: (2.00, 0.00)
[M::mem_pestat] low and high boundaries for proper pairs: (2, 2)
[M::mem_pestat] skip orientation RR
[M::mem_process_seqs] Processed 67568 reads in 6.908 CPU sec, 6.811 real sec
[M::process] read 67568 sequences (10000064 bp)...
[M::mem_pestat] # candidate unique pairs for (FF, FR, RF, RR): (380, 0, 0, 23)
[M::mem_pestat] analyzing insert size distribution for orientation FF...
[M::mem_pestat] (25, 50, 75) percentile: (1, 3, 6)
[M::mem_pestat] low and high boundaries for computing mean and std.dev: (1, 16)
[M::mem_pestat] mean and std.dev: (3.87, 3.03)
[M::mem_pestat] low and high boundaries for proper pairs: (1, 21)
[M::mem_pestat] skip orientation FR as there are not enough pairs
[M::mem_pestat] skip orientation RF as there are not enough pairs
[M::mem_pestat] analyzing insert size distribution for orientation RR...
[M::mem_pestat] (25, 50, 75) percentile: (2, 2, 2)
[M::mem_pestat] low and high boundaries for computing mean and std.dev: (2, 2)
[M::mem_pestat] mean and std.dev: (2.00, 0.00)
[M::mem_pestat] low and high boundaries for proper pairs: (2, 2)
[M::mem_process_seqs] Processed 67568 reads in 9.615 CPU sec, 9.488 real sec
[M::process] read 25270 sequences (3739960 bp)...
[M::mem_pestat] # candidate unique pairs for (FF, FR, RF, RR): (342, 0, 0, 20)
[M::mem_pestat] analyzing insert size distribution for orientation FF...
[M::mem_pestat] (25, 50, 75) percentile: (1, 4, 6)
[M::mem_pestat] low and high boundaries for computing mean and std.dev: (1, 16)
[M::mem_pestat] mean and std.dev: (3.76, 2.62)
[M::mem_pestat] low and high boundaries for proper pairs: (1, 21)
[M::mem_pestat] skip orientation FR as there are not enough pairs
[M::mem_pestat] skip orientation RF as there are not enough pairs
[M::mem_pestat] analyzing insert size distribution for orientation RR...
[M::mem_pestat] (25, 50, 75) percentile: (2, 2, 2)
[M::mem_pestat] low and high boundaries for computing mean and std.dev: (2, 2)
[M::mem_pestat] mean and std.dev: (2.00, 0.00)
[M::mem_pestat] low and high boundaries for proper pairs: (2, 2)
[M::mem_process_seqs] Processed 67568 reads in 9.542 CPU sec, 9.516 real sec
[M::mem_pestat] # candidate unique pairs for (FF, FR, RF, RR): (153, 0, 0, 10)
[M::mem_pestat] analyzing insert size distribution for orientation FF...
[M::mem_pestat] (25, 50, 75) percentile: (1, 3, 6)
[M::mem_pestat] low and high boundaries for computing mean and std.dev: (1, 16)
[M::mem_pestat] mean and std.dev: (3.80, 3.10)
[M::mem_pestat] low and high boundaries for proper pairs: (1, 21)
[M::mem_pestat] skip orientation FR as there are not enough pairs
[M::mem_pestat] skip orientation RF as there are not enough pairs
[M::mem_pestat] analyzing insert size distribution for orientation RR...
[M::mem_pestat] (25, 50, 75) percentile: (2, 2, 2)
[M::mem_pestat] low and high boundaries for computing mean and std.dev: (2, 2)
[M::mem_pestat] mean and std.dev: (2.00, 0.00)
[M::mem_pestat] low and high boundaries for proper pairs: (2, 2)
[M::mem_process_seqs] Processed 25270 reads in 3.759 CPU sec, 3.755 real sec
[main] Version: 0.7.12-r1039
[main] CMD: /opt/linux/centos/7.x/x86_64/pkgs/bwa/0.7.12/bin/bwa mem -t 1 -R @RG\tID:D2\tSM:D2\tLB:Lib\ References.fasta ExternalData/D2_pair1.fastq ExternalData/D2_pair2.fastq
[main] Real time: 52.760 sec; CPU: 53.072 sec
samblaster: Output 125 discordant read pairs to D2.6o8NMIqVqceN/disc_pipe
samblaster: Output 12 split reads to D2.6o8NMIqVqceN/spl_pipe
samblaster: Marked 213617 of 215339 (99.20%) read ids as duplicates using 1340k memory in 0.904S CPU seconds and 53S wall time.
Done
Using GATK jar /bigdata/operations/pkgadmin/opt/linux/centos/7.x/x86_64/pkgs/gatk/4.0.8.1/gatk-package-4.0.8.1-local.jar
Running:
    java -Dsamjdk.use_async_io_read_samtools=false -Dsamjdk.use_async_io_write_samtools=true -Dsamjdk.use_async_io_write_tribble=false -Dsamjdk.compression_level=2 -jar /bigdata/operations/pkgadmin/opt/linux/centos/7.x/x86_64/pkgs/gatk/4.0.8.1/gatk-package-4.0.8.1-local.jar HaplotypeCaller -R References.fasta -I results/D2.bam -O results/D2.g.vcf -ERC GVCF
11:09:50.769 INFO  NativeLibraryLoader - Loading libgkl_compression.so from jar:file:/bigdata/operations/pkgadmin/opt/linux/centos/7.x/x86_64/pkgs/gatk/4.0.8.1/gatk-package-4.0.8.1-local.jar!/com/intel/gkl/native/libgkl_compression.so
11:09:51.087 INFO  HaplotypeCaller - ------------------------------------------------------------
11:09:51.089 INFO  HaplotypeCaller - The Genome Analysis Toolkit (GATK) v4.0.8.1
11:09:51.090 INFO  HaplotypeCaller - For support and documentation go to https://software.broadinstitute.org/gatk/
11:09:51.091 INFO  HaplotypeCaller - Executing as arajewski@i05 on Linux v3.10.0-957.el7.x86_64 amd64
11:09:51.091 INFO  HaplotypeCaller - Java runtime: Java HotSpot(TM) 64-Bit Server VM v1.8.0_45-b14
11:09:51.091 INFO  HaplotypeCaller - Start Date/Time: May 26, 2020 11:09:50 AM PDT
11:09:51.091 INFO  HaplotypeCaller - ------------------------------------------------------------
11:09:51.092 INFO  HaplotypeCaller - ------------------------------------------------------------
11:09:51.092 INFO  HaplotypeCaller - HTSJDK Version: 2.16.0
11:09:51.092 INFO  HaplotypeCaller - Picard Version: 2.18.7
11:09:51.092 INFO  HaplotypeCaller - HTSJDK Defaults.COMPRESSION_LEVEL : 2
11:09:51.092 INFO  HaplotypeCaller - HTSJDK Defaults.USE_ASYNC_IO_READ_FOR_SAMTOOLS : false
11:09:51.092 INFO  HaplotypeCaller - HTSJDK Defaults.USE_ASYNC_IO_WRITE_FOR_SAMTOOLS : true
11:09:51.093 INFO  HaplotypeCaller - HTSJDK Defaults.USE_ASYNC_IO_WRITE_FOR_TRIBBLE : false
11:09:51.093 INFO  HaplotypeCaller - Deflater: IntelDeflater
11:09:51.093 INFO  HaplotypeCaller - Inflater: IntelInflater
11:09:51.093 INFO  HaplotypeCaller - GCS max retries/reopens: 20
11:09:51.093 INFO  HaplotypeCaller - Using google-cloud-java fork https://github.com/broadinstitute/google-cloud-java/releases/tag/0.20.5-alpha-GCS-RETRY-FIX
11:09:51.093 INFO  HaplotypeCaller - Initializing engine
11:09:52.178 INFO  HaplotypeCaller - Done initializing engine
11:09:52.188 INFO  HaplotypeCallerEngine - Tool is in reference confidence mode and the annotation, the following changes will be made to any specified annotations: 'StrandBiasBySample' will be enabled. 'ChromosomeCounts', 'FisherStrand', 'StrandOddsRatio' and 'QualByDepth' annotations have been disabled
11:09:52.194 INFO  HaplotypeCallerEngine - Standard Emitting and Calling confidence set to 0.0 for reference-model confidence output
11:09:52.194 INFO  HaplotypeCallerEngine - All sites annotated with PLs forced to true for reference-model confidence output
11:09:52.210 INFO  NativeLibraryLoader - Loading libgkl_utils.so from jar:file:/bigdata/operations/pkgadmin/opt/linux/centos/7.x/x86_64/pkgs/gatk/4.0.8.1/gatk-package-4.0.8.1-local.jar!/com/intel/gkl/native/libgkl_utils.so
11:09:52.212 INFO  NativeLibraryLoader - Loading libgkl_pairhmm_omp.so from jar:file:/bigdata/operations/pkgadmin/opt/linux/centos/7.x/x86_64/pkgs/gatk/4.0.8.1/gatk-package-4.0.8.1-local.jar!/com/intel/gkl/native/libgkl_pairhmm_omp.so
11:09:52.256 WARN  IntelPairHmm - Flush-to-zero (FTZ) is enabled when running PairHMM
11:09:52.257 INFO  IntelPairHmm - Available threads: 2
11:09:52.257 INFO  IntelPairHmm - Requested threads: 4
11:09:52.257 WARN  IntelPairHmm - Using 2 available threads, but 4 were requested
11:09:52.257 INFO  PairHMM - Using the OpenMP multi-threaded AVX-accelerated native PairHMM implementation
11:09:52.337 INFO  ProgressMeter - Starting traversal
11:09:52.338 INFO  ProgressMeter -        Current Locus  Elapsed Minutes     Regions Processed   Regions/Minute
11:10:04.871 INFO  HaplotypeCaller - 427263 read(s) filtered by: ((((((((MappingQualityReadFilter AND MappingQualityAvailableReadFilter) AND MappedReadFilter) AND NotSecondaryAlignmentReadFilter) AND NotDuplicateReadFilter) AND PassesVendorQualityCheckReadFilter) AND NonZeroReferenceLengthAlignmentReadFilter) AND GoodCigarReadFilter) AND WellformedReadFilter)
  427263 read(s) filtered by: (((((((MappingQualityReadFilter AND MappingQualityAvailableReadFilter) AND MappedReadFilter) AND NotSecondaryAlignmentReadFilter) AND NotDuplicateReadFilter) AND PassesVendorQualityCheckReadFilter) AND NonZeroReferenceLengthAlignmentReadFilter) AND GoodCigarReadFilter)
      427263 read(s) filtered by: ((((((MappingQualityReadFilter AND MappingQualityAvailableReadFilter) AND MappedReadFilter) AND NotSecondaryAlignmentReadFilter) AND NotDuplicateReadFilter) AND PassesVendorQualityCheckReadFilter) AND NonZeroReferenceLengthAlignmentReadFilter)
          427263 read(s) filtered by: (((((MappingQualityReadFilter AND MappingQualityAvailableReadFilter) AND MappedReadFilter) AND NotSecondaryAlignmentReadFilter) AND NotDuplicateReadFilter) AND PassesVendorQualityCheckReadFilter)
              427263 read(s) filtered by: ((((MappingQualityReadFilter AND MappingQualityAvailableReadFilter) AND MappedReadFilter) AND NotSecondaryAlignmentReadFilter) AND NotDuplicateReadFilter)
                  116 read(s) filtered by: (((MappingQualityReadFilter AND MappingQualityAvailableReadFilter) AND MappedReadFilter) AND NotSecondaryAlignmentReadFilter)
                      116 read(s) filtered by: ((MappingQualityReadFilter AND MappingQualityAvailableReadFilter) AND MappedReadFilter)
                          116 read(s) filtered by: (MappingQualityReadFilter AND MappingQualityAvailableReadFilter)
                              116 read(s) filtered by: MappingQualityReadFilter 
                  427147 read(s) filtered by: NotDuplicateReadFilter 

11:10:04.872 INFO  ProgressMeter -           SpFUL2:178              0.2                    27            129.3
11:10:04.872 INFO  ProgressMeter - Traversal complete. Processed 27 total regions in 0.2 minutes.
11:10:04.896 INFO  VectorLoglessPairHMM - Time spent in setup for JNI call : 0.029757703000000003
11:10:04.897 INFO  PairHMM - Total compute time in PairHMM computeLogLikelihoods() : 0.5287082120000001
11:10:04.897 INFO  SmithWatermanAligner - Total compute time in java Smith-Waterman : 3.16 sec
11:10:04.897 INFO  HaplotypeCaller - Shutting down engine
[May 26, 2020 11:10:04 AM PDT] org.broadinstitute.hellbender.tools.walkers.haplotypecaller.HaplotypeCaller done. Elapsed time: 0.24 minutes.
Runtime.totalMemory()=2796027904
