Sourcing executables from speedseq.config ...
Aligning...
samblaster: Version 0.1.22
samblaster: Inputting from stdin
samblaster: Outputting to stdout
samblaster: Opening H2.4psdZI1PBlpf/disc_pipe for write.
[M::bwa_idx_load_from_disk] read 0 ALT contigs
samblaster: Opening H2.4psdZI1PBlpf/spl_pipe for write.
[M::process] read 71516 sequences (10000019 bp)...
[M::process] read 71516 sequences (10000045 bp)...
[M::mem_pestat] # candidate unique pairs for (FF, FR, RF, RR): (0, 35092, 0, 0)
[M::mem_pestat] skip orientation FF as there are not enough pairs
[M::mem_pestat] analyzing insert size distribution for orientation FR...
[M::mem_pestat] (25, 50, 75) percentile: (121, 199, 200)
[M::mem_pestat] low and high boundaries for computing mean and std.dev: (1, 358)
[M::mem_pestat] mean and std.dev: (179.19, 37.90)
[M::mem_pestat] low and high boundaries for proper pairs: (1, 437)
[M::mem_pestat] skip orientation RF as there are not enough pairs
[M::mem_pestat] skip orientation RR as there are not enough pairs
[M::mem_process_seqs] Processed 71516 reads in 4.040 CPU sec, 3.816 real sec
samblaster: Loaded 12 header sequence entries.
[M::process] read 71430 sequences (10000006 bp)...
[M::mem_pestat] # candidate unique pairs for (FF, FR, RF, RR): (0, 35112, 3, 0)
[M::mem_pestat] skip orientation FF as there are not enough pairs
[M::mem_pestat] analyzing insert size distribution for orientation FR...
[M::mem_pestat] (25, 50, 75) percentile: (121, 199, 200)
[M::mem_pestat] low and high boundaries for computing mean and std.dev: (1, 358)
[M::mem_pestat] mean and std.dev: (178.67, 38.21)
[M::mem_pestat] low and high boundaries for proper pairs: (1, 437)
[M::mem_pestat] skip orientation RF as there are not enough pairs
[M::mem_pestat] skip orientation RR as there are not enough pairs
[M::mem_process_seqs] Processed 71516 reads in 4.527 CPU sec, 4.347 real sec
[M::process] read 71376 sequences (10000108 bp)...
[M::mem_pestat] # candidate unique pairs for (FF, FR, RF, RR): (0, 35168, 12, 0)
[M::mem_pestat] skip orientation FF as there are not enough pairs
[M::mem_pestat] analyzing insert size distribution for orientation FR...
[M::mem_pestat] (25, 50, 75) percentile: (121, 199, 200)
[M::mem_pestat] low and high boundaries for computing mean and std.dev: (1, 358)
[M::mem_pestat] mean and std.dev: (178.79, 38.66)
[M::mem_pestat] low and high boundaries for proper pairs: (1, 437)
[M::mem_pestat] analyzing insert size distribution for orientation RF...
[M::mem_pestat] (25, 50, 75) percentile: (161, 161, 161)
[M::mem_pestat] low and high boundaries for computing mean and std.dev: (161, 161)
[M::mem_pestat] mean and std.dev: (161.00, 0.00)
[M::mem_pestat] low and high boundaries for proper pairs: (161, 161)
[M::mem_pestat] skip orientation RR as there are not enough pairs
[M::mem_pestat] skip orientation RF
[M::mem_process_seqs] Processed 71430 reads in 4.427 CPU sec, 4.202 real sec
[M::process] read 36588 sequences (5129226 bp)...
[M::mem_pestat] # candidate unique pairs for (FF, FR, RF, RR): (0, 35268, 12, 0)
[M::mem_pestat] skip orientation FF as there are not enough pairs
[M::mem_pestat] analyzing insert size distribution for orientation FR...
[M::mem_pestat] (25, 50, 75) percentile: (121, 200, 200)
[M::mem_pestat] low and high boundaries for computing mean and std.dev: (1, 358)
[M::mem_pestat] mean and std.dev: (178.82, 39.33)
[M::mem_pestat] low and high boundaries for proper pairs: (1, 437)
[M::mem_pestat] analyzing insert size distribution for orientation RF...
[M::mem_pestat] (25, 50, 75) percentile: (161, 161, 161)
[M::mem_pestat] low and high boundaries for computing mean and std.dev: (161, 161)
[M::mem_pestat] mean and std.dev: (161.00, 0.00)
[M::mem_pestat] low and high boundaries for proper pairs: (161, 161)
[M::mem_pestat] skip orientation RR as there are not enough pairs
[M::mem_pestat] skip orientation RF
[M::mem_process_seqs] Processed 71376 reads in 3.992 CPU sec, 3.877 real sec
[M::mem_pestat] # candidate unique pairs for (FF, FR, RF, RR): (0, 18074, 12, 0)
[M::mem_pestat] skip orientation FF as there are not enough pairs
[M::mem_pestat] analyzing insert size distribution for orientation FR...
[M::mem_pestat] (25, 50, 75) percentile: (121, 200, 200)
[M::mem_pestat] low and high boundaries for computing mean and std.dev: (1, 358)
[M::mem_pestat] mean and std.dev: (179.16, 39.23)
[M::mem_pestat] low and high boundaries for proper pairs: (1, 437)
[M::mem_pestat] analyzing insert size distribution for orientation RF...
[M::mem_pestat] (25, 50, 75) percentile: (161, 161, 161)
[M::mem_pestat] low and high boundaries for computing mean and std.dev: (161, 161)
[M::mem_pestat] mean and std.dev: (161.00, 0.00)
[M::mem_pestat] low and high boundaries for proper pairs: (161, 161)
[M::mem_pestat] skip orientation RR as there are not enough pairs
[M::mem_pestat] skip orientation RF
[M::mem_process_seqs] Processed 36588 reads in 2.143 CPU sec, 2.128 real sec
[main] Version: 0.7.12-r1039
samblaster: Output 56 discordant read pairs to H2.4psdZI1PBlpf/disc_pipe
[main] CMD:samblaster: Output 34 split reads to H2.4psdZI1PBlpf/spl_pipe
 /opt/linux/centos/7.x/x86_64/pkgs/bwa/0.7.12/bin/bwa mem -t 1 -R @RG\tID:H2\tSM:H2\tLB:Lib\ References.fasta ExternalData/Pooled/Stacks/H2.1.fq.gz ExternalData/Pooled/Stacks/H2.2.fq.gzsamblaster: Marked 160044 of 161213 (99.27%) read ids as duplicates
[main] Real time: 18.769 sec; CPU: 19.323 sec
 using 1340k memory in 0.680S CPU seconds and 19S wall time.
Done
Using GATK jar /bigdata/operations/pkgadmin/opt/linux/centos/7.x/x86_64/pkgs/gatk/4.0.8.1/gatk-package-4.0.8.1-local.jar
Running:
    java -Dsamjdk.use_async_io_read_samtools=false -Dsamjdk.use_async_io_write_samtools=true -Dsamjdk.use_async_io_write_tribble=false -Dsamjdk.compression_level=2 -jar /bigdata/operations/pkgadmin/opt/linux/centos/7.x/x86_64/pkgs/gatk/4.0.8.1/gatk-package-4.0.8.1-local.jar HaplotypeCaller -R References.fasta -I results/H2.bam -O results/H2.g.vcf -ERC GVCF
15:11:11.747 INFO  NativeLibraryLoader - Loading libgkl_compression.so from jar:file:/bigdata/operations/pkgadmin/opt/linux/centos/7.x/x86_64/pkgs/gatk/4.0.8.1/gatk-package-4.0.8.1-local.jar!/com/intel/gkl/native/libgkl_compression.so
15:11:12.251 INFO  HaplotypeCaller - ------------------------------------------------------------
15:11:12.254 INFO  HaplotypeCaller - The Genome Analysis Toolkit (GATK) v4.0.8.1
15:11:12.254 INFO  HaplotypeCaller - For support and documentation go to https://software.broadinstitute.org/gatk/
15:11:12.256 INFO  HaplotypeCaller - Executing as arajewski@i05 on Linux v3.10.0-957.el7.x86_64 amd64
15:11:12.256 INFO  HaplotypeCaller - Java runtime: Java HotSpot(TM) 64-Bit Server VM v1.8.0_45-b14
15:11:12.256 INFO  HaplotypeCaller - Start Date/Time: May 26, 2020 3:11:11 PM PDT
15:11:12.256 INFO  HaplotypeCaller - ------------------------------------------------------------
15:11:12.256 INFO  HaplotypeCaller - ------------------------------------------------------------
15:11:12.257 INFO  HaplotypeCaller - HTSJDK Version: 2.16.0
15:11:12.257 INFO  HaplotypeCaller - Picard Version: 2.18.7
15:11:12.257 INFO  HaplotypeCaller - HTSJDK Defaults.COMPRESSION_LEVEL : 2
15:11:12.258 INFO  HaplotypeCaller - HTSJDK Defaults.USE_ASYNC_IO_READ_FOR_SAMTOOLS : false
15:11:12.258 INFO  HaplotypeCaller - HTSJDK Defaults.USE_ASYNC_IO_WRITE_FOR_SAMTOOLS : true
15:11:12.258 INFO  HaplotypeCaller - HTSJDK Defaults.USE_ASYNC_IO_WRITE_FOR_TRIBBLE : false
15:11:12.258 INFO  HaplotypeCaller - Deflater: IntelDeflater
15:11:12.258 INFO  HaplotypeCaller - Inflater: IntelInflater
15:11:12.258 INFO  HaplotypeCaller - GCS max retries/reopens: 20
15:11:12.258 INFO  HaplotypeCaller - Using google-cloud-java fork https://github.com/broadinstitute/google-cloud-java/releases/tag/0.20.5-alpha-GCS-RETRY-FIX
15:11:12.258 INFO  HaplotypeCaller - Initializing engine
15:11:13.315 INFO  HaplotypeCaller - Done initializing engine
15:11:13.321 INFO  HaplotypeCallerEngine - Tool is in reference confidence mode and the annotation, the following changes will be made to any specified annotations: 'StrandBiasBySample' will be enabled. 'ChromosomeCounts', 'FisherStrand', 'StrandOddsRatio' and 'QualByDepth' annotations have been disabled
15:11:13.327 INFO  HaplotypeCallerEngine - Standard Emitting and Calling confidence set to 0.0 for reference-model confidence output
15:11:13.327 INFO  HaplotypeCallerEngine - All sites annotated with PLs forced to true for reference-model confidence output
15:11:13.345 INFO  NativeLibraryLoader - Loading libgkl_utils.so from jar:file:/bigdata/operations/pkgadmin/opt/linux/centos/7.x/x86_64/pkgs/gatk/4.0.8.1/gatk-package-4.0.8.1-local.jar!/com/intel/gkl/native/libgkl_utils.so
15:11:13.348 INFO  NativeLibraryLoader - Loading libgkl_pairhmm_omp.so from jar:file:/bigdata/operations/pkgadmin/opt/linux/centos/7.x/x86_64/pkgs/gatk/4.0.8.1/gatk-package-4.0.8.1-local.jar!/com/intel/gkl/native/libgkl_pairhmm_omp.so
15:11:13.391 WARN  IntelPairHmm - Flush-to-zero (FTZ) is enabled when running PairHMM
15:11:13.392 INFO  IntelPairHmm - Available threads: 2
15:11:13.392 INFO  IntelPairHmm - Requested threads: 4
15:11:13.392 WARN  IntelPairHmm - Using 2 available threads, but 4 were requested
15:11:13.392 INFO  PairHMM - Using the OpenMP multi-threaded AVX-accelerated native PairHMM implementation
15:11:13.453 INFO  ProgressMeter - Starting traversal
15:11:13.454 INFO  ProgressMeter -        Current Locus  Elapsed Minutes     Regions Processed   Regions/Minute
15:11:24.443 INFO  ProgressMeter -            NoMBP10:1              0.2                    10             54.7
15:11:31.045 INFO  HaplotypeCaller - 320153 read(s) filtered by: ((((((((MappingQualityReadFilter AND MappingQualityAvailableReadFilter) AND MappedReadFilter) AND NotSecondaryAlignmentReadFilter) AND NotDuplicateReadFilter) AND PassesVendorQualityCheckReadFilter) AND NonZeroReferenceLengthAlignmentReadFilter) AND GoodCigarReadFilter) AND WellformedReadFilter)
  320153 read(s) filtered by: (((((((MappingQualityReadFilter AND MappingQualityAvailableReadFilter) AND MappedReadFilter) AND NotSecondaryAlignmentReadFilter) AND NotDuplicateReadFilter) AND PassesVendorQualityCheckReadFilter) AND NonZeroReferenceLengthAlignmentReadFilter) AND GoodCigarReadFilter)
      320153 read(s) filtered by: ((((((MappingQualityReadFilter AND MappingQualityAvailableReadFilter) AND MappedReadFilter) AND NotSecondaryAlignmentReadFilter) AND NotDuplicateReadFilter) AND PassesVendorQualityCheckReadFilter) AND NonZeroReferenceLengthAlignmentReadFilter)
          320153 read(s) filtered by: (((((MappingQualityReadFilter AND MappingQualityAvailableReadFilter) AND MappedReadFilter) AND NotSecondaryAlignmentReadFilter) AND NotDuplicateReadFilter) AND PassesVendorQualityCheckReadFilter)
              320153 read(s) filtered by: ((((MappingQualityReadFilter AND MappingQualityAvailableReadFilter) AND MappedReadFilter) AND NotSecondaryAlignmentReadFilter) AND NotDuplicateReadFilter)
                  513 read(s) filtered by: (((MappingQualityReadFilter AND MappingQualityAvailableReadFilter) AND MappedReadFilter) AND NotSecondaryAlignmentReadFilter)
                      513 read(s) filtered by: ((MappingQualityReadFilter AND MappingQualityAvailableReadFilter) AND MappedReadFilter)
                          513 read(s) filtered by: (MappingQualityReadFilter AND MappingQualityAvailableReadFilter)
                              513 read(s) filtered by: MappingQualityReadFilter 
                  319640 read(s) filtered by: NotDuplicateReadFilter 

15:11:31.045 INFO  ProgressMeter -          SpMBP20.1:1              0.3                    25             85.3
15:11:31.045 INFO  ProgressMeter - Traversal complete. Processed 25 total regions in 0.3 minutes.
15:11:31.088 INFO  VectorLoglessPairHMM - Time spent in setup for JNI call : 0.0056683540000000004
15:11:31.088 INFO  PairHMM - Total compute time in PairHMM computeLogLikelihoods() : 3.998317858
15:11:31.089 INFO  SmithWatermanAligner - Total compute time in java Smith-Waterman : 2.74 sec
15:11:31.090 INFO  HaplotypeCaller - Shutting down engine
[May 26, 2020 3:11:31 PM PDT] org.broadinstitute.hellbender.tools.walkers.haplotypecaller.HaplotypeCaller done. Elapsed time: 0.32 minutes.
Runtime.totalMemory()=2645032960
