Sourcing executables from speedseq.config ...
Aligning...
samblaster: Version 0.1.22
samblaster: Inputting from stdin
samblaster: Outputting to stdout
samblaster: Opening C10.tj2nnrzc84mz/disc_pipe for write.
[M::bwa_idx_load_from_disk] read 0 ALT contigs
samblaster: Opening C10.tj2nnrzc84mz/spl_pipe for write.
[M::process] read 74080 sequences (10000282 bp)...
[M::process] read 74038 sequences (10000077 bp)...
[M::mem_pestat] # candidate unique pairs for (FF, FR, RF, RR): (0, 36942, 0, 0)
[M::mem_pestat] skip orientation FF as there are not enough pairs
[M::mem_pestat] analyzing insert size distribution for orientation FR...
[M::mem_pestat] (25, 50, 75) percentile: (121, 121, 200)
[M::mem_pestat] low and high boundaries for computing mean and std.dev: (1, 358)
[M::mem_pestat] mean and std.dev: (162.51, 45.37)
[M::mem_pestat] low and high boundaries for proper pairs: (1, 437)
[M::mem_pestat] skip orientation RF as there are not enough pairs
[M::mem_pestat] skip orientation RR as there are not enough pairs
[M::mem_process_seqs] Processed 74080 reads in 3.249 CPU sec, 3.061 real sec
samblaster: Loaded 12 header sequence entries.
[M::process] read 74060 sequences (10000152 bp)...
[M::mem_pestat] # candidate unique pairs for (FF, FR, RF, RR): (0, 36953, 0, 0)
[M::mem_pestat] skip orientation FF as there are not enough pairs
[M::mem_pestat] analyzing insert size distribution for orientation FR...
[M::mem_pestat] (25, 50, 75) percentile: (121, 121, 200)
[M::mem_pestat] low and high boundaries for computing mean and std.dev: (1, 358)
[M::mem_pestat] mean and std.dev: (162.75, 45.30)
[M::mem_pestat] low and high boundaries for proper pairs: (1, 437)
[M::mem_pestat] skip orientation RF as there are not enough pairs
[M::mem_pestat] skip orientation RR as there are not enough pairs
[M::mem_process_seqs] Processed 74038 reads in 3.620 CPU sec, 3.380 real sec
[M::process] read 68794 sequences (9280587 bp)...
[M::mem_pestat] # candidate unique pairs for (FF, FR, RF, RR): (0, 36993, 0, 0)
[M::mem_pestat] skip orientation FF as there are not enough pairs
[M::mem_pestat] analyzing insert size distribution for orientation FR...
[M::mem_pestat] (25, 50, 75) percentile: (121, 121, 200)
[M::mem_pestat] low and high boundaries for computing mean and std.dev: (1, 358)
[M::mem_pestat] mean and std.dev: (162.69, 45.34)
[M::mem_pestat] low and high boundaries for proper pairs: (1, 437)
[M::mem_pestat] skip orientation RF as there are not enough pairs
[M::mem_pestat] skip orientation RR as there are not enough pairs
[M::mem_process_seqs] Processed 74060 reads in 3.634 CPU sec, 3.394 real sec
[M::mem_pestat] # candidate unique pairs for (FF, FR, RF, RR): (0, 34359, 0, 0)
[M::mem_pestat] skip orientation FF as there are not enough pairs
[M::mem_pestat] analyzing insert size distribution for orientation FR...
[M::mem_pestat] (25, 50, 75) percentile: (121, 121, 200)
[M::mem_pestat] low and high boundaries for computing mean and std.dev: (1, 358)
[M::mem_pestat] mean and std.dev: (162.22, 45.29)
[M::mem_pestat] low and high boundaries for proper pairs: (1, 437)
[M::mem_pestat] skip orientation RF as there are not enough pairs
[M::mem_pestat] skip orientation RR as there are not enough pairs
[M::mem_process_seqs] Processed 68794 reads in 3.148 CPU sec, 3.076 real sec
samblaster: Output 12 discordant read pairs to C10.tj2nnrzc84mz/disc_pipe
[main] Version: 0.7.12-r1039
samblaster: Output 28 split reads to C10.tj2nnrzc84mz/spl_pipe
[main] CMD: /opt/linux/centos/7.x/x86_64/pkgs/bwa/0.7.12/bin/bwa mem -t 1 -R @RG\tID:C10\tSM:C10\tLB:Lib\ References.fasta ExternalData/Flowcell_1304/Pooled/Stacks/C10.1.fq.gzsamblaster: Marked 145312 of 145486 (99.88%) read ids as duplicates ExternalData/Flowcell_1304/Pooled/Stacks/C10.2.fq.gz using 1344k memory in 
[main] Real time: 13.445 sec; CPU: 13.861 sec
0.560S CPU seconds and 13S wall time.
Done
