Sourcing executables from speedseq.config ...
Aligning...
samblaster: Version 0.1.22
samblaster: Inputting from stdin
samblaster: Outputting to stdout
samblaster: Opening E4.wm9lQUbKIsAE/disc_pipe for write.
[M::bwa_idx_load_from_disk] read 0 ALT contigs
samblaster: Opening E4.wm9lQUbKIsAE/spl_pipe for write.
[M::process] read 68572 sequences (10000094 bp)...
[M::process] read 68532 sequences (10000112 bp)...
[M::mem_pestat] # candidate unique pairs for (FF, FR, RF, RR): (0, 33430, 0, 0)
[M::mem_pestat] skip orientation FF as there are not enough pairs
[M::mem_pestat] analyzing insert size distribution for orientation FR...
[M::mem_pestat] (25, 50, 75) percentile: (199, 210, 210)
[M::mem_pestat] low and high boundaries for computing mean and std.dev: (177, 232)
[M::mem_pestat] mean and std.dev: (205.32, 12.00)
[M::mem_pestat] low and high boundaries for proper pairs: (157, 243)
[M::mem_pestat] skip orientation RF as there are not enough pairs
[M::mem_pestat] skip orientation RR as there are not enough pairs
[M::mem_process_seqs] Processed 68572 reads in 5.064 CPU sec, 4.843 real sec
samblaster: Loaded 12 header sequence entries.
[M::process] read 68536 sequences (10000113 bp)...
[M::mem_pestat] # candidate unique pairs for (FF, FR, RF, RR): (0, 33469, 1, 0)
[M::mem_pestat] skip orientation FF as there are not enough pairs
[M::mem_pestat] analyzing insert size distribution for orientation FR...
[M::mem_pestat] (25, 50, 75) percentile: (197, 210, 210)
[M::mem_pestat] low and high boundaries for computing mean and std.dev: (171, 236)
[M::mem_pestat] mean and std.dev: (204.88, 12.15)
[M::mem_pestat] low and high boundaries for proper pairs: (156, 249)
[M::mem_pestat] skip orientation RF as there are not enough pairs
[M::mem_pestat] skip orientation RR as there are not enough pairs
[M::mem_process_seqs] Processed 68532 reads in 5.468 CPU sec, 5.284 real sec
[M::process] read 39142 sequences (5717472 bp)...
[M::mem_pestat] # candidate unique pairs for (FF, FR, RF, RR): (0, 33592, 0, 0)
[M::mem_pestat] skip orientation FF as there are not enough pairs
[M::mem_pestat] analyzing insert size distribution for orientation FR...
[M::mem_pestat] (25, 50, 75) percentile: (199, 210, 210)
[M::mem_pestat] low and high boundaries for computing mean and std.dev: (177, 232)
[M::mem_pestat] mean and std.dev: (205.28, 11.99)
[M::mem_pestat] low and high boundaries for proper pairs: (157, 243)
[M::mem_pestat] skip orientation RF as there are not enough pairs
[M::mem_pestat] skip orientation RR as there are not enough pairs
[M::mem_process_seqs] Processed 68536 reads in 5.092 CPU sec, 4.964 real sec
[M::mem_pestat] # candidate unique pairs for (FF, FR, RF, RR): (0, 19212, 0, 0)
[M::mem_pestat] skip orientation FF as there are not enough pairs
[M::mem_pestat] analyzing insert size distribution for orientation FR...
[M::mem_pestat] (25, 50, 75) percentile: (199, 210, 210)
[M::mem_pestat] low and high boundaries for computing mean and std.dev: (177, 232)
[M::mem_pestat] mean and std.dev: (205.51, 12.03)
[M::mem_pestat] low and high boundaries for proper pairs: (157, 243)
[M::mem_pestat] skip orientation RF as there are not enough pairs
[M::mem_pestat] skip orientation RR as there are not enough pairs
[M::mem_process_seqs] Processed 39142 reads in 2.932 CPU sec, 2.875 real sec
samblaster: Output 89 discordant read pairs to E4.wm9lQUbKIsAE/disc_pipe
[main] Version: 0.7.12-r1039
samblaster: Output 6 split reads to E4.wm9lQUbKIsAE/spl_pipe
[main] CMD: /opt/linux/centos/7.x/x86_64/pkgs/bwa/0.7.12/bin/bwa mem -t 1 -R @RG\tID:E4\tSM:E4\tLB:Lib\ References.fasta ExternalData/Pooled/Stacks/E4.1.fq.gzsamblaster: Marked 121346 of 122391 (99.15%) read ids as duplicates ExternalData/Pooled/Stacks/E4.2.fq.gz using 1344k memory in 
[main] Real time: 18.386 sec; CPU: 18.760 sec
0.483S CPU seconds and 19S wall time.
Done
Using GATK jar /bigdata/operations/pkgadmin/opt/linux/centos/7.x/x86_64/pkgs/gatk/4.0.8.1/gatk-package-4.0.8.1-local.jar
Running:
    java -Dsamjdk.use_async_io_read_samtools=false -Dsamjdk.use_async_io_write_samtools=true -Dsamjdk.use_async_io_write_tribble=false -Dsamjdk.compression_level=2 -jar /bigdata/operations/pkgadmin/opt/linux/centos/7.x/x86_64/pkgs/gatk/4.0.8.1/gatk-package-4.0.8.1-local.jar HaplotypeCaller -R References.fasta -I results/E4.bam -O results/E4.g.vcf -ERC GVCF
15:11:09.569 INFO  NativeLibraryLoader - Loading libgkl_compression.so from jar:file:/bigdata/operations/pkgadmin/opt/linux/centos/7.x/x86_64/pkgs/gatk/4.0.8.1/gatk-package-4.0.8.1-local.jar!/com/intel/gkl/native/libgkl_compression.so
15:11:10.615 INFO  HaplotypeCaller - ------------------------------------------------------------
15:11:10.618 INFO  HaplotypeCaller - The Genome Analysis Toolkit (GATK) v4.0.8.1
15:11:10.618 INFO  HaplotypeCaller - For support and documentation go to https://software.broadinstitute.org/gatk/
15:11:10.620 INFO  HaplotypeCaller - Executing as arajewski@i08 on Linux v3.10.0-957.el7.x86_64 amd64
15:11:10.620 INFO  HaplotypeCaller - Java runtime: Java HotSpot(TM) 64-Bit Server VM v1.8.0_45-b14
15:11:10.620 INFO  HaplotypeCaller - Start Date/Time: May 26, 2020 3:11:09 PM PDT
15:11:10.620 INFO  HaplotypeCaller - ------------------------------------------------------------
15:11:10.620 INFO  HaplotypeCaller - ------------------------------------------------------------
15:11:10.621 INFO  HaplotypeCaller - HTSJDK Version: 2.16.0
15:11:10.621 INFO  HaplotypeCaller - Picard Version: 2.18.7
15:11:10.621 INFO  HaplotypeCaller - HTSJDK Defaults.COMPRESSION_LEVEL : 2
15:11:10.621 INFO  HaplotypeCaller - HTSJDK Defaults.USE_ASYNC_IO_READ_FOR_SAMTOOLS : false
15:11:10.621 INFO  HaplotypeCaller - HTSJDK Defaults.USE_ASYNC_IO_WRITE_FOR_SAMTOOLS : true
15:11:10.622 INFO  HaplotypeCaller - HTSJDK Defaults.USE_ASYNC_IO_WRITE_FOR_TRIBBLE : false
15:11:10.622 INFO  HaplotypeCaller - Deflater: IntelDeflater
15:11:10.622 INFO  HaplotypeCaller - Inflater: IntelInflater
15:11:10.622 INFO  HaplotypeCaller - GCS max retries/reopens: 20
15:11:10.622 INFO  HaplotypeCaller - Using google-cloud-java fork https://github.com/broadinstitute/google-cloud-java/releases/tag/0.20.5-alpha-GCS-RETRY-FIX
15:11:10.627 INFO  HaplotypeCaller - Initializing engine
15:11:11.209 INFO  HaplotypeCaller - Done initializing engine
15:11:11.216 INFO  HaplotypeCallerEngine - Tool is in reference confidence mode and the annotation, the following changes will be made to any specified annotations: 'StrandBiasBySample' will be enabled. 'ChromosomeCounts', 'FisherStrand', 'StrandOddsRatio' and 'QualByDepth' annotations have been disabled
15:11:11.223 INFO  HaplotypeCallerEngine - Standard Emitting and Calling confidence set to 0.0 for reference-model confidence output
15:11:11.223 INFO  HaplotypeCallerEngine - All sites annotated with PLs forced to true for reference-model confidence output
15:11:11.245 INFO  NativeLibraryLoader - Loading libgkl_utils.so from jar:file:/bigdata/operations/pkgadmin/opt/linux/centos/7.x/x86_64/pkgs/gatk/4.0.8.1/gatk-package-4.0.8.1-local.jar!/com/intel/gkl/native/libgkl_utils.so
15:11:11.247 INFO  NativeLibraryLoader - Loading libgkl_pairhmm_omp.so from jar:file:/bigdata/operations/pkgadmin/opt/linux/centos/7.x/x86_64/pkgs/gatk/4.0.8.1/gatk-package-4.0.8.1-local.jar!/com/intel/gkl/native/libgkl_pairhmm_omp.so
15:11:11.292 WARN  IntelPairHmm - Flush-to-zero (FTZ) is enabled when running PairHMM
15:11:11.293 INFO  IntelPairHmm - Available threads: 2
15:11:11.293 INFO  IntelPairHmm - Requested threads: 4
15:11:11.293 WARN  IntelPairHmm - Using 2 available threads, but 4 were requested
15:11:11.293 INFO  PairHMM - Using the OpenMP multi-threaded AVX-accelerated native PairHMM implementation
15:11:11.385 INFO  ProgressMeter - Starting traversal
15:11:11.386 INFO  ProgressMeter -        Current Locus  Elapsed Minutes     Regions Processed   Regions/Minute
15:11:23.442 INFO  ProgressMeter -            NoMBP10:1              0.2                    10             49.8
15:11:25.824 INFO  HaplotypeCaller - 242724 read(s) filtered by: ((((((((MappingQualityReadFilter AND MappingQualityAvailableReadFilter) AND MappedReadFilter) AND NotSecondaryAlignmentReadFilter) AND NotDuplicateReadFilter) AND PassesVendorQualityCheckReadFilter) AND NonZeroReferenceLengthAlignmentReadFilter) AND GoodCigarReadFilter) AND WellformedReadFilter)
  242724 read(s) filtered by: (((((((MappingQualityReadFilter AND MappingQualityAvailableReadFilter) AND MappedReadFilter) AND NotSecondaryAlignmentReadFilter) AND NotDuplicateReadFilter) AND PassesVendorQualityCheckReadFilter) AND NonZeroReferenceLengthAlignmentReadFilter) AND GoodCigarReadFilter)
      242724 read(s) filtered by: ((((((MappingQualityReadFilter AND MappingQualityAvailableReadFilter) AND MappedReadFilter) AND NotSecondaryAlignmentReadFilter) AND NotDuplicateReadFilter) AND PassesVendorQualityCheckReadFilter) AND NonZeroReferenceLengthAlignmentReadFilter)
          242724 read(s) filtered by: (((((MappingQualityReadFilter AND MappingQualityAvailableReadFilter) AND MappedReadFilter) AND NotSecondaryAlignmentReadFilter) AND NotDuplicateReadFilter) AND PassesVendorQualityCheckReadFilter)
              242724 read(s) filtered by: ((((MappingQualityReadFilter AND MappingQualityAvailableReadFilter) AND MappedReadFilter) AND NotSecondaryAlignmentReadFilter) AND NotDuplicateReadFilter)
                  510 read(s) filtered by: (((MappingQualityReadFilter AND MappingQualityAvailableReadFilter) AND MappedReadFilter) AND NotSecondaryAlignmentReadFilter)
                      510 read(s) filtered by: ((MappingQualityReadFilter AND MappingQualityAvailableReadFilter) AND MappedReadFilter)
                          510 read(s) filtered by: (MappingQualityReadFilter AND MappingQualityAvailableReadFilter)
                              510 read(s) filtered by: MappingQualityReadFilter 
                  242214 read(s) filtered by: NotDuplicateReadFilter 

15:11:25.824 INFO  ProgressMeter -            NoMBP10:1              0.2                    19             79.0
15:11:25.824 INFO  ProgressMeter - Traversal complete. Processed 19 total regions in 0.2 minutes.
15:11:25.833 INFO  VectorLoglessPairHMM - Time spent in setup for JNI call : 0.007190064
15:11:25.833 INFO  PairHMM - Total compute time in PairHMM computeLogLikelihoods() : 2.9252700600000003
15:11:25.833 INFO  SmithWatermanAligner - Total compute time in java Smith-Waterman : 2.33 sec
15:11:25.833 INFO  HaplotypeCaller - Shutting down engine
[May 26, 2020 3:11:25 PM PDT] org.broadinstitute.hellbender.tools.walkers.haplotypecaller.HaplotypeCaller done. Elapsed time: 0.27 minutes.
Runtime.totalMemory()=2756706304
