Sourcing executables from speedseq.config ...
Aligning...
samblaster: Version 0.1.22
samblaster: Inputting from stdin
samblaster: Outputting to stdout
samblaster: Opening H8.5uh6hazIof5R/disc_pipe for write.
[M::bwa_idx_load_from_disk] read 0 ALT contigs
samblaster: Opening H8.5uh6hazIof5R/spl_pipe for write.
[M::process] read 69468 sequences (10000149 bp)...
[M::process] read 69428 sequences (10000074 bp)...
[M::mem_pestat] # candidate unique pairs for (FF, FR, RF, RR): (0, 33020, 1, 0)
[M::mem_pestat] skip orientation FF as there are not enough pairs
[M::mem_pestat] analyzing insert size distribution for orientation FR...
[M::mem_pestat] (25, 50, 75) percentile: (189, 189, 210)
[M::mem_pestat] low and high boundaries for computing mean and std.dev: (147, 252)
[M::mem_pestat] mean and std.dev: (200.60, 14.51)
[M::mem_pestat] low and high boundaries for proper pairs: (126, 273)
[M::mem_pestat] skip orientation RF as there are not enough pairs
[M::mem_pestat] skip orientation RR as there are not enough pairs
[M::mem_process_seqs] Processed 69468 reads in 4.446 CPU sec, 4.262 real sec
samblaster: Loaded 12 header sequence entries.
[M::process] read 69456 sequences (10000021 bp)...
[M::mem_pestat] # candidate unique pairs for (FF, FR, RF, RR): (0, 32951, 1, 0)
[M::mem_pestat] skip orientation FF as there are not enough pairs
[M::mem_pestat] analyzing insert size distribution for orientation FR...
[M::mem_pestat] (25, 50, 75) percentile: (189, 189, 210)
[M::mem_pestat] low and high boundaries for computing mean and std.dev: (147, 252)
[M::mem_pestat] mean and std.dev: (200.58, 14.51)
[M::mem_pestat] low and high boundaries for proper pairs: (126, 273)
[M::mem_pestat] skip orientation RF as there are not enough pairs
[M::mem_pestat] skip orientation RR as there are not enough pairs
[M::mem_process_seqs] Processed 69428 reads in 4.768 CPU sec, 4.620 real sec
[M::process] read 34898 sequences (5023623 bp)...
[M::mem_pestat] # candidate unique pairs for (FF, FR, RF, RR): (0, 33000, 2, 0)
[M::mem_pestat] skip orientation FF as there are not enough pairs
[M::mem_pestat] analyzing insert size distribution for orientation FR...
[M::mem_pestat] (25, 50, 75) percentile: (189, 189, 210)
[M::mem_pestat] low and high boundaries for computing mean and std.dev: (147, 252)
[M::mem_pestat] mean and std.dev: (200.61, 14.45)
[M::mem_pestat] low and high boundaries for proper pairs: (126, 273)
[M::mem_pestat] skip orientation RF as there are not enough pairs
[M::mem_pestat] skip orientation RR as there are not enough pairs
[M::mem_process_seqs] Processed 69456 reads in 4.688 CPU sec, 4.600 real sec
[M::mem_pestat] # candidate unique pairs for (FF, FR, RF, RR): (0, 16540, 0, 0)
[M::mem_pestat] skip orientation FF as there are not enough pairs
[M::mem_pestat] analyzing insert size distribution for orientation FR...
[M::mem_pestat] (25, 50, 75) percentile: (189, 189, 210)
[M::mem_pestat] low and high boundaries for computing mean and std.dev: (147, 252)
[M::mem_pestat] mean and std.dev: (200.60, 14.52)
[M::mem_pestat] low and high boundaries for proper pairs: (126, 273)
[M::mem_pestat] skip orientation RF as there are not enough pairs
[M::mem_pestat] skip orientation RR as there are not enough pairs
[M::mem_process_seqs] Processed 34898 reads in 2.449 CPU sec, 2.452 real sec
samblaster: Output 71 discordant read pairs to H8.5uh6hazIof5R/disc_pipe
[main] Version: 0.7.12-r1039
samblaster: Output 0 split reads to H8.5uh6hazIof5R/spl_pipe
[main] CMD: /opt/linux/centos/7.x/x86_64/pkgs/bwa/0.7.12/bin/bwa mem -t 1 -R @RG\tID:H8\tSM:H8\tLB:Lib\ References.fasta ExternalData/Flowcell_1304/Pooled/Stacks/H8.1.fq.gz ExternalData/Flowcell_1304/Pooled/Stacks/H8.2.fq.gzsamblaster: Marked 121130 of 121625 (99.59%) read ids as duplicates using 1344k memory in 
[main] Real time: 16.263 sec; CPU: 16.533 sec
0.482S CPU seconds and 16S wall time.
Done
