Sourcing executables from speedseq.config ...
Aligning...
samblaster: Version 0.1.22
samblaster: Inputting from stdin
samblaster: Outputting to stdout
samblaster: Opening H8.w3dKvkNAn7za/disc_pipe for write.
[M::bwa_idx_load_from_disk] read 0 ALT contigs
samblaster: Opening H8.w3dKvkNAn7za/spl_pipe for write.
[M::process] read 68952 sequences (10000203 bp)...
[M::process] read 68964 sequences (10000186 bp)...
[M::mem_pestat] # candidate unique pairs for (FF, FR, RF, RR): (0, 33833, 0, 0)
[M::mem_pestat] skip orientation FF as there are not enough pairs
[M::mem_pestat] analyzing insert size distribution for orientation FR...
[M::mem_pestat] (25, 50, 75) percentile: (189, 200, 210)
[M::mem_pestat] low and high boundaries for computing mean and std.dev: (147, 252)
[M::mem_pestat] mean and std.dev: (198.62, 9.12)
[M::mem_pestat] low and high boundaries for proper pairs: (126, 273)
[M::mem_pestat] skip orientation RF as there are not enough pairs
[M::mem_pestat] skip orientation RR as there are not enough pairs
[M::mem_process_seqs] Processed 68952 reads in 5.413 CPU sec, 5.240 real sec
samblaster: Loaded 12 header sequence entries.
[M::process] read 68882 sequences (10000060 bp)...
[M::mem_pestat] # candidate unique pairs for (FF, FR, RF, RR): (0, 33871, 10, 0)
[M::mem_pestat] skip orientation FF as there are not enough pairs
[M::mem_pestat] analyzing insert size distribution for orientation FR...
[M::mem_pestat] (25, 50, 75) percentile: (189, 200, 210)
[M::mem_pestat] low and high boundaries for computing mean and std.dev: (147, 252)
[M::mem_pestat] mean and std.dev: (198.34, 9.39)
[M::mem_pestat] low and high boundaries for proper pairs: (126, 273)
[M::mem_pestat] analyzing insert size distribution for orientation RF...
[M::mem_pestat] (25, 50, 75) percentile: (161, 161, 161)
[M::mem_pestat] low and high boundaries for computing mean and std.dev: (161, 161)
[M::mem_pestat] mean and std.dev: (161.00, 0.00)
[M::mem_pestat] low and high boundaries for proper pairs: (161, 161)
[M::mem_pestat] skip orientation RR as there are not enough pairs
[M::mem_pestat] skip orientation RF
[M::mem_process_seqs] Processed 68964 reads in 5.809 CPU sec, 5.588 real sec
[M::process] read 34638 sequences (5035017 bp)...
[M::mem_pestat] # candidate unique pairs for (FF, FR, RF, RR): (0, 33961, 11, 0)
[M::mem_pestat] skip orientation FF as there are not enough pairs
[M::mem_pestat] analyzing insert size distribution for orientation FR...
[M::mem_pestat] (25, 50, 75) percentile: (189, 200, 210)
[M::mem_pestat] low and high boundaries for computing mean and std.dev: (147, 252)
[M::mem_pestat] mean and std.dev: (198.71, 9.10)
[M::mem_pestat] low and high boundaries for proper pairs: (126, 273)
[M::mem_pestat] analyzing insert size distribution for orientation RF...
[M::mem_pestat] (25, 50, 75) percentile: (161, 161, 161)
[M::mem_pestat] low and high boundaries for computing mean and std.dev: (161, 161)
[M::mem_pestat] mean and std.dev: (161.00, 0.00)
[M::mem_pestat] low and high boundaries for proper pairs: (161, 161)
[M::mem_pestat] skip orientation RR as there are not enough pairs
[M::mem_pestat] skip orientation RF
[M::mem_process_seqs] Processed 68882 reads in 5.453 CPU sec, 5.311 real sec
[M::mem_pestat] # candidate unique pairs for (FF, FR, RF, RR): (0, 17119, 14, 0)
[M::mem_pestat] skip orientation FF as there are not enough pairs
[M::mem_pestat] analyzing insert size distribution for orientation FR...
[M::mem_pestat] (25, 50, 75) percentile: (189, 200, 210)
[M::mem_pestat] low and high boundaries for computing mean and std.dev: (147, 252)
[M::mem_pestat] mean and std.dev: (198.77, 9.05)
[M::mem_pestat] low and high boundaries for proper pairs: (126, 273)
[M::mem_pestat] analyzing insert size distribution for orientation RF...
[M::mem_pestat] (25, 50, 75) percentile: (161, 161, 161)
[M::mem_pestat] low and high boundaries for computing mean and std.dev: (161, 161)
[M::mem_pestat] mean and std.dev: (161.00, 0.00)
[M::mem_pestat] low and high boundaries for proper pairs: (161, 161)
[M::mem_pestat] skip orientation RR as there are not enough pairs
[M::mem_pestat] skip orientation RF
[M::mem_process_seqs] Processed 34638 reads in 2.812 CPU sec, 2.761 real sec
samblaster: Output 51 discordant read pairs to H8.w3dKvkNAn7za/disc_pipe
[main] Version: 0.7.12-r1039
samblaster: Output 4 split reads to H8.w3dKvkNAn7za/spl_pipe
[main] CMD: /opt/linux/centos/7.x/x86_64/pkgs/bwa/0.7.12/bin/bwa mem -t 1 -R @RG\tID:H8\tSM:H8\tLB:Lib\ References.fasta ExternalData/Pooled/Stacks/H8.1.fq.gzsamblaster: Marked 119664 of 120718 (99.13%) read ids as duplicates ExternalData/Pooled/Stacks/H8.2.fq.gz using 1344k memory in 
[main] Real time: 19.396 sec; CPU: 19.691 sec
0.482S CPU seconds and 19S wall time.
Done
Using GATK jar /bigdata/operations/pkgadmin/opt/linux/centos/7.x/x86_64/pkgs/gatk/4.0.8.1/gatk-package-4.0.8.1-local.jar
Running:
    java -Dsamjdk.use_async_io_read_samtools=false -Dsamjdk.use_async_io_write_samtools=true -Dsamjdk.use_async_io_write_tribble=false -Dsamjdk.compression_level=2 -jar /bigdata/operations/pkgadmin/opt/linux/centos/7.x/x86_64/pkgs/gatk/4.0.8.1/gatk-package-4.0.8.1-local.jar HaplotypeCaller -R References.fasta -I results/H8.bam -O results/H8.g.vcf -ERC GVCF
15:11:10.585 INFO  NativeLibraryLoader - Loading libgkl_compression.so from jar:file:/bigdata/operations/pkgadmin/opt/linux/centos/7.x/x86_64/pkgs/gatk/4.0.8.1/gatk-package-4.0.8.1-local.jar!/com/intel/gkl/native/libgkl_compression.so
15:11:11.651 INFO  HaplotypeCaller - ------------------------------------------------------------
15:11:11.653 INFO  HaplotypeCaller - The Genome Analysis Toolkit (GATK) v4.0.8.1
15:11:11.654 INFO  HaplotypeCaller - For support and documentation go to https://software.broadinstitute.org/gatk/
15:11:11.655 INFO  HaplotypeCaller - Executing as arajewski@i33 on Linux v3.10.0-957.el7.x86_64 amd64
15:11:11.655 INFO  HaplotypeCaller - Java runtime: Java HotSpot(TM) 64-Bit Server VM v1.8.0_45-b14
15:11:11.656 INFO  HaplotypeCaller - Start Date/Time: May 26, 2020 3:11:10 PM PDT
15:11:11.656 INFO  HaplotypeCaller - ------------------------------------------------------------
15:11:11.656 INFO  HaplotypeCaller - ------------------------------------------------------------
15:11:11.656 INFO  HaplotypeCaller - HTSJDK Version: 2.16.0
15:11:11.656 INFO  HaplotypeCaller - Picard Version: 2.18.7
15:11:11.657 INFO  HaplotypeCaller - HTSJDK Defaults.COMPRESSION_LEVEL : 2
15:11:11.657 INFO  HaplotypeCaller - HTSJDK Defaults.USE_ASYNC_IO_READ_FOR_SAMTOOLS : false
15:11:11.657 INFO  HaplotypeCaller - HTSJDK Defaults.USE_ASYNC_IO_WRITE_FOR_SAMTOOLS : true
15:11:11.657 INFO  HaplotypeCaller - HTSJDK Defaults.USE_ASYNC_IO_WRITE_FOR_TRIBBLE : false
15:11:11.657 INFO  HaplotypeCaller - Deflater: IntelDeflater
15:11:11.657 INFO  HaplotypeCaller - Inflater: IntelInflater
15:11:11.657 INFO  HaplotypeCaller - GCS max retries/reopens: 20
15:11:11.658 INFO  HaplotypeCaller - Using google-cloud-java fork https://github.com/broadinstitute/google-cloud-java/releases/tag/0.20.5-alpha-GCS-RETRY-FIX
15:11:11.658 INFO  HaplotypeCaller - Initializing engine
15:11:12.099 INFO  HaplotypeCaller - Done initializing engine
15:11:12.107 INFO  HaplotypeCallerEngine - Tool is in reference confidence mode and the annotation, the following changes will be made to any specified annotations: 'StrandBiasBySample' will be enabled. 'ChromosomeCounts', 'FisherStrand', 'StrandOddsRatio' and 'QualByDepth' annotations have been disabled
15:11:12.112 INFO  HaplotypeCallerEngine - Standard Emitting and Calling confidence set to 0.0 for reference-model confidence output
15:11:12.112 INFO  HaplotypeCallerEngine - All sites annotated with PLs forced to true for reference-model confidence output
15:11:12.128 INFO  NativeLibraryLoader - Loading libgkl_utils.so from jar:file:/bigdata/operations/pkgadmin/opt/linux/centos/7.x/x86_64/pkgs/gatk/4.0.8.1/gatk-package-4.0.8.1-local.jar!/com/intel/gkl/native/libgkl_utils.so
15:11:12.131 INFO  NativeLibraryLoader - Loading libgkl_pairhmm_omp.so from jar:file:/bigdata/operations/pkgadmin/opt/linux/centos/7.x/x86_64/pkgs/gatk/4.0.8.1/gatk-package-4.0.8.1-local.jar!/com/intel/gkl/native/libgkl_pairhmm_omp.so
15:11:12.173 WARN  IntelPairHmm - Flush-to-zero (FTZ) is enabled when running PairHMM
15:11:12.173 INFO  IntelPairHmm - Available threads: 2
15:11:12.173 INFO  IntelPairHmm - Requested threads: 4
15:11:12.173 WARN  IntelPairHmm - Using 2 available threads, but 4 were requested
15:11:12.174 INFO  PairHMM - Using the OpenMP multi-threaded AVX-accelerated native PairHMM implementation
15:11:12.247 INFO  ProgressMeter - Starting traversal
15:11:12.247 INFO  ProgressMeter -        Current Locus  Elapsed Minutes     Regions Processed   Regions/Minute
15:11:22.723 INFO  ProgressMeter -            SpMBP10:1              0.2                    20            114.5
15:11:22.827 INFO  HaplotypeCaller - 239360 read(s) filtered by: ((((((((MappingQualityReadFilter AND MappingQualityAvailableReadFilter) AND MappedReadFilter) AND NotSecondaryAlignmentReadFilter) AND NotDuplicateReadFilter) AND PassesVendorQualityCheckReadFilter) AND NonZeroReferenceLengthAlignmentReadFilter) AND GoodCigarReadFilter) AND WellformedReadFilter)
  239360 read(s) filtered by: (((((((MappingQualityReadFilter AND MappingQualityAvailableReadFilter) AND MappedReadFilter) AND NotSecondaryAlignmentReadFilter) AND NotDuplicateReadFilter) AND PassesVendorQualityCheckReadFilter) AND NonZeroReferenceLengthAlignmentReadFilter) AND GoodCigarReadFilter)
      239360 read(s) filtered by: ((((((MappingQualityReadFilter AND MappingQualityAvailableReadFilter) AND MappedReadFilter) AND NotSecondaryAlignmentReadFilter) AND NotDuplicateReadFilter) AND PassesVendorQualityCheckReadFilter) AND NonZeroReferenceLengthAlignmentReadFilter)
          239360 read(s) filtered by: (((((MappingQualityReadFilter AND MappingQualityAvailableReadFilter) AND MappedReadFilter) AND NotSecondaryAlignmentReadFilter) AND NotDuplicateReadFilter) AND PassesVendorQualityCheckReadFilter)
              239360 read(s) filtered by: ((((MappingQualityReadFilter AND MappingQualityAvailableReadFilter) AND MappedReadFilter) AND NotSecondaryAlignmentReadFilter) AND NotDuplicateReadFilter)
                  456 read(s) filtered by: (((MappingQualityReadFilter AND MappingQualityAvailableReadFilter) AND MappedReadFilter) AND NotSecondaryAlignmentReadFilter)
                      456 read(s) filtered by: ((MappingQualityReadFilter AND MappingQualityAvailableReadFilter) AND MappedReadFilter)
                          456 read(s) filtered by: (MappingQualityReadFilter AND MappingQualityAvailableReadFilter)
                              456 read(s) filtered by: MappingQualityReadFilter 
                  238904 read(s) filtered by: NotDuplicateReadFilter 

15:11:22.827 INFO  ProgressMeter -            SpMBP10:1              0.2                    25            141.8
15:11:22.827 INFO  ProgressMeter - Traversal complete. Processed 25 total regions in 0.2 minutes.
15:11:22.847 INFO  VectorLoglessPairHMM - Time spent in setup for JNI call : 0.02755743
15:11:22.847 INFO  PairHMM - Total compute time in PairHMM computeLogLikelihoods() : 1.604599837
15:11:22.847 INFO  SmithWatermanAligner - Total compute time in java Smith-Waterman : 2.65 sec
15:11:22.847 INFO  HaplotypeCaller - Shutting down engine
[May 26, 2020 3:11:22 PM PDT] org.broadinstitute.hellbender.tools.walkers.haplotypecaller.HaplotypeCaller done. Elapsed time: 0.20 minutes.
Runtime.totalMemory()=2659713024
