Sourcing executables from speedseq.config ...
Aligning...
samblaster: Version 0.1.22
samblaster: Inputting from stdin
samblaster: Outputting to stdout
samblaster: Opening C11.ulxEeLE5TODR/disc_pipe for write.
[M::bwa_idx_load_from_disk] read 0 ALT contigs
samblaster: Opening C11.ulxEeLE5TODR/spl_pipe for write.
[M::process] read 70404 sequences (10000239 bp)...
[M::process] read 70406 sequences (10000042 bp)...
[M::mem_pestat] # candidate unique pairs for (FF, FR, RF, RR): (0, 34986, 0, 0)
[M::mem_pestat] skip orientation FF as there are not enough pairs
[M::mem_pestat] analyzing insert size distribution for orientation FR...
[M::mem_pestat] (25, 50, 75) percentile: (200, 200, 227)
[M::mem_pestat] low and high boundaries for computing mean and std.dev: (146, 281)
[M::mem_pestat] mean and std.dev: (208.92, 13.91)
[M::mem_pestat] low and high boundaries for proper pairs: (119, 308)
[M::mem_pestat] skip orientation RF as there are not enough pairs
[M::mem_pestat] skip orientation RR as there are not enough pairs
[M::mem_process_seqs] Processed 70404 reads in 4.300 CPU sec, 4.077 real sec
samblaster: Loaded 12 header sequence entries.
[M::process] read 70470 sequences (10000186 bp)...
[M::mem_pestat] # candidate unique pairs for (FF, FR, RF, RR): (0, 34983, 0, 0)
[M::mem_pestat] skip orientation FF as there are not enough pairs
[M::mem_pestat] analyzing insert size distribution for orientation FR...
[M::mem_pestat] (25, 50, 75) percentile: (200, 200, 227)
[M::mem_pestat] low and high boundaries for computing mean and std.dev: (146, 281)
[M::mem_pestat] mean and std.dev: (209.11, 13.98)
[M::mem_pestat] low and high boundaries for proper pairs: (119, 308)
[M::mem_pestat] skip orientation RF as there are not enough pairs
[M::mem_pestat] skip orientation RR as there are not enough pairs
[M::mem_process_seqs] Processed 70406 reads in 4.818 CPU sec, 4.533 real sec
[M::process] read 70430 sequences (10000140 bp)...
[M::mem_pestat] # candidate unique pairs for (FF, FR, RF, RR): (0, 35009, 1, 0)
[M::mem_pestat] skip orientation FF as there are not enough pairs
[M::mem_pestat] analyzing insert size distribution for orientation FR...
[M::mem_pestat] (25, 50, 75) percentile: (200, 200, 227)
[M::mem_pestat] low and high boundaries for computing mean and std.dev: (146, 281)
[M::mem_pestat] mean and std.dev: (208.80, 14.36)
[M::mem_pestat] low and high boundaries for proper pairs: (119, 308)
[M::mem_pestat] skip orientation RF as there are not enough pairs
[M::mem_pestat] skip orientation RR as there are not enough pairs
[M::mem_process_seqs] Processed 70470 reads in 4.647 CPU sec, 4.351 real sec
[M::process] read 70376 sequences (10000088 bp)...
[M::mem_pestat] # candidate unique pairs for (FF, FR, RF, RR): (0, 35023, 0, 0)
[M::mem_pestat] skip orientation FF as there are not enough pairs
[M::mem_pestat] analyzing insert size distribution for orientation FR...
[M::mem_pestat] (25, 50, 75) percentile: (200, 200, 227)
[M::mem_pestat] low and high boundaries for computing mean and std.dev: (146, 281)
[M::mem_pestat] mean and std.dev: (208.65, 13.94)
[M::mem_pestat] low and high boundaries for proper pairs: (119, 308)
[M::mem_pestat] skip orientation RF as there are not enough pairs
[M::mem_pestat] skip orientation RR as there are not enough pairs
[M::mem_process_seqs] Processed 70430 reads in 4.505 CPU sec, 4.315 real sec
[M::process] read 48832 sequences (6938524 bp)...
[M::mem_pestat] # candidate unique pairs for (FF, FR, RF, RR): (0, 35012, 0, 0)
[M::mem_pestat] skip orientation FF as there are not enough pairs
[M::mem_pestat] analyzing insert size distribution for orientation FR...
[M::mem_pestat] (25, 50, 75) percentile: (200, 200, 227)
[M::mem_pestat] low and high boundaries for computing mean and std.dev: (146, 281)
[M::mem_pestat] mean and std.dev: (208.65, 13.63)
[M::mem_pestat] low and high boundaries for proper pairs: (119, 308)
[M::mem_pestat] skip orientation RF as there are not enough pairs
[M::mem_pestat] skip orientation RR as there are not enough pairs
[M::mem_process_seqs] Processed 70376 reads in 4.098 CPU sec, 3.947 real sec
[M::mem_pestat] # candidate unique pairs for (FF, FR, RF, RR): (0, 24319, 0, 0)
[M::mem_pestat] skip orientation FF as there are not enough pairs
[M::mem_pestat] analyzing insert size distribution for orientation FR...
[M::mem_pestat] (25, 50, 75) percentile: (200, 200, 227)
[M::mem_pestat] low and high boundaries for computing mean and std.dev: (146, 281)
[M::mem_pestat] mean and std.dev: (208.39, 13.44)
[M::mem_pestat] low and high boundaries for proper pairs: (119, 308)
[M::mem_pestat] skip orientation RF as there are not enough pairs
[M::mem_pestat] skip orientation RR as there are not enough pairs
[M::mem_process_seqs] Processed 48832 reads in 2.788 CPU sec, 2.782 real sec
[main] Version: 0.7.12-r1039
samblaster: Output 81 discordant read pairs to C11.ulxEeLE5TODR/disc_pipe
[main] CMD:samblaster: Output 48 split reads to C11.ulxEeLE5TODR/spl_pipe
 /opt/linux/centos/7.x/x86_64/pkgs/bwa/0.7.12/bin/bwa mem -t 1 -R @RG\tID:C11\tSM:C11\tLB:Lib\ References.fasta ExternalData/Pooled/Stacks/C11.1.fq.gz ExternalData/Pooled/Stacks/C11.2.fq.gzsamblaster: Marked 200130 of 200459 (99.84%) read ids as duplicates using 1344k memory in 
[main] Real time: 24.499 sec; CPU: 25.365 sec
0.826S CPU seconds and 25S wall time.
Done
Using GATK jar /bigdata/operations/pkgadmin/opt/linux/centos/7.x/x86_64/pkgs/gatk/4.0.8.1/gatk-package-4.0.8.1-local.jar
Running:
    java -Dsamjdk.use_async_io_read_samtools=false -Dsamjdk.use_async_io_write_samtools=true -Dsamjdk.use_async_io_write_tribble=false -Dsamjdk.compression_level=2 -jar /bigdata/operations/pkgadmin/opt/linux/centos/7.x/x86_64/pkgs/gatk/4.0.8.1/gatk-package-4.0.8.1-local.jar HaplotypeCaller -R References.fasta -I results/C11.bam -O results/C11.g.vcf -ERC GVCF
15:11:20.424 INFO  NativeLibraryLoader - Loading libgkl_compression.so from jar:file:/bigdata/operations/pkgadmin/opt/linux/centos/7.x/x86_64/pkgs/gatk/4.0.8.1/gatk-package-4.0.8.1-local.jar!/com/intel/gkl/native/libgkl_compression.so
15:11:20.730 INFO  HaplotypeCaller - ------------------------------------------------------------
15:11:20.732 INFO  HaplotypeCaller - The Genome Analysis Toolkit (GATK) v4.0.8.1
15:11:20.733 INFO  HaplotypeCaller - For support and documentation go to https://software.broadinstitute.org/gatk/
15:11:20.733 INFO  HaplotypeCaller - Executing as arajewski@i11 on Linux v3.10.0-957.el7.x86_64 amd64
15:11:20.734 INFO  HaplotypeCaller - Java runtime: Java HotSpot(TM) 64-Bit Server VM v1.8.0_45-b14
15:11:20.734 INFO  HaplotypeCaller - Start Date/Time: May 26, 2020 3:11:20 PM PDT
15:11:20.734 INFO  HaplotypeCaller - ------------------------------------------------------------
15:11:20.734 INFO  HaplotypeCaller - ------------------------------------------------------------
15:11:20.735 INFO  HaplotypeCaller - HTSJDK Version: 2.16.0
15:11:20.735 INFO  HaplotypeCaller - Picard Version: 2.18.7
15:11:20.735 INFO  HaplotypeCaller - HTSJDK Defaults.COMPRESSION_LEVEL : 2
15:11:20.735 INFO  HaplotypeCaller - HTSJDK Defaults.USE_ASYNC_IO_READ_FOR_SAMTOOLS : false
15:11:20.735 INFO  HaplotypeCaller - HTSJDK Defaults.USE_ASYNC_IO_WRITE_FOR_SAMTOOLS : true
15:11:20.736 INFO  HaplotypeCaller - HTSJDK Defaults.USE_ASYNC_IO_WRITE_FOR_TRIBBLE : false
15:11:20.736 INFO  HaplotypeCaller - Deflater: IntelDeflater
15:11:20.736 INFO  HaplotypeCaller - Inflater: IntelInflater
15:11:20.736 INFO  HaplotypeCaller - GCS max retries/reopens: 20
15:11:20.736 INFO  HaplotypeCaller - Using google-cloud-java fork https://github.com/broadinstitute/google-cloud-java/releases/tag/0.20.5-alpha-GCS-RETRY-FIX
15:11:20.736 INFO  HaplotypeCaller - Initializing engine
15:11:21.673 INFO  HaplotypeCaller - Done initializing engine
15:11:21.679 INFO  HaplotypeCallerEngine - Tool is in reference confidence mode and the annotation, the following changes will be made to any specified annotations: 'StrandBiasBySample' will be enabled. 'ChromosomeCounts', 'FisherStrand', 'StrandOddsRatio' and 'QualByDepth' annotations have been disabled
15:11:21.684 INFO  HaplotypeCallerEngine - Standard Emitting and Calling confidence set to 0.0 for reference-model confidence output
15:11:21.684 INFO  HaplotypeCallerEngine - All sites annotated with PLs forced to true for reference-model confidence output
15:11:21.703 INFO  NativeLibraryLoader - Loading libgkl_utils.so from jar:file:/bigdata/operations/pkgadmin/opt/linux/centos/7.x/x86_64/pkgs/gatk/4.0.8.1/gatk-package-4.0.8.1-local.jar!/com/intel/gkl/native/libgkl_utils.so
15:11:21.706 INFO  NativeLibraryLoader - Loading libgkl_pairhmm_omp.so from jar:file:/bigdata/operations/pkgadmin/opt/linux/centos/7.x/x86_64/pkgs/gatk/4.0.8.1/gatk-package-4.0.8.1-local.jar!/com/intel/gkl/native/libgkl_pairhmm_omp.so
15:11:21.747 WARN  IntelPairHmm - Flush-to-zero (FTZ) is enabled when running PairHMM
15:11:21.748 INFO  IntelPairHmm - Available threads: 2
15:11:21.748 INFO  IntelPairHmm - Requested threads: 4
15:11:21.748 WARN  IntelPairHmm - Using 2 available threads, but 4 were requested
15:11:21.748 INFO  PairHMM - Using the OpenMP multi-threaded AVX-accelerated native PairHMM implementation
15:11:21.808 INFO  ProgressMeter - Starting traversal
15:11:21.808 INFO  ProgressMeter -        Current Locus  Elapsed Minutes     Regions Processed   Regions/Minute
15:11:32.363 INFO  HaplotypeCaller - 400673 read(s) filtered by: ((((((((MappingQualityReadFilter AND MappingQualityAvailableReadFilter) AND MappedReadFilter) AND NotSecondaryAlignmentReadFilter) AND NotDuplicateReadFilter) AND PassesVendorQualityCheckReadFilter) AND NonZeroReferenceLengthAlignmentReadFilter) AND GoodCigarReadFilter) AND WellformedReadFilter)
  400673 read(s) filtered by: (((((((MappingQualityReadFilter AND MappingQualityAvailableReadFilter) AND MappedReadFilter) AND NotSecondaryAlignmentReadFilter) AND NotDuplicateReadFilter) AND PassesVendorQualityCheckReadFilter) AND NonZeroReferenceLengthAlignmentReadFilter) AND GoodCigarReadFilter)
      400673 read(s) filtered by: ((((((MappingQualityReadFilter AND MappingQualityAvailableReadFilter) AND MappedReadFilter) AND NotSecondaryAlignmentReadFilter) AND NotDuplicateReadFilter) AND PassesVendorQualityCheckReadFilter) AND NonZeroReferenceLengthAlignmentReadFilter)
          400673 read(s) filtered by: (((((MappingQualityReadFilter AND MappingQualityAvailableReadFilter) AND MappedReadFilter) AND NotSecondaryAlignmentReadFilter) AND NotDuplicateReadFilter) AND PassesVendorQualityCheckReadFilter)
              400673 read(s) filtered by: ((((MappingQualityReadFilter AND MappingQualityAvailableReadFilter) AND MappedReadFilter) AND NotSecondaryAlignmentReadFilter) AND NotDuplicateReadFilter)
                  400 read(s) filtered by: (((MappingQualityReadFilter AND MappingQualityAvailableReadFilter) AND MappedReadFilter) AND NotSecondaryAlignmentReadFilter)
                      400 read(s) filtered by: ((MappingQualityReadFilter AND MappingQualityAvailableReadFilter) AND MappedReadFilter)
                          400 read(s) filtered by: (MappingQualityReadFilter AND MappingQualityAvailableReadFilter)
                              400 read(s) filtered by: MappingQualityReadFilter 
                  400273 read(s) filtered by: NotDuplicateReadFilter 

15:11:32.364 INFO  ProgressMeter -           SpFUL2:202              0.2                    29            164.8
15:11:32.387 INFO  ProgressMeter - Traversal complete. Processed 29 total regions in 0.2 minutes.
15:11:32.414 INFO  VectorLoglessPairHMM - Time spent in setup for JNI call : 0.010447772000000001
15:11:32.414 INFO  PairHMM - Total compute time in PairHMM computeLogLikelihoods() : 0.37632590400000004
15:11:32.415 INFO  SmithWatermanAligner - Total compute time in java Smith-Waterman : 1.22 sec
15:11:32.415 INFO  HaplotypeCaller - Shutting down engine
[May 26, 2020 3:11:32 PM PDT] org.broadinstitute.hellbender.tools.walkers.haplotypecaller.HaplotypeCaller done. Elapsed time: 0.20 minutes.
Runtime.totalMemory()=2656567296
