Sourcing executables from speedseq.config ...
Aligning...
samblaster: Version 0.1.22
samblaster: Inputting from stdin
samblaster: Outputting to stdout
samblaster: Opening A2.ZG5iojP7esBp/disc_pipe for write.
samblaster: Opening A2.ZG5iojP7esBp/spl_pipe for write.
[M::bwa_idx_load_from_disk] read 0 ALT contigs
[M::process] read 73506 sequences (10000192 bp)...
[M::process] read 73544 sequences (10000040 bp)...
[M::mem_pestat] # candidate unique pairs for (FF, FR, RF, RR): (0, 36244, 0, 0)
[M::mem_pestat] skip orientation FF as there are not enough pairs
[M::mem_pestat] analyzing insert size distribution for orientation FR...
[M::mem_pestat] (25, 50, 75) percentile: (121, 199, 200)
[M::mem_pestat] low and high boundaries for computing mean and std.dev: (1, 358)
[M::mem_pestat] mean and std.dev: (169.62, 44.43)
[M::mem_pestat] low and high boundaries for proper pairs: (1, 437)
[M::mem_pestat] skip orientation RF as there are not enough pairs
[M::mem_pestat] skip orientation RR as there are not enough pairs
[M::mem_process_seqs] Processed 73506 reads in 4.880 CPU sec, 4.655 real sec
samblaster: Loaded 12 header sequence entries.
[M::process] read 73556 sequences (10000241 bp)...
[M::mem_pestat] # candidate unique pairs for (FF, FR, RF, RR): (0, 36160, 0, 0)
[M::mem_pestat] skip orientation FF as there are not enough pairs
[M::mem_pestat] analyzing insert size distribution for orientation FR...
[M::mem_pestat] (25, 50, 75) percentile: (121, 199, 200)
[M::mem_pestat] low and high boundaries for computing mean and std.dev: (1, 358)
[M::mem_pestat] mean and std.dev: (169.40, 44.23)
[M::mem_pestat] low and high boundaries for proper pairs: (1, 437)
[M::mem_pestat] skip orientation RF as there are not enough pairs
[M::mem_pestat] skip orientation RR as there are not enough pairs
[M::mem_process_seqs] Processed 73544 reads in 5.424 CPU sec, 5.210 real sec
[M::process] read 73476 sequences (10000028 bp)...
[M::mem_pestat] # candidate unique pairs for (FF, FR, RF, RR): (1, 36275, 0, 0)
[M::mem_pestat] skip orientation FF as there are not enough pairs
[M::mem_pestat] analyzing insert size distribution for orientation FR...
[M::mem_pestat] (25, 50, 75) percentile: (121, 195, 200)
[M::mem_pestat] low and high boundaries for computing mean and std.dev: (1, 358)
[M::mem_pestat] mean and std.dev: (168.56, 44.82)
[M::mem_pestat] low and high boundaries for proper pairs: (1, 437)
[M::mem_pestat] skip orientation RF as there are not enough pairs
[M::mem_pestat] skip orientation RR as there are not enough pairs
[M::mem_process_seqs] Processed 73556 reads in 5.298 CPU sec, 5.046 real sec
[M::process] read 51138 sequences (6963512 bp)...
[M::mem_pestat] # candidate unique pairs for (FF, FR, RF, RR): (0, 36300, 0, 0)
[M::mem_pestat] skip orientation FF as there are not enough pairs
[M::mem_pestat] analyzing insert size distribution for orientation FR...
[M::mem_pestat] (25, 50, 75) percentile: (121, 199, 200)
[M::mem_pestat] low and high boundaries for computing mean and std.dev: (1, 358)
[M::mem_pestat] mean and std.dev: (169.31, 45.06)
[M::mem_pestat] low and high boundaries for proper pairs: (1, 437)
[M::mem_pestat] skip orientation RF as there are not enough pairs
[M::mem_pestat] skip orientation RR as there are not enough pairs
[M::mem_process_seqs] Processed 73476 reads in 5.037 CPU sec, 4.856 real sec
[M::mem_pestat] # candidate unique pairs for (FF, FR, RF, RR): (0, 25314, 0, 0)
[M::mem_pestat] skip orientation FF as there are not enough pairs
[M::mem_pestat] analyzing insert size distribution for orientation FR...
[M::mem_pestat] (25, 50, 75) percentile: (121, 199, 200)
[M::mem_pestat] low and high boundaries for computing mean and std.dev: (1, 358)
[M::mem_pestat] mean and std.dev: (169.29, 45.24)
[M::mem_pestat] low and high boundaries for proper pairs: (1, 437)
[M::mem_pestat] skip orientation RF as there are not enough pairs
[M::mem_pestat] skip orientation RR as there are not enough pairs
[M::mem_process_seqs] Processed 51138 reads in 3.452 CPU sec, 3.395 real sec
samblaster: Output 105 discordant read pairs to A2.ZG5iojP7esBp/disc_pipe
[main] Version: 0.7.12-r1039
samblaster: Output 188 split reads to A2.ZG5iojP7esBp/spl_pipe
[main] CMD: /opt/linux/centos/7.x/x86_64/pkgs/bwa/0.7.12/bin/bwa mem -t 1 -R @RG\tID:A2\tSM:A2\tLB:Lib\ References.fastasamblaster: Marked 171456 of 172610 (99.33%) read ids as duplicates ExternalData/Pooled/Stacks/A2.1.fq.gz ExternalData/Pooled/Stacks/A2.2.fq.gz using 1340k memory in 0.710S
[main] Real time: 23.639 sec; CPU: 24.305 sec
 CPU seconds and 24S wall time.
Done
Using GATK jar /bigdata/operations/pkgadmin/opt/linux/centos/7.x/x86_64/pkgs/gatk/4.0.8.1/gatk-package-4.0.8.1-local.jar
Running:
    java -Dsamjdk.use_async_io_read_samtools=false -Dsamjdk.use_async_io_write_samtools=true -Dsamjdk.use_async_io_write_tribble=false -Dsamjdk.compression_level=2 -jar /bigdata/operations/pkgadmin/opt/linux/centos/7.x/x86_64/pkgs/gatk/4.0.8.1/gatk-package-4.0.8.1-local.jar HaplotypeCaller -R References.fasta -I results/A2.bam -O results/A2.g.vcf -ERC GVCF
15:11:16.328 INFO  NativeLibraryLoader - Loading libgkl_compression.so from jar:file:/bigdata/operations/pkgadmin/opt/linux/centos/7.x/x86_64/pkgs/gatk/4.0.8.1/gatk-package-4.0.8.1-local.jar!/com/intel/gkl/native/libgkl_compression.so
15:11:17.719 INFO  HaplotypeCaller - ------------------------------------------------------------
15:11:17.721 INFO  HaplotypeCaller - The Genome Analysis Toolkit (GATK) v4.0.8.1
15:11:17.723 INFO  HaplotypeCaller - For support and documentation go to https://software.broadinstitute.org/gatk/
15:11:17.724 INFO  HaplotypeCaller - Executing as arajewski@i05 on Linux v3.10.0-957.el7.x86_64 amd64
15:11:17.725 INFO  HaplotypeCaller - Java runtime: Java HotSpot(TM) 64-Bit Server VM v1.8.0_45-b14
15:11:17.725 INFO  HaplotypeCaller - Start Date/Time: May 26, 2020 3:11:16 PM PDT
15:11:17.725 INFO  HaplotypeCaller - ------------------------------------------------------------
15:11:17.725 INFO  HaplotypeCaller - ------------------------------------------------------------
15:11:17.726 INFO  HaplotypeCaller - HTSJDK Version: 2.16.0
15:11:17.726 INFO  HaplotypeCaller - Picard Version: 2.18.7
15:11:17.726 INFO  HaplotypeCaller - HTSJDK Defaults.COMPRESSION_LEVEL : 2
15:11:17.726 INFO  HaplotypeCaller - HTSJDK Defaults.USE_ASYNC_IO_READ_FOR_SAMTOOLS : false
15:11:17.727 INFO  HaplotypeCaller - HTSJDK Defaults.USE_ASYNC_IO_WRITE_FOR_SAMTOOLS : true
15:11:17.727 INFO  HaplotypeCaller - HTSJDK Defaults.USE_ASYNC_IO_WRITE_FOR_TRIBBLE : false
15:11:17.727 INFO  HaplotypeCaller - Deflater: IntelDeflater
15:11:17.727 INFO  HaplotypeCaller - Inflater: IntelInflater
15:11:17.727 INFO  HaplotypeCaller - GCS max retries/reopens: 20
15:11:17.727 INFO  HaplotypeCaller - Using google-cloud-java fork https://github.com/broadinstitute/google-cloud-java/releases/tag/0.20.5-alpha-GCS-RETRY-FIX
15:11:17.727 INFO  HaplotypeCaller - Initializing engine
15:11:18.285 INFO  HaplotypeCaller - Done initializing engine
15:11:18.291 INFO  HaplotypeCallerEngine - Tool is in reference confidence mode and the annotation, the following changes will be made to any specified annotations: 'StrandBiasBySample' will be enabled. 'ChromosomeCounts', 'FisherStrand', 'StrandOddsRatio' and 'QualByDepth' annotations have been disabled
15:11:18.297 INFO  HaplotypeCallerEngine - Standard Emitting and Calling confidence set to 0.0 for reference-model confidence output
15:11:18.297 INFO  HaplotypeCallerEngine - All sites annotated with PLs forced to true for reference-model confidence output
15:11:18.323 INFO  NativeLibraryLoader - Loading libgkl_utils.so from jar:file:/bigdata/operations/pkgadmin/opt/linux/centos/7.x/x86_64/pkgs/gatk/4.0.8.1/gatk-package-4.0.8.1-local.jar!/com/intel/gkl/native/libgkl_utils.so
15:11:18.326 INFO  NativeLibraryLoader - Loading libgkl_pairhmm_omp.so from jar:file:/bigdata/operations/pkgadmin/opt/linux/centos/7.x/x86_64/pkgs/gatk/4.0.8.1/gatk-package-4.0.8.1-local.jar!/com/intel/gkl/native/libgkl_pairhmm_omp.so
15:11:18.369 WARN  IntelPairHmm - Flush-to-zero (FTZ) is enabled when running PairHMM
15:11:18.370 INFO  IntelPairHmm - Available threads: 2
15:11:18.370 INFO  IntelPairHmm - Requested threads: 4
15:11:18.370 WARN  IntelPairHmm - Using 2 available threads, but 4 were requested
15:11:18.370 INFO  PairHMM - Using the OpenMP multi-threaded AVX-accelerated native PairHMM implementation
15:11:18.451 INFO  ProgressMeter - Starting traversal
15:11:18.451 INFO  ProgressMeter -        Current Locus  Elapsed Minutes     Regions Processed   Regions/Minute
15:11:31.754 INFO  ProgressMeter -           SpFUL2:207              0.2                    20             90.2
15:11:36.551 INFO  HaplotypeCaller - 343924 read(s) filtered by: ((((((((MappingQualityReadFilter AND MappingQualityAvailableReadFilter) AND MappedReadFilter) AND NotSecondaryAlignmentReadFilter) AND NotDuplicateReadFilter) AND PassesVendorQualityCheckReadFilter) AND NonZeroReferenceLengthAlignmentReadFilter) AND GoodCigarReadFilter) AND WellformedReadFilter)
  343924 read(s) filtered by: (((((((MappingQualityReadFilter AND MappingQualityAvailableReadFilter) AND MappedReadFilter) AND NotSecondaryAlignmentReadFilter) AND NotDuplicateReadFilter) AND PassesVendorQualityCheckReadFilter) AND NonZeroReferenceLengthAlignmentReadFilter) AND GoodCigarReadFilter)
      343924 read(s) filtered by: ((((((MappingQualityReadFilter AND MappingQualityAvailableReadFilter) AND MappedReadFilter) AND NotSecondaryAlignmentReadFilter) AND NotDuplicateReadFilter) AND PassesVendorQualityCheckReadFilter) AND NonZeroReferenceLengthAlignmentReadFilter)
          343924 read(s) filtered by: (((((MappingQualityReadFilter AND MappingQualityAvailableReadFilter) AND MappedReadFilter) AND NotSecondaryAlignmentReadFilter) AND NotDuplicateReadFilter) AND PassesVendorQualityCheckReadFilter)
              343924 read(s) filtered by: ((((MappingQualityReadFilter AND MappingQualityAvailableReadFilter) AND MappedReadFilter) AND NotSecondaryAlignmentReadFilter) AND NotDuplicateReadFilter)
                  359 read(s) filtered by: (((MappingQualityReadFilter AND MappingQualityAvailableReadFilter) AND MappedReadFilter) AND NotSecondaryAlignmentReadFilter)
                      359 read(s) filtered by: ((MappingQualityReadFilter AND MappingQualityAvailableReadFilter) AND MappedReadFilter)
                          359 read(s) filtered by: (MappingQualityReadFilter AND MappingQualityAvailableReadFilter)
                              359 read(s) filtered by: MappingQualityReadFilter 
                  343565 read(s) filtered by: NotDuplicateReadFilter 

15:11:36.552 INFO  ProgressMeter -           SpFUL2:207              0.3                    28             92.8
15:11:36.552 INFO  ProgressMeter - Traversal complete. Processed 28 total regions in 0.3 minutes.
15:11:36.566 INFO  VectorLoglessPairHMM - Time spent in setup for JNI call : 0.039159412000000005
15:11:36.567 INFO  PairHMM - Total compute time in PairHMM computeLogLikelihoods() : 2.4180086330000004
15:11:36.567 INFO  SmithWatermanAligner - Total compute time in java Smith-Waterman : 3.81 sec
15:11:36.567 INFO  HaplotypeCaller - Shutting down engine
[May 26, 2020 3:11:36 PM PDT] org.broadinstitute.hellbender.tools.walkers.haplotypecaller.HaplotypeCaller done. Elapsed time: 0.34 minutes.
Runtime.totalMemory()=2812280832
