Sourcing executables from speedseq.config ...
Aligning...
samblaster: Version 0.1.22
samblaster: Inputting from stdin
samblaster: Outputting to stdout
samblaster: Opening F3.28BDad9CRSG5/disc_pipe for write.
[M::bwa_idx_load_from_disk] read 0 ALT contigs
samblaster: Opening F3.28BDad9CRSG5/spl_pipe for write.
[M::process] read 70084 sequences (10000054 bp)...
[M::process] read 69890 sequences (10000091 bp)...
[M::mem_pestat] # candidate unique pairs for (FF, FR, RF, RR): (0, 31598, 2, 0)
[M::mem_pestat] skip orientation FF as there are not enough pairs
[M::mem_pestat] analyzing insert size distribution for orientation FR...
[M::mem_pestat] (25, 50, 75) percentile: (189, 199, 210)
[M::mem_pestat] low and high boundaries for computing mean and std.dev: (147, 252)
[M::mem_pestat] mean and std.dev: (201.87, 13.60)
[M::mem_pestat] low and high boundaries for proper pairs: (126, 273)
[M::mem_pestat] skip orientation RF as there are not enough pairs
[M::mem_pestat] skip orientation RR as there are not enough pairs
[M::mem_process_seqs] Processed 70084 reads in 4.533 CPU sec, 4.342 real sec
samblaster: Loaded 12 header sequence entries.
[M::process] read 69846 sequences (10000183 bp)...
[M::mem_pestat] # candidate unique pairs for (FF, FR, RF, RR): (0, 31429, 1, 0)
[M::mem_pestat] skip orientation FF as there are not enough pairs
[M::mem_pestat] analyzing insert size distribution for orientation FR...
[M::mem_pestat] (25, 50, 75) percentile: (189, 199, 210)
[M::mem_pestat] low and high boundaries for computing mean and std.dev: (147, 252)
[M::mem_pestat] mean and std.dev: (201.81, 13.59)
[M::mem_pestat] low and high boundaries for proper pairs: (126, 273)
[M::mem_pestat] skip orientation RF as there are not enough pairs
[M::mem_pestat] skip orientation RR as there are not enough pairs
[M::mem_process_seqs] Processed 69890 reads in 4.825 CPU sec, 4.570 real sec
[M::process] read 53374 sequences (7632000 bp)...
[M::mem_pestat] # candidate unique pairs for (FF, FR, RF, RR): (0, 31435, 2, 0)
[M::mem_pestat] skip orientation FF as there are not enough pairs
[M::mem_pestat] analyzing insert size distribution for orientation FR...
[M::mem_pestat] (25, 50, 75) percentile: (189, 199, 210)
[M::mem_pestat] low and high boundaries for computing mean and std.dev: (147, 252)
[M::mem_pestat] mean and std.dev: (201.71, 13.60)
[M::mem_pestat] low and high boundaries for proper pairs: (126, 273)
[M::mem_pestat] skip orientation RF as there are not enough pairs
[M::mem_pestat] skip orientation RR as there are not enough pairs
[M::mem_process_seqs] Processed 69846 reads in 4.756 CPU sec, 4.531 real sec
[M::mem_pestat] # candidate unique pairs for (FF, FR, RF, RR): (0, 23952, 1, 0)
[M::mem_pestat] skip orientation FF as there are not enough pairs
[M::mem_pestat] analyzing insert size distribution for orientation FR...
[M::mem_pestat] (25, 50, 75) percentile: (189, 199, 210)
[M::mem_pestat] low and high boundaries for computing mean and std.dev: (147, 252)
[M::mem_pestat] mean and std.dev: (201.82, 13.65)
[M::mem_pestat] low and high boundaries for proper pairs: (126, 273)
[M::mem_pestat] skip orientation RF as there are not enough pairs
[M::mem_pestat] skip orientation RR as there are not enough pairs
[M::mem_process_seqs] Processed 53374 reads in 3.518 CPU sec, 3.437 real sec
samblaster: Output 75 discordant read pairs to F3.28BDad9CRSG5/disc_pipe
[main] Version: 0.7.12-r1039
samblaster: Output 8 split reads to F3.28BDad9CRSG5/spl_pipe
[main] CMD: /opt/linux/centos/7.x/x86_64/pkgs/bwa/0.7.12/bin/bwa mem -t 1 -R @RG\tID:F3\tSM:F3\tLB:Lib\ References.fasta ExternalData/Flowcell_1304/Pooled/Stacks/F3.1.fq.gz ExternalData/Flowcell_1304/Pooled/Stacks/F3.2.fq.gzsamblaster: Marked 130847 of 131597 (99.43%) read ids as duplicates using 1340k memory in 
[main] Real time: 17.287 sec; CPU: 17.842 sec
0.505S CPU seconds and 17S wall time.
Done
