Sourcing executables from speedseq.config ...
Aligning...
[M::bwa_idx_load_from_disk] read 0 ALT contigs
samblaster: Version 0.1.22
samblaster: Inputting from stdin
samblaster: Outputting to stdout
samblaster: Opening A3.OFjjZtA0r39j/disc_pipe for write.
samblaster: Opening A3.OFjjZtA0r39j/spl_pipe for write.
[M::process] read 67116 sequences (10000284 bp)...
[M::process] read 67116 sequences (10000284 bp)...
[M::mem_pestat] # candidate unique pairs for (FF, FR, RF, RR): (887, 0, 0, 15)
[M::mem_pestat] analyzing insert size distribution for orientation FF...
[M::mem_pestat] (25, 50, 75) percentile: (2, 4, 4)
[M::mem_pestat] low and high boundaries for computing mean and std.dev: (1, 8)
[M::mem_pestat] mean and std.dev: (3.27, 1.59)
[M::mem_pestat] low and high boundaries for proper pairs: (1, 10)
[M::mem_pestat] skip orientation FR as there are not enough pairs
[M::mem_pestat] skip orientation RF as there are not enough pairs
[M::mem_pestat] analyzing insert size distribution for orientation RR...
[M::mem_pestat] (25, 50, 75) percentile: (1, 1, 4)
[M::mem_pestat] low and high boundaries for computing mean and std.dev: (1, 10)
[M::mem_pestat] mean and std.dev: (2.40, 1.50)
[M::mem_pestat] low and high boundaries for proper pairs: (1, 13)
[M::mem_pestat] skip orientation RR
[M::mem_process_seqs] Processed 67116 reads in 6.065 CPU sec, 5.927 real sec
samblaster: Loaded 12 header sequence entries.
[M::process] read 67116 sequences (10000284 bp)...
[M::mem_pestat] # candidate unique pairs for (FF, FR, RF, RR): (790, 0, 0, 11)
[M::mem_pestat] analyzing insert size distribution for orientation FF...
[M::mem_pestat] (25, 50, 75) percentile: (2, 2, 4)
[M::mem_pestat] low and high boundaries for computing mean and std.dev: (1, 8)
[M::mem_pestat] mean and std.dev: (3.16, 1.74)
[M::mem_pestat] low and high boundaries for proper pairs: (1, 10)
[M::mem_pestat] skip orientation FR as there are not enough pairs
[M::mem_pestat] skip orientation RF as there are not enough pairs
[M::mem_pestat] analyzing insert size distribution for orientation RR...
[M::mem_pestat] (25, 50, 75) percentile: (4, 4, 4)
[M::mem_pestat] low and high boundaries for computing mean and std.dev: (4, 4)
[M::mem_pestat] mean and std.dev: (4.00, 0.00)
[M::mem_pestat] low and high boundaries for proper pairs: (4, 4)
[M::mem_pestat] skip orientation RR
[M::mem_process_seqs] Processed 67116 reads in 6.489 CPU sec, 6.267 real sec
[M::process] read 25094 sequences (3739006 bp)...
[M::mem_pestat] # candidate unique pairs for (FF, FR, RF, RR): (742, 0, 0, 15)
[M::mem_pestat] analyzing insert size distribution for orientation FF...
[M::mem_pestat] (25, 50, 75) percentile: (2, 2, 4)
[M::mem_pestat] low and high boundaries for computing mean and std.dev: (1, 8)
[M::mem_pestat] mean and std.dev: (2.89, 1.57)
[M::mem_pestat] low and high boundaries for proper pairs: (1, 10)
[M::mem_pestat] skip orientation FR as there are not enough pairs
[M::mem_pestat] skip orientation RF as there are not enough pairs
[M::mem_pestat] analyzing insert size distribution for orientation RR...
[M::mem_pestat] (25, 50, 75) percentile: (1, 4, 4)
[M::mem_pestat] low and high boundaries for computing mean and std.dev: (1, 10)
[M::mem_pestat] mean and std.dev: (3.20, 1.72)
[M::mem_pestat] low and high boundaries for proper pairs: (1, 13)
[M::mem_pestat] skip orientation RR
[M::mem_process_seqs] Processed 67116 reads in 6.336 CPU sec, 6.197 real sec
[M::mem_pestat] # candidate unique pairs for (FF, FR, RF, RR): (284, 0, 0, 8)
[M::mem_pestat] analyzing insert size distribution for orientation FF...
[M::mem_pestat] (25, 50, 75) percentile: (2, 2, 4)
[M::mem_pestat] low and high boundaries for computing mean and std.dev: (1, 8)
[M::mem_pestat] mean and std.dev: (3.12, 1.74)
[M::mem_pestat] low and high boundaries for proper pairs: (1, 10)
[M::mem_pestat] skip orientation FR as there are not enough pairs
[M::mem_pestat] skip orientation RF as there are not enough pairs
[M::mem_pestat] skip orientation RR as there are not enough pairs
[M::mem_process_seqs] Processed 25094 reads in 2.588 CPU sec, 2.498 real sec
[main] Version: 0.7.12-r1039
[main] CMD: /opt/linux/centos/7.x/x86_64/pkgs/bwa/0.7.12/bin/bwa mem -t 1 -R @RG\tID:A3\tSM:A3\tLB:Lib\ References.fasta ExternalData/A3_pair1.fastq ExternalData/A3_pair2.fastq
[main] Real time: 21.249 sec; CPU: 21.608 sec
samblaster: Output 97 discordant read pairs to A3.OFjjZtA0r39j/disc_pipe
samblaster: Output 12 split reads to A3.OFjjZtA0r39j/spl_pipe
samblaster: Marked 79409 of 113221 (70.14%) read ids as duplicates using 1344k memory in 0.447S CPU seconds and 21S wall time.
Done
Using GATK jar /bigdata/operations/pkgadmin/opt/linux/centos/7.x/x86_64/pkgs/gatk/4.0.8.1/gatk-package-4.0.8.1-local.jar
Running:
    java -Dsamjdk.use_async_io_read_samtools=false -Dsamjdk.use_async_io_write_samtools=true -Dsamjdk.use_async_io_write_tribble=false -Dsamjdk.compression_level=2 -jar /bigdata/operations/pkgadmin/opt/linux/centos/7.x/x86_64/pkgs/gatk/4.0.8.1/gatk-package-4.0.8.1-local.jar HaplotypeCaller -R References.fasta -I results/A3.bam -O results/A3.g.vcf -ERC GVCF
11:09:16.871 INFO  NativeLibraryLoader - Loading libgkl_compression.so from jar:file:/bigdata/operations/pkgadmin/opt/linux/centos/7.x/x86_64/pkgs/gatk/4.0.8.1/gatk-package-4.0.8.1-local.jar!/com/intel/gkl/native/libgkl_compression.so
11:09:17.746 INFO  HaplotypeCaller - ------------------------------------------------------------
11:09:17.748 INFO  HaplotypeCaller - The Genome Analysis Toolkit (GATK) v4.0.8.1
11:09:17.748 INFO  HaplotypeCaller - For support and documentation go to https://software.broadinstitute.org/gatk/
11:09:17.763 INFO  HaplotypeCaller - Executing as arajewski@i05 on Linux v3.10.0-957.el7.x86_64 amd64
11:09:17.763 INFO  HaplotypeCaller - Java runtime: Java HotSpot(TM) 64-Bit Server VM v1.8.0_45-b14
11:09:17.763 INFO  HaplotypeCaller - Start Date/Time: May 26, 2020 11:09:16 AM PDT
11:09:17.763 INFO  HaplotypeCaller - ------------------------------------------------------------
11:09:17.763 INFO  HaplotypeCaller - ------------------------------------------------------------
11:09:17.764 INFO  HaplotypeCaller - HTSJDK Version: 2.16.0
11:09:17.764 INFO  HaplotypeCaller - Picard Version: 2.18.7
11:09:17.764 INFO  HaplotypeCaller - HTSJDK Defaults.COMPRESSION_LEVEL : 2
11:09:17.764 INFO  HaplotypeCaller - HTSJDK Defaults.USE_ASYNC_IO_READ_FOR_SAMTOOLS : false
11:09:17.764 INFO  HaplotypeCaller - HTSJDK Defaults.USE_ASYNC_IO_WRITE_FOR_SAMTOOLS : true
11:09:17.764 INFO  HaplotypeCaller - HTSJDK Defaults.USE_ASYNC_IO_WRITE_FOR_TRIBBLE : false
11:09:17.764 INFO  HaplotypeCaller - Deflater: IntelDeflater
11:09:17.764 INFO  HaplotypeCaller - Inflater: IntelInflater
11:09:17.764 INFO  HaplotypeCaller - GCS max retries/reopens: 20
11:09:17.765 INFO  HaplotypeCaller - Using google-cloud-java fork https://github.com/broadinstitute/google-cloud-java/releases/tag/0.20.5-alpha-GCS-RETRY-FIX
11:09:17.765 INFO  HaplotypeCaller - Initializing engine
11:09:18.245 INFO  HaplotypeCaller - Done initializing engine
11:09:18.250 INFO  HaplotypeCallerEngine - Tool is in reference confidence mode and the annotation, the following changes will be made to any specified annotations: 'StrandBiasBySample' will be enabled. 'ChromosomeCounts', 'FisherStrand', 'StrandOddsRatio' and 'QualByDepth' annotations have been disabled
11:09:18.255 INFO  HaplotypeCallerEngine - Standard Emitting and Calling confidence set to 0.0 for reference-model confidence output
11:09:18.255 INFO  HaplotypeCallerEngine - All sites annotated with PLs forced to true for reference-model confidence output
11:09:18.271 INFO  NativeLibraryLoader - Loading libgkl_utils.so from jar:file:/bigdata/operations/pkgadmin/opt/linux/centos/7.x/x86_64/pkgs/gatk/4.0.8.1/gatk-package-4.0.8.1-local.jar!/com/intel/gkl/native/libgkl_utils.so
11:09:18.274 INFO  NativeLibraryLoader - Loading libgkl_pairhmm_omp.so from jar:file:/bigdata/operations/pkgadmin/opt/linux/centos/7.x/x86_64/pkgs/gatk/4.0.8.1/gatk-package-4.0.8.1-local.jar!/com/intel/gkl/native/libgkl_pairhmm_omp.so
11:09:18.316 WARN  IntelPairHmm - Flush-to-zero (FTZ) is enabled when running PairHMM
11:09:18.316 INFO  IntelPairHmm - Available threads: 2
11:09:18.317 INFO  IntelPairHmm - Requested threads: 4
11:09:18.317 WARN  IntelPairHmm - Using 2 available threads, but 4 were requested
11:09:18.317 INFO  PairHMM - Using the OpenMP multi-threaded AVX-accelerated native PairHMM implementation
11:09:18.374 INFO  ProgressMeter - Starting traversal
11:09:18.375 INFO  ProgressMeter -        Current Locus  Elapsed Minutes     Regions Processed   Regions/Minute
11:09:29.993 INFO  HaplotypeCaller - 158842 read(s) filtered by: ((((((((MappingQualityReadFilter AND MappingQualityAvailableReadFilter) AND MappedReadFilter) AND NotSecondaryAlignmentReadFilter) AND NotDuplicateReadFilter) AND PassesVendorQualityCheckReadFilter) AND NonZeroReferenceLengthAlignmentReadFilter) AND GoodCigarReadFilter) AND WellformedReadFilter)
  158842 read(s) filtered by: (((((((MappingQualityReadFilter AND MappingQualityAvailableReadFilter) AND MappedReadFilter) AND NotSecondaryAlignmentReadFilter) AND NotDuplicateReadFilter) AND PassesVendorQualityCheckReadFilter) AND NonZeroReferenceLengthAlignmentReadFilter) AND GoodCigarReadFilter)
      158842 read(s) filtered by: ((((((MappingQualityReadFilter AND MappingQualityAvailableReadFilter) AND MappedReadFilter) AND NotSecondaryAlignmentReadFilter) AND NotDuplicateReadFilter) AND PassesVendorQualityCheckReadFilter) AND NonZeroReferenceLengthAlignmentReadFilter)
          158842 read(s) filtered by: (((((MappingQualityReadFilter AND MappingQualityAvailableReadFilter) AND MappedReadFilter) AND NotSecondaryAlignmentReadFilter) AND NotDuplicateReadFilter) AND PassesVendorQualityCheckReadFilter)
              158842 read(s) filtered by: ((((MappingQualityReadFilter AND MappingQualityAvailableReadFilter) AND MappedReadFilter) AND NotSecondaryAlignmentReadFilter) AND NotDuplicateReadFilter)
                  52 read(s) filtered by: (((MappingQualityReadFilter AND MappingQualityAvailableReadFilter) AND MappedReadFilter) AND NotSecondaryAlignmentReadFilter)
                      52 read(s) filtered by: ((MappingQualityReadFilter AND MappingQualityAvailableReadFilter) AND MappedReadFilter)
                          52 read(s) filtered by: (MappingQualityReadFilter AND MappingQualityAvailableReadFilter)
                              52 read(s) filtered by: MappingQualityReadFilter 
                  158790 read(s) filtered by: NotDuplicateReadFilter 

11:09:29.994 INFO  ProgressMeter -           SpFUL1:141              0.2                    28            144.6
11:09:29.994 INFO  ProgressMeter - Traversal complete. Processed 28 total regions in 0.2 minutes.
11:09:30.004 INFO  VectorLoglessPairHMM - Time spent in setup for JNI call : 0.017822089000000003
11:09:30.004 INFO  PairHMM - Total compute time in PairHMM computeLogLikelihoods() : 1.5644021060000002
11:09:30.004 INFO  SmithWatermanAligner - Total compute time in java Smith-Waterman : 2.76 sec
11:09:30.004 INFO  HaplotypeCaller - Shutting down engine
[May 26, 2020 11:09:30 AM PDT] org.broadinstitute.hellbender.tools.walkers.haplotypecaller.HaplotypeCaller done. Elapsed time: 0.22 minutes.
Runtime.totalMemory()=2650275840
