Sourcing executables from speedseq.config ...
Aligning...
samblaster: Version 0.1.22
samblaster: Inputting from stdin
samblaster: Outputting to stdout
samblaster: Opening F2.SGGfZx5VBiTL/disc_pipe for write.
[M::bwa_idx_load_from_disk] read 0 ALT contigs
samblaster: Opening F2.SGGfZx5VBiTL/spl_pipe for write.
[M::process] read 71908 sequences (10000193 bp)...
[M::process] read 71866 sequences (10000269 bp)...
[M::mem_pestat] # candidate unique pairs for (FF, FR, RF, RR): (0, 35493, 0, 1)
[M::mem_pestat] skip orientation FF as there are not enough pairs
[M::mem_pestat] analyzing insert size distribution for orientation FR...
[M::mem_pestat] (25, 50, 75) percentile: (121, 200, 200)
[M::mem_pestat] low and high boundaries for computing mean and std.dev: (1, 358)
[M::mem_pestat] mean and std.dev: (175.89, 41.43)
[M::mem_pestat] low and high boundaries for proper pairs: (1, 437)
[M::mem_pestat] skip orientation RF as there are not enough pairs
[M::mem_pestat] skip orientation RR as there are not enough pairs
[M::mem_process_seqs] Processed 71908 reads in 4.125 CPU sec, 3.900 real sec
samblaster: Loaded 12 header sequence entries.
[M::process] read 71880 sequences (10000137 bp)...
[M::mem_pestat] # candidate unique pairs for (FF, FR, RF, RR): (1, 35487, 2, 0)
[M::mem_pestat] skip orientation FF as there are not enough pairs
[M::mem_pestat] analyzing insert size distribution for orientation FR...
[M::mem_pestat] (25, 50, 75) percentile: (121, 200, 200)
[M::mem_pestat] low and high boundaries for computing mean and std.dev: (1, 358)
[M::mem_pestat] mean and std.dev: (176.10, 41.47)
[M::mem_pestat] low and high boundaries for proper pairs: (1, 437)
[M::mem_pestat] skip orientation RF as there are not enough pairs
[M::mem_pestat] skip orientation RR as there are not enough pairs
[M::mem_process_seqs] Processed 71866 reads in 4.692 CPU sec, 4.421 real sec
[M::process] read 71770 sequences (10000094 bp)...
[M::mem_pestat] # candidate unique pairs for (FF, FR, RF, RR): (0, 35531, 6, 1)
[M::mem_pestat] skip orientation FF as there are not enough pairs
[M::mem_pestat] analyzing insert size distribution for orientation FR...
[M::mem_pestat] (25, 50, 75) percentile: (121, 200, 200)
[M::mem_pestat] low and high boundaries for computing mean and std.dev: (1, 358)
[M::mem_pestat] mean and std.dev: (175.80, 41.75)
[M::mem_pestat] low and high boundaries for proper pairs: (1, 437)
[M::mem_pestat] skip orientation RF as there are not enough pairs
[M::mem_pestat] skip orientation RR as there are not enough pairs
[M::mem_process_seqs] Processed 71880 reads in 4.588 CPU sec, 4.265 real sec
[M::process] read 29610 sequences (4125437 bp)...
[M::mem_pestat] # candidate unique pairs for (FF, FR, RF, RR): (2, 35538, 6, 1)
[M::mem_pestat] skip orientation FF as there are not enough pairs
[M::mem_pestat] analyzing insert size distribution for orientation FR...
[M::mem_pestat] (25, 50, 75) percentile: (121, 200, 200)
[M::mem_pestat] low and high boundaries for computing mean and std.dev: (1, 358)
[M::mem_pestat] mean and std.dev: (176.13, 41.93)
[M::mem_pestat] low and high boundaries for proper pairs: (1, 437)
[M::mem_pestat] skip orientation RF as there are not enough pairs
[M::mem_pestat] skip orientation RR as there are not enough pairs
[M::mem_process_seqs] Processed 71770 reads in 3.950 CPU sec, 3.878 real sec
[M::mem_pestat] # candidate unique pairs for (FF, FR, RF, RR): (1, 14665, 4, 0)
[M::mem_pestat] skip orientation FF as there are not enough pairs
[M::mem_pestat] analyzing insert size distribution for orientation FR...
[M::mem_pestat] (25, 50, 75) percentile: (121, 200, 200)
[M::mem_pestat] low and high boundaries for computing mean and std.dev: (1, 358)
[M::mem_pestat] mean and std.dev: (176.43, 42.27)
[M::mem_pestat] low and high boundaries for proper pairs: (1, 437)
[M::mem_pestat] skip orientation RF as there are not enough pairs
[M::mem_pestat] skip orientation RR as there are not enough pairs
[M::mem_process_seqs] Processed 29610 reads in 1.806 CPU sec, 1.805 real sec
samblaster: Output 154 discordant read pairs to F2.SGGfZx5VBiTL/disc_pipe
[main] Version: 0.7.12-r1039
samblaster: Output 232 split reads to F2.SGGfZx5VBiTL/spl_pipe
[main] CMD: /opt/linux/centos/7.x/x86_64/pkgs/bwa/0.7.12/bin/bwa mem -t 1 -R @RG\tID:F2\tSM:F2\tLB:Lib\ References.fasta ExternalData/Pooled/Stacks/F2.1.fq.gz ExternalData/Pooled/Stacks/F2.2.fq.gzsamblaster: Marked 157628 of 158517 (99.44%) read ids as duplicates using 1344k memory in 
[main] Real time: 18.633 sec; CPU: 19.349 sec
0.663S CPU seconds and 19S wall time.
Done
Using GATK jar /bigdata/operations/pkgadmin/opt/linux/centos/7.x/x86_64/pkgs/gatk/4.0.8.1/gatk-package-4.0.8.1-local.jar
Running:
    java -Dsamjdk.use_async_io_read_samtools=false -Dsamjdk.use_async_io_write_samtools=true -Dsamjdk.use_async_io_write_tribble=false -Dsamjdk.compression_level=2 -jar /bigdata/operations/pkgadmin/opt/linux/centos/7.x/x86_64/pkgs/gatk/4.0.8.1/gatk-package-4.0.8.1-local.jar HaplotypeCaller -R References.fasta -I results/F2.bam -O results/F2.g.vcf -ERC GVCF
15:11:11.298 INFO  NativeLibraryLoader - Loading libgkl_compression.so from jar:file:/bigdata/operations/pkgadmin/opt/linux/centos/7.x/x86_64/pkgs/gatk/4.0.8.1/gatk-package-4.0.8.1-local.jar!/com/intel/gkl/native/libgkl_compression.so
15:11:11.713 INFO  HaplotypeCaller - ------------------------------------------------------------
15:11:11.715 INFO  HaplotypeCaller - The Genome Analysis Toolkit (GATK) v4.0.8.1
15:11:11.715 INFO  HaplotypeCaller - For support and documentation go to https://software.broadinstitute.org/gatk/
15:11:11.716 INFO  HaplotypeCaller - Executing as arajewski@i05 on Linux v3.10.0-957.el7.x86_64 amd64
15:11:11.716 INFO  HaplotypeCaller - Java runtime: Java HotSpot(TM) 64-Bit Server VM v1.8.0_45-b14
15:11:11.717 INFO  HaplotypeCaller - Start Date/Time: May 26, 2020 3:11:11 PM PDT
15:11:11.717 INFO  HaplotypeCaller - ------------------------------------------------------------
15:11:11.717 INFO  HaplotypeCaller - ------------------------------------------------------------
15:11:11.718 INFO  HaplotypeCaller - HTSJDK Version: 2.16.0
15:11:11.718 INFO  HaplotypeCaller - Picard Version: 2.18.7
15:11:11.718 INFO  HaplotypeCaller - HTSJDK Defaults.COMPRESSION_LEVEL : 2
15:11:11.718 INFO  HaplotypeCaller - HTSJDK Defaults.USE_ASYNC_IO_READ_FOR_SAMTOOLS : false
15:11:11.718 INFO  HaplotypeCaller - HTSJDK Defaults.USE_ASYNC_IO_WRITE_FOR_SAMTOOLS : true
15:11:11.718 INFO  HaplotypeCaller - HTSJDK Defaults.USE_ASYNC_IO_WRITE_FOR_TRIBBLE : false
15:11:11.718 INFO  HaplotypeCaller - Deflater: IntelDeflater
15:11:11.718 INFO  HaplotypeCaller - Inflater: IntelInflater
15:11:11.718 INFO  HaplotypeCaller - GCS max retries/reopens: 20
15:11:11.718 INFO  HaplotypeCaller - Using google-cloud-java fork https://github.com/broadinstitute/google-cloud-java/releases/tag/0.20.5-alpha-GCS-RETRY-FIX
15:11:11.719 INFO  HaplotypeCaller - Initializing engine
15:11:12.873 INFO  HaplotypeCaller - Done initializing engine
15:11:12.879 INFO  HaplotypeCallerEngine - Tool is in reference confidence mode and the annotation, the following changes will be made to any specified annotations: 'StrandBiasBySample' will be enabled. 'ChromosomeCounts', 'FisherStrand', 'StrandOddsRatio' and 'QualByDepth' annotations have been disabled
15:11:12.884 INFO  HaplotypeCallerEngine - Standard Emitting and Calling confidence set to 0.0 for reference-model confidence output
15:11:12.884 INFO  HaplotypeCallerEngine - All sites annotated with PLs forced to true for reference-model confidence output
15:11:12.906 INFO  NativeLibraryLoader - Loading libgkl_utils.so from jar:file:/bigdata/operations/pkgadmin/opt/linux/centos/7.x/x86_64/pkgs/gatk/4.0.8.1/gatk-package-4.0.8.1-local.jar!/com/intel/gkl/native/libgkl_utils.so
15:11:12.909 INFO  NativeLibraryLoader - Loading libgkl_pairhmm_omp.so from jar:file:/bigdata/operations/pkgadmin/opt/linux/centos/7.x/x86_64/pkgs/gatk/4.0.8.1/gatk-package-4.0.8.1-local.jar!/com/intel/gkl/native/libgkl_pairhmm_omp.so
15:11:12.952 WARN  IntelPairHmm - Flush-to-zero (FTZ) is enabled when running PairHMM
15:11:12.953 INFO  IntelPairHmm - Available threads: 2
15:11:12.953 INFO  IntelPairHmm - Requested threads: 4
15:11:12.953 WARN  IntelPairHmm - Using 2 available threads, but 4 were requested
15:11:12.953 INFO  PairHMM - Using the OpenMP multi-threaded AVX-accelerated native PairHMM implementation
15:11:13.029 INFO  ProgressMeter - Starting traversal
15:11:13.029 INFO  ProgressMeter -        Current Locus  Elapsed Minutes     Regions Processed   Regions/Minute
15:11:24.016 INFO  ProgressMeter -           SpFUL2:217              0.2                    20            109.2
15:11:27.469 INFO  HaplotypeCaller - 317612 read(s) filtered by: ((((((((MappingQualityReadFilter AND MappingQualityAvailableReadFilter) AND MappedReadFilter) AND NotSecondaryAlignmentReadFilter) AND NotDuplicateReadFilter) AND PassesVendorQualityCheckReadFilter) AND NonZeroReferenceLengthAlignmentReadFilter) AND GoodCigarReadFilter) AND WellformedReadFilter)
  317612 read(s) filtered by: (((((((MappingQualityReadFilter AND MappingQualityAvailableReadFilter) AND MappedReadFilter) AND NotSecondaryAlignmentReadFilter) AND NotDuplicateReadFilter) AND PassesVendorQualityCheckReadFilter) AND NonZeroReferenceLengthAlignmentReadFilter) AND GoodCigarReadFilter)
      317612 read(s) filtered by: ((((((MappingQualityReadFilter AND MappingQualityAvailableReadFilter) AND MappedReadFilter) AND NotSecondaryAlignmentReadFilter) AND NotDuplicateReadFilter) AND PassesVendorQualityCheckReadFilter) AND NonZeroReferenceLengthAlignmentReadFilter)
          317612 read(s) filtered by: (((((MappingQualityReadFilter AND MappingQualityAvailableReadFilter) AND MappedReadFilter) AND NotSecondaryAlignmentReadFilter) AND NotDuplicateReadFilter) AND PassesVendorQualityCheckReadFilter)
              317612 read(s) filtered by: ((((MappingQualityReadFilter AND MappingQualityAvailableReadFilter) AND MappedReadFilter) AND NotSecondaryAlignmentReadFilter) AND NotDuplicateReadFilter)
                  383 read(s) filtered by: (((MappingQualityReadFilter AND MappingQualityAvailableReadFilter) AND MappedReadFilter) AND NotSecondaryAlignmentReadFilter)
                      383 read(s) filtered by: ((MappingQualityReadFilter AND MappingQualityAvailableReadFilter) AND MappedReadFilter)
                          383 read(s) filtered by: (MappingQualityReadFilter AND MappingQualityAvailableReadFilter)
                              383 read(s) filtered by: MappingQualityReadFilter 
                  317229 read(s) filtered by: NotDuplicateReadFilter 

15:11:27.470 INFO  ProgressMeter -         SpMBP20.2:79              0.2                    30            124.6
15:11:27.470 INFO  ProgressMeter - Traversal complete. Processed 30 total regions in 0.2 minutes.
15:11:27.490 INFO  VectorLoglessPairHMM - Time spent in setup for JNI call : 0.016391974
15:11:27.491 INFO  PairHMM - Total compute time in PairHMM computeLogLikelihoods() : 1.500617286
15:11:27.491 INFO  SmithWatermanAligner - Total compute time in java Smith-Waterman : 2.97 sec
15:11:27.491 INFO  HaplotypeCaller - Shutting down engine
[May 26, 2020 3:11:27 PM PDT] org.broadinstitute.hellbender.tools.walkers.haplotypecaller.HaplotypeCaller done. Elapsed time: 0.27 minutes.
Runtime.totalMemory()=2831679488
