Sourcing executables from speedseq.config ...
Aligning...
[M::bwa_idx_load_from_disk] read 0 ALT contigs
samblaster: Version 0.1.22
samblaster: Inputting from stdin
samblaster: Outputting to stdout
samblaster: Opening A1.a9sV3Yz4rr7L/disc_pipe for write.
samblaster: Opening A1.a9sV3Yz4rr7L/spl_pipe for write.
[M::process] read 67116 sequences (10000284 bp)...
[M::process] read 67116 sequences (10000284 bp)...
[M::mem_pestat] # candidate unique pairs for (FF, FR, RF, RR): (728, 0, 0, 13)
[M::mem_pestat] analyzing insert size distribution for orientation FF...
[M::mem_pestat] (25, 50, 75) percentile: (2, 4, 4)
[M::mem_pestat] low and high boundaries for computing mean and std.dev: (1, 8)
[M::mem_pestat] mean and std.dev: (3.68, 1.91)
[M::mem_pestat] low and high boundaries for proper pairs: (1, 10)
[M::mem_pestat] skip orientation FR as there are not enough pairs
[M::mem_pestat] skip orientation RF as there are not enough pairs
[M::mem_pestat] analyzing insert size distribution for orientation RR...
[M::mem_pestat] (25, 50, 75) percentile: (4, 4, 4)
[M::mem_pestat] low and high boundaries for computing mean and std.dev: (4, 4)
[M::mem_pestat] mean and std.dev: (4.00, 0.00)
[M::mem_pestat] low and high boundaries for proper pairs: (4, 4)
[M::mem_pestat] skip orientation RR
[M::mem_process_seqs] Processed 67116 reads in 7.099 CPU sec, 6.947 real sec
samblaster: Loaded 12 header sequence entries.
[M::process] read 67116 sequences (10000284 bp)...
[M::mem_pestat] # candidate unique pairs for (FF, FR, RF, RR): (841, 0, 0, 14)
[M::mem_pestat] analyzing insert size distribution for orientation FF...
[M::mem_pestat] (25, 50, 75) percentile: (4, 4, 4)
[M::mem_pestat] low and high boundaries for computing mean and std.dev: (4, 4)
[M::mem_pestat] mean and std.dev: (4.00, 0.00)
[M::mem_pestat] low and high boundaries for proper pairs: (4, 4)
[M::mem_pestat] skip orientation FR as there are not enough pairs
[M::mem_pestat] skip orientation RF as there are not enough pairs
[M::mem_pestat] analyzing insert size distribution for orientation RR...
[M::mem_pestat] (25, 50, 75) percentile: (4, 4, 4)
[M::mem_pestat] low and high boundaries for computing mean and std.dev: (4, 4)
[M::mem_pestat] mean and std.dev: (4.00, 0.00)
[M::mem_pestat] low and high boundaries for proper pairs: (4, 4)
[M::mem_pestat] skip orientation RR
[M::mem_process_seqs] Processed 67116 reads in 7.413 CPU sec, 7.266 real sec
[M::process] read 67116 sequences (10000284 bp)...
[M::mem_pestat] # candidate unique pairs for (FF, FR, RF, RR): (654, 0, 0, 16)
[M::mem_pestat] analyzing insert size distribution for orientation FF...
[M::mem_pestat] (25, 50, 75) percentile: (1, 4, 4)
[M::mem_pestat] low and high boundaries for computing mean and std.dev: (1, 10)
[M::mem_pestat] mean and std.dev: (3.71, 2.12)
[M::mem_pestat] low and high boundaries for proper pairs: (1, 13)
[M::mem_pestat] skip orientation FR as there are not enough pairs
[M::mem_pestat] skip orientation RF as there are not enough pairs
[M::mem_pestat] analyzing insert size distribution for orientation RR...
[M::mem_pestat] (25, 50, 75) percentile: (4, 4, 4)
[M::mem_pestat] low and high boundaries for computing mean and std.dev: (4, 4)
[M::mem_pestat] mean and std.dev: (4.00, 0.00)
[M::mem_pestat] low and high boundaries for proper pairs: (4, 4)
[M::mem_pestat] skip orientation RR
[M::mem_process_seqs] Processed 67116 reads in 7.538 CPU sec, 7.369 real sec
[M::process] read 67116 sequences (10000284 bp)...
[M::mem_pestat] # candidate unique pairs for (FF, FR, RF, RR): (690, 0, 0, 11)
[M::mem_pestat] analyzing insert size distribution for orientation FF...
[M::mem_pestat] (25, 50, 75) percentile: (2, 4, 4)
[M::mem_pestat] low and high boundaries for computing mean and std.dev: (1, 8)
[M::mem_pestat] mean and std.dev: (3.66, 1.96)
[M::mem_pestat] low and high boundaries for proper pairs: (1, 10)
[M::mem_pestat] skip orientation FR as there are not enough pairs
[M::mem_pestat] skip orientation RF as there are not enough pairs
[M::mem_pestat] analyzing insert size distribution for orientation RR...
[M::mem_pestat] (25, 50, 75) percentile: (4, 4, 4)
[M::mem_pestat] low and high boundaries for computing mean and std.dev: (4, 4)
[M::mem_pestat] mean and std.dev: (4.00, 0.00)
[M::mem_pestat] low and high boundaries for proper pairs: (4, 4)
[M::mem_pestat] skip orientation RR
[M::mem_process_seqs] Processed 67116 reads in 7.447 CPU sec, 7.290 real sec
[M::process] read 67116 sequences (10000284 bp)...
[M::mem_pestat] # candidate unique pairs for (FF, FR, RF, RR): (809, 0, 0, 12)
[M::mem_pestat] analyzing insert size distribution for orientation FF...
[M::mem_pestat] (25, 50, 75) percentile: (1, 2, 4)
[M::mem_pestat] low and high boundaries for computing mean and std.dev: (1, 10)
[M::mem_pestat] mean and std.dev: (2.80, 2.16)
[M::mem_pestat] low and high boundaries for proper pairs: (1, 13)
[M::mem_pestat] skip orientation FR as there are not enough pairs
[M::mem_pestat] skip orientation RF as there are not enough pairs
[M::mem_pestat] analyzing insert size distribution for orientation RR...
[M::mem_pestat] (25, 50, 75) percentile: (4, 4, 4)
[M::mem_pestat] low and high boundaries for computing mean and std.dev: (4, 4)
[M::mem_pestat] mean and std.dev: (4.00, 0.00)
[M::mem_pestat] low and high boundaries for proper pairs: (4, 4)
[M::mem_pestat] skip orientation RR
[M::mem_process_seqs] Processed 67116 reads in 7.487 CPU sec, 7.287 real sec
[M::process] read 67116 sequences (10000284 bp)...
[M::mem_pestat] # candidate unique pairs for (FF, FR, RF, RR): (1004, 0, 0, 14)
[M::mem_pestat] analyzing insert size distribution for orientation FF...
[M::mem_pestat] (25, 50, 75) percentile: (1, 1, 4)
[M::mem_pestat] low and high boundaries for computing mean and std.dev: (1, 10)
[M::mem_pestat] mean and std.dev: (2.41, 2.10)
[M::mem_pestat] low and high boundaries for proper pairs: (1, 13)
[M::mem_pestat] skip orientation FR as there are not enough pairs
[M::mem_pestat] skip orientation RF as there are not enough pairs
[M::mem_pestat] analyzing insert size distribution for orientation RR...
[M::mem_pestat] (25, 50, 75) percentile: (4, 4, 4)
[M::mem_pestat] low and high boundaries for computing mean and std.dev: (4, 4)
[M::mem_pestat] mean and std.dev: (4.00, 0.00)
[M::mem_pestat] low and high boundaries for proper pairs: (4, 4)
[M::mem_pestat] skip orientation RR
[M::mem_process_seqs] Processed 67116 reads in 7.460 CPU sec, 7.288 real sec
[M::process] read 50162 sequences (7474138 bp)...
[M::mem_pestat] # candidate unique pairs for (FF, FR, RF, RR): (779, 0, 0, 11)
[M::mem_pestat] analyzing insert size distribution for orientation FF...
[M::mem_pestat] (25, 50, 75) percentile: (1, 4, 4)
[M::mem_pestat] low and high boundaries for computing mean and std.dev: (1, 10)
[M::mem_pestat] mean and std.dev: (3.09, 2.12)
[M::mem_pestat] low and high boundaries for proper pairs: (1, 13)
[M::mem_pestat] skip orientation FR as there are not enough pairs
[M::mem_pestat] skip orientation RF as there are not enough pairs
[M::mem_pestat] analyzing insert size distribution for orientation RR...
[M::mem_pestat] (25, 50, 75) percentile: (4, 4, 4)
[M::mem_pestat] low and high boundaries for computing mean and std.dev: (4, 4)
[M::mem_pestat] mean and std.dev: (4.00, 0.00)
[M::mem_pestat] low and high boundaries for proper pairs: (4, 4)
[M::mem_pestat] skip orientation RR
[M::mem_process_seqs] Processed 67116 reads in 7.470 CPU sec, 7.314 real sec
[M::mem_pestat] # candidate unique pairs for (FF, FR, RF, RR): (654, 0, 0, 3)
[M::mem_pestat] analyzing insert size distribution for orientation FF...
[M::mem_pestat] (25, 50, 75) percentile: (1, 1, 4)
[M::mem_pestat] low and high boundaries for computing mean and std.dev: (1, 10)
[M::mem_pestat] mean and std.dev: (2.68, 2.23)
[M::mem_pestat] low and high boundaries for proper pairs: (1, 13)
[M::mem_pestat] skip orientation FR as there are not enough pairs
[M::mem_pestat] skip orientation RF as there are not enough pairs
[M::mem_pestat] skip orientation RR as there are not enough pairs
[M::mem_process_seqs] Processed 50162 reads in 5.522 CPU sec, 5.483 real sec
samblaster: Output 229 discordant read pairs to A1.a9sV3Yz4rr7L/disc_pipe
[main] Version: 0.7.12-r1039
samblaster: Output 40 split reads to A1.a9sV3Yz4rr7L/spl_pipe
[main] CMD: /opt/linux/centos/7.x/x86_64/pkgs/bwa/0.7.12/bin/bwa mem -t 1 -R @RG\tID:A1\tSM:A1\tLB:Lib\ References.fasta ExternalData/A1_pair1.fastq ExternalData/A1_pair2.fastqsamblaster: Marked 231896 of 259987 (89.20%) read ids as duplicates using 1344k memory in 
[main] Real time: 56.677 sec; CPU: 57.611 sec
1.085S CPU seconds and 57S wall time.
Done
Using GATK jar /bigdata/operations/pkgadmin/opt/linux/centos/7.x/x86_64/pkgs/gatk/4.0.8.1/gatk-package-4.0.8.1-local.jar
Running:
    java -Dsamjdk.use_async_io_read_samtools=false -Dsamjdk.use_async_io_write_samtools=true -Dsamjdk.use_async_io_write_tribble=false -Dsamjdk.compression_level=2 -jar /bigdata/operations/pkgadmin/opt/linux/centos/7.x/x86_64/pkgs/gatk/4.0.8.1/gatk-package-4.0.8.1-local.jar HaplotypeCaller -R References.fasta -I results/A1.bam -O results/A1.g.vcf -ERC GVCF
10:59:17.884 INFO  NativeLibraryLoader - Loading libgkl_compression.so from jar:file:/bigdata/operations/pkgadmin/opt/linux/centos/7.x/x86_64/pkgs/gatk/4.0.8.1/gatk-package-4.0.8.1-local.jar!/com/intel/gkl/native/libgkl_compression.so
10:59:18.137 INFO  HaplotypeCaller - ------------------------------------------------------------
10:59:18.140 INFO  HaplotypeCaller - The Genome Analysis Toolkit (GATK) v4.0.8.1
10:59:18.141 INFO  HaplotypeCaller - For support and documentation go to https://software.broadinstitute.org/gatk/
10:59:18.142 INFO  HaplotypeCaller - Executing as arajewski@i24 on Linux v3.10.0-957.el7.x86_64 amd64
10:59:18.142 INFO  HaplotypeCaller - Java runtime: Java HotSpot(TM) 64-Bit Server VM v1.8.0_45-b14
10:59:18.143 INFO  HaplotypeCaller - Start Date/Time: May 26, 2020 10:59:17 AM PDT
10:59:18.143 INFO  HaplotypeCaller - ------------------------------------------------------------
10:59:18.143 INFO  HaplotypeCaller - ------------------------------------------------------------
10:59:18.144 INFO  HaplotypeCaller - HTSJDK Version: 2.16.0
10:59:18.144 INFO  HaplotypeCaller - Picard Version: 2.18.7
10:59:18.144 INFO  HaplotypeCaller - HTSJDK Defaults.COMPRESSION_LEVEL : 2
10:59:18.144 INFO  HaplotypeCaller - HTSJDK Defaults.USE_ASYNC_IO_READ_FOR_SAMTOOLS : false
10:59:18.144 INFO  HaplotypeCaller - HTSJDK Defaults.USE_ASYNC_IO_WRITE_FOR_SAMTOOLS : true
10:59:18.144 INFO  HaplotypeCaller - HTSJDK Defaults.USE_ASYNC_IO_WRITE_FOR_TRIBBLE : false
10:59:18.144 INFO  HaplotypeCaller - Deflater: IntelDeflater
10:59:18.144 INFO  HaplotypeCaller - Inflater: IntelInflater
10:59:18.144 INFO  HaplotypeCaller - GCS max retries/reopens: 20
10:59:18.144 INFO  HaplotypeCaller - Using google-cloud-java fork https://github.com/broadinstitute/google-cloud-java/releases/tag/0.20.5-alpha-GCS-RETRY-FIX
10:59:18.145 INFO  HaplotypeCaller - Initializing engine
10:59:19.124 INFO  HaplotypeCaller - Done initializing engine
10:59:19.132 INFO  HaplotypeCallerEngine - Tool is in reference confidence mode and the annotation, the following changes will be made to any specified annotations: 'StrandBiasBySample' will be enabled. 'ChromosomeCounts', 'FisherStrand', 'StrandOddsRatio' and 'QualByDepth' annotations have been disabled
10:59:19.139 INFO  HaplotypeCallerEngine - Standard Emitting and Calling confidence set to 0.0 for reference-model confidence output
10:59:19.139 INFO  HaplotypeCallerEngine - All sites annotated with PLs forced to true for reference-model confidence output
10:59:19.155 INFO  NativeLibraryLoader - Loading libgkl_utils.so from jar:file:/bigdata/operations/pkgadmin/opt/linux/centos/7.x/x86_64/pkgs/gatk/4.0.8.1/gatk-package-4.0.8.1-local.jar!/com/intel/gkl/native/libgkl_utils.so
10:59:19.161 INFO  NativeLibraryLoader - Loading libgkl_pairhmm_omp.so from jar:file:/bigdata/operations/pkgadmin/opt/linux/centos/7.x/x86_64/pkgs/gatk/4.0.8.1/gatk-package-4.0.8.1-local.jar!/com/intel/gkl/native/libgkl_pairhmm_omp.so
10:59:19.202 WARN  IntelPairHmm - Flush-to-zero (FTZ) is enabled when running PairHMM
10:59:19.203 INFO  IntelPairHmm - Available threads: 2
10:59:19.203 INFO  IntelPairHmm - Requested threads: 4
10:59:19.203 WARN  IntelPairHmm - Using 2 available threads, but 4 were requested
10:59:19.203 INFO  PairHMM - Using the OpenMP multi-threaded AVX-accelerated native PairHMM implementation
10:59:19.274 INFO  ProgressMeter - Starting traversal
10:59:19.274 INFO  ProgressMeter -        Current Locus  Elapsed Minutes     Regions Processed   Regions/Minute
10:59:30.981 INFO  ProgressMeter -            SpFUL2:51              0.2                    20            102.5
10:59:33.638 INFO  HaplotypeCaller - 463823 read(s) filtered by: ((((((((MappingQualityReadFilter AND MappingQualityAvailableReadFilter) AND MappedReadFilter) AND NotSecondaryAlignmentReadFilter) AND NotDuplicateReadFilter) AND PassesVendorQualityCheckReadFilter) AND NonZeroReferenceLengthAlignmentReadFilter) AND GoodCigarReadFilter) AND WellformedReadFilter)
  463823 read(s) filtered by: (((((((MappingQualityReadFilter AND MappingQualityAvailableReadFilter) AND MappedReadFilter) AND NotSecondaryAlignmentReadFilter) AND NotDuplicateReadFilter) AND PassesVendorQualityCheckReadFilter) AND NonZeroReferenceLengthAlignmentReadFilter) AND GoodCigarReadFilter)
      463823 read(s) filtered by: ((((((MappingQualityReadFilter AND MappingQualityAvailableReadFilter) AND MappedReadFilter) AND NotSecondaryAlignmentReadFilter) AND NotDuplicateReadFilter) AND PassesVendorQualityCheckReadFilter) AND NonZeroReferenceLengthAlignmentReadFilter)
          463823 read(s) filtered by: (((((MappingQualityReadFilter AND MappingQualityAvailableReadFilter) AND MappedReadFilter) AND NotSecondaryAlignmentReadFilter) AND NotDuplicateReadFilter) AND PassesVendorQualityCheckReadFilter)
              463823 read(s) filtered by: ((((MappingQualityReadFilter AND MappingQualityAvailableReadFilter) AND MappedReadFilter) AND NotSecondaryAlignmentReadFilter) AND NotDuplicateReadFilter)
                  287 read(s) filtered by: (((MappingQualityReadFilter AND MappingQualityAvailableReadFilter) AND MappedReadFilter) AND NotSecondaryAlignmentReadFilter)
                      287 read(s) filtered by: ((MappingQualityReadFilter AND MappingQualityAvailableReadFilter) AND MappedReadFilter)
                          287 read(s) filtered by: (MappingQualityReadFilter AND MappingQualityAvailableReadFilter)
                              287 read(s) filtered by: MappingQualityReadFilter 
                  463536 read(s) filtered by: NotDuplicateReadFilter 

10:59:33.639 INFO  ProgressMeter -            SpFUL2:51              0.2                    29            121.1
10:59:33.639 INFO  ProgressMeter - Traversal complete. Processed 29 total regions in 0.2 minutes.
10:59:33.647 INFO  VectorLoglessPairHMM - Time spent in setup for JNI call : 0.005007127
10:59:33.647 INFO  PairHMM - Total compute time in PairHMM computeLogLikelihoods() : 2.7929362880000004
10:59:33.648 INFO  SmithWatermanAligner - Total compute time in java Smith-Waterman : 3.14 sec
10:59:33.648 INFO  HaplotypeCaller - Shutting down engine
[May 26, 2020 10:59:33 AM PDT] org.broadinstitute.hellbender.tools.walkers.haplotypecaller.HaplotypeCaller done. Elapsed time: 0.26 minutes.
Runtime.totalMemory()=2646081536
