Sourcing executables from speedseq.config ...
Aligning...
samblaster: Version 0.1.22
samblaster: Inputting from stdin
samblaster: Outputting to stdout
samblaster: Opening B2.BnOaijGD5XXM/disc_pipe for write.
[M::bwa_idx_load_from_disk] read 0 ALT contigs
samblaster: Opening B2.BnOaijGD5XXM/spl_pipe for write.
[M::process] read 70662 sequences (10000271 bp)...
[M::process] read 70680 sequences (10000273 bp)...
[M::mem_pestat] # candidate unique pairs for (FF, FR, RF, RR): (0, 31939, 0, 0)
[M::mem_pestat] skip orientation FF as there are not enough pairs
[M::mem_pestat] analyzing insert size distribution for orientation FR...
[M::mem_pestat] (25, 50, 75) percentile: (189, 199, 210)
[M::mem_pestat] low and high boundaries for computing mean and std.dev: (147, 252)
[M::mem_pestat] mean and std.dev: (202.19, 13.01)
[M::mem_pestat] low and high boundaries for proper pairs: (126, 273)
[M::mem_pestat] skip orientation RF as there are not enough pairs
[M::mem_pestat] skip orientation RR as there are not enough pairs
[M::mem_process_seqs] Processed 70662 reads in 4.642 CPU sec, 4.489 real sec
samblaster: Loaded 12 header sequence entries.
[M::process] read 70698 sequences (10000187 bp)...
[M::mem_pestat] # candidate unique pairs for (FF, FR, RF, RR): (0, 31870, 2, 0)
[M::mem_pestat] skip orientation FF as there are not enough pairs
[M::mem_pestat] analyzing insert size distribution for orientation FR...
[M::mem_pestat] (25, 50, 75) percentile: (189, 199, 210)
[M::mem_pestat] low and high boundaries for computing mean and std.dev: (147, 252)
[M::mem_pestat] mean and std.dev: (202.09, 12.93)
[M::mem_pestat] low and high boundaries for proper pairs: (126, 273)
[M::mem_pestat] skip orientation RF as there are not enough pairs
[M::mem_pestat] skip orientation RR as there are not enough pairs
[M::mem_process_seqs] Processed 70680 reads in 5.113 CPU sec, 4.847 real sec
[M::process] read 70590 sequences (10000091 bp)...
[M::mem_pestat] # candidate unique pairs for (FF, FR, RF, RR): (0, 31851, 2, 0)
[M::mem_pestat] skip orientation FF as there are not enough pairs
[M::mem_pestat] analyzing insert size distribution for orientation FR...
[M::mem_pestat] (25, 50, 75) percentile: (189, 199, 210)
[M::mem_pestat] low and high boundaries for computing mean and std.dev: (147, 252)
[M::mem_pestat] mean and std.dev: (201.99, 12.97)
[M::mem_pestat] low and high boundaries for proper pairs: (126, 273)
[M::mem_pestat] skip orientation RF as there are not enough pairs
[M::mem_pestat] skip orientation RR as there are not enough pairs
[M::mem_process_seqs] Processed 70698 reads in 5.046 CPU sec, 4.846 real sec
[M::process] read 17838 sequences (2527771 bp)...
[M::mem_pestat] # candidate unique pairs for (FF, FR, RF, RR): (0, 31865, 0, 0)
[M::mem_pestat] skip orientation FF as there are not enough pairs
[M::mem_pestat] analyzing insert size distribution for orientation FR...
[M::mem_pestat] (25, 50, 75) percentile: (189, 199, 210)
[M::mem_pestat] low and high boundaries for computing mean and std.dev: (147, 252)
[M::mem_pestat] mean and std.dev: (202.16, 13.04)
[M::mem_pestat] low and high boundaries for proper pairs: (126, 273)
[M::mem_pestat] skip orientation RF as there are not enough pairs
[M::mem_pestat] skip orientation RR as there are not enough pairs
[M::mem_process_seqs] Processed 70590 reads in 4.791 CPU sec, 4.747 real sec
[M::mem_pestat] # candidate unique pairs for (FF, FR, RF, RR): (0, 8074, 0, 0)
[M::mem_pestat] skip orientation FF as there are not enough pairs
[M::mem_pestat] analyzing insert size distribution for orientation FR...
[M::mem_pestat] (25, 50, 75) percentile: (189, 199, 210)
[M::mem_pestat] low and high boundaries for computing mean and std.dev: (147, 252)
[M::mem_pestat] mean and std.dev: (202.07, 12.76)
[M::mem_pestat] low and high boundaries for proper pairs: (126, 273)
[M::mem_pestat] skip orientation RF as there are not enough pairs
[M::mem_pestat] skip orientation RR as there are not enough pairs
[M::mem_process_seqs] Processed 17838 reads in 1.490 CPU sec, 1.477 real sec
samblaster: Output 80 discordant read pairs to B2.BnOaijGD5XXM/disc_pipe
[main] Version: 0.7.12-r1039
samblaster: Output 8 split reads to B2.BnOaijGD5XXM/spl_pipe
[main] CMD: /opt/linux/centos/7.x/x86_64/pkgs/bwa/0.7.12/bin/bwa mem -t 1 -R @RG\tID:B2\tSM:B2\tLB:Lib\ References.fastasamblaster: Marked 149227 of 150234 (99.33%) read ids as duplicates ExternalData/Flowcell_1304/Pooled/Stacks/B2.1.fq.gz ExternalData/Flowcell_1304/Pooled/Stacks/B2.2.fq.gz using 1344k memory in 0.602S
[main] Real time: 20.713 sec; CPU: 21.249 sec
 CPU seconds and 21S wall time.
Done
