Sourcing executables from speedseq.config ...
Aligning...
samblaster: Version 0.1.22
samblaster: Inputting from stdin
samblaster: Outputting to stdout
samblaster: Opening E11.MVmY6wb2Cdn9/disc_pipe for write.
[M::bwa_idx_load_from_disk] read 0 ALT contigs
samblaster: Opening E11.MVmY6wb2Cdn9/spl_pipe for write.
[M::process] read 75058 sequences (10000167 bp)...
[M::process] read 75038 sequences (10000264 bp)...
[M::mem_pestat] # candidate unique pairs for (FF, FR, RF, RR): (0, 37440, 0, 0)
[M::mem_pestat] skip orientation FF as there are not enough pairs
[M::mem_pestat] analyzing insert size distribution for orientation FR...
[M::mem_pestat] (25, 50, 75) percentile: (121, 121, 200)
[M::mem_pestat] low and high boundaries for computing mean and std.dev: (1, 358)
[M::mem_pestat] mean and std.dev: (151.39, 38.64)
[M::mem_pestat] low and high boundaries for proper pairs: (1, 437)
[M::mem_pestat] skip orientation RF as there are not enough pairs
[M::mem_pestat] skip orientation RR as there are not enough pairs
[M::mem_process_seqs] Processed 75058 reads in 2.521 CPU sec, 2.336 real sec
samblaster: Loaded 12 header sequence entries.
[M::process] read 74998 sequences (10000092 bp)...
[M::mem_pestat] # candidate unique pairs for (FF, FR, RF, RR): (0, 37480, 0, 0)
[M::mem_pestat] skip orientation FF as there are not enough pairs
[M::mem_pestat] analyzing insert size distribution for orientation FR...
[M::mem_pestat] (25, 50, 75) percentile: (121, 121, 200)
[M::mem_pestat] low and high boundaries for computing mean and std.dev: (1, 358)
[M::mem_pestat] mean and std.dev: (151.60, 38.74)
[M::mem_pestat] low and high boundaries for proper pairs: (1, 437)
[M::mem_pestat] skip orientation RF as there are not enough pairs
[M::mem_pestat] skip orientation RR as there are not enough pairs
[M::mem_process_seqs] Processed 75038 reads in 2.863 CPU sec, 2.654 real sec
[M::process] read 71314 sequences (9506513 bp)...
[M::mem_pestat] # candidate unique pairs for (FF, FR, RF, RR): (0, 37432, 0, 0)
[M::mem_pestat] skip orientation FF as there are not enough pairs
[M::mem_pestat] analyzing insert size distribution for orientation FR...
[M::mem_pestat] (25, 50, 75) percentile: (121, 121, 200)
[M::mem_pestat] low and high boundaries for computing mean and std.dev: (1, 358)
[M::mem_pestat] mean and std.dev: (151.84, 38.73)
[M::mem_pestat] low and high boundaries for proper pairs: (1, 437)
[M::mem_pestat] skip orientation RF as there are not enough pairs
[M::mem_pestat] skip orientation RR as there are not enough pairs
[M::mem_process_seqs] Processed 74998 reads in 2.905 CPU sec, 2.691 real sec
[M::mem_pestat] # candidate unique pairs for (FF, FR, RF, RR): (0, 35582, 0, 0)
[M::mem_pestat] skip orientation FF as there are not enough pairs
[M::mem_pestat] analyzing insert size distribution for orientation FR...
[M::mem_pestat] (25, 50, 75) percentile: (121, 121, 200)
[M::mem_pestat] low and high boundaries for computing mean and std.dev: (1, 358)
[M::mem_pestat] mean and std.dev: (151.66, 38.73)
[M::mem_pestat] low and high boundaries for proper pairs: (1, 437)
[M::mem_pestat] skip orientation RF as there are not enough pairs
[M::mem_pestat] skip orientation RR as there are not enough pairs
[M::mem_process_seqs] Processed 71314 reads in 2.522 CPU sec, 2.475 real sec
samblaster: Output 8 discordant read pairs to E11.MVmY6wb2Cdn9/disc_pipe
samblaster: Output 18 split reads to E11.MVmY6wb2Cdn9/spl_pipe
[main] Version: 0.7.12-r1039
[main] CMD: /opt/linux/centos/7.x/x86_64/pkgs/bwa/0.7.12/bin/bwa mem -tsamblaster: Marked 148040 of 148204 (99.89%) read ids as duplicates 1 -R using 1348k memory in  @RG\tID:E11\tSM:E11\tLB:Lib\0.537S References.fasta CPU seconds and  ExternalData/Flowcell_1304/Pooled/Stacks/E11.1.fq.gz11S ExternalData/Flowcell_1304/Pooled/Stacks/E11.2.fq.gz wall time.

[main] Real time: 10.668 sec; CPU: 11.019 sec
Done
