Sourcing executables from speedseq.config ...
Aligning...
samblaster: Version 0.1.22
samblaster: Inputting from stdin
samblaster: Outputting to stdout
samblaster: Opening D6.EqxPNfBqWDKN/disc_pipe for write.
[M::bwa_idx_load_from_disk] read 0 ALT contigs
samblaster: Opening D6.EqxPNfBqWDKN/spl_pipe for write.
[M::process] read 68740 sequences (10000237 bp)...
[M::process] read 68782 sequences (10000059 bp)...
[M::mem_pestat] # candidate unique pairs for (FF, FR, RF, RR): (0, 33678, 0, 0)
[M::mem_pestat] skip orientation FF as there are not enough pairs
[M::mem_pestat] analyzing insert size distribution for orientation FR...
[M::mem_pestat] (25, 50, 75) percentile: (195, 199, 210)
[M::mem_pestat] low and high boundaries for computing mean and std.dev: (165, 240)
[M::mem_pestat] mean and std.dev: (200.34, 8.40)
[M::mem_pestat] low and high boundaries for proper pairs: (150, 255)
[M::mem_pestat] skip orientation RF as there are not enough pairs
[M::mem_pestat] skip orientation RR as there are not enough pairs
[M::mem_process_seqs] Processed 68740 reads in 5.953 CPU sec, 5.738 real sec
samblaster: Loaded 12 header sequence entries.
[M::process] read 14472 sequences (2108531 bp)...
[M::mem_pestat] # candidate unique pairs for (FF, FR, RF, RR): (0, 33800, 1, 0)
[M::mem_pestat] skip orientation FF as there are not enough pairs
[M::mem_pestat] analyzing insert size distribution for orientation FR...
[M::mem_pestat] (25, 50, 75) percentile: (196, 199, 210)
[M::mem_pestat] low and high boundaries for computing mean and std.dev: (168, 238)
[M::mem_pestat] mean and std.dev: (200.50, 8.27)
[M::mem_pestat] low and high boundaries for proper pairs: (154, 252)
[M::mem_pestat] skip orientation RF as there are not enough pairs
[M::mem_pestat] skip orientation RR as there are not enough pairs
[M::mem_process_seqs] Processed 68782 reads in 5.981 CPU sec, 5.865 real sec
[M::mem_pestat] # candidate unique pairs for (FF, FR, RF, RR): (0, 7138, 0, 0)
[M::mem_pestat] skip orientation FF as there are not enough pairs
[M::mem_pestat] analyzing insert size distribution for orientation FR...
[M::mem_pestat] (25, 50, 75) percentile: (195, 199, 210)
[M::mem_pestat] low and high boundaries for computing mean and std.dev: (165, 240)
[M::mem_pestat] mean and std.dev: (200.29, 8.29)
[M::mem_pestat] low and high boundaries for proper pairs: (150, 255)
[M::mem_pestat] skip orientation RF as there are not enough pairs
[M::mem_pestat] skip orientation RR as there are not enough pairs
[M::mem_process_seqs] Processed 14472 reads in 1.546 CPU sec, 1.456 real sec
[main] Version: 0.7.12-r1039
samblaster: Output 34 discordant read pairs to D6.EqxPNfBqWDKN/disc_pipe
[main] CMD:samblaster: Output 0 split reads to D6.EqxPNfBqWDKN/spl_pipe
 /opt/linux/centos/7.x/x86_64/pkgs/bwa/0.7.12/bin/bwa mem -t 1 -R @RG\tID:D6\tSM:D6\tLB:Lib\ References.fasta ExternalData/Pooled/Stacks/D6.1.fq.gz ExternalData/Pooled/Stacks/D6.2.fq.gzsamblaster: Marked 75163 of 75997 (98.90%) read ids as duplicates using 1340k memory in 
[main] Real time: 13.367 sec; CPU: 13.650 sec
0.315S CPU seconds and 13S wall time.
Done
Using GATK jar /bigdata/operations/pkgadmin/opt/linux/centos/7.x/x86_64/pkgs/gatk/4.0.8.1/gatk-package-4.0.8.1-local.jar
Running:
    java -Dsamjdk.use_async_io_read_samtools=false -Dsamjdk.use_async_io_write_samtools=true -Dsamjdk.use_async_io_write_tribble=false -Dsamjdk.compression_level=2 -jar /bigdata/operations/pkgadmin/opt/linux/centos/7.x/x86_64/pkgs/gatk/4.0.8.1/gatk-package-4.0.8.1-local.jar HaplotypeCaller -R References.fasta -I results/D6.bam -O results/D6.g.vcf -ERC GVCF
15:11:01.115 INFO  NativeLibraryLoader - Loading libgkl_compression.so from jar:file:/bigdata/operations/pkgadmin/opt/linux/centos/7.x/x86_64/pkgs/gatk/4.0.8.1/gatk-package-4.0.8.1-local.jar!/com/intel/gkl/native/libgkl_compression.so
15:11:01.440 INFO  HaplotypeCaller - ------------------------------------------------------------
15:11:01.442 INFO  HaplotypeCaller - The Genome Analysis Toolkit (GATK) v4.0.8.1
15:11:01.446 INFO  HaplotypeCaller - For support and documentation go to https://software.broadinstitute.org/gatk/
15:11:01.446 INFO  HaplotypeCaller - Executing as arajewski@i10 on Linux v3.10.0-957.el7.x86_64 amd64
15:11:01.446 INFO  HaplotypeCaller - Java runtime: Java HotSpot(TM) 64-Bit Server VM v1.8.0_45-b14
15:11:01.446 INFO  HaplotypeCaller - Start Date/Time: May 26, 2020 3:11:01 PM PDT
15:11:01.447 INFO  HaplotypeCaller - ------------------------------------------------------------
15:11:01.447 INFO  HaplotypeCaller - ------------------------------------------------------------
15:11:01.447 INFO  HaplotypeCaller - HTSJDK Version: 2.16.0
15:11:01.447 INFO  HaplotypeCaller - Picard Version: 2.18.7
15:11:01.447 INFO  HaplotypeCaller - HTSJDK Defaults.COMPRESSION_LEVEL : 2
15:11:01.447 INFO  HaplotypeCaller - HTSJDK Defaults.USE_ASYNC_IO_READ_FOR_SAMTOOLS : false
15:11:01.447 INFO  HaplotypeCaller - HTSJDK Defaults.USE_ASYNC_IO_WRITE_FOR_SAMTOOLS : true
15:11:01.447 INFO  HaplotypeCaller - HTSJDK Defaults.USE_ASYNC_IO_WRITE_FOR_TRIBBLE : false
15:11:01.448 INFO  HaplotypeCaller - Deflater: IntelDeflater
15:11:01.448 INFO  HaplotypeCaller - Inflater: IntelInflater
15:11:01.448 INFO  HaplotypeCaller - GCS max retries/reopens: 20
15:11:01.448 INFO  HaplotypeCaller - Using google-cloud-java fork https://github.com/broadinstitute/google-cloud-java/releases/tag/0.20.5-alpha-GCS-RETRY-FIX
15:11:01.448 INFO  HaplotypeCaller - Initializing engine
15:11:02.701 INFO  HaplotypeCaller - Done initializing engine
15:11:02.707 INFO  HaplotypeCallerEngine - Tool is in reference confidence mode and the annotation, the following changes will be made to any specified annotations: 'StrandBiasBySample' will be enabled. 'ChromosomeCounts', 'FisherStrand', 'StrandOddsRatio' and 'QualByDepth' annotations have been disabled
15:11:02.712 INFO  HaplotypeCallerEngine - Standard Emitting and Calling confidence set to 0.0 for reference-model confidence output
15:11:02.712 INFO  HaplotypeCallerEngine - All sites annotated with PLs forced to true for reference-model confidence output
15:11:02.726 INFO  NativeLibraryLoader - Loading libgkl_utils.so from jar:file:/bigdata/operations/pkgadmin/opt/linux/centos/7.x/x86_64/pkgs/gatk/4.0.8.1/gatk-package-4.0.8.1-local.jar!/com/intel/gkl/native/libgkl_utils.so
15:11:02.729 INFO  NativeLibraryLoader - Loading libgkl_pairhmm_omp.so from jar:file:/bigdata/operations/pkgadmin/opt/linux/centos/7.x/x86_64/pkgs/gatk/4.0.8.1/gatk-package-4.0.8.1-local.jar!/com/intel/gkl/native/libgkl_pairhmm_omp.so
15:11:02.771 WARN  IntelPairHmm - Flush-to-zero (FTZ) is enabled when running PairHMM
15:11:02.771 INFO  IntelPairHmm - Available threads: 2
15:11:02.772 INFO  IntelPairHmm - Requested threads: 4
15:11:02.772 WARN  IntelPairHmm - Using 2 available threads, but 4 were requested
15:11:02.772 INFO  PairHMM - Using the OpenMP multi-threaded AVX-accelerated native PairHMM implementation
15:11:02.840 INFO  ProgressMeter - Starting traversal
15:11:02.840 INFO  ProgressMeter -        Current Locus  Elapsed Minutes     Regions Processed   Regions/Minute
15:11:12.906 INFO  HaplotypeCaller - 150348 read(s) filtered by: ((((((((MappingQualityReadFilter AND MappingQualityAvailableReadFilter) AND MappedReadFilter) AND NotSecondaryAlignmentReadFilter) AND NotDuplicateReadFilter) AND PassesVendorQualityCheckReadFilter) AND NonZeroReferenceLengthAlignmentReadFilter) AND GoodCigarReadFilter) AND WellformedReadFilter)
  150348 read(s) filtered by: (((((((MappingQualityReadFilter AND MappingQualityAvailableReadFilter) AND MappedReadFilter) AND NotSecondaryAlignmentReadFilter) AND NotDuplicateReadFilter) AND PassesVendorQualityCheckReadFilter) AND NonZeroReferenceLengthAlignmentReadFilter) AND GoodCigarReadFilter)
      150348 read(s) filtered by: ((((((MappingQualityReadFilter AND MappingQualityAvailableReadFilter) AND MappedReadFilter) AND NotSecondaryAlignmentReadFilter) AND NotDuplicateReadFilter) AND PassesVendorQualityCheckReadFilter) AND NonZeroReferenceLengthAlignmentReadFilter)
          150348 read(s) filtered by: (((((MappingQualityReadFilter AND MappingQualityAvailableReadFilter) AND MappedReadFilter) AND NotSecondaryAlignmentReadFilter) AND NotDuplicateReadFilter) AND PassesVendorQualityCheckReadFilter)
              150348 read(s) filtered by: ((((MappingQualityReadFilter AND MappingQualityAvailableReadFilter) AND MappedReadFilter) AND NotSecondaryAlignmentReadFilter) AND NotDuplicateReadFilter)
                  331 read(s) filtered by: (((MappingQualityReadFilter AND MappingQualityAvailableReadFilter) AND MappedReadFilter) AND NotSecondaryAlignmentReadFilter)
                      331 read(s) filtered by: ((MappingQualityReadFilter AND MappingQualityAvailableReadFilter) AND MappedReadFilter)
                          331 read(s) filtered by: (MappingQualityReadFilter AND MappingQualityAvailableReadFilter)
                              331 read(s) filtered by: MappingQualityReadFilter 
                  150017 read(s) filtered by: NotDuplicateReadFilter 

15:11:12.906 INFO  ProgressMeter -           SpFUL2:301              0.2                    27            160.9
15:11:12.906 INFO  ProgressMeter - Traversal complete. Processed 27 total regions in 0.2 minutes.
15:11:12.920 INFO  VectorLoglessPairHMM - Time spent in setup for JNI call : 0.003864127
15:11:12.920 INFO  PairHMM - Total compute time in PairHMM computeLogLikelihoods() : 2.342296991
15:11:12.921 INFO  SmithWatermanAligner - Total compute time in java Smith-Waterman : 1.62 sec
15:11:12.921 INFO  HaplotypeCaller - Shutting down engine
[May 26, 2020 3:11:12 PM PDT] org.broadinstitute.hellbender.tools.walkers.haplotypecaller.HaplotypeCaller done. Elapsed time: 0.20 minutes.
Runtime.totalMemory()=2668625920
