Sourcing executables from speedseq.config ...
Aligning...
samblaster: Version 0.1.22
samblaster: Inputting from stdin
samblaster: Outputting to stdout
samblaster: Opening H1.6txl6Yv54PkD/disc_pipe for write.
samblaster: Opening H1.6txl6Yv54PkD/spl_pipe for write.
[M::bwa_idx_load_from_disk] read 0 ALT contigs
[M::process] read 69206 sequences (10000283 bp)...
[M::process] read 69140 sequences (10000012 bp)...
[M::mem_pestat] # candidate unique pairs for (FF, FR, RF, RR): (0, 30627, 1, 0)
[M::mem_pestat] skip orientation FF as there are not enough pairs
[M::mem_pestat] analyzing insert size distribution for orientation FR...
[M::mem_pestat] (25, 50, 75) percentile: (189, 199, 210)
[M::mem_pestat] low and high boundaries for computing mean and std.dev: (147, 252)
[M::mem_pestat] mean and std.dev: (201.99, 12.16)
[M::mem_pestat] low and high boundaries for proper pairs: (126, 273)
[M::mem_pestat] skip orientation RF as there are not enough pairs
[M::mem_pestat] skip orientation RR as there are not enough pairs
[M::mem_process_seqs] Processed 69206 reads in 4.752 CPU sec, 4.615 real sec
samblaster: Loaded 12 header sequence entries.
[M::process] read 69124 sequences (10000017 bp)...
[M::mem_pestat] # candidate unique pairs for (FF, FR, RF, RR): (0, 30567, 4, 0)
[M::mem_pestat] skip orientation FF as there are not enough pairs
[M::mem_pestat] analyzing insert size distribution for orientation FR...
[M::mem_pestat] (25, 50, 75) percentile: (189, 199, 210)
[M::mem_pestat] low and high boundaries for computing mean and std.dev: (147, 252)
[M::mem_pestat] mean and std.dev: (201.86, 12.04)
[M::mem_pestat] low and high boundaries for proper pairs: (126, 273)
[M::mem_pestat] skip orientation RF as there are not enough pairs
[M::mem_pestat] skip orientation RR as there are not enough pairs
[M::mem_process_seqs] Processed 69140 reads in 5.133 CPU sec, 4.985 real sec
[M::process] read 50570 sequences (7312656 bp)...
[M::mem_pestat] # candidate unique pairs for (FF, FR, RF, RR): (0, 30634, 1, 0)
[M::mem_pestat] skip orientation FF as there are not enough pairs
[M::mem_pestat] analyzing insert size distribution for orientation FR...
[M::mem_pestat] (25, 50, 75) percentile: (189, 199, 210)
[M::mem_pestat] low and high boundaries for computing mean and std.dev: (147, 252)
[M::mem_pestat] mean and std.dev: (202.10, 12.15)
[M::mem_pestat] low and high boundaries for proper pairs: (126, 273)
[M::mem_pestat] skip orientation RF as there are not enough pairs
[M::mem_pestat] skip orientation RR as there are not enough pairs
[M::mem_process_seqs] Processed 69124 reads in 5.104 CPU sec, 4.962 real sec
[M::mem_pestat] # candidate unique pairs for (FF, FR, RF, RR): (0, 22331, 2, 0)
[M::mem_pestat] skip orientation FF as there are not enough pairs
[M::mem_pestat] analyzing insert size distribution for orientation FR...
[M::mem_pestat] (25, 50, 75) percentile: (189, 199, 210)
[M::mem_pestat] low and high boundaries for computing mean and std.dev: (147, 252)
[M::mem_pestat] mean and std.dev: (202.12, 12.17)
[M::mem_pestat] low and high boundaries for proper pairs: (126, 273)
[M::mem_pestat] skip orientation RF as there are not enough pairs
[M::mem_pestat] skip orientation RR as there are not enough pairs
[M::mem_process_seqs] Processed 50570 reads in 3.663 CPU sec, 3.660 real sec
samblaster: Output 80 discordant read pairs to H1.6txl6Yv54PkD/disc_pipe
[main] Version: 0.7.12-r1039
samblaster: Output 2 split reads to H1.6txl6Yv54PkD/spl_pipe
[main] CMD: /opt/linux/centos/7.x/x86_64/pkgs/bwa/0.7.12/bin/bwa mem -t 1 -R @RG\tID:H1\tSM:H1\tLB:Lib\ References.fastasamblaster: Marked 128514 of 129020 (99.61%) read ids as duplicates ExternalData/Flowcell_1304/Pooled/Stacks/H1.1.fq.gz ExternalData/Flowcell_1304/Pooled/Stacks/H1.2.fq.gz using 1344k memory in 0.507S
[main] Real time: 18.688 sec; CPU: 18.846 sec
 CPU seconds and 19S wall time.
Done
