Sourcing executables from speedseq.config ...
Aligning...
samblaster: Version 0.1.22
samblaster: Inputting from stdin
samblaster: Outputting to stdout
samblaster: Opening B12.DQRsSVh2t2ZU/disc_pipe for write.
samblaster: Opening B12.DQRsSVh2t2ZU/spl_pipe for write.
[M::bwa_idx_load_from_disk] read 0 ALT contigs
[M::process] read 71790 sequences (10000076 bp)...
[M::process] read 71832 sequences (10000234 bp)...
[M::mem_pestat] # candidate unique pairs for (FF, FR, RF, RR): (0, 35740, 0, 0)
[M::mem_pestat] skip orientation FF as there are not enough pairs
[M::mem_pestat] analyzing insert size distribution for orientation FR...
[M::mem_pestat] (25, 50, 75) percentile: (121, 200, 200)
[M::mem_pestat] low and high boundaries for computing mean and std.dev: (1, 358)
[M::mem_pestat] mean and std.dev: (178.55, 42.53)
[M::mem_pestat] low and high boundaries for proper pairs: (1, 437)
[M::mem_pestat] skip orientation RF as there are not enough pairs
[M::mem_pestat] skip orientation RR as there are not enough pairs
[M::mem_process_seqs] Processed 71790 reads in 3.489 CPU sec, 3.263 real sec
samblaster: Loaded 12 header sequence entries.
[M::process] read 25252 sequences (3524808 bp)...
[M::mem_pestat] # candidate unique pairs for (FF, FR, RF, RR): (0, 35798, 0, 0)
[M::mem_pestat] skip orientation FF as there are not enough pairs
[M::mem_pestat] analyzing insert size distribution for orientation FR...
[M::mem_pestat] (25, 50, 75) percentile: (121, 200, 200)
[M::mem_pestat] low and high boundaries for computing mean and std.dev: (1, 358)
[M::mem_pestat] mean and std.dev: (178.28, 42.62)
[M::mem_pestat] low and high boundaries for proper pairs: (1, 437)
[M::mem_pestat] skip orientation RF as there are not enough pairs
[M::mem_pestat] skip orientation RR as there are not enough pairs
[M::mem_process_seqs] Processed 71832 reads in 3.670 CPU sec, 3.527 real sec
[M::mem_pestat] # candidate unique pairs for (FF, FR, RF, RR): (0, 12579, 0, 0)
[M::mem_pestat] skip orientation FF as there are not enough pairs
[M::mem_pestat] analyzing insert size distribution for orientation FR...
[M::mem_pestat] (25, 50, 75) percentile: (121, 200, 200)
[M::mem_pestat] low and high boundaries for computing mean and std.dev: (1, 358)
[M::mem_pestat] mean and std.dev: (179.51, 41.92)
[M::mem_pestat] low and high boundaries for proper pairs: (1, 437)
[M::mem_pestat] skip orientation RF as there are not enough pairs
[M::mem_pestat] skip orientation RR as there are not enough pairs
[M::mem_process_seqs] Processed 25252 reads in 1.522 CPU sec, 1.433 real sec
samblaster: Output 10 discordant read pairs to B12.DQRsSVh2t2ZU/disc_pipe
[main] Version: 0.7.12-r1039
samblaster: Output 18 split reads to B12.DQRsSVh2t2ZU/spl_pipe
[main] CMD: /opt/linux/centos/7.x/x86_64/pkgs/bwa/0.7.12/bin/bwa mem -t 1 -R @RG\tID:B12\tSM:B12\tLB:Lib\ References.fasta ExternalData/Flowcell_1304/Pooled/Stacks/B12.1.fq.gzsamblaster: Marked 84234 of 84437 (99.76%) read ids as duplicates ExternalData/Flowcell_1304/Pooled/Stacks/B12.2.fq.gz using 1344k memory in 
[main] Real time: 8.556 sec; CPU: 8.894 sec
0.316S CPU seconds and 9S wall time.
Done
