Sourcing executables from speedseq.config ...
Aligning...
[M::bwa_idx_load_from_disk] read 0 ALT contigs
samblaster: Version 0.1.22
samblaster: Inputting from stdin
samblaster: Outputting to stdout
samblaster: Opening F9.pZRUACp2MOxn/disc_pipe for write.
samblaster: Opening F9.pZRUACp2MOxn/spl_pipe for write.
[M::process] read 69502 sequences (10000062 bp)...
[M::process] read 69356 sequences (10000189 bp)...
[M::mem_pestat] # candidate unique pairs for (FF, FR, RF, RR): (0, 31049, 1, 0)
[M::mem_pestat] skip orientation FF as there are not enough pairs
[M::mem_pestat] analyzing insert size distribution for orientation FR...
[M::mem_pestat] (25, 50, 75) percentile: (199, 199, 210)
[M::mem_pestat] low and high boundaries for computing mean and std.dev: (177, 232)
[M::mem_pestat] mean and std.dev: (205.03, 13.78)
[M::mem_pestat] low and high boundaries for proper pairs: (150, 243)
[M::mem_pestat] skip orientation RF as there are not enough pairs
[M::mem_pestat] skip orientation RR as there are not enough pairs
[M::mem_process_seqs] Processed 69502 reads in 4.715 CPU sec, 4.528 real sec
samblaster: Loaded 12 header sequence entries.
[M::process] read 69550 sequences (10000210 bp)...
[M::mem_pestat] # candidate unique pairs for (FF, FR, RF, RR): (0, 30937, 1, 0)
[M::mem_pestat] skip orientation FF as there are not enough pairs
[M::mem_pestat] analyzing insert size distribution for orientation FR...
[M::mem_pestat] (25, 50, 75) percentile: (199, 199, 210)
[M::mem_pestat] low and high boundaries for computing mean and std.dev: (177, 232)
[M::mem_pestat] mean and std.dev: (204.99, 13.77)
[M::mem_pestat] low and high boundaries for proper pairs: (150, 243)
[M::mem_pestat] skip orientation RF as there are not enough pairs
[M::mem_pestat] skip orientation RR as there are not enough pairs
[M::mem_process_seqs] Processed 69356 reads in 5.085 CPU sec, 4.914 real sec
[M::process] read 55130 sequences (7934594 bp)...
[M::mem_pestat] # candidate unique pairs for (FF, FR, RF, RR): (0, 31042, 2, 0)
[M::mem_pestat] skip orientation FF as there are not enough pairs
[M::mem_pestat] analyzing insert size distribution for orientation FR...
[M::mem_pestat] (25, 50, 75) percentile: (199, 199, 210)
[M::mem_pestat] low and high boundaries for computing mean and std.dev: (177, 232)
[M::mem_pestat] mean and std.dev: (205.20, 13.88)
[M::mem_pestat] low and high boundaries for proper pairs: (150, 243)
[M::mem_pestat] skip orientation RF as there are not enough pairs
[M::mem_pestat] skip orientation RR as there are not enough pairs
[M::mem_process_seqs] Processed 69550 reads in 5.083 CPU sec, 4.883 real sec
[M::mem_pestat] # candidate unique pairs for (FF, FR, RF, RR): (0, 24572, 2, 0)
[M::mem_pestat] skip orientation FF as there are not enough pairs
[M::mem_pestat] analyzing insert size distribution for orientation FR...
[M::mem_pestat] (25, 50, 75) percentile: (199, 199, 210)
[M::mem_pestat] low and high boundaries for computing mean and std.dev: (177, 232)
[M::mem_pestat] mean and std.dev: (204.95, 13.69)
[M::mem_pestat] low and high boundaries for proper pairs: (150, 243)
[M::mem_pestat] skip orientation RF as there are not enough pairs
[M::mem_pestat] skip orientation RR as there are not enough pairs
[M::mem_process_seqs] Processed 55130 reads in 3.869 CPU sec, 3.862 real sec
samblaster: Output 105 discordant read pairs to F9.pZRUACp2MOxn/disc_pipe
[main] Version: 0.7.12-r1039
samblaster: Output 6 split reads to F9.pZRUACp2MOxn/spl_pipe
[main] CMD: /opt/linux/centos/7.x/x86_64/pkgs/bwa/0.7.12/bin/bwa mem -t 1 -R @RG\tID:F9\tSM:F9\tLB:Lib\ References.fasta ExternalData/Flowcell_1304/Pooled/Stacks/F9.1.fq.gzsamblaster: Marked 131203 of 131769 (99.57%) read ids as duplicates ExternalData/Flowcell_1304/Pooled/Stacks/F9.2.fq.gz using 1340k memory in 
[main] Real time: 18.615 sec; CPU: 18.983 sec
0.481S CPU seconds and 19S wall time.
Done
