Sourcing executables from speedseq.config ...
Aligning...
[M::bwa_idx_load_from_disk] read 0 ALT contigs
samblaster: Version 0.1.22
samblaster: Inputting from stdin
samblaster: Outputting to stdout
samblaster: Opening A6.p4GR1wU43FVi/disc_pipe for write.
samblaster: Opening A6.p4GR1wU43FVi/spl_pipe for write.
[M::process] read 67116 sequences (10000284 bp)...
[M::process] read 13258 sequences (1975442 bp)...
[M::mem_pestat] # candidate unique pairs for (FF, FR, RF, RR): (61, 0, 0, 28535)
[M::mem_pestat] analyzing insert size distribution for orientation FF...
[M::mem_pestat] (25, 50, 75) percentile: (1, 1, 1)
[M::mem_pestat] low and high boundaries for computing mean and std.dev: (1, 1)
[M::mem_pestat] mean and std.dev: (1.00, 0.00)
[M::mem_pestat] low and high boundaries for proper pairs: (1, 1)
[M::mem_pestat] skip orientation FR as there are not enough pairs
[M::mem_pestat] skip orientation RF as there are not enough pairs
[M::mem_pestat] analyzing insert size distribution for orientation RR...
[M::mem_pestat] (25, 50, 75) percentile: (4, 4, 4)
[M::mem_pestat] low and high boundaries for computing mean and std.dev: (4, 4)
[M::mem_pestat] mean and std.dev: (4.00, 0.00)
[M::mem_pestat] low and high boundaries for proper pairs: (4, 4)
[M::mem_pestat] skip orientation FF
[M::mem_process_seqs] Processed 67116 reads in 6.861 CPU sec, 6.831 real sec
samblaster: Loaded 12 header sequence entries.
[M::mem_pestat] # candidate unique pairs for (FF, FR, RF, RR): (12, 0, 0, 5604)
[M::mem_pestat] analyzing insert size distribution for orientation FF...
[M::mem_pestat] (25, 50, 75) percentile: (1, 1, 1)
[M::mem_pestat] low and high boundaries for computing mean and std.dev: (1, 1)
[M::mem_pestat] mean and std.dev: (1.00, 0.00)
[M::mem_pestat] low and high boundaries for proper pairs: (1, 1)
[M::mem_pestat] skip orientation FR as there are not enough pairs
[M::mem_pestat] skip orientation RF as there are not enough pairs
[M::mem_pestat] analyzing insert size distribution for orientation RR...
[M::mem_pestat] (25, 50, 75) percentile: (4, 4, 4)
[M::mem_pestat] low and high boundaries for computing mean and std.dev: (4, 4)
[M::mem_pestat] mean and std.dev: (4.00, 0.00)
[M::mem_pestat] low and high boundaries for proper pairs: (4, 4)
[M::mem_pestat] skip orientation FF
[M::mem_process_seqs] Processed 13258 reads in 1.785 CPU sec, 1.715 real sec
[main] Version: 0.7.12-r1039
[main] CMD: /opt/linux/centos/7.x/x86_64/pkgs/bwa/0.7.12/bin/bwa mem -t 1 -R @RG\tID:A6\tSM:A6\tLB:Lib\ References.fasta ExternalData/A6_pair1.fastq ExternalData/A6_pair2.fastq
[main] Real time: 8.997 sec; CPU: 8.759 sec
samblaster: Output 43 discordant read pairs to A6.p4GR1wU43FVi/disc_pipe
samblaster: Output 4 split reads to A6.p4GR1wU43FVi/spl_pipe
samblaster: Marked 33493 of 40187 (83.34%) read ids as duplicates using 1344k memory in 0.156S CPU seconds and 9S wall time.
Done
Using GATK jar /bigdata/operations/pkgadmin/opt/linux/centos/7.x/x86_64/pkgs/gatk/4.0.8.1/gatk-package-4.0.8.1-local.jar
Running:
    java -Dsamjdk.use_async_io_read_samtools=false -Dsamjdk.use_async_io_write_samtools=true -Dsamjdk.use_async_io_write_tribble=false -Dsamjdk.compression_level=2 -jar /bigdata/operations/pkgadmin/opt/linux/centos/7.x/x86_64/pkgs/gatk/4.0.8.1/gatk-package-4.0.8.1-local.jar HaplotypeCaller -R References.fasta -I results/A6.bam -O results/A6.g.vcf -ERC GVCF
11:09:04.081 INFO  NativeLibraryLoader - Loading libgkl_compression.so from jar:file:/bigdata/operations/pkgadmin/opt/linux/centos/7.x/x86_64/pkgs/gatk/4.0.8.1/gatk-package-4.0.8.1-local.jar!/com/intel/gkl/native/libgkl_compression.so
11:09:04.583 INFO  HaplotypeCaller - ------------------------------------------------------------
11:09:04.585 INFO  HaplotypeCaller - The Genome Analysis Toolkit (GATK) v4.0.8.1
11:09:04.585 INFO  HaplotypeCaller - For support and documentation go to https://software.broadinstitute.org/gatk/
11:09:04.586 INFO  HaplotypeCaller - Executing as arajewski@i06 on Linux v3.10.0-957.el7.x86_64 amd64
11:09:04.592 INFO  HaplotypeCaller - Java runtime: Java HotSpot(TM) 64-Bit Server VM v1.8.0_45-b14
11:09:04.592 INFO  HaplotypeCaller - Start Date/Time: May 26, 2020 11:09:04 AM PDT
11:09:04.592 INFO  HaplotypeCaller - ------------------------------------------------------------
11:09:04.592 INFO  HaplotypeCaller - ------------------------------------------------------------
11:09:04.593 INFO  HaplotypeCaller - HTSJDK Version: 2.16.0
11:09:04.593 INFO  HaplotypeCaller - Picard Version: 2.18.7
11:09:04.593 INFO  HaplotypeCaller - HTSJDK Defaults.COMPRESSION_LEVEL : 2
11:09:04.593 INFO  HaplotypeCaller - HTSJDK Defaults.USE_ASYNC_IO_READ_FOR_SAMTOOLS : false
11:09:04.593 INFO  HaplotypeCaller - HTSJDK Defaults.USE_ASYNC_IO_WRITE_FOR_SAMTOOLS : true
11:09:04.594 INFO  HaplotypeCaller - HTSJDK Defaults.USE_ASYNC_IO_WRITE_FOR_TRIBBLE : false
11:09:04.594 INFO  HaplotypeCaller - Deflater: IntelDeflater
11:09:04.594 INFO  HaplotypeCaller - Inflater: IntelInflater
11:09:04.594 INFO  HaplotypeCaller - GCS max retries/reopens: 20
11:09:04.594 INFO  HaplotypeCaller - Using google-cloud-java fork https://github.com/broadinstitute/google-cloud-java/releases/tag/0.20.5-alpha-GCS-RETRY-FIX
11:09:04.594 INFO  HaplotypeCaller - Initializing engine
11:09:05.803 INFO  HaplotypeCaller - Done initializing engine
11:09:05.809 INFO  HaplotypeCallerEngine - Tool is in reference confidence mode and the annotation, the following changes will be made to any specified annotations: 'StrandBiasBySample' will be enabled. 'ChromosomeCounts', 'FisherStrand', 'StrandOddsRatio' and 'QualByDepth' annotations have been disabled
11:09:05.814 INFO  HaplotypeCallerEngine - Standard Emitting and Calling confidence set to 0.0 for reference-model confidence output
11:09:05.814 INFO  HaplotypeCallerEngine - All sites annotated with PLs forced to true for reference-model confidence output
11:09:05.839 INFO  NativeLibraryLoader - Loading libgkl_utils.so from jar:file:/bigdata/operations/pkgadmin/opt/linux/centos/7.x/x86_64/pkgs/gatk/4.0.8.1/gatk-package-4.0.8.1-local.jar!/com/intel/gkl/native/libgkl_utils.so
11:09:05.856 INFO  NativeLibraryLoader - Loading libgkl_pairhmm_omp.so from jar:file:/bigdata/operations/pkgadmin/opt/linux/centos/7.x/x86_64/pkgs/gatk/4.0.8.1/gatk-package-4.0.8.1-local.jar!/com/intel/gkl/native/libgkl_pairhmm_omp.so
11:09:05.901 WARN  IntelPairHmm - Flush-to-zero (FTZ) is enabled when running PairHMM
11:09:05.902 INFO  IntelPairHmm - Available threads: 2
11:09:05.902 INFO  IntelPairHmm - Requested threads: 4
11:09:05.902 WARN  IntelPairHmm - Using 2 available threads, but 4 were requested
11:09:05.902 INFO  PairHMM - Using the OpenMP multi-threaded AVX-accelerated native PairHMM implementation
11:09:05.993 INFO  ProgressMeter - Starting traversal
11:09:05.994 INFO  ProgressMeter -        Current Locus  Elapsed Minutes     Regions Processed   Regions/Minute
11:09:12.805 INFO  HaplotypeCaller - 66995 read(s) filtered by: ((((((((MappingQualityReadFilter AND MappingQualityAvailableReadFilter) AND MappedReadFilter) AND NotSecondaryAlignmentReadFilter) AND NotDuplicateReadFilter) AND PassesVendorQualityCheckReadFilter) AND NonZeroReferenceLengthAlignmentReadFilter) AND GoodCigarReadFilter) AND WellformedReadFilter)
  66995 read(s) filtered by: (((((((MappingQualityReadFilter AND MappingQualityAvailableReadFilter) AND MappedReadFilter) AND NotSecondaryAlignmentReadFilter) AND NotDuplicateReadFilter) AND PassesVendorQualityCheckReadFilter) AND NonZeroReferenceLengthAlignmentReadFilter) AND GoodCigarReadFilter)
      66995 read(s) filtered by: ((((((MappingQualityReadFilter AND MappingQualityAvailableReadFilter) AND MappedReadFilter) AND NotSecondaryAlignmentReadFilter) AND NotDuplicateReadFilter) AND PassesVendorQualityCheckReadFilter) AND NonZeroReferenceLengthAlignmentReadFilter)
          66995 read(s) filtered by: (((((MappingQualityReadFilter AND MappingQualityAvailableReadFilter) AND MappedReadFilter) AND NotSecondaryAlignmentReadFilter) AND NotDuplicateReadFilter) AND PassesVendorQualityCheckReadFilter)
              66995 read(s) filtered by: ((((MappingQualityReadFilter AND MappingQualityAvailableReadFilter) AND MappedReadFilter) AND NotSecondaryAlignmentReadFilter) AND NotDuplicateReadFilter)
                  67 read(s) filtered by: (((MappingQualityReadFilter AND MappingQualityAvailableReadFilter) AND MappedReadFilter) AND NotSecondaryAlignmentReadFilter)
                      67 read(s) filtered by: ((MappingQualityReadFilter AND MappingQualityAvailableReadFilter) AND MappedReadFilter)
                          67 read(s) filtered by: (MappingQualityReadFilter AND MappingQualityAvailableReadFilter)
                              67 read(s) filtered by: MappingQualityReadFilter 
                  66928 read(s) filtered by: NotDuplicateReadFilter 

11:09:12.805 INFO  ProgressMeter -          SpMBP10:132              0.1                    25            220.2
11:09:12.805 INFO  ProgressMeter - Traversal complete. Processed 25 total regions in 0.1 minutes.
11:09:12.877 INFO  VectorLoglessPairHMM - Time spent in setup for JNI call : 0.002056992
11:09:12.877 INFO  PairHMM - Total compute time in PairHMM computeLogLikelihoods() : 0.290288522
11:09:12.877 INFO  SmithWatermanAligner - Total compute time in java Smith-Waterman : 0.75 sec
11:09:12.878 INFO  HaplotypeCaller - Shutting down engine
[May 26, 2020 11:09:12 AM PDT] org.broadinstitute.hellbender.tools.walkers.haplotypecaller.HaplotypeCaller done. Elapsed time: 0.15 minutes.
Runtime.totalMemory()=2567438336
