Sourcing executables from speedseq.config ...
Aligning...
samblaster: Version 0.1.22
samblaster: Inputting from stdin
samblaster: Outputting to stdout
samblaster: Opening C6.oKoU5DY94eDJ/disc_pipe for write.
[M::bwa_idx_load_from_disk] read 0 ALT contigs
samblaster: Opening C6.oKoU5DY94eDJ/spl_pipe for write.
[M::process] read 68876 sequences (10000214 bp)...
[M::process] read 31518 sequences (4584339 bp)...
[M::mem_pestat] # candidate unique pairs for (FF, FR, RF, RR): (0, 33627, 1, 0)
[M::mem_pestat] skip orientation FF as there are not enough pairs
[M::mem_pestat] analyzing insert size distribution for orientation FR...
[M::mem_pestat] (25, 50, 75) percentile: (199, 204, 210)
[M::mem_pestat] low and high boundaries for computing mean and std.dev: (177, 232)
[M::mem_pestat] mean and std.dev: (204.05, 6.49)
[M::mem_pestat] low and high boundaries for proper pairs: (166, 243)
[M::mem_pestat] skip orientation RF as there are not enough pairs
[M::mem_pestat] skip orientation RR as there are not enough pairs
[M::mem_process_seqs] Processed 68876 reads in 6.082 CPU sec, 5.984 real sec
samblaster: Loaded 12 header sequence entries.
[M::mem_pestat] # candidate unique pairs for (FF, FR, RF, RR): (0, 15506, 0, 0)
[M::mem_pestat] skip orientation FF as there are not enough pairs
[M::mem_pestat] analyzing insert size distribution for orientation FR...
[M::mem_pestat] (25, 50, 75) percentile: (199, 204, 210)
[M::mem_pestat] low and high boundaries for computing mean and std.dev: (177, 232)
[M::mem_pestat] mean and std.dev: (204.19, 6.34)
[M::mem_pestat] low and high boundaries for proper pairs: (166, 243)
[M::mem_pestat] skip orientation RF as there are not enough pairs
[M::mem_pestat] skip orientation RR as there are not enough pairs
[M::mem_process_seqs] Processed 31518 reads in 2.973 CPU sec, 2.895 real sec
samblaster: Output 37 discordant read pairs to C6.oKoU5DY94eDJ/disc_pipe
[main] Version: 0.7.12-r1039
samblaster: Output 2 split reads to C6.oKoU5DY94eDJ/spl_pipe
[main] CMD: /opt/linux/centos/7.x/x86_64/pkgs/bwa/0.7.12/bin/bwa mem -t 1 -R @RG\tID:C6\tSM:C6\tLB:Lib\ References.fasta ExternalData/Pooled/Stacks/C6.1.fq.gzsamblaster: Marked 49556 of 50197 (98.72%) read ids as duplicates ExternalData/Pooled/Stacks/C6.2.fq.gz using 1344k memory in 
[main] Real time: 9.239 sec; CPU: 9.244 sec
0.182S CPU seconds and 10S wall time.
Done
Using GATK jar /bigdata/operations/pkgadmin/opt/linux/centos/7.x/x86_64/pkgs/gatk/4.0.8.1/gatk-package-4.0.8.1-local.jar
Running:
    java -Dsamjdk.use_async_io_read_samtools=false -Dsamjdk.use_async_io_write_samtools=true -Dsamjdk.use_async_io_write_tribble=false -Dsamjdk.compression_level=2 -jar /bigdata/operations/pkgadmin/opt/linux/centos/7.x/x86_64/pkgs/gatk/4.0.8.1/gatk-package-4.0.8.1-local.jar HaplotypeCaller -R References.fasta -I results/C6.bam -O results/C6.g.vcf -ERC GVCF
15:10:55.751 INFO  NativeLibraryLoader - Loading libgkl_compression.so from jar:file:/bigdata/operations/pkgadmin/opt/linux/centos/7.x/x86_64/pkgs/gatk/4.0.8.1/gatk-package-4.0.8.1-local.jar!/com/intel/gkl/native/libgkl_compression.so
15:10:55.911 INFO  HaplotypeCaller - ------------------------------------------------------------
15:10:55.913 INFO  HaplotypeCaller - The Genome Analysis Toolkit (GATK) v4.0.8.1
15:10:55.914 INFO  HaplotypeCaller - For support and documentation go to https://software.broadinstitute.org/gatk/
15:10:55.914 INFO  HaplotypeCaller - Executing as arajewski@i10 on Linux v3.10.0-957.el7.x86_64 amd64
15:10:55.915 INFO  HaplotypeCaller - Java runtime: Java HotSpot(TM) 64-Bit Server VM v1.8.0_45-b14
15:10:55.915 INFO  HaplotypeCaller - Start Date/Time: May 26, 2020 3:10:55 PM PDT
15:10:55.915 INFO  HaplotypeCaller - ------------------------------------------------------------
15:10:55.915 INFO  HaplotypeCaller - ------------------------------------------------------------
15:10:55.916 INFO  HaplotypeCaller - HTSJDK Version: 2.16.0
15:10:55.916 INFO  HaplotypeCaller - Picard Version: 2.18.7
15:10:55.921 INFO  HaplotypeCaller - HTSJDK Defaults.COMPRESSION_LEVEL : 2
15:10:55.921 INFO  HaplotypeCaller - HTSJDK Defaults.USE_ASYNC_IO_READ_FOR_SAMTOOLS : false
15:10:55.921 INFO  HaplotypeCaller - HTSJDK Defaults.USE_ASYNC_IO_WRITE_FOR_SAMTOOLS : true
15:10:55.921 INFO  HaplotypeCaller - HTSJDK Defaults.USE_ASYNC_IO_WRITE_FOR_TRIBBLE : false
15:10:55.921 INFO  HaplotypeCaller - Deflater: IntelDeflater
15:10:55.921 INFO  HaplotypeCaller - Inflater: IntelInflater
15:10:55.922 INFO  HaplotypeCaller - GCS max retries/reopens: 20
15:10:55.922 INFO  HaplotypeCaller - Using google-cloud-java fork https://github.com/broadinstitute/google-cloud-java/releases/tag/0.20.5-alpha-GCS-RETRY-FIX
15:10:55.922 INFO  HaplotypeCaller - Initializing engine
15:10:57.108 INFO  HaplotypeCaller - Done initializing engine
15:10:57.113 INFO  HaplotypeCallerEngine - Tool is in reference confidence mode and the annotation, the following changes will be made to any specified annotations: 'StrandBiasBySample' will be enabled. 'ChromosomeCounts', 'FisherStrand', 'StrandOddsRatio' and 'QualByDepth' annotations have been disabled
15:10:57.119 INFO  HaplotypeCallerEngine - Standard Emitting and Calling confidence set to 0.0 for reference-model confidence output
15:10:57.120 INFO  HaplotypeCallerEngine - All sites annotated with PLs forced to true for reference-model confidence output
15:10:57.137 INFO  NativeLibraryLoader - Loading libgkl_utils.so from jar:file:/bigdata/operations/pkgadmin/opt/linux/centos/7.x/x86_64/pkgs/gatk/4.0.8.1/gatk-package-4.0.8.1-local.jar!/com/intel/gkl/native/libgkl_utils.so
15:10:57.144 INFO  NativeLibraryLoader - Loading libgkl_pairhmm_omp.so from jar:file:/bigdata/operations/pkgadmin/opt/linux/centos/7.x/x86_64/pkgs/gatk/4.0.8.1/gatk-package-4.0.8.1-local.jar!/com/intel/gkl/native/libgkl_pairhmm_omp.so
15:10:57.185 WARN  IntelPairHmm - Flush-to-zero (FTZ) is enabled when running PairHMM
15:10:57.186 INFO  IntelPairHmm - Available threads: 2
15:10:57.186 INFO  IntelPairHmm - Requested threads: 4
15:10:57.186 WARN  IntelPairHmm - Using 2 available threads, but 4 were requested
15:10:57.186 INFO  PairHMM - Using the OpenMP multi-threaded AVX-accelerated native PairHMM implementation
15:10:57.249 INFO  ProgressMeter - Starting traversal
15:10:57.249 INFO  ProgressMeter -        Current Locus  Elapsed Minutes     Regions Processed   Regions/Minute
15:11:05.620 INFO  HaplotypeCaller - 99128 read(s) filtered by: ((((((((MappingQualityReadFilter AND MappingQualityAvailableReadFilter) AND MappedReadFilter) AND NotSecondaryAlignmentReadFilter) AND NotDuplicateReadFilter) AND PassesVendorQualityCheckReadFilter) AND NonZeroReferenceLengthAlignmentReadFilter) AND GoodCigarReadFilter) AND WellformedReadFilter)
  99128 read(s) filtered by: (((((((MappingQualityReadFilter AND MappingQualityAvailableReadFilter) AND MappedReadFilter) AND NotSecondaryAlignmentReadFilter) AND NotDuplicateReadFilter) AND PassesVendorQualityCheckReadFilter) AND NonZeroReferenceLengthAlignmentReadFilter) AND GoodCigarReadFilter)
      99128 read(s) filtered by: ((((((MappingQualityReadFilter AND MappingQualityAvailableReadFilter) AND MappedReadFilter) AND NotSecondaryAlignmentReadFilter) AND NotDuplicateReadFilter) AND PassesVendorQualityCheckReadFilter) AND NonZeroReferenceLengthAlignmentReadFilter)
          99128 read(s) filtered by: (((((MappingQualityReadFilter AND MappingQualityAvailableReadFilter) AND MappedReadFilter) AND NotSecondaryAlignmentReadFilter) AND NotDuplicateReadFilter) AND PassesVendorQualityCheckReadFilter)
              99128 read(s) filtered by: ((((MappingQualityReadFilter AND MappingQualityAvailableReadFilter) AND MappedReadFilter) AND NotSecondaryAlignmentReadFilter) AND NotDuplicateReadFilter)
                  241 read(s) filtered by: (((MappingQualityReadFilter AND MappingQualityAvailableReadFilter) AND MappedReadFilter) AND NotSecondaryAlignmentReadFilter)
                      241 read(s) filtered by: ((MappingQualityReadFilter AND MappingQualityAvailableReadFilter) AND MappedReadFilter)
                          241 read(s) filtered by: (MappingQualityReadFilter AND MappingQualityAvailableReadFilter)
                              241 read(s) filtered by: MappingQualityReadFilter 
                  98887 read(s) filtered by: NotDuplicateReadFilter 

15:11:05.621 INFO  ProgressMeter -           SpFUL2:301              0.1                    26            186.3
15:11:05.621 INFO  ProgressMeter - Traversal complete. Processed 26 total regions in 0.1 minutes.
15:11:05.644 INFO  VectorLoglessPairHMM - Time spent in setup for JNI call : 0.010483416
15:11:05.644 INFO  PairHMM - Total compute time in PairHMM computeLogLikelihoods() : 1.278932258
15:11:05.644 INFO  SmithWatermanAligner - Total compute time in java Smith-Waterman : 1.62 sec
15:11:05.644 INFO  HaplotypeCaller - Shutting down engine
[May 26, 2020 3:11:05 PM PDT] org.broadinstitute.hellbender.tools.walkers.haplotypecaller.HaplotypeCaller done. Elapsed time: 0.17 minutes.
Runtime.totalMemory()=2678063104
