Sourcing executables from speedseq.config ...
Aligning...
samblaster: Version 0.1.22
samblaster: Inputting from stdin
samblaster: Outputting to stdout
samblaster: Opening A6.0pZRz7CXptCu/disc_pipe for write.
[M::bwa_idx_load_from_disk] read 0 ALT contigs
samblaster: Opening A6.0pZRz7CXptCu/spl_pipe for write.
[M::process] read 73508 sequences (10000105 bp)...
[M::process] read 13378 sequences (1823761 bp)...
[M::mem_pestat] # candidate unique pairs for (FF, FR, RF, RR): (0, 32792, 0, 0)
[M::mem_pestat] skip orientation FF as there are not enough pairs
[M::mem_pestat] analyzing insert size distribution for orientation FR...
[M::mem_pestat] (25, 50, 75) percentile: (199, 210, 227)
[M::mem_pestat] low and high boundaries for computing mean and std.dev: (143, 283)
[M::mem_pestat] mean and std.dev: (213.36, 12.56)
[M::mem_pestat] low and high boundaries for proper pairs: (115, 311)
[M::mem_pestat] skip orientation RF as there are not enough pairs
[M::mem_pestat] skip orientation RR as there are not enough pairs
[M::mem_process_seqs] Processed 73508 reads in 5.042 CPU sec, 5.001 real sec
samblaster: Loaded 12 header sequence entries.
[M::mem_pestat] # candidate unique pairs for (FF, FR, RF, RR): (0, 5952, 0, 0)
[M::mem_pestat] skip orientation FF as there are not enough pairs
[M::mem_pestat] analyzing insert size distribution for orientation FR...
[M::mem_pestat] (25, 50, 75) percentile: (199, 210, 227)
[M::mem_pestat] low and high boundaries for computing mean and std.dev: (143, 283)
[M::mem_pestat] mean and std.dev: (213.40, 12.61)
[M::mem_pestat] low and high boundaries for proper pairs: (115, 311)
[M::mem_pestat] skip orientation RF as there are not enough pairs
[M::mem_pestat] skip orientation RR as there are not enough pairs
[M::mem_process_seqs] Processed 13378 reads in 1.208 CPU sec, 1.238 real sec
samblaster: Output 61 discordant read pairs to A6.0pZRz7CXptCu/disc_pipe
[main] Version: 0.7.12-r1039
samblaster: Output 4 split reads to A6.0pZRz7CXptCu/spl_pipe
[main] CMD: /opt/linux/centos/7.x/x86_64/pkgs/bwa/0.7.12/bin/bwa mem -t 1 -R @RG\tID:A6\tSM:A6\tLB:Lib\ References.fasta ExternalData/Flowcell_1304/Pooled/Stacks/A6.1.fq.gz ExternalData/Flowcell_1304/Pooled/Stacks/A6.2.fq.gzsamblaster: Marked 42632 of 43443 (98.13%) read ids as duplicates using 1344k memory in 
[main] Real time: 6.577 sec; CPU: 6.434 sec
0.158S CPU seconds and 7S wall time.
Done
