Sourcing executables from speedseq.config ...
Aligning...
[M::bwa_idx_load_from_disk] read 0 ALT contigs
samblaster: Version 0.1.22
samblaster: Inputting from stdin
samblaster: Outputting to stdout
samblaster: Opening A10.4VEn3siUZDzS/disc_pipe for write.
samblaster: Opening A10.4VEn3siUZDzS/spl_pipe for write.
[M::process] read 70868 sequences (10000115 bp)...
[M::process] read 70868 sequences (10000185 bp)...
[M::mem_pestat] # candidate unique pairs for (FF, FR, RF, RR): (0, 35303, 0, 0)
[M::mem_pestat] skip orientation FF as there are not enough pairs
[M::mem_pestat] analyzing insert size distribution for orientation FR...
[M::mem_pestat] (25, 50, 75) percentile: (166, 200, 227)
[M::mem_pestat] low and high boundaries for computing mean and std.dev: (44, 349)
[M::mem_pestat] mean and std.dev: (194.62, 50.98)
[M::mem_pestat] low and high boundaries for proper pairs: (1, 410)
[M::mem_pestat] skip orientation RF as there are not enough pairs
[M::mem_pestat] skip orientation RR as there are not enough pairs
[M::mem_process_seqs] Processed 70868 reads in 4.096 CPU sec, 3.877 real sec
samblaster: Loaded 12 header sequence entries.
[M::process] read 70884 sequences (10000146 bp)...
[M::mem_pestat] # candidate unique pairs for (FF, FR, RF, RR): (0, 35279, 0, 0)
[M::mem_pestat] skip orientation FF as there are not enough pairs
[M::mem_pestat] analyzing insert size distribution for orientation FR...
[M::mem_pestat] (25, 50, 75) percentile: (166, 200, 227)
[M::mem_pestat] low and high boundaries for computing mean and std.dev: (44, 349)
[M::mem_pestat] mean and std.dev: (194.30, 50.79)
[M::mem_pestat] low and high boundaries for proper pairs: (1, 410)
[M::mem_pestat] skip orientation RF as there are not enough pairs
[M::mem_pestat] skip orientation RR as there are not enough pairs
[M::mem_process_seqs] Processed 70868 reads in 4.527 CPU sec, 4.326 real sec
[M::process] read 70908 sequences (10000178 bp)...
[M::mem_pestat] # candidate unique pairs for (FF, FR, RF, RR): (0, 35269, 0, 0)
[M::mem_pestat] skip orientation FF as there are not enough pairs
[M::mem_pestat] analyzing insert size distribution for orientation FR...
[M::mem_pestat] (25, 50, 75) percentile: (149, 200, 227)
[M::mem_pestat] low and high boundaries for computing mean and std.dev: (1, 383)
[M::mem_pestat] mean and std.dev: (194.08, 51.11)
[M::mem_pestat] low and high boundaries for proper pairs: (1, 461)
[M::mem_pestat] skip orientation RF as there are not enough pairs
[M::mem_pestat] skip orientation RR as there are not enough pairs
[M::mem_process_seqs] Processed 70884 reads in 4.474 CPU sec, 4.201 real sec
[M::process] read 70850 sequences (10000135 bp)...
[M::mem_pestat] # candidate unique pairs for (FF, FR, RF, RR): (0, 35314, 0, 0)
[M::mem_pestat] skip orientation FF as there are not enough pairs
[M::mem_pestat] analyzing insert size distribution for orientation FR...
[M::mem_pestat] (25, 50, 75) percentile: (121, 200, 227)
[M::mem_pestat] low and high boundaries for computing mean and std.dev: (1, 439)
[M::mem_pestat] mean and std.dev: (193.92, 51.06)
[M::mem_pestat] low and high boundaries for proper pairs: (1, 545)
[M::mem_pestat] skip orientation RF as there are not enough pairs
[M::mem_pestat] skip orientation RR as there are not enough pairs
[M::mem_process_seqs] Processed 70908 reads in 4.404 CPU sec, 4.148 real sec
[M::process] read 67736 sequences (9564130 bp)...
[M::mem_pestat] # candidate unique pairs for (FF, FR, RF, RR): (0, 35280, 0, 0)
[M::mem_pestat] skip orientation FF as there are not enough pairs
[M::mem_pestat] analyzing insert size distribution for orientation FR...
[M::mem_pestat] (25, 50, 75) percentile: (166, 200, 227)
[M::mem_pestat] low and high boundaries for computing mean and std.dev: (44, 349)
[M::mem_pestat] mean and std.dev: (194.85, 51.39)
[M::mem_pestat] low and high boundaries for proper pairs: (1, 410)
[M::mem_pestat] skip orientation RF as there are not enough pairs
[M::mem_pestat] skip orientation RR as there are not enough pairs
[M::mem_process_seqs] Processed 70850 reads in 4.014 CPU sec, 3.793 real sec
[M::mem_pestat] # candidate unique pairs for (FF, FR, RF, RR): (0, 33766, 0, 0)
[M::mem_pestat] skip orientation FF as there are not enough pairs
[M::mem_pestat] analyzing insert size distribution for orientation FR...
[M::mem_pestat] (25, 50, 75) percentile: (185, 200, 227)
[M::mem_pestat] low and high boundaries for computing mean and std.dev: (101, 311)
[M::mem_pestat] mean and std.dev: (195.19, 51.10)
[M::mem_pestat] low and high boundaries for proper pairs: (1, 353)
[M::mem_pestat] skip orientation RF as there are not enough pairs
[M::mem_pestat] skip orientation RR as there are not enough pairs
[M::mem_process_seqs] Processed 67736 reads in 3.555 CPU sec, 3.538 real sec
samblaster: Output 30 discordant read pairs to A10.4VEn3siUZDzS/disc_pipe
[main] Version: 0.7.12-r1039
samblaster: Output 50 split reads to A10.4VEn3siUZDzS/spl_pipe
[main] CMD: /opt/linux/centos/7.x/x86_64/pkgs/bwa/0.7.12/bin/bwa mem -t 1 -R @RG\tID:A10\tSM:A10\tLB:Lib\ References.fasta ExternalData/Pooled/Stacks/A10.1.fq.gzsamblaster: Marked 210831 of 211057 (99.89%) read ids as duplicates ExternalData/Pooled/Stacks/A10.2.fq.gz using 1340k memory in 
[main] Real time: 24.392 sec; CPU: 25.298 sec
0.788S CPU seconds and 24S wall time.
Done
Using GATK jar /bigdata/operations/pkgadmin/opt/linux/centos/7.x/x86_64/pkgs/gatk/4.0.8.1/gatk-package-4.0.8.1-local.jar
Running:
    java -Dsamjdk.use_async_io_read_samtools=false -Dsamjdk.use_async_io_write_samtools=true -Dsamjdk.use_async_io_write_tribble=false -Dsamjdk.compression_level=2 -jar /bigdata/operations/pkgadmin/opt/linux/centos/7.x/x86_64/pkgs/gatk/4.0.8.1/gatk-package-4.0.8.1-local.jar HaplotypeCaller -R References.fasta -I results/A10.bam -O results/A10.g.vcf -ERC GVCF
15:11:20.132 INFO  NativeLibraryLoader - Loading libgkl_compression.so from jar:file:/bigdata/operations/pkgadmin/opt/linux/centos/7.x/x86_64/pkgs/gatk/4.0.8.1/gatk-package-4.0.8.1-local.jar!/com/intel/gkl/native/libgkl_compression.so
15:11:21.061 INFO  HaplotypeCaller - ------------------------------------------------------------
15:11:21.063 INFO  HaplotypeCaller - The Genome Analysis Toolkit (GATK) v4.0.8.1
15:11:21.063 INFO  HaplotypeCaller - For support and documentation go to https://software.broadinstitute.org/gatk/
15:11:21.064 INFO  HaplotypeCaller - Executing as arajewski@i11 on Linux v3.10.0-957.el7.x86_64 amd64
15:11:21.064 INFO  HaplotypeCaller - Java runtime: Java HotSpot(TM) 64-Bit Server VM v1.8.0_45-b14
15:11:21.064 INFO  HaplotypeCaller - Start Date/Time: May 26, 2020 3:11:20 PM PDT
15:11:21.065 INFO  HaplotypeCaller - ------------------------------------------------------------
15:11:21.065 INFO  HaplotypeCaller - ------------------------------------------------------------
15:11:21.065 INFO  HaplotypeCaller - HTSJDK Version: 2.16.0
15:11:21.065 INFO  HaplotypeCaller - Picard Version: 2.18.7
15:11:21.065 INFO  HaplotypeCaller - HTSJDK Defaults.COMPRESSION_LEVEL : 2
15:11:21.065 INFO  HaplotypeCaller - HTSJDK Defaults.USE_ASYNC_IO_READ_FOR_SAMTOOLS : false
15:11:21.066 INFO  HaplotypeCaller - HTSJDK Defaults.USE_ASYNC_IO_WRITE_FOR_SAMTOOLS : true
15:11:21.066 INFO  HaplotypeCaller - HTSJDK Defaults.USE_ASYNC_IO_WRITE_FOR_TRIBBLE : false
15:11:21.066 INFO  HaplotypeCaller - Deflater: IntelDeflater
15:11:21.066 INFO  HaplotypeCaller - Inflater: IntelInflater
15:11:21.066 INFO  HaplotypeCaller - GCS max retries/reopens: 20
15:11:21.066 INFO  HaplotypeCaller - Using google-cloud-java fork https://github.com/broadinstitute/google-cloud-java/releases/tag/0.20.5-alpha-GCS-RETRY-FIX
15:11:21.066 INFO  HaplotypeCaller - Initializing engine
15:11:21.525 INFO  HaplotypeCaller - Done initializing engine
15:11:21.530 INFO  HaplotypeCallerEngine - Tool is in reference confidence mode and the annotation, the following changes will be made to any specified annotations: 'StrandBiasBySample' will be enabled. 'ChromosomeCounts', 'FisherStrand', 'StrandOddsRatio' and 'QualByDepth' annotations have been disabled
15:11:21.535 INFO  HaplotypeCallerEngine - Standard Emitting and Calling confidence set to 0.0 for reference-model confidence output
15:11:21.535 INFO  HaplotypeCallerEngine - All sites annotated with PLs forced to true for reference-model confidence output
15:11:21.552 INFO  NativeLibraryLoader - Loading libgkl_utils.so from jar:file:/bigdata/operations/pkgadmin/opt/linux/centos/7.x/x86_64/pkgs/gatk/4.0.8.1/gatk-package-4.0.8.1-local.jar!/com/intel/gkl/native/libgkl_utils.so
15:11:21.554 INFO  NativeLibraryLoader - Loading libgkl_pairhmm_omp.so from jar:file:/bigdata/operations/pkgadmin/opt/linux/centos/7.x/x86_64/pkgs/gatk/4.0.8.1/gatk-package-4.0.8.1-local.jar!/com/intel/gkl/native/libgkl_pairhmm_omp.so
15:11:21.596 WARN  IntelPairHmm - Flush-to-zero (FTZ) is enabled when running PairHMM
15:11:21.597 INFO  IntelPairHmm - Available threads: 2
15:11:21.597 INFO  IntelPairHmm - Requested threads: 4
15:11:21.597 WARN  IntelPairHmm - Using 2 available threads, but 4 were requested
15:11:21.597 INFO  PairHMM - Using the OpenMP multi-threaded AVX-accelerated native PairHMM implementation
15:11:21.666 INFO  ProgressMeter - Starting traversal
15:11:21.666 INFO  ProgressMeter -        Current Locus  Elapsed Minutes     Regions Processed   Regions/Minute
15:11:32.351 INFO  HaplotypeCaller - 422027 read(s) filtered by: ((((((((MappingQualityReadFilter AND MappingQualityAvailableReadFilter) AND MappedReadFilter) AND NotSecondaryAlignmentReadFilter) AND NotDuplicateReadFilter) AND PassesVendorQualityCheckReadFilter) AND NonZeroReferenceLengthAlignmentReadFilter) AND GoodCigarReadFilter) AND WellformedReadFilter)
  422027 read(s) filtered by: (((((((MappingQualityReadFilter AND MappingQualityAvailableReadFilter) AND MappedReadFilter) AND NotSecondaryAlignmentReadFilter) AND NotDuplicateReadFilter) AND PassesVendorQualityCheckReadFilter) AND NonZeroReferenceLengthAlignmentReadFilter) AND GoodCigarReadFilter)
      422027 read(s) filtered by: ((((((MappingQualityReadFilter AND MappingQualityAvailableReadFilter) AND MappedReadFilter) AND NotSecondaryAlignmentReadFilter) AND NotDuplicateReadFilter) AND PassesVendorQualityCheckReadFilter) AND NonZeroReferenceLengthAlignmentReadFilter)
          422027 read(s) filtered by: (((((MappingQualityReadFilter AND MappingQualityAvailableReadFilter) AND MappedReadFilter) AND NotSecondaryAlignmentReadFilter) AND NotDuplicateReadFilter) AND PassesVendorQualityCheckReadFilter)
              422027 read(s) filtered by: ((((MappingQualityReadFilter AND MappingQualityAvailableReadFilter) AND MappedReadFilter) AND NotSecondaryAlignmentReadFilter) AND NotDuplicateReadFilter)
                  297 read(s) filtered by: (((MappingQualityReadFilter AND MappingQualityAvailableReadFilter) AND MappedReadFilter) AND NotSecondaryAlignmentReadFilter)
                      297 read(s) filtered by: ((MappingQualityReadFilter AND MappingQualityAvailableReadFilter) AND MappedReadFilter)
                          297 read(s) filtered by: (MappingQualityReadFilter AND MappingQualityAvailableReadFilter)
                              297 read(s) filtered by: MappingQualityReadFilter 
                  421730 read(s) filtered by: NotDuplicateReadFilter 

15:11:32.352 INFO  ProgressMeter -           SpFUL2:207              0.2                    27            151.6
15:11:32.352 INFO  ProgressMeter - Traversal complete. Processed 27 total regions in 0.2 minutes.
15:11:32.366 INFO  VectorLoglessPairHMM - Time spent in setup for JNI call : 0.00885768
15:11:32.366 INFO  PairHMM - Total compute time in PairHMM computeLogLikelihoods() : 0.16436963300000001
15:11:32.366 INFO  SmithWatermanAligner - Total compute time in java Smith-Waterman : 1.43 sec
15:11:32.366 INFO  HaplotypeCaller - Shutting down engine
[May 26, 2020 3:11:32 PM PDT] org.broadinstitute.hellbender.tools.walkers.haplotypecaller.HaplotypeCaller done. Elapsed time: 0.21 minutes.
Runtime.totalMemory()=2608857088
