Sourcing executables from speedseq.config ...
Aligning...
[M::bwa_idx_load_from_disk] read 0 ALT contigs
samblaster: Version 0.1.22
samblaster: Inputting from stdin
samblaster: Outputting to stdout
samblaster: Opening E12.VGnSTAh828o3/disc_pipe for write.
samblaster: Opening E12.VGnSTAh828o3/spl_pipe for write.
[M::process] read 75132 sequences (10000031 bp)...
[M::process] read 75094 sequences (10000074 bp)...
[M::mem_pestat] # candidate unique pairs for (FF, FR, RF, RR): (0, 37461, 0, 0)
[M::mem_pestat] skip orientation FF as there are not enough pairs
[M::mem_pestat] analyzing insert size distribution for orientation FR...
[M::mem_pestat] (25, 50, 75) percentile: (121, 121, 200)
[M::mem_pestat] low and high boundaries for computing mean and std.dev: (1, 358)
[M::mem_pestat] mean and std.dev: (153.86, 42.58)
[M::mem_pestat] low and high boundaries for proper pairs: (1, 437)
[M::mem_pestat] skip orientation RF as there are not enough pairs
[M::mem_pestat] skip orientation RR as there are not enough pairs
[M::mem_process_seqs] Processed 75132 reads in 3.026 CPU sec, 2.834 real sec
samblaster: Loaded 12 header sequence entries.
[M::process] read 75080 sequences (10000234 bp)...
[M::mem_pestat] # candidate unique pairs for (FF, FR, RF, RR): (0, 37478, 0, 0)
[M::mem_pestat] skip orientation FF as there are not enough pairs
[M::mem_pestat] analyzing insert size distribution for orientation FR...
[M::mem_pestat] (25, 50, 75) percentile: (121, 121, 200)
[M::mem_pestat] low and high boundaries for computing mean and std.dev: (1, 358)
[M::mem_pestat] mean and std.dev: (154.14, 42.63)
[M::mem_pestat] low and high boundaries for proper pairs: (1, 437)
[M::mem_pestat] skip orientation RF as there are not enough pairs
[M::mem_pestat] skip orientation RR as there are not enough pairs
[M::mem_process_seqs] Processed 75094 reads in 3.413 CPU sec, 3.158 real sec
[M::process] read 24044 sequences (3205839 bp)...
[M::mem_pestat] # candidate unique pairs for (FF, FR, RF, RR): (0, 37456, 0, 0)
[M::mem_pestat] skip orientation FF as there are not enough pairs
[M::mem_pestat] analyzing insert size distribution for orientation FR...
[M::mem_pestat] (25, 50, 75) percentile: (121, 121, 200)
[M::mem_pestat] low and high boundaries for computing mean and std.dev: (1, 358)
[M::mem_pestat] mean and std.dev: (154.29, 42.78)
[M::mem_pestat] low and high boundaries for proper pairs: (1, 437)
[M::mem_pestat] skip orientation RF as there are not enough pairs
[M::mem_pestat] skip orientation RR as there are not enough pairs
[M::mem_process_seqs] Processed 75080 reads in 3.157 CPU sec, 3.114 real sec
[M::mem_pestat] # candidate unique pairs for (FF, FR, RF, RR): (0, 11998, 0, 0)
[M::mem_pestat] skip orientation FF as there are not enough pairs
[M::mem_pestat] analyzing insert size distribution for orientation FR...
[M::mem_pestat] (25, 50, 75) percentile: (121, 121, 200)
[M::mem_pestat] low and high boundaries for computing mean and std.dev: (1, 358)
[M::mem_pestat] mean and std.dev: (154.91, 43.08)
[M::mem_pestat] low and high boundaries for proper pairs: (1, 437)
[M::mem_pestat] skip orientation RF as there are not enough pairs
[M::mem_pestat] skip orientation RR as there are not enough pairs
[M::mem_process_seqs] Processed 24044 reads in 1.201 CPU sec, 1.211 real sec
[main] Version: 0.7.12-r1039
[main] CMD: /opt/linux/centos/7.x/x86_64/pkgs/bwa/0.7.12/bin/bwa mem -t 1 -R @RG\tID:E12\tSM:E12\tLB:Lib\ References.fasta ExternalData/Flowcell_1304/Pooled/Stacks/E12.1.fq.gz ExternalData/Flowcell_1304/Pooled/Stacks/E12.2.fq.gz
[main] Real time: 10.871 sec; CPU: 10.974 sec
samblaster: Output 13 discordant read pairs to E12.VGnSTAh828o3/disc_pipe
samblaster: Output 24 split reads to E12.VGnSTAh828o3/spl_pipe
samblaster: Marked 124462 of 124675 (99.83%) read ids as duplicates using 1344k memory in 0.478S CPU seconds and 11S wall time.
Done
