Sourcing executables from speedseq.config ...
Aligning...
samblaster: Version 0.1.22
samblaster: Inputting from stdin
samblaster: Outputting to stdout
samblaster: Opening E1.XsYzXebBlypA/disc_pipe for write.
samblaster: Opening E1.XsYzXebBlypA/spl_pipe for write.
[M::bwa_idx_load_from_disk] read 0 ALT contigs
[M::process] read 67568 sequences (10000064 bp)...
[M::process] read 67568 sequences (10000064 bp)...
[M::mem_pestat] # candidate unique pairs for (FF, FR, RF, RR): (361, 0, 0, 69)
[M::mem_pestat] analyzing insert size distribution for orientation FF...
[M::mem_pestat] (25, 50, 75) percentile: (2, 4, 7)
[M::mem_pestat] low and high boundaries for computing mean and std.dev: (1, 17)
[M::mem_pestat] mean and std.dev: (4.63, 3.02)
[M::mem_pestat] low and high boundaries for proper pairs: (1, 22)
[M::mem_pestat] skip orientation FR as there are not enough pairs
[M::mem_pestat] skip orientation RF as there are not enough pairs
[M::mem_pestat] analyzing insert size distribution for orientation RR...
[M::mem_pestat] (25, 50, 75) percentile: (1, 1, 1)
[M::mem_pestat] low and high boundaries for computing mean and std.dev: (1, 1)
[M::mem_pestat] mean and std.dev: (1.00, 0.00)
[M::mem_pestat] low and high boundaries for proper pairs: (1, 1)
[M::mem_process_seqs] Processed 67568 reads in 9.765 CPU sec, 9.625 real sec
samblaster: Loaded 12 header sequence entries.
[M::process] read 67568 sequences (10000064 bp)...
[M::mem_pestat] # candidate unique pairs for (FF, FR, RF, RR): (365, 0, 0, 68)
[M::mem_pestat] analyzing insert size distribution for orientation FF...
[M::mem_pestat] (25, 50, 75) percentile: (1, 4, 6)
[M::mem_pestat] low and high boundaries for computing mean and std.dev: (1, 16)
[M::mem_pestat] mean and std.dev: (4.32, 2.75)
[M::mem_pestat] low and high boundaries for proper pairs: (1, 21)
[M::mem_pestat] skip orientation FR as there are not enough pairs
[M::mem_pestat] skip orientation RF as there are not enough pairs
[M::mem_pestat] analyzing insert size distribution for orientation RR...
[M::mem_pestat] (25, 50, 75) percentile: (1, 1, 1)
[M::mem_pestat] low and high boundaries for computing mean and std.dev: (1, 1)
[M::mem_pestat] mean and std.dev: (1.00, 0.00)
[M::mem_pestat] low and high boundaries for proper pairs: (1, 1)
[M::mem_process_seqs] Processed 67568 reads in 10.156 CPU sec, 9.943 real sec
[M::process] read 67568 sequences (10000064 bp)...
[M::mem_pestat] # candidate unique pairs for (FF, FR, RF, RR): (323, 0, 0, 65)
[M::mem_pestat] analyzing insert size distribution for orientation FF...
[M::mem_pestat] (25, 50, 75) percentile: (2, 5, 6)
[M::mem_pestat] low and high boundaries for computing mean and std.dev: (1, 14)
[M::mem_pestat] mean and std.dev: (4.60, 2.77)
[M::mem_pestat] low and high boundaries for proper pairs: (1, 18)
[M::mem_pestat] skip orientation FR as there are not enough pairs
[M::mem_pestat] skip orientation RF as there are not enough pairs
[M::mem_pestat] analyzing insert size distribution for orientation RR...
[M::mem_pestat] (25, 50, 75) percentile: (1, 1, 1)
[M::mem_pestat] low and high boundaries for computing mean and std.dev: (1, 1)
[M::mem_pestat] mean and std.dev: (1.00, 0.00)
[M::mem_pestat] low and high boundaries for proper pairs: (1, 1)
[M::mem_process_seqs] Processed 67568 reads in 10.265 CPU sec, 10.030 real sec
[M::process] read 67568 sequences (10000064 bp)...
[M::mem_pestat] # candidate unique pairs for (FF, FR, RF, RR): (335, 0, 0, 57)
[M::mem_pestat] analyzing insert size distribution for orientation FF...
[M::mem_pestat] (25, 50, 75) percentile: (2, 4, 7)
[M::mem_pestat] low and high boundaries for computing mean and std.dev: (1, 17)
[M::mem_pestat] mean and std.dev: (4.44, 2.75)
[M::mem_pestat] low and high boundaries for proper pairs: (1, 22)
[M::mem_pestat] skip orientation FR as there are not enough pairs
[M::mem_pestat] skip orientation RF as there are not enough pairs
[M::mem_pestat] analyzing insert size distribution for orientation RR...
[M::mem_pestat] (25, 50, 75) percentile: (1, 1, 1)
[M::mem_pestat] low and high boundaries for computing mean and std.dev: (1, 1)
[M::mem_pestat] mean and std.dev: (1.00, 0.00)
[M::mem_pestat] low and high boundaries for proper pairs: (1, 1)
[M::mem_process_seqs] Processed 67568 reads in 10.168 CPU sec, 10.048 real sec
[M::process] read 67568 sequences (10000064 bp)...
[M::mem_pestat] # candidate unique pairs for (FF, FR, RF, RR): (375, 0, 0, 59)
[M::mem_pestat] analyzing insert size distribution for orientation FF...
[M::mem_pestat] (25, 50, 75) percentile: (1, 4, 6)
[M::mem_pestat] low and high boundaries for computing mean and std.dev: (1, 16)
[M::mem_pestat] mean and std.dev: (4.46, 3.12)
[M::mem_pestat] low and high boundaries for proper pairs: (1, 21)
[M::mem_pestat] skip orientation FR as there are not enough pairs
[M::mem_pestat] skip orientation RF as there are not enough pairs
[M::mem_pestat] analyzing insert size distribution for orientation RR...
[M::mem_pestat] (25, 50, 75) percentile: (1, 1, 1)
[M::mem_pestat] low and high boundaries for computing mean and std.dev: (1, 1)
[M::mem_pestat] mean and std.dev: (1.00, 0.00)
[M::mem_pestat] low and high boundaries for proper pairs: (1, 1)
[M::mem_process_seqs] Processed 67568 reads in 10.176 CPU sec, 10.028 real sec
[M::process] read 67568 sequences (10000064 bp)...
[M::mem_pestat] # candidate unique pairs for (FF, FR, RF, RR): (423, 0, 0, 80)
[M::mem_pestat] analyzing insert size distribution for orientation FF...
[M::mem_pestat] (25, 50, 75) percentile: (1, 4, 6)
[M::mem_pestat] low and high boundaries for computing mean and std.dev: (1, 16)
[M::mem_pestat] mean and std.dev: (4.00, 2.70)
[M::mem_pestat] low and high boundaries for proper pairs: (1, 21)
[M::mem_pestat] skip orientation FR as there are not enough pairs
[M::mem_pestat] skip orientation RF as there are not enough pairs
[M::mem_pestat] analyzing insert size distribution for orientation RR...
[M::mem_pestat] (25, 50, 75) percentile: (1, 1, 1)
[M::mem_pestat] low and high boundaries for computing mean and std.dev: (1, 1)
[M::mem_pestat] mean and std.dev: (1.00, 0.00)
[M::mem_pestat] low and high boundaries for proper pairs: (1, 1)
[M::mem_process_seqs] Processed 67568 reads in 10.209 CPU sec, 9.994 real sec
[M::process] read 67568 sequences (10000064 bp)...
[M::mem_pestat] # candidate unique pairs for (FF, FR, RF, RR): (396, 0, 0, 65)
[M::mem_pestat] analyzing insert size distribution for orientation FF...
[M::mem_pestat] (25, 50, 75) percentile: (2, 4, 6)
[M::mem_pestat] low and high boundaries for computing mean and std.dev: (1, 14)
[M::mem_pestat] mean and std.dev: (4.20, 2.52)
[M::mem_pestat] low and high boundaries for proper pairs: (1, 18)
[M::mem_pestat] skip orientation FR as there are not enough pairs
[M::mem_pestat] skip orientation RF as there are not enough pairs
[M::mem_pestat] analyzing insert size distribution for orientation RR...
[M::mem_pestat] (25, 50, 75) percentile: (1, 1, 1)
[M::mem_pestat] low and high boundaries for computing mean and std.dev: (1, 1)
[M::mem_pestat] mean and std.dev: (1.00, 0.00)
[M::mem_pestat] low and high boundaries for proper pairs: (1, 1)
[M::mem_process_seqs] Processed 67568 reads in 10.237 CPU sec, 10.087 real sec
[M::process] read 32176 sequences (4762048 bp)...
[M::mem_pestat] # candidate unique pairs for (FF, FR, RF, RR): (383, 0, 0, 49)
[M::mem_pestat] analyzing insert size distribution for orientation FF...
[M::mem_pestat] (25, 50, 75) percentile: (2, 4, 6)
[M::mem_pestat] low and high boundaries for computing mean and std.dev: (1, 14)
[M::mem_pestat] mean and std.dev: (4.28, 2.61)
[M::mem_pestat] low and high boundaries for proper pairs: (1, 18)
[M::mem_pestat] skip orientation FR as there are not enough pairs
[M::mem_pestat] skip orientation RF as there are not enough pairs
[M::mem_pestat] analyzing insert size distribution for orientation RR...
[M::mem_pestat] (25, 50, 75) percentile: (1, 1, 1)
[M::mem_pestat] low and high boundaries for computing mean and std.dev: (1, 1)
[M::mem_pestat] mean and std.dev: (1.00, 0.00)
[M::mem_pestat] low and high boundaries for proper pairs: (1, 1)
[M::mem_process_seqs] Processed 67568 reads in 10.209 CPU sec, 10.136 real sec
[M::mem_pestat] # candidate unique pairs for (FF, FR, RF, RR): (178, 0, 0, 34)
[M::mem_pestat] analyzing insert size distribution for orientation FF...
[M::mem_pestat] (25, 50, 75) percentile: (1, 4, 6)
[M::mem_pestat] low and high boundaries for computing mean and std.dev: (1, 16)
[M::mem_pestat] mean and std.dev: (4.17, 2.77)
[M::mem_pestat] low and high boundaries for proper pairs: (1, 21)
[M::mem_pestat] skip orientation FR as there are not enough pairs
[M::mem_pestat] skip orientation RF as there are not enough pairs
[M::mem_pestat] analyzing insert size distribution for orientation RR...
[M::mem_pestat] (25, 50, 75) percentile: (1, 1, 1)
[M::mem_pestat] low and high boundaries for computing mean and std.dev: (1, 1)
[M::mem_pestat] mean and std.dev: (1.00, 0.00)
[M::mem_pestat] low and high boundaries for proper pairs: (1, 1)
[M::mem_process_seqs] Processed 32176 reads in 5.029 CPU sec, 5.002 real sec
[main] Version: 0.7.12-r1039
[main] CMD: /opt/linux/centos/7.x/x86_64/pkgs/bwa/0.7.12/bin/bwa mem -t 1 -R @RG\tID:E1\tSM:E1\tLB:Lib\ References.fasta ExternalData/E1_pair1.fastq ExternalData/E1_pair2.fastq
[main] Real time: 85.390 sec; CPU: 86.377 sec
samblaster: Output 195 discordant read pairs to E1.XsYzXebBlypA/disc_pipe
samblaster: Output 16 split reads to E1.XsYzXebBlypA/spl_pipe
samblaster: Marked 280056 of 286360 (97.80%) read ids as duplicates using 1344k memory in 1.241S CPU seconds and 1M25S(85S) wall time.
Done
Using GATK jar /bigdata/operations/pkgadmin/opt/linux/centos/7.x/x86_64/pkgs/gatk/4.0.8.1/gatk-package-4.0.8.1-local.jar
Running:
    java -Dsamjdk.use_async_io_read_samtools=false -Dsamjdk.use_async_io_write_samtools=true -Dsamjdk.use_async_io_write_tribble=false -Dsamjdk.compression_level=2 -jar /bigdata/operations/pkgadmin/opt/linux/centos/7.x/x86_64/pkgs/gatk/4.0.8.1/gatk-package-4.0.8.1-local.jar HaplotypeCaller -R References.fasta -I results/E1.bam -O results/E1.g.vcf -ERC GVCF
11:10:25.687 INFO  NativeLibraryLoader - Loading libgkl_compression.so from jar:file:/bigdata/operations/pkgadmin/opt/linux/centos/7.x/x86_64/pkgs/gatk/4.0.8.1/gatk-package-4.0.8.1-local.jar!/com/intel/gkl/native/libgkl_compression.so
11:10:26.031 INFO  HaplotypeCaller - ------------------------------------------------------------
11:10:26.034 INFO  HaplotypeCaller - The Genome Analysis Toolkit (GATK) v4.0.8.1
11:10:26.034 INFO  HaplotypeCaller - For support and documentation go to https://software.broadinstitute.org/gatk/
11:10:26.035 INFO  HaplotypeCaller - Executing as arajewski@i24 on Linux v3.10.0-957.el7.x86_64 amd64
11:10:26.036 INFO  HaplotypeCaller - Java runtime: Java HotSpot(TM) 64-Bit Server VM v1.8.0_45-b14
11:10:26.036 INFO  HaplotypeCaller - Start Date/Time: May 26, 2020 11:10:25 AM PDT
11:10:26.036 INFO  HaplotypeCaller - ------------------------------------------------------------
11:10:26.036 INFO  HaplotypeCaller - ------------------------------------------------------------
11:10:26.037 INFO  HaplotypeCaller - HTSJDK Version: 2.16.0
11:10:26.037 INFO  HaplotypeCaller - Picard Version: 2.18.7
11:10:26.037 INFO  HaplotypeCaller - HTSJDK Defaults.COMPRESSION_LEVEL : 2
11:10:26.037 INFO  HaplotypeCaller - HTSJDK Defaults.USE_ASYNC_IO_READ_FOR_SAMTOOLS : false
11:10:26.037 INFO  HaplotypeCaller - HTSJDK Defaults.USE_ASYNC_IO_WRITE_FOR_SAMTOOLS : true
11:10:26.037 INFO  HaplotypeCaller - HTSJDK Defaults.USE_ASYNC_IO_WRITE_FOR_TRIBBLE : false
11:10:26.037 INFO  HaplotypeCaller - Deflater: IntelDeflater
11:10:26.038 INFO  HaplotypeCaller - Inflater: IntelInflater
11:10:26.038 INFO  HaplotypeCaller - GCS max retries/reopens: 20
11:10:26.038 INFO  HaplotypeCaller - Using google-cloud-java fork https://github.com/broadinstitute/google-cloud-java/releases/tag/0.20.5-alpha-GCS-RETRY-FIX
11:10:26.038 INFO  HaplotypeCaller - Initializing engine
11:10:26.972 INFO  HaplotypeCaller - Done initializing engine
11:10:26.981 INFO  HaplotypeCallerEngine - Tool is in reference confidence mode and the annotation, the following changes will be made to any specified annotations: 'StrandBiasBySample' will be enabled. 'ChromosomeCounts', 'FisherStrand', 'StrandOddsRatio' and 'QualByDepth' annotations have been disabled
11:10:26.986 INFO  HaplotypeCallerEngine - Standard Emitting and Calling confidence set to 0.0 for reference-model confidence output
11:10:26.987 INFO  HaplotypeCallerEngine - All sites annotated with PLs forced to true for reference-model confidence output
11:10:27.003 INFO  NativeLibraryLoader - Loading libgkl_utils.so from jar:file:/bigdata/operations/pkgadmin/opt/linux/centos/7.x/x86_64/pkgs/gatk/4.0.8.1/gatk-package-4.0.8.1-local.jar!/com/intel/gkl/native/libgkl_utils.so
11:10:27.005 INFO  NativeLibraryLoader - Loading libgkl_pairhmm_omp.so from jar:file:/bigdata/operations/pkgadmin/opt/linux/centos/7.x/x86_64/pkgs/gatk/4.0.8.1/gatk-package-4.0.8.1-local.jar!/com/intel/gkl/native/libgkl_pairhmm_omp.so
11:10:27.048 WARN  IntelPairHmm - Flush-to-zero (FTZ) is enabled when running PairHMM
11:10:27.049 INFO  IntelPairHmm - Available threads: 2
11:10:27.049 INFO  IntelPairHmm - Requested threads: 4
11:10:27.049 WARN  IntelPairHmm - Using 2 available threads, but 4 were requested
11:10:27.049 INFO  PairHMM - Using the OpenMP multi-threaded AVX-accelerated native PairHMM implementation
11:10:27.169 INFO  ProgressMeter - Starting traversal
11:10:27.169 INFO  ProgressMeter -        Current Locus  Elapsed Minutes     Regions Processed   Regions/Minute
11:10:38.096 INFO  HaplotypeCaller - 560149 read(s) filtered by: ((((((((MappingQualityReadFilter AND MappingQualityAvailableReadFilter) AND MappedReadFilter) AND NotSecondaryAlignmentReadFilter) AND NotDuplicateReadFilter) AND PassesVendorQualityCheckReadFilter) AND NonZeroReferenceLengthAlignmentReadFilter) AND GoodCigarReadFilter) AND WellformedReadFilter)
  560149 read(s) filtered by: (((((((MappingQualityReadFilter AND MappingQualityAvailableReadFilter) AND MappedReadFilter) AND NotSecondaryAlignmentReadFilter) AND NotDuplicateReadFilter) AND PassesVendorQualityCheckReadFilter) AND NonZeroReferenceLengthAlignmentReadFilter) AND GoodCigarReadFilter)
      560149 read(s) filtered by: ((((((MappingQualityReadFilter AND MappingQualityAvailableReadFilter) AND MappedReadFilter) AND NotSecondaryAlignmentReadFilter) AND NotDuplicateReadFilter) AND PassesVendorQualityCheckReadFilter) AND NonZeroReferenceLengthAlignmentReadFilter)
          560149 read(s) filtered by: (((((MappingQualityReadFilter AND MappingQualityAvailableReadFilter) AND MappedReadFilter) AND NotSecondaryAlignmentReadFilter) AND NotDuplicateReadFilter) AND PassesVendorQualityCheckReadFilter)
              560149 read(s) filtered by: ((((MappingQualityReadFilter AND MappingQualityAvailableReadFilter) AND MappedReadFilter) AND NotSecondaryAlignmentReadFilter) AND NotDuplicateReadFilter)
                  329 read(s) filtered by: (((MappingQualityReadFilter AND MappingQualityAvailableReadFilter) AND MappedReadFilter) AND NotSecondaryAlignmentReadFilter)
                      329 read(s) filtered by: ((MappingQualityReadFilter AND MappingQualityAvailableReadFilter) AND MappedReadFilter)
                          329 read(s) filtered by: (MappingQualityReadFilter AND MappingQualityAvailableReadFilter)
                              329 read(s) filtered by: MappingQualityReadFilter 
                  559820 read(s) filtered by: NotDuplicateReadFilter 

11:10:38.097 INFO  ProgressMeter -          SpMBP10:109              0.2                    24            131.8
11:10:38.097 INFO  ProgressMeter - Traversal complete. Processed 24 total regions in 0.2 minutes.
11:10:38.105 INFO  VectorLoglessPairHMM - Time spent in setup for JNI call : 0.0032513370000000004
11:10:38.105 INFO  PairHMM - Total compute time in PairHMM computeLogLikelihoods() : 1.255011681
11:10:38.106 INFO  SmithWatermanAligner - Total compute time in java Smith-Waterman : 2.42 sec
11:10:38.106 INFO  HaplotypeCaller - Shutting down engine
[May 26, 2020 11:10:38 AM PDT] org.broadinstitute.hellbender.tools.walkers.haplotypecaller.HaplotypeCaller done. Elapsed time: 0.21 minutes.
Runtime.totalMemory()=2847932416
