Sourcing executables from speedseq.config ...
Aligning...
samblaster: Version 0.1.22
samblaster: Inputting from stdin
samblaster: Outputting to stdout
samblaster: Opening G3.Bj2Lil9PeLNK/disc_pipe for write.
[M::bwa_idx_load_from_disk] read 0 ALT contigs
samblaster: Opening G3.Bj2Lil9PeLNK/spl_pipe for write.
[M::process] read 68676 sequences (10000226 bp)...
[M::process] read 68676 sequences (10000261 bp)...
[M::mem_pestat] # candidate unique pairs for (FF, FR, RF, RR): (0, 33657, 0, 0)
[M::mem_pestat] skip orientation FF as there are not enough pairs
[M::mem_pestat] analyzing insert size distribution for orientation FR...
[M::mem_pestat] (25, 50, 75) percentile: (189, 200, 210)
[M::mem_pestat] low and high boundaries for computing mean and std.dev: (147, 252)
[M::mem_pestat] mean and std.dev: (200.52, 9.75)
[M::mem_pestat] low and high boundaries for proper pairs: (126, 273)
[M::mem_pestat] skip orientation RF as there are not enough pairs
[M::mem_pestat] skip orientation RR as there are not enough pairs
[M::mem_process_seqs] Processed 68676 reads in 4.980 CPU sec, 4.758 real sec
samblaster: Loaded 12 header sequence entries.
[M::process] read 68664 sequences (10000157 bp)...
[M::mem_pestat] # candidate unique pairs for (FF, FR, RF, RR): (0, 33645, 0, 0)
[M::mem_pestat] skip orientation FF as there are not enough pairs
[M::mem_pestat] analyzing insert size distribution for orientation FR...
[M::mem_pestat] (25, 50, 75) percentile: (189, 200, 210)
[M::mem_pestat] low and high boundaries for computing mean and std.dev: (147, 252)
[M::mem_pestat] mean and std.dev: (200.31, 9.91)
[M::mem_pestat] low and high boundaries for proper pairs: (126, 273)
[M::mem_pestat] skip orientation RF as there are not enough pairs
[M::mem_pestat] skip orientation RR as there are not enough pairs
[M::mem_process_seqs] Processed 68676 reads in 5.422 CPU sec, 5.234 real sec
[M::process] read 62948 sequences (9182441 bp)...
[M::mem_pestat] # candidate unique pairs for (FF, FR, RF, RR): (0, 33727, 4, 0)
[M::mem_pestat] skip orientation FF as there are not enough pairs
[M::mem_pestat] analyzing insert size distribution for orientation FR...
[M::mem_pestat] (25, 50, 75) percentile: (189, 200, 210)
[M::mem_pestat] low and high boundaries for computing mean and std.dev: (147, 252)
[M::mem_pestat] mean and std.dev: (200.43, 9.64)
[M::mem_pestat] low and high boundaries for proper pairs: (126, 273)
[M::mem_pestat] skip orientation RF as there are not enough pairs
[M::mem_pestat] skip orientation RR as there are not enough pairs
[M::mem_process_seqs] Processed 68664 reads in 5.244 CPU sec, 5.036 real sec
[M::mem_pestat] # candidate unique pairs for (FF, FR, RF, RR): (0, 30986, 8, 0)
[M::mem_pestat] skip orientation FF as there are not enough pairs
[M::mem_pestat] analyzing insert size distribution for orientation FR...
[M::mem_pestat] (25, 50, 75) percentile: (189, 200, 210)
[M::mem_pestat] low and high boundaries for computing mean and std.dev: (147, 252)
[M::mem_pestat] mean and std.dev: (200.55, 9.56)
[M::mem_pestat] low and high boundaries for proper pairs: (126, 273)
[M::mem_pestat] skip orientation RF as there are not enough pairs
[M::mem_pestat] skip orientation RR as there are not enough pairs
[M::mem_process_seqs] Processed 62948 reads in 4.411 CPU sec, 4.403 real sec
samblaster: Output 77 discordant read pairs to G3.Bj2Lil9PeLNK/disc_pipe
[main] Version: 0.7.12-r1039
samblaster: Output 30 split reads to G3.Bj2Lil9PeLNK/spl_pipe
[main] CMD: /opt/linux/centos/7.x/x86_64/pkgs/bwa/0.7.12/bin/bwa mem -t 1 -R @RG\tID:G3\tSM:G3\tLB:Lib\ References.fasta ExternalData/Pooled/Stacks/G3.1.fq.gz ExternalData/Pooled/Stacks/G3.2.fq.gzsamblaster: Marked 133327 of 134482 (99.14%) read ids as duplicates using 1344k memory in 
[main] Real time: 19.999 sec; CPU: 20.287 sec
0.512S CPU seconds and 20S wall time.
Done
Using GATK jar /bigdata/operations/pkgadmin/opt/linux/centos/7.x/x86_64/pkgs/gatk/4.0.8.1/gatk-package-4.0.8.1-local.jar
Running:
    java -Dsamjdk.use_async_io_read_samtools=false -Dsamjdk.use_async_io_write_samtools=true -Dsamjdk.use_async_io_write_tribble=false -Dsamjdk.compression_level=2 -jar /bigdata/operations/pkgadmin/opt/linux/centos/7.x/x86_64/pkgs/gatk/4.0.8.1/gatk-package-4.0.8.1-local.jar HaplotypeCaller -R References.fasta -I results/G3.bam -O results/G3.g.vcf -ERC GVCF
15:11:12.675 INFO  NativeLibraryLoader - Loading libgkl_compression.so from jar:file:/bigdata/operations/pkgadmin/opt/linux/centos/7.x/x86_64/pkgs/gatk/4.0.8.1/gatk-package-4.0.8.1-local.jar!/com/intel/gkl/native/libgkl_compression.so
15:11:14.004 INFO  HaplotypeCaller - ------------------------------------------------------------
15:11:14.005 INFO  HaplotypeCaller - The Genome Analysis Toolkit (GATK) v4.0.8.1
15:11:14.006 INFO  HaplotypeCaller - For support and documentation go to https://software.broadinstitute.org/gatk/
15:11:14.007 INFO  HaplotypeCaller - Executing as arajewski@i08 on Linux v3.10.0-957.el7.x86_64 amd64
15:11:14.007 INFO  HaplotypeCaller - Java runtime: Java HotSpot(TM) 64-Bit Server VM v1.8.0_45-b14
15:11:14.007 INFO  HaplotypeCaller - Start Date/Time: May 26, 2020 3:11:12 PM PDT
15:11:14.007 INFO  HaplotypeCaller - ------------------------------------------------------------
15:11:14.007 INFO  HaplotypeCaller - ------------------------------------------------------------
15:11:14.008 INFO  HaplotypeCaller - HTSJDK Version: 2.16.0
15:11:14.008 INFO  HaplotypeCaller - Picard Version: 2.18.7
15:11:14.008 INFO  HaplotypeCaller - HTSJDK Defaults.COMPRESSION_LEVEL : 2
15:11:14.008 INFO  HaplotypeCaller - HTSJDK Defaults.USE_ASYNC_IO_READ_FOR_SAMTOOLS : false
15:11:14.008 INFO  HaplotypeCaller - HTSJDK Defaults.USE_ASYNC_IO_WRITE_FOR_SAMTOOLS : true
15:11:14.008 INFO  HaplotypeCaller - HTSJDK Defaults.USE_ASYNC_IO_WRITE_FOR_TRIBBLE : false
15:11:14.008 INFO  HaplotypeCaller - Deflater: IntelDeflater
15:11:14.008 INFO  HaplotypeCaller - Inflater: IntelInflater
15:11:14.008 INFO  HaplotypeCaller - GCS max retries/reopens: 20
15:11:14.009 INFO  HaplotypeCaller - Using google-cloud-java fork https://github.com/broadinstitute/google-cloud-java/releases/tag/0.20.5-alpha-GCS-RETRY-FIX
15:11:14.009 INFO  HaplotypeCaller - Initializing engine
15:11:14.572 INFO  HaplotypeCaller - Done initializing engine
15:11:14.580 INFO  HaplotypeCallerEngine - Tool is in reference confidence mode and the annotation, the following changes will be made to any specified annotations: 'StrandBiasBySample' will be enabled. 'ChromosomeCounts', 'FisherStrand', 'StrandOddsRatio' and 'QualByDepth' annotations have been disabled
15:11:14.589 INFO  HaplotypeCallerEngine - Standard Emitting and Calling confidence set to 0.0 for reference-model confidence output
15:11:14.589 INFO  HaplotypeCallerEngine - All sites annotated with PLs forced to true for reference-model confidence output
15:11:14.610 INFO  NativeLibraryLoader - Loading libgkl_utils.so from jar:file:/bigdata/operations/pkgadmin/opt/linux/centos/7.x/x86_64/pkgs/gatk/4.0.8.1/gatk-package-4.0.8.1-local.jar!/com/intel/gkl/native/libgkl_utils.so
15:11:14.613 INFO  NativeLibraryLoader - Loading libgkl_pairhmm_omp.so from jar:file:/bigdata/operations/pkgadmin/opt/linux/centos/7.x/x86_64/pkgs/gatk/4.0.8.1/gatk-package-4.0.8.1-local.jar!/com/intel/gkl/native/libgkl_pairhmm_omp.so
15:11:14.658 WARN  IntelPairHmm - Flush-to-zero (FTZ) is enabled when running PairHMM
15:11:14.659 INFO  IntelPairHmm - Available threads: 2
15:11:14.659 INFO  IntelPairHmm - Requested threads: 4
15:11:14.660 WARN  IntelPairHmm - Using 2 available threads, but 4 were requested
15:11:14.660 INFO  PairHMM - Using the OpenMP multi-threaded AVX-accelerated native PairHMM implementation
15:11:14.774 INFO  ProgressMeter - Starting traversal
15:11:14.775 INFO  ProgressMeter -        Current Locus  Elapsed Minutes     Regions Processed   Regions/Minute
15:11:25.045 INFO  ProgressMeter -          NoFUL2.1:81              0.2                    10             58.4
15:11:25.899 WARN  DepthPerSampleHC - Annotation will not be calculated, genotype is not called or alleleLikelihoodMap is null
15:11:25.899 WARN  StrandBiasBySample - Annotation will not be calculated, genotype is not called or alleleLikelihoodMap is null
15:11:25.902 WARN  DepthPerSampleHC - Annotation will not be calculated, genotype is not called or alleleLikelihoodMap is null
15:11:25.902 WARN  StrandBiasBySample - Annotation will not be calculated, genotype is not called or alleleLikelihoodMap is null
15:11:27.598 INFO  HaplotypeCaller - 266725 read(s) filtered by: ((((((((MappingQualityReadFilter AND MappingQualityAvailableReadFilter) AND MappedReadFilter) AND NotSecondaryAlignmentReadFilter) AND NotDuplicateReadFilter) AND PassesVendorQualityCheckReadFilter) AND NonZeroReferenceLengthAlignmentReadFilter) AND GoodCigarReadFilter) AND WellformedReadFilter)
  266725 read(s) filtered by: (((((((MappingQualityReadFilter AND MappingQualityAvailableReadFilter) AND MappedReadFilter) AND NotSecondaryAlignmentReadFilter) AND NotDuplicateReadFilter) AND PassesVendorQualityCheckReadFilter) AND NonZeroReferenceLengthAlignmentReadFilter) AND GoodCigarReadFilter)
      266725 read(s) filtered by: ((((((MappingQualityReadFilter AND MappingQualityAvailableReadFilter) AND MappedReadFilter) AND NotSecondaryAlignmentReadFilter) AND NotDuplicateReadFilter) AND PassesVendorQualityCheckReadFilter) AND NonZeroReferenceLengthAlignmentReadFilter)
          266725 read(s) filtered by: (((((MappingQualityReadFilter AND MappingQualityAvailableReadFilter) AND MappedReadFilter) AND NotSecondaryAlignmentReadFilter) AND NotDuplicateReadFilter) AND PassesVendorQualityCheckReadFilter)
              266725 read(s) filtered by: ((((MappingQualityReadFilter AND MappingQualityAvailableReadFilter) AND MappedReadFilter) AND NotSecondaryAlignmentReadFilter) AND NotDuplicateReadFilter)
                  623 read(s) filtered by: (((MappingQualityReadFilter AND MappingQualityAvailableReadFilter) AND MappedReadFilter) AND NotSecondaryAlignmentReadFilter)
                      623 read(s) filtered by: ((MappingQualityReadFilter AND MappingQualityAvailableReadFilter) AND MappedReadFilter)
                          623 read(s) filtered by: (MappingQualityReadFilter AND MappingQualityAvailableReadFilter)
                              623 read(s) filtered by: MappingQualityReadFilter 
                  266102 read(s) filtered by: NotDuplicateReadFilter 

15:11:27.599 INFO  ProgressMeter -         SpMBP20.2:46              0.2                    30            140.4
15:11:27.599 INFO  ProgressMeter - Traversal complete. Processed 30 total regions in 0.2 minutes.
15:11:27.629 INFO  VectorLoglessPairHMM - Time spent in setup for JNI call : 0.006388889
15:11:27.630 INFO  PairHMM - Total compute time in PairHMM computeLogLikelihoods() : 0.9416484150000001
15:11:27.630 INFO  SmithWatermanAligner - Total compute time in java Smith-Waterman : 2.66 sec
15:11:27.630 INFO  HaplotypeCaller - Shutting down engine
[May 26, 2020 3:11:27 PM PDT] org.broadinstitute.hellbender.tools.walkers.haplotypecaller.HaplotypeCaller done. Elapsed time: 0.25 minutes.
Runtime.totalMemory()=2483552256
