Sourcing executables from speedseq.config ...
Aligning...
samblaster: Version 0.1.22
samblaster: Inputting from stdin
samblaster: Outputting to stdout
samblaster: Opening E1.3Wf9N4DrKYTt/disc_pipe for write.
samblaster: Opening E1.3Wf9N4DrKYTt/spl_pipe for write.
[M::bwa_idx_load_from_disk] read 0 ALT contigs
[M::process] read 70436 sequences (10000275 bp)...
[M::process] read 70422 sequences (10000209 bp)...
[M::mem_pestat] # candidate unique pairs for (FF, FR, RF, RR): (0, 34783, 1, 0)
[M::mem_pestat] skip orientation FF as there are not enough pairs
[M::mem_pestat] analyzing insert size distribution for orientation FR...
[M::mem_pestat] (25, 50, 75) percentile: (189, 200, 200)
[M::mem_pestat] low and high boundaries for computing mean and std.dev: (167, 222)
[M::mem_pestat] mean and std.dev: (199.91, 7.28)
[M::mem_pestat] low and high boundaries for proper pairs: (156, 233)
[M::mem_pestat] skip orientation RF as there are not enough pairs
[M::mem_pestat] skip orientation RR as there are not enough pairs
[M::mem_process_seqs] Processed 70436 reads in 4.732 CPU sec, 4.516 real sec
samblaster: Loaded 12 header sequence entries.
[M::process] read 70490 sequences (10000110 bp)...
[M::mem_pestat] # candidate unique pairs for (FF, FR, RF, RR): (0, 34779, 0, 0)
[M::mem_pestat] skip orientation FF as there are not enough pairs
[M::mem_pestat] analyzing insert size distribution for orientation FR...
[M::mem_pestat] (25, 50, 75) percentile: (189, 200, 200)
[M::mem_pestat] low and high boundaries for computing mean and std.dev: (167, 222)
[M::mem_pestat] mean and std.dev: (199.79, 7.35)
[M::mem_pestat] low and high boundaries for proper pairs: (156, 233)
[M::mem_pestat] skip orientation RF as there are not enough pairs
[M::mem_pestat] skip orientation RR as there are not enough pairs
[M::mem_process_seqs] Processed 70422 reads in 5.238 CPU sec, 5.022 real sec
[M::process] read 70506 sequences (10000075 bp)...
[M::mem_pestat] # candidate unique pairs for (FF, FR, RF, RR): (0, 34855, 0, 0)
[M::mem_pestat] skip orientation FF as there are not enough pairs
[M::mem_pestat] analyzing insert size distribution for orientation FR...
[M::mem_pestat] (25, 50, 75) percentile: (189, 200, 200)
[M::mem_pestat] low and high boundaries for computing mean and std.dev: (167, 222)
[M::mem_pestat] mean and std.dev: (199.74, 7.48)
[M::mem_pestat] low and high boundaries for proper pairs: (156, 233)
[M::mem_pestat] skip orientation RF as there are not enough pairs
[M::mem_pestat] skip orientation RR as there are not enough pairs
[M::mem_process_seqs] Processed 70490 reads in 5.127 CPU sec, 4.860 real sec
[M::process] read 69974 sequences (9940485 bp)...
[M::mem_pestat] # candidate unique pairs for (FF, FR, RF, RR): (0, 34894, 0, 0)
[M::mem_pestat] skip orientation FF as there are not enough pairs
[M::mem_pestat] analyzing insert size distribution for orientation FR...
[M::mem_pestat] (25, 50, 75) percentile: (189, 200, 200)
[M::mem_pestat] low and high boundaries for computing mean and std.dev: (167, 222)
[M::mem_pestat] mean and std.dev: (199.82, 7.39)
[M::mem_pestat] low and high boundaries for proper pairs: (156, 233)
[M::mem_pestat] skip orientation RF as there are not enough pairs
[M::mem_pestat] skip orientation RR as there are not enough pairs
[M::mem_process_seqs] Processed 70506 reads in 5.024 CPU sec, 4.772 real sec
[M::mem_pestat] # candidate unique pairs for (FF, FR, RF, RR): (0, 34683, 1, 0)
[M::mem_pestat] skip orientation FF as there are not enough pairs
[M::mem_pestat] analyzing insert size distribution for orientation FR...
[M::mem_pestat] (25, 50, 75) percentile: (189, 200, 200)
[M::mem_pestat] low and high boundaries for computing mean and std.dev: (167, 222)
[M::mem_pestat] mean and std.dev: (199.95, 7.26)
[M::mem_pestat] low and high boundaries for proper pairs: (156, 233)
[M::mem_pestat] skip orientation RF as there are not enough pairs
[M::mem_pestat] skip orientation RR as there are not enough pairs
[M::mem_process_seqs] Processed 69974 reads in 4.498 CPU sec, 4.446 real sec
[main] Version: 0.7.12-r1039
[main] CMD: /opt/linux/centos/7.x/x86_64/pkgs/bwa/0.7.12/bin/bwa mem -t 1 -R @RG\tID:E1\tSM:E1\tLB:Lib\ References.fasta ExternalData/Pooled/Stacks/E1.1.fq.gz ExternalData/Pooled/Stacks/E1.2.fq.gz
[main] Real time: 24.181 sec; CPU: 24.863 sec
samblaster: Output 175 discordant read pairs to E1.3Wf9N4DrKYTt/disc_pipe
samblaster: Output 64 split reads to E1.3Wf9N4DrKYTt/spl_pipe
samblaster: Marked 174677 of 175914 (99.30%) read ids as duplicates using 1344k memory in 0.702S CPU seconds and 24S wall time.
Done
Using GATK jar /bigdata/operations/pkgadmin/opt/linux/centos/7.x/x86_64/pkgs/gatk/4.0.8.1/gatk-package-4.0.8.1-local.jar
Running:
    java -Dsamjdk.use_async_io_read_samtools=false -Dsamjdk.use_async_io_write_samtools=true -Dsamjdk.use_async_io_write_tribble=false -Dsamjdk.compression_level=2 -jar /bigdata/operations/pkgadmin/opt/linux/centos/7.x/x86_64/pkgs/gatk/4.0.8.1/gatk-package-4.0.8.1-local.jar HaplotypeCaller -R References.fasta -I results/E1.bam -O results/E1.g.vcf -ERC GVCF
15:11:17.451 INFO  NativeLibraryLoader - Loading libgkl_compression.so from jar:file:/bigdata/operations/pkgadmin/opt/linux/centos/7.x/x86_64/pkgs/gatk/4.0.8.1/gatk-package-4.0.8.1-local.jar!/com/intel/gkl/native/libgkl_compression.so
15:11:17.667 INFO  HaplotypeCaller - ------------------------------------------------------------
15:11:17.669 INFO  HaplotypeCaller - The Genome Analysis Toolkit (GATK) v4.0.8.1
15:11:17.669 INFO  HaplotypeCaller - For support and documentation go to https://software.broadinstitute.org/gatk/
15:11:17.670 INFO  HaplotypeCaller - Executing as arajewski@i05 on Linux v3.10.0-957.el7.x86_64 amd64
15:11:17.670 INFO  HaplotypeCaller - Java runtime: Java HotSpot(TM) 64-Bit Server VM v1.8.0_45-b14
15:11:17.670 INFO  HaplotypeCaller - Start Date/Time: May 26, 2020 3:11:17 PM PDT
15:11:17.670 INFO  HaplotypeCaller - ------------------------------------------------------------
15:11:17.670 INFO  HaplotypeCaller - ------------------------------------------------------------
15:11:17.671 INFO  HaplotypeCaller - HTSJDK Version: 2.16.0
15:11:17.671 INFO  HaplotypeCaller - Picard Version: 2.18.7
15:11:17.671 INFO  HaplotypeCaller - HTSJDK Defaults.COMPRESSION_LEVEL : 2
15:11:17.671 INFO  HaplotypeCaller - HTSJDK Defaults.USE_ASYNC_IO_READ_FOR_SAMTOOLS : false
15:11:17.671 INFO  HaplotypeCaller - HTSJDK Defaults.USE_ASYNC_IO_WRITE_FOR_SAMTOOLS : true
15:11:17.671 INFO  HaplotypeCaller - HTSJDK Defaults.USE_ASYNC_IO_WRITE_FOR_TRIBBLE : false
15:11:17.672 INFO  HaplotypeCaller - Deflater: IntelDeflater
15:11:17.672 INFO  HaplotypeCaller - Inflater: IntelInflater
15:11:17.672 INFO  HaplotypeCaller - GCS max retries/reopens: 20
15:11:17.672 INFO  HaplotypeCaller - Using google-cloud-java fork https://github.com/broadinstitute/google-cloud-java/releases/tag/0.20.5-alpha-GCS-RETRY-FIX
15:11:17.672 INFO  HaplotypeCaller - Initializing engine
15:11:18.630 INFO  HaplotypeCaller - Done initializing engine
15:11:18.636 INFO  HaplotypeCallerEngine - Tool is in reference confidence mode and the annotation, the following changes will be made to any specified annotations: 'StrandBiasBySample' will be enabled. 'ChromosomeCounts', 'FisherStrand', 'StrandOddsRatio' and 'QualByDepth' annotations have been disabled
15:11:18.641 INFO  HaplotypeCallerEngine - Standard Emitting and Calling confidence set to 0.0 for reference-model confidence output
15:11:18.642 INFO  HaplotypeCallerEngine - All sites annotated with PLs forced to true for reference-model confidence output
15:11:18.661 INFO  NativeLibraryLoader - Loading libgkl_utils.so from jar:file:/bigdata/operations/pkgadmin/opt/linux/centos/7.x/x86_64/pkgs/gatk/4.0.8.1/gatk-package-4.0.8.1-local.jar!/com/intel/gkl/native/libgkl_utils.so
15:11:18.664 INFO  NativeLibraryLoader - Loading libgkl_pairhmm_omp.so from jar:file:/bigdata/operations/pkgadmin/opt/linux/centos/7.x/x86_64/pkgs/gatk/4.0.8.1/gatk-package-4.0.8.1-local.jar!/com/intel/gkl/native/libgkl_pairhmm_omp.so
15:11:18.707 WARN  IntelPairHmm - Flush-to-zero (FTZ) is enabled when running PairHMM
15:11:18.707 INFO  IntelPairHmm - Available threads: 2
15:11:18.707 INFO  IntelPairHmm - Requested threads: 4
15:11:18.708 WARN  IntelPairHmm - Using 2 available threads, but 4 were requested
15:11:18.708 INFO  PairHMM - Using the OpenMP multi-threaded AVX-accelerated native PairHMM implementation
15:11:18.814 INFO  ProgressMeter - Starting traversal
15:11:18.815 INFO  ProgressMeter -        Current Locus  Elapsed Minutes     Regions Processed   Regions/Minute
15:11:30.446 INFO  ProgressMeter -            SpMBP10:1              0.2                    20            103.2
15:11:32.373 INFO  HaplotypeCaller - 349552 read(s) filtered by: ((((((((MappingQualityReadFilter AND MappingQualityAvailableReadFilter) AND MappedReadFilter) AND NotSecondaryAlignmentReadFilter) AND NotDuplicateReadFilter) AND PassesVendorQualityCheckReadFilter) AND NonZeroReferenceLengthAlignmentReadFilter) AND GoodCigarReadFilter) AND WellformedReadFilter)
  349552 read(s) filtered by: (((((((MappingQualityReadFilter AND MappingQualityAvailableReadFilter) AND MappedReadFilter) AND NotSecondaryAlignmentReadFilter) AND NotDuplicateReadFilter) AND PassesVendorQualityCheckReadFilter) AND NonZeroReferenceLengthAlignmentReadFilter) AND GoodCigarReadFilter)
      349552 read(s) filtered by: ((((((MappingQualityReadFilter AND MappingQualityAvailableReadFilter) AND MappedReadFilter) AND NotSecondaryAlignmentReadFilter) AND NotDuplicateReadFilter) AND PassesVendorQualityCheckReadFilter) AND NonZeroReferenceLengthAlignmentReadFilter)
          349552 read(s) filtered by: (((((MappingQualityReadFilter AND MappingQualityAvailableReadFilter) AND MappedReadFilter) AND NotSecondaryAlignmentReadFilter) AND NotDuplicateReadFilter) AND PassesVendorQualityCheckReadFilter)
              349552 read(s) filtered by: ((((MappingQualityReadFilter AND MappingQualityAvailableReadFilter) AND MappedReadFilter) AND NotSecondaryAlignmentReadFilter) AND NotDuplicateReadFilter)
                  432 read(s) filtered by: (((MappingQualityReadFilter AND MappingQualityAvailableReadFilter) AND MappedReadFilter) AND NotSecondaryAlignmentReadFilter)
                      432 read(s) filtered by: ((MappingQualityReadFilter AND MappingQualityAvailableReadFilter) AND MappedReadFilter)
                          432 read(s) filtered by: (MappingQualityReadFilter AND MappingQualityAvailableReadFilter)
                              432 read(s) filtered by: MappingQualityReadFilter 
                  349120 read(s) filtered by: NotDuplicateReadFilter 

15:11:32.373 INFO  ProgressMeter -            SpMBP10:1              0.2                    26            115.1
15:11:32.379 INFO  ProgressMeter - Traversal complete. Processed 26 total regions in 0.2 minutes.
15:11:32.408 INFO  VectorLoglessPairHMM - Time spent in setup for JNI call : 0.022358192000000002
15:11:32.408 INFO  PairHMM - Total compute time in PairHMM computeLogLikelihoods() : 2.356773936
15:11:32.408 INFO  SmithWatermanAligner - Total compute time in java Smith-Waterman : 2.84 sec
15:11:32.408 INFO  HaplotypeCaller - Shutting down engine
[May 26, 2020 3:11:32 PM PDT] org.broadinstitute.hellbender.tools.walkers.haplotypecaller.HaplotypeCaller done. Elapsed time: 0.25 minutes.
Runtime.totalMemory()=2424307712
