Sourcing executables from speedseq.config ...
Aligning...
samblaster: Version 0.1.22
[M::bwa_idx_load_from_disk] read 0 ALT contigs
samblaster: Inputting from stdin
samblaster: Outputting to stdout
samblaster: Opening A10.kWNJY4RPDd8V/disc_pipe for write.
samblaster: Opening A10.kWNJY4RPDd8V/spl_pipe for write.
[M::process] read 67342 sequences (10000287 bp)...
[M::process] read 67342 sequences (10000287 bp)...
[M::mem_pestat] # candidate unique pairs for (FF, FR, RF, RR): (281, 0, 0, 3)
[M::mem_pestat] analyzing insert size distribution for orientation FF...
[M::mem_pestat] (25, 50, 75) percentile: (3, 5, 7)
[M::mem_pestat] low and high boundaries for computing mean and std.dev: (1, 15)
[M::mem_pestat] mean and std.dev: (4.87, 2.66)
[M::mem_pestat] low and high boundaries for proper pairs: (1, 19)
[M::mem_pestat] skip orientation FR as there are not enough pairs
[M::mem_pestat] skip orientation RF as there are not enough pairs
[M::mem_pestat] skip orientation RR as there are not enough pairs
[M::mem_process_seqs] Processed 67342 reads in 6.462 CPU sec, 6.320 real sec
samblaster: Loaded 12 header sequence entries.
[M::process] read 67342 sequences (10000287 bp)...
[M::mem_pestat] # candidate unique pairs for (FF, FR, RF, RR): (295, 0, 0, 4)
[M::mem_pestat] analyzing insert size distribution for orientation FF...
[M::mem_pestat] (25, 50, 75) percentile: (3, 5, 7)
[M::mem_pestat] low and high boundaries for computing mean and std.dev: (1, 15)
[M::mem_pestat] mean and std.dev: (4.97, 2.46)
[M::mem_pestat] low and high boundaries for proper pairs: (1, 19)
[M::mem_pestat] skip orientation FR as there are not enough pairs
[M::mem_pestat] skip orientation RF as there are not enough pairs
[M::mem_pestat] skip orientation RR as there are not enough pairs
[M::mem_process_seqs] Processed 67342 reads in 6.957 CPU sec, 6.715 real sec
[M::process] read 67342 sequences (10000287 bp)...
[M::mem_pestat] # candidate unique pairs for (FF, FR, RF, RR): (315, 0, 0, 0)
[M::mem_pestat] analyzing insert size distribution for orientation FF...
[M::mem_pestat] (25, 50, 75) percentile: (4, 5, 7)
[M::mem_pestat] low and high boundaries for computing mean and std.dev: (1, 13)
[M::mem_pestat] mean and std.dev: (5.19, 2.50)
[M::mem_pestat] low and high boundaries for proper pairs: (1, 16)
[M::mem_pestat] skip orientation FR as there are not enough pairs
[M::mem_pestat] skip orientation RF as there are not enough pairs
[M::mem_pestat] skip orientation RR as there are not enough pairs
[M::mem_process_seqs] Processed 67342 reads in 6.940 CPU sec, 6.673 real sec
[M::process] read 67342 sequences (10000287 bp)...
[M::mem_pestat] # candidate unique pairs for (FF, FR, RF, RR): (290, 0, 0, 5)
[M::mem_pestat] analyzing insert size distribution for orientation FF...
[M::mem_pestat] (25, 50, 75) percentile: (3, 5, 7)
[M::mem_pestat] low and high boundaries for computing mean and std.dev: (1, 15)
[M::mem_pestat] mean and std.dev: (5.01, 2.60)
[M::mem_pestat] low and high boundaries for proper pairs: (1, 19)
[M::mem_pestat] skip orientation FR as there are not enough pairs
[M::mem_pestat] skip orientation RF as there are not enough pairs
[M::mem_pestat] skip orientation RR as there are not enough pairs
[M::mem_process_seqs] Processed 67342 reads in 6.806 CPU sec, 6.701 real sec
[M::process] read 67342 sequences (10000287 bp)...
[M::mem_pestat] # candidate unique pairs for (FF, FR, RF, RR): (320, 0, 0, 2)
[M::mem_pestat] analyzing insert size distribution for orientation FF...
[M::mem_pestat] (25, 50, 75) percentile: (4, 5, 7)
[M::mem_pestat] low and high boundaries for computing mean and std.dev: (1, 13)
[M::mem_pestat] mean and std.dev: (4.97, 2.45)
[M::mem_pestat] low and high boundaries for proper pairs: (1, 16)
[M::mem_pestat] skip orientation FR as there are not enough pairs
[M::mem_pestat] skip orientation RF as there are not enough pairs
[M::mem_pestat] skip orientation RR as there are not enough pairs
[M::mem_process_seqs] Processed 67342 reads in 6.693 CPU sec, 6.450 real sec
[M::process] read 67342 sequences (10000287 bp)...
[M::mem_pestat] # candidate unique pairs for (FF, FR, RF, RR): (324, 0, 0, 2)
[M::mem_pestat] analyzing insert size distribution for orientation FF...
[M::mem_pestat] (25, 50, 75) percentile: (4, 5, 7)
[M::mem_pestat] low and high boundaries for computing mean and std.dev: (1, 13)
[M::mem_pestat] mean and std.dev: (5.20, 2.42)
[M::mem_pestat] low and high boundaries for proper pairs: (1, 16)
[M::mem_pestat] skip orientation FR as there are not enough pairs
[M::mem_pestat] skip orientation RF as there are not enough pairs
[M::mem_pestat] skip orientation RR as there are not enough pairs
[M::mem_process_seqs] Processed 67342 reads in 6.617 CPU sec, 6.515 real sec
[M::process] read 67342 sequences (10000287 bp)...
[M::mem_pestat] # candidate unique pairs for (FF, FR, RF, RR): (339, 0, 0, 1)
[M::mem_pestat] analyzing insert size distribution for orientation FF...
[M::mem_pestat] (25, 50, 75) percentile: (4, 4, 7)
[M::mem_pestat] low and high boundaries for computing mean and std.dev: (1, 13)
[M::mem_pestat] mean and std.dev: (4.93, 2.34)
[M::mem_pestat] low and high boundaries for proper pairs: (1, 16)
[M::mem_pestat] skip orientation FR as there are not enough pairs
[M::mem_pestat] skip orientation RF as there are not enough pairs
[M::mem_pestat] skip orientation RR as there are not enough pairs
[M::mem_process_seqs] Processed 67342 reads in 6.664 CPU sec, 6.538 real sec
[M::process] read 67342 sequences (10000287 bp)...
[M::mem_pestat] # candidate unique pairs for (FF, FR, RF, RR): (410, 0, 0, 2)
[M::mem_pestat] analyzing insert size distribution for orientation FF...
[M::mem_pestat] (25, 50, 75) percentile: (4, 4, 7)
[M::mem_pestat] low and high boundaries for computing mean and std.dev: (1, 13)
[M::mem_pestat] mean and std.dev: (4.85, 2.33)
[M::mem_pestat] low and high boundaries for proper pairs: (1, 16)
[M::mem_pestat] skip orientation FR as there are not enough pairs
[M::mem_pestat] skip orientation RF as there are not enough pairs
[M::mem_pestat] skip orientation RR as there are not enough pairs
[M::mem_process_seqs] Processed 67342 reads in 6.676 CPU sec, 6.575 real sec
[M::process] read 59990 sequences (8908515 bp)...
[M::mem_pestat] # candidate unique pairs for (FF, FR, RF, RR): (309, 0, 0, 2)
[M::mem_pestat] analyzing insert size distribution for orientation FF...
[M::mem_pestat] (25, 50, 75) percentile: (4, 5, 7)
[M::mem_pestat] low and high boundaries for computing mean and std.dev: (1, 13)
[M::mem_pestat] mean and std.dev: (4.91, 2.19)
[M::mem_pestat] low and high boundaries for proper pairs: (1, 16)
[M::mem_pestat] skip orientation FR as there are not enough pairs
[M::mem_pestat] skip orientation RF as there are not enough pairs
[M::mem_pestat] skip orientation RR as there are not enough pairs
[M::mem_process_seqs] Processed 67342 reads in 6.773 CPU sec, 6.644 real sec
[M::mem_pestat] # candidate unique pairs for (FF, FR, RF, RR): (283, 0, 0, 1)
[M::mem_pestat] analyzing insert size distribution for orientation FF...
[M::mem_pestat] (25, 50, 75) percentile: (3, 5, 7)
[M::mem_pestat] low and high boundaries for computing mean and std.dev: (1, 15)
[M::mem_pestat] mean and std.dev: (5.05, 2.55)
[M::mem_pestat] low and high boundaries for proper pairs: (1, 19)
[M::mem_pestat] skip orientation FR as there are not enough pairs
[M::mem_pestat] skip orientation RF as there are not enough pairs
[M::mem_pestat] skip orientation RR as there are not enough pairs
[M::mem_process_seqs] Processed 59990 reads in 6.086 CPU sec, 5.987 real sec
[main] Version: 0.7.12-r1039
samblaster: Output 79 discordant read pairs to A10.kWNJY4RPDd8V/disc_pipe
[main] CMD:samblaster: Output 20 split reads to A10.kWNJY4RPDd8V/spl_pipe
 /opt/linux/centos/7.x/x86_64/pkgs/bwa/0.7.12/bin/bwa mem -t 1 -R @RG\tID:A10\tSM:A10\tLB:Lib\ References.fasta ExternalData/A10_pair1.fastq ExternalData/A10_pair2.fastqsamblaster: Marked 331491 of 333034 (99.54%) read ids as duplicates
[main] Real time: 65.613 sec; CPU: 66.857 sec
 using 1344k memory in 1.385S CPU seconds and 1M5S(65S) wall time.
Done
Using GATK jar /bigdata/operations/pkgadmin/opt/linux/centos/7.x/x86_64/pkgs/gatk/4.0.8.1/gatk-package-4.0.8.1-local.jar
Running:
    java -Dsamjdk.use_async_io_read_samtools=false -Dsamjdk.use_async_io_write_samtools=true -Dsamjdk.use_async_io_write_tribble=false -Dsamjdk.compression_level=2 -jar /bigdata/operations/pkgadmin/opt/linux/centos/7.x/x86_64/pkgs/gatk/4.0.8.1/gatk-package-4.0.8.1-local.jar HaplotypeCaller -R References.fasta -I results/A10.bam -O results/A10.g.vcf -ERC GVCF
11:10:18.828 INFO  NativeLibraryLoader - Loading libgkl_compression.so from jar:file:/bigdata/operations/pkgadmin/opt/linux/centos/7.x/x86_64/pkgs/gatk/4.0.8.1/gatk-package-4.0.8.1-local.jar!/com/intel/gkl/native/libgkl_compression.so
11:10:19.185 INFO  HaplotypeCaller - ------------------------------------------------------------
11:10:19.188 INFO  HaplotypeCaller - The Genome Analysis Toolkit (GATK) v4.0.8.1
11:10:19.188 INFO  HaplotypeCaller - For support and documentation go to https://software.broadinstitute.org/gatk/
11:10:19.190 INFO  HaplotypeCaller - Executing as arajewski@i08 on Linux v3.10.0-957.el7.x86_64 amd64
11:10:19.190 INFO  HaplotypeCaller - Java runtime: Java HotSpot(TM) 64-Bit Server VM v1.8.0_45-b14
11:10:19.190 INFO  HaplotypeCaller - Start Date/Time: May 26, 2020 11:10:18 AM PDT
11:10:19.190 INFO  HaplotypeCaller - ------------------------------------------------------------
11:10:19.190 INFO  HaplotypeCaller - ------------------------------------------------------------
11:10:19.191 INFO  HaplotypeCaller - HTSJDK Version: 2.16.0
11:10:19.191 INFO  HaplotypeCaller - Picard Version: 2.18.7
11:10:19.191 INFO  HaplotypeCaller - HTSJDK Defaults.COMPRESSION_LEVEL : 2
11:10:19.191 INFO  HaplotypeCaller - HTSJDK Defaults.USE_ASYNC_IO_READ_FOR_SAMTOOLS : false
11:10:19.191 INFO  HaplotypeCaller - HTSJDK Defaults.USE_ASYNC_IO_WRITE_FOR_SAMTOOLS : true
11:10:19.192 INFO  HaplotypeCaller - HTSJDK Defaults.USE_ASYNC_IO_WRITE_FOR_TRIBBLE : false
11:10:19.192 INFO  HaplotypeCaller - Deflater: IntelDeflater
11:10:19.192 INFO  HaplotypeCaller - Inflater: IntelInflater
11:10:19.192 INFO  HaplotypeCaller - GCS max retries/reopens: 20
11:10:19.192 INFO  HaplotypeCaller - Using google-cloud-java fork https://github.com/broadinstitute/google-cloud-java/releases/tag/0.20.5-alpha-GCS-RETRY-FIX
11:10:19.192 INFO  HaplotypeCaller - Initializing engine
11:10:20.421 INFO  HaplotypeCaller - Done initializing engine
11:10:20.426 INFO  HaplotypeCallerEngine - Tool is in reference confidence mode and the annotation, the following changes will be made to any specified annotations: 'StrandBiasBySample' will be enabled. 'ChromosomeCounts', 'FisherStrand', 'StrandOddsRatio' and 'QualByDepth' annotations have been disabled
11:10:20.432 INFO  HaplotypeCallerEngine - Standard Emitting and Calling confidence set to 0.0 for reference-model confidence output
11:10:20.432 INFO  HaplotypeCallerEngine - All sites annotated with PLs forced to true for reference-model confidence output
11:10:20.447 INFO  NativeLibraryLoader - Loading libgkl_utils.so from jar:file:/bigdata/operations/pkgadmin/opt/linux/centos/7.x/x86_64/pkgs/gatk/4.0.8.1/gatk-package-4.0.8.1-local.jar!/com/intel/gkl/native/libgkl_utils.so
11:10:20.450 INFO  NativeLibraryLoader - Loading libgkl_pairhmm_omp.so from jar:file:/bigdata/operations/pkgadmin/opt/linux/centos/7.x/x86_64/pkgs/gatk/4.0.8.1/gatk-package-4.0.8.1-local.jar!/com/intel/gkl/native/libgkl_pairhmm_omp.so
11:10:20.492 WARN  IntelPairHmm - Flush-to-zero (FTZ) is enabled when running PairHMM
11:10:20.493 INFO  IntelPairHmm - Available threads: 2
11:10:20.493 INFO  IntelPairHmm - Requested threads: 4
11:10:20.493 WARN  IntelPairHmm - Using 2 available threads, but 4 were requested
11:10:20.493 INFO  PairHMM - Using the OpenMP multi-threaded AVX-accelerated native PairHMM implementation
11:10:20.578 INFO  ProgressMeter - Starting traversal
11:10:20.579 INFO  ProgressMeter -        Current Locus  Elapsed Minutes     Regions Processed   Regions/Minute
11:10:31.309 INFO  HaplotypeCaller - 663011 read(s) filtered by: ((((((((MappingQualityReadFilter AND MappingQualityAvailableReadFilter) AND MappedReadFilter) AND NotSecondaryAlignmentReadFilter) AND NotDuplicateReadFilter) AND PassesVendorQualityCheckReadFilter) AND NonZeroReferenceLengthAlignmentReadFilter) AND GoodCigarReadFilter) AND WellformedReadFilter)
  663011 read(s) filtered by: (((((((MappingQualityReadFilter AND MappingQualityAvailableReadFilter) AND MappedReadFilter) AND NotSecondaryAlignmentReadFilter) AND NotDuplicateReadFilter) AND PassesVendorQualityCheckReadFilter) AND NonZeroReferenceLengthAlignmentReadFilter) AND GoodCigarReadFilter)
      663011 read(s) filtered by: ((((((MappingQualityReadFilter AND MappingQualityAvailableReadFilter) AND MappedReadFilter) AND NotSecondaryAlignmentReadFilter) AND NotDuplicateReadFilter) AND PassesVendorQualityCheckReadFilter) AND NonZeroReferenceLengthAlignmentReadFilter)
          663011 read(s) filtered by: (((((MappingQualityReadFilter AND MappingQualityAvailableReadFilter) AND MappedReadFilter) AND NotSecondaryAlignmentReadFilter) AND NotDuplicateReadFilter) AND PassesVendorQualityCheckReadFilter)
              663011 read(s) filtered by: ((((MappingQualityReadFilter AND MappingQualityAvailableReadFilter) AND MappedReadFilter) AND NotSecondaryAlignmentReadFilter) AND NotDuplicateReadFilter)
                  11 read(s) filtered by: (((MappingQualityReadFilter AND MappingQualityAvailableReadFilter) AND MappedReadFilter) AND NotSecondaryAlignmentReadFilter)
                      11 read(s) filtered by: ((MappingQualityReadFilter AND MappingQualityAvailableReadFilter) AND MappedReadFilter)
                          11 read(s) filtered by: (MappingQualityReadFilter AND MappingQualityAvailableReadFilter)
                              11 read(s) filtered by: MappingQualityReadFilter 
                  663000 read(s) filtered by: NotDuplicateReadFilter 

11:10:31.310 INFO  ProgressMeter -            SpMBP10:1              0.2                    28            156.6
11:10:31.310 INFO  ProgressMeter - Traversal complete. Processed 28 total regions in 0.2 minutes.
11:10:31.335 INFO  VectorLoglessPairHMM - Time spent in setup for JNI call : 0.003939138
11:10:31.335 INFO  PairHMM - Total compute time in PairHMM computeLogLikelihoods() : 0.267390619
11:10:31.336 INFO  SmithWatermanAligner - Total compute time in java Smith-Waterman : 1.61 sec
11:10:31.336 INFO  HaplotypeCaller - Shutting down engine
[May 26, 2020 11:10:31 AM PDT] org.broadinstitute.hellbender.tools.walkers.haplotypecaller.HaplotypeCaller done. Elapsed time: 0.21 minutes.
Runtime.totalMemory()=2586312704
