Sourcing executables from speedseq.config ...
Aligning...
samblaster: Version 0.1.22
samblaster: Inputting from stdin
samblaster: Outputting to stdout
samblaster: Opening A3.lWVJFpF1a3Sh/disc_pipe for write.
samblaster: Opening A3.lWVJFpF1a3Sh/spl_pipe for write.
[M::bwa_idx_load_from_disk] read 0 ALT contigs
[M::process] read 70848 sequences (10000002 bp)...
[M::process] read 70692 sequences (10000180 bp)...
[M::mem_pestat] # candidate unique pairs for (FF, FR, RF, RR): (0, 32105, 0, 0)
[M::mem_pestat] skip orientation FF as there are not enough pairs
[M::mem_pestat] analyzing insert size distribution for orientation FR...
[M::mem_pestat] (25, 50, 75) percentile: (199, 199, 206)
[M::mem_pestat] low and high boundaries for computing mean and std.dev: (185, 220)
[M::mem_pestat] mean and std.dev: (199.33, 6.67)
[M::mem_pestat] low and high boundaries for proper pairs: (173, 227)
[M::mem_pestat] skip orientation RF as there are not enough pairs
[M::mem_pestat] skip orientation RR as there are not enough pairs
[M::mem_process_seqs] Processed 70848 reads in 5.235 CPU sec, 5.061 real sec
samblaster: Loaded 12 header sequence entries.
[M::process] read 70738 sequences (10000009 bp)...
[M::mem_pestat] # candidate unique pairs for (FF, FR, RF, RR): (0, 32095, 0, 0)
[M::mem_pestat] skip orientation FF as there are not enough pairs
[M::mem_pestat] analyzing insert size distribution for orientation FR...
[M::mem_pestat] (25, 50, 75) percentile: (199, 199, 210)
[M::mem_pestat] low and high boundaries for computing mean and std.dev: (177, 232)
[M::mem_pestat] mean and std.dev: (201.51, 10.02)
[M::mem_pestat] low and high boundaries for proper pairs: (161, 243)
[M::mem_pestat] skip orientation RF as there are not enough pairs
[M::mem_pestat] skip orientation RR as there are not enough pairs
[M::mem_process_seqs] Processed 70692 reads in 5.582 CPU sec, 5.311 real sec
[M::process] read 70754 sequences (10000182 bp)...
[M::mem_pestat] # candidate unique pairs for (FF, FR, RF, RR): (0, 32070, 1, 0)
[M::mem_pestat] skip orientation FF as there are not enough pairs
[M::mem_pestat] analyzing insert size distribution for orientation FR...
[M::mem_pestat] (25, 50, 75) percentile: (199, 199, 200)
[M::mem_pestat] low and high boundaries for computing mean and std.dev: (197, 202)
[M::mem_pestat] mean and std.dev: (199.29, 0.46)
[M::mem_pestat] low and high boundaries for proper pairs: (196, 203)
[M::mem_pestat] skip orientation RF as there are not enough pairs
[M::mem_pestat] skip orientation RR as there are not enough pairs
[M::mem_process_seqs] Processed 70738 reads in 6.940 CPU sec, 6.637 real sec
[M::process] read 2282 sequences (323922 bp)...
[M::mem_pestat] # candidate unique pairs for (FF, FR, RF, RR): (0, 32137, 1, 0)
[M::mem_pestat] skip orientation FF as there are not enough pairs
[M::mem_pestat] analyzing insert size distribution for orientation FR...
[M::mem_pestat] (25, 50, 75) percentile: (199, 199, 210)
[M::mem_pestat] low and high boundaries for computing mean and std.dev: (177, 232)
[M::mem_pestat] mean and std.dev: (201.45, 9.86)
[M::mem_pestat] low and high boundaries for proper pairs: (162, 243)
[M::mem_pestat] skip orientation RF as there are not enough pairs
[M::mem_pestat] skip orientation RR as there are not enough pairs
[M::mem_process_seqs] Processed 70754 reads in 5.326 CPU sec, 5.230 real sec
[M::mem_pestat] # candidate unique pairs for (FF, FR, RF, RR): (0, 1049, 0, 0)
[M::mem_pestat] skip orientation FF as there are not enough pairs
[M::mem_pestat] analyzing insert size distribution for orientation FR...
[M::mem_pestat] (25, 50, 75) percentile: (199, 199, 210)
[M::mem_pestat] low and high boundaries for computing mean and std.dev: (177, 232)
[M::mem_pestat] mean and std.dev: (201.67, 9.79)
[M::mem_pestat] low and high boundaries for proper pairs: (163, 243)
[M::mem_pestat] skip orientation RF as there are not enough pairs
[M::mem_pestat] skip orientation RR as there are not enough pairs
[M::mem_process_seqs] Processed 2282 reads in 0.331 CPU sec, 0.295 real sec
[main] Version: 0.7.12-r1039
[main] CMD: /opt/linux/centos/7.x/x86_64/pkgs/bwa/0.7.12/bin/bwa mem -t 1 -R @RG\tID:A3\tSM:A3\tLB:Lib\ References.fasta ExternalData/Flowcell_1304/Pooled/Stacks/A3.1.fq.gz ExternalData/Flowcell_1304/Pooled/Stacks/A3.2.fq.gz
[main] Real time: 22.975 sec; CPU: 23.628 sec
samblaster: Output 123 discordant read pairs to A3.lWVJFpF1a3Sh/disc_pipe
samblaster: Output 4 split reads to A3.lWVJFpF1a3Sh/spl_pipe
samblaster: Marked 140723 of 142657 (98.64%) read ids as duplicates using 1336k memory in 0.548S CPU seconds and 23S wall time.
Done
