Sourcing executables from speedseq.config ...
Aligning...
samblaster: Version 0.1.22
samblaster: Inputting from stdin
samblaster: Outputting to stdout
samblaster: Opening B5.lY3urnY4WIBU/disc_pipe for write.
[M::bwa_idx_load_from_disk] read 0 ALT contigs
samblaster: Opening B5.lY3urnY4WIBU/spl_pipe for write.
[M::process] read 67342 sequences (10000287 bp)...
[M::process] read 67342 sequences (10000287 bp)...
[M::mem_pestat] # candidate unique pairs for (FF, FR, RF, RR): (377, 0, 0, 6)
[M::mem_pestat] analyzing insert size distribution for orientation FF...
[M::mem_pestat] (25, 50, 75) percentile: (1, 4, 6)
[M::mem_pestat] low and high boundaries for computing mean and std.dev: (1, 16)
[M::mem_pestat] mean and std.dev: (3.97, 2.95)
[M::mem_pestat] low and high boundaries for proper pairs: (1, 21)
[M::mem_pestat] skip orientation FR as there are not enough pairs
[M::mem_pestat] skip orientation RF as there are not enough pairs
[M::mem_pestat] skip orientation RR as there are not enough pairs
[M::mem_process_seqs] Processed 67342 reads in 8.664 CPU sec, 8.524 real sec
samblaster: Loaded 12 header sequence entries.
[M::process] read 67342 sequences (10000287 bp)...
[M::mem_pestat] # candidate unique pairs for (FF, FR, RF, RR): (345, 0, 0, 5)
[M::mem_pestat] analyzing insert size distribution for orientation FF...
[M::mem_pestat] (25, 50, 75) percentile: (1, 4, 6)
[M::mem_pestat] low and high boundaries for computing mean and std.dev: (1, 16)
[M::mem_pestat] mean and std.dev: (4.09, 3.15)
[M::mem_pestat] low and high boundaries for proper pairs: (1, 21)
[M::mem_pestat] skip orientation FR as there are not enough pairs
[M::mem_pestat] skip orientation RF as there are not enough pairs
[M::mem_pestat] skip orientation RR as there are not enough pairs
[M::mem_process_seqs] Processed 67342 reads in 9.036 CPU sec, 8.918 real sec
[M::process] read 67342 sequences (10000287 bp)...
[M::mem_pestat] # candidate unique pairs for (FF, FR, RF, RR): (377, 0, 0, 9)
[M::mem_pestat] analyzing insert size distribution for orientation FF...
[M::mem_pestat] (25, 50, 75) percentile: (1, 4, 6)
[M::mem_pestat] low and high boundaries for computing mean and std.dev: (1, 16)
[M::mem_pestat] mean and std.dev: (3.94, 2.90)
[M::mem_pestat] low and high boundaries for proper pairs: (1, 21)
[M::mem_pestat] skip orientation FR as there are not enough pairs
[M::mem_pestat] skip orientation RF as there are not enough pairs
[M::mem_pestat] skip orientation RR as there are not enough pairs
[M::mem_process_seqs] Processed 67342 reads in 9.061 CPU sec, 8.910 real sec
[M::process] read 67342 sequences (10000287 bp)...
[M::mem_pestat] # candidate unique pairs for (FF, FR, RF, RR): (402, 0, 0, 7)
[M::mem_pestat] analyzing insert size distribution for orientation FF...
[M::mem_pestat] (25, 50, 75) percentile: (1, 4, 6)
[M::mem_pestat] low and high boundaries for computing mean and std.dev: (1, 16)
[M::mem_pestat] mean and std.dev: (4.11, 3.00)
[M::mem_pestat] low and high boundaries for proper pairs: (1, 21)
[M::mem_pestat] skip orientation FR as there are not enough pairs
[M::mem_pestat] skip orientation RF as there are not enough pairs
[M::mem_pestat] skip orientation RR as there are not enough pairs
[M::mem_process_seqs] Processed 67342 reads in 8.997 CPU sec, 8.877 real sec
[M::process] read 67342 sequences (10000287 bp)...
[M::mem_pestat] # candidate unique pairs for (FF, FR, RF, RR): (488, 0, 0, 3)
[M::mem_pestat] analyzing insert size distribution for orientation FF...
[M::mem_pestat] (25, 50, 75) percentile: (1, 3, 5)
[M::mem_pestat] low and high boundaries for computing mean and std.dev: (1, 13)
[M::mem_pestat] mean and std.dev: (3.37, 2.51)
[M::mem_pestat] low and high boundaries for proper pairs: (1, 17)
[M::mem_pestat] skip orientation FR as there are not enough pairs
[M::mem_pestat] skip orientation RF as there are not enough pairs
[M::mem_pestat] skip orientation RR as there are not enough pairs
[M::mem_process_seqs] Processed 67342 reads in 8.941 CPU sec, 8.760 real sec
[M::process] read 67342 sequences (10000287 bp)...
[M::mem_pestat] # candidate unique pairs for (FF, FR, RF, RR): (529, 0, 0, 7)
[M::mem_pestat] analyzing insert size distribution for orientation FF...
[M::mem_pestat] (25, 50, 75) percentile: (1, 4, 6)
[M::mem_pestat] low and high boundaries for computing mean and std.dev: (1, 16)
[M::mem_pestat] mean and std.dev: (3.85, 2.78)
[M::mem_pestat] low and high boundaries for proper pairs: (1, 21)
[M::mem_pestat] skip orientation FR as there are not enough pairs
[M::mem_pestat] skip orientation RF as there are not enough pairs
[M::mem_pestat] skip orientation RR as there are not enough pairs
[M::mem_process_seqs] Processed 67342 reads in 8.747 CPU sec, 8.625 real sec
[M::process] read 21234 sequences (3153249 bp)...
[M::mem_pestat] # candidate unique pairs for (FF, FR, RF, RR): (415, 0, 0, 2)
[M::mem_pestat] analyzing insert size distribution for orientation FF...
[M::mem_pestat] (25, 50, 75) percentile: (1, 4, 6)
[M::mem_pestat] low and high boundaries for computing mean and std.dev: (1, 16)
[M::mem_pestat] mean and std.dev: (3.91, 3.08)
[M::mem_pestat] low and high boundaries for proper pairs: (1, 21)
[M::mem_pestat] skip orientation FR as there are not enough pairs
[M::mem_pestat] skip orientation RF as there are not enough pairs
[M::mem_pestat] skip orientation RR as there are not enough pairs
[M::mem_process_seqs] Processed 67342 reads in 8.756 CPU sec, 8.656 real sec
[M::mem_pestat] # candidate unique pairs for (FF, FR, RF, RR): (143, 0, 0, 2)
[M::mem_pestat] analyzing insert size distribution for orientation FF...
[M::mem_pestat] (25, 50, 75) percentile: (1, 4, 6)
[M::mem_pestat] low and high boundaries for computing mean and std.dev: (1, 16)
[M::mem_pestat] mean and std.dev: (4.24, 3.18)
[M::mem_pestat] low and high boundaries for proper pairs: (1, 21)
[M::mem_pestat] skip orientation FR as there are not enough pairs
[M::mem_pestat] skip orientation RF as there are not enough pairs
[M::mem_pestat] skip orientation RR as there are not enough pairs
[M::mem_process_seqs] Processed 21234 reads in 3.026 CPU sec, 2.952 real sec
samblaster: Output 98 discordant read pairs to B5.lY3urnY4WIBU/disc_pipe
[main] Version: 0.7.12-r1039
samblaster: Output 12 split reads to B5.lY3urnY4WIBU/spl_pipe
[main] CMD: /opt/linux/centos/7.x/x86_64/pkgs/bwa/0.7.12/bin/bwa mem -t 1 -R @RG\tID:B5\tSM:B5\tLB:Lib\ References.fastasamblaster: Marked 244505 of 246314 (99.27%) read ids as duplicates ExternalData/B5_pair1.fastq ExternalData/B5_pair2.fastq using 1340k memory in 1.029S
[main] Real time: 64.609 sec; CPU: 65.363 sec
 CPU seconds and 1M5S(65S) wall time.
Done
Using GATK jar /bigdata/operations/pkgadmin/opt/linux/centos/7.x/x86_64/pkgs/gatk/4.0.8.1/gatk-package-4.0.8.1-local.jar
Running:
    java -Dsamjdk.use_async_io_read_samtools=false -Dsamjdk.use_async_io_write_samtools=true -Dsamjdk.use_async_io_write_tribble=false -Dsamjdk.compression_level=2 -jar /bigdata/operations/pkgadmin/opt/linux/centos/7.x/x86_64/pkgs/gatk/4.0.8.1/gatk-package-4.0.8.1-local.jar HaplotypeCaller -R References.fasta -I results/B5.bam -O results/B5.g.vcf -ERC GVCF
11:10:04.636 INFO  NativeLibraryLoader - Loading libgkl_compression.so from jar:file:/bigdata/operations/pkgadmin/opt/linux/centos/7.x/x86_64/pkgs/gatk/4.0.8.1/gatk-package-4.0.8.1-local.jar!/com/intel/gkl/native/libgkl_compression.so
11:10:05.437 INFO  HaplotypeCaller - ------------------------------------------------------------
11:10:05.438 INFO  HaplotypeCaller - The Genome Analysis Toolkit (GATK) v4.0.8.1
11:10:05.439 INFO  HaplotypeCaller - For support and documentation go to https://software.broadinstitute.org/gatk/
11:10:05.439 INFO  HaplotypeCaller - Executing as arajewski@i06 on Linux v3.10.0-957.el7.x86_64 amd64
11:10:05.440 INFO  HaplotypeCaller - Java runtime: Java HotSpot(TM) 64-Bit Server VM v1.8.0_45-b14
11:10:05.440 INFO  HaplotypeCaller - Start Date/Time: May 26, 2020 11:10:04 AM PDT
11:10:05.440 INFO  HaplotypeCaller - ------------------------------------------------------------
11:10:05.440 INFO  HaplotypeCaller - ------------------------------------------------------------
11:10:05.441 INFO  HaplotypeCaller - HTSJDK Version: 2.16.0
11:10:05.441 INFO  HaplotypeCaller - Picard Version: 2.18.7
11:10:05.441 INFO  HaplotypeCaller - HTSJDK Defaults.COMPRESSION_LEVEL : 2
11:10:05.441 INFO  HaplotypeCaller - HTSJDK Defaults.USE_ASYNC_IO_READ_FOR_SAMTOOLS : false
11:10:05.441 INFO  HaplotypeCaller - HTSJDK Defaults.USE_ASYNC_IO_WRITE_FOR_SAMTOOLS : true
11:10:05.441 INFO  HaplotypeCaller - HTSJDK Defaults.USE_ASYNC_IO_WRITE_FOR_TRIBBLE : false
11:10:05.441 INFO  HaplotypeCaller - Deflater: IntelDeflater
11:10:05.441 INFO  HaplotypeCaller - Inflater: IntelInflater
11:10:05.441 INFO  HaplotypeCaller - GCS max retries/reopens: 20
11:10:05.441 INFO  HaplotypeCaller - Using google-cloud-java fork https://github.com/broadinstitute/google-cloud-java/releases/tag/0.20.5-alpha-GCS-RETRY-FIX
11:10:05.441 INFO  HaplotypeCaller - Initializing engine
11:10:05.955 INFO  HaplotypeCaller - Done initializing engine
11:10:05.976 INFO  HaplotypeCallerEngine - Tool is in reference confidence mode and the annotation, the following changes will be made to any specified annotations: 'StrandBiasBySample' will be enabled. 'ChromosomeCounts', 'FisherStrand', 'StrandOddsRatio' and 'QualByDepth' annotations have been disabled
11:10:05.985 INFO  HaplotypeCallerEngine - Standard Emitting and Calling confidence set to 0.0 for reference-model confidence output
11:10:05.985 INFO  HaplotypeCallerEngine - All sites annotated with PLs forced to true for reference-model confidence output
11:10:06.007 INFO  NativeLibraryLoader - Loading libgkl_utils.so from jar:file:/bigdata/operations/pkgadmin/opt/linux/centos/7.x/x86_64/pkgs/gatk/4.0.8.1/gatk-package-4.0.8.1-local.jar!/com/intel/gkl/native/libgkl_utils.so
11:10:06.013 INFO  NativeLibraryLoader - Loading libgkl_pairhmm_omp.so from jar:file:/bigdata/operations/pkgadmin/opt/linux/centos/7.x/x86_64/pkgs/gatk/4.0.8.1/gatk-package-4.0.8.1-local.jar!/com/intel/gkl/native/libgkl_pairhmm_omp.so
11:10:06.059 WARN  IntelPairHmm - Flush-to-zero (FTZ) is enabled when running PairHMM
11:10:06.061 INFO  IntelPairHmm - Available threads: 2
11:10:06.061 INFO  IntelPairHmm - Requested threads: 4
11:10:06.061 WARN  IntelPairHmm - Using 2 available threads, but 4 were requested
11:10:06.061 INFO  PairHMM - Using the OpenMP multi-threaded AVX-accelerated native PairHMM implementation
11:10:06.140 INFO  ProgressMeter - Starting traversal
11:10:06.140 INFO  ProgressMeter -        Current Locus  Elapsed Minutes     Regions Processed   Regions/Minute
11:10:18.117 INFO  ProgressMeter -             SpFUL2:1              0.2                    20            100.2
11:10:18.366 INFO  HaplotypeCaller - 489026 read(s) filtered by: ((((((((MappingQualityReadFilter AND MappingQualityAvailableReadFilter) AND MappedReadFilter) AND NotSecondaryAlignmentReadFilter) AND NotDuplicateReadFilter) AND PassesVendorQualityCheckReadFilter) AND NonZeroReferenceLengthAlignmentReadFilter) AND GoodCigarReadFilter) AND WellformedReadFilter)
  489026 read(s) filtered by: (((((((MappingQualityReadFilter AND MappingQualityAvailableReadFilter) AND MappedReadFilter) AND NotSecondaryAlignmentReadFilter) AND NotDuplicateReadFilter) AND PassesVendorQualityCheckReadFilter) AND NonZeroReferenceLengthAlignmentReadFilter) AND GoodCigarReadFilter)
      489026 read(s) filtered by: ((((((MappingQualityReadFilter AND MappingQualityAvailableReadFilter) AND MappedReadFilter) AND NotSecondaryAlignmentReadFilter) AND NotDuplicateReadFilter) AND PassesVendorQualityCheckReadFilter) AND NonZeroReferenceLengthAlignmentReadFilter)
          489026 read(s) filtered by: (((((MappingQualityReadFilter AND MappingQualityAvailableReadFilter) AND MappedReadFilter) AND NotSecondaryAlignmentReadFilter) AND NotDuplicateReadFilter) AND PassesVendorQualityCheckReadFilter)
              489026 read(s) filtered by: ((((MappingQualityReadFilter AND MappingQualityAvailableReadFilter) AND MappedReadFilter) AND NotSecondaryAlignmentReadFilter) AND NotDuplicateReadFilter)
                  595 read(s) filtered by: (((MappingQualityReadFilter AND MappingQualityAvailableReadFilter) AND MappedReadFilter) AND NotSecondaryAlignmentReadFilter)
                      595 read(s) filtered by: ((MappingQualityReadFilter AND MappingQualityAvailableReadFilter) AND MappedReadFilter)
                          595 read(s) filtered by: (MappingQualityReadFilter AND MappingQualityAvailableReadFilter)
                              595 read(s) filtered by: MappingQualityReadFilter 
                  488431 read(s) filtered by: NotDuplicateReadFilter 

11:10:18.367 INFO  ProgressMeter -             SpFUL2:1              0.2                    27            132.5
11:10:18.367 INFO  ProgressMeter - Traversal complete. Processed 27 total regions in 0.2 minutes.
11:10:18.387 INFO  VectorLoglessPairHMM - Time spent in setup for JNI call : 0.0038817760000000004
11:10:18.387 INFO  PairHMM - Total compute time in PairHMM computeLogLikelihoods() : 1.802005764
11:10:18.388 INFO  SmithWatermanAligner - Total compute time in java Smith-Waterman : 2.48 sec
11:10:18.388 INFO  HaplotypeCaller - Shutting down engine
[May 26, 2020 11:10:18 AM PDT] org.broadinstitute.hellbender.tools.walkers.haplotypecaller.HaplotypeCaller done. Elapsed time: 0.23 minutes.
Runtime.totalMemory()=2449473536
