Sourcing executables from speedseq.config ...
Aligning...
[M::bwa_idx_load_from_disk] read 0 ALT contigs
samblaster: Version 0.1.22
samblaster: Inputting from stdin
samblaster: Outputting to stdout
samblaster: Opening A9.15MeMBG7Qt8Z/disc_pipe for write.
samblaster: Opening A9.15MeMBG7Qt8Z/spl_pipe for write.
[M::process] read 67116 sequences (10000284 bp)...
[M::process] read 67116 sequences (10000284 bp)...
[M::mem_pestat] # candidate unique pairs for (FF, FR, RF, RR): (661, 0, 0, 0)
[M::mem_pestat] analyzing insert size distribution for orientation FF...
[M::mem_pestat] (25, 50, 75) percentile: (4, 4, 5)
[M::mem_pestat] low and high boundaries for computing mean and std.dev: (2, 7)
[M::mem_pestat] mean and std.dev: (4.37, 1.04)
[M::mem_pestat] low and high boundaries for proper pairs: (1, 8)
[M::mem_pestat] skip orientation FR as there are not enough pairs
[M::mem_pestat] skip orientation RF as there are not enough pairs
[M::mem_pestat] skip orientation RR as there are not enough pairs
[M::mem_process_seqs] Processed 67116 reads in 9.004 CPU sec, 8.868 real sec
samblaster: Loaded 12 header sequence entries.
[M::process] read 67116 sequences (10000284 bp)...
[M::mem_pestat] # candidate unique pairs for (FF, FR, RF, RR): (886, 0, 0, 2)
[M::mem_pestat] analyzing insert size distribution for orientation FF...
[M::mem_pestat] (25, 50, 75) percentile: (4, 4, 4)
[M::mem_pestat] low and high boundaries for computing mean and std.dev: (4, 4)
[M::mem_pestat] mean and std.dev: (4.00, 0.00)
[M::mem_pestat] low and high boundaries for proper pairs: (4, 4)
[M::mem_pestat] skip orientation FR as there are not enough pairs
[M::mem_pestat] skip orientation RF as there are not enough pairs
[M::mem_pestat] skip orientation RR as there are not enough pairs
[M::mem_process_seqs] Processed 67116 reads in 9.280 CPU sec, 9.135 real sec
[M::process] read 67116 sequences (10000284 bp)...
[M::mem_pestat] # candidate unique pairs for (FF, FR, RF, RR): (611, 0, 0, 1)
[M::mem_pestat] analyzing insert size distribution for orientation FF...
[M::mem_pestat] (25, 50, 75) percentile: (4, 4, 5)
[M::mem_pestat] low and high boundaries for computing mean and std.dev: (2, 7)
[M::mem_pestat] mean and std.dev: (4.34, 1.06)
[M::mem_pestat] low and high boundaries for proper pairs: (1, 8)
[M::mem_pestat] skip orientation FR as there are not enough pairs
[M::mem_pestat] skip orientation RF as there are not enough pairs
[M::mem_pestat] skip orientation RR as there are not enough pairs
[M::mem_process_seqs] Processed 67116 reads in 9.332 CPU sec, 9.169 real sec
[M::process] read 67116 sequences (10000284 bp)...
[M::mem_pestat] # candidate unique pairs for (FF, FR, RF, RR): (573, 0, 0, 1)
[M::mem_pestat] analyzing insert size distribution for orientation FF...
[M::mem_pestat] (25, 50, 75) percentile: (3, 4, 6)
[M::mem_pestat] low and high boundaries for computing mean and std.dev: (1, 12)
[M::mem_pestat] mean and std.dev: (4.18, 2.08)
[M::mem_pestat] low and high boundaries for proper pairs: (1, 15)
[M::mem_pestat] skip orientation FR as there are not enough pairs
[M::mem_pestat] skip orientation RF as there are not enough pairs
[M::mem_pestat] skip orientation RR as there are not enough pairs
[M::mem_process_seqs] Processed 67116 reads in 9.057 CPU sec, 8.925 real sec
[M::process] read 48774 sequences (7267326 bp)...
[M::mem_pestat] # candidate unique pairs for (FF, FR, RF, RR): (614, 0, 0, 2)
[M::mem_pestat] analyzing insert size distribution for orientation FF...
[M::mem_pestat] (25, 50, 75) percentile: (1, 4, 5)
[M::mem_pestat] low and high boundaries for computing mean and std.dev: (1, 13)
[M::mem_pestat] mean and std.dev: (3.58, 2.21)
[M::mem_pestat] low and high boundaries for proper pairs: (1, 17)
[M::mem_pestat] skip orientation FR as there are not enough pairs
[M::mem_pestat] skip orientation RF as there are not enough pairs
[M::mem_pestat] skip orientation RR as there are not enough pairs
[M::mem_process_seqs] Processed 67116 reads in 9.121 CPU sec, 9.001 real sec
[M::mem_pestat] # candidate unique pairs for (FF, FR, RF, RR): (394, 0, 0, 1)
[M::mem_pestat] analyzing insert size distribution for orientation FF...
[M::mem_pestat] (25, 50, 75) percentile: (2, 4, 5)
[M::mem_pestat] low and high boundaries for computing mean and std.dev: (1, 11)
[M::mem_pestat] mean and std.dev: (3.84, 2.01)
[M::mem_pestat] low and high boundaries for proper pairs: (1, 14)
[M::mem_pestat] skip orientation FR as there are not enough pairs
[M::mem_pestat] skip orientation RF as there are not enough pairs
[M::mem_pestat] skip orientation RR as there are not enough pairs
[M::mem_process_seqs] Processed 48774 reads in 6.679 CPU sec, 6.654 real sec
samblaster: Output 97 discordant read pairs to A9.15MeMBG7Qt8Z/disc_pipe
[main] Version: 0.7.12-r1039
samblaster: Output 8 split reads to A9.15MeMBG7Qt8Z/spl_pipe
[main] CMD: /opt/linux/centos/7.x/x86_64/pkgs/bwa/0.7.12/bin/bwa mem -t 1 -R @RG\tID:A9\tSM:A9\tLB:Lib\ References.fasta ExternalData/A9_pair1.fastq ExternalData/A9_pair2.fastqsamblaster: Marked 186981 of 192177 (97.30%) read ids as duplicates using 1344k memory in 
[main] Real time: 52.197 sec; CPU: 52.630 sec
0.764S CPU seconds and 52S wall time.
Done
Using GATK jar /bigdata/operations/pkgadmin/opt/linux/centos/7.x/x86_64/pkgs/gatk/4.0.8.1/gatk-package-4.0.8.1-local.jar
Running:
    java -Dsamjdk.use_async_io_read_samtools=false -Dsamjdk.use_async_io_write_samtools=true -Dsamjdk.use_async_io_write_tribble=false -Dsamjdk.compression_level=2 -jar /bigdata/operations/pkgadmin/opt/linux/centos/7.x/x86_64/pkgs/gatk/4.0.8.1/gatk-package-4.0.8.1-local.jar HaplotypeCaller -R References.fasta -I results/A9.bam -O results/A9.g.vcf -ERC GVCF
11:10:01.363 INFO  NativeLibraryLoader - Loading libgkl_compression.so from jar:file:/bigdata/operations/pkgadmin/opt/linux/centos/7.x/x86_64/pkgs/gatk/4.0.8.1/gatk-package-4.0.8.1-local.jar!/com/intel/gkl/native/libgkl_compression.so
11:10:01.849 INFO  HaplotypeCaller - ------------------------------------------------------------
11:10:01.851 INFO  HaplotypeCaller - The Genome Analysis Toolkit (GATK) v4.0.8.1
11:10:01.851 INFO  HaplotypeCaller - For support and documentation go to https://software.broadinstitute.org/gatk/
11:10:01.861 INFO  HaplotypeCaller - Executing as arajewski@i08 on Linux v3.10.0-957.el7.x86_64 amd64
11:10:01.863 INFO  HaplotypeCaller - Java runtime: Java HotSpot(TM) 64-Bit Server VM v1.8.0_45-b14
11:10:01.863 INFO  HaplotypeCaller - Start Date/Time: May 26, 2020 11:10:01 AM PDT
11:10:01.863 INFO  HaplotypeCaller - ------------------------------------------------------------
11:10:01.863 INFO  HaplotypeCaller - ------------------------------------------------------------
11:10:01.864 INFO  HaplotypeCaller - HTSJDK Version: 2.16.0
11:10:01.864 INFO  HaplotypeCaller - Picard Version: 2.18.7
11:10:01.864 INFO  HaplotypeCaller - HTSJDK Defaults.COMPRESSION_LEVEL : 2
11:10:01.864 INFO  HaplotypeCaller - HTSJDK Defaults.USE_ASYNC_IO_READ_FOR_SAMTOOLS : false
11:10:01.865 INFO  HaplotypeCaller - HTSJDK Defaults.USE_ASYNC_IO_WRITE_FOR_SAMTOOLS : true
11:10:01.865 INFO  HaplotypeCaller - HTSJDK Defaults.USE_ASYNC_IO_WRITE_FOR_TRIBBLE : false
11:10:01.865 INFO  HaplotypeCaller - Deflater: IntelDeflater
11:10:01.865 INFO  HaplotypeCaller - Inflater: IntelInflater
11:10:01.865 INFO  HaplotypeCaller - GCS max retries/reopens: 20
11:10:01.866 INFO  HaplotypeCaller - Using google-cloud-java fork https://github.com/broadinstitute/google-cloud-java/releases/tag/0.20.5-alpha-GCS-RETRY-FIX
11:10:01.866 INFO  HaplotypeCaller - Initializing engine
11:10:03.135 INFO  HaplotypeCaller - Done initializing engine
11:10:03.143 INFO  HaplotypeCallerEngine - Tool is in reference confidence mode and the annotation, the following changes will be made to any specified annotations: 'StrandBiasBySample' will be enabled. 'ChromosomeCounts', 'FisherStrand', 'StrandOddsRatio' and 'QualByDepth' annotations have been disabled
11:10:03.148 INFO  HaplotypeCallerEngine - Standard Emitting and Calling confidence set to 0.0 for reference-model confidence output
11:10:03.148 INFO  HaplotypeCallerEngine - All sites annotated with PLs forced to true for reference-model confidence output
11:10:03.172 INFO  NativeLibraryLoader - Loading libgkl_utils.so from jar:file:/bigdata/operations/pkgadmin/opt/linux/centos/7.x/x86_64/pkgs/gatk/4.0.8.1/gatk-package-4.0.8.1-local.jar!/com/intel/gkl/native/libgkl_utils.so
11:10:03.175 INFO  NativeLibraryLoader - Loading libgkl_pairhmm_omp.so from jar:file:/bigdata/operations/pkgadmin/opt/linux/centos/7.x/x86_64/pkgs/gatk/4.0.8.1/gatk-package-4.0.8.1-local.jar!/com/intel/gkl/native/libgkl_pairhmm_omp.so
11:10:03.219 WARN  IntelPairHmm - Flush-to-zero (FTZ) is enabled when running PairHMM
11:10:03.220 INFO  IntelPairHmm - Available threads: 2
11:10:03.220 INFO  IntelPairHmm - Requested threads: 4
11:10:03.220 WARN  IntelPairHmm - Using 2 available threads, but 4 were requested
11:10:03.220 INFO  PairHMM - Using the OpenMP multi-threaded AVX-accelerated native PairHMM implementation
11:10:03.295 INFO  ProgressMeter - Starting traversal
11:10:03.296 INFO  ProgressMeter -        Current Locus  Elapsed Minutes     Regions Processed   Regions/Minute
11:10:14.243 INFO  HaplotypeCaller - 373993 read(s) filtered by: ((((((((MappingQualityReadFilter AND MappingQualityAvailableReadFilter) AND MappedReadFilter) AND NotSecondaryAlignmentReadFilter) AND NotDuplicateReadFilter) AND PassesVendorQualityCheckReadFilter) AND NonZeroReferenceLengthAlignmentReadFilter) AND GoodCigarReadFilter) AND WellformedReadFilter)
  373993 read(s) filtered by: (((((((MappingQualityReadFilter AND MappingQualityAvailableReadFilter) AND MappedReadFilter) AND NotSecondaryAlignmentReadFilter) AND NotDuplicateReadFilter) AND PassesVendorQualityCheckReadFilter) AND NonZeroReferenceLengthAlignmentReadFilter) AND GoodCigarReadFilter)
      373993 read(s) filtered by: ((((((MappingQualityReadFilter AND MappingQualityAvailableReadFilter) AND MappedReadFilter) AND NotSecondaryAlignmentReadFilter) AND NotDuplicateReadFilter) AND PassesVendorQualityCheckReadFilter) AND NonZeroReferenceLengthAlignmentReadFilter)
          373993 read(s) filtered by: (((((MappingQualityReadFilter AND MappingQualityAvailableReadFilter) AND MappedReadFilter) AND NotSecondaryAlignmentReadFilter) AND NotDuplicateReadFilter) AND PassesVendorQualityCheckReadFilter)
              373993 read(s) filtered by: ((((MappingQualityReadFilter AND MappingQualityAvailableReadFilter) AND MappedReadFilter) AND NotSecondaryAlignmentReadFilter) AND NotDuplicateReadFilter)
                  705 read(s) filtered by: (((MappingQualityReadFilter AND MappingQualityAvailableReadFilter) AND MappedReadFilter) AND NotSecondaryAlignmentReadFilter)
                      705 read(s) filtered by: ((MappingQualityReadFilter AND MappingQualityAvailableReadFilter) AND MappedReadFilter)
                          705 read(s) filtered by: (MappingQualityReadFilter AND MappingQualityAvailableReadFilter)
                              705 read(s) filtered by: MappingQualityReadFilter 
                  373288 read(s) filtered by: NotDuplicateReadFilter 

11:10:14.243 INFO  ProgressMeter -           SpFUL1:161              0.2                    26            142.5
11:10:14.243 INFO  ProgressMeter - Traversal complete. Processed 26 total regions in 0.2 minutes.
11:10:14.260 INFO  VectorLoglessPairHMM - Time spent in setup for JNI call : 0.006923816
11:10:14.260 INFO  PairHMM - Total compute time in PairHMM computeLogLikelihoods() : 0.9068072650000001
11:10:14.261 INFO  SmithWatermanAligner - Total compute time in java Smith-Waterman : 2.06 sec
11:10:14.261 INFO  HaplotypeCaller - Shutting down engine
[May 26, 2020 11:10:14 AM PDT] org.broadinstitute.hellbender.tools.walkers.haplotypecaller.HaplotypeCaller done. Elapsed time: 0.22 minutes.
Runtime.totalMemory()=2471493632
