Sourcing executables from speedseq.config ...
Aligning...
samblaster: Version 0.1.22
samblaster: Inputting from stdin
samblaster: Outputting to stdout
samblaster: Opening B9.v1Puq03gcjK6/disc_pipe for write.
samblaster: Opening B9.v1Puq03gcjK6/spl_pipe for write.
[M::bwa_idx_load_from_disk] read 0 ALT contigs
[M::process] read 68888 sequences (10000179 bp)...
[M::process] read 68812 sequences (10000160 bp)...
[M::mem_pestat] # candidate unique pairs for (FF, FR, RF, RR): (0, 34233, 0, 0)
[M::mem_pestat] skip orientation FF as there are not enough pairs
[M::mem_pestat] analyzing insert size distribution for orientation FR...
[M::mem_pestat] (25, 50, 75) percentile: (189, 210, 227)
[M::mem_pestat] low and high boundaries for computing mean and std.dev: (113, 303)
[M::mem_pestat] mean and std.dev: (208.40, 19.03)
[M::mem_pestat] low and high boundaries for proper pairs: (75, 341)
[M::mem_pestat] skip orientation RF as there are not enough pairs
[M::mem_pestat] skip orientation RR as there are not enough pairs
[M::mem_process_seqs] Processed 68888 reads in 4.187 CPU sec, 4.001 real sec
samblaster: Loaded 12 header sequence entries.
[M::process] read 68818 sequences (10000199 bp)...
[M::mem_pestat] # candidate unique pairs for (FF, FR, RF, RR): (0, 34266, 0, 0)
[M::mem_pestat] skip orientation FF as there are not enough pairs
[M::mem_pestat] analyzing insert size distribution for orientation FR...
[M::mem_pestat] (25, 50, 75) percentile: (189, 227, 227)
[M::mem_pestat] low and high boundaries for computing mean and std.dev: (113, 303)
[M::mem_pestat] mean and std.dev: (208.78, 18.96)
[M::mem_pestat] low and high boundaries for proper pairs: (75, 341)
[M::mem_pestat] skip orientation RF as there are not enough pairs
[M::mem_pestat] skip orientation RR as there are not enough pairs
[M::mem_process_seqs] Processed 68812 reads in 4.566 CPU sec, 4.340 real sec
[M::process] read 6812 sequences (991260 bp)...
[M::mem_pestat] # candidate unique pairs for (FF, FR, RF, RR): (0, 34244, 1, 0)
[M::mem_pestat] skip orientation FF as there are not enough pairs
[M::mem_pestat] analyzing insert size distribution for orientation FR...
[M::mem_pestat] (25, 50, 75) percentile: (189, 227, 227)
[M::mem_pestat] low and high boundaries for computing mean and std.dev: (113, 303)
[M::mem_pestat] mean and std.dev: (208.91, 18.98)
[M::mem_pestat] low and high boundaries for proper pairs: (75, 341)
[M::mem_pestat] skip orientation RF as there are not enough pairs
[M::mem_pestat] skip orientation RR as there are not enough pairs
[M::mem_process_seqs] Processed 68818 reads in 4.356 CPU sec, 4.291 real sec
[M::mem_pestat] # candidate unique pairs for (FF, FR, RF, RR): (0, 3397, 0, 0)
[M::mem_pestat] skip orientation FF as there are not enough pairs
[M::mem_pestat] analyzing insert size distribution for orientation FR...
[M::mem_pestat] (25, 50, 75) percentile: (189, 227, 227)
[M::mem_pestat] low and high boundaries for computing mean and std.dev: (113, 303)
[M::mem_pestat] mean and std.dev: (209.02, 18.86)
[M::mem_pestat] low and high boundaries for proper pairs: (75, 341)
[M::mem_pestat] skip orientation RF as there are not enough pairs
[M::mem_pestat] skip orientation RR as there are not enough pairs
[M::mem_process_seqs] Processed 6812 reads in 0.712 CPU sec, 0.707 real sec
samblaster: Output 25 discordant read pairs to B9.v1Puq03gcjK6/disc_pipe
[main] Version: 0.7.12-r1039
samblaster: Output 2 split reads to B9.v1Puq03gcjK6/spl_pipe
[main] CMD: /opt/linux/centos/7.x/x86_64/pkgs/bwa/0.7.12/bin/bwa mem -t 1 -R @RG\tID:B9\tSM:B9\tLB:Lib\ References.fasta ExternalData/Flowcell_1304/Pooled/Stacks/B9.1.fq.gzsamblaster: Marked 106376 of 106665 (99.73%) read ids as duplicates ExternalData/Flowcell_1304/Pooled/Stacks/B9.2.fq.gz using 1344k memory in 
[main] Real time: 13.520 sec; CPU: 13.977 sec
0.426S CPU seconds and 14S wall time.
Done
