Sourcing executables from speedseq.config ...
Aligning...
samblaster: Version 0.1.22
samblaster: Inputting from stdin
samblaster: Outputting to stdout
samblaster: Opening G5.TTgNUdCQayQF/disc_pipe for write.
samblaster: Opening G5.TTgNUdCQayQF/spl_pipe for write.
[M::bwa_idx_load_from_disk] read 0 ALT contigs
[M::process] read 67798 sequences (10000205 bp)...
[M::process] read 67798 sequences (10000205 bp)...
[M::mem_pestat] # candidate unique pairs for (FF, FR, RF, RR): (398, 0, 0, 0)
[M::mem_pestat] analyzing insert size distribution for orientation FF...
[M::mem_pestat] (25, 50, 75) percentile: (2, 5, 6)
[M::mem_pestat] low and high boundaries for computing mean and std.dev: (1, 14)
[M::mem_pestat] mean and std.dev: (4.44, 2.60)
[M::mem_pestat] low and high boundaries for proper pairs: (1, 18)
[M::mem_pestat] skip orientation FR as there are not enough pairs
[M::mem_pestat] skip orientation RF as there are not enough pairs
[M::mem_pestat] skip orientation RR as there are not enough pairs
[M::mem_process_seqs] Processed 67798 reads in 8.869 CPU sec, 8.719 real sec
samblaster: Loaded 12 header sequence entries.
[M::process] read 67798 sequences (10000205 bp)...
[M::mem_pestat] # candidate unique pairs for (FF, FR, RF, RR): (367, 0, 0, 0)
[M::mem_pestat] analyzing insert size distribution for orientation FF...
[M::mem_pestat] (25, 50, 75) percentile: (1, 5, 6)
[M::mem_pestat] low and high boundaries for computing mean and std.dev: (1, 16)
[M::mem_pestat] mean and std.dev: (4.50, 2.74)
[M::mem_pestat] low and high boundaries for proper pairs: (1, 21)
[M::mem_pestat] skip orientation FR as there are not enough pairs
[M::mem_pestat] skip orientation RF as there are not enough pairs
[M::mem_pestat] skip orientation RR as there are not enough pairs
[M::mem_process_seqs] Processed 67798 reads in 9.261 CPU sec, 9.156 real sec
[M::process] read 67798 sequences (10000205 bp)...
[M::mem_pestat] # candidate unique pairs for (FF, FR, RF, RR): (400, 0, 0, 1)
[M::mem_pestat] analyzing insert size distribution for orientation FF...
[M::mem_pestat] (25, 50, 75) percentile: (3, 6, 6)
[M::mem_pestat] low and high boundaries for computing mean and std.dev: (1, 12)
[M::mem_pestat] mean and std.dev: (4.69, 2.45)
[M::mem_pestat] low and high boundaries for proper pairs: (1, 15)
[M::mem_pestat] skip orientation FR as there are not enough pairs
[M::mem_pestat] skip orientation RF as there are not enough pairs
[M::mem_pestat] skip orientation RR as there are not enough pairs
[M::mem_process_seqs] Processed 67798 reads in 9.312 CPU sec, 9.166 real sec
[M::process] read 67798 sequences (10000205 bp)...
[M::mem_pestat] # candidate unique pairs for (FF, FR, RF, RR): (437, 0, 0, 0)
[M::mem_pestat] analyzing insert size distribution for orientation FF...
[M::mem_pestat] (25, 50, 75) percentile: (1, 4, 6)
[M::mem_pestat] low and high boundaries for computing mean and std.dev: (1, 16)
[M::mem_pestat] mean and std.dev: (4.36, 2.79)
[M::mem_pestat] low and high boundaries for proper pairs: (1, 21)
[M::mem_pestat] skip orientation FR as there are not enough pairs
[M::mem_pestat] skip orientation RF as there are not enough pairs
[M::mem_pestat] skip orientation RR as there are not enough pairs
[M::mem_process_seqs] Processed 67798 reads in 9.445 CPU sec, 9.199 real sec
[M::process] read 40788 sequences (6016230 bp)...
[M::mem_pestat] # candidate unique pairs for (FF, FR, RF, RR): (464, 0, 0, 4)
[M::mem_pestat] analyzing insert size distribution for orientation FF...
[M::mem_pestat] (25, 50, 75) percentile: (2, 5, 6)
[M::mem_pestat] low and high boundaries for computing mean and std.dev: (1, 14)
[M::mem_pestat] mean and std.dev: (4.57, 2.74)
[M::mem_pestat] low and high boundaries for proper pairs: (1, 18)
[M::mem_pestat] skip orientation FR as there are not enough pairs
[M::mem_pestat] skip orientation RF as there are not enough pairs
[M::mem_pestat] skip orientation RR as there are not enough pairs
[M::mem_process_seqs] Processed 67798 reads in 9.096 CPU sec, 8.913 real sec
[M::mem_pestat] # candidate unique pairs for (FF, FR, RF, RR): (246, 0, 0, 0)
[M::mem_pestat] analyzing insert size distribution for orientation FF...
[M::mem_pestat] (25, 50, 75) percentile: (2, 6, 6)
[M::mem_pestat] low and high boundaries for computing mean and std.dev: (1, 14)
[M::mem_pestat] mean and std.dev: (4.73, 2.81)
[M::mem_pestat] low and high boundaries for proper pairs: (1, 18)
[M::mem_pestat] skip orientation FR as there are not enough pairs
[M::mem_pestat] skip orientation RF as there are not enough pairs
[M::mem_pestat] skip orientation RR as there are not enough pairs
[M::mem_process_seqs] Processed 40788 reads in 5.461 CPU sec, 5.371 real sec
[main] Version: 0.7.12-r1039
samblaster: Output 89 discordant read pairs to G5.TTgNUdCQayQF/disc_pipe
[main] CMD:samblaster: Output 10 split reads to G5.TTgNUdCQayQF/spl_pipe
 /opt/linux/centos/7.x/x86_64/pkgs/bwa/0.7.12/bin/bwa mem -t 1 -R @RG\tID:G5\tSM:G5\tLB:Lib\ References.fasta ExternalData/G5_pair1.fastq ExternalData/G5_pair2.fastqsamblaster: Marked 186255 of 189889 (98.09%) read ids as duplicates using 1340k memory in 
[main] Real time: 50.918 sec; CPU: 51.608 sec
0.802S CPU seconds and 51S wall time.
Done
Using GATK jar /bigdata/operations/pkgadmin/opt/linux/centos/7.x/x86_64/pkgs/gatk/4.0.8.1/gatk-package-4.0.8.1-local.jar
Running:
    java -Dsamjdk.use_async_io_read_samtools=false -Dsamjdk.use_async_io_write_samtools=true -Dsamjdk.use_async_io_write_tribble=false -Dsamjdk.compression_level=2 -jar /bigdata/operations/pkgadmin/opt/linux/centos/7.x/x86_64/pkgs/gatk/4.0.8.1/gatk-package-4.0.8.1-local.jar HaplotypeCaller -R References.fasta -I results/G5.bam -O results/G5.g.vcf -ERC GVCF
11:09:49.580 INFO  NativeLibraryLoader - Loading libgkl_compression.so from jar:file:/bigdata/operations/pkgadmin/opt/linux/centos/7.x/x86_64/pkgs/gatk/4.0.8.1/gatk-package-4.0.8.1-local.jar!/com/intel/gkl/native/libgkl_compression.so
11:09:50.260 INFO  HaplotypeCaller - ------------------------------------------------------------
11:09:50.262 INFO  HaplotypeCaller - The Genome Analysis Toolkit (GATK) v4.0.8.1
11:09:50.263 INFO  HaplotypeCaller - For support and documentation go to https://software.broadinstitute.org/gatk/
11:09:50.264 INFO  HaplotypeCaller - Executing as arajewski@i06 on Linux v3.10.0-957.el7.x86_64 amd64
11:09:50.265 INFO  HaplotypeCaller - Java runtime: Java HotSpot(TM) 64-Bit Server VM v1.8.0_45-b14
11:09:50.265 INFO  HaplotypeCaller - Start Date/Time: May 26, 2020 11:09:49 AM PDT
11:09:50.265 INFO  HaplotypeCaller - ------------------------------------------------------------
11:09:50.266 INFO  HaplotypeCaller - ------------------------------------------------------------
11:09:50.266 INFO  HaplotypeCaller - HTSJDK Version: 2.16.0
11:09:50.266 INFO  HaplotypeCaller - Picard Version: 2.18.7
11:09:50.266 INFO  HaplotypeCaller - HTSJDK Defaults.COMPRESSION_LEVEL : 2
11:09:50.266 INFO  HaplotypeCaller - HTSJDK Defaults.USE_ASYNC_IO_READ_FOR_SAMTOOLS : false
11:09:50.267 INFO  HaplotypeCaller - HTSJDK Defaults.USE_ASYNC_IO_WRITE_FOR_SAMTOOLS : true
11:09:50.267 INFO  HaplotypeCaller - HTSJDK Defaults.USE_ASYNC_IO_WRITE_FOR_TRIBBLE : false
11:09:50.267 INFO  HaplotypeCaller - Deflater: IntelDeflater
11:09:50.267 INFO  HaplotypeCaller - Inflater: IntelInflater
11:09:50.267 INFO  HaplotypeCaller - GCS max retries/reopens: 20
11:09:50.267 INFO  HaplotypeCaller - Using google-cloud-java fork https://github.com/broadinstitute/google-cloud-java/releases/tag/0.20.5-alpha-GCS-RETRY-FIX
11:09:50.268 INFO  HaplotypeCaller - Initializing engine
11:09:50.795 INFO  HaplotypeCaller - Done initializing engine
11:09:50.804 INFO  HaplotypeCallerEngine - Tool is in reference confidence mode and the annotation, the following changes will be made to any specified annotations: 'StrandBiasBySample' will be enabled. 'ChromosomeCounts', 'FisherStrand', 'StrandOddsRatio' and 'QualByDepth' annotations have been disabled
11:09:50.809 INFO  HaplotypeCallerEngine - Standard Emitting and Calling confidence set to 0.0 for reference-model confidence output
11:09:50.809 INFO  HaplotypeCallerEngine - All sites annotated with PLs forced to true for reference-model confidence output
11:09:50.826 INFO  NativeLibraryLoader - Loading libgkl_utils.so from jar:file:/bigdata/operations/pkgadmin/opt/linux/centos/7.x/x86_64/pkgs/gatk/4.0.8.1/gatk-package-4.0.8.1-local.jar!/com/intel/gkl/native/libgkl_utils.so
11:09:50.829 INFO  NativeLibraryLoader - Loading libgkl_pairhmm_omp.so from jar:file:/bigdata/operations/pkgadmin/opt/linux/centos/7.x/x86_64/pkgs/gatk/4.0.8.1/gatk-package-4.0.8.1-local.jar!/com/intel/gkl/native/libgkl_pairhmm_omp.so
11:09:50.872 WARN  IntelPairHmm - Flush-to-zero (FTZ) is enabled when running PairHMM
11:09:50.873 INFO  IntelPairHmm - Available threads: 2
11:09:50.873 INFO  IntelPairHmm - Requested threads: 4
11:09:50.873 WARN  IntelPairHmm - Using 2 available threads, but 4 were requested
11:09:50.873 INFO  PairHMM - Using the OpenMP multi-threaded AVX-accelerated native PairHMM implementation
11:09:50.933 INFO  ProgressMeter - Starting traversal
11:09:50.934 INFO  ProgressMeter -        Current Locus  Elapsed Minutes     Regions Processed   Regions/Minute
11:10:00.967 INFO  ProgressMeter -           NoFUL2.2:1              0.2                    10             59.8
11:10:02.583 INFO  HaplotypeCaller - 372542 read(s) filtered by: ((((((((MappingQualityReadFilter AND MappingQualityAvailableReadFilter) AND MappedReadFilter) AND NotSecondaryAlignmentReadFilter) AND NotDuplicateReadFilter) AND PassesVendorQualityCheckReadFilter) AND NonZeroReferenceLengthAlignmentReadFilter) AND GoodCigarReadFilter) AND WellformedReadFilter)
  372542 read(s) filtered by: (((((((MappingQualityReadFilter AND MappingQualityAvailableReadFilter) AND MappedReadFilter) AND NotSecondaryAlignmentReadFilter) AND NotDuplicateReadFilter) AND PassesVendorQualityCheckReadFilter) AND NonZeroReferenceLengthAlignmentReadFilter) AND GoodCigarReadFilter)
      372542 read(s) filtered by: ((((((MappingQualityReadFilter AND MappingQualityAvailableReadFilter) AND MappedReadFilter) AND NotSecondaryAlignmentReadFilter) AND NotDuplicateReadFilter) AND PassesVendorQualityCheckReadFilter) AND NonZeroReferenceLengthAlignmentReadFilter)
          372542 read(s) filtered by: (((((MappingQualityReadFilter AND MappingQualityAvailableReadFilter) AND MappedReadFilter) AND NotSecondaryAlignmentReadFilter) AND NotDuplicateReadFilter) AND PassesVendorQualityCheckReadFilter)
              372542 read(s) filtered by: ((((MappingQualityReadFilter AND MappingQualityAvailableReadFilter) AND MappedReadFilter) AND NotSecondaryAlignmentReadFilter) AND NotDuplicateReadFilter)
                  431 read(s) filtered by: (((MappingQualityReadFilter AND MappingQualityAvailableReadFilter) AND MappedReadFilter) AND NotSecondaryAlignmentReadFilter)
                      431 read(s) filtered by: ((MappingQualityReadFilter AND MappingQualityAvailableReadFilter) AND MappedReadFilter)
                          431 read(s) filtered by: (MappingQualityReadFilter AND MappingQualityAvailableReadFilter)
                              431 read(s) filtered by: MappingQualityReadFilter 
                  372111 read(s) filtered by: NotDuplicateReadFilter 

11:10:02.584 INFO  ProgressMeter -           SpFUL2:163              0.2                    25            128.8
11:10:02.584 INFO  ProgressMeter - Traversal complete. Processed 25 total regions in 0.2 minutes.
11:10:02.608 INFO  VectorLoglessPairHMM - Time spent in setup for JNI call : 0.015739133000000002
11:10:02.608 INFO  PairHMM - Total compute time in PairHMM computeLogLikelihoods() : 1.7529228650000002
11:10:02.609 INFO  SmithWatermanAligner - Total compute time in java Smith-Waterman : 2.19 sec
11:10:02.609 INFO  HaplotypeCaller - Shutting down engine
[May 26, 2020 11:10:02 AM PDT] org.broadinstitute.hellbender.tools.walkers.haplotypecaller.HaplotypeCaller done. Elapsed time: 0.22 minutes.
Runtime.totalMemory()=2842165248
