Sourcing executables from speedseq.config ...
Aligning...
[M::bwa_idx_load_from_disk] read 0 ALT contigs
samblaster: Version 0.1.22
samblaster: Inputting from stdin
samblaster: Outputting to stdout
samblaster: Opening A5.pIMDQ8PHHFV2/disc_pipe for write.
samblaster: Opening A5.pIMDQ8PHHFV2/spl_pipe for write.
[M::process] read 68342 sequences (10000017 bp)...
[M::process] read 68342 sequences (10000033 bp)...
[M::mem_pestat] # candidate unique pairs for (FF, FR, RF, RR): (0, 33781, 1, 0)
[M::mem_pestat] skip orientation FF as there are not enough pairs
[M::mem_pestat] analyzing insert size distribution for orientation FR...
[M::mem_pestat] (25, 50, 75) percentile: (189, 199, 200)
[M::mem_pestat] low and high boundaries for computing mean and std.dev: (167, 222)
[M::mem_pestat] mean and std.dev: (197.40, 7.70)
[M::mem_pestat] low and high boundaries for proper pairs: (156, 233)
[M::mem_pestat] skip orientation RF as there are not enough pairs
[M::mem_pestat] skip orientation RR as there are not enough pairs
[M::mem_process_seqs] Processed 68342 reads in 5.779 CPU sec, 5.560 real sec
samblaster: Loaded 12 header sequence entries.
[M::process] read 68270 sequences (10000076 bp)...
[M::mem_pestat] # candidate unique pairs for (FF, FR, RF, RR): (0, 33770, 1, 0)
[M::mem_pestat] skip orientation FF as there are not enough pairs
[M::mem_pestat] analyzing insert size distribution for orientation FR...
[M::mem_pestat] (25, 50, 75) percentile: (189, 199, 200)
[M::mem_pestat] low and high boundaries for computing mean and std.dev: (167, 222)
[M::mem_pestat] mean and std.dev: (197.31, 7.71)
[M::mem_pestat] low and high boundaries for proper pairs: (156, 233)
[M::mem_pestat] skip orientation RF as there are not enough pairs
[M::mem_pestat] skip orientation RR as there are not enough pairs
[M::mem_process_seqs] Processed 68342 reads in 6.375 CPU sec, 6.186 real sec
[M::process] read 68280 sequences (10000041 bp)...
[M::mem_pestat] # candidate unique pairs for (FF, FR, RF, RR): (0, 33804, 0, 0)
[M::mem_pestat] skip orientation FF as there are not enough pairs
[M::mem_pestat] analyzing insert size distribution for orientation FR...
[M::mem_pestat] (25, 50, 75) percentile: (189, 199, 200)
[M::mem_pestat] low and high boundaries for computing mean and std.dev: (167, 222)
[M::mem_pestat] mean and std.dev: (197.22, 7.79)
[M::mem_pestat] low and high boundaries for proper pairs: (156, 233)
[M::mem_pestat] skip orientation RF as there are not enough pairs
[M::mem_pestat] skip orientation RR as there are not enough pairs
[M::mem_process_seqs] Processed 68270 reads in 6.277 CPU sec, 6.039 real sec
[M::process] read 58842 sequences (8614284 bp)...
[M::mem_pestat] # candidate unique pairs for (FF, FR, RF, RR): (0, 33822, 0, 0)
[M::mem_pestat] skip orientation FF as there are not enough pairs
[M::mem_pestat] analyzing insert size distribution for orientation FR...
[M::mem_pestat] (25, 50, 75) percentile: (189, 199, 200)
[M::mem_pestat] low and high boundaries for computing mean and std.dev: (167, 222)
[M::mem_pestat] mean and std.dev: (197.43, 7.67)
[M::mem_pestat] low and high boundaries for proper pairs: (156, 233)
[M::mem_pestat] skip orientation RF as there are not enough pairs
[M::mem_pestat] skip orientation RR as there are not enough pairs
[M::mem_process_seqs] Processed 68280 reads in 6.079 CPU sec, 5.864 real sec
[M::mem_pestat] # candidate unique pairs for (FF, FR, RF, RR): (0, 29202, 0, 0)
[M::mem_pestat] skip orientation FF as there are not enough pairs
[M::mem_pestat] analyzing insert size distribution for orientation FR...
[M::mem_pestat] (25, 50, 75) percentile: (189, 199, 200)
[M::mem_pestat] low and high boundaries for computing mean and std.dev: (167, 222)
[M::mem_pestat] mean and std.dev: (197.42, 7.67)
[M::mem_pestat] low and high boundaries for proper pairs: (156, 233)
[M::mem_pestat] skip orientation RF as there are not enough pairs
[M::mem_pestat] skip orientation RR as there are not enough pairs
[M::mem_process_seqs] Processed 58842 reads in 5.137 CPU sec, 5.054 real sec
[main] Version: 0.7.12-r1039
samblaster: Output 42 discordant read pairs to A5.pIMDQ8PHHFV2/disc_pipe
[main] CMD:samblaster: Output 4 split reads to A5.pIMDQ8PHHFV2/spl_pipe
 /opt/linux/centos/7.x/x86_64/pkgs/bwa/0.7.12/bin/bwa mem -t 1 -R @RG\tID:A5\tSM:A5\tLB:Lib\ References.fasta ExternalData/Pooled/Stacks/A5.1.fq.gz ExternalData/Pooled/Stacks/A5.2.fq.gzsamblaster: Marked 165245 of 166038 (99.52%) read ids as duplicates
[main] Real time: 29.211 sec; CPU: 29.877 sec
 using 1344k memory in 0.668S CPU seconds and 29S wall time.
Done
Using GATK jar /bigdata/operations/pkgadmin/opt/linux/centos/7.x/x86_64/pkgs/gatk/4.0.8.1/gatk-package-4.0.8.1-local.jar
Running:
    java -Dsamjdk.use_async_io_read_samtools=false -Dsamjdk.use_async_io_write_samtools=true -Dsamjdk.use_async_io_write_tribble=false -Dsamjdk.compression_level=2 -jar /bigdata/operations/pkgadmin/opt/linux/centos/7.x/x86_64/pkgs/gatk/4.0.8.1/gatk-package-4.0.8.1-local.jar HaplotypeCaller -R References.fasta -I results/A5.bam -O results/A5.g.vcf -ERC GVCF
15:11:22.718 INFO  NativeLibraryLoader - Loading libgkl_compression.so from jar:file:/bigdata/operations/pkgadmin/opt/linux/centos/7.x/x86_64/pkgs/gatk/4.0.8.1/gatk-package-4.0.8.1-local.jar!/com/intel/gkl/native/libgkl_compression.so
15:11:23.105 INFO  HaplotypeCaller - ------------------------------------------------------------
15:11:23.107 INFO  HaplotypeCaller - The Genome Analysis Toolkit (GATK) v4.0.8.1
15:11:23.108 INFO  HaplotypeCaller - For support and documentation go to https://software.broadinstitute.org/gatk/
15:11:23.109 INFO  HaplotypeCaller - Executing as arajewski@i08 on Linux v3.10.0-957.el7.x86_64 amd64
15:11:23.109 INFO  HaplotypeCaller - Java runtime: Java HotSpot(TM) 64-Bit Server VM v1.8.0_45-b14
15:11:23.109 INFO  HaplotypeCaller - Start Date/Time: May 26, 2020 3:11:22 PM PDT
15:11:23.109 INFO  HaplotypeCaller - ------------------------------------------------------------
15:11:23.109 INFO  HaplotypeCaller - ------------------------------------------------------------
15:11:23.110 INFO  HaplotypeCaller - HTSJDK Version: 2.16.0
15:11:23.110 INFO  HaplotypeCaller - Picard Version: 2.18.7
15:11:23.110 INFO  HaplotypeCaller - HTSJDK Defaults.COMPRESSION_LEVEL : 2
15:11:23.110 INFO  HaplotypeCaller - HTSJDK Defaults.USE_ASYNC_IO_READ_FOR_SAMTOOLS : false
15:11:23.110 INFO  HaplotypeCaller - HTSJDK Defaults.USE_ASYNC_IO_WRITE_FOR_SAMTOOLS : true
15:11:23.110 INFO  HaplotypeCaller - HTSJDK Defaults.USE_ASYNC_IO_WRITE_FOR_TRIBBLE : false
15:11:23.111 INFO  HaplotypeCaller - Deflater: IntelDeflater
15:11:23.111 INFO  HaplotypeCaller - Inflater: IntelInflater
15:11:23.111 INFO  HaplotypeCaller - GCS max retries/reopens: 20
15:11:23.111 INFO  HaplotypeCaller - Using google-cloud-java fork https://github.com/broadinstitute/google-cloud-java/releases/tag/0.20.5-alpha-GCS-RETRY-FIX
15:11:23.111 INFO  HaplotypeCaller - Initializing engine
15:11:24.481 INFO  HaplotypeCaller - Done initializing engine
15:11:24.491 INFO  HaplotypeCallerEngine - Tool is in reference confidence mode and the annotation, the following changes will be made to any specified annotations: 'StrandBiasBySample' will be enabled. 'ChromosomeCounts', 'FisherStrand', 'StrandOddsRatio' and 'QualByDepth' annotations have been disabled
15:11:24.499 INFO  HaplotypeCallerEngine - Standard Emitting and Calling confidence set to 0.0 for reference-model confidence output
15:11:24.499 INFO  HaplotypeCallerEngine - All sites annotated with PLs forced to true for reference-model confidence output
15:11:24.520 INFO  NativeLibraryLoader - Loading libgkl_utils.so from jar:file:/bigdata/operations/pkgadmin/opt/linux/centos/7.x/x86_64/pkgs/gatk/4.0.8.1/gatk-package-4.0.8.1-local.jar!/com/intel/gkl/native/libgkl_utils.so
15:11:24.523 INFO  NativeLibraryLoader - Loading libgkl_pairhmm_omp.so from jar:file:/bigdata/operations/pkgadmin/opt/linux/centos/7.x/x86_64/pkgs/gatk/4.0.8.1/gatk-package-4.0.8.1-local.jar!/com/intel/gkl/native/libgkl_pairhmm_omp.so
15:11:24.571 WARN  IntelPairHmm - Flush-to-zero (FTZ) is enabled when running PairHMM
15:11:24.572 INFO  IntelPairHmm - Available threads: 2
15:11:24.572 INFO  IntelPairHmm - Requested threads: 4
15:11:24.572 WARN  IntelPairHmm - Using 2 available threads, but 4 were requested
15:11:24.572 INFO  PairHMM - Using the OpenMP multi-threaded AVX-accelerated native PairHMM implementation
15:11:24.672 INFO  ProgressMeter - Starting traversal
15:11:24.672 INFO  ProgressMeter -        Current Locus  Elapsed Minutes     Regions Processed   Regions/Minute
15:11:35.120 INFO  ProgressMeter -          SpMBP10:231              0.2                    20            114.9
15:11:35.213 INFO  HaplotypeCaller - 330520 read(s) filtered by: ((((((((MappingQualityReadFilter AND MappingQualityAvailableReadFilter) AND MappedReadFilter) AND NotSecondaryAlignmentReadFilter) AND NotDuplicateReadFilter) AND PassesVendorQualityCheckReadFilter) AND NonZeroReferenceLengthAlignmentReadFilter) AND GoodCigarReadFilter) AND WellformedReadFilter)
  330520 read(s) filtered by: (((((((MappingQualityReadFilter AND MappingQualityAvailableReadFilter) AND MappedReadFilter) AND NotSecondaryAlignmentReadFilter) AND NotDuplicateReadFilter) AND PassesVendorQualityCheckReadFilter) AND NonZeroReferenceLengthAlignmentReadFilter) AND GoodCigarReadFilter)
      330520 read(s) filtered by: ((((((MappingQualityReadFilter AND MappingQualityAvailableReadFilter) AND MappedReadFilter) AND NotSecondaryAlignmentReadFilter) AND NotDuplicateReadFilter) AND PassesVendorQualityCheckReadFilter) AND NonZeroReferenceLengthAlignmentReadFilter)
          330520 read(s) filtered by: (((((MappingQualityReadFilter AND MappingQualityAvailableReadFilter) AND MappedReadFilter) AND NotSecondaryAlignmentReadFilter) AND NotDuplicateReadFilter) AND PassesVendorQualityCheckReadFilter)
              330520 read(s) filtered by: ((((MappingQualityReadFilter AND MappingQualityAvailableReadFilter) AND MappedReadFilter) AND NotSecondaryAlignmentReadFilter) AND NotDuplicateReadFilter)
                  502 read(s) filtered by: (((MappingQualityReadFilter AND MappingQualityAvailableReadFilter) AND MappedReadFilter) AND NotSecondaryAlignmentReadFilter)
                      502 read(s) filtered by: ((MappingQualityReadFilter AND MappingQualityAvailableReadFilter) AND MappedReadFilter)
                          502 read(s) filtered by: (MappingQualityReadFilter AND MappingQualityAvailableReadFilter)
                              502 read(s) filtered by: MappingQualityReadFilter 
                  330018 read(s) filtered by: NotDuplicateReadFilter 

15:11:35.214 INFO  ProgressMeter -          SpMBP10:231              0.2                    25            142.3
15:11:35.214 INFO  ProgressMeter - Traversal complete. Processed 25 total regions in 0.2 minutes.
15:11:35.220 INFO  VectorLoglessPairHMM - Time spent in setup for JNI call : 0.0033851690000000004
15:11:35.220 INFO  PairHMM - Total compute time in PairHMM computeLogLikelihoods() : 1.397802508
15:11:35.221 INFO  SmithWatermanAligner - Total compute time in java Smith-Waterman : 1.94 sec
15:11:35.221 INFO  HaplotypeCaller - Shutting down engine
[May 26, 2020 3:11:35 PM PDT] org.broadinstitute.hellbender.tools.walkers.haplotypecaller.HaplotypeCaller done. Elapsed time: 0.21 minutes.
Runtime.totalMemory()=2564292608
