Sourcing executables from speedseq.config ...
Aligning...
samblaster: Version 0.1.22
samblaster: Inputting from stdin
samblaster: Outputting to stdout
samblaster: Opening C6.cwJyqrw1XH8d/disc_pipe for write.
[M::bwa_idx_load_from_disk] read 0 ALT contigs
samblaster: Opening C6.cwJyqrw1XH8d/spl_pipe for write.
[M::process] read 68818 sequences (10000072 bp)...
[M::process] read 68770 sequences (10000250 bp)...
[M::mem_pestat] # candidate unique pairs for (FF, FR, RF, RR): (0, 30029, 0, 0)
[M::mem_pestat] skip orientation FF as there are not enough pairs
[M::mem_pestat] analyzing insert size distribution for orientation FR...
[M::mem_pestat] (25, 50, 75) percentile: (199, 200, 210)
[M::mem_pestat] low and high boundaries for computing mean and std.dev: (177, 232)
[M::mem_pestat] mean and std.dev: (208.15, 11.55)
[M::mem_pestat] low and high boundaries for proper pairs: (162, 243)
[M::mem_pestat] skip orientation RF as there are not enough pairs
[M::mem_pestat] skip orientation RR as there are not enough pairs
[M::mem_process_seqs] Processed 68818 reads in 5.680 CPU sec, 5.581 real sec
samblaster: Loaded 12 header sequence entries.
sambamba-view: Error creating thread
sambamba-sort: Error creating thread
/bin/bash: line 1: 149344 Broken pipe             gawk '{ if ($0~"^@") { print; next } else { $10="*"; $11="*"; print } }' OFS="\t" C6.cwJyqrw1XH8d/disc_pipe
     149345 Segmentation fault      | /opt/linux/centos/7.x/x86_64/pkgs/speedseq/a95704a/bin/sambamba view -S -f bam /dev/stdin
     149346 Segmentation fault      | /opt/linux/centos/7.x/x86_64/pkgs/speedseq/a95704a/bin/sambamba sort -t 4 -m 1G --tmpdir=C6.cwJyqrw1XH8d/disc -o results/Flowcell_1304/C6.discordants.bam /dev/stdin
slurmstepd-i05: error: *** JOB 2040583 ON i05 CANCELLED AT 2020-09-03T15:21:58 ***
