Sourcing executables from speedseq.config ...
Aligning...
samblaster: Version 0.1.22
samblaster: Inputting from stdin
samblaster: Outputting to stdout
samblaster: Opening F5.McWO9UufLEUk/disc_pipe for write.
[M::bwa_idx_load_from_disk] read 0 ALT contigs
samblaster: Opening F5.McWO9UufLEUk/spl_pipe for write.
[M::process] read 68338 sequences (10000128 bp)...
[M::process] read 68312 sequences (10000201 bp)...
[M::mem_pestat] # candidate unique pairs for (FF, FR, RF, RR): (0, 33881, 0, 0)
[M::mem_pestat] skip orientation FF as there are not enough pairs
[M::mem_pestat] analyzing insert size distribution for orientation FR...
[M::mem_pestat] (25, 50, 75) percentile: (189, 199, 200)
[M::mem_pestat] low and high boundaries for computing mean and std.dev: (167, 222)
[M::mem_pestat] mean and std.dev: (197.67, 7.14)
[M::mem_pestat] low and high boundaries for proper pairs: (156, 233)
[M::mem_pestat] skip orientation RF as there are not enough pairs
[M::mem_pestat] skip orientation RR as there are not enough pairs
[M::mem_process_seqs] Processed 68338 reads in 5.615 CPU sec, 5.403 real sec
samblaster: Loaded 12 header sequence entries.
[M::process] read 68356 sequences (10000246 bp)...
[M::mem_pestat] # candidate unique pairs for (FF, FR, RF, RR): (1, 33884, 0, 0)
[M::mem_pestat] skip orientation FF as there are not enough pairs
[M::mem_pestat] analyzing insert size distribution for orientation FR...
[M::mem_pestat] (25, 50, 75) percentile: (189, 199, 200)
[M::mem_pestat] low and high boundaries for computing mean and std.dev: (167, 222)
[M::mem_pestat] mean and std.dev: (197.58, 7.21)
[M::mem_pestat] low and high boundaries for proper pairs: (156, 233)
[M::mem_pestat] skip orientation RF as there are not enough pairs
[M::mem_pestat] skip orientation RR as there are not enough pairs
[M::mem_process_seqs] Processed 68312 reads in 6.189 CPU sec, 5.927 real sec
[M::process] read 68322 sequences (10000022 bp)...
[M::mem_pestat] # candidate unique pairs for (FF, FR, RF, RR): (0, 33888, 3, 0)
[M::mem_pestat] skip orientation FF as there are not enough pairs
[M::mem_pestat] analyzing insert size distribution for orientation FR...
[M::mem_pestat] (25, 50, 75) percentile: (189, 199, 200)
[M::mem_pestat] low and high boundaries for computing mean and std.dev: (167, 222)
[M::mem_pestat] mean and std.dev: (197.53, 7.30)
[M::mem_pestat] low and high boundaries for proper pairs: (156, 233)
[M::mem_pestat] skip orientation RF as there are not enough pairs
[M::mem_pestat] skip orientation RR as there are not enough pairs
[M::mem_process_seqs] Processed 68356 reads in 6.048 CPU sec, 5.746 real sec
[M::process] read 66056 sequences (9667796 bp)...
[M::mem_pestat] # candidate unique pairs for (FF, FR, RF, RR): (0, 33878, 0, 0)
[M::mem_pestat] skip orientation FF as there are not enough pairs
[M::mem_pestat] analyzing insert size distribution for orientation FR...
[M::mem_pestat] (25, 50, 75) percentile: (189, 199, 200)
[M::mem_pestat] low and high boundaries for computing mean and std.dev: (167, 222)
[M::mem_pestat] mean and std.dev: (197.68, 7.17)
[M::mem_pestat] low and high boundaries for proper pairs: (156, 233)
[M::mem_pestat] skip orientation RF as there are not enough pairs
[M::mem_pestat] skip orientation RR as there are not enough pairs
[M::mem_process_seqs] Processed 68322 reads in 5.955 CPU sec, 5.688 real sec
[M::mem_pestat] # candidate unique pairs for (FF, FR, RF, RR): (0, 32776, 1, 0)
[M::mem_pestat] skip orientation FF as there are not enough pairs
[M::mem_pestat] analyzing insert size distribution for orientation FR...
[M::mem_pestat] (25, 50, 75) percentile: (189, 199, 200)
[M::mem_pestat] low and high boundaries for computing mean and std.dev: (167, 222)
[M::mem_pestat] mean and std.dev: (197.83, 7.10)
[M::mem_pestat] low and high boundaries for proper pairs: (156, 233)
[M::mem_pestat] skip orientation RF as there are not enough pairs
[M::mem_pestat] skip orientation RR as there are not enough pairs
[M::mem_process_seqs] Processed 66056 reads in 5.327 CPU sec, 5.237 real sec
samblaster: Output 52 discordant read pairs to F5.McWO9UufLEUk/disc_pipe
[main] Version: 0.7.12-r1039
samblaster: Output 6 split reads to F5.McWO9UufLEUk/spl_pipe
[main] CMD: /opt/linux/centos/7.x/x86_64/pkgs/bwa/0.7.12/bin/bwa mem -t 1 -R @RG\tID:F5\tSM:F5\tLB:Lib\ References.fastasamblaster: Marked 169348 of 169692 (99.80%) read ids as duplicates ExternalData/Pooled/Stacks/F5.1.fq.gz ExternalData/Pooled/Stacks/F5.2.fq.gz using 1340k memory in 0.664S
[main] Real time: 28.658 sec; CPU: 29.357 sec
 CPU seconds and 29S wall time.
Done
Using GATK jar /bigdata/operations/pkgadmin/opt/linux/centos/7.x/x86_64/pkgs/gatk/4.0.8.1/gatk-package-4.0.8.1-local.jar
Running:
    java -Dsamjdk.use_async_io_read_samtools=false -Dsamjdk.use_async_io_write_samtools=true -Dsamjdk.use_async_io_write_tribble=false -Dsamjdk.compression_level=2 -jar /bigdata/operations/pkgadmin/opt/linux/centos/7.x/x86_64/pkgs/gatk/4.0.8.1/gatk-package-4.0.8.1-local.jar HaplotypeCaller -R References.fasta -I results/F5.bam -O results/F5.g.vcf -ERC GVCF
15:11:20.220 INFO  NativeLibraryLoader - Loading libgkl_compression.so from jar:file:/bigdata/operations/pkgadmin/opt/linux/centos/7.x/x86_64/pkgs/gatk/4.0.8.1/gatk-package-4.0.8.1-local.jar!/com/intel/gkl/native/libgkl_compression.so
15:11:20.536 INFO  HaplotypeCaller - ------------------------------------------------------------
15:11:20.538 INFO  HaplotypeCaller - The Genome Analysis Toolkit (GATK) v4.0.8.1
15:11:20.538 INFO  HaplotypeCaller - For support and documentation go to https://software.broadinstitute.org/gatk/
15:11:20.538 INFO  HaplotypeCaller - Executing as arajewski@i31 on Linux v3.10.0-957.el7.x86_64 amd64
15:11:20.538 INFO  HaplotypeCaller - Java runtime: Java HotSpot(TM) 64-Bit Server VM v1.8.0_45-b14
15:11:20.539 INFO  HaplotypeCaller - Start Date/Time: May 26, 2020 3:11:20 PM PDT
15:11:20.539 INFO  HaplotypeCaller - ------------------------------------------------------------
15:11:20.539 INFO  HaplotypeCaller - ------------------------------------------------------------
15:11:20.539 INFO  HaplotypeCaller - HTSJDK Version: 2.16.0
15:11:20.540 INFO  HaplotypeCaller - Picard Version: 2.18.7
15:11:20.540 INFO  HaplotypeCaller - HTSJDK Defaults.COMPRESSION_LEVEL : 2
15:11:20.540 INFO  HaplotypeCaller - HTSJDK Defaults.USE_ASYNC_IO_READ_FOR_SAMTOOLS : false
15:11:20.540 INFO  HaplotypeCaller - HTSJDK Defaults.USE_ASYNC_IO_WRITE_FOR_SAMTOOLS : true
15:11:20.540 INFO  HaplotypeCaller - HTSJDK Defaults.USE_ASYNC_IO_WRITE_FOR_TRIBBLE : false
15:11:20.553 INFO  HaplotypeCaller - Deflater: IntelDeflater
15:11:20.553 INFO  HaplotypeCaller - Inflater: IntelInflater
15:11:20.553 INFO  HaplotypeCaller - GCS max retries/reopens: 20
15:11:20.553 INFO  HaplotypeCaller - Using google-cloud-java fork https://github.com/broadinstitute/google-cloud-java/releases/tag/0.20.5-alpha-GCS-RETRY-FIX
15:11:20.553 INFO  HaplotypeCaller - Initializing engine
15:11:21.328 INFO  HaplotypeCaller - Done initializing engine
15:11:21.334 INFO  HaplotypeCallerEngine - Tool is in reference confidence mode and the annotation, the following changes will be made to any specified annotations: 'StrandBiasBySample' will be enabled. 'ChromosomeCounts', 'FisherStrand', 'StrandOddsRatio' and 'QualByDepth' annotations have been disabled
15:11:21.338 INFO  HaplotypeCallerEngine - Standard Emitting and Calling confidence set to 0.0 for reference-model confidence output
15:11:21.339 INFO  HaplotypeCallerEngine - All sites annotated with PLs forced to true for reference-model confidence output
15:11:21.355 INFO  NativeLibraryLoader - Loading libgkl_utils.so from jar:file:/bigdata/operations/pkgadmin/opt/linux/centos/7.x/x86_64/pkgs/gatk/4.0.8.1/gatk-package-4.0.8.1-local.jar!/com/intel/gkl/native/libgkl_utils.so
15:11:21.357 INFO  NativeLibraryLoader - Loading libgkl_pairhmm_omp.so from jar:file:/bigdata/operations/pkgadmin/opt/linux/centos/7.x/x86_64/pkgs/gatk/4.0.8.1/gatk-package-4.0.8.1-local.jar!/com/intel/gkl/native/libgkl_pairhmm_omp.so
15:11:21.400 WARN  IntelPairHmm - Flush-to-zero (FTZ) is enabled when running PairHMM
15:11:21.400 INFO  IntelPairHmm - Available threads: 2
15:11:21.400 INFO  IntelPairHmm - Requested threads: 4
15:11:21.400 WARN  IntelPairHmm - Using 2 available threads, but 4 were requested
15:11:21.401 INFO  PairHMM - Using the OpenMP multi-threaded AVX-accelerated native PairHMM implementation
15:11:21.473 INFO  ProgressMeter - Starting traversal
15:11:21.473 INFO  ProgressMeter -        Current Locus  Elapsed Minutes     Regions Processed   Regions/Minute
15:11:31.471 INFO  HaplotypeCaller - 338723 read(s) filtered by: ((((((((MappingQualityReadFilter AND MappingQualityAvailableReadFilter) AND MappedReadFilter) AND NotSecondaryAlignmentReadFilter) AND NotDuplicateReadFilter) AND PassesVendorQualityCheckReadFilter) AND NonZeroReferenceLengthAlignmentReadFilter) AND GoodCigarReadFilter) AND WellformedReadFilter)
  338723 read(s) filtered by: (((((((MappingQualityReadFilter AND MappingQualityAvailableReadFilter) AND MappedReadFilter) AND NotSecondaryAlignmentReadFilter) AND NotDuplicateReadFilter) AND PassesVendorQualityCheckReadFilter) AND NonZeroReferenceLengthAlignmentReadFilter) AND GoodCigarReadFilter)
      338723 read(s) filtered by: ((((((MappingQualityReadFilter AND MappingQualityAvailableReadFilter) AND MappedReadFilter) AND NotSecondaryAlignmentReadFilter) AND NotDuplicateReadFilter) AND PassesVendorQualityCheckReadFilter) AND NonZeroReferenceLengthAlignmentReadFilter)
          338723 read(s) filtered by: (((((MappingQualityReadFilter AND MappingQualityAvailableReadFilter) AND MappedReadFilter) AND NotSecondaryAlignmentReadFilter) AND NotDuplicateReadFilter) AND PassesVendorQualityCheckReadFilter)
              338723 read(s) filtered by: ((((MappingQualityReadFilter AND MappingQualityAvailableReadFilter) AND MappedReadFilter) AND NotSecondaryAlignmentReadFilter) AND NotDuplicateReadFilter)
                  605 read(s) filtered by: (((MappingQualityReadFilter AND MappingQualityAvailableReadFilter) AND MappedReadFilter) AND NotSecondaryAlignmentReadFilter)
                      605 read(s) filtered by: ((MappingQualityReadFilter AND MappingQualityAvailableReadFilter) AND MappedReadFilter)
                          605 read(s) filtered by: (MappingQualityReadFilter AND MappingQualityAvailableReadFilter)
                              605 read(s) filtered by: MappingQualityReadFilter 
                  338118 read(s) filtered by: NotDuplicateReadFilter 

15:11:31.493 INFO  ProgressMeter -           SpFUL2:301              0.2                    27            161.7
15:11:31.493 INFO  ProgressMeter - Traversal complete. Processed 27 total regions in 0.2 minutes.
15:11:31.511 INFO  VectorLoglessPairHMM - Time spent in setup for JNI call : 0.0033256870000000003
15:11:31.512 INFO  PairHMM - Total compute time in PairHMM computeLogLikelihoods() : 1.6968984660000002
15:11:31.512 INFO  SmithWatermanAligner - Total compute time in java Smith-Waterman : 1.58 sec
15:11:31.512 INFO  HaplotypeCaller - Shutting down engine
[May 26, 2020 3:11:31 PM PDT] org.broadinstitute.hellbender.tools.walkers.haplotypecaller.HaplotypeCaller done. Elapsed time: 0.19 minutes.
Runtime.totalMemory()=2640838656
