Sourcing executables from speedseq.config ...
Aligning...
samblaster: Version 0.1.22
samblaster: Inputting from stdin
samblaster: Outputting to stdout
samblaster: Opening D7.Mo2fWzrYqukz/disc_pipe for write.
[M::bwa_idx_load_from_disk] read 0 ALT contigs
samblaster: Opening D7.Mo2fWzrYqukz/spl_pipe for write.
[M::process] read 69332 sequences (10000023 bp)...
[M::process] read 69324 sequences (10000292 bp)...
[M::mem_pestat] # candidate unique pairs for (FF, FR, RF, RR): (0, 31230, 0, 0)
[M::mem_pestat] skip orientation FF as there are not enough pairs
[M::mem_pestat] analyzing insert size distribution for orientation FR...
[M::mem_pestat] (25, 50, 75) percentile: (189, 199, 210)
[M::mem_pestat] low and high boundaries for computing mean and std.dev: (147, 252)
[M::mem_pestat] mean and std.dev: (203.08, 14.00)
[M::mem_pestat] low and high boundaries for proper pairs: (126, 273)
[M::mem_pestat] skip orientation RF as there are not enough pairs
[M::mem_pestat] skip orientation RR as there are not enough pairs
[M::mem_process_seqs] Processed 69332 reads in 5.477 CPU sec, 5.288 real sec
samblaster: Loaded 12 header sequence entries.
[M::process] read 69312 sequences (10000047 bp)...
[M::mem_pestat] # candidate unique pairs for (FF, FR, RF, RR): (0, 31333, 0, 0)
[M::mem_pestat] skip orientation FF as there are not enough pairs
[M::mem_pestat] analyzing insert size distribution for orientation FR...
[M::mem_pestat] (25, 50, 75) percentile: (189, 199, 210)
[M::mem_pestat] low and high boundaries for computing mean and std.dev: (147, 252)
[M::mem_pestat] mean and std.dev: (203.42, 14.12)
[M::mem_pestat] low and high boundaries for proper pairs: (126, 273)
[M::mem_pestat] skip orientation RF as there are not enough pairs
[M::mem_pestat] skip orientation RR as there are not enough pairs
[M::mem_process_seqs] Processed 69324 reads in 5.924 CPU sec, 5.685 real sec
[M::process] read 13980 sequences (2015339 bp)...
[M::mem_pestat] # candidate unique pairs for (FF, FR, RF, RR): (0, 31358, 0, 0)
[M::mem_pestat] skip orientation FF as there are not enough pairs
[M::mem_pestat] analyzing insert size distribution for orientation FR...
[M::mem_pestat] (25, 50, 75) percentile: (189, 199, 210)
[M::mem_pestat] low and high boundaries for computing mean and std.dev: (147, 252)
[M::mem_pestat] mean and std.dev: (203.47, 14.06)
[M::mem_pestat] low and high boundaries for proper pairs: (126, 273)
[M::mem_pestat] skip orientation RF as there are not enough pairs
[M::mem_pestat] skip orientation RR as there are not enough pairs
[M::mem_process_seqs] Processed 69312 reads in 5.821 CPU sec, 5.766 real sec
[M::mem_pestat] # candidate unique pairs for (FF, FR, RF, RR): (0, 6332, 1, 0)
[M::mem_pestat] skip orientation FF as there are not enough pairs
[M::mem_pestat] analyzing insert size distribution for orientation FR...
[M::mem_pestat] (25, 50, 75) percentile: (189, 199, 210)
[M::mem_pestat] low and high boundaries for computing mean and std.dev: (147, 252)
[M::mem_pestat] mean and std.dev: (203.50, 14.04)
[M::mem_pestat] low and high boundaries for proper pairs: (126, 273)
[M::mem_pestat] skip orientation RF as there are not enough pairs
[M::mem_pestat] skip orientation RR as there are not enough pairs
[M::mem_process_seqs] Processed 13980 reads in 1.461 CPU sec, 1.427 real sec
samblaster: Output 74 discordant read pairs to D7.Mo2fWzrYqukz/disc_pipe
[main] Version: 0.7.12-r1039
samblaster: Output 4 split reads to D7.Mo2fWzrYqukz/spl_pipe
[main] CMD: /opt/linux/centos/7.x/x86_64/pkgs/bwa/0.7.12/bin/bwa mem -t 1 -R @RG\tID:D7\tSM:D7\tLB:Lib\ References.fasta ExternalData/Flowcell_1304/Pooled/Stacks/D7.1.fq.gz ExternalData/Flowcell_1304/Pooled/Stacks/D7.2.fq.gzsamblaster: Marked 110441 of 110974 (99.52%) read ids as duplicates using 1340k memory in 
[main] Real time: 18.527 sec; CPU: 18.832 sec
0.445S CPU seconds and 18S wall time.
Done
