Sourcing executables from speedseq.config ...
Aligning...
[M::bwa_idx_load_from_disk] read 0 ALT contigs
samblaster: Version 0.1.22
samblaster: Inputting from stdin
samblaster: Outputting to stdout
samblaster: Opening E5.V9ZcGoUTePg0/disc_pipe for write.
[main] Version: 0.7.12-r1039
[main] CMD: /opt/linux/centos/7.x/x86_64/pkgs/bwa/0.7.12/bin/bwa mem -t 1 -R @RG\tID:E5\tSM:E5\tLB:Lib\ References.fasta ExternalData/E5_pair1.fastq ExternalData/E5_pair2.fastq
[main] Real time: 0.017 sec; CPU: 0.007 sec
samblaster: Opening E5.V9ZcGoUTePg0/spl_pipe for write.
samblaster: Loaded 12 header sequence entries.
Done
Using GATK jar /bigdata/operations/pkgadmin/opt/linux/centos/7.x/x86_64/pkgs/gatk/4.0.8.1/gatk-package-4.0.8.1-local.jar
Running:
    java -Dsamjdk.use_async_io_read_samtools=false -Dsamjdk.use_async_io_write_samtools=true -Dsamjdk.use_async_io_write_tribble=false -Dsamjdk.compression_level=2 -jar /bigdata/operations/pkgadmin/opt/linux/centos/7.x/x86_64/pkgs/gatk/4.0.8.1/gatk-package-4.0.8.1-local.jar HaplotypeCaller -R References.fasta -I results/E5.bam -O results/E5.g.vcf -ERC GVCF
11:08:55.174 INFO  NativeLibraryLoader - Loading libgkl_compression.so from jar:file:/bigdata/operations/pkgadmin/opt/linux/centos/7.x/x86_64/pkgs/gatk/4.0.8.1/gatk-package-4.0.8.1-local.jar!/com/intel/gkl/native/libgkl_compression.so
11:08:55.959 INFO  HaplotypeCaller - ------------------------------------------------------------
11:08:55.960 INFO  HaplotypeCaller - The Genome Analysis Toolkit (GATK) v4.0.8.1
11:08:55.961 INFO  HaplotypeCaller - For support and documentation go to https://software.broadinstitute.org/gatk/
11:08:55.962 INFO  HaplotypeCaller - Executing as arajewski@i06 on Linux v3.10.0-957.el7.x86_64 amd64
11:08:55.963 INFO  HaplotypeCaller - Java runtime: Java HotSpot(TM) 64-Bit Server VM v1.8.0_45-b14
11:08:55.968 INFO  HaplotypeCaller - Start Date/Time: May 26, 2020 11:08:55 AM PDT
11:08:55.968 INFO  HaplotypeCaller - ------------------------------------------------------------
11:08:55.969 INFO  HaplotypeCaller - ------------------------------------------------------------
11:08:55.969 INFO  HaplotypeCaller - HTSJDK Version: 2.16.0
11:08:55.969 INFO  HaplotypeCaller - Picard Version: 2.18.7
11:08:55.969 INFO  HaplotypeCaller - HTSJDK Defaults.COMPRESSION_LEVEL : 2
11:08:55.969 INFO  HaplotypeCaller - HTSJDK Defaults.USE_ASYNC_IO_READ_FOR_SAMTOOLS : false
11:08:55.970 INFO  HaplotypeCaller - HTSJDK Defaults.USE_ASYNC_IO_WRITE_FOR_SAMTOOLS : true
11:08:55.970 INFO  HaplotypeCaller - HTSJDK Defaults.USE_ASYNC_IO_WRITE_FOR_TRIBBLE : false
11:08:55.970 INFO  HaplotypeCaller - Deflater: IntelDeflater
11:08:55.970 INFO  HaplotypeCaller - Inflater: IntelInflater
11:08:55.970 INFO  HaplotypeCaller - GCS max retries/reopens: 20
11:08:55.970 INFO  HaplotypeCaller - Using google-cloud-java fork https://github.com/broadinstitute/google-cloud-java/releases/tag/0.20.5-alpha-GCS-RETRY-FIX
11:08:55.971 INFO  HaplotypeCaller - Initializing engine
11:08:56.437 INFO  HaplotypeCaller - Done initializing engine
11:08:56.442 INFO  HaplotypeCallerEngine - Tool is in reference confidence mode and the annotation, the following changes will be made to any specified annotations: 'StrandBiasBySample' will be enabled. 'ChromosomeCounts', 'FisherStrand', 'StrandOddsRatio' and 'QualByDepth' annotations have been disabled
11:08:56.449 INFO  HaplotypeCallerEngine - Standard Emitting and Calling confidence set to 0.0 for reference-model confidence output
11:08:56.449 INFO  HaplotypeCallerEngine - All sites annotated with PLs forced to true for reference-model confidence output
11:08:56.466 INFO  NativeLibraryLoader - Loading libgkl_utils.so from jar:file:/bigdata/operations/pkgadmin/opt/linux/centos/7.x/x86_64/pkgs/gatk/4.0.8.1/gatk-package-4.0.8.1-local.jar!/com/intel/gkl/native/libgkl_utils.so
11:08:56.469 INFO  NativeLibraryLoader - Loading libgkl_pairhmm_omp.so from jar:file:/bigdata/operations/pkgadmin/opt/linux/centos/7.x/x86_64/pkgs/gatk/4.0.8.1/gatk-package-4.0.8.1-local.jar!/com/intel/gkl/native/libgkl_pairhmm_omp.so
11:08:56.516 WARN  IntelPairHmm - Flush-to-zero (FTZ) is enabled when running PairHMM
11:08:56.517 INFO  IntelPairHmm - Available threads: 2
11:08:56.517 INFO  IntelPairHmm - Requested threads: 4
11:08:56.517 WARN  IntelPairHmm - Using 2 available threads, but 4 were requested
11:08:56.517 INFO  PairHMM - Using the OpenMP multi-threaded AVX-accelerated native PairHMM implementation
11:08:56.591 INFO  ProgressMeter - Starting traversal
11:08:56.592 INFO  ProgressMeter -        Current Locus  Elapsed Minutes     Regions Processed   Regions/Minute
11:08:56.962 INFO  HaplotypeCaller - No reads filtered by: ((((((((MappingQualityReadFilter AND MappingQualityAvailableReadFilter) AND MappedReadFilter) AND NotSecondaryAlignmentReadFilter) AND NotDuplicateReadFilter) AND PassesVendorQualityCheckReadFilter) AND NonZeroReferenceLengthAlignmentReadFilter) AND GoodCigarReadFilter) AND WellformedReadFilter)
11:08:56.963 INFO  ProgressMeter -             SpFUL2:1              0.0                    14           2270.3
11:08:56.964 INFO  ProgressMeter - Traversal complete. Processed 14 total regions in 0.0 minutes.
11:08:57.045 INFO  VectorLoglessPairHMM - Time spent in setup for JNI call : 0.0
11:08:57.045 INFO  PairHMM - Total compute time in PairHMM computeLogLikelihoods() : 0.0
11:08:57.045 INFO  SmithWatermanAligner - Total compute time in java Smith-Waterman : 0.00 sec
11:08:57.045 INFO  HaplotypeCaller - Shutting down engine
[May 26, 2020 11:08:57 AM PDT] org.broadinstitute.hellbender.tools.walkers.haplotypecaller.HaplotypeCaller done. Elapsed time: 0.03 minutes.
Runtime.totalMemory()=2465726464
