Sourcing executables from speedseq.config ...
Aligning...
samblaster: Version 0.1.22
samblaster: Inputting from stdin
samblaster: Outputting to stdout
samblaster: Opening A8.62jKnH3yX4p1/disc_pipe for write.
[M::bwa_idx_load_from_disk] read 0 ALT contigs
samblaster: Opening A8.62jKnH3yX4p1/spl_pipe for write.
[M::process] read 67116 sequences (10000284 bp)...
[M::process] read 67116 sequences (10000284 bp)...
[M::mem_pestat] # candidate unique pairs for (FF, FR, RF, RR): (1074, 0, 0, 22)
[M::mem_pestat] analyzing insert size distribution for orientation FF...
[M::mem_pestat] (25, 50, 75) percentile: (1, 4, 4)
[M::mem_pestat] low and high boundaries for computing mean and std.dev: (1, 10)
[M::mem_pestat] mean and std.dev: (3.44, 2.09)
[M::mem_pestat] low and high boundaries for proper pairs: (1, 13)
[M::mem_pestat] skip orientation FR as there are not enough pairs
[M::mem_pestat] skip orientation RF as there are not enough pairs
[M::mem_pestat] analyzing insert size distribution for orientation RR...
[M::mem_pestat] (25, 50, 75) percentile: (3, 3, 4)
[M::mem_pestat] low and high boundaries for computing mean and std.dev: (1, 6)
[M::mem_pestat] mean and std.dev: (3.36, 0.48)
[M::mem_pestat] low and high boundaries for proper pairs: (1, 7)
[M::mem_pestat] skip orientation RR
[M::mem_process_seqs] Processed 67116 reads in 8.383 CPU sec, 8.244 real sec
samblaster: Loaded 12 header sequence entries.
[M::process] read 46678 sequences (6955022 bp)...
[M::mem_pestat] # candidate unique pairs for (FF, FR, RF, RR): (895, 0, 0, 20)
[M::mem_pestat] analyzing insert size distribution for orientation FF...
[M::mem_pestat] (25, 50, 75) percentile: (1, 4, 5)
[M::mem_pestat] low and high boundaries for computing mean and std.dev: (1, 13)
[M::mem_pestat] mean and std.dev: (3.31, 2.31)
[M::mem_pestat] low and high boundaries for proper pairs: (1, 17)
[M::mem_pestat] skip orientation FR as there are not enough pairs
[M::mem_pestat] skip orientation RF as there are not enough pairs
[M::mem_pestat] analyzing insert size distribution for orientation RR...
[M::mem_pestat] (25, 50, 75) percentile: (3, 3, 4)
[M::mem_pestat] low and high boundaries for computing mean and std.dev: (1, 6)
[M::mem_pestat] mean and std.dev: (3.45, 0.50)
[M::mem_pestat] low and high boundaries for proper pairs: (1, 7)
[M::mem_pestat] skip orientation RR
[M::mem_process_seqs] Processed 67116 reads in 8.717 CPU sec, 8.618 real sec
[M::mem_pestat] # candidate unique pairs for (FF, FR, RF, RR): (635, 0, 0, 9)
[M::mem_pestat] analyzing insert size distribution for orientation FF...
[M::mem_pestat] (25, 50, 75) percentile: (1, 4, 5)
[M::mem_pestat] low and high boundaries for computing mean and std.dev: (1, 13)
[M::mem_pestat] mean and std.dev: (3.28, 2.31)
[M::mem_pestat] low and high boundaries for proper pairs: (1, 17)
[M::mem_pestat] skip orientation FR as there are not enough pairs
[M::mem_pestat] skip orientation RF as there are not enough pairs
[M::mem_pestat] skip orientation RR as there are not enough pairs
[M::mem_process_seqs] Processed 46678 reads in 6.176 CPU sec, 6.130 real sec
samblaster: Output 80 discordant read pairs to A8.62jKnH3yX4p1/disc_pipe
[main] Version: 0.7.12-r1039
samblaster: Output 8 split reads to A8.62jKnH3yX4p1/spl_pipe
[main] CMD: /opt/linux/centos/7.x/x86_64/pkgs/bwa/0.7.12/bin/bwa mem -t 1 -R @RG\tID:A8\tSM:A8\tLB:Lib\ References.fasta ExternalData/A8_pair1.fastq ExternalData/A8_pair2.fastqsamblaster: Marked 86015 of 90455 (95.09%) read ids as duplicates using 1344k memory in 
[main] Real time: 23.571 sec; CPU: 23.449 sec
0.366S CPU seconds and 24S wall time.
Done
Using GATK jar /bigdata/operations/pkgadmin/opt/linux/centos/7.x/x86_64/pkgs/gatk/4.0.8.1/gatk-package-4.0.8.1-local.jar
Running:
    java -Dsamjdk.use_async_io_read_samtools=false -Dsamjdk.use_async_io_write_samtools=true -Dsamjdk.use_async_io_write_tribble=false -Dsamjdk.compression_level=2 -jar /bigdata/operations/pkgadmin/opt/linux/centos/7.x/x86_64/pkgs/gatk/4.0.8.1/gatk-package-4.0.8.1-local.jar HaplotypeCaller -R References.fasta -I results/A8.bam -O results/A8.g.vcf -ERC GVCF
11:09:19.382 INFO  NativeLibraryLoader - Loading libgkl_compression.so from jar:file:/bigdata/operations/pkgadmin/opt/linux/centos/7.x/x86_64/pkgs/gatk/4.0.8.1/gatk-package-4.0.8.1-local.jar!/com/intel/gkl/native/libgkl_compression.so
11:09:19.662 INFO  HaplotypeCaller - ------------------------------------------------------------
11:09:19.664 INFO  HaplotypeCaller - The Genome Analysis Toolkit (GATK) v4.0.8.1
11:09:19.664 INFO  HaplotypeCaller - For support and documentation go to https://software.broadinstitute.org/gatk/
11:09:19.665 INFO  HaplotypeCaller - Executing as arajewski@i07 on Linux v3.10.0-957.el7.x86_64 amd64
11:09:19.665 INFO  HaplotypeCaller - Java runtime: Java HotSpot(TM) 64-Bit Server VM v1.8.0_45-b14
11:09:19.666 INFO  HaplotypeCaller - Start Date/Time: May 26, 2020 11:09:19 AM PDT
11:09:19.666 INFO  HaplotypeCaller - ------------------------------------------------------------
11:09:19.666 INFO  HaplotypeCaller - ------------------------------------------------------------
11:09:19.666 INFO  HaplotypeCaller - HTSJDK Version: 2.16.0
11:09:19.666 INFO  HaplotypeCaller - Picard Version: 2.18.7
11:09:19.666 INFO  HaplotypeCaller - HTSJDK Defaults.COMPRESSION_LEVEL : 2
11:09:19.666 INFO  HaplotypeCaller - HTSJDK Defaults.USE_ASYNC_IO_READ_FOR_SAMTOOLS : false
11:09:19.666 INFO  HaplotypeCaller - HTSJDK Defaults.USE_ASYNC_IO_WRITE_FOR_SAMTOOLS : true
11:09:19.667 INFO  HaplotypeCaller - HTSJDK Defaults.USE_ASYNC_IO_WRITE_FOR_TRIBBLE : false
11:09:19.667 INFO  HaplotypeCaller - Deflater: IntelDeflater
11:09:19.667 INFO  HaplotypeCaller - Inflater: IntelInflater
11:09:19.667 INFO  HaplotypeCaller - GCS max retries/reopens: 20
11:09:19.667 INFO  HaplotypeCaller - Using google-cloud-java fork https://github.com/broadinstitute/google-cloud-java/releases/tag/0.20.5-alpha-GCS-RETRY-FIX
11:09:19.667 INFO  HaplotypeCaller - Initializing engine
11:09:20.921 INFO  HaplotypeCaller - Done initializing engine
11:09:20.927 INFO  HaplotypeCallerEngine - Tool is in reference confidence mode and the annotation, the following changes will be made to any specified annotations: 'StrandBiasBySample' will be enabled. 'ChromosomeCounts', 'FisherStrand', 'StrandOddsRatio' and 'QualByDepth' annotations have been disabled
11:09:20.933 INFO  HaplotypeCallerEngine - Standard Emitting and Calling confidence set to 0.0 for reference-model confidence output
11:09:20.933 INFO  HaplotypeCallerEngine - All sites annotated with PLs forced to true for reference-model confidence output
11:09:20.952 INFO  NativeLibraryLoader - Loading libgkl_utils.so from jar:file:/bigdata/operations/pkgadmin/opt/linux/centos/7.x/x86_64/pkgs/gatk/4.0.8.1/gatk-package-4.0.8.1-local.jar!/com/intel/gkl/native/libgkl_utils.so
11:09:20.955 INFO  NativeLibraryLoader - Loading libgkl_pairhmm_omp.so from jar:file:/bigdata/operations/pkgadmin/opt/linux/centos/7.x/x86_64/pkgs/gatk/4.0.8.1/gatk-package-4.0.8.1-local.jar!/com/intel/gkl/native/libgkl_pairhmm_omp.so
11:09:20.998 WARN  IntelPairHmm - Flush-to-zero (FTZ) is enabled when running PairHMM
11:09:20.998 INFO  IntelPairHmm - Available threads: 2
11:09:20.999 INFO  IntelPairHmm - Requested threads: 4
11:09:20.999 WARN  IntelPairHmm - Using 2 available threads, but 4 were requested
11:09:20.999 INFO  PairHMM - Using the OpenMP multi-threaded AVX-accelerated native PairHMM implementation
11:09:21.096 INFO  ProgressMeter - Starting traversal
11:09:21.097 INFO  ProgressMeter -        Current Locus  Elapsed Minutes     Regions Processed   Regions/Minute
11:09:30.981 INFO  HaplotypeCaller - 172039 read(s) filtered by: ((((((((MappingQualityReadFilter AND MappingQualityAvailableReadFilter) AND MappedReadFilter) AND NotSecondaryAlignmentReadFilter) AND NotDuplicateReadFilter) AND PassesVendorQualityCheckReadFilter) AND NonZeroReferenceLengthAlignmentReadFilter) AND GoodCigarReadFilter) AND WellformedReadFilter)
  172039 read(s) filtered by: (((((((MappingQualityReadFilter AND MappingQualityAvailableReadFilter) AND MappedReadFilter) AND NotSecondaryAlignmentReadFilter) AND NotDuplicateReadFilter) AND PassesVendorQualityCheckReadFilter) AND NonZeroReferenceLengthAlignmentReadFilter) AND GoodCigarReadFilter)
      172039 read(s) filtered by: ((((((MappingQualityReadFilter AND MappingQualityAvailableReadFilter) AND MappedReadFilter) AND NotSecondaryAlignmentReadFilter) AND NotDuplicateReadFilter) AND PassesVendorQualityCheckReadFilter) AND NonZeroReferenceLengthAlignmentReadFilter)
          172039 read(s) filtered by: (((((MappingQualityReadFilter AND MappingQualityAvailableReadFilter) AND MappedReadFilter) AND NotSecondaryAlignmentReadFilter) AND NotDuplicateReadFilter) AND PassesVendorQualityCheckReadFilter)
              172039 read(s) filtered by: ((((MappingQualityReadFilter AND MappingQualityAvailableReadFilter) AND MappedReadFilter) AND NotSecondaryAlignmentReadFilter) AND NotDuplicateReadFilter)
                  124 read(s) filtered by: (((MappingQualityReadFilter AND MappingQualityAvailableReadFilter) AND MappedReadFilter) AND NotSecondaryAlignmentReadFilter)
                      124 read(s) filtered by: ((MappingQualityReadFilter AND MappingQualityAvailableReadFilter) AND MappedReadFilter)
                          124 read(s) filtered by: (MappingQualityReadFilter AND MappingQualityAvailableReadFilter)
                              124 read(s) filtered by: MappingQualityReadFilter 
                  171915 read(s) filtered by: NotDuplicateReadFilter 

11:09:30.982 INFO  ProgressMeter -         SpMBP20.2:79              0.2                    30            182.1
11:09:30.982 INFO  ProgressMeter - Traversal complete. Processed 30 total regions in 0.2 minutes.
11:09:31.000 INFO  VectorLoglessPairHMM - Time spent in setup for JNI call : 0.011128192
11:09:31.001 INFO  PairHMM - Total compute time in PairHMM computeLogLikelihoods() : 0.8998028180000001
11:09:31.001 INFO  SmithWatermanAligner - Total compute time in java Smith-Waterman : 2.21 sec
11:09:31.001 INFO  HaplotypeCaller - Shutting down engine
[May 26, 2020 11:09:31 AM PDT] org.broadinstitute.hellbender.tools.walkers.haplotypecaller.HaplotypeCaller done. Elapsed time: 0.19 minutes.
Runtime.totalMemory()=2667053056
