Using GATK jar /bigdata/operations/pkgadmin/opt/linux/centos/7.x/x86_64/pkgs/gatk/4.0.8.1/gatk-package-4.0.8.1-local.jar
Running:
    java -Dsamjdk.use_async_io_read_samtools=false -Dsamjdk.use_async_io_write_samtools=true -Dsamjdk.use_async_io_write_tribble=false -Dsamjdk.compression_level=2 -jar /bigdata/operations/pkgadmin/opt/linux/centos/7.x/x86_64/pkgs/gatk/4.0.8.1/gatk-package-4.0.8.1-local.jar HaplotypeCaller -R References.fasta -I results/F11.bam -O results/F11.g.vcf -ERC GVCF
15:39:15.284 INFO  NativeLibraryLoader - Loading libgkl_compression.so from jar:file:/bigdata/operations/pkgadmin/opt/linux/centos/7.x/x86_64/pkgs/gatk/4.0.8.1/gatk-package-4.0.8.1-local.jar!/com/intel/gkl/native/libgkl_compression.so
15:39:15.725 INFO  HaplotypeCaller - ------------------------------------------------------------
15:39:15.727 INFO  HaplotypeCaller - The Genome Analysis Toolkit (GATK) v4.0.8.1
15:39:15.727 INFO  HaplotypeCaller - For support and documentation go to https://software.broadinstitute.org/gatk/
15:39:15.728 INFO  HaplotypeCaller - Executing as arajewski@i05 on Linux v3.10.0-957.el7.x86_64 amd64
15:39:15.728 INFO  HaplotypeCaller - Java runtime: Java HotSpot(TM) 64-Bit Server VM v1.8.0_45-b14
15:39:15.729 INFO  HaplotypeCaller - Start Date/Time: May 26, 2020 3:39:15 PM PDT
15:39:15.729 INFO  HaplotypeCaller - ------------------------------------------------------------
15:39:15.729 INFO  HaplotypeCaller - ------------------------------------------------------------
15:39:15.730 INFO  HaplotypeCaller - HTSJDK Version: 2.16.0
15:39:15.730 INFO  HaplotypeCaller - Picard Version: 2.18.7
15:39:15.730 INFO  HaplotypeCaller - HTSJDK Defaults.COMPRESSION_LEVEL : 2
15:39:15.730 INFO  HaplotypeCaller - HTSJDK Defaults.USE_ASYNC_IO_READ_FOR_SAMTOOLS : false
15:39:15.730 INFO  HaplotypeCaller - HTSJDK Defaults.USE_ASYNC_IO_WRITE_FOR_SAMTOOLS : true
15:39:15.730 INFO  HaplotypeCaller - HTSJDK Defaults.USE_ASYNC_IO_WRITE_FOR_TRIBBLE : false
15:39:15.730 INFO  HaplotypeCaller - Deflater: IntelDeflater
15:39:15.731 INFO  HaplotypeCaller - Inflater: IntelInflater
15:39:15.731 INFO  HaplotypeCaller - GCS max retries/reopens: 20
15:39:15.731 INFO  HaplotypeCaller - Using google-cloud-java fork https://github.com/broadinstitute/google-cloud-java/releases/tag/0.20.5-alpha-GCS-RETRY-FIX
15:39:15.731 INFO  HaplotypeCaller - Initializing engine
15:39:17.300 INFO  HaplotypeCaller - Done initializing engine
15:39:17.305 INFO  HaplotypeCallerEngine - Tool is in reference confidence mode and the annotation, the following changes will be made to any specified annotations: 'StrandBiasBySample' will be enabled. 'ChromosomeCounts', 'FisherStrand', 'StrandOddsRatio' and 'QualByDepth' annotations have been disabled
15:39:17.309 INFO  HaplotypeCallerEngine - Standard Emitting and Calling confidence set to 0.0 for reference-model confidence output
15:39:17.309 INFO  HaplotypeCallerEngine - All sites annotated with PLs forced to true for reference-model confidence output
15:39:17.326 INFO  NativeLibraryLoader - Loading libgkl_utils.so from jar:file:/bigdata/operations/pkgadmin/opt/linux/centos/7.x/x86_64/pkgs/gatk/4.0.8.1/gatk-package-4.0.8.1-local.jar!/com/intel/gkl/native/libgkl_utils.so
15:39:17.328 INFO  NativeLibraryLoader - Loading libgkl_pairhmm_omp.so from jar:file:/bigdata/operations/pkgadmin/opt/linux/centos/7.x/x86_64/pkgs/gatk/4.0.8.1/gatk-package-4.0.8.1-local.jar!/com/intel/gkl/native/libgkl_pairhmm_omp.so
15:39:17.386 WARN  IntelPairHmm - Flush-to-zero (FTZ) is enabled when running PairHMM
15:39:17.387 INFO  IntelPairHmm - Available threads: 2
15:39:17.387 INFO  IntelPairHmm - Requested threads: 4
15:39:17.387 WARN  IntelPairHmm - Using 2 available threads, but 4 were requested
15:39:17.387 INFO  PairHMM - Using the OpenMP multi-threaded AVX-accelerated native PairHMM implementation
15:39:17.451 INFO  ProgressMeter - Starting traversal
15:39:17.452 INFO  ProgressMeter -        Current Locus  Elapsed Minutes     Regions Processed   Regions/Minute
15:39:18.342 WARN  DepthPerSampleHC - Annotation will not be calculated, genotype is not called or alleleLikelihoodMap is null
15:39:18.342 WARN  StrandBiasBySample - Annotation will not be calculated, genotype is not called or alleleLikelihoodMap is null
15:39:24.704 INFO  HaplotypeCaller - 418681 read(s) filtered by: ((((((((MappingQualityReadFilter AND MappingQualityAvailableReadFilter) AND MappedReadFilter) AND NotSecondaryAlignmentReadFilter) AND NotDuplicateReadFilter) AND PassesVendorQualityCheckReadFilter) AND NonZeroReferenceLengthAlignmentReadFilter) AND GoodCigarReadFilter) AND WellformedReadFilter)
  418681 read(s) filtered by: (((((((MappingQualityReadFilter AND MappingQualityAvailableReadFilter) AND MappedReadFilter) AND NotSecondaryAlignmentReadFilter) AND NotDuplicateReadFilter) AND PassesVendorQualityCheckReadFilter) AND NonZeroReferenceLengthAlignmentReadFilter) AND GoodCigarReadFilter)
      418681 read(s) filtered by: ((((((MappingQualityReadFilter AND MappingQualityAvailableReadFilter) AND MappedReadFilter) AND NotSecondaryAlignmentReadFilter) AND NotDuplicateReadFilter) AND PassesVendorQualityCheckReadFilter) AND NonZeroReferenceLengthAlignmentReadFilter)
          418681 read(s) filtered by: (((((MappingQualityReadFilter AND MappingQualityAvailableReadFilter) AND MappedReadFilter) AND NotSecondaryAlignmentReadFilter) AND NotDuplicateReadFilter) AND PassesVendorQualityCheckReadFilter)
              418681 read(s) filtered by: ((((MappingQualityReadFilter AND MappingQualityAvailableReadFilter) AND MappedReadFilter) AND NotSecondaryAlignmentReadFilter) AND NotDuplicateReadFilter)
                  261 read(s) filtered by: (((MappingQualityReadFilter AND MappingQualityAvailableReadFilter) AND MappedReadFilter) AND NotSecondaryAlignmentReadFilter)
                      261 read(s) filtered by: ((MappingQualityReadFilter AND MappingQualityAvailableReadFilter) AND MappedReadFilter)
                          261 read(s) filtered by: (MappingQualityReadFilter AND MappingQualityAvailableReadFilter)
                              261 read(s) filtered by: MappingQualityReadFilter 
                  418420 read(s) filtered by: NotDuplicateReadFilter 

15:39:24.704 INFO  ProgressMeter -          SpMBP10:109              0.1                    26            215.5
15:39:24.704 INFO  ProgressMeter - Traversal complete. Processed 26 total regions in 0.1 minutes.
15:39:24.709 INFO  VectorLoglessPairHMM - Time spent in setup for JNI call : 0.011062446
15:39:24.709 INFO  PairHMM - Total compute time in PairHMM computeLogLikelihoods() : 0.08956015
15:39:24.709 INFO  SmithWatermanAligner - Total compute time in java Smith-Waterman : 0.36 sec
15:39:24.709 INFO  HaplotypeCaller - Shutting down engine
[May 26, 2020 3:39:24 PM PDT] org.broadinstitute.hellbender.tools.walkers.haplotypecaller.HaplotypeCaller done. Elapsed time: 0.16 minutes.
Runtime.totalMemory()=2683305984
