Sourcing executables from speedseq.config ...
Aligning...
[M::bwa_idx_load_from_disk] read 0 ALT contigs
samblaster: Version 0.1.22
samblaster: Inputting from stdin
samblaster: Outputting to stdout
samblaster: Opening H7.i200i7hesUuu/disc_pipe for write.
samblaster: Opening H7.i200i7hesUuu/spl_pipe for write.
[M::process] read 67798 sequences (10000205 bp)...
[M::process] read 67798 sequences (10000205 bp)...
[M::mem_pestat] # candidate unique pairs for (FF, FR, RF, RR): (541, 0, 0, 2)
[M::mem_pestat] analyzing insert size distribution for orientation FF...
[M::mem_pestat] (25, 50, 75) percentile: (1, 4, 6)
[M::mem_pestat] low and high boundaries for computing mean and std.dev: (1, 16)
[M::mem_pestat] mean and std.dev: (4.05, 3.12)
[M::mem_pestat] low and high boundaries for proper pairs: (1, 21)
[M::mem_pestat] skip orientation FR as there are not enough pairs
[M::mem_pestat] skip orientation RF as there are not enough pairs
[M::mem_pestat] skip orientation RR as there are not enough pairs
[M::mem_process_seqs] Processed 67798 reads in 8.195 CPU sec, 8.058 real sec
samblaster: Loaded 12 header sequence entries.
[M::process] read 67798 sequences (10000205 bp)...
[M::mem_pestat] # candidate unique pairs for (FF, FR, RF, RR): (500, 0, 0, 1)
[M::mem_pestat] analyzing insert size distribution for orientation FF...
[M::mem_pestat] (25, 50, 75) percentile: (1, 4, 6)
[M::mem_pestat] low and high boundaries for computing mean and std.dev: (1, 16)
[M::mem_pestat] mean and std.dev: (4.11, 2.98)
[M::mem_pestat] low and high boundaries for proper pairs: (1, 21)
[M::mem_pestat] skip orientation FR as there are not enough pairs
[M::mem_pestat] skip orientation RF as there are not enough pairs
[M::mem_pestat] skip orientation RR as there are not enough pairs
[M::mem_process_seqs] Processed 67798 reads in 8.515 CPU sec, 8.365 real sec
[M::process] read 67798 sequences (10000205 bp)...
[M::mem_pestat] # candidate unique pairs for (FF, FR, RF, RR): (560, 0, 0, 2)
[M::mem_pestat] analyzing insert size distribution for orientation FF...
[M::mem_pestat] (25, 50, 75) percentile: (1, 4, 6)
[M::mem_pestat] low and high boundaries for computing mean and std.dev: (1, 16)
[M::mem_pestat] mean and std.dev: (4.08, 2.74)
[M::mem_pestat] low and high boundaries for proper pairs: (1, 21)
[M::mem_pestat] skip orientation FR as there are not enough pairs
[M::mem_pestat] skip orientation RF as there are not enough pairs
[M::mem_pestat] skip orientation RR as there are not enough pairs
[M::mem_process_seqs] Processed 67798 reads in 8.702 CPU sec, 8.518 real sec
[M::process] read 62166 sequences (9169485 bp)...
[M::mem_pestat] # candidate unique pairs for (FF, FR, RF, RR): (552, 0, 0, 1)
[M::mem_pestat] analyzing insert size distribution for orientation FF...
[M::mem_pestat] (25, 50, 75) percentile: (1, 4, 6)
[M::mem_pestat] low and high boundaries for computing mean and std.dev: (1, 16)
[M::mem_pestat] mean and std.dev: (3.95, 2.90)
[M::mem_pestat] low and high boundaries for proper pairs: (1, 21)
[M::mem_pestat] skip orientation FR as there are not enough pairs
[M::mem_pestat] skip orientation RF as there are not enough pairs
[M::mem_pestat] skip orientation RR as there are not enough pairs
[M::mem_process_seqs] Processed 67798 reads in 8.735 CPU sec, 8.601 real sec
[M::mem_pestat] # candidate unique pairs for (FF, FR, RF, RR): (486, 0, 0, 0)
[M::mem_pestat] analyzing insert size distribution for orientation FF...
[M::mem_pestat] (25, 50, 75) percentile: (1, 4, 6)
[M::mem_pestat] low and high boundaries for computing mean and std.dev: (1, 16)
[M::mem_pestat] mean and std.dev: (4.04, 3.03)
[M::mem_pestat] low and high boundaries for proper pairs: (1, 21)
[M::mem_pestat] skip orientation FR as there are not enough pairs
[M::mem_pestat] skip orientation RF as there are not enough pairs
[M::mem_pestat] skip orientation RR as there are not enough pairs
[M::mem_process_seqs] Processed 62166 reads in 7.849 CPU sec, 7.785 real sec
[main] Version: 0.7.12-r1039
samblaster: Output 98 discordant read pairs to H7.i200i7hesUuu/disc_pipe
[main] CMD:samblaster: Output 0 split reads to H7.i200i7hesUuu/spl_pipe
 /opt/linux/centos/7.x/x86_64/pkgs/bwa/0.7.12/bin/bwa mem -t 1 -R @RG\tID:H7\tSM:H7\tLB:Lib\samblaster: Marked 162669 of 166679 (97.59%) read ids as duplicates References.fasta ExternalData/H7_pair1.fastq ExternalData/H7_pair2.fastq using 1340k memory in 0.673S CPU seconds and 
[main] Real time: 41.938 sec; CPU: 42.166 sec
42S wall time.
Done
Using GATK jar /bigdata/operations/pkgadmin/opt/linux/centos/7.x/x86_64/pkgs/gatk/4.0.8.1/gatk-package-4.0.8.1-local.jar
Running:
    java -Dsamjdk.use_async_io_read_samtools=false -Dsamjdk.use_async_io_write_samtools=true -Dsamjdk.use_async_io_write_tribble=false -Dsamjdk.compression_level=2 -jar /bigdata/operations/pkgadmin/opt/linux/centos/7.x/x86_64/pkgs/gatk/4.0.8.1/gatk-package-4.0.8.1-local.jar HaplotypeCaller -R References.fasta -I results/H7.bam -O results/H7.g.vcf -ERC GVCF
11:09:39.754 INFO  NativeLibraryLoader - Loading libgkl_compression.so from jar:file:/bigdata/operations/pkgadmin/opt/linux/centos/7.x/x86_64/pkgs/gatk/4.0.8.1/gatk-package-4.0.8.1-local.jar!/com/intel/gkl/native/libgkl_compression.so
11:09:40.722 INFO  HaplotypeCaller - ------------------------------------------------------------
11:09:40.724 INFO  HaplotypeCaller - The Genome Analysis Toolkit (GATK) v4.0.8.1
11:09:40.724 INFO  HaplotypeCaller - For support and documentation go to https://software.broadinstitute.org/gatk/
11:09:40.725 INFO  HaplotypeCaller - Executing as arajewski@i07 on Linux v3.10.0-957.el7.x86_64 amd64
11:09:40.725 INFO  HaplotypeCaller - Java runtime: Java HotSpot(TM) 64-Bit Server VM v1.8.0_45-b14
11:09:40.726 INFO  HaplotypeCaller - Start Date/Time: May 26, 2020 11:09:39 AM PDT
11:09:40.726 INFO  HaplotypeCaller - ------------------------------------------------------------
11:09:40.726 INFO  HaplotypeCaller - ------------------------------------------------------------
11:09:40.727 INFO  HaplotypeCaller - HTSJDK Version: 2.16.0
11:09:40.727 INFO  HaplotypeCaller - Picard Version: 2.18.7
11:09:40.727 INFO  HaplotypeCaller - HTSJDK Defaults.COMPRESSION_LEVEL : 2
11:09:40.727 INFO  HaplotypeCaller - HTSJDK Defaults.USE_ASYNC_IO_READ_FOR_SAMTOOLS : false
11:09:40.727 INFO  HaplotypeCaller - HTSJDK Defaults.USE_ASYNC_IO_WRITE_FOR_SAMTOOLS : true
11:09:40.727 INFO  HaplotypeCaller - HTSJDK Defaults.USE_ASYNC_IO_WRITE_FOR_TRIBBLE : false
11:09:40.727 INFO  HaplotypeCaller - Deflater: IntelDeflater
11:09:40.727 INFO  HaplotypeCaller - Inflater: IntelInflater
11:09:40.727 INFO  HaplotypeCaller - GCS max retries/reopens: 20
11:09:40.727 INFO  HaplotypeCaller - Using google-cloud-java fork https://github.com/broadinstitute/google-cloud-java/releases/tag/0.20.5-alpha-GCS-RETRY-FIX
11:09:40.728 INFO  HaplotypeCaller - Initializing engine
11:09:41.212 INFO  HaplotypeCaller - Done initializing engine
11:09:41.227 INFO  HaplotypeCallerEngine - Tool is in reference confidence mode and the annotation, the following changes will be made to any specified annotations: 'StrandBiasBySample' will be enabled. 'ChromosomeCounts', 'FisherStrand', 'StrandOddsRatio' and 'QualByDepth' annotations have been disabled
11:09:41.233 INFO  HaplotypeCallerEngine - Standard Emitting and Calling confidence set to 0.0 for reference-model confidence output
11:09:41.233 INFO  HaplotypeCallerEngine - All sites annotated with PLs forced to true for reference-model confidence output
11:09:41.249 INFO  NativeLibraryLoader - Loading libgkl_utils.so from jar:file:/bigdata/operations/pkgadmin/opt/linux/centos/7.x/x86_64/pkgs/gatk/4.0.8.1/gatk-package-4.0.8.1-local.jar!/com/intel/gkl/native/libgkl_utils.so
11:09:41.253 INFO  NativeLibraryLoader - Loading libgkl_pairhmm_omp.so from jar:file:/bigdata/operations/pkgadmin/opt/linux/centos/7.x/x86_64/pkgs/gatk/4.0.8.1/gatk-package-4.0.8.1-local.jar!/com/intel/gkl/native/libgkl_pairhmm_omp.so
11:09:41.296 WARN  IntelPairHmm - Flush-to-zero (FTZ) is enabled when running PairHMM
11:09:41.297 INFO  IntelPairHmm - Available threads: 2
11:09:41.297 INFO  IntelPairHmm - Requested threads: 4
11:09:41.297 WARN  IntelPairHmm - Using 2 available threads, but 4 were requested
11:09:41.297 INFO  PairHMM - Using the OpenMP multi-threaded AVX-accelerated native PairHMM implementation
11:09:41.370 INFO  ProgressMeter - Starting traversal
11:09:41.371 INFO  ProgressMeter -        Current Locus  Elapsed Minutes     Regions Processed   Regions/Minute
11:09:52.233 INFO  ProgressMeter -           SpFUL2:183              0.2                    20            110.5
11:09:52.774 INFO  HaplotypeCaller - 325360 read(s) filtered by: ((((((((MappingQualityReadFilter AND MappingQualityAvailableReadFilter) AND MappedReadFilter) AND NotSecondaryAlignmentReadFilter) AND NotDuplicateReadFilter) AND PassesVendorQualityCheckReadFilter) AND NonZeroReferenceLengthAlignmentReadFilter) AND GoodCigarReadFilter) AND WellformedReadFilter)
  325360 read(s) filtered by: (((((((MappingQualityReadFilter AND MappingQualityAvailableReadFilter) AND MappedReadFilter) AND NotSecondaryAlignmentReadFilter) AND NotDuplicateReadFilter) AND PassesVendorQualityCheckReadFilter) AND NonZeroReferenceLengthAlignmentReadFilter) AND GoodCigarReadFilter)
      325360 read(s) filtered by: ((((((MappingQualityReadFilter AND MappingQualityAvailableReadFilter) AND MappedReadFilter) AND NotSecondaryAlignmentReadFilter) AND NotDuplicateReadFilter) AND PassesVendorQualityCheckReadFilter) AND NonZeroReferenceLengthAlignmentReadFilter)
          325360 read(s) filtered by: (((((MappingQualityReadFilter AND MappingQualityAvailableReadFilter) AND MappedReadFilter) AND NotSecondaryAlignmentReadFilter) AND NotDuplicateReadFilter) AND PassesVendorQualityCheckReadFilter)
              325360 read(s) filtered by: ((((MappingQualityReadFilter AND MappingQualityAvailableReadFilter) AND MappedReadFilter) AND NotSecondaryAlignmentReadFilter) AND NotDuplicateReadFilter)
                  418 read(s) filtered by: (((MappingQualityReadFilter AND MappingQualityAvailableReadFilter) AND MappedReadFilter) AND NotSecondaryAlignmentReadFilter)
                      418 read(s) filtered by: ((MappingQualityReadFilter AND MappingQualityAvailableReadFilter) AND MappedReadFilter)
                          418 read(s) filtered by: (MappingQualityReadFilter AND MappingQualityAvailableReadFilter)
                              418 read(s) filtered by: MappingQualityReadFilter 
                  324942 read(s) filtered by: NotDuplicateReadFilter 

11:09:52.774 INFO  ProgressMeter -           SpFUL2:183              0.2                    28            147.3
11:09:52.774 INFO  ProgressMeter - Traversal complete. Processed 28 total regions in 0.2 minutes.
11:09:52.794 INFO  VectorLoglessPairHMM - Time spent in setup for JNI call : 0.017048199
11:09:52.794 INFO  PairHMM - Total compute time in PairHMM computeLogLikelihoods() : 1.954391849
11:09:52.794 INFO  SmithWatermanAligner - Total compute time in java Smith-Waterman : 2.19 sec
11:09:52.794 INFO  HaplotypeCaller - Shutting down engine
[May 26, 2020 11:09:52 AM PDT] org.broadinstitute.hellbender.tools.walkers.haplotypecaller.HaplotypeCaller done. Elapsed time: 0.22 minutes.
Runtime.totalMemory()=2531786752
