Sourcing executables from speedseq.config ...
Aligning...
samblaster: Version 0.1.22
samblaster: Inputting from stdin
samblaster: Outputting to stdout
samblaster: Opening F3.qHnGrjucnTUJ/disc_pipe for write.
[M::bwa_idx_load_from_disk] read 0 ALT contigs
samblaster: Opening F3.qHnGrjucnTUJ/spl_pipe for write.
[M::process] read 67798 sequences (10000205 bp)...
[M::process] read 67798 sequences (10000205 bp)...
[M::mem_pestat] # candidate unique pairs for (FF, FR, RF, RR): (522, 0, 0, 46)
[M::mem_pestat] analyzing insert size distribution for orientation FF...
[M::mem_pestat] (25, 50, 75) percentile: (1, 3, 6)
[M::mem_pestat] low and high boundaries for computing mean and std.dev: (1, 16)
[M::mem_pestat] mean and std.dev: (3.61, 2.87)
[M::mem_pestat] low and high boundaries for proper pairs: (1, 21)
[M::mem_pestat] skip orientation FR as there are not enough pairs
[M::mem_pestat] skip orientation RF as there are not enough pairs
[M::mem_pestat] analyzing insert size distribution for orientation RR...
[M::mem_pestat] (25, 50, 75) percentile: (4, 4, 4)
[M::mem_pestat] low and high boundaries for computing mean and std.dev: (4, 4)
[M::mem_pestat] mean and std.dev: (4.00, 0.00)
[M::mem_pestat] low and high boundaries for proper pairs: (4, 4)
[M::mem_process_seqs] Processed 67798 reads in 9.982 CPU sec, 9.842 real sec
samblaster: Loaded 12 header sequence entries.
[M::process] read 52858 sequences (7796555 bp)...
[M::mem_pestat] # candidate unique pairs for (FF, FR, RF, RR): (535, 0, 0, 53)
[M::mem_pestat] analyzing insert size distribution for orientation FF...
[M::mem_pestat] (25, 50, 75) percentile: (1, 3, 6)
[M::mem_pestat] low and high boundaries for computing mean and std.dev: (1, 16)
[M::mem_pestat] mean and std.dev: (3.68, 2.97)
[M::mem_pestat] low and high boundaries for proper pairs: (1, 21)
[M::mem_pestat] skip orientation FR as there are not enough pairs
[M::mem_pestat] skip orientation RF as there are not enough pairs
[M::mem_pestat] analyzing insert size distribution for orientation RR...
[M::mem_pestat] (25, 50, 75) percentile: (4, 4, 4)
[M::mem_pestat] low and high boundaries for computing mean and std.dev: (4, 4)
[M::mem_pestat] mean and std.dev: (4.00, 0.00)
[M::mem_pestat] low and high boundaries for proper pairs: (4, 4)
[M::mem_process_seqs] Processed 67798 reads in 10.279 CPU sec, 10.201 real sec
[M::mem_pestat] # candidate unique pairs for (FF, FR, RF, RR): (441, 0, 0, 49)
[M::mem_pestat] analyzing insert size distribution for orientation FF...
[M::mem_pestat] (25, 50, 75) percentile: (1, 3, 6)
[M::mem_pestat] low and high boundaries for computing mean and std.dev: (1, 16)
[M::mem_pestat] mean and std.dev: (3.75, 3.10)
[M::mem_pestat] low and high boundaries for proper pairs: (1, 21)
[M::mem_pestat] skip orientation FR as there are not enough pairs
[M::mem_pestat] skip orientation RF as there are not enough pairs
[M::mem_pestat] analyzing insert size distribution for orientation RR...
[M::mem_pestat] (25, 50, 75) percentile: (4, 4, 4)
[M::mem_pestat] low and high boundaries for computing mean and std.dev: (4, 4)
[M::mem_pestat] mean and std.dev: (4.00, 0.00)
[M::mem_pestat] low and high boundaries for proper pairs: (4, 4)
[M::mem_process_seqs] Processed 52858 reads in 7.999 CPU sec, 7.997 real sec
samblaster: Output 87 discordant read pairs to F3.qHnGrjucnTUJ/disc_pipe
[main] Version: 0.7.12-r1039
samblaster: Output 8 split reads to F3.qHnGrjucnTUJ/spl_pipe
[main] CMD: /opt/linux/centos/7.x/x86_64/pkgs/bwa/0.7.12/bin/bwa mem -t 1 -R @RG\tID:F3\tSM:F3\tLB:Lib\ References.fasta ExternalData/F3_pair1.fastq ExternalData/F3_pair2.fastqsamblaster: Marked 91224 of 94227 (96.81%) read ids as duplicates using 1344k memory in 
[main] Real time: 28.495 sec; CPU: 28.416 sec
0.364S CPU seconds and 28S wall time.
Done
Using GATK jar /bigdata/operations/pkgadmin/opt/linux/centos/7.x/x86_64/pkgs/gatk/4.0.8.1/gatk-package-4.0.8.1-local.jar
Running:
    java -Dsamjdk.use_async_io_read_samtools=false -Dsamjdk.use_async_io_write_samtools=true -Dsamjdk.use_async_io_write_tribble=false -Dsamjdk.compression_level=2 -jar /bigdata/operations/pkgadmin/opt/linux/centos/7.x/x86_64/pkgs/gatk/4.0.8.1/gatk-package-4.0.8.1-local.jar HaplotypeCaller -R References.fasta -I results/F3.bam -O results/F3.g.vcf -ERC GVCF
11:09:23.838 INFO  NativeLibraryLoader - Loading libgkl_compression.so from jar:file:/bigdata/operations/pkgadmin/opt/linux/centos/7.x/x86_64/pkgs/gatk/4.0.8.1/gatk-package-4.0.8.1-local.jar!/com/intel/gkl/native/libgkl_compression.so
11:09:24.029 INFO  HaplotypeCaller - ------------------------------------------------------------
11:09:24.031 INFO  HaplotypeCaller - The Genome Analysis Toolkit (GATK) v4.0.8.1
11:09:24.032 INFO  HaplotypeCaller - For support and documentation go to https://software.broadinstitute.org/gatk/
11:09:24.033 INFO  HaplotypeCaller - Executing as arajewski@i05 on Linux v3.10.0-957.el7.x86_64 amd64
11:09:24.034 INFO  HaplotypeCaller - Java runtime: Java HotSpot(TM) 64-Bit Server VM v1.8.0_45-b14
11:09:24.034 INFO  HaplotypeCaller - Start Date/Time: May 26, 2020 11:09:23 AM PDT
11:09:24.034 INFO  HaplotypeCaller - ------------------------------------------------------------
11:09:24.034 INFO  HaplotypeCaller - ------------------------------------------------------------
11:09:24.035 INFO  HaplotypeCaller - HTSJDK Version: 2.16.0
11:09:24.035 INFO  HaplotypeCaller - Picard Version: 2.18.7
11:09:24.035 INFO  HaplotypeCaller - HTSJDK Defaults.COMPRESSION_LEVEL : 2
11:09:24.035 INFO  HaplotypeCaller - HTSJDK Defaults.USE_ASYNC_IO_READ_FOR_SAMTOOLS : false
11:09:24.035 INFO  HaplotypeCaller - HTSJDK Defaults.USE_ASYNC_IO_WRITE_FOR_SAMTOOLS : true
11:09:24.035 INFO  HaplotypeCaller - HTSJDK Defaults.USE_ASYNC_IO_WRITE_FOR_TRIBBLE : false
11:09:24.035 INFO  HaplotypeCaller - Deflater: IntelDeflater
11:09:24.035 INFO  HaplotypeCaller - Inflater: IntelInflater
11:09:24.036 INFO  HaplotypeCaller - GCS max retries/reopens: 20
11:09:24.036 INFO  HaplotypeCaller - Using google-cloud-java fork https://github.com/broadinstitute/google-cloud-java/releases/tag/0.20.5-alpha-GCS-RETRY-FIX
11:09:24.036 INFO  HaplotypeCaller - Initializing engine
11:09:25.094 INFO  HaplotypeCaller - Done initializing engine
11:09:25.099 INFO  HaplotypeCallerEngine - Tool is in reference confidence mode and the annotation, the following changes will be made to any specified annotations: 'StrandBiasBySample' will be enabled. 'ChromosomeCounts', 'FisherStrand', 'StrandOddsRatio' and 'QualByDepth' annotations have been disabled
11:09:25.104 INFO  HaplotypeCallerEngine - Standard Emitting and Calling confidence set to 0.0 for reference-model confidence output
11:09:25.104 INFO  HaplotypeCallerEngine - All sites annotated with PLs forced to true for reference-model confidence output
11:09:25.120 INFO  NativeLibraryLoader - Loading libgkl_utils.so from jar:file:/bigdata/operations/pkgadmin/opt/linux/centos/7.x/x86_64/pkgs/gatk/4.0.8.1/gatk-package-4.0.8.1-local.jar!/com/intel/gkl/native/libgkl_utils.so
11:09:25.123 INFO  NativeLibraryLoader - Loading libgkl_pairhmm_omp.so from jar:file:/bigdata/operations/pkgadmin/opt/linux/centos/7.x/x86_64/pkgs/gatk/4.0.8.1/gatk-package-4.0.8.1-local.jar!/com/intel/gkl/native/libgkl_pairhmm_omp.so
11:09:25.165 WARN  IntelPairHmm - Flush-to-zero (FTZ) is enabled when running PairHMM
11:09:25.166 INFO  IntelPairHmm - Available threads: 2
11:09:25.166 INFO  IntelPairHmm - Requested threads: 4
11:09:25.166 WARN  IntelPairHmm - Using 2 available threads, but 4 were requested
11:09:25.166 INFO  PairHMM - Using the OpenMP multi-threaded AVX-accelerated native PairHMM implementation
11:09:25.226 INFO  ProgressMeter - Starting traversal
11:09:25.227 INFO  ProgressMeter -        Current Locus  Elapsed Minutes     Regions Processed   Regions/Minute
11:09:36.172 INFO  ProgressMeter -            SpMBP10:1              0.2                    20            109.6
11:09:36.882 INFO  HaplotypeCaller - 182475 read(s) filtered by: ((((((((MappingQualityReadFilter AND MappingQualityAvailableReadFilter) AND MappedReadFilter) AND NotSecondaryAlignmentReadFilter) AND NotDuplicateReadFilter) AND PassesVendorQualityCheckReadFilter) AND NonZeroReferenceLengthAlignmentReadFilter) AND GoodCigarReadFilter) AND WellformedReadFilter)
  182475 read(s) filtered by: (((((((MappingQualityReadFilter AND MappingQualityAvailableReadFilter) AND MappedReadFilter) AND NotSecondaryAlignmentReadFilter) AND NotDuplicateReadFilter) AND PassesVendorQualityCheckReadFilter) AND NonZeroReferenceLengthAlignmentReadFilter) AND GoodCigarReadFilter)
      182475 read(s) filtered by: ((((((MappingQualityReadFilter AND MappingQualityAvailableReadFilter) AND MappedReadFilter) AND NotSecondaryAlignmentReadFilter) AND NotDuplicateReadFilter) AND PassesVendorQualityCheckReadFilter) AND NonZeroReferenceLengthAlignmentReadFilter)
          182475 read(s) filtered by: (((((MappingQualityReadFilter AND MappingQualityAvailableReadFilter) AND MappedReadFilter) AND NotSecondaryAlignmentReadFilter) AND NotDuplicateReadFilter) AND PassesVendorQualityCheckReadFilter)
              182475 read(s) filtered by: ((((MappingQualityReadFilter AND MappingQualityAvailableReadFilter) AND MappedReadFilter) AND NotSecondaryAlignmentReadFilter) AND NotDuplicateReadFilter)
                  217 read(s) filtered by: (((MappingQualityReadFilter AND MappingQualityAvailableReadFilter) AND MappedReadFilter) AND NotSecondaryAlignmentReadFilter)
                      217 read(s) filtered by: ((MappingQualityReadFilter AND MappingQualityAvailableReadFilter) AND MappedReadFilter)
                          217 read(s) filtered by: (MappingQualityReadFilter AND MappingQualityAvailableReadFilter)
                              217 read(s) filtered by: MappingQualityReadFilter 
                  182258 read(s) filtered by: NotDuplicateReadFilter 

11:09:36.883 INFO  ProgressMeter -            SpMBP10:1              0.2                    23            118.4
11:09:36.884 INFO  ProgressMeter - Traversal complete. Processed 23 total regions in 0.2 minutes.
11:09:36.910 INFO  VectorLoglessPairHMM - Time spent in setup for JNI call : 0.008574501
11:09:36.910 INFO  PairHMM - Total compute time in PairHMM computeLogLikelihoods() : 1.188030645
11:09:36.911 INFO  SmithWatermanAligner - Total compute time in java Smith-Waterman : 2.19 sec
11:09:36.911 INFO  HaplotypeCaller - Shutting down engine
[May 26, 2020 11:09:36 AM PDT] org.broadinstitute.hellbender.tools.walkers.haplotypecaller.HaplotypeCaller done. Elapsed time: 0.22 minutes.
Runtime.totalMemory()=2669674496
