Sourcing executables from speedseq.config ...
Aligning...
[M::bwa_idx_load_from_disk] read 0 ALT contigs
samblaster: Version 0.1.22
samblaster: Inputting from stdin
samblaster: Outputting to stdout
samblaster: Opening G9.t2xHXfNHwu9n/disc_pipe for write.
samblaster: Opening G9.t2xHXfNHwu9n/spl_pipe for write.
[M::process] read 69290 sequences (10000048 bp)...
[M::process] read 33802 sequences (4879537 bp)...
[M::mem_pestat] # candidate unique pairs for (FF, FR, RF, RR): (0, 33742, 8, 0)
[M::mem_pestat] skip orientation FF as there are not enough pairs
[M::mem_pestat] analyzing insert size distribution for orientation FR...
[M::mem_pestat] (25, 50, 75) percentile: (200, 200, 210)
[M::mem_pestat] low and high boundaries for computing mean and std.dev: (180, 230)
[M::mem_pestat] mean and std.dev: (203.19, 6.44)
[M::mem_pestat] low and high boundaries for proper pairs: (170, 240)
[M::mem_pestat] skip orientation RF as there are not enough pairs
[M::mem_pestat] skip orientation RR as there are not enough pairs
[M::mem_process_seqs] Processed 69290 reads in 5.885 CPU sec, 5.781 real sec
samblaster: Loaded 12 header sequence entries.
[M::mem_pestat] # candidate unique pairs for (FF, FR, RF, RR): (0, 16611, 14, 0)
[M::mem_pestat] skip orientation FF as there are not enough pairs
[M::mem_pestat] analyzing insert size distribution for orientation FR...
[M::mem_pestat] (25, 50, 75) percentile: (200, 200, 210)
[M::mem_pestat] low and high boundaries for computing mean and std.dev: (180, 230)
[M::mem_pestat] mean and std.dev: (203.40, 6.33)
[M::mem_pestat] low and high boundaries for proper pairs: (170, 240)
[M::mem_pestat] analyzing insert size distribution for orientation RF...
[M::mem_pestat] (25, 50, 75) percentile: (161, 161, 161)
[M::mem_pestat] low and high boundaries for computing mean and std.dev: (161, 161)
[M::mem_pestat] mean and std.dev: (161.00, 0.00)
[M::mem_pestat] low and high boundaries for proper pairs: (161, 161)
[M::mem_pestat] skip orientation RR as there are not enough pairs
[M::mem_pestat] skip orientation RF
[M::mem_process_seqs] Processed 33802 reads in 2.952 CPU sec, 2.917 real sec
[main] Version: 0.7.12-r1039
[main] CMD: /opt/linux/centos/7.x/x86_64/pkgs/bwa/0.7.12/bin/bwa mem -t 1 -R @RG\tID:G9\tSM:G9\tLB:Lib\ References.fasta ExternalData/Pooled/Stacks/G9.1.fq.gz ExternalData/Pooled/Stacks/G9.2.fq.gz
[main] Real time: 9.069 sec; CPU: 9.030 sec
samblaster: Output 36 discordant read pairs to G9.t2xHXfNHwu9n/disc_pipe
samblaster: Output 0 split reads to G9.t2xHXfNHwu9n/spl_pipe
samblaster: Marked 50697 of 51546 (98.35%) read ids as duplicates using 1344k memory in 0.179S CPU seconds and 9S wall time.
Done
Using GATK jar /bigdata/operations/pkgadmin/opt/linux/centos/7.x/x86_64/pkgs/gatk/4.0.8.1/gatk-package-4.0.8.1-local.jar
Running:
    java -Dsamjdk.use_async_io_read_samtools=false -Dsamjdk.use_async_io_write_samtools=true -Dsamjdk.use_async_io_write_tribble=false -Dsamjdk.compression_level=2 -jar /bigdata/operations/pkgadmin/opt/linux/centos/7.x/x86_64/pkgs/gatk/4.0.8.1/gatk-package-4.0.8.1-local.jar HaplotypeCaller -R References.fasta -I results/G9.bam -O results/G9.g.vcf -ERC GVCF
15:10:57.813 INFO  NativeLibraryLoader - Loading libgkl_compression.so from jar:file:/bigdata/operations/pkgadmin/opt/linux/centos/7.x/x86_64/pkgs/gatk/4.0.8.1/gatk-package-4.0.8.1-local.jar!/com/intel/gkl/native/libgkl_compression.so
15:10:58.165 INFO  HaplotypeCaller - ------------------------------------------------------------
15:10:58.167 INFO  HaplotypeCaller - The Genome Analysis Toolkit (GATK) v4.0.8.1
15:10:58.168 INFO  HaplotypeCaller - For support and documentation go to https://software.broadinstitute.org/gatk/
15:10:58.168 INFO  HaplotypeCaller - Executing as arajewski@i11 on Linux v3.10.0-957.el7.x86_64 amd64
15:10:58.169 INFO  HaplotypeCaller - Java runtime: Java HotSpot(TM) 64-Bit Server VM v1.8.0_45-b14
15:10:58.169 INFO  HaplotypeCaller - Start Date/Time: May 26, 2020 3:10:57 PM PDT
15:10:58.169 INFO  HaplotypeCaller - ------------------------------------------------------------
15:10:58.174 INFO  HaplotypeCaller - ------------------------------------------------------------
15:10:58.174 INFO  HaplotypeCaller - HTSJDK Version: 2.16.0
15:10:58.174 INFO  HaplotypeCaller - Picard Version: 2.18.7
15:10:58.174 INFO  HaplotypeCaller - HTSJDK Defaults.COMPRESSION_LEVEL : 2
15:10:58.174 INFO  HaplotypeCaller - HTSJDK Defaults.USE_ASYNC_IO_READ_FOR_SAMTOOLS : false
15:10:58.175 INFO  HaplotypeCaller - HTSJDK Defaults.USE_ASYNC_IO_WRITE_FOR_SAMTOOLS : true
15:10:58.175 INFO  HaplotypeCaller - HTSJDK Defaults.USE_ASYNC_IO_WRITE_FOR_TRIBBLE : false
15:10:58.175 INFO  HaplotypeCaller - Deflater: IntelDeflater
15:10:58.175 INFO  HaplotypeCaller - Inflater: IntelInflater
15:10:58.175 INFO  HaplotypeCaller - GCS max retries/reopens: 20
15:10:58.175 INFO  HaplotypeCaller - Using google-cloud-java fork https://github.com/broadinstitute/google-cloud-java/releases/tag/0.20.5-alpha-GCS-RETRY-FIX
15:10:58.175 INFO  HaplotypeCaller - Initializing engine
15:10:59.296 INFO  HaplotypeCaller - Done initializing engine
15:10:59.306 INFO  HaplotypeCallerEngine - Tool is in reference confidence mode and the annotation, the following changes will be made to any specified annotations: 'StrandBiasBySample' will be enabled. 'ChromosomeCounts', 'FisherStrand', 'StrandOddsRatio' and 'QualByDepth' annotations have been disabled
15:10:59.312 INFO  HaplotypeCallerEngine - Standard Emitting and Calling confidence set to 0.0 for reference-model confidence output
15:10:59.312 INFO  HaplotypeCallerEngine - All sites annotated with PLs forced to true for reference-model confidence output
15:10:59.327 INFO  NativeLibraryLoader - Loading libgkl_utils.so from jar:file:/bigdata/operations/pkgadmin/opt/linux/centos/7.x/x86_64/pkgs/gatk/4.0.8.1/gatk-package-4.0.8.1-local.jar!/com/intel/gkl/native/libgkl_utils.so
15:10:59.329 INFO  NativeLibraryLoader - Loading libgkl_pairhmm_omp.so from jar:file:/bigdata/operations/pkgadmin/opt/linux/centos/7.x/x86_64/pkgs/gatk/4.0.8.1/gatk-package-4.0.8.1-local.jar!/com/intel/gkl/native/libgkl_pairhmm_omp.so
15:10:59.371 WARN  IntelPairHmm - Flush-to-zero (FTZ) is enabled when running PairHMM
15:10:59.372 INFO  IntelPairHmm - Available threads: 2
15:10:59.372 INFO  IntelPairHmm - Requested threads: 4
15:10:59.372 WARN  IntelPairHmm - Using 2 available threads, but 4 were requested
15:10:59.372 INFO  PairHMM - Using the OpenMP multi-threaded AVX-accelerated native PairHMM implementation
15:10:59.446 INFO  ProgressMeter - Starting traversal
15:10:59.446 INFO  ProgressMeter -        Current Locus  Elapsed Minutes     Regions Processed   Regions/Minute
15:11:06.676 INFO  HaplotypeCaller - 101417 read(s) filtered by: ((((((((MappingQualityReadFilter AND MappingQualityAvailableReadFilter) AND MappedReadFilter) AND NotSecondaryAlignmentReadFilter) AND NotDuplicateReadFilter) AND PassesVendorQualityCheckReadFilter) AND NonZeroReferenceLengthAlignmentReadFilter) AND GoodCigarReadFilter) AND WellformedReadFilter)
  101417 read(s) filtered by: (((((((MappingQualityReadFilter AND MappingQualityAvailableReadFilter) AND MappedReadFilter) AND NotSecondaryAlignmentReadFilter) AND NotDuplicateReadFilter) AND PassesVendorQualityCheckReadFilter) AND NonZeroReferenceLengthAlignmentReadFilter) AND GoodCigarReadFilter)
      101417 read(s) filtered by: ((((((MappingQualityReadFilter AND MappingQualityAvailableReadFilter) AND MappedReadFilter) AND NotSecondaryAlignmentReadFilter) AND NotDuplicateReadFilter) AND PassesVendorQualityCheckReadFilter) AND NonZeroReferenceLengthAlignmentReadFilter)
          101417 read(s) filtered by: (((((MappingQualityReadFilter AND MappingQualityAvailableReadFilter) AND MappedReadFilter) AND NotSecondaryAlignmentReadFilter) AND NotDuplicateReadFilter) AND PassesVendorQualityCheckReadFilter)
              101417 read(s) filtered by: ((((MappingQualityReadFilter AND MappingQualityAvailableReadFilter) AND MappedReadFilter) AND NotSecondaryAlignmentReadFilter) AND NotDuplicateReadFilter)
                  193 read(s) filtered by: (((MappingQualityReadFilter AND MappingQualityAvailableReadFilter) AND MappedReadFilter) AND NotSecondaryAlignmentReadFilter)
                      193 read(s) filtered by: ((MappingQualityReadFilter AND MappingQualityAvailableReadFilter) AND MappedReadFilter)
                          193 read(s) filtered by: (MappingQualityReadFilter AND MappingQualityAvailableReadFilter)
                              193 read(s) filtered by: MappingQualityReadFilter 
                  101224 read(s) filtered by: NotDuplicateReadFilter 

15:11:06.677 INFO  ProgressMeter -          SpMBP10:215              0.1                    25            207.5
15:11:06.677 INFO  ProgressMeter - Traversal complete. Processed 25 total regions in 0.1 minutes.
15:11:06.697 INFO  VectorLoglessPairHMM - Time spent in setup for JNI call : 0.023900247000000003
15:11:06.698 INFO  PairHMM - Total compute time in PairHMM computeLogLikelihoods() : 0.786023416
15:11:06.698 INFO  SmithWatermanAligner - Total compute time in java Smith-Waterman : 1.18 sec
15:11:06.698 INFO  HaplotypeCaller - Shutting down engine
[May 26, 2020 3:11:06 PM PDT] org.broadinstitute.hellbender.tools.walkers.haplotypecaller.HaplotypeCaller done. Elapsed time: 0.15 minutes.
Runtime.totalMemory()=2653945856
