Sourcing executables from speedseq.config ...
Aligning...
samblaster: Version 0.1.22
samblaster: Inputting from stdin
samblaster: Outputting to stdout
samblaster: Opening D12.67cGrTEWkZDQ/disc_pipe for write.
samblaster: Opening D12.67cGrTEWkZDQ/spl_pipe for write.
[M::bwa_idx_load_from_disk] read 0 ALT contigs
[M::process] read 73452 sequences (10000200 bp)...
[M::process] read 73478 sequences (10000010 bp)...
[M::mem_pestat] # candidate unique pairs for (FF, FR, RF, RR): (1, 36626, 0, 0)
[M::mem_pestat] skip orientation FF as there are not enough pairs
[M::mem_pestat] analyzing insert size distribution for orientation FR...
[M::mem_pestat] (25, 50, 75) percentile: (121, 193, 200)
[M::mem_pestat] low and high boundaries for computing mean and std.dev: (1, 358)
[M::mem_pestat] mean and std.dev: (166.02, 44.48)
[M::mem_pestat] low and high boundaries for proper pairs: (1, 437)
[M::mem_pestat] skip orientation RF as there are not enough pairs
[M::mem_pestat] skip orientation RR as there are not enough pairs
[M::mem_process_seqs] Processed 73452 reads in 3.271 CPU sec, 3.078 real sec
samblaster: Loaded 12 header sequence entries.
[M::process] read 73488 sequences (10000220 bp)...
[M::mem_pestat] # candidate unique pairs for (FF, FR, RF, RR): (0, 36677, 0, 0)
[M::mem_pestat] skip orientation FF as there are not enough pairs
[M::mem_pestat] analyzing insert size distribution for orientation FR...
[M::mem_pestat] (25, 50, 75) percentile: (121, 193, 200)
[M::mem_pestat] low and high boundaries for computing mean and std.dev: (1, 358)
[M::mem_pestat] mean and std.dev: (166.07, 44.73)
[M::mem_pestat] low and high boundaries for proper pairs: (1, 437)
[M::mem_pestat] skip orientation RF as there are not enough pairs
[M::mem_pestat] skip orientation RR as there are not enough pairs
[M::mem_process_seqs] Processed 73478 reads in 3.545 CPU sec, 3.403 real sec
[M::process] read 22684 sequences (3089585 bp)...
[M::mem_pestat] # candidate unique pairs for (FF, FR, RF, RR): (0, 36663, 0, 0)
[M::mem_pestat] skip orientation FF as there are not enough pairs
[M::mem_pestat] analyzing insert size distribution for orientation FR...
[M::mem_pestat] (25, 50, 75) percentile: (121, 193, 200)
[M::mem_pestat] low and high boundaries for computing mean and std.dev: (1, 358)
[M::mem_pestat] mean and std.dev: (165.83, 44.58)
[M::mem_pestat] low and high boundaries for proper pairs: (1, 437)
[M::mem_pestat] skip orientation RF as there are not enough pairs
[M::mem_pestat] skip orientation RR as there are not enough pairs
[M::mem_process_seqs] Processed 73488 reads in 3.492 CPU sec, 3.349 real sec
[M::mem_pestat] # candidate unique pairs for (FF, FR, RF, RR): (0, 11325, 0, 0)
[M::mem_pestat] skip orientation FF as there are not enough pairs
[M::mem_pestat] analyzing insert size distribution for orientation FR...
[M::mem_pestat] (25, 50, 75) percentile: (121, 193, 200)
[M::mem_pestat] low and high boundaries for computing mean and std.dev: (1, 358)
[M::mem_pestat] mean and std.dev: (166.12, 44.54)
[M::mem_pestat] low and high boundaries for proper pairs: (1, 437)
[M::mem_pestat] skip orientation RF as there are not enough pairs
[M::mem_pestat] skip orientation RR as there are not enough pairs
[M::mem_process_seqs] Processed 22684 reads in 1.318 CPU sec, 1.236 real sec
[main] Version: 0.7.12-r1039
[main] CMD: /opt/linux/centos/7.x/x86_64/pkgs/bwa/0.7.12/bin/bwa mem -t 1 -R @RG\tID:D12\tSM:D12\tLB:Lib\ References.fasta ExternalData/Flowcell_1304/Pooled/Stacks/D12.1.fq.gz ExternalData/Flowcell_1304/Pooled/Stacks/D12.2.fq.gz
[main] Real time: 11.373 sec; CPU: 11.799 sec
samblaster: Output 11 discordant read pairs to D12.67cGrTEWkZDQ/disc_pipe
samblaster: Output 26 split reads to D12.67cGrTEWkZDQ/spl_pipe
samblaster: Marked 121372 of 121551 (99.85%) read ids as duplicates using 1348k memory in 0.469S CPU seconds and 11S wall time.
Done
