Sourcing executables from speedseq.config ...
Aligning...
samblaster: Version 0.1.22
samblaster: Inputting from stdin
samblaster: Outputting to stdout
samblaster: Opening D2.QemvcMW5yStf/disc_pipe for write.
[M::bwa_idx_load_from_disk] read 0 ALT contigs
samblaster: Opening D2.QemvcMW5yStf/spl_pipe for write.
[M::process] read 68798 sequences (10000291 bp)...
[M::process] read 68784 sequences (10000056 bp)...
[M::mem_pestat] # candidate unique pairs for (FF, FR, RF, RR): (0, 30339, 0, 0)
[M::mem_pestat] skip orientation FF as there are not enough pairs
[M::mem_pestat] analyzing insert size distribution for orientation FR...
[M::mem_pestat] (25, 50, 75) percentile: (189, 199, 210)
[M::mem_pestat] low and high boundaries for computing mean and std.dev: (147, 252)
[M::mem_pestat] mean and std.dev: (200.90, 10.40)
[M::mem_pestat] low and high boundaries for proper pairs: (126, 273)
[M::mem_pestat] skip orientation RF as there are not enough pairs
[M::mem_pestat] skip orientation RR as there are not enough pairs
[M::mem_process_seqs] Processed 68798 reads in 4.676 CPU sec, 4.526 real sec
samblaster: Loaded 12 header sequence entries.
[M::process] read 68778 sequences (10000034 bp)...
[M::mem_pestat] # candidate unique pairs for (FF, FR, RF, RR): (0, 30276, 0, 0)
[M::mem_pestat] skip orientation FF as there are not enough pairs
[M::mem_pestat] analyzing insert size distribution for orientation FR...
[M::mem_pestat] (25, 50, 75) percentile: (189, 199, 210)
[M::mem_pestat] low and high boundaries for computing mean and std.dev: (147, 252)
[M::mem_pestat] mean and std.dev: (200.87, 10.42)
[M::mem_pestat] low and high boundaries for proper pairs: (126, 273)
[M::mem_pestat] skip orientation RF as there are not enough pairs
[M::mem_pestat] skip orientation RR as there are not enough pairs
[M::mem_process_seqs] Processed 68784 reads in 5.109 CPU sec, 4.864 real sec
[M::process] read 24512 sequences (3563629 bp)...
[M::mem_pestat] # candidate unique pairs for (FF, FR, RF, RR): (0, 30312, 1, 0)
[M::mem_pestat] skip orientation FF as there are not enough pairs
[M::mem_pestat] analyzing insert size distribution for orientation FR...
[M::mem_pestat] (25, 50, 75) percentile: (189, 199, 210)
[M::mem_pestat] low and high boundaries for computing mean and std.dev: (147, 252)
[M::mem_pestat] mean and std.dev: (200.89, 10.46)
[M::mem_pestat] low and high boundaries for proper pairs: (126, 273)
[M::mem_pestat] skip orientation RF as there are not enough pairs
[M::mem_pestat] skip orientation RR as there are not enough pairs
[M::mem_process_seqs] Processed 68778 reads in 4.972 CPU sec, 4.833 real sec
[M::mem_pestat] # candidate unique pairs for (FF, FR, RF, RR): (0, 10777, 0, 0)
[M::mem_pestat] skip orientation FF as there are not enough pairs
[M::mem_pestat] analyzing insert size distribution for orientation FR...
[M::mem_pestat] (25, 50, 75) percentile: (189, 199, 210)
[M::mem_pestat] low and high boundaries for computing mean and std.dev: (147, 252)
[M::mem_pestat] mean and std.dev: (201.06, 10.48)
[M::mem_pestat] low and high boundaries for proper pairs: (126, 273)
[M::mem_pestat] skip orientation RF as there are not enough pairs
[M::mem_pestat] skip orientation RR as there are not enough pairs
[M::mem_process_seqs] Processed 24512 reads in 1.978 CPU sec, 1.905 real sec
samblaster: Output 86 discordant read pairs to D2.QemvcMW5yStf/disc_pipe
[main] Version: 0.7.12-r1039
samblaster: Output 4 split reads to D2.QemvcMW5yStf/spl_pipe
[main] CMD: /opt/linux/centos/7.x/x86_64/pkgs/bwa/0.7.12/bin/bwa mem -t 1 -R @RG\tID:D2\tSM:D2\tLB:Lib\ References.fasta ExternalData/Flowcell_1304/Pooled/Stacks/D2.1.fq.gz ExternalData/Flowcell_1304/Pooled/Stacks/D2.2.fq.gzsamblaster: Marked 115091 of 115436 (99.70%) read ids as duplicates using 1340k memory in 
[main] Real time: 16.509 sec; CPU: 16.900 sec
0.461S CPU seconds and 16S wall time.
Done
