Sourcing executables from speedseq.config ...
Aligning...
samblaster: Version 0.1.22
samblaster: Inputting from stdin
samblaster: Outputting to stdout
samblaster: Opening G3.GnLoREHGsgH1/disc_pipe for write.
[M::bwa_idx_load_from_disk] read 0 ALT contigs
samblaster: Opening G3.GnLoREHGsgH1/spl_pipe for write.
[M::process] read 69068 sequences (10000267 bp)...
[M::process] read 69118 sequences (10000280 bp)...
[M::mem_pestat] # candidate unique pairs for (FF, FR, RF, RR): (0, 30383, 1, 0)
[M::mem_pestat] skip orientation FF as there are not enough pairs
[M::mem_pestat] analyzing insert size distribution for orientation FR...
[M::mem_pestat] (25, 50, 75) percentile: (189, 199, 210)
[M::mem_pestat] low and high boundaries for computing mean and std.dev: (147, 252)
[M::mem_pestat] mean and std.dev: (202.06, 11.97)
[M::mem_pestat] low and high boundaries for proper pairs: (126, 273)
[M::mem_pestat] skip orientation RF as there are not enough pairs
[M::mem_pestat] skip orientation RR as there are not enough pairs
[M::mem_process_seqs] Processed 69068 reads in 4.732 CPU sec, 4.539 real sec
samblaster: Loaded 12 header sequence entries.
[M::process] read 69028 sequences (10000086 bp)...
[M::mem_pestat] # candidate unique pairs for (FF, FR, RF, RR): (0, 30476, 0, 0)
[M::mem_pestat] skip orientation FF as there are not enough pairs
[M::mem_pestat] analyzing insert size distribution for orientation FR...
[M::mem_pestat] (25, 50, 75) percentile: (189, 199, 210)
[M::mem_pestat] low and high boundaries for computing mean and std.dev: (147, 252)
[M::mem_pestat] mean and std.dev: (201.95, 11.90)
[M::mem_pestat] low and high boundaries for proper pairs: (126, 273)
[M::mem_pestat] skip orientation RF as there are not enough pairs
[M::mem_pestat] skip orientation RR as there are not enough pairs
[M::mem_process_seqs] Processed 69118 reads in 4.945 CPU sec, 4.706 real sec
[M::process] read 69140 sequences (10000183 bp)...
[M::mem_pestat] # candidate unique pairs for (FF, FR, RF, RR): (0, 30414, 0, 0)
[M::mem_pestat] skip orientation FF as there are not enough pairs
[M::mem_pestat] analyzing insert size distribution for orientation FR...
[M::mem_pestat] (25, 50, 75) percentile: (189, 199, 210)
[M::mem_pestat] low and high boundaries for computing mean and std.dev: (147, 252)
[M::mem_pestat] mean and std.dev: (202.05, 11.89)
[M::mem_pestat] low and high boundaries for proper pairs: (126, 273)
[M::mem_pestat] skip orientation RF as there are not enough pairs
[M::mem_pestat] skip orientation RR as there are not enough pairs
[M::mem_process_seqs] Processed 69028 reads in 4.981 CPU sec, 4.718 real sec
[M::process] read 8332 sequences (1206978 bp)...
[M::mem_pestat] # candidate unique pairs for (FF, FR, RF, RR): (0, 30479, 2, 0)
[M::mem_pestat] skip orientation FF as there are not enough pairs
[M::mem_pestat] analyzing insert size distribution for orientation FR...
[M::mem_pestat] (25, 50, 75) percentile: (189, 199, 210)
[M::mem_pestat] low and high boundaries for computing mean and std.dev: (147, 252)
[M::mem_pestat] mean and std.dev: (202.12, 11.84)
[M::mem_pestat] low and high boundaries for proper pairs: (126, 273)
[M::mem_pestat] skip orientation RF as there are not enough pairs
[M::mem_pestat] skip orientation RR as there are not enough pairs
[M::mem_process_seqs] Processed 69140 reads in 4.676 CPU sec, 4.583 real sec
[M::mem_pestat] # candidate unique pairs for (FF, FR, RF, RR): (0, 3680, 0, 0)
[M::mem_pestat] skip orientation FF as there are not enough pairs
[M::mem_pestat] analyzing insert size distribution for orientation FR...
[M::mem_pestat] (25, 50, 75) percentile: (189, 199, 210)
[M::mem_pestat] low and high boundaries for computing mean and std.dev: (147, 252)
[M::mem_pestat] mean and std.dev: (202.12, 11.90)
[M::mem_pestat] low and high boundaries for proper pairs: (126, 273)
[M::mem_pestat] skip orientation RF as there are not enough pairs
[M::mem_pestat] skip orientation RR as there are not enough pairs
[M::mem_process_seqs] Processed 8332 reads in 0.894 CPU sec, 0.814 real sec
[main] Version: 0.7.12-r1039
[main] CMD: /opt/linux/centos/7.x/x86_64/pkgs/bwa/0.7.12/bin/bwa mem -t 1 -R @RG\tID:G3\tSM:G3\tLB:Lib\ References.fasta ExternalData/Flowcell_1304/Pooled/Stacks/G3.1.fq.gz ExternalData/Flowcell_1304/Pooled/Stacks/G3.2.fq.gz
[main] Real time: 19.617 sec; CPU: 20.418 sec
samblaster: Output 92 discordant read pairs to G3.GnLoREHGsgH1/disc_pipe
samblaster: Output 4 split reads to G3.GnLoREHGsgH1/spl_pipe
samblaster: Marked 141330 of 142343 (99.29%) read ids as duplicates using 1340k memory in 0.575S CPU seconds and 20S wall time.
slurmstepd-i05: error: *** JOB 2040563 ON i05 CANCELLED AT 2020-09-03T15:21:31 ***
