Sourcing executables from speedseq.config ...
Aligning...
samblaster: Version 0.1.22
samblaster: Inputting from stdin
samblaster: Outputting to stdout
samblaster: Opening G11.CFjT1aS5qYm1/disc_pipe for write.
[M::bwa_idx_load_from_disk] read 0 ALT contigs
samblaster: Opening G11.CFjT1aS5qYm1/spl_pipe for write.
[M::process] read 74318 sequences (10000121 bp)...
[M::process] read 74320 sequences (10000219 bp)...
[M::mem_pestat] # candidate unique pairs for (FF, FR, RF, RR): (0, 37059, 0, 0)
[M::mem_pestat] skip orientation FF as there are not enough pairs
[M::mem_pestat] analyzing insert size distribution for orientation FR...
[M::mem_pestat] (25, 50, 75) percentile: (121, 121, 200)
[M::mem_pestat] low and high boundaries for computing mean and std.dev: (1, 358)
[M::mem_pestat] mean and std.dev: (155.49, 40.73)
[M::mem_pestat] low and high boundaries for proper pairs: (1, 437)
[M::mem_pestat] skip orientation RF as there are not enough pairs
[M::mem_pestat] skip orientation RR as there are not enough pairs
[M::mem_process_seqs] Processed 74318 reads in 2.957 CPU sec, 2.765 real sec
samblaster: Loaded 12 header sequence entries.
[M::process] read 74292 sequences (10000037 bp)...
[M::mem_pestat] # candidate unique pairs for (FF, FR, RF, RR): (0, 37108, 0, 0)
[M::mem_pestat] skip orientation FF as there are not enough pairs
[M::mem_pestat] analyzing insert size distribution for orientation FR...
[M::mem_pestat] (25, 50, 75) percentile: (121, 121, 200)
[M::mem_pestat] low and high boundaries for computing mean and std.dev: (1, 358)
[M::mem_pestat] mean and std.dev: (155.56, 40.72)
[M::mem_pestat] low and high boundaries for proper pairs: (1, 437)
[M::mem_pestat] skip orientation RF as there are not enough pairs
[M::mem_pestat] skip orientation RR as there are not enough pairs
[M::mem_process_seqs] Processed 74320 reads in 3.243 CPU sec, 3.098 real sec
[M::process] read 61808 sequences (8311531 bp)...
[M::mem_pestat] # candidate unique pairs for (FF, FR, RF, RR): (0, 37108, 0, 0)
[M::mem_pestat] skip orientation FF as there are not enough pairs
[M::mem_pestat] analyzing insert size distribution for orientation FR...
[M::mem_pestat] (25, 50, 75) percentile: (121, 121, 200)
[M::mem_pestat] low and high boundaries for computing mean and std.dev: (1, 358)
[M::mem_pestat] mean and std.dev: (155.74, 40.68)
[M::mem_pestat] low and high boundaries for proper pairs: (1, 437)
[M::mem_pestat] skip orientation RF as there are not enough pairs
[M::mem_pestat] skip orientation RR as there are not enough pairs
[M::mem_process_seqs] Processed 74292 reads in 3.303 CPU sec, 3.088 real sec
[M::mem_pestat] # candidate unique pairs for (FF, FR, RF, RR): (0, 30845, 0, 0)
[M::mem_pestat] skip orientation FF as there are not enough pairs
[M::mem_pestat] analyzing insert size distribution for orientation FR...
[M::mem_pestat] (25, 50, 75) percentile: (121, 121, 200)
[M::mem_pestat] low and high boundaries for computing mean and std.dev: (1, 358)
[M::mem_pestat] mean and std.dev: (155.27, 40.73)
[M::mem_pestat] low and high boundaries for proper pairs: (1, 437)
[M::mem_pestat] skip orientation RF as there are not enough pairs
[M::mem_pestat] skip orientation RR as there are not enough pairs
[M::mem_process_seqs] Processed 61808 reads in 2.550 CPU sec, 2.565 real sec
samblaster: Output 18 discordant read pairs to G11.CFjT1aS5qYm1/disc_pipe
[main] Version: 0.7.12-r1039
samblaster: Output 34 split reads to G11.CFjT1aS5qYm1/spl_pipe
[main] CMD: /opt/linux/centos/7.x/x86_64/pkgs/bwa/0.7.12/bin/bwa mem -t 1 -R @RG\tID:G11\tSM:G11\tLB:Lib\ References.fasta ExternalData/Flowcell_1304/Pooled/Stacks/G11.1.fq.gz ExternalData/Flowcell_1304/Pooled/Stacks/G11.2.fq.gzsamblaster: Marked 142153 of 142369 (99.85%) read ids as duplicates using 1336k memory in 
[main] Real time: 12.113 sec; CPU: 12.284 sec
0.535S CPU seconds and 12S wall time.
Done
