Sourcing executables from speedseq.config ...
Aligning...
samblaster: Version 0.1.22
samblaster: Inputting from stdin
samblaster: Outputting to stdout
samblaster: Opening F8.5i9XR7AW8NB1/disc_pipe for write.
[M::bwa_idx_load_from_disk] read 0 ALT contigs
samblaster: Opening F8.5i9XR7AW8NB1/spl_pipe for write.
[M::process] read 68532 sequences (10000007 bp)...
[M::process] read 68566 sequences (10000277 bp)...
[M::mem_pestat] # candidate unique pairs for (FF, FR, RF, RR): (0, 33832, 0, 0)
[M::mem_pestat] skip orientation FF as there are not enough pairs
[M::mem_pestat] analyzing insert size distribution for orientation FR...
[M::mem_pestat] (25, 50, 75) percentile: (189, 200, 200)
[M::mem_pestat] low and high boundaries for computing mean and std.dev: (167, 222)
[M::mem_pestat] mean and std.dev: (198.37, 7.79)
[M::mem_pestat] low and high boundaries for proper pairs: (156, 233)
[M::mem_pestat] skip orientation RF as there are not enough pairs
[M::mem_pestat] skip orientation RR as there are not enough pairs
[M::mem_process_seqs] Processed 68532 reads in 5.355 CPU sec, 5.229 real sec
samblaster: Loaded 12 header sequence entries.
[M::process] read 68568 sequences (10000193 bp)...
[M::mem_pestat] # candidate unique pairs for (FF, FR, RF, RR): (0, 33846, 0, 0)
[M::mem_pestat] skip orientation FF as there are not enough pairs
[M::mem_pestat] analyzing insert size distribution for orientation FR...
[M::mem_pestat] (25, 50, 75) percentile: (189, 200, 200)
[M::mem_pestat] low and high boundaries for computing mean and std.dev: (167, 222)
[M::mem_pestat] mean and std.dev: (198.27, 7.84)
[M::mem_pestat] low and high boundaries for proper pairs: (156, 233)
[M::mem_pestat] skip orientation RF as there are not enough pairs
[M::mem_pestat] skip orientation RR as there are not enough pairs
[M::mem_process_seqs] Processed 68566 reads in 5.828 CPU sec, 5.656 real sec
[M::process] read 68536 sequences (10000034 bp)...
[M::mem_pestat] # candidate unique pairs for (FF, FR, RF, RR): (0, 33897, 4, 0)
[M::mem_pestat] skip orientation FF as there are not enough pairs
[M::mem_pestat] analyzing insert size distribution for orientation FR...
[M::mem_pestat] (25, 50, 75) percentile: (189, 200, 200)
[M::mem_pestat] low and high boundaries for computing mean and std.dev: (167, 222)
[M::mem_pestat] mean and std.dev: (198.27, 7.88)
[M::mem_pestat] low and high boundaries for proper pairs: (156, 233)
[M::mem_pestat] skip orientation RF as there are not enough pairs
[M::mem_pestat] skip orientation RR as there are not enough pairs
[M::mem_process_seqs] Processed 68568 reads in 5.795 CPU sec, 5.591 real sec
[M::process] read 30844 sequences (4503823 bp)...
[M::mem_pestat] # candidate unique pairs for (FF, FR, RF, RR): (0, 33980, 7, 0)
[M::mem_pestat] skip orientation FF as there are not enough pairs
[M::mem_pestat] analyzing insert size distribution for orientation FR...
[M::mem_pestat] (25, 50, 75) percentile: (189, 200, 200)
[M::mem_pestat] low and high boundaries for computing mean and std.dev: (167, 222)
[M::mem_pestat] mean and std.dev: (198.44, 7.79)
[M::mem_pestat] low and high boundaries for proper pairs: (156, 233)
[M::mem_pestat] skip orientation RF as there are not enough pairs
[M::mem_pestat] skip orientation RR as there are not enough pairs
[M::mem_process_seqs] Processed 68536 reads in 5.309 CPU sec, 5.212 real sec
[M::mem_pestat] # candidate unique pairs for (FF, FR, RF, RR): (0, 15289, 4, 0)
[M::mem_pestat] skip orientation FF as there are not enough pairs
[M::mem_pestat] analyzing insert size distribution for orientation FR...
[M::mem_pestat] (25, 50, 75) percentile: (189, 200, 200)
[M::mem_pestat] low and high boundaries for computing mean and std.dev: (167, 222)
[M::mem_pestat] mean and std.dev: (198.37, 7.79)
[M::mem_pestat] low and high boundaries for proper pairs: (156, 233)
[M::mem_pestat] skip orientation RF as there are not enough pairs
[M::mem_pestat] skip orientation RR as there are not enough pairs
[M::mem_process_seqs] Processed 30844 reads in 2.550 CPU sec, 2.533 real sec
[main] Version: 0.7.12-r1039
samblaster: Output 51 discordant read pairs to F8.5i9XR7AW8NB1/disc_pipe
[main] CMD:samblaster: Output 0 split reads to F8.5i9XR7AW8NB1/spl_pipe
 /opt/linux/centos/7.x/x86_64/pkgs/bwa/0.7.12/bin/bwa mem -t 1 -R @RG\tID:F8\tSM:F8\tLB:Lib\ References.fasta ExternalData/Pooled/Stacks/F8.1.fq.gz ExternalData/Pooled/Stacks/F8.2.fq.gzsamblaster: Marked 151777 of 152523 (99.51%) read ids as duplicates
[main] Real time: 24.643 sec; CPU: 25.032 sec
 using 1340k memory in 0.601S CPU seconds and 24S wall time.
Done
Using GATK jar /bigdata/operations/pkgadmin/opt/linux/centos/7.x/x86_64/pkgs/gatk/4.0.8.1/gatk-package-4.0.8.1-local.jar
Running:
    java -Dsamjdk.use_async_io_read_samtools=false -Dsamjdk.use_async_io_write_samtools=true -Dsamjdk.use_async_io_write_tribble=false -Dsamjdk.compression_level=2 -jar /bigdata/operations/pkgadmin/opt/linux/centos/7.x/x86_64/pkgs/gatk/4.0.8.1/gatk-package-4.0.8.1-local.jar HaplotypeCaller -R References.fasta -I results/F8.bam -O results/F8.g.vcf -ERC GVCF
15:11:16.605 INFO  NativeLibraryLoader - Loading libgkl_compression.so from jar:file:/bigdata/operations/pkgadmin/opt/linux/centos/7.x/x86_64/pkgs/gatk/4.0.8.1/gatk-package-4.0.8.1-local.jar!/com/intel/gkl/native/libgkl_compression.so
15:11:17.390 INFO  HaplotypeCaller - ------------------------------------------------------------
15:11:17.391 INFO  HaplotypeCaller - The Genome Analysis Toolkit (GATK) v4.0.8.1
15:11:17.392 INFO  HaplotypeCaller - For support and documentation go to https://software.broadinstitute.org/gatk/
15:11:17.393 INFO  HaplotypeCaller - Executing as arajewski@i33 on Linux v3.10.0-957.el7.x86_64 amd64
15:11:17.394 INFO  HaplotypeCaller - Java runtime: Java HotSpot(TM) 64-Bit Server VM v1.8.0_45-b14
15:11:17.394 INFO  HaplotypeCaller - Start Date/Time: May 26, 2020 3:11:16 PM PDT
15:11:17.394 INFO  HaplotypeCaller - ------------------------------------------------------------
15:11:17.394 INFO  HaplotypeCaller - ------------------------------------------------------------
15:11:17.395 INFO  HaplotypeCaller - HTSJDK Version: 2.16.0
15:11:17.395 INFO  HaplotypeCaller - Picard Version: 2.18.7
15:11:17.395 INFO  HaplotypeCaller - HTSJDK Defaults.COMPRESSION_LEVEL : 2
15:11:17.395 INFO  HaplotypeCaller - HTSJDK Defaults.USE_ASYNC_IO_READ_FOR_SAMTOOLS : false
15:11:17.396 INFO  HaplotypeCaller - HTSJDK Defaults.USE_ASYNC_IO_WRITE_FOR_SAMTOOLS : true
15:11:17.396 INFO  HaplotypeCaller - HTSJDK Defaults.USE_ASYNC_IO_WRITE_FOR_TRIBBLE : false
15:11:17.396 INFO  HaplotypeCaller - Deflater: IntelDeflater
15:11:17.396 INFO  HaplotypeCaller - Inflater: IntelInflater
15:11:17.396 INFO  HaplotypeCaller - GCS max retries/reopens: 20
15:11:17.396 INFO  HaplotypeCaller - Using google-cloud-java fork https://github.com/broadinstitute/google-cloud-java/releases/tag/0.20.5-alpha-GCS-RETRY-FIX
15:11:17.396 INFO  HaplotypeCaller - Initializing engine
15:11:17.881 INFO  HaplotypeCaller - Done initializing engine
15:11:17.889 INFO  HaplotypeCallerEngine - Tool is in reference confidence mode and the annotation, the following changes will be made to any specified annotations: 'StrandBiasBySample' will be enabled. 'ChromosomeCounts', 'FisherStrand', 'StrandOddsRatio' and 'QualByDepth' annotations have been disabled
15:11:17.894 INFO  HaplotypeCallerEngine - Standard Emitting and Calling confidence set to 0.0 for reference-model confidence output
15:11:17.894 INFO  HaplotypeCallerEngine - All sites annotated with PLs forced to true for reference-model confidence output
15:11:17.911 INFO  NativeLibraryLoader - Loading libgkl_utils.so from jar:file:/bigdata/operations/pkgadmin/opt/linux/centos/7.x/x86_64/pkgs/gatk/4.0.8.1/gatk-package-4.0.8.1-local.jar!/com/intel/gkl/native/libgkl_utils.so
15:11:17.916 INFO  NativeLibraryLoader - Loading libgkl_pairhmm_omp.so from jar:file:/bigdata/operations/pkgadmin/opt/linux/centos/7.x/x86_64/pkgs/gatk/4.0.8.1/gatk-package-4.0.8.1-local.jar!/com/intel/gkl/native/libgkl_pairhmm_omp.so
15:11:17.957 WARN  IntelPairHmm - Flush-to-zero (FTZ) is enabled when running PairHMM
15:11:17.958 INFO  IntelPairHmm - Available threads: 2
15:11:17.958 INFO  IntelPairHmm - Requested threads: 4
15:11:17.958 WARN  IntelPairHmm - Using 2 available threads, but 4 were requested
15:11:17.958 INFO  PairHMM - Using the OpenMP multi-threaded AVX-accelerated native PairHMM implementation
15:11:18.018 INFO  ProgressMeter - Starting traversal
15:11:18.018 INFO  ProgressMeter -        Current Locus  Elapsed Minutes     Regions Processed   Regions/Minute
15:11:28.191 INFO  ProgressMeter -          NoFUL2.2:59              0.2                    10             59.0
15:11:30.515 INFO  HaplotypeCaller - 303579 read(s) filtered by: ((((((((MappingQualityReadFilter AND MappingQualityAvailableReadFilter) AND MappedReadFilter) AND NotSecondaryAlignmentReadFilter) AND NotDuplicateReadFilter) AND PassesVendorQualityCheckReadFilter) AND NonZeroReferenceLengthAlignmentReadFilter) AND GoodCigarReadFilter) AND WellformedReadFilter)
  303579 read(s) filtered by: (((((((MappingQualityReadFilter AND MappingQualityAvailableReadFilter) AND MappedReadFilter) AND NotSecondaryAlignmentReadFilter) AND NotDuplicateReadFilter) AND PassesVendorQualityCheckReadFilter) AND NonZeroReferenceLengthAlignmentReadFilter) AND GoodCigarReadFilter)
      303579 read(s) filtered by: ((((((MappingQualityReadFilter AND MappingQualityAvailableReadFilter) AND MappedReadFilter) AND NotSecondaryAlignmentReadFilter) AND NotDuplicateReadFilter) AND PassesVendorQualityCheckReadFilter) AND NonZeroReferenceLengthAlignmentReadFilter)
          303579 read(s) filtered by: (((((MappingQualityReadFilter AND MappingQualityAvailableReadFilter) AND MappedReadFilter) AND NotSecondaryAlignmentReadFilter) AND NotDuplicateReadFilter) AND PassesVendorQualityCheckReadFilter)
              303579 read(s) filtered by: ((((MappingQualityReadFilter AND MappingQualityAvailableReadFilter) AND MappedReadFilter) AND NotSecondaryAlignmentReadFilter) AND NotDuplicateReadFilter)
                  513 read(s) filtered by: (((MappingQualityReadFilter AND MappingQualityAvailableReadFilter) AND MappedReadFilter) AND NotSecondaryAlignmentReadFilter)
                      513 read(s) filtered by: ((MappingQualityReadFilter AND MappingQualityAvailableReadFilter) AND MappedReadFilter)
                          513 read(s) filtered by: (MappingQualityReadFilter AND MappingQualityAvailableReadFilter)
                              513 read(s) filtered by: MappingQualityReadFilter 
                  303066 read(s) filtered by: NotDuplicateReadFilter 

15:11:30.516 INFO  ProgressMeter -           SpFUL2:301              0.2                    25            120.0
15:11:30.516 INFO  ProgressMeter - Traversal complete. Processed 25 total regions in 0.2 minutes.
15:11:30.553 INFO  VectorLoglessPairHMM - Time spent in setup for JNI call : 0.019200469
15:11:30.553 INFO  PairHMM - Total compute time in PairHMM computeLogLikelihoods() : 2.6925688300000004
15:11:30.553 INFO  SmithWatermanAligner - Total compute time in java Smith-Waterman : 2.48 sec
15:11:30.553 INFO  HaplotypeCaller - Shutting down engine
[May 26, 2020 3:11:30 PM PDT] org.broadinstitute.hellbender.tools.walkers.haplotypecaller.HaplotypeCaller done. Elapsed time: 0.23 minutes.
Runtime.totalMemory()=2822766592
