Sourcing executables from speedseq.config ...
Aligning...
samblaster: Version 0.1.22
samblaster: Inputting from stdin
samblaster: Outputting to stdout
samblaster: Opening A5.Vhm77cbgbVN7/disc_pipe for write.
[M::bwa_idx_load_from_disk] read 0 ALT contigs
samblaster: Opening A5.Vhm77cbgbVN7/spl_pipe for write.
[M::process] read 73224 sequences (10000039 bp)...
[M::process] read 73168 sequences (10000109 bp)...
[M::mem_pestat] # candidate unique pairs for (FF, FR, RF, RR): (0, 35429, 0, 0)
[M::mem_pestat] skip orientation FF as there are not enough pairs
[M::mem_pestat] analyzing insert size distribution for orientation FR...
[M::mem_pestat] (25, 50, 75) percentile: (189, 210, 210)
[M::mem_pestat] low and high boundaries for computing mean and std.dev: (147, 252)
[M::mem_pestat] mean and std.dev: (204.71, 15.04)
[M::mem_pestat] low and high boundaries for proper pairs: (126, 273)
[M::mem_pestat] skip orientation RF as there are not enough pairs
[M::mem_pestat] skip orientation RR as there are not enough pairs
[M::mem_process_seqs] Processed 73224 reads in 3.630 CPU sec, 3.517 real sec
samblaster: Loaded 12 header sequence entries.
[M::process] read 73282 sequences (10000039 bp)...
[M::mem_pestat] # candidate unique pairs for (FF, FR, RF, RR): (0, 35499, 2, 0)
[M::mem_pestat] skip orientation FF as there are not enough pairs
[M::mem_pestat] analyzing insert size distribution for orientation FR...
[M::mem_pestat] (25, 50, 75) percentile: (189, 210, 210)
[M::mem_pestat] low and high boundaries for computing mean and std.dev: (147, 252)
[M::mem_pestat] mean and std.dev: (204.75, 15.01)
[M::mem_pestat] low and high boundaries for proper pairs: (126, 273)
[M::mem_pestat] skip orientation RF as there are not enough pairs
[M::mem_pestat] skip orientation RR as there are not enough pairs
[M::mem_process_seqs] Processed 73168 reads in 3.884 CPU sec, 3.721 real sec
[M::process] read 17388 sequences (2389778 bp)...
[M::mem_pestat] # candidate unique pairs for (FF, FR, RF, RR): (0, 35544, 2, 0)
[M::mem_pestat] skip orientation FF as there are not enough pairs
[M::mem_pestat] analyzing insert size distribution for orientation FR...
[M::mem_pestat] (25, 50, 75) percentile: (189, 210, 210)
[M::mem_pestat] low and high boundaries for computing mean and std.dev: (147, 252)
[M::mem_pestat] mean and std.dev: (204.77, 15.01)
[M::mem_pestat] low and high boundaries for proper pairs: (126, 273)
[M::mem_pestat] skip orientation RF as there are not enough pairs
[M::mem_pestat] skip orientation RR as there are not enough pairs
[M::mem_process_seqs] Processed 73282 reads in 3.761 CPU sec, 3.668 real sec
[M::mem_pestat] # candidate unique pairs for (FF, FR, RF, RR): (0, 8433, 0, 0)
[M::mem_pestat] skip orientation FF as there are not enough pairs
[M::mem_pestat] analyzing insert size distribution for orientation FR...
[M::mem_pestat] (25, 50, 75) percentile: (189, 210, 210)
[M::mem_pestat] low and high boundaries for computing mean and std.dev: (147, 252)
[M::mem_pestat] mean and std.dev: (204.97, 15.12)
[M::mem_pestat] low and high boundaries for proper pairs: (126, 273)
[M::mem_pestat] skip orientation RF as there are not enough pairs
[M::mem_pestat] skip orientation RR as there are not enough pairs
[M::mem_process_seqs] Processed 17388 reads in 1.187 CPU sec, 1.118 real sec
samblaster: Output 41 discordant read pairs to A5.Vhm77cbgbVN7/disc_pipe
[main] Version: 0.7.12-r1039
samblaster: Output 2 split reads to A5.Vhm77cbgbVN7/spl_pipe
[main] CMD: /opt/linux/centos/7.x/x86_64/pkgs/bwa/0.7.12/bin/bwa mem -t 1 -R @RG\tID:A5\tSM:A5\tLB:Lib\ References.fasta ExternalData/Flowcell_1304/Pooled/Stacks/A5.1.fq.gz ExternalData/Flowcell_1304/Pooled/Stacks/A5.2.fq.gzsamblaster: Marked 117404 of 118531 (99.05%) read ids as duplicates using 1340k memory in 
[main] Real time: 12.259 sec; CPU: 12.623 sec
0.465S CPU seconds and 13S wall time.
Done
