Sourcing executables from speedseq.config ...
Aligning...
[M::bwa_idx_load_from_disk] read 0 ALT contigs
samblaster: Version 0.1.22
samblaster: Inputting from stdin
samblaster: Outputting to stdout
samblaster: Opening E10.9Squx3ZCDfeO/disc_pipe for write.
samblaster: Opening E10.9Squx3ZCDfeO/spl_pipe for write.
[M::process] read 72738 sequences (10000292 bp)...
[M::mem_pestat] # candidate unique pairs for (FF, FR, RF, RR): (0, 0, 0, 0)
[M::mem_pestat] skip orientation FF as there are not enough pairs
[M::mem_pestat] skip orientation FR as there are not enough pairs
[M::mem_pestat] skip orientation RF as there are not enough pairs
[M::mem_pestat] skip orientation RR as there are not enough pairs
[M::mem_process_seqs] Processed 72738 reads in 0.001 CPU sec, 0.001 real sec
[M::process] read 72786 sequences (10000086 bp)...
[M::mem_pestat] # candidate unique pairs for (FF, FR, RF, RR): (0, 0, 0, 0)
[M::mem_pestat] skip orientation FF as there are not enough pairs
[M::mem_pestat] skip orientation FR as there are not enough pairs
[M::mem_pestat] skip orientation RF as there are not enough pairs
[M::mem_pestat] skip orientation RR as there are not enough pairs
[M::mem_process_seqs] Processed 72786 reads in 0.001 CPU sec, 0.000 real sec
[M::process] read 72800 sequences (10000264 bp)...
[M::process] read 72818 sequences (10000157 bp)...
[M::mem_pestat] # candidate unique pairs for (FF, FR, RF, RR): (0, 36235, 0, 0)
[M::mem_pestat] skip orientation FF as there are not enough pairs
[M::mem_pestat] analyzing insert size distribution for orientation FR...
[M::mem_pestat] (25, 50, 75) percentile: (121, 200, 200)
[M::mem_pestat] low and high boundaries for computing mean and std.dev: (1, 358)
[M::mem_pestat] mean and std.dev: (176.96, 54.59)
[M::mem_pestat] low and high boundaries for proper pairs: (1, 437)
[M::mem_pestat] skip orientation RF as there are not enough pairs
[M::mem_pestat] skip orientation RR as there are not enough pairs
[M::mem_process_seqs] Processed 72800 reads in 3.845 CPU sec, 3.628 real sec
samblaster: Loaded 12 header sequence entries.
[M::process] read 72634 sequences (10000030 bp)...
[M::mem_pestat] # candidate unique pairs for (FF, FR, RF, RR): (0, 36288, 0, 0)
[M::mem_pestat] skip orientation FF as there are not enough pairs
[M::mem_pestat] analyzing insert size distribution for orientation FR...
[M::mem_pestat] (25, 50, 75) percentile: (121, 200, 200)
[M::mem_pestat] low and high boundaries for computing mean and std.dev: (1, 358)
[M::mem_pestat] mean and std.dev: (177.24, 54.75)
[M::mem_pestat] low and high boundaries for proper pairs: (1, 437)
[M::mem_pestat] skip orientation RF as there are not enough pairs
[M::mem_pestat] skip orientation RR as there are not enough pairs
[M::mem_process_seqs] Processed 72818 reads in 4.141 CPU sec, 3.923 real sec
[M::process] read 15214 sequences (2090576 bp)...
[M::mem_pestat] # candidate unique pairs for (FF, FR, RF, RR): (0, 36204, 0, 0)
[M::mem_pestat] skip orientation FF as there are not enough pairs
[M::mem_pestat] analyzing insert size distribution for orientation FR...
[M::mem_pestat] (25, 50, 75) percentile: (121, 200, 200)
[M::mem_pestat] low and high boundaries for computing mean and std.dev: (1, 358)
[M::mem_pestat] mean and std.dev: (178.92, 54.81)
[M::mem_pestat] low and high boundaries for proper pairs: (1, 437)
[M::mem_pestat] skip orientation RF as there are not enough pairs
[M::mem_pestat] skip orientation RR as there are not enough pairs
[M::mem_process_seqs] Processed 72634 reads in 3.648 CPU sec, 3.558 real sec
[M::mem_pestat] # candidate unique pairs for (FF, FR, RF, RR): (0, 7596, 0, 0)
[M::mem_pestat] skip orientation FF as there are not enough pairs
[M::mem_pestat] analyzing insert size distribution for orientation FR...
[M::mem_pestat] (25, 50, 75) percentile: (121, 200, 200)
[M::mem_pestat] low and high boundaries for computing mean and std.dev: (1, 358)
[M::mem_pestat] mean and std.dev: (178.24, 55.58)
[M::mem_pestat] low and high boundaries for proper pairs: (1, 437)
[M::mem_pestat] skip orientation RF as there are not enough pairs
[M::mem_pestat] skip orientation RR as there are not enough pairs
[M::mem_process_seqs] Processed 15214 reads in 1.020 CPU sec, 0.999 real sec
[main] Version: 0.7.12-r1039
[main] CMD: /opt/linux/centos/7.x/x86_64/pkgs/bwa/0.7.12/bin/bwa mem -t 1 -R @RG\tID:E10\tSM:E10\tLB:Lib\ References.fasta ExternalData/Pooled/Stacks/E10.1.fq.gz ExternalData/Pooled/Stacks/E10.2.fq.gz
[main] Real time: 12.732 sec; CPU: 13.157 sec
samblaster: Output 15 discordant read pairs to E10.9Squx3ZCDfeO/disc_pipe
samblaster: Output 30 split reads to E10.9Squx3ZCDfeO/spl_pipe
samblaster: Marked 116566 of 116733 (99.86%) read ids as duplicates using 1340k memory in 0.444S CPU seconds and 12S wall time.
Done
Using GATK jar /bigdata/operations/pkgadmin/opt/linux/centos/7.x/x86_64/pkgs/gatk/4.0.8.1/gatk-package-4.0.8.1-local.jar
Running:
    java -Dsamjdk.use_async_io_read_samtools=false -Dsamjdk.use_async_io_write_samtools=true -Dsamjdk.use_async_io_write_tribble=false -Dsamjdk.compression_level=2 -jar /bigdata/operations/pkgadmin/opt/linux/centos/7.x/x86_64/pkgs/gatk/4.0.8.1/gatk-package-4.0.8.1-local.jar HaplotypeCaller -R References.fasta -I results/E10.bam -O results/E10.g.vcf -ERC GVCF
15:11:04.718 INFO  NativeLibraryLoader - Loading libgkl_compression.so from jar:file:/bigdata/operations/pkgadmin/opt/linux/centos/7.x/x86_64/pkgs/gatk/4.0.8.1/gatk-package-4.0.8.1-local.jar!/com/intel/gkl/native/libgkl_compression.so
15:11:04.972 INFO  HaplotypeCaller - ------------------------------------------------------------
15:11:04.974 INFO  HaplotypeCaller - The Genome Analysis Toolkit (GATK) v4.0.8.1
15:11:04.974 INFO  HaplotypeCaller - For support and documentation go to https://software.broadinstitute.org/gatk/
15:11:04.974 INFO  HaplotypeCaller - Executing as arajewski@i11 on Linux v3.10.0-957.el7.x86_64 amd64
15:11:04.975 INFO  HaplotypeCaller - Java runtime: Java HotSpot(TM) 64-Bit Server VM v1.8.0_45-b14
15:11:04.975 INFO  HaplotypeCaller - Start Date/Time: May 26, 2020 3:11:04 PM PDT
15:11:04.975 INFO  HaplotypeCaller - ------------------------------------------------------------
15:11:04.976 INFO  HaplotypeCaller - ------------------------------------------------------------
15:11:04.976 INFO  HaplotypeCaller - HTSJDK Version: 2.16.0
15:11:04.976 INFO  HaplotypeCaller - Picard Version: 2.18.7
15:11:04.977 INFO  HaplotypeCaller - HTSJDK Defaults.COMPRESSION_LEVEL : 2
15:11:04.977 INFO  HaplotypeCaller - HTSJDK Defaults.USE_ASYNC_IO_READ_FOR_SAMTOOLS : false
15:11:04.977 INFO  HaplotypeCaller - HTSJDK Defaults.USE_ASYNC_IO_WRITE_FOR_SAMTOOLS : true
15:11:04.977 INFO  HaplotypeCaller - HTSJDK Defaults.USE_ASYNC_IO_WRITE_FOR_TRIBBLE : false
15:11:04.977 INFO  HaplotypeCaller - Deflater: IntelDeflater
15:11:04.977 INFO  HaplotypeCaller - Inflater: IntelInflater
15:11:04.977 INFO  HaplotypeCaller - GCS max retries/reopens: 20
15:11:04.977 INFO  HaplotypeCaller - Using google-cloud-java fork https://github.com/broadinstitute/google-cloud-java/releases/tag/0.20.5-alpha-GCS-RETRY-FIX
15:11:04.977 INFO  HaplotypeCaller - Initializing engine
15:11:06.055 INFO  HaplotypeCaller - Done initializing engine
15:11:06.062 INFO  HaplotypeCallerEngine - Tool is in reference confidence mode and the annotation, the following changes will be made to any specified annotations: 'StrandBiasBySample' will be enabled. 'ChromosomeCounts', 'FisherStrand', 'StrandOddsRatio' and 'QualByDepth' annotations have been disabled
15:11:06.066 INFO  HaplotypeCallerEngine - Standard Emitting and Calling confidence set to 0.0 for reference-model confidence output
15:11:06.066 INFO  HaplotypeCallerEngine - All sites annotated with PLs forced to true for reference-model confidence output
15:11:06.082 INFO  NativeLibraryLoader - Loading libgkl_utils.so from jar:file:/bigdata/operations/pkgadmin/opt/linux/centos/7.x/x86_64/pkgs/gatk/4.0.8.1/gatk-package-4.0.8.1-local.jar!/com/intel/gkl/native/libgkl_utils.so
15:11:06.084 INFO  NativeLibraryLoader - Loading libgkl_pairhmm_omp.so from jar:file:/bigdata/operations/pkgadmin/opt/linux/centos/7.x/x86_64/pkgs/gatk/4.0.8.1/gatk-package-4.0.8.1-local.jar!/com/intel/gkl/native/libgkl_pairhmm_omp.so
15:11:06.127 WARN  IntelPairHmm - Flush-to-zero (FTZ) is enabled when running PairHMM
15:11:06.128 INFO  IntelPairHmm - Available threads: 2
15:11:06.128 INFO  IntelPairHmm - Requested threads: 4
15:11:06.128 WARN  IntelPairHmm - Using 2 available threads, but 4 were requested
15:11:06.128 INFO  PairHMM - Using the OpenMP multi-threaded AVX-accelerated native PairHMM implementation
15:11:06.193 INFO  ProgressMeter - Starting traversal
15:11:06.194 INFO  ProgressMeter -        Current Locus  Elapsed Minutes     Regions Processed   Regions/Minute
15:11:14.242 INFO  HaplotypeCaller - 233371 read(s) filtered by: ((((((((MappingQualityReadFilter AND MappingQualityAvailableReadFilter) AND MappedReadFilter) AND NotSecondaryAlignmentReadFilter) AND NotDuplicateReadFilter) AND PassesVendorQualityCheckReadFilter) AND NonZeroReferenceLengthAlignmentReadFilter) AND GoodCigarReadFilter) AND WellformedReadFilter)
  233371 read(s) filtered by: (((((((MappingQualityReadFilter AND MappingQualityAvailableReadFilter) AND MappedReadFilter) AND NotSecondaryAlignmentReadFilter) AND NotDuplicateReadFilter) AND PassesVendorQualityCheckReadFilter) AND NonZeroReferenceLengthAlignmentReadFilter) AND GoodCigarReadFilter)
      233371 read(s) filtered by: ((((((MappingQualityReadFilter AND MappingQualityAvailableReadFilter) AND MappedReadFilter) AND NotSecondaryAlignmentReadFilter) AND NotDuplicateReadFilter) AND PassesVendorQualityCheckReadFilter) AND NonZeroReferenceLengthAlignmentReadFilter)
          233371 read(s) filtered by: (((((MappingQualityReadFilter AND MappingQualityAvailableReadFilter) AND MappedReadFilter) AND NotSecondaryAlignmentReadFilter) AND NotDuplicateReadFilter) AND PassesVendorQualityCheckReadFilter)
              233371 read(s) filtered by: ((((MappingQualityReadFilter AND MappingQualityAvailableReadFilter) AND MappedReadFilter) AND NotSecondaryAlignmentReadFilter) AND NotDuplicateReadFilter)
                  191 read(s) filtered by: (((MappingQualityReadFilter AND MappingQualityAvailableReadFilter) AND MappedReadFilter) AND NotSecondaryAlignmentReadFilter)
                      191 read(s) filtered by: ((MappingQualityReadFilter AND MappingQualityAvailableReadFilter) AND MappedReadFilter)
                          191 read(s) filtered by: (MappingQualityReadFilter AND MappingQualityAvailableReadFilter)
                              191 read(s) filtered by: MappingQualityReadFilter 
                  233180 read(s) filtered by: NotDuplicateReadFilter 

15:11:14.243 INFO  ProgressMeter -           SpFUL2:209              0.1                    27            201.3
15:11:14.243 INFO  ProgressMeter - Traversal complete. Processed 27 total regions in 0.1 minutes.
15:11:14.282 INFO  VectorLoglessPairHMM - Time spent in setup for JNI call : 0.009304838000000001
15:11:14.282 INFO  PairHMM - Total compute time in PairHMM computeLogLikelihoods() : 0.39472131600000004
15:11:14.282 INFO  SmithWatermanAligner - Total compute time in java Smith-Waterman : 1.24 sec
15:11:14.282 INFO  HaplotypeCaller - Shutting down engine
[May 26, 2020 3:11:14 PM PDT] org.broadinstitute.hellbender.tools.walkers.haplotypecaller.HaplotypeCaller done. Elapsed time: 0.16 minutes.
Runtime.totalMemory()=2720530432
