Sourcing executables from speedseq.config ...
Aligning...
[M::bwa_idx_load_from_disk] read 0 ALT contigs
samblaster: Version 0.1.22
samblaster: Inputting from stdin
samblaster: Outputting to stdout
samblaster: Opening H3.hqJTQ3Nl4NT4/disc_pipe for write.
samblaster: Opening H3.hqJTQ3Nl4NT4/spl_pipe for write.
[M::process] read 67798 sequences (10000205 bp)...
[M::process] read 67798 sequences (10000205 bp)...
[M::mem_pestat] # candidate unique pairs for (FF, FR, RF, RR): (549, 0, 0, 42)
[M::mem_pestat] analyzing insert size distribution for orientation FF...
[M::mem_pestat] (25, 50, 75) percentile: (1, 4, 6)
[M::mem_pestat] low and high boundaries for computing mean and std.dev: (1, 16)
[M::mem_pestat] mean and std.dev: (4.05, 3.10)
[M::mem_pestat] low and high boundaries for proper pairs: (1, 21)
[M::mem_pestat] skip orientation FR as there are not enough pairs
[M::mem_pestat] skip orientation RF as there are not enough pairs
[M::mem_pestat] analyzing insert size distribution for orientation RR...
[M::mem_pestat] (25, 50, 75) percentile: (7, 7, 7)
[M::mem_pestat] low and high boundaries for computing mean and std.dev: (7, 7)
[M::mem_pestat] mean and std.dev: (7.00, 0.00)
[M::mem_pestat] low and high boundaries for proper pairs: (7, 7)
[M::mem_process_seqs] Processed 67798 reads in 10.212 CPU sec, 10.058 real sec
samblaster: Loaded 12 header sequence entries.
[M::process] read 67798 sequences (10000205 bp)...
[M::mem_pestat] # candidate unique pairs for (FF, FR, RF, RR): (536, 0, 0, 42)
[M::mem_pestat] analyzing insert size distribution for orientation FF...
[M::mem_pestat] (25, 50, 75) percentile: (1, 3, 6)
[M::mem_pestat] low and high boundaries for computing mean and std.dev: (1, 16)
[M::mem_pestat] mean and std.dev: (3.88, 3.12)
[M::mem_pestat] low and high boundaries for proper pairs: (1, 21)
[M::mem_pestat] skip orientation FR as there are not enough pairs
[M::mem_pestat] skip orientation RF as there are not enough pairs
[M::mem_pestat] analyzing insert size distribution for orientation RR...
[M::mem_pestat] (25, 50, 75) percentile: (7, 7, 7)
[M::mem_pestat] low and high boundaries for computing mean and std.dev: (7, 7)
[M::mem_pestat] mean and std.dev: (7.00, 0.00)
[M::mem_pestat] low and high boundaries for proper pairs: (7, 7)
[M::mem_process_seqs] Processed 67798 reads in 10.834 CPU sec, 10.676 real sec
[M::process] read 67798 sequences (10000205 bp)...
[M::mem_pestat] # candidate unique pairs for (FF, FR, RF, RR): (563, 0, 0, 40)
[M::mem_pestat] analyzing insert size distribution for orientation FF...
[M::mem_pestat] (25, 50, 75) percentile: (1, 3, 6)
[M::mem_pestat] low and high boundaries for computing mean and std.dev: (1, 16)
[M::mem_pestat] mean and std.dev: (3.63, 2.89)
[M::mem_pestat] low and high boundaries for proper pairs: (1, 21)
[M::mem_pestat] skip orientation FR as there are not enough pairs
[M::mem_pestat] skip orientation RF as there are not enough pairs
[M::mem_pestat] analyzing insert size distribution for orientation RR...
[M::mem_pestat] (25, 50, 75) percentile: (7, 7, 7)
[M::mem_pestat] low and high boundaries for computing mean and std.dev: (7, 7)
[M::mem_pestat] mean and std.dev: (7.00, 0.00)
[M::mem_pestat] low and high boundaries for proper pairs: (7, 7)
[M::mem_process_seqs] Processed 67798 reads in 10.867 CPU sec, 10.679 real sec
[M::process] read 67798 sequences (10000205 bp)...
[M::mem_pestat] # candidate unique pairs for (FF, FR, RF, RR): (578, 0, 0, 41)
[M::mem_pestat] analyzing insert size distribution for orientation FF...
[M::mem_pestat] (25, 50, 75) percentile: (1, 3, 6)
[M::mem_pestat] low and high boundaries for computing mean and std.dev: (1, 16)
[M::mem_pestat] mean and std.dev: (3.65, 2.95)
[M::mem_pestat] low and high boundaries for proper pairs: (1, 21)
[M::mem_pestat] skip orientation FR as there are not enough pairs
[M::mem_pestat] skip orientation RF as there are not enough pairs
[M::mem_pestat] analyzing insert size distribution for orientation RR...
[M::mem_pestat] (25, 50, 75) percentile: (7, 7, 7)
[M::mem_pestat] low and high boundaries for computing mean and std.dev: (7, 7)
[M::mem_pestat] mean and std.dev: (7.00, 0.00)
[M::mem_pestat] low and high boundaries for proper pairs: (7, 7)
[M::mem_process_seqs] Processed 67798 reads in 10.791 CPU sec, 10.577 real sec
[M::process] read 67798 sequences (10000205 bp)...
[M::mem_pestat] # candidate unique pairs for (FF, FR, RF, RR): (615, 0, 0, 39)
[M::mem_pestat] analyzing insert size distribution for orientation FF...
[M::mem_pestat] (25, 50, 75) percentile: (1, 4, 6)
[M::mem_pestat] low and high boundaries for computing mean and std.dev: (1, 16)
[M::mem_pestat] mean and std.dev: (3.70, 2.91)
[M::mem_pestat] low and high boundaries for proper pairs: (1, 21)
[M::mem_pestat] skip orientation FR as there are not enough pairs
[M::mem_pestat] skip orientation RF as there are not enough pairs
[M::mem_pestat] analyzing insert size distribution for orientation RR...
[M::mem_pestat] (25, 50, 75) percentile: (7, 7, 7)
[M::mem_pestat] low and high boundaries for computing mean and std.dev: (7, 7)
[M::mem_pestat] mean and std.dev: (7.00, 0.00)
[M::mem_pestat] low and high boundaries for proper pairs: (7, 7)
[M::mem_process_seqs] Processed 67798 reads in 10.623 CPU sec, 10.371 real sec
[M::process] read 67798 sequences (10000205 bp)...
[M::mem_pestat] # candidate unique pairs for (FF, FR, RF, RR): (666, 0, 0, 43)
[M::mem_pestat] analyzing insert size distribution for orientation FF...
[M::mem_pestat] (25, 50, 75) percentile: (1, 2, 6)
[M::mem_pestat] low and high boundaries for computing mean and std.dev: (1, 16)
[M::mem_pestat] mean and std.dev: (3.42, 2.85)
[M::mem_pestat] low and high boundaries for proper pairs: (1, 21)
[M::mem_pestat] skip orientation FR as there are not enough pairs
[M::mem_pestat] skip orientation RF as there are not enough pairs
[M::mem_pestat] analyzing insert size distribution for orientation RR...
[M::mem_pestat] (25, 50, 75) percentile: (7, 7, 7)
[M::mem_pestat] low and high boundaries for computing mean and std.dev: (7, 7)
[M::mem_pestat] mean and std.dev: (7.00, 0.00)
[M::mem_pestat] low and high boundaries for proper pairs: (7, 7)
[M::mem_process_seqs] Processed 67798 reads in 10.696 CPU sec, 10.544 real sec
[M::process] read 55702 sequences (8216045 bp)...
[M::mem_pestat] # candidate unique pairs for (FF, FR, RF, RR): (637, 0, 0, 35)
[M::mem_pestat] analyzing insert size distribution for orientation FF...
[M::mem_pestat] (25, 50, 75) percentile: (1, 2, 6)
[M::mem_pestat] low and high boundaries for computing mean and std.dev: (1, 16)
[M::mem_pestat] mean and std.dev: (3.55, 3.00)
[M::mem_pestat] low and high boundaries for proper pairs: (1, 21)
[M::mem_pestat] skip orientation FR as there are not enough pairs
[M::mem_pestat] skip orientation RF as there are not enough pairs
[M::mem_pestat] analyzing insert size distribution for orientation RR...
[M::mem_pestat] (25, 50, 75) percentile: (7, 7, 7)
[M::mem_pestat] low and high boundaries for computing mean and std.dev: (7, 7)
[M::mem_pestat] mean and std.dev: (7.00, 0.00)
[M::mem_pestat] low and high boundaries for proper pairs: (7, 7)
[M::mem_process_seqs] Processed 67798 reads in 11.053 CPU sec, 10.842 real sec
[M::mem_pestat] # candidate unique pairs for (FF, FR, RF, RR): (463, 0, 0, 35)
[M::mem_pestat] analyzing insert size distribution for orientation FF...
[M::mem_pestat] (25, 50, 75) percentile: (1, 4, 6)
[M::mem_pestat] low and high boundaries for computing mean and std.dev: (1, 16)
[M::mem_pestat] mean and std.dev: (3.89, 3.06)
[M::mem_pestat] low and high boundaries for proper pairs: (1, 21)
[M::mem_pestat] skip orientation FR as there are not enough pairs
[M::mem_pestat] skip orientation RF as there are not enough pairs
[M::mem_pestat] analyzing insert size distribution for orientation RR...
[M::mem_pestat] (25, 50, 75) percentile: (7, 7, 7)
[M::mem_pestat] low and high boundaries for computing mean and std.dev: (7, 7)
[M::mem_pestat] mean and std.dev: (7.00, 0.00)
[M::mem_pestat] low and high boundaries for proper pairs: (7, 7)
[M::mem_process_seqs] Processed 55702 reads in 8.766 CPU sec, 8.722 real sec
[main] Version: 0.7.12-r1039
samblaster: Output 127 discordant read pairs to H3.hqJTQ3Nl4NT4/disc_pipe
[main] CMD:samblaster: Output 12 split reads to H3.hqJTQ3Nl4NT4/spl_pipe
 /opt/linux/centos/7.x/x86_64/pkgs/bwa/0.7.12/bin/bwa mem -t 1 -R @RG\tID:H3\tSM:H3\tLB:Lib\ References.fasta ExternalData/H3_pair1.fastq ExternalData/H3_pair2.fastqsamblaster: Marked 257262 of 265144 (97.03%) read ids as duplicates
[main] Real time: 82.997 sec; CPU: 84.027 sec
 using 1344k memory in 1.124S CPU seconds and 1M23S(83S) wall time.
Done
Using GATK jar /bigdata/operations/pkgadmin/opt/linux/centos/7.x/x86_64/pkgs/gatk/4.0.8.1/gatk-package-4.0.8.1-local.jar
Running:
    java -Dsamjdk.use_async_io_read_samtools=false -Dsamjdk.use_async_io_write_samtools=true -Dsamjdk.use_async_io_write_tribble=false -Dsamjdk.compression_level=2 -jar /bigdata/operations/pkgadmin/opt/linux/centos/7.x/x86_64/pkgs/gatk/4.0.8.1/gatk-package-4.0.8.1-local.jar HaplotypeCaller -R References.fasta -I results/H3.bam -O results/H3.g.vcf -ERC GVCF
11:10:23.755 INFO  NativeLibraryLoader - Loading libgkl_compression.so from jar:file:/bigdata/operations/pkgadmin/opt/linux/centos/7.x/x86_64/pkgs/gatk/4.0.8.1/gatk-package-4.0.8.1-local.jar!/com/intel/gkl/native/libgkl_compression.so
11:10:24.323 INFO  HaplotypeCaller - ------------------------------------------------------------
11:10:24.326 INFO  HaplotypeCaller - The Genome Analysis Toolkit (GATK) v4.0.8.1
11:10:24.327 INFO  HaplotypeCaller - For support and documentation go to https://software.broadinstitute.org/gatk/
11:10:24.329 INFO  HaplotypeCaller - Executing as arajewski@i25 on Linux v3.10.0-957.el7.x86_64 amd64
11:10:24.329 INFO  HaplotypeCaller - Java runtime: Java HotSpot(TM) 64-Bit Server VM v1.8.0_45-b14
11:10:24.330 INFO  HaplotypeCaller - Start Date/Time: May 26, 2020 11:10:23 AM PDT
11:10:24.330 INFO  HaplotypeCaller - ------------------------------------------------------------
11:10:24.330 INFO  HaplotypeCaller - ------------------------------------------------------------
11:10:24.331 INFO  HaplotypeCaller - HTSJDK Version: 2.16.0
11:10:24.331 INFO  HaplotypeCaller - Picard Version: 2.18.7
11:10:24.331 INFO  HaplotypeCaller - HTSJDK Defaults.COMPRESSION_LEVEL : 2
11:10:24.331 INFO  HaplotypeCaller - HTSJDK Defaults.USE_ASYNC_IO_READ_FOR_SAMTOOLS : false
11:10:24.331 INFO  HaplotypeCaller - HTSJDK Defaults.USE_ASYNC_IO_WRITE_FOR_SAMTOOLS : true
11:10:24.331 INFO  HaplotypeCaller - HTSJDK Defaults.USE_ASYNC_IO_WRITE_FOR_TRIBBLE : false
11:10:24.332 INFO  HaplotypeCaller - Deflater: IntelDeflater
11:10:24.332 INFO  HaplotypeCaller - Inflater: IntelInflater
11:10:24.332 INFO  HaplotypeCaller - GCS max retries/reopens: 20
11:10:24.332 INFO  HaplotypeCaller - Using google-cloud-java fork https://github.com/broadinstitute/google-cloud-java/releases/tag/0.20.5-alpha-GCS-RETRY-FIX
11:10:24.332 INFO  HaplotypeCaller - Initializing engine
11:10:25.718 INFO  HaplotypeCaller - Done initializing engine
11:10:25.726 INFO  HaplotypeCallerEngine - Tool is in reference confidence mode and the annotation, the following changes will be made to any specified annotations: 'StrandBiasBySample' will be enabled. 'ChromosomeCounts', 'FisherStrand', 'StrandOddsRatio' and 'QualByDepth' annotations have been disabled
11:10:25.734 INFO  HaplotypeCallerEngine - Standard Emitting and Calling confidence set to 0.0 for reference-model confidence output
11:10:25.734 INFO  HaplotypeCallerEngine - All sites annotated with PLs forced to true for reference-model confidence output
11:10:25.756 INFO  NativeLibraryLoader - Loading libgkl_utils.so from jar:file:/bigdata/operations/pkgadmin/opt/linux/centos/7.x/x86_64/pkgs/gatk/4.0.8.1/gatk-package-4.0.8.1-local.jar!/com/intel/gkl/native/libgkl_utils.so
11:10:25.764 INFO  NativeLibraryLoader - Loading libgkl_pairhmm_omp.so from jar:file:/bigdata/operations/pkgadmin/opt/linux/centos/7.x/x86_64/pkgs/gatk/4.0.8.1/gatk-package-4.0.8.1-local.jar!/com/intel/gkl/native/libgkl_pairhmm_omp.so
11:10:25.808 WARN  IntelPairHmm - Flush-to-zero (FTZ) is enabled when running PairHMM
11:10:25.809 INFO  IntelPairHmm - Available threads: 2
11:10:25.809 INFO  IntelPairHmm - Requested threads: 4
11:10:25.809 WARN  IntelPairHmm - Using 2 available threads, but 4 were requested
11:10:25.809 INFO  PairHMM - Using the OpenMP multi-threaded AVX-accelerated native PairHMM implementation
11:10:25.910 INFO  ProgressMeter - Starting traversal
11:10:25.911 INFO  ProgressMeter -        Current Locus  Elapsed Minutes     Regions Processed   Regions/Minute
11:10:37.350 INFO  ProgressMeter -            SpMBP10:1              0.2                    20            104.9
11:10:38.392 INFO  HaplotypeCaller - 514556 read(s) filtered by: ((((((((MappingQualityReadFilter AND MappingQualityAvailableReadFilter) AND MappedReadFilter) AND NotSecondaryAlignmentReadFilter) AND NotDuplicateReadFilter) AND PassesVendorQualityCheckReadFilter) AND NonZeroReferenceLengthAlignmentReadFilter) AND GoodCigarReadFilter) AND WellformedReadFilter)
  514556 read(s) filtered by: (((((((MappingQualityReadFilter AND MappingQualityAvailableReadFilter) AND MappedReadFilter) AND NotSecondaryAlignmentReadFilter) AND NotDuplicateReadFilter) AND PassesVendorQualityCheckReadFilter) AND NonZeroReferenceLengthAlignmentReadFilter) AND GoodCigarReadFilter)
      514556 read(s) filtered by: ((((((MappingQualityReadFilter AND MappingQualityAvailableReadFilter) AND MappedReadFilter) AND NotSecondaryAlignmentReadFilter) AND NotDuplicateReadFilter) AND PassesVendorQualityCheckReadFilter) AND NonZeroReferenceLengthAlignmentReadFilter)
          514556 read(s) filtered by: (((((MappingQualityReadFilter AND MappingQualityAvailableReadFilter) AND MappedReadFilter) AND NotSecondaryAlignmentReadFilter) AND NotDuplicateReadFilter) AND PassesVendorQualityCheckReadFilter)
              514556 read(s) filtered by: ((((MappingQualityReadFilter AND MappingQualityAvailableReadFilter) AND MappedReadFilter) AND NotSecondaryAlignmentReadFilter) AND NotDuplicateReadFilter)
                  571 read(s) filtered by: (((MappingQualityReadFilter AND MappingQualityAvailableReadFilter) AND MappedReadFilter) AND NotSecondaryAlignmentReadFilter)
                      571 read(s) filtered by: ((MappingQualityReadFilter AND MappingQualityAvailableReadFilter) AND MappedReadFilter)
                          571 read(s) filtered by: (MappingQualityReadFilter AND MappingQualityAvailableReadFilter)
                              571 read(s) filtered by: MappingQualityReadFilter 
                  513985 read(s) filtered by: NotDuplicateReadFilter 

11:10:38.392 INFO  ProgressMeter -            SpMBP10:1              0.2                    26            125.0
11:10:38.392 INFO  ProgressMeter - Traversal complete. Processed 26 total regions in 0.2 minutes.
11:10:38.428 INFO  VectorLoglessPairHMM - Time spent in setup for JNI call : 0.012108025000000001
11:10:38.428 INFO  PairHMM - Total compute time in PairHMM computeLogLikelihoods() : 0.8227033970000001
11:10:38.429 INFO  SmithWatermanAligner - Total compute time in java Smith-Waterman : 2.43 sec
11:10:38.429 INFO  HaplotypeCaller - Shutting down engine
[May 26, 2020 11:10:38 AM PDT] org.broadinstitute.hellbender.tools.walkers.haplotypecaller.HaplotypeCaller done. Elapsed time: 0.25 minutes.
Runtime.totalMemory()=2499280896
