Sourcing executables from speedseq.config ...
Aligning...
samblaster: Version 0.1.22
samblaster: Inputting from stdin
samblaster: Outputting to stdout
samblaster: Opening C4.YQidKSNfisiX/disc_pipe for write.
samblaster: Opening C4.YQidKSNfisiX/spl_pipe for write.
[M::bwa_idx_load_from_disk] read 0 ALT contigs
[M::process] read 67568 sequences (10000064 bp)...
[M::process] read 67568 sequences (10000064 bp)...
[M::mem_pestat] # candidate unique pairs for (FF, FR, RF, RR): (413, 0, 0, 2)
[M::mem_pestat] analyzing insert size distribution for orientation FF...
[M::mem_pestat] (25, 50, 75) percentile: (2, 5, 6)
[M::mem_pestat] low and high boundaries for computing mean and std.dev: (1, 14)
[M::mem_pestat] mean and std.dev: (4.57, 2.52)
[M::mem_pestat] low and high boundaries for proper pairs: (1, 18)
[M::mem_pestat] skip orientation FR as there are not enough pairs
[M::mem_pestat] skip orientation RF as there are not enough pairs
[M::mem_pestat] skip orientation RR as there are not enough pairs
[M::mem_process_seqs] Processed 67568 reads in 7.448 CPU sec, 7.279 real sec
samblaster: Loaded 12 header sequence entries.
[M::process] read 67568 sequences (10000064 bp)...
[M::mem_pestat] # candidate unique pairs for (FF, FR, RF, RR): (435, 0, 0, 0)
[M::mem_pestat] analyzing insert size distribution for orientation FF...
[M::mem_pestat] (25, 50, 75) percentile: (3, 5, 6)
[M::mem_pestat] low and high boundaries for computing mean and std.dev: (1, 12)
[M::mem_pestat] mean and std.dev: (4.64, 2.38)
[M::mem_pestat] low and high boundaries for proper pairs: (1, 15)
[M::mem_pestat] skip orientation FR as there are not enough pairs
[M::mem_pestat] skip orientation RF as there are not enough pairs
[M::mem_pestat] skip orientation RR as there are not enough pairs
[M::mem_process_seqs] Processed 67568 reads in 7.855 CPU sec, 7.716 real sec
[M::process] read 67568 sequences (10000064 bp)...
[M::mem_pestat] # candidate unique pairs for (FF, FR, RF, RR): (379, 0, 0, 0)
[M::mem_pestat] analyzing insert size distribution for orientation FF...
[M::mem_pestat] (25, 50, 75) percentile: (3, 5, 6)
[M::mem_pestat] low and high boundaries for computing mean and std.dev: (1, 12)
[M::mem_pestat] mean and std.dev: (4.72, 2.38)
[M::mem_pestat] low and high boundaries for proper pairs: (1, 15)
[M::mem_pestat] skip orientation FR as there are not enough pairs
[M::mem_pestat] skip orientation RF as there are not enough pairs
[M::mem_pestat] skip orientation RR as there are not enough pairs
[M::mem_process_seqs] Processed 67568 reads in 7.879 CPU sec, 7.702 real sec
[M::process] read 67568 sequences (10000064 bp)...
[M::mem_pestat] # candidate unique pairs for (FF, FR, RF, RR): (400, 0, 0, 1)
[M::mem_pestat] analyzing insert size distribution for orientation FF...
[M::mem_pestat] (25, 50, 75) percentile: (3, 5, 7)
[M::mem_pestat] low and high boundaries for computing mean and std.dev: (1, 15)
[M::mem_pestat] mean and std.dev: (4.92, 2.73)
[M::mem_pestat] low and high boundaries for proper pairs: (1, 19)
[M::mem_pestat] skip orientation FR as there are not enough pairs
[M::mem_pestat] skip orientation RF as there are not enough pairs
[M::mem_pestat] skip orientation RR as there are not enough pairs
[M::mem_process_seqs] Processed 67568 reads in 7.844 CPU sec, 7.696 real sec
[M::process] read 67568 sequences (10000064 bp)...
[M::mem_pestat] # candidate unique pairs for (FF, FR, RF, RR): (487, 0, 0, 0)
[M::mem_pestat] analyzing insert size distribution for orientation FF...
[M::mem_pestat] (25, 50, 75) percentile: (3, 5, 6)
[M::mem_pestat] low and high boundaries for computing mean and std.dev: (1, 12)
[M::mem_pestat] mean and std.dev: (4.59, 2.41)
[M::mem_pestat] low and high boundaries for proper pairs: (1, 15)
[M::mem_pestat] skip orientation FR as there are not enough pairs
[M::mem_pestat] skip orientation RF as there are not enough pairs
[M::mem_pestat] skip orientation RR as there are not enough pairs
[M::mem_process_seqs] Processed 67568 reads in 7.896 CPU sec, 7.724 real sec
[M::process] read 67568 sequences (10000064 bp)...
[M::mem_pestat] # candidate unique pairs for (FF, FR, RF, RR): (493, 0, 0, 0)
[M::mem_pestat] analyzing insert size distribution for orientation FF...
[M::mem_pestat] (25, 50, 75) percentile: (1, 5, 7)
[M::mem_pestat] low and high boundaries for computing mean and std.dev: (1, 19)
[M::mem_pestat] mean and std.dev: (4.58, 3.00)
[M::mem_pestat] low and high boundaries for proper pairs: (1, 25)
[M::mem_pestat] skip orientation FR as there are not enough pairs
[M::mem_pestat] skip orientation RF as there are not enough pairs
[M::mem_pestat] skip orientation RR as there are not enough pairs
[M::mem_process_seqs] Processed 67568 reads in 7.665 CPU sec, 7.516 real sec
[M::process] read 13098 sequences (1938504 bp)...
[M::mem_pestat] # candidate unique pairs for (FF, FR, RF, RR): (463, 0, 0, 2)
[M::mem_pestat] analyzing insert size distribution for orientation FF...
[M::mem_pestat] (25, 50, 75) percentile: (2, 5, 6)
[M::mem_pestat] low and high boundaries for computing mean and std.dev: (1, 14)
[M::mem_pestat] mean and std.dev: (4.60, 2.56)
[M::mem_pestat] low and high boundaries for proper pairs: (1, 18)
[M::mem_pestat] skip orientation FR as there are not enough pairs
[M::mem_pestat] skip orientation RF as there are not enough pairs
[M::mem_pestat] skip orientation RR as there are not enough pairs
[M::mem_process_seqs] Processed 67568 reads in 7.412 CPU sec, 7.365 real sec
[M::mem_pestat] # candidate unique pairs for (FF, FR, RF, RR): (81, 0, 0, 0)
[M::mem_pestat] analyzing insert size distribution for orientation FF...
[M::mem_pestat] (25, 50, 75) percentile: (2, 5, 7)
[M::mem_pestat] low and high boundaries for computing mean and std.dev: (1, 17)
[M::mem_pestat] mean and std.dev: (4.83, 2.94)
[M::mem_pestat] low and high boundaries for proper pairs: (1, 22)
[M::mem_pestat] skip orientation FR as there are not enough pairs
[M::mem_pestat] skip orientation RF as there are not enough pairs
[M::mem_pestat] skip orientation RR as there are not enough pairs
[M::mem_process_seqs] Processed 13098 reads in 1.736 CPU sec, 1.704 real sec
[main] Version: 0.7.12-r1039
[main] CMD: /opt/linux/centos/7.x/x86_64/pkgs/bwa/0.7.12/bin/bwa mem -t 1 -R @RG\tID:C4\tSM:C4\tLB:Lib\ References.fasta ExternalData/C4_pair1.fastq ExternalData/C4_pair2.fastq
[main] Real time: 55.129 sec; CPU: 55.869 sec
samblaster: Output 199 discordant read pairs to C4.YQidKSNfisiX/disc_pipe
samblaster: Output 20 split reads to C4.YQidKSNfisiX/spl_pipe
samblaster: Marked 236630 of 243037 (97.36%) read ids as duplicates using 1340k memory in 1.037S CPU seconds and 56S wall time.
Done
Using GATK jar /bigdata/operations/pkgadmin/opt/linux/centos/7.x/x86_64/pkgs/gatk/4.0.8.1/gatk-package-4.0.8.1-local.jar
Running:
    java -Dsamjdk.use_async_io_read_samtools=false -Dsamjdk.use_async_io_write_samtools=true -Dsamjdk.use_async_io_write_tribble=false -Dsamjdk.compression_level=2 -jar /bigdata/operations/pkgadmin/opt/linux/centos/7.x/x86_64/pkgs/gatk/4.0.8.1/gatk-package-4.0.8.1-local.jar HaplotypeCaller -R References.fasta -I results/C4.bam -O results/C4.g.vcf -ERC GVCF
11:09:53.654 INFO  NativeLibraryLoader - Loading libgkl_compression.so from jar:file:/bigdata/operations/pkgadmin/opt/linux/centos/7.x/x86_64/pkgs/gatk/4.0.8.1/gatk-package-4.0.8.1-local.jar!/com/intel/gkl/native/libgkl_compression.so
11:09:53.897 INFO  HaplotypeCaller - ------------------------------------------------------------
11:09:53.899 INFO  HaplotypeCaller - The Genome Analysis Toolkit (GATK) v4.0.8.1
11:09:53.899 INFO  HaplotypeCaller - For support and documentation go to https://software.broadinstitute.org/gatk/
11:09:53.900 INFO  HaplotypeCaller - Executing as arajewski@i06 on Linux v3.10.0-957.el7.x86_64 amd64
11:09:53.900 INFO  HaplotypeCaller - Java runtime: Java HotSpot(TM) 64-Bit Server VM v1.8.0_45-b14
11:09:53.901 INFO  HaplotypeCaller - Start Date/Time: May 26, 2020 11:09:53 AM PDT
11:09:53.901 INFO  HaplotypeCaller - ------------------------------------------------------------
11:09:53.901 INFO  HaplotypeCaller - ------------------------------------------------------------
11:09:53.901 INFO  HaplotypeCaller - HTSJDK Version: 2.16.0
11:09:53.901 INFO  HaplotypeCaller - Picard Version: 2.18.7
11:09:53.902 INFO  HaplotypeCaller - HTSJDK Defaults.COMPRESSION_LEVEL : 2
11:09:53.902 INFO  HaplotypeCaller - HTSJDK Defaults.USE_ASYNC_IO_READ_FOR_SAMTOOLS : false
11:09:53.902 INFO  HaplotypeCaller - HTSJDK Defaults.USE_ASYNC_IO_WRITE_FOR_SAMTOOLS : true
11:09:53.902 INFO  HaplotypeCaller - HTSJDK Defaults.USE_ASYNC_IO_WRITE_FOR_TRIBBLE : false
11:09:53.902 INFO  HaplotypeCaller - Deflater: IntelDeflater
11:09:53.902 INFO  HaplotypeCaller - Inflater: IntelInflater
11:09:53.902 INFO  HaplotypeCaller - GCS max retries/reopens: 20
11:09:53.902 INFO  HaplotypeCaller - Using google-cloud-java fork https://github.com/broadinstitute/google-cloud-java/releases/tag/0.20.5-alpha-GCS-RETRY-FIX
11:09:53.902 INFO  HaplotypeCaller - Initializing engine
11:09:55.131 INFO  HaplotypeCaller - Done initializing engine
11:09:55.140 INFO  HaplotypeCallerEngine - Tool is in reference confidence mode and the annotation, the following changes will be made to any specified annotations: 'StrandBiasBySample' will be enabled. 'ChromosomeCounts', 'FisherStrand', 'StrandOddsRatio' and 'QualByDepth' annotations have been disabled
11:09:55.146 INFO  HaplotypeCallerEngine - Standard Emitting and Calling confidence set to 0.0 for reference-model confidence output
11:09:55.146 INFO  HaplotypeCallerEngine - All sites annotated with PLs forced to true for reference-model confidence output
11:09:55.170 INFO  NativeLibraryLoader - Loading libgkl_utils.so from jar:file:/bigdata/operations/pkgadmin/opt/linux/centos/7.x/x86_64/pkgs/gatk/4.0.8.1/gatk-package-4.0.8.1-local.jar!/com/intel/gkl/native/libgkl_utils.so
11:09:55.174 INFO  NativeLibraryLoader - Loading libgkl_pairhmm_omp.so from jar:file:/bigdata/operations/pkgadmin/opt/linux/centos/7.x/x86_64/pkgs/gatk/4.0.8.1/gatk-package-4.0.8.1-local.jar!/com/intel/gkl/native/libgkl_pairhmm_omp.so
11:09:55.219 WARN  IntelPairHmm - Flush-to-zero (FTZ) is enabled when running PairHMM
11:09:55.220 INFO  IntelPairHmm - Available threads: 2
11:09:55.220 INFO  IntelPairHmm - Requested threads: 4
11:09:55.220 WARN  IntelPairHmm - Using 2 available threads, but 4 were requested
11:09:55.220 INFO  PairHMM - Using the OpenMP multi-threaded AVX-accelerated native PairHMM implementation
11:09:55.282 INFO  ProgressMeter - Starting traversal
11:09:55.282 INFO  ProgressMeter -        Current Locus  Elapsed Minutes     Regions Processed   Regions/Minute
11:10:06.347 INFO  ProgressMeter -            SpFUL2:26              0.2                    20            108.5
11:10:09.658 INFO  HaplotypeCaller - 473314 read(s) filtered by: ((((((((MappingQualityReadFilter AND MappingQualityAvailableReadFilter) AND MappedReadFilter) AND NotSecondaryAlignmentReadFilter) AND NotDuplicateReadFilter) AND PassesVendorQualityCheckReadFilter) AND NonZeroReferenceLengthAlignmentReadFilter) AND GoodCigarReadFilter) AND WellformedReadFilter)
  473314 read(s) filtered by: (((((((MappingQualityReadFilter AND MappingQualityAvailableReadFilter) AND MappedReadFilter) AND NotSecondaryAlignmentReadFilter) AND NotDuplicateReadFilter) AND PassesVendorQualityCheckReadFilter) AND NonZeroReferenceLengthAlignmentReadFilter) AND GoodCigarReadFilter)
      473314 read(s) filtered by: ((((((MappingQualityReadFilter AND MappingQualityAvailableReadFilter) AND MappedReadFilter) AND NotSecondaryAlignmentReadFilter) AND NotDuplicateReadFilter) AND PassesVendorQualityCheckReadFilter) AND NonZeroReferenceLengthAlignmentReadFilter)
          473314 read(s) filtered by: (((((MappingQualityReadFilter AND MappingQualityAvailableReadFilter) AND MappedReadFilter) AND NotSecondaryAlignmentReadFilter) AND NotDuplicateReadFilter) AND PassesVendorQualityCheckReadFilter)
              473314 read(s) filtered by: ((((MappingQualityReadFilter AND MappingQualityAvailableReadFilter) AND MappedReadFilter) AND NotSecondaryAlignmentReadFilter) AND NotDuplicateReadFilter)
                  318 read(s) filtered by: (((MappingQualityReadFilter AND MappingQualityAvailableReadFilter) AND MappedReadFilter) AND NotSecondaryAlignmentReadFilter)
                      318 read(s) filtered by: ((MappingQualityReadFilter AND MappingQualityAvailableReadFilter) AND MappedReadFilter)
                          318 read(s) filtered by: (MappingQualityReadFilter AND MappingQualityAvailableReadFilter)
                              318 read(s) filtered by: MappingQualityReadFilter 
                  472996 read(s) filtered by: NotDuplicateReadFilter 

11:10:09.659 INFO  ProgressMeter -            SpFUL2:26              0.2                    29            121.0
11:10:09.659 INFO  ProgressMeter - Traversal complete. Processed 29 total regions in 0.2 minutes.
11:10:09.666 INFO  VectorLoglessPairHMM - Time spent in setup for JNI call : 0.004359046
11:10:09.667 INFO  PairHMM - Total compute time in PairHMM computeLogLikelihoods() : 1.9609589020000002
11:10:09.667 INFO  SmithWatermanAligner - Total compute time in java Smith-Waterman : 3.65 sec
11:10:09.668 INFO  HaplotypeCaller - Shutting down engine
[May 26, 2020 11:10:09 AM PDT] org.broadinstitute.hellbender.tools.walkers.haplotypecaller.HaplotypeCaller done. Elapsed time: 0.27 minutes.
Runtime.totalMemory()=2829058048
