Sourcing executables from speedseq.config ...
Aligning...
[M::bwa_idx_load_from_disk] read 0 ALT contigs
samblaster: Version 0.1.22
samblaster: Inputting from stdin
samblaster: Outputting to stdout
samblaster: Opening E7.jAgNotqJTlNn/disc_pipe for write.
samblaster: Opening E7.jAgNotqJTlNn/spl_pipe for write.
[M::process] read 67568 sequences (10000064 bp)...
[M::process] read 14670 sequences (2171160 bp)...
[M::mem_pestat] # candidate unique pairs for (FF, FR, RF, RR): (400, 0, 0, 300)
[M::mem_pestat] analyzing insert size distribution for orientation FF...
[M::mem_pestat] (25, 50, 75) percentile: (2, 5, 6)
[M::mem_pestat] low and high boundaries for computing mean and std.dev: (1, 14)
[M::mem_pestat] mean and std.dev: (4.64, 2.54)
[M::mem_pestat] low and high boundaries for proper pairs: (1, 18)
[M::mem_pestat] skip orientation FR as there are not enough pairs
[M::mem_pestat] skip orientation RF as there are not enough pairs
[M::mem_pestat] analyzing insert size distribution for orientation RR...
[M::mem_pestat] (25, 50, 75) percentile: (1, 1, 1)
[M::mem_pestat] low and high boundaries for computing mean and std.dev: (1, 1)
[M::mem_pestat] mean and std.dev: (1.00, 0.00)
[M::mem_pestat] low and high boundaries for proper pairs: (1, 1)
[M::mem_process_seqs] Processed 67568 reads in 10.443 CPU sec, 10.404 real sec
samblaster: Loaded 12 header sequence entries.
[M::mem_pestat] # candidate unique pairs for (FF, FR, RF, RR): (93, 0, 0, 65)
[M::mem_pestat] analyzing insert size distribution for orientation FF...
[M::mem_pestat] (25, 50, 75) percentile: (1, 4, 6)
[M::mem_pestat] low and high boundaries for computing mean and std.dev: (1, 16)
[M::mem_pestat] mean and std.dev: (4.32, 2.67)
[M::mem_pestat] low and high boundaries for proper pairs: (1, 21)
[M::mem_pestat] skip orientation FR as there are not enough pairs
[M::mem_pestat] skip orientation RF as there are not enough pairs
[M::mem_pestat] analyzing insert size distribution for orientation RR...
[M::mem_pestat] (25, 50, 75) percentile: (1, 1, 1)
[M::mem_pestat] low and high boundaries for computing mean and std.dev: (1, 1)
[M::mem_pestat] mean and std.dev: (1.00, 0.00)
[M::mem_pestat] low and high boundaries for proper pairs: (1, 1)
[M::mem_process_seqs] Processed 14670 reads in 2.565 CPU sec, 2.580 real sec
[main] Version: 0.7.12-r1039
[main] CMD: /opt/linux/centos/7.x/x86_64/pkgs/bwa/0.7.12/bin/bwa mem -t 1 -R @RG\tID:E7\tSM:E7\tLB:Lib\ References.fasta ExternalData/E7_pair1.fastq ExternalData/E7_pair2.fastq
[main] Real time: 13.366 sec; CPU: 13.145 sec
samblaster: Output 55 discordant read pairs to E7.jAgNotqJTlNn/disc_pipe
samblaster: Output 12 split reads to E7.jAgNotqJTlNn/spl_pipe
samblaster: Marked 38862 of 41119 (94.51%) read ids as duplicates using 1340k memory in 0.154S CPU seconds and 14S wall time.
Done
Using GATK jar /bigdata/operations/pkgadmin/opt/linux/centos/7.x/x86_64/pkgs/gatk/4.0.8.1/gatk-package-4.0.8.1-local.jar
Running:
    java -Dsamjdk.use_async_io_read_samtools=false -Dsamjdk.use_async_io_write_samtools=true -Dsamjdk.use_async_io_write_tribble=false -Dsamjdk.compression_level=2 -jar /bigdata/operations/pkgadmin/opt/linux/centos/7.x/x86_64/pkgs/gatk/4.0.8.1/gatk-package-4.0.8.1-local.jar HaplotypeCaller -R References.fasta -I results/E7.bam -O results/E7.g.vcf -ERC GVCF
11:09:08.202 INFO  NativeLibraryLoader - Loading libgkl_compression.so from jar:file:/bigdata/operations/pkgadmin/opt/linux/centos/7.x/x86_64/pkgs/gatk/4.0.8.1/gatk-package-4.0.8.1-local.jar!/com/intel/gkl/native/libgkl_compression.so
11:09:08.525 INFO  HaplotypeCaller - ------------------------------------------------------------
11:09:08.527 INFO  HaplotypeCaller - The Genome Analysis Toolkit (GATK) v4.0.8.1
11:09:08.528 INFO  HaplotypeCaller - For support and documentation go to https://software.broadinstitute.org/gatk/
11:09:08.529 INFO  HaplotypeCaller - Executing as arajewski@i07 on Linux v3.10.0-957.el7.x86_64 amd64
11:09:08.530 INFO  HaplotypeCaller - Java runtime: Java HotSpot(TM) 64-Bit Server VM v1.8.0_45-b14
11:09:08.535 INFO  HaplotypeCaller - Start Date/Time: May 26, 2020 11:09:08 AM PDT
11:09:08.535 INFO  HaplotypeCaller - ------------------------------------------------------------
11:09:08.535 INFO  HaplotypeCaller - ------------------------------------------------------------
11:09:08.536 INFO  HaplotypeCaller - HTSJDK Version: 2.16.0
11:09:08.536 INFO  HaplotypeCaller - Picard Version: 2.18.7
11:09:08.536 INFO  HaplotypeCaller - HTSJDK Defaults.COMPRESSION_LEVEL : 2
11:09:08.536 INFO  HaplotypeCaller - HTSJDK Defaults.USE_ASYNC_IO_READ_FOR_SAMTOOLS : false
11:09:08.536 INFO  HaplotypeCaller - HTSJDK Defaults.USE_ASYNC_IO_WRITE_FOR_SAMTOOLS : true
11:09:08.537 INFO  HaplotypeCaller - HTSJDK Defaults.USE_ASYNC_IO_WRITE_FOR_TRIBBLE : false
11:09:08.537 INFO  HaplotypeCaller - Deflater: IntelDeflater
11:09:08.537 INFO  HaplotypeCaller - Inflater: IntelInflater
11:09:08.537 INFO  HaplotypeCaller - GCS max retries/reopens: 20
11:09:08.537 INFO  HaplotypeCaller - Using google-cloud-java fork https://github.com/broadinstitute/google-cloud-java/releases/tag/0.20.5-alpha-GCS-RETRY-FIX
11:09:08.537 INFO  HaplotypeCaller - Initializing engine
11:09:09.611 INFO  HaplotypeCaller - Done initializing engine
11:09:09.617 INFO  HaplotypeCallerEngine - Tool is in reference confidence mode and the annotation, the following changes will be made to any specified annotations: 'StrandBiasBySample' will be enabled. 'ChromosomeCounts', 'FisherStrand', 'StrandOddsRatio' and 'QualByDepth' annotations have been disabled
11:09:09.622 INFO  HaplotypeCallerEngine - Standard Emitting and Calling confidence set to 0.0 for reference-model confidence output
11:09:09.622 INFO  HaplotypeCallerEngine - All sites annotated with PLs forced to true for reference-model confidence output
11:09:09.640 INFO  NativeLibraryLoader - Loading libgkl_utils.so from jar:file:/bigdata/operations/pkgadmin/opt/linux/centos/7.x/x86_64/pkgs/gatk/4.0.8.1/gatk-package-4.0.8.1-local.jar!/com/intel/gkl/native/libgkl_utils.so
11:09:09.644 INFO  NativeLibraryLoader - Loading libgkl_pairhmm_omp.so from jar:file:/bigdata/operations/pkgadmin/opt/linux/centos/7.x/x86_64/pkgs/gatk/4.0.8.1/gatk-package-4.0.8.1-local.jar!/com/intel/gkl/native/libgkl_pairhmm_omp.so
11:09:09.686 WARN  IntelPairHmm - Flush-to-zero (FTZ) is enabled when running PairHMM
11:09:09.687 INFO  IntelPairHmm - Available threads: 2
11:09:09.687 INFO  IntelPairHmm - Requested threads: 4
11:09:09.687 WARN  IntelPairHmm - Using 2 available threads, but 4 were requested
11:09:09.687 INFO  PairHMM - Using the OpenMP multi-threaded AVX-accelerated native PairHMM implementation
11:09:09.753 INFO  ProgressMeter - Starting traversal
11:09:09.753 INFO  ProgressMeter -        Current Locus  Elapsed Minutes     Regions Processed   Regions/Minute
11:09:16.441 INFO  HaplotypeCaller - 77755 read(s) filtered by: ((((((((MappingQualityReadFilter AND MappingQualityAvailableReadFilter) AND MappedReadFilter) AND NotSecondaryAlignmentReadFilter) AND NotDuplicateReadFilter) AND PassesVendorQualityCheckReadFilter) AND NonZeroReferenceLengthAlignmentReadFilter) AND GoodCigarReadFilter) AND WellformedReadFilter)
  77755 read(s) filtered by: (((((((MappingQualityReadFilter AND MappingQualityAvailableReadFilter) AND MappedReadFilter) AND NotSecondaryAlignmentReadFilter) AND NotDuplicateReadFilter) AND PassesVendorQualityCheckReadFilter) AND NonZeroReferenceLengthAlignmentReadFilter) AND GoodCigarReadFilter)
      77755 read(s) filtered by: ((((((MappingQualityReadFilter AND MappingQualityAvailableReadFilter) AND MappedReadFilter) AND NotSecondaryAlignmentReadFilter) AND NotDuplicateReadFilter) AND PassesVendorQualityCheckReadFilter) AND NonZeroReferenceLengthAlignmentReadFilter)
          77755 read(s) filtered by: (((((MappingQualityReadFilter AND MappingQualityAvailableReadFilter) AND MappedReadFilter) AND NotSecondaryAlignmentReadFilter) AND NotDuplicateReadFilter) AND PassesVendorQualityCheckReadFilter)
              77755 read(s) filtered by: ((((MappingQualityReadFilter AND MappingQualityAvailableReadFilter) AND MappedReadFilter) AND NotSecondaryAlignmentReadFilter) AND NotDuplicateReadFilter)
                  51 read(s) filtered by: (((MappingQualityReadFilter AND MappingQualityAvailableReadFilter) AND MappedReadFilter) AND NotSecondaryAlignmentReadFilter)
                      51 read(s) filtered by: ((MappingQualityReadFilter AND MappingQualityAvailableReadFilter) AND MappedReadFilter)
                          51 read(s) filtered by: (MappingQualityReadFilter AND MappingQualityAvailableReadFilter)
                              51 read(s) filtered by: MappingQualityReadFilter 
                  77704 read(s) filtered by: NotDuplicateReadFilter 

11:09:16.442 INFO  ProgressMeter -             SpFUL2:1              0.1                    18            161.5
11:09:16.442 INFO  ProgressMeter - Traversal complete. Processed 18 total regions in 0.1 minutes.
11:09:16.464 INFO  VectorLoglessPairHMM - Time spent in setup for JNI call : 0.011345903000000001
11:09:16.464 INFO  PairHMM - Total compute time in PairHMM computeLogLikelihoods() : 0.932877221
11:09:16.464 INFO  SmithWatermanAligner - Total compute time in java Smith-Waterman : 1.03 sec
11:09:16.465 INFO  HaplotypeCaller - Shutting down engine
[May 26, 2020 11:09:16 AM PDT] org.broadinstitute.hellbender.tools.walkers.haplotypecaller.HaplotypeCaller done. Elapsed time: 0.14 minutes.
Runtime.totalMemory()=2715287552
