Sourcing executables from speedseq.config ...
Aligning...
samblaster: Version 0.1.22
samblaster: Inputting from stdin
samblaster: Outputting to stdout
samblaster: Opening H6.uObQaa5CQ2lZ/disc_pipe for write.
[M::bwa_idx_load_from_disk] read 0 ALT contigs
samblaster: Opening H6.uObQaa5CQ2lZ/spl_pipe for write.
[M::process] read 68914 sequences (10000243 bp)...
[M::process] read 68856 sequences (10000116 bp)...
[M::mem_pestat] # candidate unique pairs for (FF, FR, RF, RR): (0, 33772, 0, 0)
[M::mem_pestat] skip orientation FF as there are not enough pairs
[M::mem_pestat] analyzing insert size distribution for orientation FR...
[M::mem_pestat] (25, 50, 75) percentile: (189, 199, 210)
[M::mem_pestat] low and high boundaries for computing mean and std.dev: (147, 252)
[M::mem_pestat] mean and std.dev: (199.28, 9.32)
[M::mem_pestat] low and high boundaries for proper pairs: (126, 273)
[M::mem_pestat] skip orientation RF as there are not enough pairs
[M::mem_pestat] skip orientation RR as there are not enough pairs
[M::mem_process_seqs] Processed 68914 reads in 5.405 CPU sec, 5.189 real sec
samblaster: Loaded 12 header sequence entries.
[M::process] read 44430 sequences (6459740 bp)...
[M::mem_pestat] # candidate unique pairs for (FF, FR, RF, RR): (0, 33877, 11, 0)
[M::mem_pestat] skip orientation FF as there are not enough pairs
[M::mem_pestat] analyzing insert size distribution for orientation FR...
[M::mem_pestat] (25, 50, 75) percentile: (189, 199, 210)
[M::mem_pestat] low and high boundaries for computing mean and std.dev: (147, 252)
[M::mem_pestat] mean and std.dev: (199.15, 9.38)
[M::mem_pestat] low and high boundaries for proper pairs: (126, 273)
[M::mem_pestat] analyzing insert size distribution for orientation RF...
[M::mem_pestat] (25, 50, 75) percentile: (161, 161, 161)
[M::mem_pestat] low and high boundaries for computing mean and std.dev: (161, 161)
[M::mem_pestat] mean and std.dev: (161.00, 0.00)
[M::mem_pestat] low and high boundaries for proper pairs: (161, 161)
[M::mem_pestat] skip orientation RR as there are not enough pairs
[M::mem_pestat] skip orientation RF
[M::mem_process_seqs] Processed 68856 reads in 5.625 CPU sec, 5.419 real sec
[M::mem_pestat] # candidate unique pairs for (FF, FR, RF, RR): (0, 21954, 16, 0)
[M::mem_pestat] skip orientation FF as there are not enough pairs
[M::mem_pestat] analyzing insert size distribution for orientation FR...
[M::mem_pestat] (25, 50, 75) percentile: (189, 199, 210)
[M::mem_pestat] low and high boundaries for computing mean and std.dev: (147, 252)
[M::mem_pestat] mean and std.dev: (199.41, 9.17)
[M::mem_pestat] low and high boundaries for proper pairs: (126, 273)
[M::mem_pestat] analyzing insert size distribution for orientation RF...
[M::mem_pestat] (25, 50, 75) percentile: (161, 161, 161)
[M::mem_pestat] low and high boundaries for computing mean and std.dev: (161, 161)
[M::mem_pestat] mean and std.dev: (161.00, 0.00)
[M::mem_pestat] low and high boundaries for proper pairs: (161, 161)
[M::mem_pestat] skip orientation RR as there are not enough pairs
[M::mem_pestat] skip orientation RF
[M::mem_process_seqs] Processed 44430 reads in 3.491 CPU sec, 3.402 real sec
[main] Version: 0.7.12-r1039
[main] CMD: /opt/linux/centos/7.x/x86_64/pkgs/bwa/0.7.12/bin/bwa mem -t 1 -R @RG\tID:H6\tSM:H6\tLB:Lib\ References.fasta ExternalData/Pooled/Stacks/H6.1.fq.gz ExternalData/Pooled/Stacks/H6.2.fq.gz
[main] Real time: 14.505 sec; CPU: 14.730 sec
samblaster: Output 41 discordant read pairs to H6.uObQaa5CQ2lZ/disc_pipe
samblaster: Output 4 split reads to H6.uObQaa5CQ2lZ/spl_pipe
samblaster: Marked 90275 of 91100 (99.09%) read ids as duplicates using 1344k memory in 0.349S CPU seconds and 14S wall time.
Done
Using GATK jar /bigdata/operations/pkgadmin/opt/linux/centos/7.x/x86_64/pkgs/gatk/4.0.8.1/gatk-package-4.0.8.1-local.jar
Running:
    java -Dsamjdk.use_async_io_read_samtools=false -Dsamjdk.use_async_io_write_samtools=true -Dsamjdk.use_async_io_write_tribble=false -Dsamjdk.compression_level=2 -jar /bigdata/operations/pkgadmin/opt/linux/centos/7.x/x86_64/pkgs/gatk/4.0.8.1/gatk-package-4.0.8.1-local.jar HaplotypeCaller -R References.fasta -I results/H6.bam -O results/H6.g.vcf -ERC GVCF
15:11:03.609 INFO  NativeLibraryLoader - Loading libgkl_compression.so from jar:file:/bigdata/operations/pkgadmin/opt/linux/centos/7.x/x86_64/pkgs/gatk/4.0.8.1/gatk-package-4.0.8.1-local.jar!/com/intel/gkl/native/libgkl_compression.so
15:11:03.978 INFO  HaplotypeCaller - ------------------------------------------------------------
15:11:03.980 INFO  HaplotypeCaller - The Genome Analysis Toolkit (GATK) v4.0.8.1
15:11:03.980 INFO  HaplotypeCaller - For support and documentation go to https://software.broadinstitute.org/gatk/
15:11:03.980 INFO  HaplotypeCaller - Executing as arajewski@i10 on Linux v3.10.0-957.el7.x86_64 amd64
15:11:03.981 INFO  HaplotypeCaller - Java runtime: Java HotSpot(TM) 64-Bit Server VM v1.8.0_45-b14
15:11:03.981 INFO  HaplotypeCaller - Start Date/Time: May 26, 2020 3:11:03 PM PDT
15:11:03.981 INFO  HaplotypeCaller - ------------------------------------------------------------
15:11:03.981 INFO  HaplotypeCaller - ------------------------------------------------------------
15:11:03.981 INFO  HaplotypeCaller - HTSJDK Version: 2.16.0
15:11:03.982 INFO  HaplotypeCaller - Picard Version: 2.18.7
15:11:03.982 INFO  HaplotypeCaller - HTSJDK Defaults.COMPRESSION_LEVEL : 2
15:11:03.982 INFO  HaplotypeCaller - HTSJDK Defaults.USE_ASYNC_IO_READ_FOR_SAMTOOLS : false
15:11:03.982 INFO  HaplotypeCaller - HTSJDK Defaults.USE_ASYNC_IO_WRITE_FOR_SAMTOOLS : true
15:11:03.982 INFO  HaplotypeCaller - HTSJDK Defaults.USE_ASYNC_IO_WRITE_FOR_TRIBBLE : false
15:11:03.982 INFO  HaplotypeCaller - Deflater: IntelDeflater
15:11:03.982 INFO  HaplotypeCaller - Inflater: IntelInflater
15:11:03.982 INFO  HaplotypeCaller - GCS max retries/reopens: 20
15:11:03.982 INFO  HaplotypeCaller - Using google-cloud-java fork https://github.com/broadinstitute/google-cloud-java/releases/tag/0.20.5-alpha-GCS-RETRY-FIX
15:11:03.982 INFO  HaplotypeCaller - Initializing engine
15:11:05.003 INFO  HaplotypeCaller - Done initializing engine
15:11:05.010 INFO  HaplotypeCallerEngine - Tool is in reference confidence mode and the annotation, the following changes will be made to any specified annotations: 'StrandBiasBySample' will be enabled. 'ChromosomeCounts', 'FisherStrand', 'StrandOddsRatio' and 'QualByDepth' annotations have been disabled
15:11:05.014 INFO  HaplotypeCallerEngine - Standard Emitting and Calling confidence set to 0.0 for reference-model confidence output
15:11:05.014 INFO  HaplotypeCallerEngine - All sites annotated with PLs forced to true for reference-model confidence output
15:11:05.029 INFO  NativeLibraryLoader - Loading libgkl_utils.so from jar:file:/bigdata/operations/pkgadmin/opt/linux/centos/7.x/x86_64/pkgs/gatk/4.0.8.1/gatk-package-4.0.8.1-local.jar!/com/intel/gkl/native/libgkl_utils.so
15:11:05.032 INFO  NativeLibraryLoader - Loading libgkl_pairhmm_omp.so from jar:file:/bigdata/operations/pkgadmin/opt/linux/centos/7.x/x86_64/pkgs/gatk/4.0.8.1/gatk-package-4.0.8.1-local.jar!/com/intel/gkl/native/libgkl_pairhmm_omp.so
15:11:05.073 WARN  IntelPairHmm - Flush-to-zero (FTZ) is enabled when running PairHMM
15:11:05.074 INFO  IntelPairHmm - Available threads: 2
15:11:05.074 INFO  IntelPairHmm - Requested threads: 4
15:11:05.074 WARN  IntelPairHmm - Using 2 available threads, but 4 were requested
15:11:05.074 INFO  PairHMM - Using the OpenMP multi-threaded AVX-accelerated native PairHMM implementation
15:11:05.154 INFO  ProgressMeter - Starting traversal
15:11:05.155 INFO  ProgressMeter -        Current Locus  Elapsed Minutes     Regions Processed   Regions/Minute
15:11:14.257 INFO  HaplotypeCaller - 180575 read(s) filtered by: ((((((((MappingQualityReadFilter AND MappingQualityAvailableReadFilter) AND MappedReadFilter) AND NotSecondaryAlignmentReadFilter) AND NotDuplicateReadFilter) AND PassesVendorQualityCheckReadFilter) AND NonZeroReferenceLengthAlignmentReadFilter) AND GoodCigarReadFilter) AND WellformedReadFilter)
  180575 read(s) filtered by: (((((((MappingQualityReadFilter AND MappingQualityAvailableReadFilter) AND MappedReadFilter) AND NotSecondaryAlignmentReadFilter) AND NotDuplicateReadFilter) AND PassesVendorQualityCheckReadFilter) AND NonZeroReferenceLengthAlignmentReadFilter) AND GoodCigarReadFilter)
      180575 read(s) filtered by: ((((((MappingQualityReadFilter AND MappingQualityAvailableReadFilter) AND MappedReadFilter) AND NotSecondaryAlignmentReadFilter) AND NotDuplicateReadFilter) AND PassesVendorQualityCheckReadFilter) AND NonZeroReferenceLengthAlignmentReadFilter)
          180575 read(s) filtered by: (((((MappingQualityReadFilter AND MappingQualityAvailableReadFilter) AND MappedReadFilter) AND NotSecondaryAlignmentReadFilter) AND NotDuplicateReadFilter) AND PassesVendorQualityCheckReadFilter)
              180575 read(s) filtered by: ((((MappingQualityReadFilter AND MappingQualityAvailableReadFilter) AND MappedReadFilter) AND NotSecondaryAlignmentReadFilter) AND NotDuplicateReadFilter)
                  366 read(s) filtered by: (((MappingQualityReadFilter AND MappingQualityAvailableReadFilter) AND MappedReadFilter) AND NotSecondaryAlignmentReadFilter)
                      366 read(s) filtered by: ((MappingQualityReadFilter AND MappingQualityAvailableReadFilter) AND MappedReadFilter)
                          366 read(s) filtered by: (MappingQualityReadFilter AND MappingQualityAvailableReadFilter)
                              366 read(s) filtered by: MappingQualityReadFilter 
                  180209 read(s) filtered by: NotDuplicateReadFilter 

15:11:14.257 INFO  ProgressMeter -            SpMBP10:1              0.2                    26            171.4
15:11:14.257 INFO  ProgressMeter - Traversal complete. Processed 26 total regions in 0.2 minutes.
15:11:14.286 INFO  VectorLoglessPairHMM - Time spent in setup for JNI call : 0.014049158
15:11:14.286 INFO  PairHMM - Total compute time in PairHMM computeLogLikelihoods() : 1.3124205990000002
15:11:14.287 INFO  SmithWatermanAligner - Total compute time in java Smith-Waterman : 1.43 sec
15:11:14.287 INFO  HaplotypeCaller - Shutting down engine
[May 26, 2020 3:11:14 PM PDT] org.broadinstitute.hellbender.tools.walkers.haplotypecaller.HaplotypeCaller done. Elapsed time: 0.18 minutes.
Runtime.totalMemory()=2732064768
