Sourcing executables from speedseq.config ...
Aligning...
samblaster: Version 0.1.22
samblaster: Inputting from stdin
samblaster: Outputting to stdout
samblaster: Opening F2.28lSptpLSD7i/disc_pipe for write.
[M::bwa_idx_load_from_disk] read 0 ALT contigs
samblaster: Opening F2.28lSptpLSD7i/spl_pipe for write.
[M::process] read 67798 sequences (10000205 bp)...
[M::process] read 67798 sequences (10000205 bp)...
[M::mem_pestat] # candidate unique pairs for (FF, FR, RF, RR): (262, 0, 0, 4)
[M::mem_pestat] analyzing insert size distribution for orientation FF...
[M::mem_pestat] (25, 50, 75) percentile: (2, 4, 5)
[M::mem_pestat] low and high boundaries for computing mean and std.dev: (1, 11)
[M::mem_pestat] mean and std.dev: (3.96, 2.35)
[M::mem_pestat] low and high boundaries for proper pairs: (1, 14)
[M::mem_pestat] skip orientation FR as there are not enough pairs
[M::mem_pestat] skip orientation RF as there are not enough pairs
[M::mem_pestat] skip orientation RR as there are not enough pairs
[M::mem_process_seqs] Processed 67798 reads in 6.233 CPU sec, 6.092 real sec
samblaster: Loaded 12 header sequence entries.
[M::process] read 67798 sequences (10000205 bp)...
[M::mem_pestat] # candidate unique pairs for (FF, FR, RF, RR): (248, 0, 0, 3)
[M::mem_pestat] analyzing insert size distribution for orientation FF...
[M::mem_pestat] (25, 50, 75) percentile: (2, 4, 5)
[M::mem_pestat] low and high boundaries for computing mean and std.dev: (1, 11)
[M::mem_pestat] mean and std.dev: (3.85, 2.22)
[M::mem_pestat] low and high boundaries for proper pairs: (1, 14)
[M::mem_pestat] skip orientation FR as there are not enough pairs
[M::mem_pestat] skip orientation RF as there are not enough pairs
[M::mem_pestat] skip orientation RR as there are not enough pairs
[M::mem_process_seqs] Processed 67798 reads in 6.656 CPU sec, 6.537 real sec
[M::process] read 67798 sequences (10000205 bp)...
[M::mem_pestat] # candidate unique pairs for (FF, FR, RF, RR): (246, 0, 0, 3)
[M::mem_pestat] analyzing insert size distribution for orientation FF...
[M::mem_pestat] (25, 50, 75) percentile: (2, 4, 6)
[M::mem_pestat] low and high boundaries for computing mean and std.dev: (1, 14)
[M::mem_pestat] mean and std.dev: (4.20, 2.53)
[M::mem_pestat] low and high boundaries for proper pairs: (1, 18)
[M::mem_pestat] skip orientation FR as there are not enough pairs
[M::mem_pestat] skip orientation RF as there are not enough pairs
[M::mem_pestat] skip orientation RR as there are not enough pairs
[M::mem_process_seqs] Processed 67798 reads in 6.686 CPU sec, 6.531 real sec
[M::process] read 67798 sequences (10000205 bp)...
[M::mem_pestat] # candidate unique pairs for (FF, FR, RF, RR): (223, 0, 0, 0)
[M::mem_pestat] analyzing insert size distribution for orientation FF...
[M::mem_pestat] (25, 50, 75) percentile: (2, 4, 5)
[M::mem_pestat] low and high boundaries for computing mean and std.dev: (1, 11)
[M::mem_pestat] mean and std.dev: (4.19, 2.36)
[M::mem_pestat] low and high boundaries for proper pairs: (1, 14)
[M::mem_pestat] skip orientation FR as there are not enough pairs
[M::mem_pestat] skip orientation RF as there are not enough pairs
[M::mem_pestat] skip orientation RR as there are not enough pairs
[M::mem_process_seqs] Processed 67798 reads in 6.610 CPU sec, 6.481 real sec
[M::process] read 67798 sequences (10000205 bp)...
[M::mem_pestat] # candidate unique pairs for (FF, FR, RF, RR): (251, 0, 0, 2)
[M::mem_pestat] analyzing insert size distribution for orientation FF...
[M::mem_pestat] (25, 50, 75) percentile: (2, 4, 5)
[M::mem_pestat] low and high boundaries for computing mean and std.dev: (1, 11)
[M::mem_pestat] mean and std.dev: (3.84, 2.19)
[M::mem_pestat] low and high boundaries for proper pairs: (1, 14)
[M::mem_pestat] skip orientation FR as there are not enough pairs
[M::mem_pestat] skip orientation RF as there are not enough pairs
[M::mem_pestat] skip orientation RR as there are not enough pairs
[M::mem_process_seqs] Processed 67798 reads in 6.692 CPU sec, 6.543 real sec
[M::process] read 67798 sequences (10000205 bp)...
[M::mem_pestat] # candidate unique pairs for (FF, FR, RF, RR): (271, 0, 0, 2)
[M::mem_pestat] analyzing insert size distribution for orientation FF...
[M::mem_pestat] (25, 50, 75) percentile: (2, 4, 5)
[M::mem_pestat] low and high boundaries for computing mean and std.dev: (1, 11)
[M::mem_pestat] mean and std.dev: (3.72, 2.18)
[M::mem_pestat] low and high boundaries for proper pairs: (1, 14)
[M::mem_pestat] skip orientation FR as there are not enough pairs
[M::mem_pestat] skip orientation RF as there are not enough pairs
[M::mem_pestat] skip orientation RR as there are not enough pairs
[M::mem_process_seqs] Processed 67798 reads in 6.670 CPU sec, 6.470 real sec
[M::process] read 27100 sequences (3997250 bp)...
[M::mem_pestat] # candidate unique pairs for (FF, FR, RF, RR): (287, 0, 0, 1)
[M::mem_pestat] analyzing insert size distribution for orientation FF...
[M::mem_pestat] (25, 50, 75) percentile: (2, 4, 5)
[M::mem_pestat] low and high boundaries for computing mean and std.dev: (1, 11)
[M::mem_pestat] mean and std.dev: (3.65, 2.00)
[M::mem_pestat] low and high boundaries for proper pairs: (1, 14)
[M::mem_pestat] skip orientation FR as there are not enough pairs
[M::mem_pestat] skip orientation RF as there are not enough pairs
[M::mem_pestat] skip orientation RR as there are not enough pairs
[M::mem_process_seqs] Processed 67798 reads in 6.596 CPU sec, 6.471 real sec
[M::mem_pestat] # candidate unique pairs for (FF, FR, RF, RR): (119, 0, 0, 1)
[M::mem_pestat] analyzing insert size distribution for orientation FF...
[M::mem_pestat] (25, 50, 75) percentile: (2, 4, 7)
[M::mem_pestat] low and high boundaries for computing mean and std.dev: (1, 17)
[M::mem_pestat] mean and std.dev: (4.18, 2.86)
[M::mem_pestat] low and high boundaries for proper pairs: (1, 22)
[M::mem_pestat] skip orientation FR as there are not enough pairs
[M::mem_pestat] skip orientation RF as there are not enough pairs
[M::mem_pestat] skip orientation RR as there are not enough pairs
[M::mem_process_seqs] Processed 27100 reads in 2.906 CPU sec, 2.818 real sec
[main] Version: 0.7.12-r1039
[main] CMD: /opt/linux/centos/7.x/x86_64/pkgs/bwa/0.7.12/bin/bwa mem -t 1 -R @RG\tID:F2\tSM:F2\tLB:Lib\ References.fasta ExternalData/F2_pair1.fastq ExternalData/F2_pair2.fastq
[main] Real time: 48.270 sec; CPU: 49.176 sec
samblaster: Output 169 discordant read pairs to F2.28lSptpLSD7i/disc_pipe
samblaster: Output 56 split reads to F2.28lSptpLSD7i/spl_pipe
samblaster: Marked 248743 of 250843 (99.16%) read ids as duplicates using 1340k memory in 1.053S CPU seconds and 48S wall time.
Done
Using GATK jar /bigdata/operations/pkgadmin/opt/linux/centos/7.x/x86_64/pkgs/gatk/4.0.8.1/gatk-package-4.0.8.1-local.jar
Running:
    java -Dsamjdk.use_async_io_read_samtools=false -Dsamjdk.use_async_io_write_samtools=true -Dsamjdk.use_async_io_write_tribble=false -Dsamjdk.compression_level=2 -jar /bigdata/operations/pkgadmin/opt/linux/centos/7.x/x86_64/pkgs/gatk/4.0.8.1/gatk-package-4.0.8.1-local.jar HaplotypeCaller -R References.fasta -I results/F2.bam -O results/F2.g.vcf -ERC GVCF
11:09:48.374 INFO  NativeLibraryLoader - Loading libgkl_compression.so from jar:file:/bigdata/operations/pkgadmin/opt/linux/centos/7.x/x86_64/pkgs/gatk/4.0.8.1/gatk-package-4.0.8.1-local.jar!/com/intel/gkl/native/libgkl_compression.so
11:09:49.286 INFO  HaplotypeCaller - ------------------------------------------------------------
11:09:49.287 INFO  HaplotypeCaller - The Genome Analysis Toolkit (GATK) v4.0.8.1
11:09:49.287 INFO  HaplotypeCaller - For support and documentation go to https://software.broadinstitute.org/gatk/
11:09:49.288 INFO  HaplotypeCaller - Executing as arajewski@i05 on Linux v3.10.0-957.el7.x86_64 amd64
11:09:49.288 INFO  HaplotypeCaller - Java runtime: Java HotSpot(TM) 64-Bit Server VM v1.8.0_45-b14
11:09:49.288 INFO  HaplotypeCaller - Start Date/Time: May 26, 2020 11:09:48 AM PDT
11:09:49.289 INFO  HaplotypeCaller - ------------------------------------------------------------
11:09:49.289 INFO  HaplotypeCaller - ------------------------------------------------------------
11:09:49.289 INFO  HaplotypeCaller - HTSJDK Version: 2.16.0
11:09:49.289 INFO  HaplotypeCaller - Picard Version: 2.18.7
11:09:49.289 INFO  HaplotypeCaller - HTSJDK Defaults.COMPRESSION_LEVEL : 2
11:09:49.290 INFO  HaplotypeCaller - HTSJDK Defaults.USE_ASYNC_IO_READ_FOR_SAMTOOLS : false
11:09:49.290 INFO  HaplotypeCaller - HTSJDK Defaults.USE_ASYNC_IO_WRITE_FOR_SAMTOOLS : true
11:09:49.290 INFO  HaplotypeCaller - HTSJDK Defaults.USE_ASYNC_IO_WRITE_FOR_TRIBBLE : false
11:09:49.290 INFO  HaplotypeCaller - Deflater: IntelDeflater
11:09:49.290 INFO  HaplotypeCaller - Inflater: IntelInflater
11:09:49.290 INFO  HaplotypeCaller - GCS max retries/reopens: 20
11:09:49.290 INFO  HaplotypeCaller - Using google-cloud-java fork https://github.com/broadinstitute/google-cloud-java/releases/tag/0.20.5-alpha-GCS-RETRY-FIX
11:09:49.290 INFO  HaplotypeCaller - Initializing engine
11:09:49.764 INFO  HaplotypeCaller - Done initializing engine
11:09:49.770 INFO  HaplotypeCallerEngine - Tool is in reference confidence mode and the annotation, the following changes will be made to any specified annotations: 'StrandBiasBySample' will be enabled. 'ChromosomeCounts', 'FisherStrand', 'StrandOddsRatio' and 'QualByDepth' annotations have been disabled
11:09:49.776 INFO  HaplotypeCallerEngine - Standard Emitting and Calling confidence set to 0.0 for reference-model confidence output
11:09:49.776 INFO  HaplotypeCallerEngine - All sites annotated with PLs forced to true for reference-model confidence output
11:09:49.794 INFO  NativeLibraryLoader - Loading libgkl_utils.so from jar:file:/bigdata/operations/pkgadmin/opt/linux/centos/7.x/x86_64/pkgs/gatk/4.0.8.1/gatk-package-4.0.8.1-local.jar!/com/intel/gkl/native/libgkl_utils.so
11:09:49.800 INFO  NativeLibraryLoader - Loading libgkl_pairhmm_omp.so from jar:file:/bigdata/operations/pkgadmin/opt/linux/centos/7.x/x86_64/pkgs/gatk/4.0.8.1/gatk-package-4.0.8.1-local.jar!/com/intel/gkl/native/libgkl_pairhmm_omp.so
11:09:49.842 WARN  IntelPairHmm - Flush-to-zero (FTZ) is enabled when running PairHMM
11:09:49.843 INFO  IntelPairHmm - Available threads: 2
11:09:49.843 INFO  IntelPairHmm - Requested threads: 4
11:09:49.843 WARN  IntelPairHmm - Using 2 available threads, but 4 were requested
11:09:49.843 INFO  PairHMM - Using the OpenMP multi-threaded AVX-accelerated native PairHMM implementation
11:09:49.942 INFO  ProgressMeter - Starting traversal
11:09:49.942 INFO  ProgressMeter -        Current Locus  Elapsed Minutes     Regions Processed   Regions/Minute
11:10:03.424 INFO  HaplotypeCaller - 497580 read(s) filtered by: ((((((((MappingQualityReadFilter AND MappingQualityAvailableReadFilter) AND MappedReadFilter) AND NotSecondaryAlignmentReadFilter) AND NotDuplicateReadFilter) AND PassesVendorQualityCheckReadFilter) AND NonZeroReferenceLengthAlignmentReadFilter) AND GoodCigarReadFilter) AND WellformedReadFilter)
  497580 read(s) filtered by: (((((((MappingQualityReadFilter AND MappingQualityAvailableReadFilter) AND MappedReadFilter) AND NotSecondaryAlignmentReadFilter) AND NotDuplicateReadFilter) AND PassesVendorQualityCheckReadFilter) AND NonZeroReferenceLengthAlignmentReadFilter) AND GoodCigarReadFilter)
      497580 read(s) filtered by: ((((((MappingQualityReadFilter AND MappingQualityAvailableReadFilter) AND MappedReadFilter) AND NotSecondaryAlignmentReadFilter) AND NotDuplicateReadFilter) AND PassesVendorQualityCheckReadFilter) AND NonZeroReferenceLengthAlignmentReadFilter)
          497580 read(s) filtered by: (((((MappingQualityReadFilter AND MappingQualityAvailableReadFilter) AND MappedReadFilter) AND NotSecondaryAlignmentReadFilter) AND NotDuplicateReadFilter) AND PassesVendorQualityCheckReadFilter)
              497580 read(s) filtered by: ((((MappingQualityReadFilter AND MappingQualityAvailableReadFilter) AND MappedReadFilter) AND NotSecondaryAlignmentReadFilter) AND NotDuplicateReadFilter)
                  90 read(s) filtered by: (((MappingQualityReadFilter AND MappingQualityAvailableReadFilter) AND MappedReadFilter) AND NotSecondaryAlignmentReadFilter)
                      90 read(s) filtered by: ((MappingQualityReadFilter AND MappingQualityAvailableReadFilter) AND MappedReadFilter)
                          90 read(s) filtered by: (MappingQualityReadFilter AND MappingQualityAvailableReadFilter)
                              90 read(s) filtered by: MappingQualityReadFilter 
                  497490 read(s) filtered by: NotDuplicateReadFilter 

11:10:03.424 INFO  ProgressMeter -            SpMBP10:1              0.2                    26            115.7
11:10:03.424 INFO  ProgressMeter - Traversal complete. Processed 26 total regions in 0.2 minutes.
11:10:03.434 INFO  VectorLoglessPairHMM - Time spent in setup for JNI call : 0.020413763
11:10:03.434 INFO  PairHMM - Total compute time in PairHMM computeLogLikelihoods() : 1.919288662
11:10:03.434 INFO  SmithWatermanAligner - Total compute time in java Smith-Waterman : 2.72 sec
11:10:03.434 INFO  HaplotypeCaller - Shutting down engine
[May 26, 2020 11:10:03 AM PDT] org.broadinstitute.hellbender.tools.walkers.haplotypecaller.HaplotypeCaller done. Elapsed time: 0.25 minutes.
Runtime.totalMemory()=2633498624
