Sourcing executables from speedseq.config ...
Aligning...
samblaster: Version 0.1.22
samblaster: Inputting from stdin
samblaster: Outputting to stdout
samblaster: Opening D11.NsoSMZHCxuEt/disc_pipe for write.
[M::bwa_idx_load_from_disk] read 0 ALT contigs
samblaster: Opening D11.NsoSMZHCxuEt/spl_pipe for write.
[M::process] read 73682 sequences (10000037 bp)...
[M::process] read 73724 sequences (10000226 bp)...
[M::mem_pestat] # candidate unique pairs for (FF, FR, RF, RR): (0, 36716, 0, 0)
[M::mem_pestat] skip orientation FF as there are not enough pairs
[M::mem_pestat] analyzing insert size distribution for orientation FR...
[M::mem_pestat] (25, 50, 75) percentile: (121, 193, 200)
[M::mem_pestat] low and high boundaries for computing mean and std.dev: (1, 358)
[M::mem_pestat] mean and std.dev: (164.51, 45.25)
[M::mem_pestat] low and high boundaries for proper pairs: (1, 437)
[M::mem_pestat] skip orientation RF as there are not enough pairs
[M::mem_pestat] skip orientation RR as there are not enough pairs
[M::mem_process_seqs] Processed 73682 reads in 3.265 CPU sec, 3.040 real sec
samblaster: Loaded 12 header sequence entries.
[M::process] read 73734 sequences (10000141 bp)...
[M::mem_pestat] # candidate unique pairs for (FF, FR, RF, RR): (0, 36806, 0, 0)
[M::mem_pestat] skip orientation FF as there are not enough pairs
[M::mem_pestat] analyzing insert size distribution for orientation FR...
[M::mem_pestat] (25, 50, 75) percentile: (121, 159, 200)
[M::mem_pestat] low and high boundaries for computing mean and std.dev: (1, 358)
[M::mem_pestat] mean and std.dev: (164.36, 45.24)
[M::mem_pestat] low and high boundaries for proper pairs: (1, 437)
[M::mem_pestat] skip orientation RF as there are not enough pairs
[M::mem_pestat] skip orientation RR as there are not enough pairs
[M::mem_process_seqs] Processed 73724 reads in 3.546 CPU sec, 3.348 real sec
[M::process] read 7660 sequences (1041767 bp)...
[M::mem_pestat] # candidate unique pairs for (FF, FR, RF, RR): (0, 36789, 0, 0)
[M::mem_pestat] skip orientation FF as there are not enough pairs
[M::mem_pestat] analyzing insert size distribution for orientation FR...
[M::mem_pestat] (25, 50, 75) percentile: (121, 159, 200)
[M::mem_pestat] low and high boundaries for computing mean and std.dev: (1, 358)
[M::mem_pestat] mean and std.dev: (164.23, 45.30)
[M::mem_pestat] low and high boundaries for proper pairs: (1, 437)
[M::mem_pestat] skip orientation RF as there are not enough pairs
[M::mem_pestat] skip orientation RR as there are not enough pairs
[M::mem_process_seqs] Processed 73734 reads in 3.347 CPU sec, 3.292 real sec
[M::mem_pestat] # candidate unique pairs for (FF, FR, RF, RR): (0, 3827, 0, 0)
[M::mem_pestat] skip orientation FF as there are not enough pairs
[M::mem_pestat] analyzing insert size distribution for orientation FR...
[M::mem_pestat] (25, 50, 75) percentile: (121, 193, 200)
[M::mem_pestat] low and high boundaries for computing mean and std.dev: (1, 358)
[M::mem_pestat] mean and std.dev: (165.48, 45.31)
[M::mem_pestat] low and high boundaries for proper pairs: (1, 437)
[M::mem_pestat] skip orientation RF as there are not enough pairs
[M::mem_pestat] skip orientation RR as there are not enough pairs
[M::mem_process_seqs] Processed 7660 reads in 0.659 CPU sec, 0.631 real sec
samblaster: Output 10 discordant read pairs to D11.NsoSMZHCxuEt/disc_pipe
[main] Version: 0.7.12-r1039
samblaster: Output 20 split reads to D11.NsoSMZHCxuEt/spl_pipe
[main] CMD: /opt/linux/centos/7.x/x86_64/pkgs/bwa/0.7.12/bin/bwa mem -t 1 -R @RG\tID:D11\tSM:D11\tLB:Lib\ References.fasta ExternalData/Flowcell_1304/Pooled/Stacks/D11.1.fq.gzsamblaster: Marked 114183 of 114400 (99.81%) read ids as duplicates ExternalData/Flowcell_1304/Pooled/Stacks/D11.2.fq.gz using 1340k memory in 
[main] Real time: 10.885 sec; CPU: 11.014 sec
0.434S CPU seconds and 11S wall time.
Done
