Sourcing executables from speedseq.config ...
Aligning...
samblaster: Version 0.1.22
samblaster: Inputting from stdin
samblaster: Outputting to stdout
samblaster: Opening C8.7QRteAvlQWpv/disc_pipe for write.
[M::bwa_idx_load_from_disk] read 0 ALT contigs
samblaster: Opening C8.7QRteAvlQWpv/spl_pipe for write.
[M::process] read 69860 sequences (10000257 bp)...
[M::process] read 69776 sequences (10000120 bp)...
[M::mem_pestat] # candidate unique pairs for (FF, FR, RF, RR): (0, 32257, 1, 0)
[M::mem_pestat] skip orientation FF as there are not enough pairs
[M::mem_pestat] analyzing insert size distribution for orientation FR...
[M::mem_pestat] (25, 50, 75) percentile: (189, 199, 227)
[M::mem_pestat] low and high boundaries for computing mean and std.dev: (113, 303)
[M::mem_pestat] mean and std.dev: (206.34, 16.54)
[M::mem_pestat] low and high boundaries for proper pairs: (75, 341)
[M::mem_pestat] skip orientation RF as there are not enough pairs
[M::mem_pestat] skip orientation RR as there are not enough pairs
[M::mem_process_seqs] Processed 69860 reads in 5.066 CPU sec, 4.882 real sec
samblaster: Loaded 12 header sequence entries.
[M::process] read 69808 sequences (10000192 bp)...
[M::mem_pestat] # candidate unique pairs for (FF, FR, RF, RR): (0, 32292, 0, 0)
[M::mem_pestat] skip orientation FF as there are not enough pairs
[M::mem_pestat] analyzing insert size distribution for orientation FR...
[M::mem_pestat] (25, 50, 75) percentile: (189, 199, 227)
[M::mem_pestat] low and high boundaries for computing mean and std.dev: (113, 303)
[M::mem_pestat] mean and std.dev: (206.22, 16.67)
[M::mem_pestat] low and high boundaries for proper pairs: (75, 341)
[M::mem_pestat] skip orientation RF as there are not enough pairs
[M::mem_pestat] skip orientation RR as there are not enough pairs
[M::mem_process_seqs] Processed 69776 reads in 5.471 CPU sec, 5.316 real sec
[M::process] read 48998 sequences (7007537 bp)...
[M::mem_pestat] # candidate unique pairs for (FF, FR, RF, RR): (0, 32306, 0, 0)
[M::mem_pestat] skip orientation FF as there are not enough pairs
[M::mem_pestat] analyzing insert size distribution for orientation FR...
[M::mem_pestat] (25, 50, 75) percentile: (189, 199, 227)
[M::mem_pestat] low and high boundaries for computing mean and std.dev: (113, 303)
[M::mem_pestat] mean and std.dev: (206.26, 16.62)
[M::mem_pestat] low and high boundaries for proper pairs: (75, 341)
[M::mem_pestat] skip orientation RF as there are not enough pairs
[M::mem_pestat] skip orientation RR as there are not enough pairs
[M::mem_process_seqs] Processed 69808 reads in 5.437 CPU sec, 5.227 real sec
[M::mem_pestat] # candidate unique pairs for (FF, FR, RF, RR): (0, 22688, 0, 0)
[M::mem_pestat] skip orientation FF as there are not enough pairs
[M::mem_pestat] analyzing insert size distribution for orientation FR...
[M::mem_pestat] (25, 50, 75) percentile: (189, 199, 227)
[M::mem_pestat] low and high boundaries for computing mean and std.dev: (113, 303)
[M::mem_pestat] mean and std.dev: (206.40, 16.63)
[M::mem_pestat] low and high boundaries for proper pairs: (75, 341)
[M::mem_pestat] skip orientation RF as there are not enough pairs
[M::mem_pestat] skip orientation RR as there are not enough pairs
[M::mem_process_seqs] Processed 48998 reads in 3.733 CPU sec, 3.666 real sec
[main] Version: 0.7.12-r1039
samblaster: Output 60 discordant read pairs to C8.7QRteAvlQWpv/disc_pipe
[main] CMD:samblaster: Output 8 split reads to C8.7QRteAvlQWpv/spl_pipe
 /opt/linux/centos/7.x/x86_64/pkgs/bwa/0.7.12/bin/bwa mem -t 1 -R @RG\tID:C8\tSM:C8\tLB:Lib\ References.fasta ExternalData/Flowcell_1304/Pooled/Stacks/C8.1.fq.gz ExternalData/Flowcell_1304/Pooled/Stacks/C8.2.fq.gzsamblaster: Marked 128518 of 129221 (99.46%) read ids as duplicates using 1336k memory in 
[main] Real time: 19.523 sec; CPU: 19.895 sec
0.523S CPU seconds and 19S wall time.
Done
