Sourcing executables from speedseq.config ...
Aligning...
samblaster: Version 0.1.22
samblaster: Inputting from stdin
samblaster: Outputting to stdout
samblaster: Opening A6.5LlIruYkcMJ2/disc_pipe for write.
[M::bwa_idx_load_from_disk] read 0 ALT contigs
samblaster: Opening A6.5LlIruYkcMJ2/spl_pipe for write.
[M::process] read 44238 sequences (6275735 bp)...
[M::mem_pestat] # candidate unique pairs for (FF, FR, RF, RR): (0, 21296, 4, 0)
[M::mem_pestat] skip orientation FF as there are not enough pairs
[M::mem_pestat] analyzing insert size distribution for orientation FR...
[M::mem_pestat] (25, 50, 75) percentile: (199, 200, 210)
[M::mem_pestat] low and high boundaries for computing mean and std.dev: (177, 232)
[M::mem_pestat] mean and std.dev: (203.72, 7.23)
[M::mem_pestat] low and high boundaries for proper pairs: (166, 243)
[M::mem_pestat] skip orientation RF as there are not enough pairs
[M::mem_pestat] skip orientation RR as there are not enough pairs
[M::mem_process_seqs] Processed 44238 reads in 3.425 CPU sec, 3.425 real sec
samblaster: Loaded 12 header sequence entries.
[main] Version: 0.7.12-r1039
samblaster: Output 37 discordant read pairs to A6.5LlIruYkcMJ2/disc_pipe
[main] CMD:samblaster: Output 6 split reads to A6.5LlIruYkcMJ2/spl_pipe
 /opt/linux/centos/7.x/x86_64/pkgs/bwa/0.7.12/bin/bwa mem -t 1 -R @RG\tID:A6\tSM:A6\tLB:Lib\ References.fastasamblaster: Marked 21364 of 22119 (96.59%) read ids as duplicates ExternalData/Pooled/Stacks/A6.1.fq.gz ExternalData/Pooled/Stacks/A6.2.fq.gz using 1340k memory in 0.069S
[main] Real time: 3.783 sec; CPU: 3.570 sec
 CPU seconds and 4S wall time.
Done
Using GATK jar /bigdata/operations/pkgadmin/opt/linux/centos/7.x/x86_64/pkgs/gatk/4.0.8.1/gatk-package-4.0.8.1-local.jar
Running:
    java -Dsamjdk.use_async_io_read_samtools=false -Dsamjdk.use_async_io_write_samtools=true -Dsamjdk.use_async_io_write_tribble=false -Dsamjdk.compression_level=2 -jar /bigdata/operations/pkgadmin/opt/linux/centos/7.x/x86_64/pkgs/gatk/4.0.8.1/gatk-package-4.0.8.1-local.jar HaplotypeCaller -R References.fasta -I results/A6.bam -O results/A6.g.vcf -ERC GVCF
15:10:49.122 INFO  NativeLibraryLoader - Loading libgkl_compression.so from jar:file:/bigdata/operations/pkgadmin/opt/linux/centos/7.x/x86_64/pkgs/gatk/4.0.8.1/gatk-package-4.0.8.1-local.jar!/com/intel/gkl/native/libgkl_compression.so
15:10:49.409 INFO  HaplotypeCaller - ------------------------------------------------------------
15:10:49.411 INFO  HaplotypeCaller - The Genome Analysis Toolkit (GATK) v4.0.8.1
15:10:49.411 INFO  HaplotypeCaller - For support and documentation go to https://software.broadinstitute.org/gatk/
15:10:49.411 INFO  HaplotypeCaller - Executing as arajewski@i10 on Linux v3.10.0-957.el7.x86_64 amd64
15:10:49.411 INFO  HaplotypeCaller - Java runtime: Java HotSpot(TM) 64-Bit Server VM v1.8.0_45-b14
15:10:49.411 INFO  HaplotypeCaller - Start Date/Time: May 26, 2020 3:10:49 PM PDT
15:10:49.411 INFO  HaplotypeCaller - ------------------------------------------------------------
15:10:49.411 INFO  HaplotypeCaller - ------------------------------------------------------------
15:10:49.412 INFO  HaplotypeCaller - HTSJDK Version: 2.16.0
15:10:49.412 INFO  HaplotypeCaller - Picard Version: 2.18.7
15:10:49.412 INFO  HaplotypeCaller - HTSJDK Defaults.COMPRESSION_LEVEL : 2
15:10:49.412 INFO  HaplotypeCaller - HTSJDK Defaults.USE_ASYNC_IO_READ_FOR_SAMTOOLS : false
15:10:49.412 INFO  HaplotypeCaller - HTSJDK Defaults.USE_ASYNC_IO_WRITE_FOR_SAMTOOLS : true
15:10:49.413 INFO  HaplotypeCaller - HTSJDK Defaults.USE_ASYNC_IO_WRITE_FOR_TRIBBLE : false
15:10:49.413 INFO  HaplotypeCaller - Deflater: IntelDeflater
15:10:50.032 INFO  HaplotypeCaller - Inflater: IntelInflater
15:10:50.032 INFO  HaplotypeCaller - GCS max retries/reopens: 20
15:10:50.032 INFO  HaplotypeCaller - Using google-cloud-java fork https://github.com/broadinstitute/google-cloud-java/releases/tag/0.20.5-alpha-GCS-RETRY-FIX
15:10:50.032 INFO  HaplotypeCaller - Initializing engine
15:10:50.481 INFO  HaplotypeCaller - Done initializing engine
15:10:50.486 INFO  HaplotypeCallerEngine - Tool is in reference confidence mode and the annotation, the following changes will be made to any specified annotations: 'StrandBiasBySample' will be enabled. 'ChromosomeCounts', 'FisherStrand', 'StrandOddsRatio' and 'QualByDepth' annotations have been disabled
15:10:50.491 INFO  HaplotypeCallerEngine - Standard Emitting and Calling confidence set to 0.0 for reference-model confidence output
15:10:50.491 INFO  HaplotypeCallerEngine - All sites annotated with PLs forced to true for reference-model confidence output
15:10:50.507 INFO  NativeLibraryLoader - Loading libgkl_utils.so from jar:file:/bigdata/operations/pkgadmin/opt/linux/centos/7.x/x86_64/pkgs/gatk/4.0.8.1/gatk-package-4.0.8.1-local.jar!/com/intel/gkl/native/libgkl_utils.so
15:10:50.509 INFO  NativeLibraryLoader - Loading libgkl_pairhmm_omp.so from jar:file:/bigdata/operations/pkgadmin/opt/linux/centos/7.x/x86_64/pkgs/gatk/4.0.8.1/gatk-package-4.0.8.1-local.jar!/com/intel/gkl/native/libgkl_pairhmm_omp.so
15:10:50.551 WARN  IntelPairHmm - Flush-to-zero (FTZ) is enabled when running PairHMM
15:10:50.552 INFO  IntelPairHmm - Available threads: 2
15:10:50.552 INFO  IntelPairHmm - Requested threads: 4
15:10:50.552 WARN  IntelPairHmm - Using 2 available threads, but 4 were requested
15:10:50.552 INFO  PairHMM - Using the OpenMP multi-threaded AVX-accelerated native PairHMM implementation
15:10:50.636 INFO  ProgressMeter - Starting traversal
15:10:50.637 INFO  ProgressMeter -        Current Locus  Elapsed Minutes     Regions Processed   Regions/Minute
15:10:56.681 INFO  HaplotypeCaller - 42747 read(s) filtered by: ((((((((MappingQualityReadFilter AND MappingQualityAvailableReadFilter) AND MappedReadFilter) AND NotSecondaryAlignmentReadFilter) AND NotDuplicateReadFilter) AND PassesVendorQualityCheckReadFilter) AND NonZeroReferenceLengthAlignmentReadFilter) AND GoodCigarReadFilter) AND WellformedReadFilter)
  42747 read(s) filtered by: (((((((MappingQualityReadFilter AND MappingQualityAvailableReadFilter) AND MappedReadFilter) AND NotSecondaryAlignmentReadFilter) AND NotDuplicateReadFilter) AND PassesVendorQualityCheckReadFilter) AND NonZeroReferenceLengthAlignmentReadFilter) AND GoodCigarReadFilter)
      42747 read(s) filtered by: ((((((MappingQualityReadFilter AND MappingQualityAvailableReadFilter) AND MappedReadFilter) AND NotSecondaryAlignmentReadFilter) AND NotDuplicateReadFilter) AND PassesVendorQualityCheckReadFilter) AND NonZeroReferenceLengthAlignmentReadFilter)
          42747 read(s) filtered by: (((((MappingQualityReadFilter AND MappingQualityAvailableReadFilter) AND MappedReadFilter) AND NotSecondaryAlignmentReadFilter) AND NotDuplicateReadFilter) AND PassesVendorQualityCheckReadFilter)
              42747 read(s) filtered by: ((((MappingQualityReadFilter AND MappingQualityAvailableReadFilter) AND MappedReadFilter) AND NotSecondaryAlignmentReadFilter) AND NotDuplicateReadFilter)
                  98 read(s) filtered by: (((MappingQualityReadFilter AND MappingQualityAvailableReadFilter) AND MappedReadFilter) AND NotSecondaryAlignmentReadFilter)
                      98 read(s) filtered by: ((MappingQualityReadFilter AND MappingQualityAvailableReadFilter) AND MappedReadFilter)
                          98 read(s) filtered by: (MappingQualityReadFilter AND MappingQualityAvailableReadFilter)
                              98 read(s) filtered by: MappingQualityReadFilter 
                  42649 read(s) filtered by: NotDuplicateReadFilter 

15:10:56.681 INFO  ProgressMeter -          SpMBP20.1:1              0.1                    22            218.4
15:10:56.681 INFO  ProgressMeter - Traversal complete. Processed 22 total regions in 0.1 minutes.
15:10:56.698 INFO  VectorLoglessPairHMM - Time spent in setup for JNI call : 0.012563354
15:10:56.698 INFO  PairHMM - Total compute time in PairHMM computeLogLikelihoods() : 0.372075425
15:10:56.699 INFO  SmithWatermanAligner - Total compute time in java Smith-Waterman : 1.04 sec
15:10:56.699 INFO  HaplotypeCaller - Shutting down engine
[May 26, 2020 3:10:56 PM PDT] org.broadinstitute.hellbender.tools.walkers.haplotypecaller.HaplotypeCaller done. Elapsed time: 0.13 minutes.
Runtime.totalMemory()=2460483584
