Sourcing executables from speedseq.config ...
Aligning...
samblaster: Version 0.1.22
samblaster: Inputting from stdin
samblaster: Outputting to stdout
samblaster: Opening C7.Gxnm48GcKQ0G/disc_pipe for write.
[M::bwa_idx_load_from_disk] read 0 ALT contigs
samblaster: Opening C7.Gxnm48GcKQ0G/spl_pipe for write.
[M::process] read 68524 sequences (10000243 bp)...
[M::process] read 68468 sequences (10000136 bp)...
[M::mem_pestat] # candidate unique pairs for (FF, FR, RF, RR): (0, 33627, 0, 0)
[M::mem_pestat] skip orientation FF as there are not enough pairs
[M::mem_pestat] analyzing insert size distribution for orientation FR...
[M::mem_pestat] (25, 50, 75) percentile: (189, 200, 210)
[M::mem_pestat] low and high boundaries for computing mean and std.dev: (147, 252)
[M::mem_pestat] mean and std.dev: (199.65, 8.35)
[M::mem_pestat] low and high boundaries for proper pairs: (126, 273)
[M::mem_pestat] skip orientation RF as there are not enough pairs
[M::mem_pestat] skip orientation RR as there are not enough pairs
[M::mem_process_seqs] Processed 68524 reads in 5.668 CPU sec, 5.454 real sec
samblaster: Loaded 12 header sequence entries.
[M::process] read 68502 sequences (10000110 bp)...
[M::mem_pestat] # candidate unique pairs for (FF, FR, RF, RR): (0, 33650, 0, 0)
[M::mem_pestat] skip orientation FF as there are not enough pairs
[M::mem_pestat] analyzing insert size distribution for orientation FR...
[M::mem_pestat] (25, 50, 75) percentile: (189, 200, 210)
[M::mem_pestat] low and high boundaries for computing mean and std.dev: (147, 252)
[M::mem_pestat] mean and std.dev: (199.66, 8.45)
[M::mem_pestat] low and high boundaries for proper pairs: (126, 273)
[M::mem_pestat] skip orientation RF as there are not enough pairs
[M::mem_pestat] skip orientation RR as there are not enough pairs
[M::mem_process_seqs] Processed 68468 reads in 6.162 CPU sec, 5.988 real sec
[M::process] read 68442 sequences (10000276 bp)...
[M::mem_pestat] # candidate unique pairs for (FF, FR, RF, RR): (0, 33690, 0, 0)
[M::mem_pestat] skip orientation FF as there are not enough pairs
[M::mem_pestat] analyzing insert size distribution for orientation FR...
[M::mem_pestat] (25, 50, 75) percentile: (189, 199, 210)
[M::mem_pestat] low and high boundaries for computing mean and std.dev: (147, 252)
[M::mem_pestat] mean and std.dev: (199.40, 8.55)
[M::mem_pestat] low and high boundaries for proper pairs: (126, 273)
[M::mem_pestat] skip orientation RF as there are not enough pairs
[M::mem_pestat] skip orientation RR as there are not enough pairs
[M::mem_process_seqs] Processed 68502 reads in 6.041 CPU sec, 5.823 real sec
[M::process] read 68384 sequences (10000270 bp)...
[M::mem_pestat] # candidate unique pairs for (FF, FR, RF, RR): (0, 33736, 0, 0)
[M::mem_pestat] skip orientation FF as there are not enough pairs
[M::mem_pestat] analyzing insert size distribution for orientation FR...
[M::mem_pestat] (25, 50, 75) percentile: (189, 200, 210)
[M::mem_pestat] low and high boundaries for computing mean and std.dev: (147, 252)
[M::mem_pestat] mean and std.dev: (199.72, 8.24)
[M::mem_pestat] low and high boundaries for proper pairs: (126, 273)
[M::mem_pestat] skip orientation RF as there are not enough pairs
[M::mem_pestat] skip orientation RR as there are not enough pairs
[M::mem_process_seqs] Processed 68442 reads in 5.977 CPU sec, 5.768 real sec
[M::process] read 1096 sequences (160420 bp)...
[M::mem_pestat] # candidate unique pairs for (FF, FR, RF, RR): (0, 33750, 0, 0)
[M::mem_pestat] skip orientation FF as there are not enough pairs
[M::mem_pestat] analyzing insert size distribution for orientation FR...
[M::mem_pestat] (25, 50, 75) percentile: (189, 200, 210)
[M::mem_pestat] low and high boundaries for computing mean and std.dev: (147, 252)
[M::mem_pestat] mean and std.dev: (199.80, 8.14)
[M::mem_pestat] low and high boundaries for proper pairs: (126, 273)
[M::mem_pestat] skip orientation RF as there are not enough pairs
[M::mem_pestat] skip orientation RR as there are not enough pairs
[M::mem_process_seqs] Processed 68384 reads in 5.504 CPU sec, 5.478 real sec
[M::mem_pestat] # candidate unique pairs for (FF, FR, RF, RR): (0, 544, 0, 0)
[M::mem_pestat] skip orientation FF as there are not enough pairs
[M::mem_pestat] analyzing insert size distribution for orientation FR...
[M::mem_pestat] (25, 50, 75) percentile: (194, 200, 210)
[M::mem_pestat] low and high boundaries for computing mean and std.dev: (162, 242)
[M::mem_pestat] mean and std.dev: (199.37, 8.53)
[M::mem_pestat] low and high boundaries for proper pairs: (146, 258)
[M::mem_pestat] skip orientation RF as there are not enough pairs
[M::mem_pestat] skip orientation RR as there are not enough pairs
[M::mem_process_seqs] Processed 1096 reads in 0.190 CPU sec, 0.181 real sec
[main] Version: 0.7.12-r1039
[main] CMD: /opt/linux/centos/7.x/x86_64/pkgs/bwa/0.7.12/bin/bwa mem -t 1 -R @RG\tID:C7\tSM:C7\tLB:Lib\ References.fasta ExternalData/Pooled/Stacks/C7.1.fq.gz ExternalData/Pooled/Stacks/C7.2.fq.gz
[main] Real time: 29.223 sec; CPU: 29.770 sec
samblaster: Output 51 discordant read pairs to C7.Gxnm48GcKQ0G/disc_pipe
samblaster: Output 12 split reads to C7.Gxnm48GcKQ0G/spl_pipe
samblaster: Marked 170737 of 171708 (99.43%) read ids as duplicates using 1340k memory in 0.710S CPU seconds and 29S wall time.
Done
Using GATK jar /bigdata/operations/pkgadmin/opt/linux/centos/7.x/x86_64/pkgs/gatk/4.0.8.1/gatk-package-4.0.8.1-local.jar
Running:
    java -Dsamjdk.use_async_io_read_samtools=false -Dsamjdk.use_async_io_write_samtools=true -Dsamjdk.use_async_io_write_tribble=false -Dsamjdk.compression_level=2 -jar /bigdata/operations/pkgadmin/opt/linux/centos/7.x/x86_64/pkgs/gatk/4.0.8.1/gatk-package-4.0.8.1-local.jar HaplotypeCaller -R References.fasta -I results/C7.bam -O results/C7.g.vcf -ERC GVCF
15:11:21.248 INFO  NativeLibraryLoader - Loading libgkl_compression.so from jar:file:/bigdata/operations/pkgadmin/opt/linux/centos/7.x/x86_64/pkgs/gatk/4.0.8.1/gatk-package-4.0.8.1-local.jar!/com/intel/gkl/native/libgkl_compression.so
15:11:21.580 INFO  HaplotypeCaller - ------------------------------------------------------------
15:11:21.581 INFO  HaplotypeCaller - The Genome Analysis Toolkit (GATK) v4.0.8.1
15:11:21.581 INFO  HaplotypeCaller - For support and documentation go to https://software.broadinstitute.org/gatk/
15:11:21.581 INFO  HaplotypeCaller - Executing as arajewski@i10 on Linux v3.10.0-957.el7.x86_64 amd64
15:11:21.582 INFO  HaplotypeCaller - Java runtime: Java HotSpot(TM) 64-Bit Server VM v1.8.0_45-b14
15:11:21.582 INFO  HaplotypeCaller - Start Date/Time: May 26, 2020 3:11:21 PM PDT
15:11:21.582 INFO  HaplotypeCaller - ------------------------------------------------------------
15:11:21.582 INFO  HaplotypeCaller - ------------------------------------------------------------
15:11:21.583 INFO  HaplotypeCaller - HTSJDK Version: 2.16.0
15:11:21.583 INFO  HaplotypeCaller - Picard Version: 2.18.7
15:11:21.583 INFO  HaplotypeCaller - HTSJDK Defaults.COMPRESSION_LEVEL : 2
15:11:21.583 INFO  HaplotypeCaller - HTSJDK Defaults.USE_ASYNC_IO_READ_FOR_SAMTOOLS : false
15:11:21.583 INFO  HaplotypeCaller - HTSJDK Defaults.USE_ASYNC_IO_WRITE_FOR_SAMTOOLS : true
15:11:21.583 INFO  HaplotypeCaller - HTSJDK Defaults.USE_ASYNC_IO_WRITE_FOR_TRIBBLE : false
15:11:21.583 INFO  HaplotypeCaller - Deflater: IntelDeflater
15:11:21.583 INFO  HaplotypeCaller - Inflater: IntelInflater
15:11:21.583 INFO  HaplotypeCaller - GCS max retries/reopens: 20
15:11:21.583 INFO  HaplotypeCaller - Using google-cloud-java fork https://github.com/broadinstitute/google-cloud-java/releases/tag/0.20.5-alpha-GCS-RETRY-FIX
15:11:21.583 INFO  HaplotypeCaller - Initializing engine
15:11:22.800 INFO  HaplotypeCaller - Done initializing engine
15:11:22.806 INFO  HaplotypeCallerEngine - Tool is in reference confidence mode and the annotation, the following changes will be made to any specified annotations: 'StrandBiasBySample' will be enabled. 'ChromosomeCounts', 'FisherStrand', 'StrandOddsRatio' and 'QualByDepth' annotations have been disabled
15:11:22.811 INFO  HaplotypeCallerEngine - Standard Emitting and Calling confidence set to 0.0 for reference-model confidence output
15:11:22.811 INFO  HaplotypeCallerEngine - All sites annotated with PLs forced to true for reference-model confidence output
15:11:22.828 INFO  NativeLibraryLoader - Loading libgkl_utils.so from jar:file:/bigdata/operations/pkgadmin/opt/linux/centos/7.x/x86_64/pkgs/gatk/4.0.8.1/gatk-package-4.0.8.1-local.jar!/com/intel/gkl/native/libgkl_utils.so
15:11:22.830 INFO  NativeLibraryLoader - Loading libgkl_pairhmm_omp.so from jar:file:/bigdata/operations/pkgadmin/opt/linux/centos/7.x/x86_64/pkgs/gatk/4.0.8.1/gatk-package-4.0.8.1-local.jar!/com/intel/gkl/native/libgkl_pairhmm_omp.so
15:11:22.872 WARN  IntelPairHmm - Flush-to-zero (FTZ) is enabled when running PairHMM
15:11:22.873 INFO  IntelPairHmm - Available threads: 2
15:11:22.873 INFO  IntelPairHmm - Requested threads: 4
15:11:22.873 WARN  IntelPairHmm - Using 2 available threads, but 4 were requested
15:11:22.873 INFO  PairHMM - Using the OpenMP multi-threaded AVX-accelerated native PairHMM implementation
15:11:22.940 INFO  ProgressMeter - Starting traversal
15:11:22.940 INFO  ProgressMeter -        Current Locus  Elapsed Minutes     Regions Processed   Regions/Minute
15:11:32.465 WARN  DepthPerSampleHC - Annotation will not be calculated, genotype is not called or alleleLikelihoodMap is null
15:11:32.465 WARN  StrandBiasBySample - Annotation will not be calculated, genotype is not called or alleleLikelihoodMap is null
15:11:32.720 INFO  HaplotypeCaller - 341503 read(s) filtered by: ((((((((MappingQualityReadFilter AND MappingQualityAvailableReadFilter) AND MappedReadFilter) AND NotSecondaryAlignmentReadFilter) AND NotDuplicateReadFilter) AND PassesVendorQualityCheckReadFilter) AND NonZeroReferenceLengthAlignmentReadFilter) AND GoodCigarReadFilter) AND WellformedReadFilter)
  341503 read(s) filtered by: (((((((MappingQualityReadFilter AND MappingQualityAvailableReadFilter) AND MappedReadFilter) AND NotSecondaryAlignmentReadFilter) AND NotDuplicateReadFilter) AND PassesVendorQualityCheckReadFilter) AND NonZeroReferenceLengthAlignmentReadFilter) AND GoodCigarReadFilter)
      341503 read(s) filtered by: ((((((MappingQualityReadFilter AND MappingQualityAvailableReadFilter) AND MappedReadFilter) AND NotSecondaryAlignmentReadFilter) AND NotDuplicateReadFilter) AND PassesVendorQualityCheckReadFilter) AND NonZeroReferenceLengthAlignmentReadFilter)
          341503 read(s) filtered by: (((((MappingQualityReadFilter AND MappingQualityAvailableReadFilter) AND MappedReadFilter) AND NotSecondaryAlignmentReadFilter) AND NotDuplicateReadFilter) AND PassesVendorQualityCheckReadFilter)
              341503 read(s) filtered by: ((((MappingQualityReadFilter AND MappingQualityAvailableReadFilter) AND MappedReadFilter) AND NotSecondaryAlignmentReadFilter) AND NotDuplicateReadFilter)
                  929 read(s) filtered by: (((MappingQualityReadFilter AND MappingQualityAvailableReadFilter) AND MappedReadFilter) AND NotSecondaryAlignmentReadFilter)
                      929 read(s) filtered by: ((MappingQualityReadFilter AND MappingQualityAvailableReadFilter) AND MappedReadFilter)
                          929 read(s) filtered by: (MappingQualityReadFilter AND MappingQualityAvailableReadFilter)
                              929 read(s) filtered by: MappingQualityReadFilter 
                  340574 read(s) filtered by: NotDuplicateReadFilter 

15:11:32.721 INFO  ProgressMeter -           SpFUL2:301              0.2                    27            165.6
15:11:32.726 INFO  ProgressMeter - Traversal complete. Processed 27 total regions in 0.2 minutes.
15:11:32.746 INFO  VectorLoglessPairHMM - Time spent in setup for JNI call : 0.003769147
15:11:32.746 INFO  PairHMM - Total compute time in PairHMM computeLogLikelihoods() : 1.2674251650000001
15:11:32.746 INFO  SmithWatermanAligner - Total compute time in java Smith-Waterman : 1.63 sec
15:11:32.746 INFO  HaplotypeCaller - Shutting down engine
[May 26, 2020 3:11:32 PM PDT] org.broadinstitute.hellbender.tools.walkers.haplotypecaller.HaplotypeCaller done. Elapsed time: 0.19 minutes.
Runtime.totalMemory()=2767192064
