Sourcing executables from speedseq.config ...
Aligning...
samblaster: Version 0.1.22
samblaster: Inputting from stdin
samblaster: Outputting to stdout
samblaster: Opening G8.7nMxRZ2DKJuk/disc_pipe for write.
[M::bwa_idx_load_from_disk] read 0 ALT contigs
samblaster: Opening G8.7nMxRZ2DKJuk/spl_pipe for write.
[M::process] read 68536 sequences (10000240 bp)...
[M::process] read 68538 sequences (10000095 bp)...
[M::mem_pestat] # candidate unique pairs for (FF, FR, RF, RR): (0, 33931, 1, 0)
[M::mem_pestat] skip orientation FF as there are not enough pairs
[M::mem_pestat] analyzing insert size distribution for orientation FR...
[M::mem_pestat] (25, 50, 75) percentile: (189, 200, 206)
[M::mem_pestat] low and high boundaries for computing mean and std.dev: (155, 240)
[M::mem_pestat] mean and std.dev: (198.55, 8.43)
[M::mem_pestat] low and high boundaries for proper pairs: (138, 257)
[M::mem_pestat] skip orientation RF as there are not enough pairs
[M::mem_pestat] skip orientation RR as there are not enough pairs
[M::mem_process_seqs] Processed 68536 reads in 5.583 CPU sec, 5.455 real sec
samblaster: Loaded 12 header sequence entries.
[M::process] read 68496 sequences (10000153 bp)...
[M::mem_pestat] # candidate unique pairs for (FF, FR, RF, RR): (0, 33942, 0, 0)
[M::mem_pestat] skip orientation FF as there are not enough pairs
[M::mem_pestat] analyzing insert size distribution for orientation FR...
[M::mem_pestat] (25, 50, 75) percentile: (189, 200, 206)
[M::mem_pestat] low and high boundaries for computing mean and std.dev: (155, 240)
[M::mem_pestat] mean and std.dev: (198.36, 8.58)
[M::mem_pestat] low and high boundaries for proper pairs: (138, 257)
[M::mem_pestat] skip orientation RF as there are not enough pairs
[M::mem_pestat] skip orientation RR as there are not enough pairs
[M::mem_process_seqs] Processed 68538 reads in 6.040 CPU sec, 5.767 real sec
[M::process] read 68512 sequences (10000128 bp)...
[M::mem_pestat] # candidate unique pairs for (FF, FR, RF, RR): (0, 33974, 3, 0)
[M::mem_pestat] skip orientation FF as there are not enough pairs
[M::mem_pestat] analyzing insert size distribution for orientation FR...
[M::mem_pestat] (25, 50, 75) percentile: (189, 200, 206)
[M::mem_pestat] low and high boundaries for computing mean and std.dev: (155, 240)
[M::mem_pestat] mean and std.dev: (198.36, 8.64)
[M::mem_pestat] low and high boundaries for proper pairs: (138, 257)
[M::mem_pestat] skip orientation RF as there are not enough pairs
[M::mem_pestat] skip orientation RR as there are not enough pairs
[M::mem_process_seqs] Processed 68496 reads in 5.988 CPU sec, 5.718 real sec
[M::process] read 18114 sequences (2645704 bp)...
[M::mem_pestat] # candidate unique pairs for (FF, FR, RF, RR): (1, 33988, 6, 0)
[M::mem_pestat] skip orientation FF as there are not enough pairs
[M::mem_pestat] analyzing insert size distribution for orientation FR...
[M::mem_pestat] (25, 50, 75) percentile: (189, 200, 206)
[M::mem_pestat] low and high boundaries for computing mean and std.dev: (155, 240)
[M::mem_pestat] mean and std.dev: (198.58, 8.40)
[M::mem_pestat] low and high boundaries for proper pairs: (138, 257)
[M::mem_pestat] skip orientation RF as there are not enough pairs
[M::mem_pestat] skip orientation RR as there are not enough pairs
[M::mem_process_seqs] Processed 68512 reads in 5.441 CPU sec, 5.393 real sec
[M::mem_pestat] # candidate unique pairs for (FF, FR, RF, RR): (0, 8995, 1, 0)
[M::mem_pestat] skip orientation FF as there are not enough pairs
[M::mem_pestat] analyzing insert size distribution for orientation FR...
[M::mem_pestat] (25, 50, 75) percentile: (189, 200, 205)
[M::mem_pestat] low and high boundaries for computing mean and std.dev: (157, 237)
[M::mem_pestat] mean and std.dev: (198.42, 8.54)
[M::mem_pestat] low and high boundaries for proper pairs: (141, 253)
[M::mem_pestat] skip orientation RF as there are not enough pairs
[M::mem_pestat] skip orientation RR as there are not enough pairs
[M::mem_process_seqs] Processed 18114 reads in 1.713 CPU sec, 1.699 real sec
[main] Version: 0.7.12-r1039
[main] CMD: /opt/linux/centos/7.x/x86_64/pkgs/bwa/0.7.12/bin/bwa mem -t 1 -R @RG\tID:G8\tSM:G8\tLB:Lib\ References.fasta ExternalData/Pooled/Stacks/G8.1.fq.gz ExternalData/Pooled/Stacks/G8.2.fq.gz
[main] Real time: 24.333 sec; CPU: 24.942 sec
samblaster: Output 45 discordant read pairs to G8.7nMxRZ2DKJuk/disc_pipe
samblaster: Output 8 split reads to G8.7nMxRZ2DKJuk/spl_pipe
samblaster: Marked 145504 of 146098 (99.59%) read ids as duplicates using 1340k memory in 0.603S CPU seconds and 24S wall time.
Done
Using GATK jar /bigdata/operations/pkgadmin/opt/linux/centos/7.x/x86_64/pkgs/gatk/4.0.8.1/gatk-package-4.0.8.1-local.jar
Running:
    java -Dsamjdk.use_async_io_read_samtools=false -Dsamjdk.use_async_io_write_samtools=true -Dsamjdk.use_async_io_write_tribble=false -Dsamjdk.compression_level=2 -jar /bigdata/operations/pkgadmin/opt/linux/centos/7.x/x86_64/pkgs/gatk/4.0.8.1/gatk-package-4.0.8.1-local.jar HaplotypeCaller -R References.fasta -I results/G8.bam -O results/G8.g.vcf -ERC GVCF
15:11:16.765 INFO  NativeLibraryLoader - Loading libgkl_compression.so from jar:file:/bigdata/operations/pkgadmin/opt/linux/centos/7.x/x86_64/pkgs/gatk/4.0.8.1/gatk-package-4.0.8.1-local.jar!/com/intel/gkl/native/libgkl_compression.so
15:11:17.118 INFO  HaplotypeCaller - ------------------------------------------------------------
15:11:17.119 INFO  HaplotypeCaller - The Genome Analysis Toolkit (GATK) v4.0.8.1
15:11:17.120 INFO  HaplotypeCaller - For support and documentation go to https://software.broadinstitute.org/gatk/
15:11:17.120 INFO  HaplotypeCaller - Executing as arajewski@i33 on Linux v3.10.0-957.el7.x86_64 amd64
15:11:17.120 INFO  HaplotypeCaller - Java runtime: Java HotSpot(TM) 64-Bit Server VM v1.8.0_45-b14
15:11:17.798 INFO  HaplotypeCaller - Start Date/Time: May 26, 2020 3:11:16 PM PDT
15:11:17.798 INFO  HaplotypeCaller - ------------------------------------------------------------
15:11:17.798 INFO  HaplotypeCaller - ------------------------------------------------------------
15:11:17.799 INFO  HaplotypeCaller - HTSJDK Version: 2.16.0
15:11:17.799 INFO  HaplotypeCaller - Picard Version: 2.18.7
15:11:17.800 INFO  HaplotypeCaller - HTSJDK Defaults.COMPRESSION_LEVEL : 2
15:11:17.800 INFO  HaplotypeCaller - HTSJDK Defaults.USE_ASYNC_IO_READ_FOR_SAMTOOLS : false
15:11:17.800 INFO  HaplotypeCaller - HTSJDK Defaults.USE_ASYNC_IO_WRITE_FOR_SAMTOOLS : true
15:11:17.800 INFO  HaplotypeCaller - HTSJDK Defaults.USE_ASYNC_IO_WRITE_FOR_TRIBBLE : false
15:11:17.800 INFO  HaplotypeCaller - Deflater: IntelDeflater
15:11:17.800 INFO  HaplotypeCaller - Inflater: IntelInflater
15:11:17.800 INFO  HaplotypeCaller - GCS max retries/reopens: 20
15:11:17.800 INFO  HaplotypeCaller - Using google-cloud-java fork https://github.com/broadinstitute/google-cloud-java/releases/tag/0.20.5-alpha-GCS-RETRY-FIX
15:11:17.800 INFO  HaplotypeCaller - Initializing engine
15:11:18.254 INFO  HaplotypeCaller - Done initializing engine
15:11:18.259 INFO  HaplotypeCallerEngine - Tool is in reference confidence mode and the annotation, the following changes will be made to any specified annotations: 'StrandBiasBySample' will be enabled. 'ChromosomeCounts', 'FisherStrand', 'StrandOddsRatio' and 'QualByDepth' annotations have been disabled
15:11:18.264 INFO  HaplotypeCallerEngine - Standard Emitting and Calling confidence set to 0.0 for reference-model confidence output
15:11:18.264 INFO  HaplotypeCallerEngine - All sites annotated with PLs forced to true for reference-model confidence output
15:11:18.280 INFO  NativeLibraryLoader - Loading libgkl_utils.so from jar:file:/bigdata/operations/pkgadmin/opt/linux/centos/7.x/x86_64/pkgs/gatk/4.0.8.1/gatk-package-4.0.8.1-local.jar!/com/intel/gkl/native/libgkl_utils.so
15:11:18.282 INFO  NativeLibraryLoader - Loading libgkl_pairhmm_omp.so from jar:file:/bigdata/operations/pkgadmin/opt/linux/centos/7.x/x86_64/pkgs/gatk/4.0.8.1/gatk-package-4.0.8.1-local.jar!/com/intel/gkl/native/libgkl_pairhmm_omp.so
15:11:18.324 WARN  IntelPairHmm - Flush-to-zero (FTZ) is enabled when running PairHMM
15:11:18.325 INFO  IntelPairHmm - Available threads: 2
15:11:18.325 INFO  IntelPairHmm - Requested threads: 4
15:11:18.325 WARN  IntelPairHmm - Using 2 available threads, but 4 were requested
15:11:18.325 INFO  PairHMM - Using the OpenMP multi-threaded AVX-accelerated native PairHMM implementation
15:11:18.387 INFO  ProgressMeter - Starting traversal
15:11:18.388 INFO  ProgressMeter -        Current Locus  Elapsed Minutes     Regions Processed   Regions/Minute
15:11:28.728 INFO  ProgressMeter -          NoFUL2.2:59              0.2                    10             58.0
15:11:29.819 INFO  HaplotypeCaller - 291041 read(s) filtered by: ((((((((MappingQualityReadFilter AND MappingQualityAvailableReadFilter) AND MappedReadFilter) AND NotSecondaryAlignmentReadFilter) AND NotDuplicateReadFilter) AND PassesVendorQualityCheckReadFilter) AND NonZeroReferenceLengthAlignmentReadFilter) AND GoodCigarReadFilter) AND WellformedReadFilter)
  291041 read(s) filtered by: (((((((MappingQualityReadFilter AND MappingQualityAvailableReadFilter) AND MappedReadFilter) AND NotSecondaryAlignmentReadFilter) AND NotDuplicateReadFilter) AND PassesVendorQualityCheckReadFilter) AND NonZeroReferenceLengthAlignmentReadFilter) AND GoodCigarReadFilter)
      291041 read(s) filtered by: ((((((MappingQualityReadFilter AND MappingQualityAvailableReadFilter) AND MappedReadFilter) AND NotSecondaryAlignmentReadFilter) AND NotDuplicateReadFilter) AND PassesVendorQualityCheckReadFilter) AND NonZeroReferenceLengthAlignmentReadFilter)
          291041 read(s) filtered by: (((((MappingQualityReadFilter AND MappingQualityAvailableReadFilter) AND MappedReadFilter) AND NotSecondaryAlignmentReadFilter) AND NotDuplicateReadFilter) AND PassesVendorQualityCheckReadFilter)
              291041 read(s) filtered by: ((((MappingQualityReadFilter AND MappingQualityAvailableReadFilter) AND MappedReadFilter) AND NotSecondaryAlignmentReadFilter) AND NotDuplicateReadFilter)
                  404 read(s) filtered by: (((MappingQualityReadFilter AND MappingQualityAvailableReadFilter) AND MappedReadFilter) AND NotSecondaryAlignmentReadFilter)
                      404 read(s) filtered by: ((MappingQualityReadFilter AND MappingQualityAvailableReadFilter) AND MappedReadFilter)
                          404 read(s) filtered by: (MappingQualityReadFilter AND MappingQualityAvailableReadFilter)
                              404 read(s) filtered by: MappingQualityReadFilter 
                  290637 read(s) filtered by: NotDuplicateReadFilter 

15:11:29.820 INFO  ProgressMeter -           SpMBP10:27              0.2                    23            120.7
15:11:29.820 INFO  ProgressMeter - Traversal complete. Processed 23 total regions in 0.2 minutes.
15:11:29.839 INFO  VectorLoglessPairHMM - Time spent in setup for JNI call : 0.010751792000000001
15:11:29.839 INFO  PairHMM - Total compute time in PairHMM computeLogLikelihoods() : 2.085876727
15:11:29.839 INFO  SmithWatermanAligner - Total compute time in java Smith-Waterman : 2.67 sec
15:11:29.839 INFO  HaplotypeCaller - Shutting down engine
[May 26, 2020 3:11:29 PM PDT] org.broadinstitute.hellbender.tools.walkers.haplotypecaller.HaplotypeCaller done. Elapsed time: 0.22 minutes.
Runtime.totalMemory()=2673868800
