Sourcing executables from speedseq.config ...
Aligning...
samblaster: Version 0.1.22
samblaster: Inputting from stdin
samblaster: Outputting to stdout
samblaster: Opening H7.r0p6hR5Up6O5/disc_pipe for write.
samblaster: Opening H7.r0p6hR5Up6O5/spl_pipe for write.
[M::bwa_idx_load_from_disk] read 0 ALT contigs
[M::process] read 69954 sequences (10000243 bp)...
[M::process] read 69880 sequences (10000225 bp)...
[M::mem_pestat] # candidate unique pairs for (FF, FR, RF, RR): (0, 32329, 2, 0)
[M::mem_pestat] skip orientation FF as there are not enough pairs
[M::mem_pestat] analyzing insert size distribution for orientation FR...
[M::mem_pestat] (25, 50, 75) percentile: (189, 199, 210)
[M::mem_pestat] low and high boundaries for computing mean and std.dev: (147, 252)
[M::mem_pestat] mean and std.dev: (202.79, 14.45)
[M::mem_pestat] low and high boundaries for proper pairs: (126, 273)
[M::mem_pestat] skip orientation RF as there are not enough pairs
[M::mem_pestat] skip orientation RR as there are not enough pairs
[M::mem_process_seqs] Processed 69954 reads in 5.202 CPU sec, 5.012 real sec
samblaster: Loaded 12 header sequence entries.
[M::process] read 69934 sequences (10000097 bp)...
[M::mem_pestat] # candidate unique pairs for (FF, FR, RF, RR): (0, 32187, 1, 0)
[M::mem_pestat] skip orientation FF as there are not enough pairs
[M::mem_pestat] analyzing insert size distribution for orientation FR...
[M::mem_pestat] (25, 50, 75) percentile: (189, 199, 210)
[M::mem_pestat] low and high boundaries for computing mean and std.dev: (147, 252)
[M::mem_pestat] mean and std.dev: (202.83, 14.45)
[M::mem_pestat] low and high boundaries for proper pairs: (126, 273)
[M::mem_pestat] skip orientation RF as there are not enough pairs
[M::mem_pestat] skip orientation RR as there are not enough pairs
[M::mem_process_seqs] Processed 69880 reads in 5.659 CPU sec, 5.423 real sec
[M::process] read 52328 sequences (7483612 bp)...
[M::mem_pestat] # candidate unique pairs for (FF, FR, RF, RR): (0, 32254, 0, 0)
[M::mem_pestat] skip orientation FF as there are not enough pairs
[M::mem_pestat] analyzing insert size distribution for orientation FR...
[M::mem_pestat] (25, 50, 75) percentile: (189, 199, 210)
[M::mem_pestat] low and high boundaries for computing mean and std.dev: (147, 252)
[M::mem_pestat] mean and std.dev: (202.82, 14.48)
[M::mem_pestat] low and high boundaries for proper pairs: (126, 273)
[M::mem_pestat] skip orientation RF as there are not enough pairs
[M::mem_pestat] skip orientation RR as there are not enough pairs
[M::mem_process_seqs] Processed 69934 reads in 5.557 CPU sec, 5.340 real sec
[M::mem_pestat] # candidate unique pairs for (FF, FR, RF, RR): (0, 24126, 3, 0)
[M::mem_pestat] skip orientation FF as there are not enough pairs
[M::mem_pestat] analyzing insert size distribution for orientation FR...
[M::mem_pestat] (25, 50, 75) percentile: (189, 199, 210)
[M::mem_pestat] low and high boundaries for computing mean and std.dev: (147, 252)
[M::mem_pestat] mean and std.dev: (202.90, 14.47)
[M::mem_pestat] low and high boundaries for proper pairs: (126, 273)
[M::mem_pestat] skip orientation RF as there are not enough pairs
[M::mem_pestat] skip orientation RR as there are not enough pairs
[M::mem_process_seqs] Processed 52328 reads in 4.083 CPU sec, 3.999 real sec
[main] Version: 0.7.12-r1039
samblaster: Output 76 discordant read pairs to H7.r0p6hR5Up6O5/disc_pipe
[main] CMD:samblaster: Output 2 split reads to H7.r0p6hR5Up6O5/spl_pipe
 /opt/linux/centos/7.x/x86_64/pkgs/bwa/0.7.12/bin/bwa mem -t 1 -R @RG\tID:H7\tSM:H7\tLB:Lib\ References.fasta ExternalData/Flowcell_1304/Pooled/Stacks/H7.1.fq.gz ExternalData/Flowcell_1304/Pooled/Stacks/H7.2.fq.gzsamblaster: Marked 130448 of 131048 (99.54%) read ids as duplicates
[main] Real time: 20.295 sec; CPU: 20.724 sec
 using 1344k memory in 0.535S CPU seconds and 20S wall time.
Done
