Sourcing executables from speedseq.config ...
Aligning...
samblaster: Version 0.1.22
samblaster: Inputting from stdin
samblaster: Outputting to stdout
samblaster: Opening H3.4Ixp192WTngY/disc_pipe for write.
[M::bwa_idx_load_from_disk] read 0 ALT contigs
samblaster: Opening H3.4Ixp192WTngY/spl_pipe for write.
[M::process] read 68584 sequences (10000059 bp)...
[M::process] read 68664 sequences (10000020 bp)...
sambamba-sort: Error creating thread
[M::mem_pestat] # candidate unique pairs for (FF, FR, RF, RR): (0, 32378, 0, 0)
[M::mem_pestat] skip orientation FF as there are not enough pairs
[M::mem_pestat] analyzing insert size distribution for orientation FR...
[M::mem_pestat] (25, 50, 75) percentile: (189, 199, 199)
[M::mem_pestat] low and high boundaries for computing mean and std.dev: (169, 219)
[M::mem_pestat] mean and std.dev: (194.90, 5.43)
[M::mem_pestat] low and high boundaries for proper pairs: (159, 229)
[M::mem_pestat] skip orientation RF as there are not enough pairs
[M::mem_pestat] skip orientation RR as there are not enough pairs
[M::mem_process_seqs] Processed 68584 reads in 4.220 CPU sec, 4.063 real sec
samblaster: Loaded 12 header sequence entries.
/bin/bash: line 1: 148805 Broken pipe             /opt/linux/centos/7.x/x86_64/pkgs/bwa/0.7.12/bin/bwa mem -t 1 -R '@RG\tID:H3\tSM:H3\tLB:Lib\' References.fasta ExternalData/Flowcell_1304/Pooled/Stacks/H3.1.fq.gz ExternalData/Flowcell_1304/Pooled/Stacks/H3.2.fq.gz
     148808                       | /opt/linux/centos/7.x/x86_64/pkgs/speedseq/a95704a/bin/samblaster --excludeDups --addMateTags --maxSplitCount 2 --minNonOverlap 20 --splitterFile H3.4Ixp192WTngY/spl_pipe --discordantFile H3.4Ixp192WTngY/disc_pipe
     148810                       | /opt/linux/centos/7.x/x86_64/pkgs/speedseq/a95704a/bin/sambamba view -S -f bam -l 0 /dev/stdin
     148812 Segmentation fault      | /opt/linux/centos/7.x/x86_64/pkgs/speedseq/a95704a/bin/sambamba sort -t 1 -m 18G --tmpdir=H3.4Ixp192WTngY/full -o results/Flowcell_1304/H3.bam /dev/stdin
sambamba-sort: Error creating thread
/bin/bash: line 1: 148850 Done                    gawk '{ if ($0~"^@") { print; next } else { $10="*"; $11="*"; print } }' OFS="\t" H3.4Ixp192WTngY/disc_pipe
     148852 Broken pipe             | /opt/linux/centos/7.x/x86_64/pkgs/speedseq/a95704a/bin/sambamba view -S -f bam /dev/stdin
     148853 Segmentation fault      | /opt/linux/centos/7.x/x86_64/pkgs/speedseq/a95704a/bin/sambamba sort -t 4 -m 1G --tmpdir=H3.4Ixp192WTngY/disc -o results/Flowcell_1304/H3.discordants.bam /dev/stdin
slurmstepd-i05: error: *** JOB 2040564 ON i05 CANCELLED AT 2020-09-03T15:21:31 ***
