Sourcing executables from speedseq.config ...
Aligning...
[M::bwa_idx_load_from_disk] read 0 ALT contigs
samblaster: Version 0.1.22
samblaster: Inputting from stdin
samblaster: Outputting to stdout
samblaster: Opening B12.2ojYRlDwe1BX/disc_pipe for write.
samblaster: Opening B12.2ojYRlDwe1BX/spl_pipe for write.
[M::process] read 70008 sequences (10000291 bp)...
[M::process] read 70026 sequences (10000031 bp)...
[M::mem_pestat] # candidate unique pairs for (FF, FR, RF, RR): (0, 34776, 2, 0)
[M::mem_pestat] skip orientation FF as there are not enough pairs
[M::mem_pestat] analyzing insert size distribution for orientation FR...
[M::mem_pestat] (25, 50, 75) percentile: (200, 200, 227)
[M::mem_pestat] low and high boundaries for computing mean and std.dev: (146, 281)
[M::mem_pestat] mean and std.dev: (213.44, 14.38)
[M::mem_pestat] low and high boundaries for proper pairs: (119, 308)
[M::mem_pestat] skip orientation RF as there are not enough pairs
[M::mem_pestat] skip orientation RR as there are not enough pairs
[M::mem_process_seqs] Processed 70008 reads in 4.459 CPU sec, 4.245 real sec
samblaster: Loaded 12 header sequence entries.
[M::process] read 70016 sequences (10000251 bp)...
[M::mem_pestat] # candidate unique pairs for (FF, FR, RF, RR): (0, 34775, 4, 0)
[M::mem_pestat] skip orientation FF as there are not enough pairs
[M::mem_pestat] analyzing insert size distribution for orientation FR...
[M::mem_pestat] (25, 50, 75) percentile: (200, 200, 227)
[M::mem_pestat] low and high boundaries for computing mean and std.dev: (146, 281)
[M::mem_pestat] mean and std.dev: (213.35, 14.52)
[M::mem_pestat] low and high boundaries for proper pairs: (119, 308)
[M::mem_pestat] skip orientation RF as there are not enough pairs
[M::mem_pestat] skip orientation RR as there are not enough pairs
[M::mem_process_seqs] Processed 70026 reads in 4.781 CPU sec, 4.609 real sec
[M::process] read 70014 sequences (10000047 bp)...
[M::mem_pestat] # candidate unique pairs for (FF, FR, RF, RR): (0, 34757, 1, 0)
[M::mem_pestat] skip orientation FF as there are not enough pairs
[M::mem_pestat] analyzing insert size distribution for orientation FR...
[M::mem_pestat] (25, 50, 75) percentile: (200, 200, 227)
[M::mem_pestat] low and high boundaries for computing mean and std.dev: (146, 281)
[M::mem_pestat] mean and std.dev: (213.27, 14.58)
[M::mem_pestat] low and high boundaries for proper pairs: (119, 308)
[M::mem_pestat] skip orientation RF as there are not enough pairs
[M::mem_pestat] skip orientation RR as there are not enough pairs
[M::mem_process_seqs] Processed 70016 reads in 4.975 CPU sec, 4.762 real sec
[M::process] read 70068 sequences (10000199 bp)...
[M::mem_pestat] # candidate unique pairs for (FF, FR, RF, RR): (0, 34765, 2, 0)
[M::mem_pestat] skip orientation FF as there are not enough pairs
[M::mem_pestat] analyzing insert size distribution for orientation FR...
[M::mem_pestat] (25, 50, 75) percentile: (200, 200, 227)
[M::mem_pestat] low and high boundaries for computing mean and std.dev: (146, 281)
[M::mem_pestat] mean and std.dev: (213.13, 14.69)
[M::mem_pestat] low and high boundaries for proper pairs: (119, 308)
[M::mem_pestat] skip orientation RF as there are not enough pairs
[M::mem_pestat] skip orientation RR as there are not enough pairs
[M::mem_process_seqs] Processed 70014 reads in 4.598 CPU sec, 4.355 real sec
[M::process] read 70056 sequences (10000141 bp)...
[M::mem_pestat] # candidate unique pairs for (FF, FR, RF, RR): (0, 34808, 4, 0)
[M::mem_pestat] skip orientation FF as there are not enough pairs
[M::mem_pestat] analyzing insert size distribution for orientation FR...
[M::mem_pestat] (25, 50, 75) percentile: (200, 200, 227)
[M::mem_pestat] low and high boundaries for computing mean and std.dev: (146, 281)
[M::mem_pestat] mean and std.dev: (213.35, 14.53)
[M::mem_pestat] low and high boundaries for proper pairs: (119, 308)
[M::mem_pestat] skip orientation RF as there are not enough pairs
[M::mem_pestat] skip orientation RR as there are not enough pairs
[M::mem_process_seqs] Processed 70068 reads in 4.732 CPU sec, 4.510 real sec
[M::process] read 69956 sequences (10000286 bp)...
[M::mem_pestat] # candidate unique pairs for (FF, FR, RF, RR): (0, 34803, 9, 0)
[M::mem_pestat] skip orientation FF as there are not enough pairs
[M::mem_pestat] analyzing insert size distribution for orientation FR...
[M::mem_pestat] (25, 50, 75) percentile: (200, 200, 227)
[M::mem_pestat] low and high boundaries for computing mean and std.dev: (146, 281)
[M::mem_pestat] mean and std.dev: (213.38, 14.42)
[M::mem_pestat] low and high boundaries for proper pairs: (119, 308)
[M::mem_pestat] skip orientation RF as there are not enough pairs
[M::mem_pestat] skip orientation RR as there are not enough pairs
[M::mem_process_seqs] Processed 70056 reads in 4.436 CPU sec, 4.184 real sec
[M::process] read 55658 sequences (7952069 bp)...
[M::mem_pestat] # candidate unique pairs for (FF, FR, RF, RR): (0, 34795, 1, 0)
[M::mem_pestat] skip orientation FF as there are not enough pairs
[M::mem_pestat] analyzing insert size distribution for orientation FR...
[M::mem_pestat] (25, 50, 75) percentile: (200, 200, 227)
[M::mem_pestat] low and high boundaries for computing mean and std.dev: (146, 281)
[M::mem_pestat] mean and std.dev: (213.54, 14.28)
[M::mem_pestat] low and high boundaries for proper pairs: (119, 308)
[M::mem_pestat] skip orientation RF as there are not enough pairs
[M::mem_pestat] skip orientation RR as there are not enough pairs
[M::mem_process_seqs] Processed 69956 reads in 4.095 CPU sec, 3.931 real sec
[M::mem_pestat] # candidate unique pairs for (FF, FR, RF, RR): (0, 27685, 4, 0)
[M::mem_pestat] skip orientation FF as there are not enough pairs
[M::mem_pestat] analyzing insert size distribution for orientation FR...
[M::mem_pestat] (25, 50, 75) percentile: (200, 200, 227)
[M::mem_pestat] low and high boundaries for computing mean and std.dev: (146, 281)
[M::mem_pestat] mean and std.dev: (213.29, 14.22)
[M::mem_pestat] low and high boundaries for proper pairs: (119, 308)
[M::mem_pestat] skip orientation RF as there are not enough pairs
[M::mem_pestat] skip orientation RR as there are not enough pairs
[M::mem_process_seqs] Processed 55658 reads in 3.218 CPU sec, 3.162 real sec
samblaster: Output 90 discordant read pairs to B12.2ojYRlDwe1BX/disc_pipe
[main] Version: 0.7.12-r1039
samblaster: Output 66 split reads to B12.2ojYRlDwe1BX/spl_pipe
[main] CMD: /opt/linux/centos/7.x/x86_64/pkgs/bwa/0.7.12/bin/bwa mem -t 1 -R @RG\tID:B12\tSM:B12\tLB:Lib\ References.fastasamblaster: Marked 272088 of 272901 (99.70%) read ids as duplicates ExternalData/Pooled/Stacks/B12.1.fq.gz ExternalData/Pooled/Stacks/B12.2.fq.gz using 1348k memory in 1.053S
[main] Real time: 34.280 sec; CPU: 35.534 sec
 CPU seconds and 34S wall time.
Done
Using GATK jar /bigdata/operations/pkgadmin/opt/linux/centos/7.x/x86_64/pkgs/gatk/4.0.8.1/gatk-package-4.0.8.1-local.jar
Running:
    java -Dsamjdk.use_async_io_read_samtools=false -Dsamjdk.use_async_io_write_samtools=true -Dsamjdk.use_async_io_write_tribble=false -Dsamjdk.compression_level=2 -jar /bigdata/operations/pkgadmin/opt/linux/centos/7.x/x86_64/pkgs/gatk/4.0.8.1/gatk-package-4.0.8.1-local.jar HaplotypeCaller -R References.fasta -I results/B12.bam -O results/B12.g.vcf -ERC GVCF
15:11:31.327 INFO  NativeLibraryLoader - Loading libgkl_compression.so from jar:file:/bigdata/operations/pkgadmin/opt/linux/centos/7.x/x86_64/pkgs/gatk/4.0.8.1/gatk-package-4.0.8.1-local.jar!/com/intel/gkl/native/libgkl_compression.so
15:11:31.531 INFO  HaplotypeCaller - ------------------------------------------------------------
15:11:31.533 INFO  HaplotypeCaller - The Genome Analysis Toolkit (GATK) v4.0.8.1
15:11:31.533 INFO  HaplotypeCaller - For support and documentation go to https://software.broadinstitute.org/gatk/
15:11:31.533 INFO  HaplotypeCaller - Executing as arajewski@i11 on Linux v3.10.0-957.el7.x86_64 amd64
15:11:31.534 INFO  HaplotypeCaller - Java runtime: Java HotSpot(TM) 64-Bit Server VM v1.8.0_45-b14
15:11:31.534 INFO  HaplotypeCaller - Start Date/Time: May 26, 2020 3:11:31 PM PDT
15:11:31.534 INFO  HaplotypeCaller - ------------------------------------------------------------
15:11:31.534 INFO  HaplotypeCaller - ------------------------------------------------------------
15:11:31.534 INFO  HaplotypeCaller - HTSJDK Version: 2.16.0
15:11:31.534 INFO  HaplotypeCaller - Picard Version: 2.18.7
15:11:31.535 INFO  HaplotypeCaller - HTSJDK Defaults.COMPRESSION_LEVEL : 2
15:11:31.535 INFO  HaplotypeCaller - HTSJDK Defaults.USE_ASYNC_IO_READ_FOR_SAMTOOLS : false
15:11:31.535 INFO  HaplotypeCaller - HTSJDK Defaults.USE_ASYNC_IO_WRITE_FOR_SAMTOOLS : true
15:11:31.535 INFO  HaplotypeCaller - HTSJDK Defaults.USE_ASYNC_IO_WRITE_FOR_TRIBBLE : false
15:11:31.535 INFO  HaplotypeCaller - Deflater: IntelDeflater
15:11:31.535 INFO  HaplotypeCaller - Inflater: IntelInflater
15:11:31.535 INFO  HaplotypeCaller - GCS max retries/reopens: 20
15:11:31.535 INFO  HaplotypeCaller - Using google-cloud-java fork https://github.com/broadinstitute/google-cloud-java/releases/tag/0.20.5-alpha-GCS-RETRY-FIX
15:11:31.535 INFO  HaplotypeCaller - Initializing engine
15:11:32.392 INFO  HaplotypeCaller - Done initializing engine
15:11:32.397 INFO  HaplotypeCallerEngine - Tool is in reference confidence mode and the annotation, the following changes will be made to any specified annotations: 'StrandBiasBySample' will be enabled. 'ChromosomeCounts', 'FisherStrand', 'StrandOddsRatio' and 'QualByDepth' annotations have been disabled
15:11:32.401 INFO  HaplotypeCallerEngine - Standard Emitting and Calling confidence set to 0.0 for reference-model confidence output
15:11:32.401 INFO  HaplotypeCallerEngine - All sites annotated with PLs forced to true for reference-model confidence output
15:11:32.416 INFO  NativeLibraryLoader - Loading libgkl_utils.so from jar:file:/bigdata/operations/pkgadmin/opt/linux/centos/7.x/x86_64/pkgs/gatk/4.0.8.1/gatk-package-4.0.8.1-local.jar!/com/intel/gkl/native/libgkl_utils.so
15:11:32.419 INFO  NativeLibraryLoader - Loading libgkl_pairhmm_omp.so from jar:file:/bigdata/operations/pkgadmin/opt/linux/centos/7.x/x86_64/pkgs/gatk/4.0.8.1/gatk-package-4.0.8.1-local.jar!/com/intel/gkl/native/libgkl_pairhmm_omp.so
15:11:32.458 WARN  IntelPairHmm - Flush-to-zero (FTZ) is enabled when running PairHMM
15:11:32.459 INFO  IntelPairHmm - Available threads: 2
15:11:32.459 INFO  IntelPairHmm - Requested threads: 4
15:11:32.459 WARN  IntelPairHmm - Using 2 available threads, but 4 were requested
15:11:32.459 INFO  PairHMM - Using the OpenMP multi-threaded AVX-accelerated native PairHMM implementation
15:11:32.518 INFO  ProgressMeter - Starting traversal
15:11:32.519 INFO  ProgressMeter -        Current Locus  Elapsed Minutes     Regions Processed   Regions/Minute
15:11:44.384 INFO  ProgressMeter -          SpMBP20.2:1              0.2                    30            151.7
15:11:44.566 INFO  HaplotypeCaller - 544910 read(s) filtered by: ((((((((MappingQualityReadFilter AND MappingQualityAvailableReadFilter) AND MappedReadFilter) AND NotSecondaryAlignmentReadFilter) AND NotDuplicateReadFilter) AND PassesVendorQualityCheckReadFilter) AND NonZeroReferenceLengthAlignmentReadFilter) AND GoodCigarReadFilter) AND WellformedReadFilter)
  544910 read(s) filtered by: (((((((MappingQualityReadFilter AND MappingQualityAvailableReadFilter) AND MappedReadFilter) AND NotSecondaryAlignmentReadFilter) AND NotDuplicateReadFilter) AND PassesVendorQualityCheckReadFilter) AND NonZeroReferenceLengthAlignmentReadFilter) AND GoodCigarReadFilter)
      544910 read(s) filtered by: ((((((MappingQualityReadFilter AND MappingQualityAvailableReadFilter) AND MappedReadFilter) AND NotSecondaryAlignmentReadFilter) AND NotDuplicateReadFilter) AND PassesVendorQualityCheckReadFilter) AND NonZeroReferenceLengthAlignmentReadFilter)
          544910 read(s) filtered by: (((((MappingQualityReadFilter AND MappingQualityAvailableReadFilter) AND MappedReadFilter) AND NotSecondaryAlignmentReadFilter) AND NotDuplicateReadFilter) AND PassesVendorQualityCheckReadFilter)
              544910 read(s) filtered by: ((((MappingQualityReadFilter AND MappingQualityAvailableReadFilter) AND MappedReadFilter) AND NotSecondaryAlignmentReadFilter) AND NotDuplicateReadFilter)
                  481 read(s) filtered by: (((MappingQualityReadFilter AND MappingQualityAvailableReadFilter) AND MappedReadFilter) AND NotSecondaryAlignmentReadFilter)
                      481 read(s) filtered by: ((MappingQualityReadFilter AND MappingQualityAvailableReadFilter) AND MappedReadFilter)
                          481 read(s) filtered by: (MappingQualityReadFilter AND MappingQualityAvailableReadFilter)
                              481 read(s) filtered by: MappingQualityReadFilter 
                  544429 read(s) filtered by: NotDuplicateReadFilter 

15:11:44.581 INFO  ProgressMeter -          SpMBP20.2:1              0.2                    32            159.2
15:11:44.581 INFO  ProgressMeter - Traversal complete. Processed 32 total regions in 0.2 minutes.
15:11:44.600 INFO  VectorLoglessPairHMM - Time spent in setup for JNI call : 0.009939981
15:11:44.601 INFO  PairHMM - Total compute time in PairHMM computeLogLikelihoods() : 0.9128181750000001
15:11:44.601 INFO  SmithWatermanAligner - Total compute time in java Smith-Waterman : 1.72 sec
15:11:44.601 INFO  HaplotypeCaller - Shutting down engine
[May 26, 2020 3:11:44 PM PDT] org.broadinstitute.hellbender.tools.walkers.haplotypecaller.HaplotypeCaller done. Elapsed time: 0.22 minutes.
Runtime.totalMemory()=2728919040
