Sourcing executables from speedseq.config ...
Aligning...
samblaster: Version 0.1.22
samblaster: Inputting from stdin
samblaster: Outputting to stdout
samblaster: Opening C8.lJZBynBkg8VJ/disc_pipe for write.
[M::bwa_idx_load_from_disk] read 0 ALT contigs
samblaster: Opening C8.lJZBynBkg8VJ/spl_pipe for write.
[M::process] read 68244 sequences (10000057 bp)...
[M::process] read 68234 sequences (10000096 bp)...
[M::mem_pestat] # candidate unique pairs for (FF, FR, RF, RR): (0, 33739, 0, 0)
[M::mem_pestat] skip orientation FF as there are not enough pairs
[M::mem_pestat] analyzing insert size distribution for orientation FR...
[M::mem_pestat] (25, 50, 75) percentile: (189, 200, 200)
[M::mem_pestat] low and high boundaries for computing mean and std.dev: (167, 222)
[M::mem_pestat] mean and std.dev: (198.61, 7.43)
[M::mem_pestat] low and high boundaries for proper pairs: (156, 233)
[M::mem_pestat] skip orientation RF as there are not enough pairs
[M::mem_pestat] skip orientation RR as there are not enough pairs
[M::mem_process_seqs] Processed 68244 reads in 5.732 CPU sec, 5.553 real sec
samblaster: Loaded 12 header sequence entries.
[M::process] read 68244 sequences (10000191 bp)...
[M::mem_pestat] # candidate unique pairs for (FF, FR, RF, RR): (1, 33729, 1, 0)
[M::mem_pestat] skip orientation FF as there are not enough pairs
[M::mem_pestat] analyzing insert size distribution for orientation FR...
[M::mem_pestat] (25, 50, 75) percentile: (189, 200, 200)
[M::mem_pestat] low and high boundaries for computing mean and std.dev: (167, 222)
[M::mem_pestat] mean and std.dev: (198.65, 7.43)
[M::mem_pestat] low and high boundaries for proper pairs: (156, 233)
[M::mem_pestat] skip orientation RF as there are not enough pairs
[M::mem_pestat] skip orientation RR as there are not enough pairs
[M::mem_process_seqs] Processed 68234 reads in 6.190 CPU sec, 5.946 real sec
[M::process] read 68226 sequences (10000125 bp)...
[M::mem_pestat] # candidate unique pairs for (FF, FR, RF, RR): (0, 33755, 0, 0)
[M::mem_pestat] skip orientation FF as there are not enough pairs
[M::mem_pestat] analyzing insert size distribution for orientation FR...
[M::mem_pestat] (25, 50, 75) percentile: (189, 200, 200)
[M::mem_pestat] low and high boundaries for computing mean and std.dev: (167, 222)
[M::mem_pestat] mean and std.dev: (198.45, 7.58)
[M::mem_pestat] low and high boundaries for proper pairs: (156, 233)
[M::mem_pestat] skip orientation RF as there are not enough pairs
[M::mem_pestat] skip orientation RR as there are not enough pairs
[M::mem_process_seqs] Processed 68244 reads in 6.140 CPU sec, 5.932 real sec
[M::process] read 68198 sequences (10000117 bp)...
[M::mem_pestat] # candidate unique pairs for (FF, FR, RF, RR): (0, 33751, 0, 0)
[M::mem_pestat] skip orientation FF as there are not enough pairs
[M::mem_pestat] analyzing insert size distribution for orientation FR...
[M::mem_pestat] (25, 50, 75) percentile: (189, 200, 200)
[M::mem_pestat] low and high boundaries for computing mean and std.dev: (167, 222)
[M::mem_pestat] mean and std.dev: (198.63, 7.45)
[M::mem_pestat] low and high boundaries for proper pairs: (156, 233)
[M::mem_pestat] skip orientation RF as there are not enough pairs
[M::mem_pestat] skip orientation RR as there are not enough pairs
[M::mem_process_seqs] Processed 68226 reads in 6.097 CPU sec, 5.820 real sec
[M::process] read 29018 sequences (4253768 bp)...
[M::mem_pestat] # candidate unique pairs for (FF, FR, RF, RR): (0, 33797, 1, 0)
[M::mem_pestat] skip orientation FF as there are not enough pairs
[M::mem_pestat] analyzing insert size distribution for orientation FR...
[M::mem_pestat] (25, 50, 75) percentile: (189, 200, 200)
[M::mem_pestat] low and high boundaries for computing mean and std.dev: (167, 222)
[M::mem_pestat] mean and std.dev: (198.85, 7.33)
[M::mem_pestat] low and high boundaries for proper pairs: (156, 233)
[M::mem_pestat] skip orientation RF as there are not enough pairs
[M::mem_pestat] skip orientation RR as there are not enough pairs
[M::mem_process_seqs] Processed 68198 reads in 5.710 CPU sec, 5.530 real sec
[M::mem_pestat] # candidate unique pairs for (FF, FR, RF, RR): (0, 14368, 1, 0)
[M::mem_pestat] skip orientation FF as there are not enough pairs
[M::mem_pestat] analyzing insert size distribution for orientation FR...
[M::mem_pestat] (25, 50, 75) percentile: (189, 200, 200)
[M::mem_pestat] low and high boundaries for computing mean and std.dev: (167, 222)
[M::mem_pestat] mean and std.dev: (198.47, 7.50)
[M::mem_pestat] low and high boundaries for proper pairs: (156, 233)
[M::mem_pestat] skip orientation RF as there are not enough pairs
[M::mem_pestat] skip orientation RR as there are not enough pairs
[M::mem_process_seqs] Processed 29018 reads in 2.650 CPU sec, 2.553 real sec
samblaster: Output 56 discordant read pairs to C8.lJZBynBkg8VJ/disc_pipe
[main] Version: 0.7.12-r1039
samblaster: Output 6 split reads to C8.lJZBynBkg8VJ/spl_pipe
[main] CMD: /opt/linux/centos/7.x/x86_64/pkgs/bwa/0.7.12/bin/bwa mem -t 1 -R @RG\tID:C8\tSM:C8\tLB:Lib\ References.fasta ExternalData/Pooled/Stacks/C8.1.fq.gzsamblaster: Marked 184513 of 185082 (99.69%) read ids as duplicates ExternalData/Pooled/Stacks/C8.2.fq.gz using 1348k memory in 
[main] Real time: 31.698 sec; CPU: 32.714 sec
0.737S CPU seconds and 31S wall time.
Done
Using GATK jar /bigdata/operations/pkgadmin/opt/linux/centos/7.x/x86_64/pkgs/gatk/4.0.8.1/gatk-package-4.0.8.1-local.jar
Running:
    java -Dsamjdk.use_async_io_read_samtools=false -Dsamjdk.use_async_io_write_samtools=true -Dsamjdk.use_async_io_write_tribble=false -Dsamjdk.compression_level=2 -jar /bigdata/operations/pkgadmin/opt/linux/centos/7.x/x86_64/pkgs/gatk/4.0.8.1/gatk-package-4.0.8.1-local.jar HaplotypeCaller -R References.fasta -I results/C8.bam -O results/C8.g.vcf -ERC GVCF
15:11:25.042 INFO  NativeLibraryLoader - Loading libgkl_compression.so from jar:file:/bigdata/operations/pkgadmin/opt/linux/centos/7.x/x86_64/pkgs/gatk/4.0.8.1/gatk-package-4.0.8.1-local.jar!/com/intel/gkl/native/libgkl_compression.so
15:11:25.393 INFO  HaplotypeCaller - ------------------------------------------------------------
15:11:25.395 INFO  HaplotypeCaller - The Genome Analysis Toolkit (GATK) v4.0.8.1
15:11:25.395 INFO  HaplotypeCaller - For support and documentation go to https://software.broadinstitute.org/gatk/
15:11:25.396 INFO  HaplotypeCaller - Executing as arajewski@i33 on Linux v3.10.0-957.el7.x86_64 amd64
15:11:25.396 INFO  HaplotypeCaller - Java runtime: Java HotSpot(TM) 64-Bit Server VM v1.8.0_45-b14
15:11:25.396 INFO  HaplotypeCaller - Start Date/Time: May 26, 2020 3:11:24 PM PDT
15:11:25.396 INFO  HaplotypeCaller - ------------------------------------------------------------
15:11:25.396 INFO  HaplotypeCaller - ------------------------------------------------------------
15:11:25.397 INFO  HaplotypeCaller - HTSJDK Version: 2.16.0
15:11:25.397 INFO  HaplotypeCaller - Picard Version: 2.18.7
15:11:25.397 INFO  HaplotypeCaller - HTSJDK Defaults.COMPRESSION_LEVEL : 2
15:11:25.397 INFO  HaplotypeCaller - HTSJDK Defaults.USE_ASYNC_IO_READ_FOR_SAMTOOLS : false
15:11:25.397 INFO  HaplotypeCaller - HTSJDK Defaults.USE_ASYNC_IO_WRITE_FOR_SAMTOOLS : true
15:11:25.397 INFO  HaplotypeCaller - HTSJDK Defaults.USE_ASYNC_IO_WRITE_FOR_TRIBBLE : false
15:11:25.397 INFO  HaplotypeCaller - Deflater: IntelDeflater
15:11:25.397 INFO  HaplotypeCaller - Inflater: IntelInflater
15:11:25.397 INFO  HaplotypeCaller - GCS max retries/reopens: 20
15:11:25.398 INFO  HaplotypeCaller - Using google-cloud-java fork https://github.com/broadinstitute/google-cloud-java/releases/tag/0.20.5-alpha-GCS-RETRY-FIX
15:11:25.398 INFO  HaplotypeCaller - Initializing engine
15:11:26.704 INFO  HaplotypeCaller - Done initializing engine
15:11:26.719 INFO  HaplotypeCallerEngine - Tool is in reference confidence mode and the annotation, the following changes will be made to any specified annotations: 'StrandBiasBySample' will be enabled. 'ChromosomeCounts', 'FisherStrand', 'StrandOddsRatio' and 'QualByDepth' annotations have been disabled
15:11:26.724 INFO  HaplotypeCallerEngine - Standard Emitting and Calling confidence set to 0.0 for reference-model confidence output
15:11:26.724 INFO  HaplotypeCallerEngine - All sites annotated with PLs forced to true for reference-model confidence output
15:11:26.739 INFO  NativeLibraryLoader - Loading libgkl_utils.so from jar:file:/bigdata/operations/pkgadmin/opt/linux/centos/7.x/x86_64/pkgs/gatk/4.0.8.1/gatk-package-4.0.8.1-local.jar!/com/intel/gkl/native/libgkl_utils.so
15:11:26.741 INFO  NativeLibraryLoader - Loading libgkl_pairhmm_omp.so from jar:file:/bigdata/operations/pkgadmin/opt/linux/centos/7.x/x86_64/pkgs/gatk/4.0.8.1/gatk-package-4.0.8.1-local.jar!/com/intel/gkl/native/libgkl_pairhmm_omp.so
15:11:26.783 WARN  IntelPairHmm - Flush-to-zero (FTZ) is enabled when running PairHMM
15:11:26.784 INFO  IntelPairHmm - Available threads: 2
15:11:26.784 INFO  IntelPairHmm - Requested threads: 4
15:11:26.784 WARN  IntelPairHmm - Using 2 available threads, but 4 were requested
15:11:26.784 INFO  PairHMM - Using the OpenMP multi-threaded AVX-accelerated native PairHMM implementation
15:11:26.859 INFO  ProgressMeter - Starting traversal
15:11:26.859 INFO  ProgressMeter -        Current Locus  Elapsed Minutes     Regions Processed   Regions/Minute
15:11:35.867 INFO  HaplotypeCaller - 369068 read(s) filtered by: ((((((((MappingQualityReadFilter AND MappingQualityAvailableReadFilter) AND MappedReadFilter) AND NotSecondaryAlignmentReadFilter) AND NotDuplicateReadFilter) AND PassesVendorQualityCheckReadFilter) AND NonZeroReferenceLengthAlignmentReadFilter) AND GoodCigarReadFilter) AND WellformedReadFilter)
  369068 read(s) filtered by: (((((((MappingQualityReadFilter AND MappingQualityAvailableReadFilter) AND MappedReadFilter) AND NotSecondaryAlignmentReadFilter) AND NotDuplicateReadFilter) AND PassesVendorQualityCheckReadFilter) AND NonZeroReferenceLengthAlignmentReadFilter) AND GoodCigarReadFilter)
      369068 read(s) filtered by: ((((((MappingQualityReadFilter AND MappingQualityAvailableReadFilter) AND MappedReadFilter) AND NotSecondaryAlignmentReadFilter) AND NotDuplicateReadFilter) AND PassesVendorQualityCheckReadFilter) AND NonZeroReferenceLengthAlignmentReadFilter)
          369068 read(s) filtered by: (((((MappingQualityReadFilter AND MappingQualityAvailableReadFilter) AND MappedReadFilter) AND NotSecondaryAlignmentReadFilter) AND NotDuplicateReadFilter) AND PassesVendorQualityCheckReadFilter)
              369068 read(s) filtered by: ((((MappingQualityReadFilter AND MappingQualityAvailableReadFilter) AND MappedReadFilter) AND NotSecondaryAlignmentReadFilter) AND NotDuplicateReadFilter)
                  791 read(s) filtered by: (((MappingQualityReadFilter AND MappingQualityAvailableReadFilter) AND MappedReadFilter) AND NotSecondaryAlignmentReadFilter)
                      791 read(s) filtered by: ((MappingQualityReadFilter AND MappingQualityAvailableReadFilter) AND MappedReadFilter)
                          791 read(s) filtered by: (MappingQualityReadFilter AND MappingQualityAvailableReadFilter)
                              791 read(s) filtered by: MappingQualityReadFilter 
                  368277 read(s) filtered by: NotDuplicateReadFilter 

15:11:35.867 INFO  ProgressMeter -            SpMBP10:1              0.2                    24            159.9
15:11:35.867 INFO  ProgressMeter - Traversal complete. Processed 24 total regions in 0.2 minutes.
15:11:35.883 INFO  VectorLoglessPairHMM - Time spent in setup for JNI call : 0.005765312000000001
15:11:35.883 INFO  PairHMM - Total compute time in PairHMM computeLogLikelihoods() : 1.072908122
15:11:35.883 INFO  SmithWatermanAligner - Total compute time in java Smith-Waterman : 1.35 sec
15:11:35.883 INFO  HaplotypeCaller - Shutting down engine
[May 26, 2020 3:11:35 PM PDT] org.broadinstitute.hellbender.tools.walkers.haplotypecaller.HaplotypeCaller done. Elapsed time: 0.18 minutes.
Runtime.totalMemory()=2791309312
