Sourcing executables from speedseq.config ...
Aligning...
samblaster: Version 0.1.22
samblaster: Inputting from stdin
samblaster: Outputting to stdout
samblaster: Opening B6.r75kd3n3zY5n/disc_pipe for write.
[M::bwa_idx_load_from_disk] read 0 ALT contigs
samblaster: Opening B6.r75kd3n3zY5n/spl_pipe for write.
[main] Version: 0.7.12-r1039
[main] CMD: /opt/linux/centos/7.x/x86_64/pkgs/bwa/0.7.12/bin/bwa mem -t 1 -R @RG\tID:B6\tSM:B6\tLB:Lib\ References.fasta ExternalData/B6_pair1.fastq ExternalData/B6_pair2.fastq
[main] Real time: 0.028 sec; CPU: 0.005 sec
samblaster: Loaded 12 header sequence entries.
Done
Using GATK jar /bigdata/operations/pkgadmin/opt/linux/centos/7.x/x86_64/pkgs/gatk/4.0.8.1/gatk-package-4.0.8.1-local.jar
Running:
    java -Dsamjdk.use_async_io_read_samtools=false -Dsamjdk.use_async_io_write_samtools=true -Dsamjdk.use_async_io_write_tribble=false -Dsamjdk.compression_level=2 -jar /bigdata/operations/pkgadmin/opt/linux/centos/7.x/x86_64/pkgs/gatk/4.0.8.1/gatk-package-4.0.8.1-local.jar HaplotypeCaller -R References.fasta -I results/B6.bam -O results/B6.g.vcf -ERC GVCF
11:08:54.088 INFO  NativeLibraryLoader - Loading libgkl_compression.so from jar:file:/bigdata/operations/pkgadmin/opt/linux/centos/7.x/x86_64/pkgs/gatk/4.0.8.1/gatk-package-4.0.8.1-local.jar!/com/intel/gkl/native/libgkl_compression.so
11:08:54.961 INFO  HaplotypeCaller - ------------------------------------------------------------
11:08:54.963 INFO  HaplotypeCaller - The Genome Analysis Toolkit (GATK) v4.0.8.1
11:08:54.963 INFO  HaplotypeCaller - For support and documentation go to https://software.broadinstitute.org/gatk/
11:08:54.964 INFO  HaplotypeCaller - Executing as arajewski@i26 on Linux v3.10.0-957.el7.x86_64 amd64
11:08:54.964 INFO  HaplotypeCaller - Java runtime: Java HotSpot(TM) 64-Bit Server VM v1.8.0_45-b14
11:08:54.964 INFO  HaplotypeCaller - Start Date/Time: May 26, 2020 11:08:54 AM PDT
11:08:54.964 INFO  HaplotypeCaller - ------------------------------------------------------------
11:08:54.965 INFO  HaplotypeCaller - ------------------------------------------------------------
11:08:54.965 INFO  HaplotypeCaller - HTSJDK Version: 2.16.0
11:08:54.965 INFO  HaplotypeCaller - Picard Version: 2.18.7
11:08:54.965 INFO  HaplotypeCaller - HTSJDK Defaults.COMPRESSION_LEVEL : 2
11:08:54.965 INFO  HaplotypeCaller - HTSJDK Defaults.USE_ASYNC_IO_READ_FOR_SAMTOOLS : false
11:08:54.965 INFO  HaplotypeCaller - HTSJDK Defaults.USE_ASYNC_IO_WRITE_FOR_SAMTOOLS : true
11:08:54.966 INFO  HaplotypeCaller - HTSJDK Defaults.USE_ASYNC_IO_WRITE_FOR_TRIBBLE : false
11:08:54.966 INFO  HaplotypeCaller - Deflater: IntelDeflater
11:08:54.966 INFO  HaplotypeCaller - Inflater: IntelInflater
11:08:54.966 INFO  HaplotypeCaller - GCS max retries/reopens: 20
11:08:54.966 INFO  HaplotypeCaller - Using google-cloud-java fork https://github.com/broadinstitute/google-cloud-java/releases/tag/0.20.5-alpha-GCS-RETRY-FIX
11:08:54.966 INFO  HaplotypeCaller - Initializing engine
11:08:55.440 INFO  HaplotypeCaller - Done initializing engine
11:08:55.448 INFO  HaplotypeCallerEngine - Tool is in reference confidence mode and the annotation, the following changes will be made to any specified annotations: 'StrandBiasBySample' will be enabled. 'ChromosomeCounts', 'FisherStrand', 'StrandOddsRatio' and 'QualByDepth' annotations have been disabled
11:08:55.456 INFO  HaplotypeCallerEngine - Standard Emitting and Calling confidence set to 0.0 for reference-model confidence output
11:08:55.456 INFO  HaplotypeCallerEngine - All sites annotated with PLs forced to true for reference-model confidence output
11:08:55.474 INFO  NativeLibraryLoader - Loading libgkl_utils.so from jar:file:/bigdata/operations/pkgadmin/opt/linux/centos/7.x/x86_64/pkgs/gatk/4.0.8.1/gatk-package-4.0.8.1-local.jar!/com/intel/gkl/native/libgkl_utils.so
11:08:55.476 INFO  NativeLibraryLoader - Loading libgkl_pairhmm_omp.so from jar:file:/bigdata/operations/pkgadmin/opt/linux/centos/7.x/x86_64/pkgs/gatk/4.0.8.1/gatk-package-4.0.8.1-local.jar!/com/intel/gkl/native/libgkl_pairhmm_omp.so
11:08:55.527 WARN  IntelPairHmm - Flush-to-zero (FTZ) is enabled when running PairHMM
11:08:55.528 INFO  IntelPairHmm - Available threads: 2
11:08:55.528 INFO  IntelPairHmm - Requested threads: 4
11:08:55.528 WARN  IntelPairHmm - Using 2 available threads, but 4 were requested
11:08:55.528 INFO  PairHMM - Using the OpenMP multi-threaded AVX-accelerated native PairHMM implementation
11:08:55.626 INFO  ProgressMeter - Starting traversal
11:08:55.627 INFO  ProgressMeter -        Current Locus  Elapsed Minutes     Regions Processed   Regions/Minute
11:08:56.111 INFO  HaplotypeCaller - No reads filtered by: ((((((((MappingQualityReadFilter AND MappingQualityAvailableReadFilter) AND MappedReadFilter) AND NotSecondaryAlignmentReadFilter) AND NotDuplicateReadFilter) AND PassesVendorQualityCheckReadFilter) AND NonZeroReferenceLengthAlignmentReadFilter) AND GoodCigarReadFilter) AND WellformedReadFilter)
11:08:56.113 INFO  ProgressMeter -             SpFUL2:1              0.0                    14           1735.5
11:08:56.121 INFO  ProgressMeter - Traversal complete. Processed 14 total regions in 0.0 minutes.
11:08:56.130 INFO  VectorLoglessPairHMM - Time spent in setup for JNI call : 0.0
11:08:56.131 INFO  PairHMM - Total compute time in PairHMM computeLogLikelihoods() : 0.0
11:08:56.131 INFO  SmithWatermanAligner - Total compute time in java Smith-Waterman : 0.00 sec
11:08:56.131 INFO  HaplotypeCaller - Shutting down engine
[May 26, 2020 11:08:56 AM PDT] org.broadinstitute.hellbender.tools.walkers.haplotypecaller.HaplotypeCaller done. Elapsed time: 0.03 minutes.
Runtime.totalMemory()=2446852096
