Tcl_InitNotifier: unable to start notifier thread
Sourcing executables from speedseq.config ...
Aligning...
samblaster: Version 0.1.22
samblaster: Inputting from stdin
samblaster: Outputting to stdout
samblaster: Opening B12.LpjXy8tDlERL/disc_pipe for write.
[M::bwa_idx_load_from_disk] read 0 ALT contigs
samblaster: Opening B12.LpjXy8tDlERL/spl_pipe for write.
[M::process] read 71790 sequences (10000076 bp)...
[M::process] read 71832 sequences (10000234 bp)...
[M::mem_pestat] # candidate unique pairs for (FF, FR, RF, RR): (0, 35740, 0, 0)
[M::mem_pestat] skip orientation FF as there are not enough pairs
[M::mem_pestat] analyzing insert size distribution for orientation FR...
[M::mem_pestat] (25, 50, 75) percentile: (121, 200, 200)
[M::mem_pestat] low and high boundaries for computing mean and std.dev: (1, 358)
[M::mem_pestat] mean and std.dev: (178.55, 42.53)
[M::mem_pestat] low and high boundaries for proper pairs: (1, 437)
[M::mem_pestat] skip orientation RF as there are not enough pairs
[M::mem_pestat] skip orientation RR as there are not enough pairs
[M::mem_process_seqs] Processed 71790 reads in 3.392 CPU sec, 3.201 real sec
samblaster: Loaded 12 header sequence entries.
[M::process] read 25252 sequences (3524808 bp)...
[M::mem_pestat] # candidate unique pairs for (FF, FR, RF, RR): (0, 35798, 0, 0)
[M::mem_pestat] skip orientation FF as there are not enough pairs
[M::mem_pestat] analyzing insert size distribution for orientation FR...
[M::mem_pestat] (25, 50, 75) percentile: (121, 200, 200)
[M::mem_pestat] low and high boundaries for computing mean and std.dev: (1, 358)
[M::mem_pestat] mean and std.dev: (178.28, 42.62)
[M::mem_pestat] low and high boundaries for proper pairs: (1, 437)
[M::mem_pestat] skip orientation RF as there are not enough pairs
[M::mem_pestat] skip orientation RR as there are not enough pairs
[M::mem_process_seqs] Processed 71832 reads in 3.598 CPU sec, 3.486 real sec
[M::mem_pestat] # candidate unique pairs for (FF, FR, RF, RR): (0, 12579, 0, 0)
[M::mem_pestat] skip orientation FF as there are not enough pairs
[M::mem_pestat] analyzing insert size distribution for orientation FR...
[M::mem_pestat] (25, 50, 75) percentile: (121, 200, 200)
[M::mem_pestat] low and high boundaries for computing mean and std.dev: (1, 358)
[M::mem_pestat] mean and std.dev: (179.51, 41.92)
[M::mem_pestat] low and high boundaries for proper pairs: (1, 437)
[M::mem_pestat] skip orientation RF as there are not enough pairs
[M::mem_pestat] skip orientation RR as there are not enough pairs
[M::mem_process_seqs] Processed 25252 reads in 1.419 CPU sec, 1.420 real sec
[main] Version: 0.7.12-r1039
[main] CMD: /opt/linux/centos/7.x/x86_64/pkgs/bwa/0.7.12/bin/bwa mem -t 1 -R @RG\tID:B12\tSM:B12\tLB:Lib\ References.fasta ExternalData/Flowcell_1304/Pooled/Stacks/B12.1.fq.gz ExternalData/Flowcell_1304/Pooled/Stacks/B12.2.fq.gz
[main] Real time: 8.417 sec; CPU: 8.569 sec
samblaster: Output 10 discordant read pairs to B12.LpjXy8tDlERL/disc_pipe
samblaster: Output 18 split reads to B12.LpjXy8tDlERL/spl_pipe
samblaster: Marked 84234 of 84437 (99.76%) read ids as duplicates using 1344k memory in 0.325S CPU seconds and 9S wall time.
slurmstepd-i06: error: *** JOB 2040630 ON i06 CANCELLED AT 2020-09-03T15:21:58 ***
