Sourcing executables from speedseq.config ...
Aligning...
[M::bwa_idx_load_from_disk] read 0 ALT contigs
samblaster: Version 0.1.22
samblaster: Inputting from stdin
samblaster: Outputting to stdout
samblaster: Opening A4.mpkPhzCMGwRg/disc_pipe for write.
samblaster: Opening A4.mpkPhzCMGwRg/spl_pipe for write.
[M::process] read 67116 sequences (10000284 bp)...
[M::process] read 67116 sequences (10000284 bp)...
[M::mem_pestat] # candidate unique pairs for (FF, FR, RF, RR): (856, 0, 0, 0)
[M::mem_pestat] analyzing insert size distribution for orientation FF...
[M::mem_pestat] (25, 50, 75) percentile: (3, 4, 5)
[M::mem_pestat] low and high boundaries for computing mean and std.dev: (1, 9)
[M::mem_pestat] mean and std.dev: (4.05, 2.13)
[M::mem_pestat] low and high boundaries for proper pairs: (1, 11)
[M::mem_pestat] skip orientation FR as there are not enough pairs
[M::mem_pestat] skip orientation RF as there are not enough pairs
[M::mem_pestat] skip orientation RR as there are not enough pairs
[M::mem_process_seqs] Processed 67116 reads in 7.678 CPU sec, 7.524 real sec
samblaster: Loaded 12 header sequence entries.
[M::process] read 67116 sequences (10000284 bp)...
[M::mem_pestat] # candidate unique pairs for (FF, FR, RF, RR): (1004, 0, 0, 0)
[M::mem_pestat] analyzing insert size distribution for orientation FF...
[M::mem_pestat] (25, 50, 75) percentile: (4, 4, 5)
[M::mem_pestat] low and high boundaries for computing mean and std.dev: (2, 7)
[M::mem_pestat] mean and std.dev: (4.20, 0.83)
[M::mem_pestat] low and high boundaries for proper pairs: (1, 8)
[M::mem_pestat] skip orientation FR as there are not enough pairs
[M::mem_pestat] skip orientation RF as there are not enough pairs
[M::mem_pestat] skip orientation RR as there are not enough pairs
[M::mem_process_seqs] Processed 67116 reads in 8.299 CPU sec, 8.098 real sec
[M::process] read 67116 sequences (10000284 bp)...
[M::mem_pestat] # candidate unique pairs for (FF, FR, RF, RR): (811, 0, 0, 1)
[M::mem_pestat] analyzing insert size distribution for orientation FF...
[M::mem_pestat] (25, 50, 75) percentile: (4, 4, 6)
[M::mem_pestat] low and high boundaries for computing mean and std.dev: (1, 10)
[M::mem_pestat] mean and std.dev: (4.26, 2.24)
[M::mem_pestat] low and high boundaries for proper pairs: (1, 12)
[M::mem_pestat] skip orientation FR as there are not enough pairs
[M::mem_pestat] skip orientation RF as there are not enough pairs
[M::mem_pestat] skip orientation RR as there are not enough pairs
[M::mem_process_seqs] Processed 67116 reads in 8.395 CPU sec, 8.154 real sec
[M::process] read 67116 sequences (10000284 bp)...
[M::mem_pestat] # candidate unique pairs for (FF, FR, RF, RR): (892, 0, 0, 2)
[M::mem_pestat] analyzing insert size distribution for orientation FF...
[M::mem_pestat] (25, 50, 75) percentile: (1, 4, 5)
[M::mem_pestat] low and high boundaries for computing mean and std.dev: (1, 13)
[M::mem_pestat] mean and std.dev: (3.56, 2.55)
[M::mem_pestat] low and high boundaries for proper pairs: (1, 17)
[M::mem_pestat] skip orientation FR as there are not enough pairs
[M::mem_pestat] skip orientation RF as there are not enough pairs
[M::mem_pestat] skip orientation RR as there are not enough pairs
[M::mem_process_seqs] Processed 67116 reads in 8.272 CPU sec, 8.103 real sec
[M::process] read 56752 sequences (8456048 bp)...
[M::mem_pestat] # candidate unique pairs for (FF, FR, RF, RR): (946, 0, 0, 0)
[M::mem_pestat] analyzing insert size distribution for orientation FF...
[M::mem_pestat] (25, 50, 75) percentile: (1, 4, 5)
[M::mem_pestat] low and high boundaries for computing mean and std.dev: (1, 13)
[M::mem_pestat] mean and std.dev: (3.49, 2.77)
[M::mem_pestat] low and high boundaries for proper pairs: (1, 17)
[M::mem_pestat] skip orientation FR as there are not enough pairs
[M::mem_pestat] skip orientation RF as there are not enough pairs
[M::mem_pestat] skip orientation RR as there are not enough pairs
[M::mem_process_seqs] Processed 67116 reads in 8.320 CPU sec, 8.119 real sec
[M::mem_pestat] # candidate unique pairs for (FF, FR, RF, RR): (851, 0, 0, 1)
[M::mem_pestat] analyzing insert size distribution for orientation FF...
[M::mem_pestat] (25, 50, 75) percentile: (1, 4, 5)
[M::mem_pestat] low and high boundaries for computing mean and std.dev: (1, 13)
[M::mem_pestat] mean and std.dev: (3.57, 2.54)
[M::mem_pestat] low and high boundaries for proper pairs: (1, 17)
[M::mem_pestat] skip orientation FR as there are not enough pairs
[M::mem_pestat] skip orientation RF as there are not enough pairs
[M::mem_pestat] skip orientation RR as there are not enough pairs
[M::mem_process_seqs] Processed 56752 reads in 6.966 CPU sec, 6.887 real sec
[main] Version: 0.7.12-r1039
samblaster: Output 174 discordant read pairs to A4.mpkPhzCMGwRg/disc_pipe
[main] CMD:samblaster: Output 20 split reads to A4.mpkPhzCMGwRg/spl_pipe
 /opt/linux/centos/7.x/x86_64/pkgs/bwa/0.7.12/bin/bwa mem -t 1 -R @RG\tID:A4\tSM:A4\tLB:Lib\ References.fasta ExternalData/A4_pair1.fastq ExternalData/A4_pair2.fastqsamblaster: Marked 185416 of 196166 (94.52%) read ids as duplicates
[main] Real time: 47.441 sec; CPU: 48.110 sec
 using 1340k memory in 0.807S CPU seconds and 47S wall time.
Done
Using GATK jar /bigdata/operations/pkgadmin/opt/linux/centos/7.x/x86_64/pkgs/gatk/4.0.8.1/gatk-package-4.0.8.1-local.jar
Running:
    java -Dsamjdk.use_async_io_read_samtools=false -Dsamjdk.use_async_io_write_samtools=true -Dsamjdk.use_async_io_write_tribble=false -Dsamjdk.compression_level=2 -jar /bigdata/operations/pkgadmin/opt/linux/centos/7.x/x86_64/pkgs/gatk/4.0.8.1/gatk-package-4.0.8.1-local.jar HaplotypeCaller -R References.fasta -I results/A4.bam -O results/A4.g.vcf -ERC GVCF
11:09:48.855 INFO  NativeLibraryLoader - Loading libgkl_compression.so from jar:file:/bigdata/operations/pkgadmin/opt/linux/centos/7.x/x86_64/pkgs/gatk/4.0.8.1/gatk-package-4.0.8.1-local.jar!/com/intel/gkl/native/libgkl_compression.so
11:09:49.921 INFO  HaplotypeCaller - ------------------------------------------------------------
11:09:49.923 INFO  HaplotypeCaller - The Genome Analysis Toolkit (GATK) v4.0.8.1
11:09:49.923 INFO  HaplotypeCaller - For support and documentation go to https://software.broadinstitute.org/gatk/
11:09:49.924 INFO  HaplotypeCaller - Executing as arajewski@i25 on Linux v3.10.0-957.el7.x86_64 amd64
11:09:49.925 INFO  HaplotypeCaller - Java runtime: Java HotSpot(TM) 64-Bit Server VM v1.8.0_45-b14
11:09:49.925 INFO  HaplotypeCaller - Start Date/Time: May 26, 2020 11:09:48 AM PDT
11:09:49.925 INFO  HaplotypeCaller - ------------------------------------------------------------
11:09:49.925 INFO  HaplotypeCaller - ------------------------------------------------------------
11:09:49.927 INFO  HaplotypeCaller - HTSJDK Version: 2.16.0
11:09:49.927 INFO  HaplotypeCaller - Picard Version: 2.18.7
11:09:49.927 INFO  HaplotypeCaller - HTSJDK Defaults.COMPRESSION_LEVEL : 2
11:09:49.927 INFO  HaplotypeCaller - HTSJDK Defaults.USE_ASYNC_IO_READ_FOR_SAMTOOLS : false
11:09:49.927 INFO  HaplotypeCaller - HTSJDK Defaults.USE_ASYNC_IO_WRITE_FOR_SAMTOOLS : true
11:09:49.927 INFO  HaplotypeCaller - HTSJDK Defaults.USE_ASYNC_IO_WRITE_FOR_TRIBBLE : false
11:09:49.928 INFO  HaplotypeCaller - Deflater: IntelDeflater
11:09:49.928 INFO  HaplotypeCaller - Inflater: IntelInflater
11:09:49.928 INFO  HaplotypeCaller - GCS max retries/reopens: 20
11:09:49.928 INFO  HaplotypeCaller - Using google-cloud-java fork https://github.com/broadinstitute/google-cloud-java/releases/tag/0.20.5-alpha-GCS-RETRY-FIX
11:09:49.928 INFO  HaplotypeCaller - Initializing engine
11:09:50.506 INFO  HaplotypeCaller - Done initializing engine
11:09:50.520 INFO  HaplotypeCallerEngine - Tool is in reference confidence mode and the annotation, the following changes will be made to any specified annotations: 'StrandBiasBySample' will be enabled. 'ChromosomeCounts', 'FisherStrand', 'StrandOddsRatio' and 'QualByDepth' annotations have been disabled
11:09:50.528 INFO  HaplotypeCallerEngine - Standard Emitting and Calling confidence set to 0.0 for reference-model confidence output
11:09:50.528 INFO  HaplotypeCallerEngine - All sites annotated with PLs forced to true for reference-model confidence output
11:09:50.550 INFO  NativeLibraryLoader - Loading libgkl_utils.so from jar:file:/bigdata/operations/pkgadmin/opt/linux/centos/7.x/x86_64/pkgs/gatk/4.0.8.1/gatk-package-4.0.8.1-local.jar!/com/intel/gkl/native/libgkl_utils.so
11:09:50.554 INFO  NativeLibraryLoader - Loading libgkl_pairhmm_omp.so from jar:file:/bigdata/operations/pkgadmin/opt/linux/centos/7.x/x86_64/pkgs/gatk/4.0.8.1/gatk-package-4.0.8.1-local.jar!/com/intel/gkl/native/libgkl_pairhmm_omp.so
11:09:50.601 WARN  IntelPairHmm - Flush-to-zero (FTZ) is enabled when running PairHMM
11:09:50.602 INFO  IntelPairHmm - Available threads: 2
11:09:50.602 INFO  IntelPairHmm - Requested threads: 4
11:09:50.602 WARN  IntelPairHmm - Using 2 available threads, but 4 were requested
11:09:50.602 INFO  PairHMM - Using the OpenMP multi-threaded AVX-accelerated native PairHMM implementation
11:09:50.689 INFO  ProgressMeter - Starting traversal
11:09:50.690 INFO  ProgressMeter -        Current Locus  Elapsed Minutes     Regions Processed   Regions/Minute
11:10:03.148 INFO  ProgressMeter -          NoMBP20.1:1              0.2                    10             48.2
11:10:06.659 INFO  HaplotypeCaller - 370867 read(s) filtered by: ((((((((MappingQualityReadFilter AND MappingQualityAvailableReadFilter) AND MappedReadFilter) AND NotSecondaryAlignmentReadFilter) AND NotDuplicateReadFilter) AND PassesVendorQualityCheckReadFilter) AND NonZeroReferenceLengthAlignmentReadFilter) AND GoodCigarReadFilter) AND WellformedReadFilter)
  370867 read(s) filtered by: (((((((MappingQualityReadFilter AND MappingQualityAvailableReadFilter) AND MappedReadFilter) AND NotSecondaryAlignmentReadFilter) AND NotDuplicateReadFilter) AND PassesVendorQualityCheckReadFilter) AND NonZeroReferenceLengthAlignmentReadFilter) AND GoodCigarReadFilter)
      370867 read(s) filtered by: ((((((MappingQualityReadFilter AND MappingQualityAvailableReadFilter) AND MappedReadFilter) AND NotSecondaryAlignmentReadFilter) AND NotDuplicateReadFilter) AND PassesVendorQualityCheckReadFilter) AND NonZeroReferenceLengthAlignmentReadFilter)
          370867 read(s) filtered by: (((((MappingQualityReadFilter AND MappingQualityAvailableReadFilter) AND MappedReadFilter) AND NotSecondaryAlignmentReadFilter) AND NotDuplicateReadFilter) AND PassesVendorQualityCheckReadFilter)
              370867 read(s) filtered by: ((((MappingQualityReadFilter AND MappingQualityAvailableReadFilter) AND MappedReadFilter) AND NotSecondaryAlignmentReadFilter) AND NotDuplicateReadFilter)
                  192 read(s) filtered by: (((MappingQualityReadFilter AND MappingQualityAvailableReadFilter) AND MappedReadFilter) AND NotSecondaryAlignmentReadFilter)
                      192 read(s) filtered by: ((MappingQualityReadFilter AND MappingQualityAvailableReadFilter) AND MappedReadFilter)
                          192 read(s) filtered by: (MappingQualityReadFilter AND MappingQualityAvailableReadFilter)
                              192 read(s) filtered by: MappingQualityReadFilter 
                  370675 read(s) filtered by: NotDuplicateReadFilter 

11:10:06.659 INFO  ProgressMeter -          SpMBP20.1:1              0.3                    22             82.7
11:10:06.659 INFO  ProgressMeter - Traversal complete. Processed 22 total regions in 0.3 minutes.
11:10:06.678 INFO  VectorLoglessPairHMM - Time spent in setup for JNI call : 0.029553688
11:10:06.679 INFO  PairHMM - Total compute time in PairHMM computeLogLikelihoods() : 2.8296773920000002
11:10:06.679 INFO  SmithWatermanAligner - Total compute time in java Smith-Waterman : 3.00 sec
11:10:06.679 INFO  HaplotypeCaller - Shutting down engine
[May 26, 2020 11:10:06 AM PDT] org.broadinstitute.hellbender.tools.walkers.haplotypecaller.HaplotypeCaller done. Elapsed time: 0.30 minutes.
Runtime.totalMemory()=2413297664
