Sourcing executables from speedseq.config ...
Aligning...
samblaster: Version 0.1.22
samblaster: Inputting from stdin
samblaster: Outputting to stdout
samblaster: Opening F1.0sZXHlBrbcz2/disc_pipe for write.
[M::bwa_idx_load_from_disk] read 0 ALT contigs
samblaster: Opening F1.0sZXHlBrbcz2/spl_pipe for write.
[M::process] read 71968 sequences (10000239 bp)...
[M::process] read 71936 sequences (10000216 bp)...
[M::mem_pestat] # candidate unique pairs for (FF, FR, RF, RR): (0, 35592, 0, 0)
[M::mem_pestat] skip orientation FF as there are not enough pairs
[M::mem_pestat] analyzing insert size distribution for orientation FR...
[M::mem_pestat] (25, 50, 75) percentile: (121, 199, 200)
[M::mem_pestat] low and high boundaries for computing mean and std.dev: (1, 358)
[M::mem_pestat] mean and std.dev: (172.14, 40.51)
[M::mem_pestat] low and high boundaries for proper pairs: (1, 437)
[M::mem_pestat] skip orientation RF as there are not enough pairs
[M::mem_pestat] skip orientation RR as there are not enough pairs
[M::mem_process_seqs] Processed 71968 reads in 4.898 CPU sec, 4.676 real sec
samblaster: Loaded 12 header sequence entries.
[M::process] read 71926 sequences (10000258 bp)...
[M::mem_pestat] # candidate unique pairs for (FF, FR, RF, RR): (0, 35569, 2, 0)
[M::mem_pestat] skip orientation FF as there are not enough pairs
[M::mem_pestat] analyzing insert size distribution for orientation FR...
[M::mem_pestat] (25, 50, 75) percentile: (121, 199, 200)
[M::mem_pestat] low and high boundaries for computing mean and std.dev: (1, 358)
[M::mem_pestat] mean and std.dev: (172.10, 40.58)
[M::mem_pestat] low and high boundaries for proper pairs: (1, 437)
[M::mem_pestat] skip orientation RF as there are not enough pairs
[M::mem_pestat] skip orientation RR as there are not enough pairs
[M::mem_process_seqs] Processed 71936 reads in 5.348 CPU sec, 5.113 real sec
[M::process] read 39838 sequences (5549608 bp)...
[M::mem_pestat] # candidate unique pairs for (FF, FR, RF, RR): (0, 35658, 3, 0)
[M::mem_pestat] skip orientation FF as there are not enough pairs
[M::mem_pestat] analyzing insert size distribution for orientation FR...
[M::mem_pestat] (25, 50, 75) percentile: (121, 199, 200)
[M::mem_pestat] low and high boundaries for computing mean and std.dev: (1, 358)
[M::mem_pestat] mean and std.dev: (172.42, 40.71)
[M::mem_pestat] low and high boundaries for proper pairs: (1, 437)
[M::mem_pestat] skip orientation RF as there are not enough pairs
[M::mem_pestat] skip orientation RR as there are not enough pairs
[M::mem_process_seqs] Processed 71926 reads in 5.059 CPU sec, 4.903 real sec
[M::mem_pestat] # candidate unique pairs for (FF, FR, RF, RR): (1, 19766, 1, 0)
[M::mem_pestat] skip orientation FF as there are not enough pairs
[M::mem_pestat] analyzing insert size distribution for orientation FR...
[M::mem_pestat] (25, 50, 75) percentile: (121, 200, 200)
[M::mem_pestat] low and high boundaries for computing mean and std.dev: (1, 358)
[M::mem_pestat] mean and std.dev: (173.07, 40.59)
[M::mem_pestat] low and high boundaries for proper pairs: (1, 437)
[M::mem_pestat] skip orientation RF as there are not enough pairs
[M::mem_pestat] skip orientation RR as there are not enough pairs
[M::mem_process_seqs] Processed 39838 reads in 2.802 CPU sec, 2.750 real sec
[main] Version: 0.7.12-r1039
samblaster: Output 78 discordant read pairs to F1.0sZXHlBrbcz2/disc_pipe
[main] CMD:samblaster: Output 68 split reads to F1.0sZXHlBrbcz2/spl_pipe
 /opt/linux/centos/7.x/x86_64/pkgs/bwa/0.7.12/bin/bwa mem -t 1 -R @RG\tID:F1\tSM:F1\tLB:Lib\ References.fasta ExternalData/Pooled/Stacks/F1.1.fq.gz ExternalData/Pooled/Stacks/F1.2.fq.gzsamblaster: Marked 127221 of 127834 (99.52%) read ids as duplicates using 1340k memory in 
[main] Real time: 17.893 sec; CPU: 18.314 sec
0.521S CPU seconds and 18S wall time.
Done
Using GATK jar /bigdata/operations/pkgadmin/opt/linux/centos/7.x/x86_64/pkgs/gatk/4.0.8.1/gatk-package-4.0.8.1-local.jar
Running:
    java -Dsamjdk.use_async_io_read_samtools=false -Dsamjdk.use_async_io_write_samtools=true -Dsamjdk.use_async_io_write_tribble=false -Dsamjdk.compression_level=2 -jar /bigdata/operations/pkgadmin/opt/linux/centos/7.x/x86_64/pkgs/gatk/4.0.8.1/gatk-package-4.0.8.1-local.jar HaplotypeCaller -R References.fasta -I results/F1.bam -O results/F1.g.vcf -ERC GVCF
15:11:08.880 INFO  NativeLibraryLoader - Loading libgkl_compression.so from jar:file:/bigdata/operations/pkgadmin/opt/linux/centos/7.x/x86_64/pkgs/gatk/4.0.8.1/gatk-package-4.0.8.1-local.jar!/com/intel/gkl/native/libgkl_compression.so
15:11:09.223 INFO  HaplotypeCaller - ------------------------------------------------------------
15:11:09.225 INFO  HaplotypeCaller - The Genome Analysis Toolkit (GATK) v4.0.8.1
15:11:09.226 INFO  HaplotypeCaller - For support and documentation go to https://software.broadinstitute.org/gatk/
15:11:09.227 INFO  HaplotypeCaller - Executing as arajewski@i05 on Linux v3.10.0-957.el7.x86_64 amd64
15:11:09.227 INFO  HaplotypeCaller - Java runtime: Java HotSpot(TM) 64-Bit Server VM v1.8.0_45-b14
15:11:09.227 INFO  HaplotypeCaller - Start Date/Time: May 26, 2020 3:11:08 PM PDT
15:11:09.227 INFO  HaplotypeCaller - ------------------------------------------------------------
15:11:09.227 INFO  HaplotypeCaller - ------------------------------------------------------------
15:11:09.228 INFO  HaplotypeCaller - HTSJDK Version: 2.16.0
15:11:09.228 INFO  HaplotypeCaller - Picard Version: 2.18.7
15:11:09.228 INFO  HaplotypeCaller - HTSJDK Defaults.COMPRESSION_LEVEL : 2
15:11:09.228 INFO  HaplotypeCaller - HTSJDK Defaults.USE_ASYNC_IO_READ_FOR_SAMTOOLS : false
15:11:09.229 INFO  HaplotypeCaller - HTSJDK Defaults.USE_ASYNC_IO_WRITE_FOR_SAMTOOLS : true
15:11:09.229 INFO  HaplotypeCaller - HTSJDK Defaults.USE_ASYNC_IO_WRITE_FOR_TRIBBLE : false
15:11:09.229 INFO  HaplotypeCaller - Deflater: IntelDeflater
15:11:09.229 INFO  HaplotypeCaller - Inflater: IntelInflater
15:11:09.229 INFO  HaplotypeCaller - GCS max retries/reopens: 20
15:11:09.229 INFO  HaplotypeCaller - Using google-cloud-java fork https://github.com/broadinstitute/google-cloud-java/releases/tag/0.20.5-alpha-GCS-RETRY-FIX
15:11:09.229 INFO  HaplotypeCaller - Initializing engine
15:11:10.586 INFO  HaplotypeCaller - Done initializing engine
15:11:10.592 INFO  HaplotypeCallerEngine - Tool is in reference confidence mode and the annotation, the following changes will be made to any specified annotations: 'StrandBiasBySample' will be enabled. 'ChromosomeCounts', 'FisherStrand', 'StrandOddsRatio' and 'QualByDepth' annotations have been disabled
15:11:10.598 INFO  HaplotypeCallerEngine - Standard Emitting and Calling confidence set to 0.0 for reference-model confidence output
15:11:10.598 INFO  HaplotypeCallerEngine - All sites annotated with PLs forced to true for reference-model confidence output
15:11:10.615 INFO  NativeLibraryLoader - Loading libgkl_utils.so from jar:file:/bigdata/operations/pkgadmin/opt/linux/centos/7.x/x86_64/pkgs/gatk/4.0.8.1/gatk-package-4.0.8.1-local.jar!/com/intel/gkl/native/libgkl_utils.so
15:11:10.618 INFO  NativeLibraryLoader - Loading libgkl_pairhmm_omp.so from jar:file:/bigdata/operations/pkgadmin/opt/linux/centos/7.x/x86_64/pkgs/gatk/4.0.8.1/gatk-package-4.0.8.1-local.jar!/com/intel/gkl/native/libgkl_pairhmm_omp.so
15:11:10.662 WARN  IntelPairHmm - Flush-to-zero (FTZ) is enabled when running PairHMM
15:11:10.663 INFO  IntelPairHmm - Available threads: 2
15:11:10.663 INFO  IntelPairHmm - Requested threads: 4
15:11:10.663 WARN  IntelPairHmm - Using 2 available threads, but 4 were requested
15:11:10.663 INFO  PairHMM - Using the OpenMP multi-threaded AVX-accelerated native PairHMM implementation
15:11:10.741 INFO  ProgressMeter - Starting traversal
15:11:10.742 INFO  ProgressMeter -        Current Locus  Elapsed Minutes     Regions Processed   Regions/Minute
15:11:22.634 INFO  ProgressMeter -         NoFUL2.1:168              0.2                    10             50.5
15:11:31.014 INFO  HaplotypeCaller - 254745 read(s) filtered by: ((((((((MappingQualityReadFilter AND MappingQualityAvailableReadFilter) AND MappedReadFilter) AND NotSecondaryAlignmentReadFilter) AND NotDuplicateReadFilter) AND PassesVendorQualityCheckReadFilter) AND NonZeroReferenceLengthAlignmentReadFilter) AND GoodCigarReadFilter) AND WellformedReadFilter)
  254745 read(s) filtered by: (((((((MappingQualityReadFilter AND MappingQualityAvailableReadFilter) AND MappedReadFilter) AND NotSecondaryAlignmentReadFilter) AND NotDuplicateReadFilter) AND PassesVendorQualityCheckReadFilter) AND NonZeroReferenceLengthAlignmentReadFilter) AND GoodCigarReadFilter)
      254745 read(s) filtered by: ((((((MappingQualityReadFilter AND MappingQualityAvailableReadFilter) AND MappedReadFilter) AND NotSecondaryAlignmentReadFilter) AND NotDuplicateReadFilter) AND PassesVendorQualityCheckReadFilter) AND NonZeroReferenceLengthAlignmentReadFilter)
          254745 read(s) filtered by: (((((MappingQualityReadFilter AND MappingQualityAvailableReadFilter) AND MappedReadFilter) AND NotSecondaryAlignmentReadFilter) AND NotDuplicateReadFilter) AND PassesVendorQualityCheckReadFilter)
              254745 read(s) filtered by: ((((MappingQualityReadFilter AND MappingQualityAvailableReadFilter) AND MappedReadFilter) AND NotSecondaryAlignmentReadFilter) AND NotDuplicateReadFilter)
                  352 read(s) filtered by: (((MappingQualityReadFilter AND MappingQualityAvailableReadFilter) AND MappedReadFilter) AND NotSecondaryAlignmentReadFilter)
                      352 read(s) filtered by: ((MappingQualityReadFilter AND MappingQualityAvailableReadFilter) AND MappedReadFilter)
                          352 read(s) filtered by: (MappingQualityReadFilter AND MappingQualityAvailableReadFilter)
                              352 read(s) filtered by: MappingQualityReadFilter 
                  254393 read(s) filtered by: NotDuplicateReadFilter 

15:11:31.014 INFO  ProgressMeter -             SpFUL2:1              0.3                    28             82.9
15:11:31.014 INFO  ProgressMeter - Traversal complete. Processed 28 total regions in 0.3 minutes.
15:11:31.047 INFO  VectorLoglessPairHMM - Time spent in setup for JNI call : 0.012670655000000001
15:11:31.047 INFO  PairHMM - Total compute time in PairHMM computeLogLikelihoods() : 2.8390079630000002
15:11:31.048 INFO  SmithWatermanAligner - Total compute time in java Smith-Waterman : 5.22 sec
15:11:31.048 INFO  HaplotypeCaller - Shutting down engine
[May 26, 2020 3:11:31 PM PDT] org.broadinstitute.hellbender.tools.walkers.haplotypecaller.HaplotypeCaller done. Elapsed time: 0.37 minutes.
Runtime.totalMemory()=2765094912
