Sourcing executables from speedseq.config ...
Aligning...
samblaster: Version 0.1.22
samblaster: Inputting from stdin
samblaster: Outputting to stdout
samblaster: Opening F4.mVdMxceaKWVV/disc_pipe for write.
samblaster: Opening F4.mVdMxceaKWVV/spl_pipe for write.
[M::bwa_idx_load_from_disk] read 0 ALT contigs
[M::process] read 68928 sequences (10000133 bp)...
[M::process] read 68862 sequences (10000183 bp)...
[M::mem_pestat] # candidate unique pairs for (FF, FR, RF, RR): (0, 33707, 1, 0)
[M::mem_pestat] skip orientation FF as there are not enough pairs
[M::mem_pestat] analyzing insert size distribution for orientation FR...
[M::mem_pestat] (25, 50, 75) percentile: (189, 199, 210)
[M::mem_pestat] low and high boundaries for computing mean and std.dev: (147, 252)
[M::mem_pestat] mean and std.dev: (202.82, 14.40)
[M::mem_pestat] low and high boundaries for proper pairs: (126, 273)
[M::mem_pestat] skip orientation RF as there are not enough pairs
[M::mem_pestat] skip orientation RR as there are not enough pairs
[M::mem_process_seqs] Processed 68928 reads in 5.714 CPU sec, 5.493 real sec
samblaster: Loaded 12 header sequence entries.
[M::process] read 68856 sequences (10000194 bp)...
[M::mem_pestat] # candidate unique pairs for (FF, FR, RF, RR): (0, 33776, 3, 0)
[M::mem_pestat] skip orientation FF as there are not enough pairs
[M::mem_pestat] analyzing insert size distribution for orientation FR...
[M::mem_pestat] (25, 50, 75) percentile: (189, 199, 210)
[M::mem_pestat] low and high boundaries for computing mean and std.dev: (147, 252)
[M::mem_pestat] mean and std.dev: (202.50, 14.46)
[M::mem_pestat] low and high boundaries for proper pairs: (126, 273)
[M::mem_pestat] skip orientation RF as there are not enough pairs
[M::mem_pestat] skip orientation RR as there are not enough pairs
[M::mem_process_seqs] Processed 68862 reads in 6.193 CPU sec, 5.912 real sec
[M::process] read 42308 sequences (6152107 bp)...
[M::mem_pestat] # candidate unique pairs for (FF, FR, RF, RR): (0, 33848, 4, 0)
[M::mem_pestat] skip orientation FF as there are not enough pairs
[M::mem_pestat] analyzing insert size distribution for orientation FR...
[M::mem_pestat] (25, 50, 75) percentile: (189, 199, 210)
[M::mem_pestat] low and high boundaries for computing mean and std.dev: (147, 252)
[M::mem_pestat] mean and std.dev: (202.78, 14.30)
[M::mem_pestat] low and high boundaries for proper pairs: (126, 273)
[M::mem_pestat] skip orientation RF as there are not enough pairs
[M::mem_pestat] skip orientation RR as there are not enough pairs
[M::mem_process_seqs] Processed 68856 reads in 5.927 CPU sec, 5.687 real sec
[M::mem_pestat] # candidate unique pairs for (FF, FR, RF, RR): (0, 20818, 1, 0)
[M::mem_pestat] skip orientation FF as there are not enough pairs
[M::mem_pestat] analyzing insert size distribution for orientation FR...
[M::mem_pestat] (25, 50, 75) percentile: (189, 199, 210)
[M::mem_pestat] low and high boundaries for computing mean and std.dev: (147, 252)
[M::mem_pestat] mean and std.dev: (202.77, 14.35)
[M::mem_pestat] low and high boundaries for proper pairs: (126, 273)
[M::mem_pestat] skip orientation RF as there are not enough pairs
[M::mem_pestat] skip orientation RR as there are not enough pairs
[M::mem_process_seqs] Processed 42308 reads in 3.620 CPU sec, 3.502 real sec
[main] Version: 0.7.12-r1039
samblaster: Output 67 discordant read pairs to F4.mVdMxceaKWVV/disc_pipe
[main] CMD:samblaster: Output 2 split reads to F4.mVdMxceaKWVV/spl_pipe
 /opt/linux/centos/7.x/x86_64/pkgs/bwa/0.7.12/bin/bwa mem -t 1 -R @RG\tID:F4\tSM:F4\tLB:Lib\ References.fasta ExternalData/Pooled/Stacks/F4.1.fq.gz ExternalData/Pooled/Stacks/F4.2.fq.gzsamblaster: Marked 123463 of 124477 (99.19%) read ids as duplicates
[main] Real time: 21.020 sec; CPU: 21.671 sec
 using 1340k memory in 0.502S CPU seconds and 21S wall time.
Done
Using GATK jar /bigdata/operations/pkgadmin/opt/linux/centos/7.x/x86_64/pkgs/gatk/4.0.8.1/gatk-package-4.0.8.1-local.jar
Running:
    java -Dsamjdk.use_async_io_read_samtools=false -Dsamjdk.use_async_io_write_samtools=true -Dsamjdk.use_async_io_write_tribble=false -Dsamjdk.compression_level=2 -jar /bigdata/operations/pkgadmin/opt/linux/centos/7.x/x86_64/pkgs/gatk/4.0.8.1/gatk-package-4.0.8.1-local.jar HaplotypeCaller -R References.fasta -I results/F4.bam -O results/F4.g.vcf -ERC GVCF
15:11:13.204 INFO  NativeLibraryLoader - Loading libgkl_compression.so from jar:file:/bigdata/operations/pkgadmin/opt/linux/centos/7.x/x86_64/pkgs/gatk/4.0.8.1/gatk-package-4.0.8.1-local.jar!/com/intel/gkl/native/libgkl_compression.so
15:11:13.511 INFO  HaplotypeCaller - ------------------------------------------------------------
15:11:13.513 INFO  HaplotypeCaller - The Genome Analysis Toolkit (GATK) v4.0.8.1
15:11:13.514 INFO  HaplotypeCaller - For support and documentation go to https://software.broadinstitute.org/gatk/
15:11:13.515 INFO  HaplotypeCaller - Executing as arajewski@i08 on Linux v3.10.0-957.el7.x86_64 amd64
15:11:13.515 INFO  HaplotypeCaller - Java runtime: Java HotSpot(TM) 64-Bit Server VM v1.8.0_45-b14
15:11:13.516 INFO  HaplotypeCaller - Start Date/Time: May 26, 2020 3:11:13 PM PDT
15:11:13.516 INFO  HaplotypeCaller - ------------------------------------------------------------
15:11:13.516 INFO  HaplotypeCaller - ------------------------------------------------------------
15:11:13.517 INFO  HaplotypeCaller - HTSJDK Version: 2.16.0
15:11:13.518 INFO  HaplotypeCaller - Picard Version: 2.18.7
15:11:13.518 INFO  HaplotypeCaller - HTSJDK Defaults.COMPRESSION_LEVEL : 2
15:11:13.518 INFO  HaplotypeCaller - HTSJDK Defaults.USE_ASYNC_IO_READ_FOR_SAMTOOLS : false
15:11:13.518 INFO  HaplotypeCaller - HTSJDK Defaults.USE_ASYNC_IO_WRITE_FOR_SAMTOOLS : true
15:11:13.518 INFO  HaplotypeCaller - HTSJDK Defaults.USE_ASYNC_IO_WRITE_FOR_TRIBBLE : false
15:11:13.518 INFO  HaplotypeCaller - Deflater: IntelDeflater
15:11:13.518 INFO  HaplotypeCaller - Inflater: IntelInflater
15:11:13.518 INFO  HaplotypeCaller - GCS max retries/reopens: 20
15:11:13.519 INFO  HaplotypeCaller - Using google-cloud-java fork https://github.com/broadinstitute/google-cloud-java/releases/tag/0.20.5-alpha-GCS-RETRY-FIX
15:11:13.519 INFO  HaplotypeCaller - Initializing engine
15:11:14.959 INFO  HaplotypeCaller - Done initializing engine
15:11:14.976 INFO  HaplotypeCallerEngine - Tool is in reference confidence mode and the annotation, the following changes will be made to any specified annotations: 'StrandBiasBySample' will be enabled. 'ChromosomeCounts', 'FisherStrand', 'StrandOddsRatio' and 'QualByDepth' annotations have been disabled
15:11:14.983 INFO  HaplotypeCallerEngine - Standard Emitting and Calling confidence set to 0.0 for reference-model confidence output
15:11:14.983 INFO  HaplotypeCallerEngine - All sites annotated with PLs forced to true for reference-model confidence output
15:11:15.005 INFO  NativeLibraryLoader - Loading libgkl_utils.so from jar:file:/bigdata/operations/pkgadmin/opt/linux/centos/7.x/x86_64/pkgs/gatk/4.0.8.1/gatk-package-4.0.8.1-local.jar!/com/intel/gkl/native/libgkl_utils.so
15:11:15.009 INFO  NativeLibraryLoader - Loading libgkl_pairhmm_omp.so from jar:file:/bigdata/operations/pkgadmin/opt/linux/centos/7.x/x86_64/pkgs/gatk/4.0.8.1/gatk-package-4.0.8.1-local.jar!/com/intel/gkl/native/libgkl_pairhmm_omp.so
15:11:15.057 WARN  IntelPairHmm - Flush-to-zero (FTZ) is enabled when running PairHMM
15:11:15.090 INFO  IntelPairHmm - Available threads: 2
15:11:15.091 INFO  IntelPairHmm - Requested threads: 4
15:11:15.091 WARN  IntelPairHmm - Using 2 available threads, but 4 were requested
15:11:15.091 INFO  PairHMM - Using the OpenMP multi-threaded AVX-accelerated native PairHMM implementation
15:11:15.186 INFO  ProgressMeter - Starting traversal
15:11:15.187 INFO  ProgressMeter -        Current Locus  Elapsed Minutes     Regions Processed   Regions/Minute
15:11:27.681 INFO  ProgressMeter -           NoFUL2.2:1              0.2                    10             48.0
15:11:29.702 INFO  HaplotypeCaller - 246950 read(s) filtered by: ((((((((MappingQualityReadFilter AND MappingQualityAvailableReadFilter) AND MappedReadFilter) AND NotSecondaryAlignmentReadFilter) AND NotDuplicateReadFilter) AND PassesVendorQualityCheckReadFilter) AND NonZeroReferenceLengthAlignmentReadFilter) AND GoodCigarReadFilter) AND WellformedReadFilter)
  246950 read(s) filtered by: (((((((MappingQualityReadFilter AND MappingQualityAvailableReadFilter) AND MappedReadFilter) AND NotSecondaryAlignmentReadFilter) AND NotDuplicateReadFilter) AND PassesVendorQualityCheckReadFilter) AND NonZeroReferenceLengthAlignmentReadFilter) AND GoodCigarReadFilter)
      246950 read(s) filtered by: ((((((MappingQualityReadFilter AND MappingQualityAvailableReadFilter) AND MappedReadFilter) AND NotSecondaryAlignmentReadFilter) AND NotDuplicateReadFilter) AND PassesVendorQualityCheckReadFilter) AND NonZeroReferenceLengthAlignmentReadFilter)
          246950 read(s) filtered by: (((((MappingQualityReadFilter AND MappingQualityAvailableReadFilter) AND MappedReadFilter) AND NotSecondaryAlignmentReadFilter) AND NotDuplicateReadFilter) AND PassesVendorQualityCheckReadFilter)
              246950 read(s) filtered by: ((((MappingQualityReadFilter AND MappingQualityAvailableReadFilter) AND MappedReadFilter) AND NotSecondaryAlignmentReadFilter) AND NotDuplicateReadFilter)
                  316 read(s) filtered by: (((MappingQualityReadFilter AND MappingQualityAvailableReadFilter) AND MappedReadFilter) AND NotSecondaryAlignmentReadFilter)
                      316 read(s) filtered by: ((MappingQualityReadFilter AND MappingQualityAvailableReadFilter) AND MappedReadFilter)
                          316 read(s) filtered by: (MappingQualityReadFilter AND MappingQualityAvailableReadFilter)
                              316 read(s) filtered by: MappingQualityReadFilter 
                  246634 read(s) filtered by: NotDuplicateReadFilter 

15:11:29.702 INFO  ProgressMeter -          SpMBP20.1:1              0.2                    23             95.1
15:11:29.702 INFO  ProgressMeter - Traversal complete. Processed 23 total regions in 0.2 minutes.
15:11:29.728 INFO  VectorLoglessPairHMM - Time spent in setup for JNI call : 0.017518983000000002
15:11:29.728 INFO  PairHMM - Total compute time in PairHMM computeLogLikelihoods() : 3.0213276180000004
15:11:29.730 INFO  SmithWatermanAligner - Total compute time in java Smith-Waterman : 2.21 sec
15:11:29.730 INFO  HaplotypeCaller - Shutting down engine
[May 26, 2020 3:11:29 PM PDT] org.broadinstitute.hellbender.tools.walkers.haplotypecaller.HaplotypeCaller done. Elapsed time: 0.28 minutes.
Runtime.totalMemory()=2760376320
