Sourcing executables from speedseq.config ...
Aligning...
samblaster: Version 0.1.22
samblaster: Inputting from stdin
samblaster: Outputting to stdout
samblaster: Opening G5.0Yo0Z6D2v1lu/disc_pipe for write.
[M::bwa_idx_load_from_disk] read 0 ALT contigs
samblaster: Opening G5.0Yo0Z6D2v1lu/spl_pipe for write.
[M::process] read 69230 sequences (10000128 bp)...
[M::process] read 69192 sequences (10000244 bp)...
[M::mem_pestat] # candidate unique pairs for (FF, FR, RF, RR): (0, 33769, 0, 0)
[M::mem_pestat] skip orientation FF as there are not enough pairs
[M::mem_pestat] analyzing insert size distribution for orientation FR...
[M::mem_pestat] (25, 50, 75) percentile: (189, 200, 210)
[M::mem_pestat] low and high boundaries for computing mean and std.dev: (147, 252)
[M::mem_pestat] mean and std.dev: (199.81, 9.00)
[M::mem_pestat] low and high boundaries for proper pairs: (126, 273)
[M::mem_pestat] skip orientation RF as there are not enough pairs
[M::mem_pestat] skip orientation RR as there are not enough pairs
[M::mem_process_seqs] Processed 69230 reads in 6.059 CPU sec, 5.840 real sec
samblaster: Loaded 12 header sequence entries.
[M::process] read 69186 sequences (10000204 bp)...
[M::mem_pestat] # candidate unique pairs for (FF, FR, RF, RR): (0, 33863, 11, 0)
[M::mem_pestat] skip orientation FF as there are not enough pairs
[M::mem_pestat] analyzing insert size distribution for orientation FR...
[M::mem_pestat] (25, 50, 75) percentile: (189, 199, 210)
[M::mem_pestat] low and high boundaries for computing mean and std.dev: (147, 252)
[M::mem_pestat] mean and std.dev: (199.38, 9.31)
[M::mem_pestat] low and high boundaries for proper pairs: (126, 273)
[M::mem_pestat] analyzing insert size distribution for orientation RF...
[M::mem_pestat] (25, 50, 75) percentile: (161, 161, 161)
[M::mem_pestat] low and high boundaries for computing mean and std.dev: (161, 161)
[M::mem_pestat] mean and std.dev: (161.00, 0.00)
[M::mem_pestat] low and high boundaries for proper pairs: (161, 161)
[M::mem_pestat] skip orientation RR as there are not enough pairs
[M::mem_pestat] skip orientation RF
[M::mem_process_seqs] Processed 69192 reads in 6.502 CPU sec, 6.221 real sec
[M::process] read 25164 sequences (3642618 bp)...
[M::mem_pestat] # candidate unique pairs for (FF, FR, RF, RR): (0, 33982, 24, 0)
[M::mem_pestat] skip orientation FF as there are not enough pairs
[M::mem_pestat] analyzing insert size distribution for orientation FR...
[M::mem_pestat] (25, 50, 75) percentile: (189, 200, 210)
[M::mem_pestat] low and high boundaries for computing mean and std.dev: (147, 252)
[M::mem_pestat] mean and std.dev: (199.85, 8.91)
[M::mem_pestat] low and high boundaries for proper pairs: (126, 273)
[M::mem_pestat] analyzing insert size distribution for orientation RF...
[M::mem_pestat] (25, 50, 75) percentile: (161, 161, 161)
[M::mem_pestat] low and high boundaries for computing mean and std.dev: (161, 161)
[M::mem_pestat] mean and std.dev: (161.00, 0.00)
[M::mem_pestat] low and high boundaries for proper pairs: (161, 161)
[M::mem_pestat] skip orientation RR as there are not enough pairs
[M::mem_pestat] skip orientation RF
[M::mem_process_seqs] Processed 69186 reads in 6.115 CPU sec, 6.022 real sec
[M::mem_pestat] # candidate unique pairs for (FF, FR, RF, RR): (0, 12401, 7, 0)
[M::mem_pestat] skip orientation FF as there are not enough pairs
[M::mem_pestat] analyzing insert size distribution for orientation FR...
[M::mem_pestat] (25, 50, 75) percentile: (189, 199, 210)
[M::mem_pestat] low and high boundaries for computing mean and std.dev: (147, 252)
[M::mem_pestat] mean and std.dev: (199.62, 8.81)
[M::mem_pestat] low and high boundaries for proper pairs: (126, 273)
[M::mem_pestat] skip orientation RF as there are not enough pairs
[M::mem_pestat] skip orientation RR as there are not enough pairs
[M::mem_process_seqs] Processed 25164 reads in 2.352 CPU sec, 2.344 real sec
[main] Version: 0.7.12-r1039
[main] CMD: /opt/linux/centos/7.x/x86_64/pkgs/bwa/0.7.12/bin/bwa mem -t 1 -R @RG\tID:G5\tSM:G5\tLB:Lib\ References.fasta ExternalData/Pooled/Stacks/G5.1.fq.gz ExternalData/Pooled/Stacks/G5.2.fq.gz
[main] Real time: 20.866 sec; CPU: 21.212 sec
samblaster: Output 56 discordant read pairs to G5.0Yo0Z6D2v1lu/disc_pipe
samblaster: Output 16 split reads to G5.0Yo0Z6D2v1lu/spl_pipe
samblaster: Marked 114839 of 116386 (98.67%) read ids as duplicates using 1332k memory in 0.442S CPU seconds and 21S wall time.
Done
Using GATK jar /bigdata/operations/pkgadmin/opt/linux/centos/7.x/x86_64/pkgs/gatk/4.0.8.1/gatk-package-4.0.8.1-local.jar
Running:
    java -Dsamjdk.use_async_io_read_samtools=false -Dsamjdk.use_async_io_write_samtools=true -Dsamjdk.use_async_io_write_tribble=false -Dsamjdk.compression_level=2 -jar /bigdata/operations/pkgadmin/opt/linux/centos/7.x/x86_64/pkgs/gatk/4.0.8.1/gatk-package-4.0.8.1-local.jar HaplotypeCaller -R References.fasta -I results/G5.bam -O results/G5.g.vcf -ERC GVCF
15:11:14.269 INFO  NativeLibraryLoader - Loading libgkl_compression.so from jar:file:/bigdata/operations/pkgadmin/opt/linux/centos/7.x/x86_64/pkgs/gatk/4.0.8.1/gatk-package-4.0.8.1-local.jar!/com/intel/gkl/native/libgkl_compression.so
15:11:14.476 INFO  HaplotypeCaller - ------------------------------------------------------------
15:11:14.478 INFO  HaplotypeCaller - The Genome Analysis Toolkit (GATK) v4.0.8.1
15:11:14.478 INFO  HaplotypeCaller - For support and documentation go to https://software.broadinstitute.org/gatk/
15:11:14.489 INFO  HaplotypeCaller - Executing as arajewski@i31 on Linux v3.10.0-957.el7.x86_64 amd64
15:11:14.489 INFO  HaplotypeCaller - Java runtime: Java HotSpot(TM) 64-Bit Server VM v1.8.0_45-b14
15:11:14.489 INFO  HaplotypeCaller - Start Date/Time: May 26, 2020 3:11:14 PM PDT
15:11:14.490 INFO  HaplotypeCaller - ------------------------------------------------------------
15:11:14.490 INFO  HaplotypeCaller - ------------------------------------------------------------
15:11:14.490 INFO  HaplotypeCaller - HTSJDK Version: 2.16.0
15:11:14.490 INFO  HaplotypeCaller - Picard Version: 2.18.7
15:11:14.490 INFO  HaplotypeCaller - HTSJDK Defaults.COMPRESSION_LEVEL : 2
15:11:14.491 INFO  HaplotypeCaller - HTSJDK Defaults.USE_ASYNC_IO_READ_FOR_SAMTOOLS : false
15:11:14.491 INFO  HaplotypeCaller - HTSJDK Defaults.USE_ASYNC_IO_WRITE_FOR_SAMTOOLS : true
15:11:14.491 INFO  HaplotypeCaller - HTSJDK Defaults.USE_ASYNC_IO_WRITE_FOR_TRIBBLE : false
15:11:14.491 INFO  HaplotypeCaller - Deflater: IntelDeflater
15:11:14.491 INFO  HaplotypeCaller - Inflater: IntelInflater
15:11:14.491 INFO  HaplotypeCaller - GCS max retries/reopens: 20
15:11:14.491 INFO  HaplotypeCaller - Using google-cloud-java fork https://github.com/broadinstitute/google-cloud-java/releases/tag/0.20.5-alpha-GCS-RETRY-FIX
15:11:14.491 INFO  HaplotypeCaller - Initializing engine
15:11:16.058 INFO  HaplotypeCaller - Done initializing engine
15:11:16.064 INFO  HaplotypeCallerEngine - Tool is in reference confidence mode and the annotation, the following changes will be made to any specified annotations: 'StrandBiasBySample' will be enabled. 'ChromosomeCounts', 'FisherStrand', 'StrandOddsRatio' and 'QualByDepth' annotations have been disabled
15:11:16.068 INFO  HaplotypeCallerEngine - Standard Emitting and Calling confidence set to 0.0 for reference-model confidence output
15:11:16.068 INFO  HaplotypeCallerEngine - All sites annotated with PLs forced to true for reference-model confidence output
15:11:16.086 INFO  NativeLibraryLoader - Loading libgkl_utils.so from jar:file:/bigdata/operations/pkgadmin/opt/linux/centos/7.x/x86_64/pkgs/gatk/4.0.8.1/gatk-package-4.0.8.1-local.jar!/com/intel/gkl/native/libgkl_utils.so
15:11:16.088 INFO  NativeLibraryLoader - Loading libgkl_pairhmm_omp.so from jar:file:/bigdata/operations/pkgadmin/opt/linux/centos/7.x/x86_64/pkgs/gatk/4.0.8.1/gatk-package-4.0.8.1-local.jar!/com/intel/gkl/native/libgkl_pairhmm_omp.so
15:11:16.131 WARN  IntelPairHmm - Flush-to-zero (FTZ) is enabled when running PairHMM
15:11:16.131 INFO  IntelPairHmm - Available threads: 2
15:11:16.131 INFO  IntelPairHmm - Requested threads: 4
15:11:16.131 WARN  IntelPairHmm - Using 2 available threads, but 4 were requested
15:11:16.131 INFO  PairHMM - Using the OpenMP multi-threaded AVX-accelerated native PairHMM implementation
15:11:16.191 INFO  ProgressMeter - Starting traversal
15:11:16.192 INFO  ProgressMeter -        Current Locus  Elapsed Minutes     Regions Processed   Regions/Minute
15:11:27.558 INFO  ProgressMeter -          NoFUL2.2:90              0.2                    10             52.8
15:11:27.924 INFO  HaplotypeCaller - 229712 read(s) filtered by: ((((((((MappingQualityReadFilter AND MappingQualityAvailableReadFilter) AND MappedReadFilter) AND NotSecondaryAlignmentReadFilter) AND NotDuplicateReadFilter) AND PassesVendorQualityCheckReadFilter) AND NonZeroReferenceLengthAlignmentReadFilter) AND GoodCigarReadFilter) AND WellformedReadFilter)
  229712 read(s) filtered by: (((((((MappingQualityReadFilter AND MappingQualityAvailableReadFilter) AND MappedReadFilter) AND NotSecondaryAlignmentReadFilter) AND NotDuplicateReadFilter) AND PassesVendorQualityCheckReadFilter) AND NonZeroReferenceLengthAlignmentReadFilter) AND GoodCigarReadFilter)
      229712 read(s) filtered by: ((((((MappingQualityReadFilter AND MappingQualityAvailableReadFilter) AND MappedReadFilter) AND NotSecondaryAlignmentReadFilter) AND NotDuplicateReadFilter) AND PassesVendorQualityCheckReadFilter) AND NonZeroReferenceLengthAlignmentReadFilter)
          229712 read(s) filtered by: (((((MappingQualityReadFilter AND MappingQualityAvailableReadFilter) AND MappedReadFilter) AND NotSecondaryAlignmentReadFilter) AND NotDuplicateReadFilter) AND PassesVendorQualityCheckReadFilter)
              229712 read(s) filtered by: ((((MappingQualityReadFilter AND MappingQualityAvailableReadFilter) AND MappedReadFilter) AND NotSecondaryAlignmentReadFilter) AND NotDuplicateReadFilter)
                  544 read(s) filtered by: (((MappingQualityReadFilter AND MappingQualityAvailableReadFilter) AND MappedReadFilter) AND NotSecondaryAlignmentReadFilter)
                      544 read(s) filtered by: ((MappingQualityReadFilter AND MappingQualityAvailableReadFilter) AND MappedReadFilter)
                          544 read(s) filtered by: (MappingQualityReadFilter AND MappingQualityAvailableReadFilter)
                              544 read(s) filtered by: MappingQualityReadFilter 
                  229168 read(s) filtered by: NotDuplicateReadFilter 

15:11:27.924 INFO  ProgressMeter -          SpMBP20.1:1              0.2                    23            117.6
15:11:27.924 INFO  ProgressMeter - Traversal complete. Processed 23 total regions in 0.2 minutes.
15:11:27.954 INFO  VectorLoglessPairHMM - Time spent in setup for JNI call : 0.012073681000000001
15:11:27.954 INFO  PairHMM - Total compute time in PairHMM computeLogLikelihoods() : 2.196538787
15:11:27.954 INFO  SmithWatermanAligner - Total compute time in java Smith-Waterman : 1.87 sec
15:11:27.954 INFO  HaplotypeCaller - Shutting down engine
[May 26, 2020 3:11:27 PM PDT] org.broadinstitute.hellbender.tools.walkers.haplotypecaller.HaplotypeCaller done. Elapsed time: 0.23 minutes.
Runtime.totalMemory()=2595225600
