Sourcing executables from speedseq.config ...
Aligning...
[M::bwa_idx_load_from_disk] read 0 ALT contigs
samblaster: Version 0.1.22
samblaster: Inputting from stdin
samblaster: Outputting to stdout
samblaster: Opening E6.7y7gZLcNnplt/disc_pipe for write.
samblaster: Opening E6.7y7gZLcNnplt/spl_pipe for write.
[M::process] read 68348 sequences (10000290 bp)...
[M::process] read 68342 sequences (10000070 bp)...
[M::mem_pestat] # candidate unique pairs for (FF, FR, RF, RR): (0, 33738, 0, 0)
[M::mem_pestat] skip orientation FF as there are not enough pairs
[M::mem_pestat] analyzing insert size distribution for orientation FR...
[M::mem_pestat] (25, 50, 75) percentile: (189, 199, 210)
[M::mem_pestat] low and high boundaries for computing mean and std.dev: (147, 252)
[M::mem_pestat] mean and std.dev: (198.89, 8.70)
[M::mem_pestat] low and high boundaries for proper pairs: (126, 273)
[M::mem_pestat] skip orientation RF as there are not enough pairs
[M::mem_pestat] skip orientation RR as there are not enough pairs
[M::mem_process_seqs] Processed 68348 reads in 5.786 CPU sec, 5.571 real sec
samblaster: Loaded 12 header sequence entries.
[M::process] read 68348 sequences (10000286 bp)...
[M::mem_pestat] # candidate unique pairs for (FF, FR, RF, RR): (0, 33733, 1, 0)
[M::mem_pestat] skip orientation FF as there are not enough pairs
[M::mem_pestat] analyzing insert size distribution for orientation FR...
[M::mem_pestat] (25, 50, 75) percentile: (189, 199, 210)
[M::mem_pestat] low and high boundaries for computing mean and std.dev: (147, 252)
[M::mem_pestat] mean and std.dev: (198.58, 8.96)
[M::mem_pestat] low and high boundaries for proper pairs: (126, 273)
[M::mem_pestat] skip orientation RF as there are not enough pairs
[M::mem_pestat] skip orientation RR as there are not enough pairs
[M::mem_process_seqs] Processed 68342 reads in 6.238 CPU sec, 5.963 real sec
[M::process] read 15816 sequences (2316284 bp)...
[M::mem_pestat] # candidate unique pairs for (FF, FR, RF, RR): (0, 33768, 0, 0)
[M::mem_pestat] skip orientation FF as there are not enough pairs
[M::mem_pestat] analyzing insert size distribution for orientation FR...
[M::mem_pestat] (25, 50, 75) percentile: (189, 199, 210)
[M::mem_pestat] low and high boundaries for computing mean and std.dev: (147, 252)
[M::mem_pestat] mean and std.dev: (199.00, 8.61)
[M::mem_pestat] low and high boundaries for proper pairs: (126, 273)
[M::mem_pestat] skip orientation RF as there are not enough pairs
[M::mem_pestat] skip orientation RR as there are not enough pairs
[M::mem_process_seqs] Processed 68348 reads in 5.825 CPU sec, 5.674 real sec
[M::mem_pestat] # candidate unique pairs for (FF, FR, RF, RR): (0, 7827, 0, 0)
[M::mem_pestat] skip orientation FF as there are not enough pairs
[M::mem_pestat] analyzing insert size distribution for orientation FR...
[M::mem_pestat] (25, 50, 75) percentile: (189, 199, 210)
[M::mem_pestat] low and high boundaries for computing mean and std.dev: (147, 252)
[M::mem_pestat] mean and std.dev: (198.78, 8.81)
[M::mem_pestat] low and high boundaries for proper pairs: (126, 273)
[M::mem_pestat] skip orientation RF as there are not enough pairs
[M::mem_pestat] skip orientation RR as there are not enough pairs
[M::mem_process_seqs] Processed 15816 reads in 1.650 CPU sec, 1.556 real sec
[main] Version: 0.7.12-r1039
[main] CMD: /opt/linux/centos/7.x/x86_64/pkgs/bwa/0.7.12/bin/bwa mem -t 1 -R @RG\tID:E6\tSM:E6\tLB:Lib\ References.fasta ExternalData/Pooled/Stacks/E6.1.fq.gz ExternalData/Pooled/Stacks/E6.2.fq.gz
[main] Real time: 19.051 sec; CPU: 19.668 sec
samblaster: Output 43 discordant read pairs to E6.7y7gZLcNnplt/disc_pipe
samblaster: Output 8 split reads to E6.7y7gZLcNnplt/spl_pipe
samblaster: Marked 109891 of 110427 (99.51%) read ids as duplicates using 1344k memory in 0.469S CPU seconds and 19S wall time.
Done
Using GATK jar /bigdata/operations/pkgadmin/opt/linux/centos/7.x/x86_64/pkgs/gatk/4.0.8.1/gatk-package-4.0.8.1-local.jar
Running:
    java -Dsamjdk.use_async_io_read_samtools=false -Dsamjdk.use_async_io_write_samtools=true -Dsamjdk.use_async_io_write_tribble=false -Dsamjdk.compression_level=2 -jar /bigdata/operations/pkgadmin/opt/linux/centos/7.x/x86_64/pkgs/gatk/4.0.8.1/gatk-package-4.0.8.1-local.jar HaplotypeCaller -R References.fasta -I results/E6.bam -O results/E6.g.vcf -ERC GVCF
15:11:08.939 INFO  NativeLibraryLoader - Loading libgkl_compression.so from jar:file:/bigdata/operations/pkgadmin/opt/linux/centos/7.x/x86_64/pkgs/gatk/4.0.8.1/gatk-package-4.0.8.1-local.jar!/com/intel/gkl/native/libgkl_compression.so
15:11:09.903 INFO  HaplotypeCaller - ------------------------------------------------------------
15:11:09.905 INFO  HaplotypeCaller - The Genome Analysis Toolkit (GATK) v4.0.8.1
15:11:09.905 INFO  HaplotypeCaller - For support and documentation go to https://software.broadinstitute.org/gatk/
15:11:09.905 INFO  HaplotypeCaller - Executing as arajewski@i10 on Linux v3.10.0-957.el7.x86_64 amd64
15:11:09.906 INFO  HaplotypeCaller - Java runtime: Java HotSpot(TM) 64-Bit Server VM v1.8.0_45-b14
15:11:09.906 INFO  HaplotypeCaller - Start Date/Time: May 26, 2020 3:11:08 PM PDT
15:11:09.906 INFO  HaplotypeCaller - ------------------------------------------------------------
15:11:09.906 INFO  HaplotypeCaller - ------------------------------------------------------------
15:11:09.907 INFO  HaplotypeCaller - HTSJDK Version: 2.16.0
15:11:09.907 INFO  HaplotypeCaller - Picard Version: 2.18.7
15:11:09.907 INFO  HaplotypeCaller - HTSJDK Defaults.COMPRESSION_LEVEL : 2
15:11:09.907 INFO  HaplotypeCaller - HTSJDK Defaults.USE_ASYNC_IO_READ_FOR_SAMTOOLS : false
15:11:09.907 INFO  HaplotypeCaller - HTSJDK Defaults.USE_ASYNC_IO_WRITE_FOR_SAMTOOLS : true
15:11:09.907 INFO  HaplotypeCaller - HTSJDK Defaults.USE_ASYNC_IO_WRITE_FOR_TRIBBLE : false
15:11:09.907 INFO  HaplotypeCaller - Deflater: IntelDeflater
15:11:09.907 INFO  HaplotypeCaller - Inflater: IntelInflater
15:11:09.907 INFO  HaplotypeCaller - GCS max retries/reopens: 20
15:11:09.907 INFO  HaplotypeCaller - Using google-cloud-java fork https://github.com/broadinstitute/google-cloud-java/releases/tag/0.20.5-alpha-GCS-RETRY-FIX
15:11:09.908 INFO  HaplotypeCaller - Initializing engine
15:11:10.346 INFO  HaplotypeCaller - Done initializing engine
15:11:10.352 INFO  HaplotypeCallerEngine - Tool is in reference confidence mode and the annotation, the following changes will be made to any specified annotations: 'StrandBiasBySample' will be enabled. 'ChromosomeCounts', 'FisherStrand', 'StrandOddsRatio' and 'QualByDepth' annotations have been disabled
15:11:10.357 INFO  HaplotypeCallerEngine - Standard Emitting and Calling confidence set to 0.0 for reference-model confidence output
15:11:10.357 INFO  HaplotypeCallerEngine - All sites annotated with PLs forced to true for reference-model confidence output
15:11:10.373 INFO  NativeLibraryLoader - Loading libgkl_utils.so from jar:file:/bigdata/operations/pkgadmin/opt/linux/centos/7.x/x86_64/pkgs/gatk/4.0.8.1/gatk-package-4.0.8.1-local.jar!/com/intel/gkl/native/libgkl_utils.so
15:11:10.375 INFO  NativeLibraryLoader - Loading libgkl_pairhmm_omp.so from jar:file:/bigdata/operations/pkgadmin/opt/linux/centos/7.x/x86_64/pkgs/gatk/4.0.8.1/gatk-package-4.0.8.1-local.jar!/com/intel/gkl/native/libgkl_pairhmm_omp.so
15:11:10.417 WARN  IntelPairHmm - Flush-to-zero (FTZ) is enabled when running PairHMM
15:11:10.418 INFO  IntelPairHmm - Available threads: 2
15:11:10.418 INFO  IntelPairHmm - Requested threads: 4
15:11:10.418 WARN  IntelPairHmm - Using 2 available threads, but 4 were requested
15:11:10.418 INFO  PairHMM - Using the OpenMP multi-threaded AVX-accelerated native PairHMM implementation
15:11:10.477 INFO  ProgressMeter - Starting traversal
15:11:10.478 INFO  ProgressMeter -        Current Locus  Elapsed Minutes     Regions Processed   Regions/Minute
15:11:18.607 INFO  HaplotypeCaller - 219809 read(s) filtered by: ((((((((MappingQualityReadFilter AND MappingQualityAvailableReadFilter) AND MappedReadFilter) AND NotSecondaryAlignmentReadFilter) AND NotDuplicateReadFilter) AND PassesVendorQualityCheckReadFilter) AND NonZeroReferenceLengthAlignmentReadFilter) AND GoodCigarReadFilter) AND WellformedReadFilter)
  219809 read(s) filtered by: (((((((MappingQualityReadFilter AND MappingQualityAvailableReadFilter) AND MappedReadFilter) AND NotSecondaryAlignmentReadFilter) AND NotDuplicateReadFilter) AND PassesVendorQualityCheckReadFilter) AND NonZeroReferenceLengthAlignmentReadFilter) AND GoodCigarReadFilter)
      219809 read(s) filtered by: ((((((MappingQualityReadFilter AND MappingQualityAvailableReadFilter) AND MappedReadFilter) AND NotSecondaryAlignmentReadFilter) AND NotDuplicateReadFilter) AND PassesVendorQualityCheckReadFilter) AND NonZeroReferenceLengthAlignmentReadFilter)
          219809 read(s) filtered by: (((((MappingQualityReadFilter AND MappingQualityAvailableReadFilter) AND MappedReadFilter) AND NotSecondaryAlignmentReadFilter) AND NotDuplicateReadFilter) AND PassesVendorQualityCheckReadFilter)
              219809 read(s) filtered by: ((((MappingQualityReadFilter AND MappingQualityAvailableReadFilter) AND MappedReadFilter) AND NotSecondaryAlignmentReadFilter) AND NotDuplicateReadFilter)
                  467 read(s) filtered by: (((MappingQualityReadFilter AND MappingQualityAvailableReadFilter) AND MappedReadFilter) AND NotSecondaryAlignmentReadFilter)
                      467 read(s) filtered by: ((MappingQualityReadFilter AND MappingQualityAvailableReadFilter) AND MappedReadFilter)
                          467 read(s) filtered by: (MappingQualityReadFilter AND MappingQualityAvailableReadFilter)
                              467 read(s) filtered by: MappingQualityReadFilter 
                  219342 read(s) filtered by: NotDuplicateReadFilter 

15:11:18.607 INFO  ProgressMeter -           SpFUL2:301              0.1                    27            199.3
15:11:18.607 INFO  ProgressMeter - Traversal complete. Processed 27 total regions in 0.1 minutes.
15:11:18.631 INFO  VectorLoglessPairHMM - Time spent in setup for JNI call : 0.009501784000000001
15:11:18.631 INFO  PairHMM - Total compute time in PairHMM computeLogLikelihoods() : 0.8807319650000001
15:11:18.631 INFO  SmithWatermanAligner - Total compute time in java Smith-Waterman : 0.96 sec
15:11:18.631 INFO  HaplotypeCaller - Shutting down engine
[May 26, 2020 3:11:18 PM PDT] org.broadinstitute.hellbender.tools.walkers.haplotypecaller.HaplotypeCaller done. Elapsed time: 0.16 minutes.
Runtime.totalMemory()=2277507072
