Sourcing executables from speedseq.config ...
Aligning...
samblaster: Version 0.1.22
samblaster: Inputting from stdin
samblaster: Outputting to stdout
samblaster: Opening D3.ymMkfxDpiKQm/disc_pipe for write.
[M::bwa_idx_load_from_disk] read 0 ALT contigs
samblaster: Opening D3.ymMkfxDpiKQm/spl_pipe for write.
[M::process] read 70398 sequences (10000138 bp)...
[M::process] read 70448 sequences (10000252 bp)...
[M::mem_pestat] # candidate unique pairs for (FF, FR, RF, RR): (0, 34695, 0, 0)
[M::mem_pestat] skip orientation FF as there are not enough pairs
[M::mem_pestat] analyzing insert size distribution for orientation FR...
[M::mem_pestat] (25, 50, 75) percentile: (189, 200, 210)
[M::mem_pestat] low and high boundaries for computing mean and std.dev: (147, 252)
[M::mem_pestat] mean and std.dev: (205.91, 12.78)
[M::mem_pestat] low and high boundaries for proper pairs: (126, 273)
[M::mem_pestat] skip orientation RF as there are not enough pairs
[M::mem_pestat] skip orientation RR as there are not enough pairs
[M::mem_process_seqs] Processed 70398 reads in 4.987 CPU sec, 4.764 real sec
samblaster: Loaded 12 header sequence entries.
[M::process] read 70348 sequences (10000252 bp)...
[M::mem_pestat] # candidate unique pairs for (FF, FR, RF, RR): (0, 34707, 0, 0)
[M::mem_pestat] skip orientation FF as there are not enough pairs
[M::mem_pestat] analyzing insert size distribution for orientation FR...
[M::mem_pestat] (25, 50, 75) percentile: (189, 200, 210)
[M::mem_pestat] low and high boundaries for computing mean and std.dev: (147, 252)
[M::mem_pestat] mean and std.dev: (205.54, 12.91)
[M::mem_pestat] low and high boundaries for proper pairs: (126, 273)
[M::mem_pestat] skip orientation RF as there are not enough pairs
[M::mem_pestat] skip orientation RR as there are not enough pairs
[M::mem_process_seqs] Processed 70448 reads in 5.385 CPU sec, 5.174 real sec
[M::process] read 16112 sequences (2293406 bp)...
[M::mem_pestat] # candidate unique pairs for (FF, FR, RF, RR): (0, 34763, 0, 0)
[M::mem_pestat] skip orientation FF as there are not enough pairs
[M::mem_pestat] analyzing insert size distribution for orientation FR...
[M::mem_pestat] (25, 50, 75) percentile: (189, 200, 210)
[M::mem_pestat] low and high boundaries for computing mean and std.dev: (147, 252)
[M::mem_pestat] mean and std.dev: (205.94, 12.55)
[M::mem_pestat] low and high boundaries for proper pairs: (126, 273)
[M::mem_pestat] skip orientation RF as there are not enough pairs
[M::mem_pestat] skip orientation RR as there are not enough pairs
[M::mem_process_seqs] Processed 70348 reads in 4.727 CPU sec, 4.662 real sec
[M::mem_pestat] # candidate unique pairs for (FF, FR, RF, RR): (0, 7954, 0, 0)
[M::mem_pestat] skip orientation FF as there are not enough pairs
[M::mem_pestat] analyzing insert size distribution for orientation FR...
[M::mem_pestat] (25, 50, 75) percentile: (189, 200, 210)
[M::mem_pestat] low and high boundaries for computing mean and std.dev: (147, 252)
[M::mem_pestat] mean and std.dev: (205.64, 12.66)
[M::mem_pestat] low and high boundaries for proper pairs: (126, 273)
[M::mem_pestat] skip orientation RF as there are not enough pairs
[M::mem_pestat] skip orientation RR as there are not enough pairs
[M::mem_process_seqs] Processed 16112 reads in 1.391 CPU sec, 1.331 real sec
samblaster: Output 102 discordant read pairs to D3.ymMkfxDpiKQm/disc_pipe
[main] Version: 0.7.12-r1039
samblaster: Output 38 split reads to D3.ymMkfxDpiKQm/spl_pipe
[main] CMD: /opt/linux/centos/7.x/x86_64/pkgs/bwa/0.7.12/bin/bwa mem -t 1 -R @RG\tID:D3\tSM:D3\tLB:Lib\ References.fasta ExternalData/Pooled/Stacks/D3.1.fq.gz ExternalData/Pooled/Stacks/D3.2.fq.gzsamblaster: Marked 112828 of 113653 (99.27%) read ids as duplicates using 1340k memory in 
[main] Real time: 16.225 sec; CPU: 16.666 sec
0.454S CPU seconds and 16S wall time.
Done
Using GATK jar /bigdata/operations/pkgadmin/opt/linux/centos/7.x/x86_64/pkgs/gatk/4.0.8.1/gatk-package-4.0.8.1-local.jar
Running:
    java -Dsamjdk.use_async_io_read_samtools=false -Dsamjdk.use_async_io_write_samtools=true -Dsamjdk.use_async_io_write_tribble=false -Dsamjdk.compression_level=2 -jar /bigdata/operations/pkgadmin/opt/linux/centos/7.x/x86_64/pkgs/gatk/4.0.8.1/gatk-package-4.0.8.1-local.jar HaplotypeCaller -R References.fasta -I results/D3.bam -O results/D3.g.vcf -ERC GVCF
15:11:07.322 INFO  NativeLibraryLoader - Loading libgkl_compression.so from jar:file:/bigdata/operations/pkgadmin/opt/linux/centos/7.x/x86_64/pkgs/gatk/4.0.8.1/gatk-package-4.0.8.1-local.jar!/com/intel/gkl/native/libgkl_compression.so
15:11:07.580 INFO  HaplotypeCaller - ------------------------------------------------------------
15:11:07.581 INFO  HaplotypeCaller - The Genome Analysis Toolkit (GATK) v4.0.8.1
15:11:07.582 INFO  HaplotypeCaller - For support and documentation go to https://software.broadinstitute.org/gatk/
15:11:07.583 INFO  HaplotypeCaller - Executing as arajewski@i08 on Linux v3.10.0-957.el7.x86_64 amd64
15:11:07.583 INFO  HaplotypeCaller - Java runtime: Java HotSpot(TM) 64-Bit Server VM v1.8.0_45-b14
15:11:07.583 INFO  HaplotypeCaller - Start Date/Time: May 26, 2020 3:11:07 PM PDT
15:11:07.583 INFO  HaplotypeCaller - ------------------------------------------------------------
15:11:07.584 INFO  HaplotypeCaller - ------------------------------------------------------------
15:11:07.584 INFO  HaplotypeCaller - HTSJDK Version: 2.16.0
15:11:07.584 INFO  HaplotypeCaller - Picard Version: 2.18.7
15:11:07.584 INFO  HaplotypeCaller - HTSJDK Defaults.COMPRESSION_LEVEL : 2
15:11:07.585 INFO  HaplotypeCaller - HTSJDK Defaults.USE_ASYNC_IO_READ_FOR_SAMTOOLS : false
15:11:07.585 INFO  HaplotypeCaller - HTSJDK Defaults.USE_ASYNC_IO_WRITE_FOR_SAMTOOLS : true
15:11:07.585 INFO  HaplotypeCaller - HTSJDK Defaults.USE_ASYNC_IO_WRITE_FOR_TRIBBLE : false
15:11:07.585 INFO  HaplotypeCaller - Deflater: IntelDeflater
15:11:07.585 INFO  HaplotypeCaller - Inflater: IntelInflater
15:11:07.585 INFO  HaplotypeCaller - GCS max retries/reopens: 20
15:11:07.585 INFO  HaplotypeCaller - Using google-cloud-java fork https://github.com/broadinstitute/google-cloud-java/releases/tag/0.20.5-alpha-GCS-RETRY-FIX
15:11:07.585 INFO  HaplotypeCaller - Initializing engine
15:11:08.775 INFO  HaplotypeCaller - Done initializing engine
15:11:08.782 INFO  HaplotypeCallerEngine - Tool is in reference confidence mode and the annotation, the following changes will be made to any specified annotations: 'StrandBiasBySample' will be enabled. 'ChromosomeCounts', 'FisherStrand', 'StrandOddsRatio' and 'QualByDepth' annotations have been disabled
15:11:08.793 INFO  HaplotypeCallerEngine - Standard Emitting and Calling confidence set to 0.0 for reference-model confidence output
15:11:08.793 INFO  HaplotypeCallerEngine - All sites annotated with PLs forced to true for reference-model confidence output
15:11:08.814 INFO  NativeLibraryLoader - Loading libgkl_utils.so from jar:file:/bigdata/operations/pkgadmin/opt/linux/centos/7.x/x86_64/pkgs/gatk/4.0.8.1/gatk-package-4.0.8.1-local.jar!/com/intel/gkl/native/libgkl_utils.so
15:11:08.818 INFO  NativeLibraryLoader - Loading libgkl_pairhmm_omp.so from jar:file:/bigdata/operations/pkgadmin/opt/linux/centos/7.x/x86_64/pkgs/gatk/4.0.8.1/gatk-package-4.0.8.1-local.jar!/com/intel/gkl/native/libgkl_pairhmm_omp.so
15:11:08.862 WARN  IntelPairHmm - Flush-to-zero (FTZ) is enabled when running PairHMM
15:11:08.863 INFO  IntelPairHmm - Available threads: 2
15:11:08.863 INFO  IntelPairHmm - Requested threads: 4
15:11:08.864 WARN  IntelPairHmm - Using 2 available threads, but 4 were requested
15:11:08.864 INFO  PairHMM - Using the OpenMP multi-threaded AVX-accelerated native PairHMM implementation
15:11:08.943 INFO  ProgressMeter - Starting traversal
15:11:08.944 INFO  ProgressMeter -        Current Locus  Elapsed Minutes     Regions Processed   Regions/Minute
15:11:16.224 WARN  DepthPerSampleHC - Annotation will not be calculated, genotype is not called or alleleLikelihoodMap is null
15:11:16.224 WARN  StrandBiasBySample - Annotation will not be calculated, genotype is not called or alleleLikelihoodMap is null
15:11:16.226 WARN  DepthPerSampleHC - Annotation will not be calculated, genotype is not called or alleleLikelihoodMap is null
15:11:16.226 WARN  StrandBiasBySample - Annotation will not be calculated, genotype is not called or alleleLikelihoodMap is null
15:11:16.228 WARN  DepthPerSampleHC - Annotation will not be calculated, genotype is not called or alleleLikelihoodMap is null
15:11:16.228 WARN  StrandBiasBySample - Annotation will not be calculated, genotype is not called or alleleLikelihoodMap is null
15:11:16.229 WARN  DepthPerSampleHC - Annotation will not be calculated, genotype is not called or alleleLikelihoodMap is null
15:11:16.230 WARN  StrandBiasBySample - Annotation will not be calculated, genotype is not called or alleleLikelihoodMap is null
15:11:21.644 INFO  ProgressMeter -            SpMBP10:1              0.2                    20             94.5
15:11:24.256 INFO  HaplotypeCaller - 225711 read(s) filtered by: ((((((((MappingQualityReadFilter AND MappingQualityAvailableReadFilter) AND MappedReadFilter) AND NotSecondaryAlignmentReadFilter) AND NotDuplicateReadFilter) AND PassesVendorQualityCheckReadFilter) AND NonZeroReferenceLengthAlignmentReadFilter) AND GoodCigarReadFilter) AND WellformedReadFilter)
  225711 read(s) filtered by: (((((((MappingQualityReadFilter AND MappingQualityAvailableReadFilter) AND MappedReadFilter) AND NotSecondaryAlignmentReadFilter) AND NotDuplicateReadFilter) AND PassesVendorQualityCheckReadFilter) AND NonZeroReferenceLengthAlignmentReadFilter) AND GoodCigarReadFilter)
      225711 read(s) filtered by: ((((((MappingQualityReadFilter AND MappingQualityAvailableReadFilter) AND MappedReadFilter) AND NotSecondaryAlignmentReadFilter) AND NotDuplicateReadFilter) AND PassesVendorQualityCheckReadFilter) AND NonZeroReferenceLengthAlignmentReadFilter)
          225711 read(s) filtered by: (((((MappingQualityReadFilter AND MappingQualityAvailableReadFilter) AND MappedReadFilter) AND NotSecondaryAlignmentReadFilter) AND NotDuplicateReadFilter) AND PassesVendorQualityCheckReadFilter)
              225711 read(s) filtered by: ((((MappingQualityReadFilter AND MappingQualityAvailableReadFilter) AND MappedReadFilter) AND NotSecondaryAlignmentReadFilter) AND NotDuplicateReadFilter)
                  222 read(s) filtered by: (((MappingQualityReadFilter AND MappingQualityAvailableReadFilter) AND MappedReadFilter) AND NotSecondaryAlignmentReadFilter)
                      222 read(s) filtered by: ((MappingQualityReadFilter AND MappingQualityAvailableReadFilter) AND MappedReadFilter)
                          222 read(s) filtered by: (MappingQualityReadFilter AND MappingQualityAvailableReadFilter)
                              222 read(s) filtered by: MappingQualityReadFilter 
                  225489 read(s) filtered by: NotDuplicateReadFilter 

15:11:24.257 INFO  ProgressMeter -            SpMBP10:1              0.3                    28            109.7
15:11:24.257 INFO  ProgressMeter - Traversal complete. Processed 28 total regions in 0.3 minutes.
15:11:24.294 INFO  VectorLoglessPairHMM - Time spent in setup for JNI call : 0.004867993
15:11:24.294 INFO  PairHMM - Total compute time in PairHMM computeLogLikelihoods() : 1.518732087
15:11:24.294 INFO  SmithWatermanAligner - Total compute time in java Smith-Waterman : 3.36 sec
15:11:24.294 INFO  HaplotypeCaller - Shutting down engine
[May 26, 2020 3:11:24 PM PDT] org.broadinstitute.hellbender.tools.walkers.haplotypecaller.HaplotypeCaller done. Elapsed time: 0.28 minutes.
Runtime.totalMemory()=2805989376
