Sourcing executables from speedseq.config ...
Aligning...
[M::bwa_idx_load_from_disk] read 0 ALT contigs
samblaster: Version 0.1.22
samblaster: Inputting from stdin
samblaster: Outputting to stdout
samblaster: Opening B3.xmeUP8u5X6Fo/disc_pipe for write.
samblaster: Opening B3.xmeUP8u5X6Fo/spl_pipe for write.
[M::process] read 71776 sequences (10000085 bp)...
[M::process] read 71830 sequences (10000053 bp)...
[M::mem_pestat] # candidate unique pairs for (FF, FR, RF, RR): (0, 35431, 1, 0)
[M::mem_pestat] skip orientation FF as there are not enough pairs
[M::mem_pestat] analyzing insert size distribution for orientation FR...
[M::mem_pestat] (25, 50, 75) percentile: (121, 200, 200)
[M::mem_pestat] low and high boundaries for computing mean and std.dev: (1, 358)
[M::mem_pestat] mean and std.dev: (178.46, 40.56)
[M::mem_pestat] low and high boundaries for proper pairs: (1, 437)
[M::mem_pestat] skip orientation RF as there are not enough pairs
[M::mem_pestat] skip orientation RR as there are not enough pairs
[M::mem_process_seqs] Processed 71776 reads in 4.766 CPU sec, 4.538 real sec
samblaster: Loaded 12 header sequence entries.
[M::process] read 60010 sequences (8366844 bp)...
[M::mem_pestat] # candidate unique pairs for (FF, FR, RF, RR): (0, 35545, 0, 0)
[M::mem_pestat] skip orientation FF as there are not enough pairs
[M::mem_pestat] analyzing insert size distribution for orientation FR...
[M::mem_pestat] (25, 50, 75) percentile: (121, 200, 200)
[M::mem_pestat] low and high boundaries for computing mean and std.dev: (1, 358)
[M::mem_pestat] mean and std.dev: (177.33, 41.70)
[M::mem_pestat] low and high boundaries for proper pairs: (1, 437)
[M::mem_pestat] skip orientation RF as there are not enough pairs
[M::mem_pestat] skip orientation RR as there are not enough pairs
[M::mem_process_seqs] Processed 71830 reads in 5.152 CPU sec, 4.921 real sec
[M::mem_pestat] # candidate unique pairs for (FF, FR, RF, RR): (0, 29756, 0, 0)
[M::mem_pestat] skip orientation FF as there are not enough pairs
[M::mem_pestat] analyzing insert size distribution for orientation FR...
[M::mem_pestat] (25, 50, 75) percentile: (121, 200, 200)
[M::mem_pestat] low and high boundaries for computing mean and std.dev: (1, 358)
[M::mem_pestat] mean and std.dev: (178.03, 41.36)
[M::mem_pestat] low and high boundaries for proper pairs: (1, 437)
[M::mem_pestat] skip orientation RF as there are not enough pairs
[M::mem_pestat] skip orientation RR as there are not enough pairs
[M::mem_process_seqs] Processed 60010 reads in 3.909 CPU sec, 3.832 real sec
[main] Version: 0.7.12-r1039
samblaster: Output 36 discordant read pairs to B3.xmeUP8u5X6Fo/disc_pipe
[main] CMD:samblaster: Output 40 split reads to B3.xmeUP8u5X6Fo/spl_pipe
 /opt/linux/centos/7.x/x86_64/pkgs/bwa/0.7.12/bin/bwa mem -t 1 -R @RG\tID:B3\tSM:B3\tLB:Lib\ References.fasta ExternalData/Pooled/Stacks/B3.1.fq.gz ExternalData/Pooled/Stacks/B3.2.fq.gzsamblaster: Marked 101170 of 101808 (99.37%) read ids as duplicates
[main] Real time: 13.816 sec; CPU: 14.057 sec
 using 1340k memory in 0.394S CPU seconds and 14S wall time.
Done
Using GATK jar /bigdata/operations/pkgadmin/opt/linux/centos/7.x/x86_64/pkgs/gatk/4.0.8.1/gatk-package-4.0.8.1-local.jar
Running:
    java -Dsamjdk.use_async_io_read_samtools=false -Dsamjdk.use_async_io_write_samtools=true -Dsamjdk.use_async_io_write_tribble=false -Dsamjdk.compression_level=2 -jar /bigdata/operations/pkgadmin/opt/linux/centos/7.x/x86_64/pkgs/gatk/4.0.8.1/gatk-package-4.0.8.1-local.jar HaplotypeCaller -R References.fasta -I results/B3.bam -O results/B3.g.vcf -ERC GVCF
15:11:03.882 INFO  NativeLibraryLoader - Loading libgkl_compression.so from jar:file:/bigdata/operations/pkgadmin/opt/linux/centos/7.x/x86_64/pkgs/gatk/4.0.8.1/gatk-package-4.0.8.1-local.jar!/com/intel/gkl/native/libgkl_compression.so
15:11:05.296 INFO  HaplotypeCaller - ------------------------------------------------------------
15:11:05.298 INFO  HaplotypeCaller - The Genome Analysis Toolkit (GATK) v4.0.8.1
15:11:05.302 INFO  HaplotypeCaller - For support and documentation go to https://software.broadinstitute.org/gatk/
15:11:05.303 INFO  HaplotypeCaller - Executing as arajewski@i08 on Linux v3.10.0-957.el7.x86_64 amd64
15:11:05.304 INFO  HaplotypeCaller - Java runtime: Java HotSpot(TM) 64-Bit Server VM v1.8.0_45-b14
15:11:05.304 INFO  HaplotypeCaller - Start Date/Time: May 26, 2020 3:11:03 PM PDT
15:11:05.304 INFO  HaplotypeCaller - ------------------------------------------------------------
15:11:05.304 INFO  HaplotypeCaller - ------------------------------------------------------------
15:11:05.305 INFO  HaplotypeCaller - HTSJDK Version: 2.16.0
15:11:05.305 INFO  HaplotypeCaller - Picard Version: 2.18.7
15:11:05.306 INFO  HaplotypeCaller - HTSJDK Defaults.COMPRESSION_LEVEL : 2
15:11:05.306 INFO  HaplotypeCaller - HTSJDK Defaults.USE_ASYNC_IO_READ_FOR_SAMTOOLS : false
15:11:05.306 INFO  HaplotypeCaller - HTSJDK Defaults.USE_ASYNC_IO_WRITE_FOR_SAMTOOLS : true
15:11:05.306 INFO  HaplotypeCaller - HTSJDK Defaults.USE_ASYNC_IO_WRITE_FOR_TRIBBLE : false
15:11:05.306 INFO  HaplotypeCaller - Deflater: IntelDeflater
15:11:05.306 INFO  HaplotypeCaller - Inflater: IntelInflater
15:11:05.306 INFO  HaplotypeCaller - GCS max retries/reopens: 20
15:11:05.306 INFO  HaplotypeCaller - Using google-cloud-java fork https://github.com/broadinstitute/google-cloud-java/releases/tag/0.20.5-alpha-GCS-RETRY-FIX
15:11:05.306 INFO  HaplotypeCaller - Initializing engine
15:11:05.851 INFO  HaplotypeCaller - Done initializing engine
15:11:05.859 INFO  HaplotypeCallerEngine - Tool is in reference confidence mode and the annotation, the following changes will be made to any specified annotations: 'StrandBiasBySample' will be enabled. 'ChromosomeCounts', 'FisherStrand', 'StrandOddsRatio' and 'QualByDepth' annotations have been disabled
15:11:05.866 INFO  HaplotypeCallerEngine - Standard Emitting and Calling confidence set to 0.0 for reference-model confidence output
15:11:05.867 INFO  HaplotypeCallerEngine - All sites annotated with PLs forced to true for reference-model confidence output
15:11:05.888 INFO  NativeLibraryLoader - Loading libgkl_utils.so from jar:file:/bigdata/operations/pkgadmin/opt/linux/centos/7.x/x86_64/pkgs/gatk/4.0.8.1/gatk-package-4.0.8.1-local.jar!/com/intel/gkl/native/libgkl_utils.so
15:11:05.891 INFO  NativeLibraryLoader - Loading libgkl_pairhmm_omp.so from jar:file:/bigdata/operations/pkgadmin/opt/linux/centos/7.x/x86_64/pkgs/gatk/4.0.8.1/gatk-package-4.0.8.1-local.jar!/com/intel/gkl/native/libgkl_pairhmm_omp.so
15:11:05.936 WARN  IntelPairHmm - Flush-to-zero (FTZ) is enabled when running PairHMM
15:11:05.937 INFO  IntelPairHmm - Available threads: 2
15:11:05.937 INFO  IntelPairHmm - Requested threads: 4
15:11:05.937 WARN  IntelPairHmm - Using 2 available threads, but 4 were requested
15:11:05.937 INFO  PairHMM - Using the OpenMP multi-threaded AVX-accelerated native PairHMM implementation
15:11:06.004 INFO  ProgressMeter - Starting traversal
15:11:06.005 INFO  ProgressMeter -        Current Locus  Elapsed Minutes     Regions Processed   Regions/Minute
15:11:19.068 INFO  ProgressMeter -            SpMBP10:1              0.2                    20             91.9
15:11:20.267 INFO  HaplotypeCaller - 202371 read(s) filtered by: ((((((((MappingQualityReadFilter AND MappingQualityAvailableReadFilter) AND MappedReadFilter) AND NotSecondaryAlignmentReadFilter) AND NotDuplicateReadFilter) AND PassesVendorQualityCheckReadFilter) AND NonZeroReferenceLengthAlignmentReadFilter) AND GoodCigarReadFilter) AND WellformedReadFilter)
  202371 read(s) filtered by: (((((((MappingQualityReadFilter AND MappingQualityAvailableReadFilter) AND MappedReadFilter) AND NotSecondaryAlignmentReadFilter) AND NotDuplicateReadFilter) AND PassesVendorQualityCheckReadFilter) AND NonZeroReferenceLengthAlignmentReadFilter) AND GoodCigarReadFilter)
      202371 read(s) filtered by: ((((((MappingQualityReadFilter AND MappingQualityAvailableReadFilter) AND MappedReadFilter) AND NotSecondaryAlignmentReadFilter) AND NotDuplicateReadFilter) AND PassesVendorQualityCheckReadFilter) AND NonZeroReferenceLengthAlignmentReadFilter)
          202371 read(s) filtered by: (((((MappingQualityReadFilter AND MappingQualityAvailableReadFilter) AND MappedReadFilter) AND NotSecondaryAlignmentReadFilter) AND NotDuplicateReadFilter) AND PassesVendorQualityCheckReadFilter)
              202371 read(s) filtered by: ((((MappingQualityReadFilter AND MappingQualityAvailableReadFilter) AND MappedReadFilter) AND NotSecondaryAlignmentReadFilter) AND NotDuplicateReadFilter)
                  229 read(s) filtered by: (((MappingQualityReadFilter AND MappingQualityAvailableReadFilter) AND MappedReadFilter) AND NotSecondaryAlignmentReadFilter)
                      229 read(s) filtered by: ((MappingQualityReadFilter AND MappingQualityAvailableReadFilter) AND MappedReadFilter)
                          229 read(s) filtered by: (MappingQualityReadFilter AND MappingQualityAvailableReadFilter)
                              229 read(s) filtered by: MappingQualityReadFilter 
                  202142 read(s) filtered by: NotDuplicateReadFilter 

15:11:20.268 INFO  ProgressMeter -            SpMBP10:1              0.2                    26            109.4
15:11:20.268 INFO  ProgressMeter - Traversal complete. Processed 26 total regions in 0.2 minutes.
15:11:20.281 INFO  VectorLoglessPairHMM - Time spent in setup for JNI call : 0.012962684
15:11:20.281 INFO  PairHMM - Total compute time in PairHMM computeLogLikelihoods() : 3.2174765620000003
15:11:20.282 INFO  SmithWatermanAligner - Total compute time in java Smith-Waterman : 2.40 sec
15:11:20.282 INFO  HaplotypeCaller - Shutting down engine
[May 26, 2020 3:11:20 PM PDT] org.broadinstitute.hellbender.tools.walkers.haplotypecaller.HaplotypeCaller done. Elapsed time: 0.27 minutes.
Runtime.totalMemory()=2688024576
