Sourcing executables from speedseq.config ...
Aligning...
samblaster: Version 0.1.22
samblaster: Inputting from stdin
samblaster: Outputting to stdout
samblaster: Opening H4.FIiNqJsfCt4u/disc_pipe for write.
samblaster: Opening H4.FIiNqJsfCt4u/spl_pipe for write.
[M::bwa_idx_load_from_disk] read 0 ALT contigs
[M::process] read 68468 sequences (10000238 bp)...
[M::process] read 68470 sequences (10000187 bp)...
[M::mem_pestat] # candidate unique pairs for (FF, FR, RF, RR): (0, 33545, 0, 0)
[M::mem_pestat] skip orientation FF as there are not enough pairs
[M::mem_pestat] analyzing insert size distribution for orientation FR...
[M::mem_pestat] (25, 50, 75) percentile: (199, 200, 210)
[M::mem_pestat] low and high boundaries for computing mean and std.dev: (177, 232)
[M::mem_pestat] mean and std.dev: (203.86, 5.82)
[M::mem_pestat] low and high boundaries for proper pairs: (166, 243)
[M::mem_pestat] skip orientation RF as there are not enough pairs
[M::mem_pestat] skip orientation RR as there are not enough pairs
[M::mem_process_seqs] Processed 68468 reads in 6.231 CPU sec, 6.014 real sec
samblaster: Loaded 12 header sequence entries.
[M::process] read 68436 sequences (10000042 bp)...
[M::mem_pestat] # candidate unique pairs for (FF, FR, RF, RR): (0, 33555, 1, 0)
[M::mem_pestat] skip orientation FF as there are not enough pairs
[M::mem_pestat] analyzing insert size distribution for orientation FR...
[M::mem_pestat] (25, 50, 75) percentile: (199, 200, 210)
[M::mem_pestat] low and high boundaries for computing mean and std.dev: (177, 232)
[M::mem_pestat] mean and std.dev: (203.62, 6.01)
[M::mem_pestat] low and high boundaries for proper pairs: (166, 243)
[M::mem_pestat] skip orientation RF as there are not enough pairs
[M::mem_pestat] skip orientation RR as there are not enough pairs
[M::mem_process_seqs] Processed 68470 reads in 6.679 CPU sec, 6.499 real sec
[M::process] read 38932 sequences (5695483 bp)...
[M::mem_pestat] # candidate unique pairs for (FF, FR, RF, RR): (0, 33638, 5, 0)
[M::mem_pestat] skip orientation FF as there are not enough pairs
[M::mem_pestat] analyzing insert size distribution for orientation FR...
[M::mem_pestat] (25, 50, 75) percentile: (199, 200, 210)
[M::mem_pestat] low and high boundaries for computing mean and std.dev: (177, 232)
[M::mem_pestat] mean and std.dev: (203.73, 5.88)
[M::mem_pestat] low and high boundaries for proper pairs: (166, 243)
[M::mem_pestat] skip orientation RF as there are not enough pairs
[M::mem_pestat] skip orientation RR as there are not enough pairs
[M::mem_process_seqs] Processed 68436 reads in 6.398 CPU sec, 6.261 real sec
[M::mem_pestat] # candidate unique pairs for (FF, FR, RF, RR): (0, 19179, 2, 0)
[M::mem_pestat] skip orientation FF as there are not enough pairs
[M::mem_pestat] analyzing insert size distribution for orientation FR...
[M::mem_pestat] (25, 50, 75) percentile: (199, 200, 210)
[M::mem_pestat] low and high boundaries for computing mean and std.dev: (177, 232)
[M::mem_pestat] mean and std.dev: (203.81, 5.87)
[M::mem_pestat] low and high boundaries for proper pairs: (166, 243)
[M::mem_pestat] skip orientation RF as there are not enough pairs
[M::mem_pestat] skip orientation RR as there are not enough pairs
[M::mem_process_seqs] Processed 38932 reads in 3.595 CPU sec, 3.579 real sec
[main] Version: 0.7.12-r1039
[main] CMD:samblaster: Output 51 discordant read pairs to H4.FIiNqJsfCt4u/disc_pipe
 /opt/linux/centos/7.x/x86_64/pkgs/bwa/0.7.12/bin/bwasamblaster: Output 10 split reads to H4.FIiNqJsfCt4u/spl_pipe
 mem -t 1 -R @RG\tID:H4\tSM:H4\tLB:Lib\ References.fasta ExternalData/Pooled/Stacks/H4.1.fq.gz ExternalData/Pooled/Stacks/H4.2.fq.gzsamblaster: Marked 121489 of 122153 (99.46%) read ids as duplicates
[main] Real time: 22.808 sec; CPU: 23.107 sec
 using 1344k memory in 0.495S CPU seconds and 22S wall time.
Done
Using GATK jar /bigdata/operations/pkgadmin/opt/linux/centos/7.x/x86_64/pkgs/gatk/4.0.8.1/gatk-package-4.0.8.1-local.jar
Running:
    java -Dsamjdk.use_async_io_read_samtools=false -Dsamjdk.use_async_io_write_samtools=true -Dsamjdk.use_async_io_write_tribble=false -Dsamjdk.compression_level=2 -jar /bigdata/operations/pkgadmin/opt/linux/centos/7.x/x86_64/pkgs/gatk/4.0.8.1/gatk-package-4.0.8.1-local.jar HaplotypeCaller -R References.fasta -I results/H4.bam -O results/H4.g.vcf -ERC GVCF
15:11:14.074 INFO  NativeLibraryLoader - Loading libgkl_compression.so from jar:file:/bigdata/operations/pkgadmin/opt/linux/centos/7.x/x86_64/pkgs/gatk/4.0.8.1/gatk-package-4.0.8.1-local.jar!/com/intel/gkl/native/libgkl_compression.so
15:11:14.444 INFO  HaplotypeCaller - ------------------------------------------------------------
15:11:14.446 INFO  HaplotypeCaller - The Genome Analysis Toolkit (GATK) v4.0.8.1
15:11:14.446 INFO  HaplotypeCaller - For support and documentation go to https://software.broadinstitute.org/gatk/
15:11:14.449 INFO  HaplotypeCaller - Executing as arajewski@i08 on Linux v3.10.0-957.el7.x86_64 amd64
15:11:14.449 INFO  HaplotypeCaller - Java runtime: Java HotSpot(TM) 64-Bit Server VM v1.8.0_45-b14
15:11:14.450 INFO  HaplotypeCaller - Start Date/Time: May 26, 2020 3:11:14 PM PDT
15:11:14.450 INFO  HaplotypeCaller - ------------------------------------------------------------
15:11:14.450 INFO  HaplotypeCaller - ------------------------------------------------------------
15:11:14.451 INFO  HaplotypeCaller - HTSJDK Version: 2.16.0
15:11:14.451 INFO  HaplotypeCaller - Picard Version: 2.18.7
15:11:14.451 INFO  HaplotypeCaller - HTSJDK Defaults.COMPRESSION_LEVEL : 2
15:11:14.451 INFO  HaplotypeCaller - HTSJDK Defaults.USE_ASYNC_IO_READ_FOR_SAMTOOLS : false
15:11:14.452 INFO  HaplotypeCaller - HTSJDK Defaults.USE_ASYNC_IO_WRITE_FOR_SAMTOOLS : true
15:11:14.452 INFO  HaplotypeCaller - HTSJDK Defaults.USE_ASYNC_IO_WRITE_FOR_TRIBBLE : false
15:11:14.452 INFO  HaplotypeCaller - Deflater: IntelDeflater
15:11:14.452 INFO  HaplotypeCaller - Inflater: IntelInflater
15:11:14.452 INFO  HaplotypeCaller - GCS max retries/reopens: 20
15:11:14.452 INFO  HaplotypeCaller - Using google-cloud-java fork https://github.com/broadinstitute/google-cloud-java/releases/tag/0.20.5-alpha-GCS-RETRY-FIX
15:11:14.453 INFO  HaplotypeCaller - Initializing engine
15:11:15.966 INFO  HaplotypeCaller - Done initializing engine
15:11:15.973 INFO  HaplotypeCallerEngine - Tool is in reference confidence mode and the annotation, the following changes will be made to any specified annotations: 'StrandBiasBySample' will be enabled. 'ChromosomeCounts', 'FisherStrand', 'StrandOddsRatio' and 'QualByDepth' annotations have been disabled
15:11:15.980 INFO  HaplotypeCallerEngine - Standard Emitting and Calling confidence set to 0.0 for reference-model confidence output
15:11:15.981 INFO  HaplotypeCallerEngine - All sites annotated with PLs forced to true for reference-model confidence output
15:11:16.007 INFO  NativeLibraryLoader - Loading libgkl_utils.so from jar:file:/bigdata/operations/pkgadmin/opt/linux/centos/7.x/x86_64/pkgs/gatk/4.0.8.1/gatk-package-4.0.8.1-local.jar!/com/intel/gkl/native/libgkl_utils.so
15:11:16.014 INFO  NativeLibraryLoader - Loading libgkl_pairhmm_omp.so from jar:file:/bigdata/operations/pkgadmin/opt/linux/centos/7.x/x86_64/pkgs/gatk/4.0.8.1/gatk-package-4.0.8.1-local.jar!/com/intel/gkl/native/libgkl_pairhmm_omp.so
15:11:16.057 WARN  IntelPairHmm - Flush-to-zero (FTZ) is enabled when running PairHMM
15:11:16.058 INFO  IntelPairHmm - Available threads: 2
15:11:16.058 INFO  IntelPairHmm - Requested threads: 4
15:11:16.058 WARN  IntelPairHmm - Using 2 available threads, but 4 were requested
15:11:16.058 INFO  PairHMM - Using the OpenMP multi-threaded AVX-accelerated native PairHMM implementation
15:11:16.156 INFO  ProgressMeter - Starting traversal
15:11:16.160 INFO  ProgressMeter -        Current Locus  Elapsed Minutes     Regions Processed   Regions/Minute
15:11:26.286 INFO  ProgressMeter -          NoFUL2.2:46              0.2                    10             59.3
15:11:26.698 INFO  HaplotypeCaller - 243017 read(s) filtered by: ((((((((MappingQualityReadFilter AND MappingQualityAvailableReadFilter) AND MappedReadFilter) AND NotSecondaryAlignmentReadFilter) AND NotDuplicateReadFilter) AND PassesVendorQualityCheckReadFilter) AND NonZeroReferenceLengthAlignmentReadFilter) AND GoodCigarReadFilter) AND WellformedReadFilter)
  243017 read(s) filtered by: (((((((MappingQualityReadFilter AND MappingQualityAvailableReadFilter) AND MappedReadFilter) AND NotSecondaryAlignmentReadFilter) AND NotDuplicateReadFilter) AND PassesVendorQualityCheckReadFilter) AND NonZeroReferenceLengthAlignmentReadFilter) AND GoodCigarReadFilter)
      243017 read(s) filtered by: ((((((MappingQualityReadFilter AND MappingQualityAvailableReadFilter) AND MappedReadFilter) AND NotSecondaryAlignmentReadFilter) AND NotDuplicateReadFilter) AND PassesVendorQualityCheckReadFilter) AND NonZeroReferenceLengthAlignmentReadFilter)
          243017 read(s) filtered by: (((((MappingQualityReadFilter AND MappingQualityAvailableReadFilter) AND MappedReadFilter) AND NotSecondaryAlignmentReadFilter) AND NotDuplicateReadFilter) AND PassesVendorQualityCheckReadFilter)
              243017 read(s) filtered by: ((((MappingQualityReadFilter AND MappingQualityAvailableReadFilter) AND MappedReadFilter) AND NotSecondaryAlignmentReadFilter) AND NotDuplicateReadFilter)
                  911 read(s) filtered by: (((MappingQualityReadFilter AND MappingQualityAvailableReadFilter) AND MappedReadFilter) AND NotSecondaryAlignmentReadFilter)
                      911 read(s) filtered by: ((MappingQualityReadFilter AND MappingQualityAvailableReadFilter) AND MappedReadFilter)
                          911 read(s) filtered by: (MappingQualityReadFilter AND MappingQualityAvailableReadFilter)
                              911 read(s) filtered by: MappingQualityReadFilter 
                  242106 read(s) filtered by: NotDuplicateReadFilter 

15:11:26.699 INFO  ProgressMeter -           SpMBP10:79              0.2                    24            136.6
15:11:26.714 INFO  ProgressMeter - Traversal complete. Processed 24 total regions in 0.2 minutes.
15:11:26.734 INFO  VectorLoglessPairHMM - Time spent in setup for JNI call : 0.014821279000000001
15:11:26.734 INFO  PairHMM - Total compute time in PairHMM computeLogLikelihoods() : 1.246005135
15:11:26.735 INFO  SmithWatermanAligner - Total compute time in java Smith-Waterman : 1.29 sec
15:11:26.735 INFO  HaplotypeCaller - Shutting down engine
[May 26, 2020 3:11:26 PM PDT] org.broadinstitute.hellbender.tools.walkers.haplotypecaller.HaplotypeCaller done. Elapsed time: 0.21 minutes.
Runtime.totalMemory()=2537029632
