Sourcing executables from speedseq.config ...
Aligning...
[M::bwa_idx_load_from_disk] read 0 ALT contigs
samblaster: Version 0.1.22
samblaster: Inputting from stdin
samblaster: Outputting to stdout
samblaster: Opening F11.3GQPCPoLPZxV/disc_pipe for write.
samblaster: Opening F11.3GQPCPoLPZxV/spl_pipe for write.
[M::process] read 74118 sequences (10000122 bp)...
[M::process] read 74120 sequences (10000007 bp)...
[M::mem_pestat] # candidate unique pairs for (FF, FR, RF, RR): (0, 36952, 0, 0)
[M::mem_pestat] skip orientation FF as there are not enough pairs
[M::mem_pestat] analyzing insert size distribution for orientation FR...
[M::mem_pestat] (25, 50, 75) percentile: (121, 121, 200)
[M::mem_pestat] low and high boundaries for computing mean and std.dev: (1, 358)
[M::mem_pestat] mean and std.dev: (157.45, 42.17)
[M::mem_pestat] low and high boundaries for proper pairs: (1, 437)
[M::mem_pestat] skip orientation RF as there are not enough pairs
[M::mem_pestat] skip orientation RR as there are not enough pairs
[M::mem_process_seqs] Processed 74118 reads in 3.008 CPU sec, 2.809 real sec
samblaster: Loaded 12 header sequence entries.
[M::process] read 74028 sequences (10000224 bp)...
[M::mem_pestat] # candidate unique pairs for (FF, FR, RF, RR): (0, 36995, 0, 0)
[M::mem_pestat] skip orientation FF as there are not enough pairs
[M::mem_pestat] analyzing insert size distribution for orientation FR...
[M::mem_pestat] (25, 50, 75) percentile: (121, 121, 200)
[M::mem_pestat] low and high boundaries for computing mean and std.dev: (1, 358)
[M::mem_pestat] mean and std.dev: (157.54, 42.18)
[M::mem_pestat] low and high boundaries for proper pairs: (1, 437)
[M::mem_pestat] skip orientation RF as there are not enough pairs
[M::mem_pestat] skip orientation RR as there are not enough pairs
[M::mem_process_seqs] Processed 74120 reads in 3.280 CPU sec, 3.132 real sec
[M::process] read 73990 sequences (10000048 bp)...
[M::mem_pestat] # candidate unique pairs for (FF, FR, RF, RR): (0, 36969, 0, 0)
[M::mem_pestat] skip orientation FF as there are not enough pairs
[M::mem_pestat] analyzing insert size distribution for orientation FR...
[M::mem_pestat] (25, 50, 75) percentile: (121, 121, 200)
[M::mem_pestat] low and high boundaries for computing mean and std.dev: (1, 358)
[M::mem_pestat] mean and std.dev: (158.08, 42.17)
[M::mem_pestat] low and high boundaries for proper pairs: (1, 437)
[M::mem_pestat] skip orientation RF as there are not enough pairs
[M::mem_pestat] skip orientation RR as there are not enough pairs
[M::mem_process_seqs] Processed 74028 reads in 3.429 CPU sec, 3.156 real sec
[M::process] read 15912 sequences (2150564 bp)...
[M::mem_pestat] # candidate unique pairs for (FF, FR, RF, RR): (0, 36944, 0, 0)
[M::mem_pestat] skip orientation FF as there are not enough pairs
[M::mem_pestat] analyzing insert size distribution for orientation FR...
[M::mem_pestat] (25, 50, 75) percentile: (121, 121, 200)
[M::mem_pestat] low and high boundaries for computing mean and std.dev: (1, 358)
[M::mem_pestat] mean and std.dev: (158.39, 42.26)
[M::mem_pestat] low and high boundaries for proper pairs: (1, 437)
[M::mem_pestat] skip orientation RF as there are not enough pairs
[M::mem_pestat] skip orientation RR as there are not enough pairs
[M::mem_process_seqs] Processed 73990 reads in 3.138 CPU sec, 3.111 real sec
[M::mem_pestat] # candidate unique pairs for (FF, FR, RF, RR): (0, 7949, 0, 0)
[M::mem_pestat] skip orientation FF as there are not enough pairs
[M::mem_pestat] analyzing insert size distribution for orientation FR...
[M::mem_pestat] (25, 50, 75) percentile: (121, 121, 200)
[M::mem_pestat] low and high boundaries for computing mean and std.dev: (1, 358)
[M::mem_pestat] mean and std.dev: (158.16, 42.02)
[M::mem_pestat] low and high boundaries for proper pairs: (1, 437)
[M::mem_pestat] skip orientation RF as there are not enough pairs
[M::mem_pestat] skip orientation RR as there are not enough pairs
[M::mem_process_seqs] Processed 15912 reads in 0.909 CPU sec, 0.919 real sec
[main] Version: 0.7.12-r1039
samblaster: Output 10 discordant read pairs to F11.3GQPCPoLPZxV/disc_pipe
[main] CMD:samblaster: Output 28 split reads to F11.3GQPCPoLPZxV/spl_pipe
 /opt/linux/centos/7.x/x86_64/pkgs/bwa/0.7.12/bin/bwa mem -t 1 -R @RG\tID:F11\tSM:F11\tLB:Lib\ References.fasta ExternalData/Flowcell_1304/Pooled/Stacks/F11.1.fq.gz ExternalData/Flowcell_1304/Pooled/Stacks/F11.2.fq.gzsamblaster: Marked 155924 of 156084 (99.90%) read ids as duplicates using 1344k memory in 
[main] Real time: 13.491 sec; CPU: 13.948 sec
0.586S CPU seconds and 14S wall time.
Done
