Sourcing executables from speedseq.config ...
Aligning...
samblaster: Version 0.1.22
samblaster: Inputting from stdin
samblaster: Outputting to stdout
samblaster: Opening C1.8a44yAQ3Jg1H/disc_pipe for write.
[M::bwa_idx_load_from_disk] read 0 ALT contigs
samblaster: Opening C1.8a44yAQ3Jg1H/spl_pipe for write.
[M::process] read 67568 sequences (10000064 bp)...
[M::process] read 67568 sequences (10000064 bp)...
[M::mem_pestat] # candidate unique pairs for (FF, FR, RF, RR): (338, 0, 0, 13)
[M::mem_pestat] analyzing insert size distribution for orientation FF...
[M::mem_pestat] (25, 50, 75) percentile: (2, 4, 7)
[M::mem_pestat] low and high boundaries for computing mean and std.dev: (1, 17)
[M::mem_pestat] mean and std.dev: (4.61, 2.80)
[M::mem_pestat] low and high boundaries for proper pairs: (1, 22)
[M::mem_pestat] skip orientation FR as there are not enough pairs
[M::mem_pestat] skip orientation RF as there are not enough pairs
[M::mem_pestat] analyzing insert size distribution for orientation RR...
[M::mem_pestat] (25, 50, 75) percentile: (4, 4, 4)
[M::mem_pestat] low and high boundaries for computing mean and std.dev: (4, 4)
[M::mem_pestat] mean and std.dev: (4.00, 0.00)
[M::mem_pestat] low and high boundaries for proper pairs: (4, 4)
[M::mem_pestat] skip orientation RR
[M::mem_process_seqs] Processed 67568 reads in 7.937 CPU sec, 7.781 real sec
samblaster: Loaded 12 header sequence entries.
[M::process] read 67568 sequences (10000064 bp)...
[M::mem_pestat] # candidate unique pairs for (FF, FR, RF, RR): (319, 0, 0, 8)
[M::mem_pestat] analyzing insert size distribution for orientation FF...
[M::mem_pestat] (25, 50, 75) percentile: (2, 4, 6)
[M::mem_pestat] low and high boundaries for computing mean and std.dev: (1, 14)
[M::mem_pestat] mean and std.dev: (4.08, 2.45)
[M::mem_pestat] low and high boundaries for proper pairs: (1, 18)
[M::mem_pestat] skip orientation FR as there are not enough pairs
[M::mem_pestat] skip orientation RF as there are not enough pairs
[M::mem_pestat] skip orientation RR as there are not enough pairs
[M::mem_process_seqs] Processed 67568 reads in 8.380 CPU sec, 8.190 real sec
[M::process] read 67568 sequences (10000064 bp)...
[M::mem_pestat] # candidate unique pairs for (FF, FR, RF, RR): (305, 0, 0, 11)
[M::mem_pestat] analyzing insert size distribution for orientation FF...
[M::mem_pestat] (25, 50, 75) percentile: (2, 4, 7)
[M::mem_pestat] low and high boundaries for computing mean and std.dev: (1, 17)
[M::mem_pestat] mean and std.dev: (4.50, 2.74)
[M::mem_pestat] low and high boundaries for proper pairs: (1, 22)
[M::mem_pestat] skip orientation FR as there are not enough pairs
[M::mem_pestat] skip orientation RF as there are not enough pairs
[M::mem_pestat] analyzing insert size distribution for orientation RR...
[M::mem_pestat] (25, 50, 75) percentile: (4, 4, 4)
[M::mem_pestat] low and high boundaries for computing mean and std.dev: (4, 4)
[M::mem_pestat] mean and std.dev: (4.00, 0.00)
[M::mem_pestat] low and high boundaries for proper pairs: (4, 4)
[M::mem_pestat] skip orientation RR
[M::mem_process_seqs] Processed 67568 reads in 8.583 CPU sec, 8.344 real sec
[M::process] read 67568 sequences (10000064 bp)...
[M::mem_pestat] # candidate unique pairs for (FF, FR, RF, RR): (318, 0, 0, 14)
[M::mem_pestat] analyzing insert size distribution for orientation FF...
[M::mem_pestat] (25, 50, 75) percentile: (1, 4, 6)
[M::mem_pestat] low and high boundaries for computing mean and std.dev: (1, 16)
[M::mem_pestat] mean and std.dev: (4.13, 2.90)
[M::mem_pestat] low and high boundaries for proper pairs: (1, 21)
[M::mem_pestat] skip orientation FR as there are not enough pairs
[M::mem_pestat] skip orientation RF as there are not enough pairs
[M::mem_pestat] analyzing insert size distribution for orientation RR...
[M::mem_pestat] (25, 50, 75) percentile: (4, 4, 4)
[M::mem_pestat] low and high boundaries for computing mean and std.dev: (4, 4)
[M::mem_pestat] mean and std.dev: (4.00, 0.00)
[M::mem_pestat] low and high boundaries for proper pairs: (4, 4)
[M::mem_pestat] skip orientation RR
[M::mem_process_seqs] Processed 67568 reads in 8.534 CPU sec, 8.342 real sec
[M::process] read 682 sequences (100936 bp)...
[M::mem_pestat] # candidate unique pairs for (FF, FR, RF, RR): (338, 0, 0, 12)
[M::mem_pestat] analyzing insert size distribution for orientation FF...
[M::mem_pestat] (25, 50, 75) percentile: (2, 4, 6)
[M::mem_pestat] low and high boundaries for computing mean and std.dev: (1, 14)
[M::mem_pestat] mean and std.dev: (4.27, 2.65)
[M::mem_pestat] low and high boundaries for proper pairs: (1, 18)
[M::mem_pestat] skip orientation FR as there are not enough pairs
[M::mem_pestat] skip orientation RF as there are not enough pairs
[M::mem_pestat] analyzing insert size distribution for orientation RR...
[M::mem_pestat] (25, 50, 75) percentile: (2, 4, 4)
[M::mem_pestat] low and high boundaries for computing mean and std.dev: (1, 8)
[M::mem_pestat] mean and std.dev: (3.25, 1.74)
[M::mem_pestat] low and high boundaries for proper pairs: (1, 10)
[M::mem_pestat] skip orientation RR
[M::mem_process_seqs] Processed 67568 reads in 8.433 CPU sec, 8.365 real sec
[M::mem_pestat] # candidate unique pairs for (FF, FR, RF, RR): (5, 0, 0, 0)
[M::mem_pestat] skip orientation FF as there are not enough pairs
[M::mem_pestat] skip orientation FR as there are not enough pairs
[M::mem_pestat] skip orientation RF as there are not enough pairs
[M::mem_pestat] skip orientation RR as there are not enough pairs
[M::mem_process_seqs] Processed 682 reads in 0.103 CPU sec, 0.095 real sec
[main] Version: 0.7.12-r1039
[main] CMD: /opt/linux/centos/7.x/x86_64/pkgs/bwa/0.7.12/bin/bwa mem -t 1 -R @RG\tID:C1\tSM:C1\tLB:Lib\ References.fasta ExternalData/C1_pair1.fastq ExternalData/C1_pair2.fastq
[main] Real time: 41.584 sec; CPU: 42.127 sec
samblaster: Output 131 discordant read pairs to C1.8a44yAQ3Jg1H/disc_pipe
samblaster: Output 20 split reads to C1.8a44yAQ3Jg1H/spl_pipe
samblaster: Marked 166245 of 169261 (98.22%) read ids as duplicates using 1316k memory in 0.692S CPU seconds and 41S wall time.
Done
Using GATK jar /bigdata/operations/pkgadmin/opt/linux/centos/7.x/x86_64/pkgs/gatk/4.0.8.1/gatk-package-4.0.8.1-local.jar
Running:
    java -Dsamjdk.use_async_io_read_samtools=false -Dsamjdk.use_async_io_write_samtools=true -Dsamjdk.use_async_io_write_tribble=false -Dsamjdk.compression_level=2 -jar /bigdata/operations/pkgadmin/opt/linux/centos/7.x/x86_64/pkgs/gatk/4.0.8.1/gatk-package-4.0.8.1-local.jar HaplotypeCaller -R References.fasta -I results/C1.bam -O results/C1.g.vcf -ERC GVCF
11:09:41.707 INFO  NativeLibraryLoader - Loading libgkl_compression.so from jar:file:/bigdata/operations/pkgadmin/opt/linux/centos/7.x/x86_64/pkgs/gatk/4.0.8.1/gatk-package-4.0.8.1-local.jar!/com/intel/gkl/native/libgkl_compression.so
11:09:42.984 INFO  HaplotypeCaller - ------------------------------------------------------------
11:09:42.986 INFO  HaplotypeCaller - The Genome Analysis Toolkit (GATK) v4.0.8.1
11:09:42.987 INFO  HaplotypeCaller - For support and documentation go to https://software.broadinstitute.org/gatk/
11:09:42.992 INFO  HaplotypeCaller - Executing as arajewski@i02 on Linux v3.10.0-957.el7.x86_64 amd64
11:09:42.994 INFO  HaplotypeCaller - Java runtime: Java HotSpot(TM) 64-Bit Server VM v1.8.0_45-b14
11:09:42.995 INFO  HaplotypeCaller - Start Date/Time: May 26, 2020 11:09:41 AM PDT
11:09:42.995 INFO  HaplotypeCaller - ------------------------------------------------------------
11:09:42.995 INFO  HaplotypeCaller - ------------------------------------------------------------
11:09:42.996 INFO  HaplotypeCaller - HTSJDK Version: 2.16.0
11:09:42.996 INFO  HaplotypeCaller - Picard Version: 2.18.7
11:09:42.996 INFO  HaplotypeCaller - HTSJDK Defaults.COMPRESSION_LEVEL : 2
11:09:42.996 INFO  HaplotypeCaller - HTSJDK Defaults.USE_ASYNC_IO_READ_FOR_SAMTOOLS : false
11:09:42.998 INFO  HaplotypeCaller - HTSJDK Defaults.USE_ASYNC_IO_WRITE_FOR_SAMTOOLS : true
11:09:42.998 INFO  HaplotypeCaller - HTSJDK Defaults.USE_ASYNC_IO_WRITE_FOR_TRIBBLE : false
11:09:42.998 INFO  HaplotypeCaller - Deflater: IntelDeflater
11:09:42.998 INFO  HaplotypeCaller - Inflater: IntelInflater
11:09:42.998 INFO  HaplotypeCaller - GCS max retries/reopens: 20
11:09:42.998 INFO  HaplotypeCaller - Using google-cloud-java fork https://github.com/broadinstitute/google-cloud-java/releases/tag/0.20.5-alpha-GCS-RETRY-FIX
11:09:42.998 INFO  HaplotypeCaller - Initializing engine
11:09:43.509 INFO  HaplotypeCaller - Done initializing engine
11:09:43.526 INFO  HaplotypeCallerEngine - Tool is in reference confidence mode and the annotation, the following changes will be made to any specified annotations: 'StrandBiasBySample' will be enabled. 'ChromosomeCounts', 'FisherStrand', 'StrandOddsRatio' and 'QualByDepth' annotations have been disabled
11:09:43.531 INFO  HaplotypeCallerEngine - Standard Emitting and Calling confidence set to 0.0 for reference-model confidence output
11:09:43.531 INFO  HaplotypeCallerEngine - All sites annotated with PLs forced to true for reference-model confidence output
11:09:43.547 INFO  NativeLibraryLoader - Loading libgkl_utils.so from jar:file:/bigdata/operations/pkgadmin/opt/linux/centos/7.x/x86_64/pkgs/gatk/4.0.8.1/gatk-package-4.0.8.1-local.jar!/com/intel/gkl/native/libgkl_utils.so
11:09:43.549 INFO  NativeLibraryLoader - Loading libgkl_pairhmm_omp.so from jar:file:/bigdata/operations/pkgadmin/opt/linux/centos/7.x/x86_64/pkgs/gatk/4.0.8.1/gatk-package-4.0.8.1-local.jar!/com/intel/gkl/native/libgkl_pairhmm_omp.so
11:09:43.603 WARN  IntelPairHmm - Flush-to-zero (FTZ) is enabled when running PairHMM
11:09:43.606 INFO  IntelPairHmm - Available threads: 2
11:09:43.606 INFO  IntelPairHmm - Requested threads: 4
11:09:43.606 WARN  IntelPairHmm - Using 2 available threads, but 4 were requested
11:09:43.606 INFO  PairHMM - Using the OpenMP multi-threaded AVX-accelerated native PairHMM implementation
11:09:43.709 INFO  ProgressMeter - Starting traversal
11:09:43.710 INFO  ProgressMeter -        Current Locus  Elapsed Minutes     Regions Processed   Regions/Minute
11:09:55.427 INFO  ProgressMeter -           SpFUL2:176              0.2                    20            102.4
11:09:57.361 INFO  HaplotypeCaller - 332510 read(s) filtered by: ((((((((MappingQualityReadFilter AND MappingQualityAvailableReadFilter) AND MappedReadFilter) AND NotSecondaryAlignmentReadFilter) AND NotDuplicateReadFilter) AND PassesVendorQualityCheckReadFilter) AND NonZeroReferenceLengthAlignmentReadFilter) AND GoodCigarReadFilter) AND WellformedReadFilter)
  332510 read(s) filtered by: (((((((MappingQualityReadFilter AND MappingQualityAvailableReadFilter) AND MappedReadFilter) AND NotSecondaryAlignmentReadFilter) AND NotDuplicateReadFilter) AND PassesVendorQualityCheckReadFilter) AND NonZeroReferenceLengthAlignmentReadFilter) AND GoodCigarReadFilter)
      332510 read(s) filtered by: ((((((MappingQualityReadFilter AND MappingQualityAvailableReadFilter) AND MappedReadFilter) AND NotSecondaryAlignmentReadFilter) AND NotDuplicateReadFilter) AND PassesVendorQualityCheckReadFilter) AND NonZeroReferenceLengthAlignmentReadFilter)
          332510 read(s) filtered by: (((((MappingQualityReadFilter AND MappingQualityAvailableReadFilter) AND MappedReadFilter) AND NotSecondaryAlignmentReadFilter) AND NotDuplicateReadFilter) AND PassesVendorQualityCheckReadFilter)
              332510 read(s) filtered by: ((((MappingQualityReadFilter AND MappingQualityAvailableReadFilter) AND MappedReadFilter) AND NotSecondaryAlignmentReadFilter) AND NotDuplicateReadFilter)
                  296 read(s) filtered by: (((MappingQualityReadFilter AND MappingQualityAvailableReadFilter) AND MappedReadFilter) AND NotSecondaryAlignmentReadFilter)
                      296 read(s) filtered by: ((MappingQualityReadFilter AND MappingQualityAvailableReadFilter) AND MappedReadFilter)
                          296 read(s) filtered by: (MappingQualityReadFilter AND MappingQualityAvailableReadFilter)
                              296 read(s) filtered by: MappingQualityReadFilter 
                  332214 read(s) filtered by: NotDuplicateReadFilter 

11:09:57.361 INFO  ProgressMeter -           SpFUL2:176              0.2                    25            109.9
11:09:57.361 INFO  ProgressMeter - Traversal complete. Processed 25 total regions in 0.2 minutes.
11:09:57.372 INFO  VectorLoglessPairHMM - Time spent in setup for JNI call : 0.069324916
11:09:57.372 INFO  PairHMM - Total compute time in PairHMM computeLogLikelihoods() : 1.765674932
11:09:57.372 INFO  SmithWatermanAligner - Total compute time in java Smith-Waterman : 3.02 sec
11:09:57.372 INFO  HaplotypeCaller - Shutting down engine
[May 26, 2020 11:09:57 AM PDT] org.broadinstitute.hellbender.tools.walkers.haplotypecaller.HaplotypeCaller done. Elapsed time: 0.26 minutes.
Runtime.totalMemory()=2496135168
