Sourcing executables from speedseq.config ...
Aligning...
[M::bwa_idx_load_from_disk] read 0 ALT contigs
samblaster: Version 0.1.22
samblaster: Inputting from stdin
samblaster: Outputting to stdout
samblaster: Opening D10.lumT5hEamQez/disc_pipe for write.
samblaster: Opening D10.lumT5hEamQez/spl_pipe for write.
[M::process] read 75382 sequences (10000215 bp)...
[M::process] read 75348 sequences (10000034 bp)...
[M::mem_pestat] # candidate unique pairs for (FF, FR, RF, RR): (0, 37577, 0, 0)
[M::mem_pestat] skip orientation FF as there are not enough pairs
[M::mem_pestat] analyzing insert size distribution for orientation FR...
[M::mem_pestat] (25, 50, 75) percentile: (121, 121, 200)
[M::mem_pestat] low and high boundaries for computing mean and std.dev: (1, 358)
[M::mem_pestat] mean and std.dev: (155.74, 49.74)
[M::mem_pestat] low and high boundaries for proper pairs: (1, 437)
[M::mem_pestat] skip orientation RF as there are not enough pairs
[M::mem_pestat] skip orientation RR as there are not enough pairs
[M::mem_process_seqs] Processed 75382 reads in 3.748 CPU sec, 3.525 real sec
samblaster: Loaded 12 header sequence entries.
[M::process] read 75396 sequences (10000132 bp)...
[M::mem_pestat] # candidate unique pairs for (FF, FR, RF, RR): (0, 37557, 0, 0)
[M::mem_pestat] skip orientation FF as there are not enough pairs
[M::mem_pestat] analyzing insert size distribution for orientation FR...
[M::mem_pestat] (25, 50, 75) percentile: (121, 121, 200)
[M::mem_pestat] low and high boundaries for computing mean and std.dev: (1, 358)
[M::mem_pestat] mean and std.dev: (155.64, 49.36)
[M::mem_pestat] low and high boundaries for proper pairs: (1, 437)
[M::mem_pestat] skip orientation RF as there are not enough pairs
[M::mem_pestat] skip orientation RR as there are not enough pairs
[M::mem_process_seqs] Processed 75348 reads in 4.135 CPU sec, 3.917 real sec
[M::process] read 75250 sequences (10000240 bp)...
[M::mem_pestat] # candidate unique pairs for (FF, FR, RF, RR): (0, 37618, 0, 0)
[M::mem_pestat] skip orientation FF as there are not enough pairs
[M::mem_pestat] analyzing insert size distribution for orientation FR...
[M::mem_pestat] (25, 50, 75) percentile: (121, 121, 200)
[M::mem_pestat] low and high boundaries for computing mean and std.dev: (1, 358)
[M::mem_pestat] mean and std.dev: (155.41, 49.37)
[M::mem_pestat] low and high boundaries for proper pairs: (1, 437)
[M::mem_pestat] skip orientation RF as there are not enough pairs
[M::mem_pestat] skip orientation RR as there are not enough pairs
[M::mem_process_seqs] Processed 75396 reads in 3.988 CPU sec, 3.726 real sec
[M::process] read 3374 sequences (447405 bp)...
[M::mem_pestat] # candidate unique pairs for (FF, FR, RF, RR): (0, 37533, 0, 0)
[M::mem_pestat] skip orientation FF as there are not enough pairs
[M::mem_pestat] analyzing insert size distribution for orientation FR...
[M::mem_pestat] (25, 50, 75) percentile: (121, 121, 200)
[M::mem_pestat] low and high boundaries for computing mean and std.dev: (1, 358)
[M::mem_pestat] mean and std.dev: (156.88, 50.17)
[M::mem_pestat] low and high boundaries for proper pairs: (1, 437)
[M::mem_pestat] skip orientation RF as there are not enough pairs
[M::mem_pestat] skip orientation RR as there are not enough pairs
[M::mem_process_seqs] Processed 75250 reads in 3.407 CPU sec, 3.350 real sec
[M::mem_pestat] # candidate unique pairs for (FF, FR, RF, RR): (0, 1679, 0, 0)
[M::mem_pestat] skip orientation FF as there are not enough pairs
[M::mem_pestat] analyzing insert size distribution for orientation FR...
[M::mem_pestat] (25, 50, 75) percentile: (121, 121, 200)
[M::mem_pestat] low and high boundaries for computing mean and std.dev: (1, 358)
[M::mem_pestat] mean and std.dev: (154.64, 48.21)
[M::mem_pestat] low and high boundaries for proper pairs: (1, 437)
[M::mem_pestat] skip orientation RF as there are not enough pairs
[M::mem_pestat] skip orientation RR as there are not enough pairs
[M::mem_process_seqs] Processed 3374 reads in 0.284 CPU sec, 0.264 real sec
[main] Version: 0.7.12-r1039
[main] CMD: /opt/linux/centos/7.x/x86_64/pkgs/bwa/0.7.12/bin/bwa mem -t 1 -R @RG\tID:D10\tSM:D10\tLB:Lib\ References.fasta ExternalData/Pooled/Stacks/D10.1.fq.gz ExternalData/Pooled/Stacks/D10.2.fq.gz
[main] Real time: 15.259 sec; CPU: 15.774 sec
samblaster: Output 23 discordant read pairs to D10.lumT5hEamQez/disc_pipe
samblaster: Output 30 split reads to D10.lumT5hEamQez/spl_pipe
samblaster: Marked 152195 of 152375 (99.88%) read ids as duplicates using 1344k memory in 0.593S CPU seconds and 15S wall time.
Done
Using GATK jar /bigdata/operations/pkgadmin/opt/linux/centos/7.x/x86_64/pkgs/gatk/4.0.8.1/gatk-package-4.0.8.1-local.jar
Running:
    java -Dsamjdk.use_async_io_read_samtools=false -Dsamjdk.use_async_io_write_samtools=true -Dsamjdk.use_async_io_write_tribble=false -Dsamjdk.compression_level=2 -jar /bigdata/operations/pkgadmin/opt/linux/centos/7.x/x86_64/pkgs/gatk/4.0.8.1/gatk-package-4.0.8.1-local.jar HaplotypeCaller -R References.fasta -I results/D10.bam -O results/D10.g.vcf -ERC GVCF
15:11:08.401 INFO  NativeLibraryLoader - Loading libgkl_compression.so from jar:file:/bigdata/operations/pkgadmin/opt/linux/centos/7.x/x86_64/pkgs/gatk/4.0.8.1/gatk-package-4.0.8.1-local.jar!/com/intel/gkl/native/libgkl_compression.so
15:11:08.702 INFO  HaplotypeCaller - ------------------------------------------------------------
15:11:08.703 INFO  HaplotypeCaller - The Genome Analysis Toolkit (GATK) v4.0.8.1
15:11:08.703 INFO  HaplotypeCaller - For support and documentation go to https://software.broadinstitute.org/gatk/
15:11:08.704 INFO  HaplotypeCaller - Executing as arajewski@i11 on Linux v3.10.0-957.el7.x86_64 amd64
15:11:08.704 INFO  HaplotypeCaller - Java runtime: Java HotSpot(TM) 64-Bit Server VM v1.8.0_45-b14
15:11:08.704 INFO  HaplotypeCaller - Start Date/Time: May 26, 2020 3:11:08 PM PDT
15:11:08.704 INFO  HaplotypeCaller - ------------------------------------------------------------
15:11:08.704 INFO  HaplotypeCaller - ------------------------------------------------------------
15:11:08.705 INFO  HaplotypeCaller - HTSJDK Version: 2.16.0
15:11:08.705 INFO  HaplotypeCaller - Picard Version: 2.18.7
15:11:08.705 INFO  HaplotypeCaller - HTSJDK Defaults.COMPRESSION_LEVEL : 2
15:11:08.705 INFO  HaplotypeCaller - HTSJDK Defaults.USE_ASYNC_IO_READ_FOR_SAMTOOLS : false
15:11:08.705 INFO  HaplotypeCaller - HTSJDK Defaults.USE_ASYNC_IO_WRITE_FOR_SAMTOOLS : true
15:11:08.705 INFO  HaplotypeCaller - HTSJDK Defaults.USE_ASYNC_IO_WRITE_FOR_TRIBBLE : false
15:11:08.705 INFO  HaplotypeCaller - Deflater: IntelDeflater
15:11:08.705 INFO  HaplotypeCaller - Inflater: IntelInflater
15:11:08.705 INFO  HaplotypeCaller - GCS max retries/reopens: 20
15:11:08.705 INFO  HaplotypeCaller - Using google-cloud-java fork https://github.com/broadinstitute/google-cloud-java/releases/tag/0.20.5-alpha-GCS-RETRY-FIX
15:11:08.705 INFO  HaplotypeCaller - Initializing engine
15:11:09.633 INFO  HaplotypeCaller - Done initializing engine
15:11:09.638 INFO  HaplotypeCallerEngine - Tool is in reference confidence mode and the annotation, the following changes will be made to any specified annotations: 'StrandBiasBySample' will be enabled. 'ChromosomeCounts', 'FisherStrand', 'StrandOddsRatio' and 'QualByDepth' annotations have been disabled
15:11:09.644 INFO  HaplotypeCallerEngine - Standard Emitting and Calling confidence set to 0.0 for reference-model confidence output
15:11:09.644 INFO  HaplotypeCallerEngine - All sites annotated with PLs forced to true for reference-model confidence output
15:11:09.658 INFO  NativeLibraryLoader - Loading libgkl_utils.so from jar:file:/bigdata/operations/pkgadmin/opt/linux/centos/7.x/x86_64/pkgs/gatk/4.0.8.1/gatk-package-4.0.8.1-local.jar!/com/intel/gkl/native/libgkl_utils.so
15:11:09.660 INFO  NativeLibraryLoader - Loading libgkl_pairhmm_omp.so from jar:file:/bigdata/operations/pkgadmin/opt/linux/centos/7.x/x86_64/pkgs/gatk/4.0.8.1/gatk-package-4.0.8.1-local.jar!/com/intel/gkl/native/libgkl_pairhmm_omp.so
15:11:09.702 WARN  IntelPairHmm - Flush-to-zero (FTZ) is enabled when running PairHMM
15:11:09.703 INFO  IntelPairHmm - Available threads: 2
15:11:09.703 INFO  IntelPairHmm - Requested threads: 4
15:11:09.703 WARN  IntelPairHmm - Using 2 available threads, but 4 were requested
15:11:09.703 INFO  PairHMM - Using the OpenMP multi-threaded AVX-accelerated native PairHMM implementation
15:11:09.765 INFO  ProgressMeter - Starting traversal
15:11:09.766 INFO  ProgressMeter -        Current Locus  Elapsed Minutes     Regions Processed   Regions/Minute
15:11:17.691 INFO  HaplotypeCaller - 304491 read(s) filtered by: ((((((((MappingQualityReadFilter AND MappingQualityAvailableReadFilter) AND MappedReadFilter) AND NotSecondaryAlignmentReadFilter) AND NotDuplicateReadFilter) AND PassesVendorQualityCheckReadFilter) AND NonZeroReferenceLengthAlignmentReadFilter) AND GoodCigarReadFilter) AND WellformedReadFilter)
  304491 read(s) filtered by: (((((((MappingQualityReadFilter AND MappingQualityAvailableReadFilter) AND MappedReadFilter) AND NotSecondaryAlignmentReadFilter) AND NotDuplicateReadFilter) AND PassesVendorQualityCheckReadFilter) AND NonZeroReferenceLengthAlignmentReadFilter) AND GoodCigarReadFilter)
      304491 read(s) filtered by: ((((((MappingQualityReadFilter AND MappingQualityAvailableReadFilter) AND MappedReadFilter) AND NotSecondaryAlignmentReadFilter) AND NotDuplicateReadFilter) AND PassesVendorQualityCheckReadFilter) AND NonZeroReferenceLengthAlignmentReadFilter)
          304491 read(s) filtered by: (((((MappingQualityReadFilter AND MappingQualityAvailableReadFilter) AND MappedReadFilter) AND NotSecondaryAlignmentReadFilter) AND NotDuplicateReadFilter) AND PassesVendorQualityCheckReadFilter)
              304491 read(s) filtered by: ((((MappingQualityReadFilter AND MappingQualityAvailableReadFilter) AND MappedReadFilter) AND NotSecondaryAlignmentReadFilter) AND NotDuplicateReadFilter)
                  242 read(s) filtered by: (((MappingQualityReadFilter AND MappingQualityAvailableReadFilter) AND MappedReadFilter) AND NotSecondaryAlignmentReadFilter)
                      242 read(s) filtered by: ((MappingQualityReadFilter AND MappingQualityAvailableReadFilter) AND MappedReadFilter)
                          242 read(s) filtered by: (MappingQualityReadFilter AND MappingQualityAvailableReadFilter)
                              242 read(s) filtered by: MappingQualityReadFilter 
                  304249 read(s) filtered by: NotDuplicateReadFilter 

15:11:17.691 INFO  ProgressMeter -           SpMBP10:83              0.1                    27            204.4
15:11:17.692 INFO  ProgressMeter - Traversal complete. Processed 27 total regions in 0.1 minutes.
15:11:17.732 INFO  VectorLoglessPairHMM - Time spent in setup for JNI call : 0.073399752
15:11:17.733 INFO  PairHMM - Total compute time in PairHMM computeLogLikelihoods() : 0.210740371
15:11:17.733 INFO  SmithWatermanAligner - Total compute time in java Smith-Waterman : 0.98 sec
15:11:17.733 INFO  HaplotypeCaller - Shutting down engine
[May 26, 2020 3:11:17 PM PDT] org.broadinstitute.hellbender.tools.walkers.haplotypecaller.HaplotypeCaller done. Elapsed time: 0.16 minutes.
Runtime.totalMemory()=2673868800
