Sourcing executables from speedseq.config ...
Aligning...
samblaster: Version 0.1.22
samblaster: Inputting from stdin
samblaster: Outputting to stdout
samblaster: Opening D7.6Oa5xZxArGE0/disc_pipe for write.
[M::bwa_idx_load_from_disk] read 0 ALT contigs
samblaster: Opening D7.6Oa5xZxArGE0/spl_pipe for write.
[M::process] read 68464 sequences (10000000 bp)...
[M::process] read 68458 sequences (10000247 bp)...
[M::mem_pestat] # candidate unique pairs for (FF, FR, RF, RR): (0, 33604, 0, 0)
[M::mem_pestat] skip orientation FF as there are not enough pairs
[M::mem_pestat] analyzing insert size distribution for orientation FR...
[M::mem_pestat] (25, 50, 75) percentile: (199, 200, 210)
[M::mem_pestat] low and high boundaries for computing mean and std.dev: (177, 232)
[M::mem_pestat] mean and std.dev: (201.37, 7.33)
[M::mem_pestat] low and high boundaries for proper pairs: (166, 243)
[M::mem_pestat] skip orientation RF as there are not enough pairs
[M::mem_pestat] skip orientation RR as there are not enough pairs
[M::mem_process_seqs] Processed 68464 reads in 5.654 CPU sec, 5.440 real sec
samblaster: Loaded 12 header sequence entries.
[M::process] read 68424 sequences (10000232 bp)...
[M::mem_pestat] # candidate unique pairs for (FF, FR, RF, RR): (0, 33617, 0, 0)
[M::mem_pestat] skip orientation FF as there are not enough pairs
[M::mem_pestat] analyzing insert size distribution for orientation FR...
[M::mem_pestat] (25, 50, 75) percentile: (199, 200, 210)
[M::mem_pestat] low and high boundaries for computing mean and std.dev: (177, 232)
[M::mem_pestat] mean and std.dev: (201.22, 7.44)
[M::mem_pestat] low and high boundaries for proper pairs: (166, 243)
[M::mem_pestat] skip orientation RF as there are not enough pairs
[M::mem_pestat] skip orientation RR as there are not enough pairs
[M::mem_process_seqs] Processed 68458 reads in 6.125 CPU sec, 5.852 real sec
[M::process] read 54584 sequences (7981594 bp)...
[M::mem_pestat] # candidate unique pairs for (FF, FR, RF, RR): (0, 33679, 0, 0)
[M::mem_pestat] skip orientation FF as there are not enough pairs
[M::mem_pestat] analyzing insert size distribution for orientation FR...
[M::mem_pestat] (25, 50, 75) percentile: (199, 200, 210)
[M::mem_pestat] low and high boundaries for computing mean and std.dev: (177, 232)
[M::mem_pestat] mean and std.dev: (201.39, 7.35)
[M::mem_pestat] low and high boundaries for proper pairs: (166, 243)
[M::mem_pestat] skip orientation RF as there are not enough pairs
[M::mem_pestat] skip orientation RR as there are not enough pairs
[M::mem_process_seqs] Processed 68424 reads in 5.974 CPU sec, 5.708 real sec
[M::mem_pestat] # candidate unique pairs for (FF, FR, RF, RR): (0, 26895, 0, 0)
[M::mem_pestat] skip orientation FF as there are not enough pairs
[M::mem_pestat] analyzing insert size distribution for orientation FR...
[M::mem_pestat] (25, 50, 75) percentile: (199, 200, 210)
[M::mem_pestat] low and high boundaries for computing mean and std.dev: (177, 232)
[M::mem_pestat] mean and std.dev: (201.36, 7.32)
[M::mem_pestat] low and high boundaries for proper pairs: (166, 243)
[M::mem_pestat] skip orientation RF as there are not enough pairs
[M::mem_pestat] skip orientation RR as there are not enough pairs
[M::mem_process_seqs] Processed 54584 reads in 4.434 CPU sec, 4.339 real sec
[main] Version: 0.7.12-r1039
samblaster: Output 47 discordant read pairs to D7.6Oa5xZxArGE0/disc_pipe
[main] CMD:samblaster: Output 0 split reads to D7.6Oa5xZxArGE0/spl_pipe
 /opt/linux/centos/7.x/x86_64/pkgs/bwa/0.7.12/bin/bwa mem -t 1 -R @RG\tID:D7\tSM:D7\tLB:Lib\ References.fasta ExternalData/Pooled/Stacks/D7.1.fq.gz ExternalData/Pooled/Stacks/D7.2.fq.gzsamblaster: Marked 129183 of 129965 (99.40%) read ids as duplicates using 1344k memory in 
[main] Real time: 21.806 sec; CPU: 22.407 sec
0.530S CPU seconds and 22S wall time.
Done
Using GATK jar /bigdata/operations/pkgadmin/opt/linux/centos/7.x/x86_64/pkgs/gatk/4.0.8.1/gatk-package-4.0.8.1-local.jar
Running:
    java -Dsamjdk.use_async_io_read_samtools=false -Dsamjdk.use_async_io_write_samtools=true -Dsamjdk.use_async_io_write_tribble=false -Dsamjdk.compression_level=2 -jar /bigdata/operations/pkgadmin/opt/linux/centos/7.x/x86_64/pkgs/gatk/4.0.8.1/gatk-package-4.0.8.1-local.jar HaplotypeCaller -R References.fasta -I results/D7.bam -O results/D7.g.vcf -ERC GVCF
15:11:12.659 INFO  NativeLibraryLoader - Loading libgkl_compression.so from jar:file:/bigdata/operations/pkgadmin/opt/linux/centos/7.x/x86_64/pkgs/gatk/4.0.8.1/gatk-package-4.0.8.1-local.jar!/com/intel/gkl/native/libgkl_compression.so
15:11:13.001 INFO  HaplotypeCaller - ------------------------------------------------------------
15:11:13.003 INFO  HaplotypeCaller - The Genome Analysis Toolkit (GATK) v4.0.8.1
15:11:13.003 INFO  HaplotypeCaller - For support and documentation go to https://software.broadinstitute.org/gatk/
15:11:13.003 INFO  HaplotypeCaller - Executing as arajewski@i10 on Linux v3.10.0-957.el7.x86_64 amd64
15:11:13.003 INFO  HaplotypeCaller - Java runtime: Java HotSpot(TM) 64-Bit Server VM v1.8.0_45-b14
15:11:13.004 INFO  HaplotypeCaller - Start Date/Time: May 26, 2020 3:11:12 PM PDT
15:11:13.004 INFO  HaplotypeCaller - ------------------------------------------------------------
15:11:13.004 INFO  HaplotypeCaller - ------------------------------------------------------------
15:11:13.005 INFO  HaplotypeCaller - HTSJDK Version: 2.16.0
15:11:13.005 INFO  HaplotypeCaller - Picard Version: 2.18.7
15:11:13.005 INFO  HaplotypeCaller - HTSJDK Defaults.COMPRESSION_LEVEL : 2
15:11:13.005 INFO  HaplotypeCaller - HTSJDK Defaults.USE_ASYNC_IO_READ_FOR_SAMTOOLS : false
15:11:13.005 INFO  HaplotypeCaller - HTSJDK Defaults.USE_ASYNC_IO_WRITE_FOR_SAMTOOLS : true
15:11:13.005 INFO  HaplotypeCaller - HTSJDK Defaults.USE_ASYNC_IO_WRITE_FOR_TRIBBLE : false
15:11:13.005 INFO  HaplotypeCaller - Deflater: IntelDeflater
15:11:13.005 INFO  HaplotypeCaller - Inflater: IntelInflater
15:11:13.006 INFO  HaplotypeCaller - GCS max retries/reopens: 20
15:11:13.006 INFO  HaplotypeCaller - Using google-cloud-java fork https://github.com/broadinstitute/google-cloud-java/releases/tag/0.20.5-alpha-GCS-RETRY-FIX
15:11:13.006 INFO  HaplotypeCaller - Initializing engine
15:11:13.904 INFO  HaplotypeCaller - Done initializing engine
15:11:13.909 INFO  HaplotypeCallerEngine - Tool is in reference confidence mode and the annotation, the following changes will be made to any specified annotations: 'StrandBiasBySample' will be enabled. 'ChromosomeCounts', 'FisherStrand', 'StrandOddsRatio' and 'QualByDepth' annotations have been disabled
15:11:13.914 INFO  HaplotypeCallerEngine - Standard Emitting and Calling confidence set to 0.0 for reference-model confidence output
15:11:13.914 INFO  HaplotypeCallerEngine - All sites annotated with PLs forced to true for reference-model confidence output
15:11:13.933 INFO  NativeLibraryLoader - Loading libgkl_utils.so from jar:file:/bigdata/operations/pkgadmin/opt/linux/centos/7.x/x86_64/pkgs/gatk/4.0.8.1/gatk-package-4.0.8.1-local.jar!/com/intel/gkl/native/libgkl_utils.so
15:11:13.935 INFO  NativeLibraryLoader - Loading libgkl_pairhmm_omp.so from jar:file:/bigdata/operations/pkgadmin/opt/linux/centos/7.x/x86_64/pkgs/gatk/4.0.8.1/gatk-package-4.0.8.1-local.jar!/com/intel/gkl/native/libgkl_pairhmm_omp.so
15:11:13.977 WARN  IntelPairHmm - Flush-to-zero (FTZ) is enabled when running PairHMM
15:11:13.978 INFO  IntelPairHmm - Available threads: 2
15:11:13.978 INFO  IntelPairHmm - Requested threads: 4
15:11:13.978 WARN  IntelPairHmm - Using 2 available threads, but 4 were requested
15:11:13.978 INFO  PairHMM - Using the OpenMP multi-threaded AVX-accelerated native PairHMM implementation
15:11:14.045 INFO  ProgressMeter - Starting traversal
15:11:14.046 INFO  ProgressMeter -        Current Locus  Elapsed Minutes     Regions Processed   Regions/Minute
15:11:22.772 INFO  HaplotypeCaller - 258392 read(s) filtered by: ((((((((MappingQualityReadFilter AND MappingQualityAvailableReadFilter) AND MappedReadFilter) AND NotSecondaryAlignmentReadFilter) AND NotDuplicateReadFilter) AND PassesVendorQualityCheckReadFilter) AND NonZeroReferenceLengthAlignmentReadFilter) AND GoodCigarReadFilter) AND WellformedReadFilter)
  258392 read(s) filtered by: (((((((MappingQualityReadFilter AND MappingQualityAvailableReadFilter) AND MappedReadFilter) AND NotSecondaryAlignmentReadFilter) AND NotDuplicateReadFilter) AND PassesVendorQualityCheckReadFilter) AND NonZeroReferenceLengthAlignmentReadFilter) AND GoodCigarReadFilter)
      258392 read(s) filtered by: ((((((MappingQualityReadFilter AND MappingQualityAvailableReadFilter) AND MappedReadFilter) AND NotSecondaryAlignmentReadFilter) AND NotDuplicateReadFilter) AND PassesVendorQualityCheckReadFilter) AND NonZeroReferenceLengthAlignmentReadFilter)
          258392 read(s) filtered by: (((((MappingQualityReadFilter AND MappingQualityAvailableReadFilter) AND MappedReadFilter) AND NotSecondaryAlignmentReadFilter) AND NotDuplicateReadFilter) AND PassesVendorQualityCheckReadFilter)
              258392 read(s) filtered by: ((((MappingQualityReadFilter AND MappingQualityAvailableReadFilter) AND MappedReadFilter) AND NotSecondaryAlignmentReadFilter) AND NotDuplicateReadFilter)
                  721 read(s) filtered by: (((MappingQualityReadFilter AND MappingQualityAvailableReadFilter) AND MappedReadFilter) AND NotSecondaryAlignmentReadFilter)
                      721 read(s) filtered by: ((MappingQualityReadFilter AND MappingQualityAvailableReadFilter) AND MappedReadFilter)
                          721 read(s) filtered by: (MappingQualityReadFilter AND MappingQualityAvailableReadFilter)
                              721 read(s) filtered by: MappingQualityReadFilter 
                  257671 read(s) filtered by: NotDuplicateReadFilter 

15:11:22.772 INFO  ProgressMeter -           SpFUL2:297              0.1                    24            165.0
15:11:22.773 INFO  ProgressMeter - Traversal complete. Processed 24 total regions in 0.1 minutes.
15:11:22.798 INFO  VectorLoglessPairHMM - Time spent in setup for JNI call : 0.012728925
15:11:22.798 INFO  PairHMM - Total compute time in PairHMM computeLogLikelihoods() : 1.0977917700000002
15:11:22.798 INFO  SmithWatermanAligner - Total compute time in java Smith-Waterman : 1.25 sec
15:11:22.798 INFO  HaplotypeCaller - Shutting down engine
[May 26, 2020 3:11:22 PM PDT] org.broadinstitute.hellbender.tools.walkers.haplotypecaller.HaplotypeCaller done. Elapsed time: 0.17 minutes.
Runtime.totalMemory()=2654470144
