Sourcing executables from speedseq.config ...
Aligning...
samblaster: Version 0.1.22
samblaster: Inputting from stdin
samblaster: Outputting to stdout
samblaster: Opening C3.XwA8RbScXC9H/disc_pipe for write.
[M::bwa_idx_load_from_disk] read 0 ALT contigs
samblaster: Opening C3.XwA8RbScXC9H/spl_pipe for write.
[M::process] read 70604 sequences (10000048 bp)...
[M::process] read 70666 sequences (10000292 bp)...
[M::mem_pestat] # candidate unique pairs for (FF, FR, RF, RR): (0, 31597, 0, 0)
[M::mem_pestat] skip orientation FF as there are not enough pairs
[M::mem_pestat] analyzing insert size distribution for orientation FR...
[M::mem_pestat] (25, 50, 75) percentile: (189, 199, 210)
[M::mem_pestat] low and high boundaries for computing mean and std.dev: (147, 252)
[M::mem_pestat] mean and std.dev: (203.56, 13.81)
[M::mem_pestat] low and high boundaries for proper pairs: (126, 273)
[M::mem_pestat] skip orientation RF as there are not enough pairs
[M::mem_pestat] skip orientation RR as there are not enough pairs
[M::mem_process_seqs] Processed 70604 reads in 4.404 CPU sec, 4.309 real sec
samblaster: Loaded 12 header sequence entries.
[M::process] read 70642 sequences (10000038 bp)...
[M::mem_pestat] # candidate unique pairs for (FF, FR, RF, RR): (0, 31628, 0, 0)
[M::mem_pestat] skip orientation FF as there are not enough pairs
[M::mem_pestat] analyzing insert size distribution for orientation FR...
[M::mem_pestat] (25, 50, 75) percentile: (189, 199, 210)
[M::mem_pestat] low and high boundaries for computing mean and std.dev: (147, 252)
[M::mem_pestat] mean and std.dev: (203.64, 13.82)
[M::mem_pestat] low and high boundaries for proper pairs: (126, 273)
[M::mem_pestat] skip orientation RF as there are not enough pairs
[M::mem_pestat] skip orientation RR as there are not enough pairs
[M::mem_process_seqs] Processed 70666 reads in 4.922 CPU sec, 4.641 real sec
[M::process] read 70622 sequences (10000182 bp)...
[M::mem_pestat] # candidate unique pairs for (FF, FR, RF, RR): (0, 31668, 1, 0)
[M::mem_pestat] skip orientation FF as there are not enough pairs
[M::mem_pestat] analyzing insert size distribution for orientation FR...
[M::mem_pestat] (25, 50, 75) percentile: (189, 199, 210)
[M::mem_pestat] low and high boundaries for computing mean and std.dev: (147, 252)
[M::mem_pestat] mean and std.dev: (203.65, 13.74)
[M::mem_pestat] low and high boundaries for proper pairs: (126, 273)
[M::mem_pestat] skip orientation RF as there are not enough pairs
[M::mem_pestat] skip orientation RR as there are not enough pairs
[M::mem_process_seqs] Processed 70642 reads in 4.819 CPU sec, 4.637 real sec
[M::process] read 376 sequences (53433 bp)...
[M::mem_pestat] # candidate unique pairs for (FF, FR, RF, RR): (0, 31626, 0, 0)
[M::mem_pestat] skip orientation FF as there are not enough pairs
[M::mem_pestat] analyzing insert size distribution for orientation FR...
[M::mem_pestat] (25, 50, 75) percentile: (189, 199, 210)
[M::mem_pestat] low and high boundaries for computing mean and std.dev: (147, 252)
[M::mem_pestat] mean and std.dev: (203.82, 13.90)
[M::mem_pestat] low and high boundaries for proper pairs: (126, 273)
[M::mem_pestat] skip orientation RF as there are not enough pairs
[M::mem_pestat] skip orientation RR as there are not enough pairs
[M::mem_process_seqs] Processed 70622 reads in 4.581 CPU sec, 4.517 real sec
[M::mem_pestat] # candidate unique pairs for (FF, FR, RF, RR): (0, 172, 0, 0)
[M::mem_pestat] skip orientation FF as there are not enough pairs
[M::mem_pestat] analyzing insert size distribution for orientation FR...
[M::mem_pestat] (25, 50, 75) percentile: (189, 199, 210)
[M::mem_pestat] low and high boundaries for computing mean and std.dev: (147, 252)
[M::mem_pestat] mean and std.dev: (202.33, 13.96)
[M::mem_pestat] low and high boundaries for proper pairs: (126, 273)
[M::mem_pestat] skip orientation RF as there are not enough pairs
[M::mem_pestat] skip orientation RR as there are not enough pairs
[M::mem_process_seqs] Processed 376 reads in 0.048 CPU sec, 0.048 real sec
[main] Version: 0.7.12-r1039
[main] CMD: /opt/linux/centos/7.x/x86_64/pkgs/bwa/0.7.12/bin/bwa mem -t 1 -R @RG\tID:C3\tSM:C3\tLB:Lib\ References.fasta ExternalData/Flowcell_1304/Pooled/Stacks/C3.1.fq.gz ExternalData/Flowcell_1304/Pooled/Stacks/C3.2.fq.gz
[main] Real time: 18.720 sec; CPU: 18.996 sec
samblaster: Output 75 discordant read pairs to C3.XwA8RbScXC9H/disc_pipe
samblaster: Output 0 split reads to C3.XwA8RbScXC9H/spl_pipe
samblaster: Marked 140592 of 141455 (99.39%) read ids as duplicates using 1340k memory in 0.552S CPU seconds and 19S wall time.
Done
