Sourcing executables from speedseq.config ...
Aligning...
samblaster: Version 0.1.22
samblaster: Inputting from stdin
samblaster: Outputting to stdout
samblaster: Opening D9.w6PLyZL2RFkD/disc_pipe for write.
[M::bwa_idx_load_from_disk] read 0 ALT contigs
samblaster: Opening D9.w6PLyZL2RFkD/spl_pipe for write.
[M::process] read 68608 sequences (10000251 bp)...
[M::process] read 68568 sequences (10000285 bp)...
[M::mem_pestat] # candidate unique pairs for (FF, FR, RF, RR): (0, 33701, 0, 0)
[M::mem_pestat] skip orientation FF as there are not enough pairs
[M::mem_pestat] analyzing insert size distribution for orientation FR...
[M::mem_pestat] (25, 50, 75) percentile: (189, 200, 210)
[M::mem_pestat] low and high boundaries for computing mean and std.dev: (147, 252)
[M::mem_pestat] mean and std.dev: (199.55, 8.68)
[M::mem_pestat] low and high boundaries for proper pairs: (126, 273)
[M::mem_pestat] skip orientation RF as there are not enough pairs
[M::mem_pestat] skip orientation RR as there are not enough pairs
[M::mem_process_seqs] Processed 68608 reads in 5.630 CPU sec, 5.498 real sec
samblaster: Loaded 12 header sequence entries.
[M::process] read 68562 sequences (10000193 bp)...
[M::mem_pestat] # candidate unique pairs for (FF, FR, RF, RR): (0, 33704, 0, 0)
[M::mem_pestat] skip orientation FF as there are not enough pairs
[M::mem_pestat] analyzing insert size distribution for orientation FR...
[M::mem_pestat] (25, 50, 75) percentile: (189, 200, 210)
[M::mem_pestat] low and high boundaries for computing mean and std.dev: (147, 252)
[M::mem_pestat] mean and std.dev: (199.27, 8.89)
[M::mem_pestat] low and high boundaries for proper pairs: (126, 273)
[M::mem_pestat] skip orientation RF as there are not enough pairs
[M::mem_pestat] skip orientation RR as there are not enough pairs
[M::mem_process_seqs] Processed 68568 reads in 6.076 CPU sec, 5.795 real sec
[M::process] read 55050 sequences (8044138 bp)...
[M::mem_pestat] # candidate unique pairs for (FF, FR, RF, RR): (0, 33782, 1, 0)
[M::mem_pestat] skip orientation FF as there are not enough pairs
[M::mem_pestat] analyzing insert size distribution for orientation FR...
[M::mem_pestat] (25, 50, 75) percentile: (189, 200, 210)
[M::mem_pestat] low and high boundaries for computing mean and std.dev: (147, 252)
[M::mem_pestat] mean and std.dev: (199.46, 8.67)
[M::mem_pestat] low and high boundaries for proper pairs: (126, 273)
[M::mem_pestat] skip orientation RF as there are not enough pairs
[M::mem_pestat] skip orientation RR as there are not enough pairs
[M::mem_process_seqs] Processed 68562 reads in 5.958 CPU sec, 5.681 real sec
[M::mem_pestat] # candidate unique pairs for (FF, FR, RF, RR): (0, 27241, 0, 0)
[M::mem_pestat] skip orientation FF as there are not enough pairs
[M::mem_pestat] analyzing insert size distribution for orientation FR...
[M::mem_pestat] (25, 50, 75) percentile: (189, 200, 210)
[M::mem_pestat] low and high boundaries for computing mean and std.dev: (147, 252)
[M::mem_pestat] mean and std.dev: (199.70, 8.45)
[M::mem_pestat] low and high boundaries for proper pairs: (126, 273)
[M::mem_pestat] skip orientation RF as there are not enough pairs
[M::mem_pestat] skip orientation RR as there are not enough pairs
[M::mem_process_seqs] Processed 55050 reads in 4.436 CPU sec, 4.377 real sec
[main] Version: 0.7.12-r1039
samblaster: Output 66 discordant read pairs to D9.w6PLyZL2RFkD/disc_pipe
[main] CMD:samblaster: Output 12 split reads to D9.w6PLyZL2RFkD/spl_pipe
 /opt/linux/centos/7.x/x86_64/pkgs/bwa/0.7.12/bin/bwa mem -t 1 -R @RG\tID:D9\tSM:D9\tLB:Lib\ References.fasta ExternalData/Pooled/Stacks/D9.1.fq.gz ExternalData/Pooled/Stacks/D9.2.fq.gzsamblaster: Marked 129317 of 130394 (99.17%) read ids as duplicates
[main] Real time: 21.854 sec; CPU: 22.324 sec
 using 1344k memory in 0.510S CPU seconds and 22S wall time.
Done
Using GATK jar /bigdata/operations/pkgadmin/opt/linux/centos/7.x/x86_64/pkgs/gatk/4.0.8.1/gatk-package-4.0.8.1-local.jar
Running:
    java -Dsamjdk.use_async_io_read_samtools=false -Dsamjdk.use_async_io_write_samtools=true -Dsamjdk.use_async_io_write_tribble=false -Dsamjdk.compression_level=2 -jar /bigdata/operations/pkgadmin/opt/linux/centos/7.x/x86_64/pkgs/gatk/4.0.8.1/gatk-package-4.0.8.1-local.jar HaplotypeCaller -R References.fasta -I results/D9.bam -O results/D9.g.vcf -ERC GVCF
15:11:13.277 INFO  NativeLibraryLoader - Loading libgkl_compression.so from jar:file:/bigdata/operations/pkgadmin/opt/linux/centos/7.x/x86_64/pkgs/gatk/4.0.8.1/gatk-package-4.0.8.1-local.jar!/com/intel/gkl/native/libgkl_compression.so
15:11:14.503 INFO  HaplotypeCaller - ------------------------------------------------------------
15:11:14.505 INFO  HaplotypeCaller - The Genome Analysis Toolkit (GATK) v4.0.8.1
15:11:14.505 INFO  HaplotypeCaller - For support and documentation go to https://software.broadinstitute.org/gatk/
15:11:14.505 INFO  HaplotypeCaller - Executing as arajewski@i33 on Linux v3.10.0-957.el7.x86_64 amd64
15:11:14.506 INFO  HaplotypeCaller - Java runtime: Java HotSpot(TM) 64-Bit Server VM v1.8.0_45-b14
15:11:14.506 INFO  HaplotypeCaller - Start Date/Time: May 26, 2020 3:11:13 PM PDT
15:11:14.506 INFO  HaplotypeCaller - ------------------------------------------------------------
15:11:14.506 INFO  HaplotypeCaller - ------------------------------------------------------------
15:11:14.507 INFO  HaplotypeCaller - HTSJDK Version: 2.16.0
15:11:14.507 INFO  HaplotypeCaller - Picard Version: 2.18.7
15:11:14.507 INFO  HaplotypeCaller - HTSJDK Defaults.COMPRESSION_LEVEL : 2
15:11:14.507 INFO  HaplotypeCaller - HTSJDK Defaults.USE_ASYNC_IO_READ_FOR_SAMTOOLS : false
15:11:14.507 INFO  HaplotypeCaller - HTSJDK Defaults.USE_ASYNC_IO_WRITE_FOR_SAMTOOLS : true
15:11:14.507 INFO  HaplotypeCaller - HTSJDK Defaults.USE_ASYNC_IO_WRITE_FOR_TRIBBLE : false
15:11:14.507 INFO  HaplotypeCaller - Deflater: IntelDeflater
15:11:14.507 INFO  HaplotypeCaller - Inflater: IntelInflater
15:11:14.507 INFO  HaplotypeCaller - GCS max retries/reopens: 20
15:11:14.508 INFO  HaplotypeCaller - Using google-cloud-java fork https://github.com/broadinstitute/google-cloud-java/releases/tag/0.20.5-alpha-GCS-RETRY-FIX
15:11:14.508 INFO  HaplotypeCaller - Initializing engine
15:11:14.983 INFO  HaplotypeCaller - Done initializing engine
15:11:14.991 INFO  HaplotypeCallerEngine - Tool is in reference confidence mode and the annotation, the following changes will be made to any specified annotations: 'StrandBiasBySample' will be enabled. 'ChromosomeCounts', 'FisherStrand', 'StrandOddsRatio' and 'QualByDepth' annotations have been disabled
15:11:14.996 INFO  HaplotypeCallerEngine - Standard Emitting and Calling confidence set to 0.0 for reference-model confidence output
15:11:14.996 INFO  HaplotypeCallerEngine - All sites annotated with PLs forced to true for reference-model confidence output
15:11:15.012 INFO  NativeLibraryLoader - Loading libgkl_utils.so from jar:file:/bigdata/operations/pkgadmin/opt/linux/centos/7.x/x86_64/pkgs/gatk/4.0.8.1/gatk-package-4.0.8.1-local.jar!/com/intel/gkl/native/libgkl_utils.so
15:11:15.014 INFO  NativeLibraryLoader - Loading libgkl_pairhmm_omp.so from jar:file:/bigdata/operations/pkgadmin/opt/linux/centos/7.x/x86_64/pkgs/gatk/4.0.8.1/gatk-package-4.0.8.1-local.jar!/com/intel/gkl/native/libgkl_pairhmm_omp.so
15:11:15.057 WARN  IntelPairHmm - Flush-to-zero (FTZ) is enabled when running PairHMM
15:11:15.057 INFO  IntelPairHmm - Available threads: 2
15:11:15.057 INFO  IntelPairHmm - Requested threads: 4
15:11:15.057 WARN  IntelPairHmm - Using 2 available threads, but 4 were requested
15:11:15.057 INFO  PairHMM - Using the OpenMP multi-threaded AVX-accelerated native PairHMM implementation
15:11:15.141 INFO  ProgressMeter - Starting traversal
15:11:15.142 INFO  ProgressMeter -        Current Locus  Elapsed Minutes     Regions Processed   Regions/Minute
15:11:28.417 INFO  ProgressMeter -            NoMBP10:1              0.2                    10             45.2
15:11:28.665 INFO  HaplotypeCaller - 258677 read(s) filtered by: ((((((((MappingQualityReadFilter AND MappingQualityAvailableReadFilter) AND MappedReadFilter) AND NotSecondaryAlignmentReadFilter) AND NotDuplicateReadFilter) AND PassesVendorQualityCheckReadFilter) AND NonZeroReferenceLengthAlignmentReadFilter) AND GoodCigarReadFilter) AND WellformedReadFilter)
  258677 read(s) filtered by: (((((((MappingQualityReadFilter AND MappingQualityAvailableReadFilter) AND MappedReadFilter) AND NotSecondaryAlignmentReadFilter) AND NotDuplicateReadFilter) AND PassesVendorQualityCheckReadFilter) AND NonZeroReferenceLengthAlignmentReadFilter) AND GoodCigarReadFilter)
      258677 read(s) filtered by: ((((((MappingQualityReadFilter AND MappingQualityAvailableReadFilter) AND MappedReadFilter) AND NotSecondaryAlignmentReadFilter) AND NotDuplicateReadFilter) AND PassesVendorQualityCheckReadFilter) AND NonZeroReferenceLengthAlignmentReadFilter)
          258677 read(s) filtered by: (((((MappingQualityReadFilter AND MappingQualityAvailableReadFilter) AND MappedReadFilter) AND NotSecondaryAlignmentReadFilter) AND NotDuplicateReadFilter) AND PassesVendorQualityCheckReadFilter)
              258677 read(s) filtered by: ((((MappingQualityReadFilter AND MappingQualityAvailableReadFilter) AND MappedReadFilter) AND NotSecondaryAlignmentReadFilter) AND NotDuplicateReadFilter)
                  644 read(s) filtered by: (((MappingQualityReadFilter AND MappingQualityAvailableReadFilter) AND MappedReadFilter) AND NotSecondaryAlignmentReadFilter)
                      644 read(s) filtered by: ((MappingQualityReadFilter AND MappingQualityAvailableReadFilter) AND MappedReadFilter)
                          644 read(s) filtered by: (MappingQualityReadFilter AND MappingQualityAvailableReadFilter)
                              644 read(s) filtered by: MappingQualityReadFilter 
                  258033 read(s) filtered by: NotDuplicateReadFilter 

15:11:28.665 INFO  ProgressMeter -            SpMBP10:1              0.2                    28            124.2
15:11:28.665 INFO  ProgressMeter - Traversal complete. Processed 28 total regions in 0.2 minutes.
15:11:28.686 INFO  VectorLoglessPairHMM - Time spent in setup for JNI call : 0.020058469000000002
15:11:28.686 INFO  PairHMM - Total compute time in PairHMM computeLogLikelihoods() : 3.755668865
15:11:28.687 INFO  SmithWatermanAligner - Total compute time in java Smith-Waterman : 2.58 sec
15:11:28.687 INFO  HaplotypeCaller - Shutting down engine
[May 26, 2020 3:11:28 PM PDT] org.broadinstitute.hellbender.tools.walkers.haplotypecaller.HaplotypeCaller done. Elapsed time: 0.26 minutes.
Runtime.totalMemory()=2722103296
