Sourcing executables from speedseq.config ...
Aligning...
samblaster: Version 0.1.22
samblaster: Inputting from stdin
samblaster: Outputting to stdout
samblaster: Opening C2.nH7fwlsDVnZn/disc_pipe for write.
samblaster: Opening C2.nH7fwlsDVnZn/spl_pipe for write.
[M::bwa_idx_load_from_disk] read 0 ALT contigs
[M::process] read 70824 sequences (10000166 bp)...
[M::process] read 70816 sequences (10000211 bp)...
[M::mem_pestat] # candidate unique pairs for (FF, FR, RF, RR): (0, 35004, 1, 0)
[M::mem_pestat] skip orientation FF as there are not enough pairs
[M::mem_pestat] analyzing insert size distribution for orientation FR...
[M::mem_pestat] (25, 50, 75) percentile: (189, 200, 200)
[M::mem_pestat] low and high boundaries for computing mean and std.dev: (167, 222)
[M::mem_pestat] mean and std.dev: (199.25, 7.06)
[M::mem_pestat] low and high boundaries for proper pairs: (156, 233)
[M::mem_pestat] skip orientation RF as there are not enough pairs
[M::mem_pestat] skip orientation RR as there are not enough pairs
[M::mem_process_seqs] Processed 70824 reads in 4.367 CPU sec, 4.148 real sec
samblaster: Loaded 12 header sequence entries.
[M::process] read 70800 sequences (10000158 bp)...
[M::mem_pestat] # candidate unique pairs for (FF, FR, RF, RR): (0, 35002, 0, 0)
[M::mem_pestat] skip orientation FF as there are not enough pairs
[M::mem_pestat] analyzing insert size distribution for orientation FR...
[M::mem_pestat] (25, 50, 75) percentile: (189, 200, 200)
[M::mem_pestat] low and high boundaries for computing mean and std.dev: (167, 222)
[M::mem_pestat] mean and std.dev: (199.09, 7.16)
[M::mem_pestat] low and high boundaries for proper pairs: (156, 233)
[M::mem_pestat] skip orientation RF as there are not enough pairs
[M::mem_pestat] skip orientation RR as there are not enough pairs
[M::mem_process_seqs] Processed 70816 reads in 4.839 CPU sec, 4.657 real sec
[M::process] read 70826 sequences (10000045 bp)...
[M::mem_pestat] # candidate unique pairs for (FF, FR, RF, RR): (0, 35028, 0, 0)
[M::mem_pestat] skip orientation FF as there are not enough pairs
[M::mem_pestat] analyzing insert size distribution for orientation FR...
[M::mem_pestat] (25, 50, 75) percentile: (189, 200, 200)
[M::mem_pestat] low and high boundaries for computing mean and std.dev: (167, 222)
[M::mem_pestat] mean and std.dev: (199.08, 7.17)
[M::mem_pestat] low and high boundaries for proper pairs: (156, 233)
[M::mem_pestat] skip orientation RF as there are not enough pairs
[M::mem_pestat] skip orientation RR as there are not enough pairs
[M::mem_process_seqs] Processed 70800 reads in 4.758 CPU sec, 4.517 real sec
[M::process] read 37924 sequences (5359920 bp)...
[M::mem_pestat] # candidate unique pairs for (FF, FR, RF, RR): (0, 35116, 0, 0)
[M::mem_pestat] skip orientation FF as there are not enough pairs
[M::mem_pestat] analyzing insert size distribution for orientation FR...
[M::mem_pestat] (25, 50, 75) percentile: (189, 200, 200)
[M::mem_pestat] low and high boundaries for computing mean and std.dev: (167, 222)
[M::mem_pestat] mean and std.dev: (199.29, 7.03)
[M::mem_pestat] low and high boundaries for proper pairs: (156, 233)
[M::mem_pestat] skip orientation RF as there are not enough pairs
[M::mem_pestat] skip orientation RR as there are not enough pairs
[M::mem_process_seqs] Processed 70826 reads in 4.298 CPU sec, 4.135 real sec
[M::mem_pestat] # candidate unique pairs for (FF, FR, RF, RR): (0, 18806, 0, 0)
[M::mem_pestat] skip orientation FF as there are not enough pairs
[M::mem_pestat] analyzing insert size distribution for orientation FR...
[M::mem_pestat] (25, 50, 75) percentile: (189, 200, 200)
[M::mem_pestat] low and high boundaries for computing mean and std.dev: (167, 222)
[M::mem_pestat] mean and std.dev: (199.20, 7.08)
[M::mem_pestat] low and high boundaries for proper pairs: (156, 233)
[M::mem_pestat] skip orientation RF as there are not enough pairs
[M::mem_pestat] skip orientation RR as there are not enough pairs
[M::mem_process_seqs] Processed 37924 reads in 2.416 CPU sec, 2.342 real sec
[main] Version: 0.7.12-r1039
[main] CMD: /opt/linux/centos/7.x/x86_64/pkgs/bwa/0.7.12/bin/bwa mem -t 1 -R @RG\tID:C2\tSM:C2\tLB:Lib\ References.fasta ExternalData/Pooled/Stacks/C2.1.fq.gz ExternalData/Pooled/Stacks/C2.2.fq.gz
[main] Real time: 20.214 sec; CPU: 20.878 sec
samblaster: Output 139 discordant read pairs to C2.nH7fwlsDVnZn/disc_pipe
samblaster: Output 48 split reads to C2.nH7fwlsDVnZn/spl_pipe
samblaster: Marked 159622 of 160595 (99.39%) read ids as duplicates using 1344k memory in 0.650S CPU seconds and 21S wall time.
Done
Using GATK jar /bigdata/operations/pkgadmin/opt/linux/centos/7.x/x86_64/pkgs/gatk/4.0.8.1/gatk-package-4.0.8.1-local.jar
Running:
    java -Dsamjdk.use_async_io_read_samtools=false -Dsamjdk.use_async_io_write_samtools=true -Dsamjdk.use_async_io_write_tribble=false -Dsamjdk.compression_level=2 -jar /bigdata/operations/pkgadmin/opt/linux/centos/7.x/x86_64/pkgs/gatk/4.0.8.1/gatk-package-4.0.8.1-local.jar HaplotypeCaller -R References.fasta -I results/C2.bam -O results/C2.g.vcf -ERC GVCF
15:11:12.104 INFO  NativeLibraryLoader - Loading libgkl_compression.so from jar:file:/bigdata/operations/pkgadmin/opt/linux/centos/7.x/x86_64/pkgs/gatk/4.0.8.1/gatk-package-4.0.8.1-local.jar!/com/intel/gkl/native/libgkl_compression.so
15:11:12.494 INFO  HaplotypeCaller - ------------------------------------------------------------
15:11:12.496 INFO  HaplotypeCaller - The Genome Analysis Toolkit (GATK) v4.0.8.1
15:11:12.496 INFO  HaplotypeCaller - For support and documentation go to https://software.broadinstitute.org/gatk/
15:11:12.497 INFO  HaplotypeCaller - Executing as arajewski@i05 on Linux v3.10.0-957.el7.x86_64 amd64
15:11:12.497 INFO  HaplotypeCaller - Java runtime: Java HotSpot(TM) 64-Bit Server VM v1.8.0_45-b14
15:11:12.497 INFO  HaplotypeCaller - Start Date/Time: May 26, 2020 3:11:12 PM PDT
15:11:12.497 INFO  HaplotypeCaller - ------------------------------------------------------------
15:11:12.497 INFO  HaplotypeCaller - ------------------------------------------------------------
15:11:12.498 INFO  HaplotypeCaller - HTSJDK Version: 2.16.0
15:11:12.498 INFO  HaplotypeCaller - Picard Version: 2.18.7
15:11:12.498 INFO  HaplotypeCaller - HTSJDK Defaults.COMPRESSION_LEVEL : 2
15:11:12.498 INFO  HaplotypeCaller - HTSJDK Defaults.USE_ASYNC_IO_READ_FOR_SAMTOOLS : false
15:11:12.498 INFO  HaplotypeCaller - HTSJDK Defaults.USE_ASYNC_IO_WRITE_FOR_SAMTOOLS : true
15:11:12.498 INFO  HaplotypeCaller - HTSJDK Defaults.USE_ASYNC_IO_WRITE_FOR_TRIBBLE : false
15:11:12.498 INFO  HaplotypeCaller - Deflater: IntelDeflater
15:11:12.499 INFO  HaplotypeCaller - Inflater: IntelInflater
15:11:12.499 INFO  HaplotypeCaller - GCS max retries/reopens: 20
15:11:12.499 INFO  HaplotypeCaller - Using google-cloud-java fork https://github.com/broadinstitute/google-cloud-java/releases/tag/0.20.5-alpha-GCS-RETRY-FIX
15:11:12.499 INFO  HaplotypeCaller - Initializing engine
15:11:13.487 INFO  HaplotypeCaller - Done initializing engine
15:11:13.498 INFO  HaplotypeCallerEngine - Tool is in reference confidence mode and the annotation, the following changes will be made to any specified annotations: 'StrandBiasBySample' will be enabled. 'ChromosomeCounts', 'FisherStrand', 'StrandOddsRatio' and 'QualByDepth' annotations have been disabled
15:11:13.504 INFO  HaplotypeCallerEngine - Standard Emitting and Calling confidence set to 0.0 for reference-model confidence output
15:11:13.504 INFO  HaplotypeCallerEngine - All sites annotated with PLs forced to true for reference-model confidence output
15:11:13.525 INFO  NativeLibraryLoader - Loading libgkl_utils.so from jar:file:/bigdata/operations/pkgadmin/opt/linux/centos/7.x/x86_64/pkgs/gatk/4.0.8.1/gatk-package-4.0.8.1-local.jar!/com/intel/gkl/native/libgkl_utils.so
15:11:13.528 INFO  NativeLibraryLoader - Loading libgkl_pairhmm_omp.so from jar:file:/bigdata/operations/pkgadmin/opt/linux/centos/7.x/x86_64/pkgs/gatk/4.0.8.1/gatk-package-4.0.8.1-local.jar!/com/intel/gkl/native/libgkl_pairhmm_omp.so
15:11:13.570 WARN  IntelPairHmm - Flush-to-zero (FTZ) is enabled when running PairHMM
15:11:13.571 INFO  IntelPairHmm - Available threads: 2
15:11:13.571 INFO  IntelPairHmm - Requested threads: 4
15:11:13.571 WARN  IntelPairHmm - Using 2 available threads, but 4 were requested
15:11:13.572 INFO  PairHMM - Using the OpenMP multi-threaded AVX-accelerated native PairHMM implementation
15:11:13.649 INFO  ProgressMeter - Starting traversal
15:11:13.650 INFO  ProgressMeter -        Current Locus  Elapsed Minutes     Regions Processed   Regions/Minute
15:11:26.071 INFO  ProgressMeter -            SpMBP10:1              0.2                    20             96.6
15:11:31.445 INFO  HaplotypeCaller - 319319 read(s) filtered by: ((((((((MappingQualityReadFilter AND MappingQualityAvailableReadFilter) AND MappedReadFilter) AND NotSecondaryAlignmentReadFilter) AND NotDuplicateReadFilter) AND PassesVendorQualityCheckReadFilter) AND NonZeroReferenceLengthAlignmentReadFilter) AND GoodCigarReadFilter) AND WellformedReadFilter)
  319319 read(s) filtered by: (((((((MappingQualityReadFilter AND MappingQualityAvailableReadFilter) AND MappedReadFilter) AND NotSecondaryAlignmentReadFilter) AND NotDuplicateReadFilter) AND PassesVendorQualityCheckReadFilter) AND NonZeroReferenceLengthAlignmentReadFilter) AND GoodCigarReadFilter)
      319319 read(s) filtered by: ((((((MappingQualityReadFilter AND MappingQualityAvailableReadFilter) AND MappedReadFilter) AND NotSecondaryAlignmentReadFilter) AND NotDuplicateReadFilter) AND PassesVendorQualityCheckReadFilter) AND NonZeroReferenceLengthAlignmentReadFilter)
          319319 read(s) filtered by: (((((MappingQualityReadFilter AND MappingQualityAvailableReadFilter) AND MappedReadFilter) AND NotSecondaryAlignmentReadFilter) AND NotDuplicateReadFilter) AND PassesVendorQualityCheckReadFilter)
              319319 read(s) filtered by: ((((MappingQualityReadFilter AND MappingQualityAvailableReadFilter) AND MappedReadFilter) AND NotSecondaryAlignmentReadFilter) AND NotDuplicateReadFilter)
                  497 read(s) filtered by: (((MappingQualityReadFilter AND MappingQualityAvailableReadFilter) AND MappedReadFilter) AND NotSecondaryAlignmentReadFilter)
                      497 read(s) filtered by: ((MappingQualityReadFilter AND MappingQualityAvailableReadFilter) AND MappedReadFilter)
                          497 read(s) filtered by: (MappingQualityReadFilter AND MappingQualityAvailableReadFilter)
                              497 read(s) filtered by: MappingQualityReadFilter 
                  318822 read(s) filtered by: NotDuplicateReadFilter 

15:11:31.446 INFO  ProgressMeter -            SpMBP10:1              0.3                    28             94.4
15:11:31.446 INFO  ProgressMeter - Traversal complete. Processed 28 total regions in 0.3 minutes.
15:11:31.467 INFO  VectorLoglessPairHMM - Time spent in setup for JNI call : 0.008611097
15:11:31.468 INFO  PairHMM - Total compute time in PairHMM computeLogLikelihoods() : 2.6492944730000003
15:11:31.468 INFO  SmithWatermanAligner - Total compute time in java Smith-Waterman : 3.23 sec
15:11:31.468 INFO  HaplotypeCaller - Shutting down engine
[May 26, 2020 3:11:31 PM PDT] org.broadinstitute.hellbender.tools.walkers.haplotypecaller.HaplotypeCaller done. Elapsed time: 0.32 minutes.
Runtime.totalMemory()=2822766592
