Sourcing executables from speedseq.config ...
Aligning...
samblaster: Version 0.1.22
samblaster: Inputting from stdin
samblaster: Outputting to stdout
samblaster: Opening E8.XExxg63ANB9H/disc_pipe for write.
[M::bwa_idx_load_from_disk] read 0 ALT contigs
samblaster: Opening E8.XExxg63ANB9H/spl_pipe for write.
[M::process] read 70680 sequences (10000077 bp)...
[M::process] read 70756 sequences (10000111 bp)...
[M::mem_pestat] # candidate unique pairs for (FF, FR, RF, RR): (0, 33186, 1, 0)
[M::mem_pestat] skip orientation FF as there are not enough pairs
[M::mem_pestat] analyzing insert size distribution for orientation FR...
[M::mem_pestat] (25, 50, 75) percentile: (189, 199, 210)
[M::mem_pestat] low and high boundaries for computing mean and std.dev: (147, 252)
[M::mem_pestat] mean and std.dev: (199.31, 11.96)
[M::mem_pestat] low and high boundaries for proper pairs: (126, 273)
[M::mem_pestat] skip orientation RF as there are not enough pairs
[M::mem_pestat] skip orientation RR as there are not enough pairs
[M::mem_process_seqs] Processed 70680 reads in 4.764 CPU sec, 4.574 real sec
samblaster: Loaded 12 header sequence entries.
[M::process] read 12378 sequences (1749627 bp)...
[M::mem_pestat] # candidate unique pairs for (FF, FR, RF, RR): (0, 33288, 0, 0)
[M::mem_pestat] skip orientation FF as there are not enough pairs
[M::mem_pestat] analyzing insert size distribution for orientation FR...
[M::mem_pestat] (25, 50, 75) percentile: (189, 199, 210)
[M::mem_pestat] low and high boundaries for computing mean and std.dev: (147, 252)
[M::mem_pestat] mean and std.dev: (199.45, 12.04)
[M::mem_pestat] low and high boundaries for proper pairs: (126, 273)
[M::mem_pestat] skip orientation RF as there are not enough pairs
[M::mem_pestat] skip orientation RR as there are not enough pairs
[M::mem_process_seqs] Processed 70756 reads in 4.876 CPU sec, 4.869 real sec
[M::mem_pestat] # candidate unique pairs for (FF, FR, RF, RR): (0, 5814, 0, 0)
[M::mem_pestat] skip orientation FF as there are not enough pairs
[M::mem_pestat] analyzing insert size distribution for orientation FR...
[M::mem_pestat] (25, 50, 75) percentile: (189, 199, 210)
[M::mem_pestat] low and high boundaries for computing mean and std.dev: (147, 252)
[M::mem_pestat] mean and std.dev: (199.56, 12.04)
[M::mem_pestat] low and high boundaries for proper pairs: (126, 273)
[M::mem_pestat] skip orientation RF as there are not enough pairs
[M::mem_pestat] skip orientation RR as there are not enough pairs
[M::mem_process_seqs] Processed 12378 reads in 1.115 CPU sec, 1.120 real sec
[main] Version: 0.7.12-r1039
[main] CMD: /opt/linux/centos/7.x/x86_64/pkgs/bwa/0.7.12/bin/bwa mem -t 1 -R @RG\tID:E8\tSM:E8\tLB:Lib\ References.fasta ExternalData/Flowcell_1304/Pooled/Stacks/E8.1.fq.gz ExternalData/Flowcell_1304/Pooled/Stacks/E8.2.fq.gz
[main] Real time: 10.780 sec; CPU: 10.915 sec
samblaster: Output 57 discordant read pairs to E8.XExxg63ANB9H/disc_pipe
samblaster: Output 0 split reads to E8.XExxg63ANB9H/spl_pipe
samblaster: Marked 76364 of 76907 (99.29%) read ids as duplicates using 1344k memory in 0.300S CPU seconds and 11S wall time.
Done
