Thu Aug 29 13:22:20 PDT 2019: Parsing already complete
Thu Aug 29 13:22:20 PDT 2019: Beginning RAxML estimation.

RAxML-NG v. 0.9.0 released on 20.05.2019 by The Exelixis Lab.
Developed by: Alexey M. Kozlov and Alexandros Stamatakis.
Contributors: Diego Darriba, Tomas Flouri, Benoit Morel, Sarah Lutteropp, Ben Bettisworth.
Latest version: https://github.com/amkozlov/raxml-ng
Questions/problems/suggestions? Please visit: https://groups.google.com/forum/#!forum/raxml

RAxML-NG was called at 29-Aug-2019 13:22:20 as follows:

raxml-ng --all --tree pars{25},rand{25} --msa ../Plastid_NoMissing_matK.phy --prefix ./Plastid_NoMissing_matK.phy --model GTR+G+I --outgroup P.edulis --seed 121787 --blopt nr_safe

Analysis options:
  run mode: ML tree search + bootstrapping (Felsenstein Bootstrap)
  start tree(s): random (25) + parsimony (25)
  bootstrap replicates: max: 1000 + bootstopping (autoMRE, cutoff: 0.030000)
  random seed: 121787
  tip-inner: OFF
  pattern compression: ON
  per-rate scalers: OFF
  site repeats: ON
  branch lengths: proportional (ML estimate, algorithm: NR-SAFE)
  SIMD kernels: AVX2
  parallelization: PTHREADS (32 threads), thread pinning: OFF

WARNING: The model you specified on the command line (GTR+G+I) will be ignored 
         since the binary MSA file already contains a model definition.
         If you want to change the model, please re-run RAxML-NG 
         with the original PHYLIP/FASTA alignment and --redo option.

[00:00:00] Loading binary alignment from file: ./Plastid_NoMissing_matK.phy.raxml.rba
[00:00:00] Alignment comprises 81 taxa, 1 partitions and 7 patterns

Partition 0: noname
Model: GTR+FO+I+G4m
Alignment sites / patterns: 796 / 7
Gaps: 0.00 %
Invariant sites: 99.62 %



WARNING: You might be using too many threads (32) for your alignment with 7 unique patterns.
NOTE:    For the optimal throughput, please consider using fewer threads 
NOTE:    and parallelize across starting trees/bootstrap replicates.
NOTE:    As a general rule-of-thumb, please assign at least 200-1000 alignment patterns per thread.


ERROR: Too few patterns per thread! RAxML-NG will terminate now to avoid wasting resources.
NOTE:  Please reduce the number of threads (see guidelines above).
NOTE:  This check can be disabled with the '--force' option.

/var/spool/slurmd/job07078/slurm_script: line 40: --threads: command not found
JobId=7078 JobName=6b_RAxML.sh
   UserId=arajewski(3080) GroupId=littlab(1144) MCS_label=N/A
   Priority=3645738 Nice=0 Account=littlab QOS=normal
   JobState=RUNNING Reason=None Dependency=(null)
   Requeue=1 Restarts=0 BatchFlag=1 Reboot=0 ExitCode=0:0
   RunTime=00:00:01 TimeLimit=04:00:00 TimeMin=N/A
   SubmitTime=2019-08-29T13:22:19 EligibleTime=2019-08-29T13:22:19
   AccrueTime=2019-08-29T13:22:19
   StartTime=2019-08-29T13:22:19 EndTime=2019-08-29T17:22:19 Deadline=N/A
   SuspendTime=None SecsPreSuspend=0 LastSchedEval=2019-08-29T13:22:19
   Partition=intel AllocNode:Sid=pelican.ib.hpcc.ucr.edu:27372
   ReqNodeList=(null) ExcNodeList=(null)
   NodeList=i21
   BatchHost=i21
   NumNodes=1 NumCPUs=2 NumTasks=1 CPUs/Task=1 ReqB:S:C:T=0:0:*:*
   TRES=cpu=2,mem=8G,node=1,billing=4
   Socks/Node=* NtasksPerN:B:S:C=0:0:*:* CoreSpec=*
   MinCPUsNode=1 MinMemoryCPU=4G MinTmpDiskNode=0
   Features=(null) DelayBoot=00:00:00
   OverSubscribe=OK Contiguous=0 Licenses=(null) Network=(null)
   Command=/bigdata/littlab/arajewski/Arundinaria/phylo/6b_RAxML.sh
   WorkDir=/bigdata/littlab/arajewski/Arundinaria/phylo
   StdErr=/bigdata/littlab/arajewski/Arundinaria/phylo/../history/RAxML-7078.out
   StdIn=/dev/null
   StdOut=/bigdata/littlab/arajewski/Arundinaria/phylo/../history/RAxML-7078.out
   Power=

