Thu Aug 22 16:34:15 PDT 2019: Estimating time to completion.

RAxML-NG v. 0.9.0 released on 20.05.2019 by The Exelixis Lab.
Developed by: Alexey M. Kozlov and Alexandros Stamatakis.
Contributors: Diego Darriba, Tomas Flouri, Benoit Morel, Sarah Lutteropp, Ben Bettisworth.
Latest version: https://github.com/amkozlov/raxml-ng
Questions/problems/suggestions? Please visit: https://groups.google.com/forum/#!forum/raxml

RAxML-NG was called at 22-Aug-2019 16:34:17 as follows:

raxml-ng --parse --msa ../TESTconcatenated.phy --model ../partition.TESTJimmyConcatenated.txt --prefix ./TESTconcatenated.phy

Analysis options:
  run mode: Alignment parsing and compression
  start tree(s): 
  random seed: 1566516857
  tip-inner: OFF
  pattern compression: ON
  per-rate scalers: OFF
  site repeats: ON
  branch lengths: proportional (ML estimate, algorithm: NR-FAST)
  SIMD kernels: AVX2
  parallelization: PTHREADS (32 threads), thread pinning: OFF

[00:00:05] Reading alignment from file: ../TESTconcatenated.phy
[00:00:05] Loaded alignment with 77 taxa and 5054 sites

Alignment comprises 5 partitions and 412 patterns

Partition 0: LFY
Model: GTR+FO+I+G4m+B
Alignment sites / patterns: 875 / 85
Gaps: 4.10 %
Invariant sites: 90.97 %

Partition 1: WXY
Model: GTR+FO+I+G4m+B
Alignment sites / patterns: 1318 / 47
Gaps: 7.90 %
Invariant sites: 97.34 %

Partition 2: matK
Model: GTR+FO+I+G4m+B
Alignment sites / patterns: 899 / 48
Gaps: 1.58 %
Invariant sites: 97.44 %

Partition 3: psaA
Model: GTR+FO+I+G4m+B
Alignment sites / patterns: 1015 / 123
Gaps: 5.88 %
Invariant sites: 93.60 %

Partition 4: rpl32
Model: GTR+FO+I+G4m+B
Alignment sites / patterns: 947 / 109
Gaps: 10.38 %
Invariant sites: 95.67 %


NOTE: Binary MSA file created: ./TESTconcatenated.phy.raxml.rba

* Estimated memory requirements                : 8 MB

* Recommended number of threads / MPI processes: 2

Please note that numbers given above are rough estimates only. 
Actual memory consumption and parallel performance on your system may differ!

Alignment can be successfully read by RAxML-NG.


Execution log saved to: /bigdata/littlab/arajewski/Arundinaria/phylo/concatenated/GTRGI/TESTconcatenated.phy.raxml.log

Analysis started: 22-Aug-2019 16:34:17 / finished: 22-Aug-2019 16:34:23

Elapsed time: 5.344 seconds

Thu Aug 22 16:34:23 PDT 2019: Done.
Thu Aug 22 16:34:23 PDT 2019: Beginning RAxML estimation.

RAxML-NG v. 0.9.0 released on 20.05.2019 by The Exelixis Lab.
Developed by: Alexey M. Kozlov and Alexandros Stamatakis.
Contributors: Diego Darriba, Tomas Flouri, Benoit Morel, Sarah Lutteropp, Ben Bettisworth.
Latest version: https://github.com/amkozlov/raxml-ng
Questions/problems/suggestions? Please visit: https://groups.google.com/forum/#!forum/raxml

RAxML-NG was called at 22-Aug-2019 16:34:23 as follows:

raxml-ng --all --tree pars{25},rand{25} --msa ../TESTconcatenated.phy --prefix ./TESTconcatenated.phy.partitioned --model ../partition.TESTJimmyConcatenated.txt --outgroup P._edulis --seed 121787 --threads 2 --blopt nr_safe

Analysis options:
  run mode: ML tree search + bootstrapping (Felsenstein Bootstrap)
  start tree(s): random (25) + parsimony (25)
  bootstrap replicates: max: 1000 + bootstopping (autoMRE, cutoff: 0.030000)
  random seed: 121787
  tip-inner: OFF
  pattern compression: ON
  per-rate scalers: OFF
  site repeats: ON
  branch lengths: proportional (ML estimate, algorithm: NR-SAFE)
  SIMD kernels: AVX2
  parallelization: PTHREADS (2 threads), thread pinning: OFF

[00:00:00] Reading alignment from file: ../TESTconcatenated.phy
[00:00:00] Loaded alignment with 77 taxa and 5054 sites

Alignment comprises 5 partitions and 412 patterns

Partition 0: LFY
Model: GTR+FO+I+G4m+B
Alignment sites / patterns: 875 / 85
Gaps: 4.10 %
Invariant sites: 90.97 %

Partition 1: WXY
Model: GTR+FO+I+G4m+B
Alignment sites / patterns: 1318 / 47
Gaps: 7.90 %
Invariant sites: 97.34 %

Partition 2: matK
Model: GTR+FO+I+G4m+B
Alignment sites / patterns: 899 / 48
Gaps: 1.58 %
Invariant sites: 97.44 %

Partition 3: psaA
Model: GTR+FO+I+G4m+B
Alignment sites / patterns: 1015 / 123
Gaps: 5.88 %
Invariant sites: 93.60 %

Partition 4: rpl32
Model: GTR+FO+I+G4m+B
Alignment sites / patterns: 947 / 109
Gaps: 10.38 %
Invariant sites: 95.67 %


NOTE: Binary MSA file created: ./TESTconcatenated.phy.partitioned.raxml.rba

[00:00:00] Generating 25 random starting tree(s) with 77 taxa
[00:00:00] Generating 25 parsimony starting tree(s) with 77 taxa
[00:00:00] Data distribution: max. partitions/sites/weight per thread: 3 / 206 / 3296

Starting ML tree search with 50 distinct starting trees

[00:00:48] ML tree search #1, logLikelihood: -8898.277311
[00:01:11] ML tree search #2, logLikelihood: -8900.045429
[00:01:40] ML tree search #3, logLikelihood: -8898.854442
[00:02:04] ML tree search #4, logLikelihood: -8903.282753
[00:02:40] ML tree search #5, logLikelihood: -8875.405417
[00:03:20] ML tree search #6, logLikelihood: -8871.155730
[00:03:47] ML tree search #7, logLikelihood: -8881.390273
[00:04:32] ML tree search #8, logLikelihood: -8899.010495
[00:05:52] ML tree search #9, logLikelihood: -8896.198683
[00:06:25] ML tree search #10, logLikelihood: -8883.702339
[00:06:44] ML tree search #11, logLikelihood: -8879.716927
[00:07:02] ML tree search #12, logLikelihood: -8879.833413
[00:07:23] ML tree search #13, logLikelihood: -8878.532713
[00:07:53] ML tree search #14, logLikelihood: -8889.386159
[00:08:20] ML tree search #15, logLikelihood: -8871.471403
[00:09:30] ML tree search #16, logLikelihood: -8872.895869
[00:09:55] ML tree search #17, logLikelihood: -8902.528630
[00:10:31] ML tree search #18, logLikelihood: -8907.233632
[00:11:05] ML tree search #19, logLikelihood: -8884.277894
[00:11:31] ML tree search #20, logLikelihood: -8903.177715
[00:12:02] ML tree search #21, logLikelihood: -8878.692987
[00:12:40] ML tree search #22, logLikelihood: -8886.982335
[00:13:00] ML tree search #23, logLikelihood: -8902.021509
[00:13:35] ML tree search #24, logLikelihood: -8890.956902
[00:14:05] ML tree search #25, logLikelihood: -8869.887514
[00:14:19] ML tree search #26, logLikelihood: -8896.462322
[00:14:34] ML tree search #27, logLikelihood: -8872.920512
[00:14:54] ML tree search #28, logLikelihood: -8888.156710
[00:15:16] ML tree search #29, logLikelihood: -8887.635397
[00:15:35] ML tree search #30, logLikelihood: -8904.698850
[00:15:50] ML tree search #31, logLikelihood: -8903.794859
[00:16:13] ML tree search #32, logLikelihood: -8916.964210
[00:16:31] ML tree search #33, logLikelihood: -8891.300941
[00:16:49] ML tree search #34, logLikelihood: -8900.986694
[00:17:21] ML tree search #35, logLikelihood: -8902.002508
[00:17:37] ML tree search #36, logLikelihood: -8882.525211
[00:18:22] ML tree search #37, logLikelihood: -8892.000344
[00:18:46] ML tree search #38, logLikelihood: -8901.312727
[00:19:15] ML tree search #39, logLikelihood: -8892.978560
[00:19:30] ML tree search #40, logLikelihood: -8890.273090
[00:19:45] ML tree search #41, logLikelihood: -8897.203458
[00:20:08] ML tree search #42, logLikelihood: -8893.421856
[00:20:27] ML tree search #43, logLikelihood: -8914.512395
[00:21:06] ML tree search #44, logLikelihood: -8906.189458
[00:21:49] ML tree search #45, logLikelihood: -8896.948365
[00:22:02] ML tree search #46, logLikelihood: -8904.072105
[00:22:42] ML tree search #47, logLikelihood: -8904.402199
[00:23:13] ML tree search #48, logLikelihood: -8864.715302
[00:23:45] ML tree search #49, logLikelihood: -8866.753480
[00:24:32] ML tree search #50, logLikelihood: -8871.678141

[00:24:32] ML tree search completed, best tree logLH: -8864.715302

[00:24:32] Starting bootstrapping analysis with 1000 replicates.

[00:25:12] Bootstrap tree #1, logLikelihood: -8732.271077
[00:25:31] Bootstrap tree #2, logLikelihood: -8820.850854
[00:26:08] Bootstrap tree #3, logLikelihood: -8960.460623
[00:26:35] Bootstrap tree #4, logLikelihood: -8896.212194
[00:26:54] Bootstrap tree #5, logLikelihood: -8822.623300
[00:27:14] Bootstrap tree #6, logLikelihood: -8904.649944
[00:27:42] Bootstrap tree #7, logLikelihood: -8633.660729
[00:28:08] Bootstrap tree #8, logLikelihood: -9054.674330
[00:28:25] Bootstrap tree #9, logLikelihood: -8931.189455
[00:29:00] Bootstrap tree #10, logLikelihood: -8782.194872
[00:29:25] Bootstrap tree #11, logLikelihood: -8730.511075
[00:29:42] Bootstrap tree #12, logLikelihood: -8803.016477
[00:29:58] Bootstrap tree #13, logLikelihood: -8631.261328
[00:30:15] Bootstrap tree #14, logLikelihood: -8586.573067
[00:30:35] Bootstrap tree #15, logLikelihood: -8818.655220
[00:30:50] Bootstrap tree #16, logLikelihood: -8710.755154
[00:31:24] Bootstrap tree #17, logLikelihood: -8831.871399
[00:31:43] Bootstrap tree #18, logLikelihood: -8850.173702
[00:32:10] Bootstrap tree #19, logLikelihood: -8607.262968
[00:33:12] Bootstrap tree #20, logLikelihood: -8844.927080
[00:33:37] Bootstrap tree #21, logLikelihood: -8877.304181
[00:34:37] Bootstrap tree #22, logLikelihood: -8615.828615
[00:35:04] Bootstrap tree #23, logLikelihood: -8752.977803
[00:35:20] Bootstrap tree #24, logLikelihood: -8882.134058
[00:35:50] Bootstrap tree #25, logLikelihood: -8528.181324
[00:36:17] Bootstrap tree #26, logLikelihood: -8644.505693
[00:36:32] Bootstrap tree #27, logLikelihood: -8935.032242
[00:36:57] Bootstrap tree #28, logLikelihood: -8602.750998
[00:37:57] Bootstrap tree #29, logLikelihood: -8953.416088
[00:38:46] Bootstrap tree #30, logLikelihood: -8993.041606
[00:39:23] Bootstrap tree #31, logLikelihood: -8690.871266
[00:39:47] Bootstrap tree #32, logLikelihood: -8815.600595
[00:40:20] Bootstrap tree #33, logLikelihood: -8654.356465
[00:40:34] Bootstrap tree #34, logLikelihood: -8604.237528
[00:41:07] Bootstrap tree #35, logLikelihood: -8827.756007
[00:41:33] Bootstrap tree #36, logLikelihood: -8631.564568
[00:42:01] Bootstrap tree #37, logLikelihood: -8815.932577
[00:42:34] Bootstrap tree #38, logLikelihood: -8810.672285
[00:43:03] Bootstrap tree #39, logLikelihood: -8672.527833
[00:43:42] Bootstrap tree #40, logLikelihood: -8993.534649
[00:44:34] Bootstrap tree #41, logLikelihood: -8765.691385
[00:44:56] Bootstrap tree #42, logLikelihood: -8671.394719
[00:45:50] Bootstrap tree #43, logLikelihood: -8770.847364
[00:46:09] Bootstrap tree #44, logLikelihood: -8668.137431
[00:46:35] Bootstrap tree #45, logLikelihood: -8872.487385
[00:46:51] Bootstrap tree #46, logLikelihood: -8626.235497
[00:47:32] Bootstrap tree #47, logLikelihood: -8438.043285
[00:47:57] Bootstrap tree #48, logLikelihood: -8469.380766
[00:48:16] Bootstrap tree #49, logLikelihood: -8587.665539
[00:49:13] Bootstrap tree #50, logLikelihood: -8684.809207
[00:49:44] Bootstrap tree #51, logLikelihood: -8786.734055
[00:50:12] Bootstrap tree #52, logLikelihood: -8602.574988
[00:50:58] Bootstrap tree #53, logLikelihood: -8720.652216
[00:51:37] Bootstrap tree #54, logLikelihood: -8769.498421
[00:52:00] Bootstrap tree #55, logLikelihood: -8676.900727
[00:52:41] Bootstrap tree #56, logLikelihood: -8551.574352
[00:53:16] Bootstrap tree #57, logLikelihood: -8742.365508
[00:53:42] Bootstrap tree #58, logLikelihood: -8781.575425
[00:54:17] Bootstrap tree #59, logLikelihood: -8906.611287
[00:54:40] Bootstrap tree #60, logLikelihood: -8567.213915
[00:55:23] Bootstrap tree #61, logLikelihood: -8753.079514
[00:55:55] Bootstrap tree #62, logLikelihood: -8619.803942
[00:56:53] Bootstrap tree #63, logLikelihood: -8607.941381
[00:57:21] Bootstrap tree #64, logLikelihood: -8657.439395
[00:57:37] Bootstrap tree #65, logLikelihood: -8802.031381
[00:58:11] Bootstrap tree #66, logLikelihood: -8644.175976
[00:58:38] Bootstrap tree #67, logLikelihood: -8770.753249
[00:59:11] Bootstrap tree #68, logLikelihood: -8808.370602
[00:59:43] Bootstrap tree #69, logLikelihood: -8763.719420
[01:00:09] Bootstrap tree #70, logLikelihood: -9091.483687
[01:00:41] Bootstrap tree #71, logLikelihood: -8840.797321
[01:01:27] Bootstrap tree #72, logLikelihood: -9053.009049
[01:01:56] Bootstrap tree #73, logLikelihood: -9052.059675
[01:02:32] Bootstrap tree #74, logLikelihood: -9232.194360
[01:03:04] Bootstrap tree #75, logLikelihood: -9070.851028
[01:03:40] Bootstrap tree #76, logLikelihood: -8583.585238
[01:04:19] Bootstrap tree #77, logLikelihood: -8682.887170
[01:04:51] Bootstrap tree #78, logLikelihood: -8378.709376
[01:05:17] Bootstrap tree #79, logLikelihood: -8812.621362
[01:05:33] Bootstrap tree #80, logLikelihood: -8687.782275
[01:05:51] Bootstrap tree #81, logLikelihood: -8933.430315
[01:06:25] Bootstrap tree #82, logLikelihood: -8764.083529
[01:06:47] Bootstrap tree #83, logLikelihood: -8659.942162
[01:07:41] Bootstrap tree #84, logLikelihood: -8765.335104
[01:08:25] Bootstrap tree #85, logLikelihood: -8615.985159
[01:08:49] Bootstrap tree #86, logLikelihood: -8387.041776
[01:09:13] Bootstrap tree #87, logLikelihood: -9245.604087
[01:09:44] Bootstrap tree #88, logLikelihood: -8944.455937
[01:09:58] Bootstrap tree #89, logLikelihood: -8984.022730
[01:10:26] Bootstrap tree #90, logLikelihood: -8821.980965
[01:11:12] Bootstrap tree #91, logLikelihood: -9181.132598
[01:11:48] Bootstrap tree #92, logLikelihood: -8749.879156
[01:12:08] Bootstrap tree #93, logLikelihood: -8862.903055
[01:12:31] Bootstrap tree #94, logLikelihood: -8913.470642
[01:12:49] Bootstrap tree #95, logLikelihood: -8696.395996
[01:13:17] Bootstrap tree #96, logLikelihood: -8704.336828
[01:13:33] Bootstrap tree #97, logLikelihood: -8458.732901
[01:13:53] Bootstrap tree #98, logLikelihood: -8820.173108
[01:14:16] Bootstrap tree #99, logLikelihood: -8732.871192
[01:14:46] Bootstrap tree #100, logLikelihood: -8704.631242
[01:15:25] Bootstrap tree #101, logLikelihood: -8691.669824
[01:15:54] Bootstrap tree #102, logLikelihood: -8547.793405
[01:16:20] Bootstrap tree #103, logLikelihood: -8561.586123
[01:16:45] Bootstrap tree #104, logLikelihood: -8414.019015
[01:17:13] Bootstrap tree #105, logLikelihood: -8533.869701
[01:17:31] Bootstrap tree #106, logLikelihood: -8803.650637
[01:17:47] Bootstrap tree #107, logLikelihood: -8902.738235
[01:18:09] Bootstrap tree #108, logLikelihood: -8732.300363
[01:18:40] Bootstrap tree #109, logLikelihood: -8905.305227
[01:19:06] Bootstrap tree #110, logLikelihood: -8628.471596
[01:19:23] Bootstrap tree #111, logLikelihood: -8785.951461
[01:19:57] Bootstrap tree #112, logLikelihood: -8976.434675
[01:20:43] Bootstrap tree #113, logLikelihood: -8841.183411
[01:21:09] Bootstrap tree #114, logLikelihood: -8759.693976
[01:21:27] Bootstrap tree #115, logLikelihood: -8662.925810
[01:22:11] Bootstrap tree #116, logLikelihood: -8888.314600
[01:22:33] Bootstrap tree #117, logLikelihood: -8994.607873
[01:23:09] Bootstrap tree #118, logLikelihood: -9048.716853
[01:23:39] Bootstrap tree #119, logLikelihood: -8650.086845
[01:24:05] Bootstrap tree #120, logLikelihood: -8584.407754
[01:24:30] Bootstrap tree #121, logLikelihood: -9234.146269
[01:25:10] Bootstrap tree #122, logLikelihood: -8759.941819
[01:25:33] Bootstrap tree #123, logLikelihood: -8756.683811
[01:26:09] Bootstrap tree #124, logLikelihood: -8928.520865
[01:26:32] Bootstrap tree #125, logLikelihood: -8795.965567
[01:26:59] Bootstrap tree #126, logLikelihood: -8464.662188
[01:27:21] Bootstrap tree #127, logLikelihood: -8703.595552
[01:27:53] Bootstrap tree #128, logLikelihood: -8720.443208
[01:28:25] Bootstrap tree #129, logLikelihood: -9036.682169
[01:28:54] Bootstrap tree #130, logLikelihood: -8623.775407
[01:29:20] Bootstrap tree #131, logLikelihood: -8415.771783
[01:29:44] Bootstrap tree #132, logLikelihood: -8554.670914
[01:30:00] Bootstrap tree #133, logLikelihood: -8385.190457
[01:30:28] Bootstrap tree #134, logLikelihood: -8534.974563
[01:30:53] Bootstrap tree #135, logLikelihood: -8725.810329
[01:31:09] Bootstrap tree #136, logLikelihood: -9089.141181
[01:31:45] Bootstrap tree #137, logLikelihood: -8728.091149
[01:32:14] Bootstrap tree #138, logLikelihood: -8579.992001
[01:32:53] Bootstrap tree #139, logLikelihood: -8784.046658
[01:33:27] Bootstrap tree #140, logLikelihood: -8861.552868
[01:34:04] Bootstrap tree #141, logLikelihood: -8902.114144
[01:34:26] Bootstrap tree #142, logLikelihood: -9017.907759
[01:34:50] Bootstrap tree #143, logLikelihood: -8835.923397
[01:35:14] Bootstrap tree #144, logLikelihood: -8872.151560
[01:35:29] Bootstrap tree #145, logLikelihood: -8634.418691
[01:36:01] Bootstrap tree #146, logLikelihood: -8887.387252
[01:36:29] Bootstrap tree #147, logLikelihood: -8546.896445
[01:36:46] Bootstrap tree #148, logLikelihood: -8655.980784
[01:37:24] Bootstrap tree #149, logLikelihood: -8834.499356
[01:37:58] Bootstrap tree #150, logLikelihood: -8546.225211
[01:38:26] Bootstrap tree #151, logLikelihood: -8502.105979
[01:38:43] Bootstrap tree #152, logLikelihood: -8879.752649
[01:39:10] Bootstrap tree #153, logLikelihood: -8592.182527
[01:39:29] Bootstrap tree #154, logLikelihood: -8725.206304
[01:39:53] Bootstrap tree #155, logLikelihood: -8891.103522
[01:40:36] Bootstrap tree #156, logLikelihood: -8594.849577
[01:41:08] Bootstrap tree #157, logLikelihood: -8495.492623
[01:41:35] Bootstrap tree #158, logLikelihood: -8483.575555
[01:42:07] Bootstrap tree #159, logLikelihood: -8992.423474
[01:42:45] Bootstrap tree #160, logLikelihood: -8736.508209
[01:43:10] Bootstrap tree #161, logLikelihood: -8716.393278
[01:44:08] Bootstrap tree #162, logLikelihood: -8842.598937
[01:44:26] Bootstrap tree #163, logLikelihood: -8603.019285
[01:44:46] Bootstrap tree #164, logLikelihood: -8787.942682
[01:45:21] Bootstrap tree #165, logLikelihood: -8890.639375
[01:45:51] Bootstrap tree #166, logLikelihood: -9008.873035
[01:46:07] Bootstrap tree #167, logLikelihood: -8529.593546
[01:47:02] Bootstrap tree #168, logLikelihood: -8413.170790
[01:47:37] Bootstrap tree #169, logLikelihood: -8593.679099
[01:48:20] Bootstrap tree #170, logLikelihood: -8731.874470
[01:48:40] Bootstrap tree #171, logLikelihood: -8810.416178
[01:49:02] Bootstrap tree #172, logLikelihood: -8728.358307
[01:49:25] Bootstrap tree #173, logLikelihood: -8994.537923
[01:49:41] Bootstrap tree #174, logLikelihood: -8708.870398
[01:50:00] Bootstrap tree #175, logLikelihood: -8859.345661
[01:50:36] Bootstrap tree #176, logLikelihood: -8712.868116
[01:51:05] Bootstrap tree #177, logLikelihood: -8631.798441
[01:51:33] Bootstrap tree #178, logLikelihood: -8649.620847
[01:52:14] Bootstrap tree #179, logLikelihood: -8804.057786
[01:52:42] Bootstrap tree #180, logLikelihood: -8484.908949
[01:53:38] Bootstrap tree #181, logLikelihood: -8860.976926
[01:53:55] Bootstrap tree #182, logLikelihood: -8805.093417
[01:54:46] Bootstrap tree #183, logLikelihood: -8529.839477
[01:55:24] Bootstrap tree #184, logLikelihood: -8729.416284
[01:55:51] Bootstrap tree #185, logLikelihood: -8521.435597
[01:56:29] Bootstrap tree #186, logLikelihood: -8735.069236
[01:56:46] Bootstrap tree #187, logLikelihood: -8537.346177
[01:57:22] Bootstrap tree #188, logLikelihood: -8698.575431
[01:57:46] Bootstrap tree #189, logLikelihood: -8756.078101
[01:58:09] Bootstrap tree #190, logLikelihood: -9001.692438
[01:59:09] Bootstrap tree #191, logLikelihood: -8813.093959
[01:59:26] Bootstrap tree #192, logLikelihood: -8704.752764
[01:59:55] Bootstrap tree #193, logLikelihood: -9133.930249
[02:00:23] Bootstrap tree #194, logLikelihood: -8850.435451
[02:00:51] Bootstrap tree #195, logLikelihood: -8474.981026
[02:01:36] Bootstrap tree #196, logLikelihood: -8897.222984
[02:02:03] Bootstrap tree #197, logLikelihood: -8598.683086
[02:02:38] Bootstrap tree #198, logLikelihood: -8612.274727
[02:02:55] Bootstrap tree #199, logLikelihood: -8848.447346
[02:03:44] Bootstrap tree #200, logLikelihood: -8824.611342
[02:04:26] Bootstrap tree #201, logLikelihood: -8556.078447
[02:04:51] Bootstrap tree #202, logLikelihood: -8707.432500
[02:05:12] Bootstrap tree #203, logLikelihood: -8850.454641
[02:05:34] Bootstrap tree #204, logLikelihood: -8635.703555
[02:05:51] Bootstrap tree #205, logLikelihood: -8842.743883
[02:06:13] Bootstrap tree #206, logLikelihood: -8762.129088
[02:06:35] Bootstrap tree #207, logLikelihood: -8618.000677
[02:07:58] Bootstrap tree #208, logLikelihood: -8969.541979
[02:08:16] Bootstrap tree #209, logLikelihood: -8984.547668
[02:08:38] Bootstrap tree #210, logLikelihood: -8630.186522
[02:09:08] Bootstrap tree #211, logLikelihood: -9274.271148
[02:09:24] Bootstrap tree #212, logLikelihood: -8818.790729
[02:10:00] Bootstrap tree #213, logLikelihood: -8989.334159
[02:10:59] Bootstrap tree #214, logLikelihood: -8524.533970
[02:11:43] Bootstrap tree #215, logLikelihood: -8765.206985
[02:12:07] Bootstrap tree #216, logLikelihood: -8881.105409
[02:12:22] Bootstrap tree #217, logLikelihood: -8844.722339
[02:12:54] Bootstrap tree #218, logLikelihood: -8754.906695
[02:13:12] Bootstrap tree #219, logLikelihood: -8927.917706
[02:13:45] Bootstrap tree #220, logLikelihood: -8825.714569
[02:14:23] Bootstrap tree #221, logLikelihood: -8807.929289
[02:14:47] Bootstrap tree #222, logLikelihood: -8807.726139
[02:15:17] Bootstrap tree #223, logLikelihood: -8607.791631
[02:15:33] Bootstrap tree #224, logLikelihood: -8681.373634
[02:16:06] Bootstrap tree #225, logLikelihood: -8671.606826
[02:16:32] Bootstrap tree #226, logLikelihood: -8798.952069
[02:16:59] Bootstrap tree #227, logLikelihood: -8878.547480
[02:17:32] Bootstrap tree #228, logLikelihood: -8502.302782
[02:18:16] Bootstrap tree #229, logLikelihood: -8766.689171
[02:18:34] Bootstrap tree #230, logLikelihood: -8521.721435
[02:19:10] Bootstrap tree #231, logLikelihood: -8998.067685
[02:19:38] Bootstrap tree #232, logLikelihood: -8738.785077
[02:20:09] Bootstrap tree #233, logLikelihood: -8688.224327
[02:20:40] Bootstrap tree #234, logLikelihood: -8785.361739
[02:21:10] Bootstrap tree #235, logLikelihood: -8819.858424
[02:21:30] Bootstrap tree #236, logLikelihood: -8746.729285
[02:22:04] Bootstrap tree #237, logLikelihood: -8850.608691
slurmstepd-i01: error: *** JOB 5684273 ON i01 CANCELLED AT 2019-08-22T18:56:59 ***
