Thu Aug 22 15:56:19 PDT 2019: Estimating time to completion.

RAxML-NG v. 0.9.0 released on 20.05.2019 by The Exelixis Lab.
Developed by: Alexey M. Kozlov and Alexandros Stamatakis.
Contributors: Diego Darriba, Tomas Flouri, Benoit Morel, Sarah Lutteropp, Ben Bettisworth.
Latest version: https://github.com/amkozlov/raxml-ng
Questions/problems/suggestions? Please visit: https://groups.google.com/forum/#!forum/raxml

RAxML-NG was called at 22-Aug-2019 15:56:19 as follows:

raxml-ng --parse --msa ../TESTJimmyConcatenated.phy --model ../partition.TESTJimmyConcatenated.txt --prefix ./TESTJimmyConcatenated.phy

Analysis options:
  run mode: Alignment parsing and compression
  start tree(s): 
  random seed: 1566514579
  tip-inner: OFF
  pattern compression: ON
  per-rate scalers: OFF
  site repeats: ON
  branch lengths: proportional (ML estimate, algorithm: NR-FAST)
  SIMD kernels: AVX2
  parallelization: PTHREADS (32 threads), thread pinning: OFF

[00:00:00] Reading alignment from file: ../TESTJimmyConcatenated.phy
[00:00:00] Loaded alignment with 43 taxa and 5054 sites

Alignment comprises 5 partitions and 332 patterns

Partition 0: LFY
Model: GTR+FO+I+G4m+B
Alignment sites / patterns: 875 / 84
Gaps: 7.34 %
Invariant sites: 90.97 %

Partition 1: WXY
Model: GTR+FO+I+G4m+B
Alignment sites / patterns: 1318 / 47
Gaps: 7.84 %
Invariant sites: 97.34 %

Partition 2: matK
Model: GTR+FO+I+G4m+B
Alignment sites / patterns: 899 / 31
Gaps: 0.27 %
Invariant sites: 98.22 %

Partition 3: psaA
Model: GTR+FO+I+G4m+B
Alignment sites / patterns: 1015 / 85
Gaps: 6.33 %
Invariant sites: 96.85 %

Partition 4: rpl32
Model: GTR+FO+I+G4m+B
Alignment sites / patterns: 947 / 85
Gaps: 14.46 %
Invariant sites: 96.62 %


NOTE: Binary MSA file created: ./TESTJimmyConcatenated.phy.raxml.rba

* Estimated memory requirements                : 4 MB

* Recommended number of threads / MPI processes: 1

Please note that numbers given above are rough estimates only. 
Actual memory consumption and parallel performance on your system may differ!

Alignment can be successfully read by RAxML-NG.


Execution log saved to: /bigdata/littlab/arajewski/Arundinaria/phylo/concatenated/GTRGI/TESTJimmyConcatenated.phy.raxml.log

Analysis started: 22-Aug-2019 15:56:19 / finished: 22-Aug-2019 15:56:19

Elapsed time: 0.097 seconds

Thu Aug 22 15:56:19 PDT 2019: Done.
Thu Aug 22 15:56:19 PDT 2019: Beginning RAxML estimation.

RAxML-NG v. 0.9.0 released on 20.05.2019 by The Exelixis Lab.
Developed by: Alexey M. Kozlov and Alexandros Stamatakis.
Contributors: Diego Darriba, Tomas Flouri, Benoit Morel, Sarah Lutteropp, Ben Bettisworth.
Latest version: https://github.com/amkozlov/raxml-ng
Questions/problems/suggestions? Please visit: https://groups.google.com/forum/#!forum/raxml

RAxML-NG was called at 22-Aug-2019 15:56:19 as follows:

raxml-ng --all --tree pars{25},rand{25} --msa ../TESTJimmyConcatenated.phy --prefix ./TESTJimmyConcatenated.phy.partitioned --model ../partition.TESTJimmyConcatenated.txt --outgroup P._edulis --seed 121787 --threads 1 --blopt nr_safe

Analysis options:
  run mode: ML tree search + bootstrapping (Felsenstein Bootstrap)
  start tree(s): random (25) + parsimony (25)
  bootstrap replicates: max: 1000 + bootstopping (autoMRE, cutoff: 0.030000)
  random seed: 121787
  tip-inner: OFF
  pattern compression: ON
  per-rate scalers: OFF
  site repeats: ON
  branch lengths: proportional (ML estimate, algorithm: NR-SAFE)
  SIMD kernels: AVX2
  parallelization: NONE/sequential

[00:00:00] Reading alignment from file: ../TESTJimmyConcatenated.phy
[00:00:00] Loaded alignment with 43 taxa and 5054 sites

Alignment comprises 5 partitions and 332 patterns

Partition 0: LFY
Model: GTR+FO+I+G4m+B
Alignment sites / patterns: 875 / 84
Gaps: 7.34 %
Invariant sites: 90.97 %

Partition 1: WXY
Model: GTR+FO+I+G4m+B
Alignment sites / patterns: 1318 / 47
Gaps: 7.84 %
Invariant sites: 97.34 %

Partition 2: matK
Model: GTR+FO+I+G4m+B
Alignment sites / patterns: 899 / 31
Gaps: 0.27 %
Invariant sites: 98.22 %

Partition 3: psaA
Model: GTR+FO+I+G4m+B
Alignment sites / patterns: 1015 / 85
Gaps: 6.33 %
Invariant sites: 96.85 %

Partition 4: rpl32
Model: GTR+FO+I+G4m+B
Alignment sites / patterns: 947 / 85
Gaps: 14.46 %
Invariant sites: 96.62 %


NOTE: Binary MSA file created: ./TESTJimmyConcatenated.phy.partitioned.raxml.rba

[00:00:00] Generating 25 random starting tree(s) with 43 taxa
[00:00:00] Generating 25 parsimony starting tree(s) with 43 taxa
[00:00:00] Data distribution: max. partitions/sites/weight per thread: 5 / 332 / 5312

Starting ML tree search with 50 distinct starting trees

[00:00:08] ML tree search #1, logLikelihood: -8301.388231
[00:00:20] ML tree search #2, logLikelihood: -8303.847381
[00:00:37] ML tree search #3, logLikelihood: -8298.972756
[00:00:46] ML tree search #4, logLikelihood: -8295.933519
[00:00:56] ML tree search #5, logLikelihood: -8292.930032
[00:01:12] ML tree search #6, logLikelihood: -8303.778324
[00:01:32] ML tree search #7, logLikelihood: -8309.068327
[00:01:48] ML tree search #8, logLikelihood: -8296.525519
[00:02:06] ML tree search #9, logLikelihood: -8282.468635
[00:02:20] ML tree search #10, logLikelihood: -8312.253552
[00:02:37] ML tree search #11, logLikelihood: -8300.503620
[00:02:56] ML tree search #12, logLikelihood: -8296.987931
[00:03:14] ML tree search #13, logLikelihood: -8315.838955
[00:03:31] ML tree search #14, logLikelihood: -8316.108815
[00:03:41] ML tree search #15, logLikelihood: -8301.061315
[00:03:59] ML tree search #16, logLikelihood: -8294.952160
[00:04:21] ML tree search #17, logLikelihood: -8300.551711
[00:04:36] ML tree search #18, logLikelihood: -8303.238339
[00:04:50] ML tree search #19, logLikelihood: -8300.653311
[00:05:01] ML tree search #20, logLikelihood: -8293.897939
[00:05:17] ML tree search #21, logLikelihood: -8285.087179
[00:05:34] ML tree search #22, logLikelihood: -8285.326265
[00:05:50] ML tree search #23, logLikelihood: -8303.509103
[00:06:15] ML tree search #24, logLikelihood: -8281.676597
[00:06:35] ML tree search #25, logLikelihood: -8294.545102
[00:06:48] ML tree search #26, logLikelihood: -8300.730107
[00:06:57] ML tree search #27, logLikelihood: -8301.461123
[00:07:11] ML tree search #28, logLikelihood: -8301.597234
[00:07:28] ML tree search #29, logLikelihood: -8310.218132
[00:07:37] ML tree search #30, logLikelihood: -8302.926825
[00:07:46] ML tree search #31, logLikelihood: -8301.534642
[00:08:13] ML tree search #32, logLikelihood: -8304.824776
[00:08:24] ML tree search #33, logLikelihood: -8316.843283
[00:08:33] ML tree search #34, logLikelihood: -8306.876483
[00:08:39] ML tree search #35, logLikelihood: -8312.317486
[00:08:47] ML tree search #36, logLikelihood: -8306.834417
[00:09:00] ML tree search #37, logLikelihood: -8312.519379
[00:09:06] ML tree search #38, logLikelihood: -8326.207813
[00:09:13] ML tree search #39, logLikelihood: -8297.209659
[00:09:29] ML tree search #40, logLikelihood: -8299.783120
[00:09:36] ML tree search #41, logLikelihood: -8298.900994
[00:09:55] ML tree search #42, logLikelihood: -8298.795799
[00:10:02] ML tree search #43, logLikelihood: -8315.453259
[00:10:12] ML tree search #44, logLikelihood: -8296.380191
[00:10:22] ML tree search #45, logLikelihood: -8313.484979
[00:10:49] ML tree search #46, logLikelihood: -8301.463443
[00:11:03] ML tree search #47, logLikelihood: -8298.920006
[00:11:10] ML tree search #48, logLikelihood: -8306.146452
[00:11:21] ML tree search #49, logLikelihood: -8312.242675
[00:11:35] ML tree search #50, logLikelihood: -8303.120182

[00:11:35] ML tree search completed, best tree logLH: -8281.676597

[00:11:35] Starting bootstrapping analysis with 1000 replicates.

[00:11:42] Bootstrap tree #1, logLikelihood: -8108.176419
[00:11:53] Bootstrap tree #2, logLikelihood: -8049.721886
[00:12:00] Bootstrap tree #3, logLikelihood: -8250.813095
[00:12:11] Bootstrap tree #4, logLikelihood: -8171.637993
[00:12:31] Bootstrap tree #5, logLikelihood: -8394.778334
[00:12:41] Bootstrap tree #6, logLikelihood: -8348.902809
[00:12:49] Bootstrap tree #7, logLikelihood: -8027.003623
[00:13:03] Bootstrap tree #8, logLikelihood: -8274.752790
[00:13:16] Bootstrap tree #9, logLikelihood: -8315.464529
[00:13:25] Bootstrap tree #10, logLikelihood: -8171.420928
[00:13:59] Bootstrap tree #11, logLikelihood: -8235.538805
[00:14:05] Bootstrap tree #12, logLikelihood: -7987.845456
[00:14:13] Bootstrap tree #13, logLikelihood: -8056.809134
[00:14:21] Bootstrap tree #14, logLikelihood: -8095.145220
[00:14:36] Bootstrap tree #15, logLikelihood: -8079.744924
[00:14:44] Bootstrap tree #16, logLikelihood: -8099.022648
[00:14:52] Bootstrap tree #17, logLikelihood: -8399.259979
[00:15:07] Bootstrap tree #18, logLikelihood: -8057.704338
[00:15:16] Bootstrap tree #19, logLikelihood: -8204.758066
[00:15:26] Bootstrap tree #20, logLikelihood: -8289.588836
[00:15:42] Bootstrap tree #21, logLikelihood: -8190.484916
[00:15:55] Bootstrap tree #22, logLikelihood: -8160.080593
[00:16:02] Bootstrap tree #23, logLikelihood: -8162.684897
[00:16:11] Bootstrap tree #24, logLikelihood: -8033.364230
[00:16:24] Bootstrap tree #25, logLikelihood: -8081.809797
[00:16:36] Bootstrap tree #26, logLikelihood: -8095.815371
[00:16:55] Bootstrap tree #27, logLikelihood: -8163.544876
[00:17:08] Bootstrap tree #28, logLikelihood: -8163.096972
[00:17:29] Bootstrap tree #29, logLikelihood: -8417.044103
[00:17:46] Bootstrap tree #30, logLikelihood: -8319.283299
[00:17:54] Bootstrap tree #31, logLikelihood: -8233.923658
[00:18:01] Bootstrap tree #32, logLikelihood: -8316.143638
[00:18:10] Bootstrap tree #33, logLikelihood: -7997.683240
[00:18:30] Bootstrap tree #34, logLikelihood: -8255.126111
[00:18:52] Bootstrap tree #35, logLikelihood: -8192.641807
[00:19:07] Bootstrap tree #36, logLikelihood: -8168.627289
[00:19:17] Bootstrap tree #37, logLikelihood: -8328.328974
[00:19:29] Bootstrap tree #38, logLikelihood: -8277.744103
[00:19:37] Bootstrap tree #39, logLikelihood: -8176.254045
[00:19:44] Bootstrap tree #40, logLikelihood: -8255.262858
[00:19:58] Bootstrap tree #41, logLikelihood: -8378.961039
[00:20:09] Bootstrap tree #42, logLikelihood: -8119.950297
[00:20:21] Bootstrap tree #43, logLikelihood: -8052.796286
[00:20:35] Bootstrap tree #44, logLikelihood: -8215.715198
[00:20:50] Bootstrap tree #45, logLikelihood: -8416.806050
[00:21:02] Bootstrap tree #46, logLikelihood: -8112.730357
[00:21:09] Bootstrap tree #47, logLikelihood: -7931.839909
[00:21:23] Bootstrap tree #48, logLikelihood: -8299.344010
[00:21:30] Bootstrap tree #49, logLikelihood: -8051.950985
[00:21:40] Bootstrap tree #50, logLikelihood: -8325.446401
[00:22:00] Bootstrap tree #51, logLikelihood: -8470.386114
[00:22:07] Bootstrap tree #52, logLikelihood: -7998.461092
[00:22:19] Bootstrap tree #53, logLikelihood: -7985.062677
[00:22:31] Bootstrap tree #54, logLikelihood: -8244.325406
[00:22:43] Bootstrap tree #55, logLikelihood: -7978.000761
[00:22:51] Bootstrap tree #56, logLikelihood: -8272.025615
[00:23:00] Bootstrap tree #57, logLikelihood: -8231.448771
[00:23:07] Bootstrap tree #58, logLikelihood: -8104.816140
[00:23:21] Bootstrap tree #59, logLikelihood: -8455.239631
[00:23:31] Bootstrap tree #60, logLikelihood: -8033.265890
[00:23:53] Bootstrap tree #61, logLikelihood: -8099.053911
[00:24:01] Bootstrap tree #62, logLikelihood: -8172.210907
[00:24:08] Bootstrap tree #63, logLikelihood: -8182.932736
[00:24:18] Bootstrap tree #64, logLikelihood: -8236.874291
[00:24:27] Bootstrap tree #65, logLikelihood: -8303.451861
[00:24:43] Bootstrap tree #66, logLikelihood: -8326.050595
[00:24:53] Bootstrap tree #67, logLikelihood: -8285.426338
[00:25:04] Bootstrap tree #68, logLikelihood: -8310.275607
[00:25:20] Bootstrap tree #69, logLikelihood: -8256.276774
[00:25:37] Bootstrap tree #70, logLikelihood: -8388.676026
[00:25:49] Bootstrap tree #71, logLikelihood: -8144.196532
[00:26:04] Bootstrap tree #72, logLikelihood: -8355.437143
[00:26:20] Bootstrap tree #73, logLikelihood: -8278.911627
[00:26:27] Bootstrap tree #74, logLikelihood: -8336.498874
[00:26:34] Bootstrap tree #75, logLikelihood: -8368.055471
[00:26:53] Bootstrap tree #76, logLikelihood: -8175.975440
[00:27:08] Bootstrap tree #77, logLikelihood: -8095.957435
[00:27:20] Bootstrap tree #78, logLikelihood: -8027.400874
[00:27:30] Bootstrap tree #79, logLikelihood: -8108.138417
[00:27:39] Bootstrap tree #80, logLikelihood: -8265.254352
[00:27:51] Bootstrap tree #81, logLikelihood: -8626.641488
[00:28:09] Bootstrap tree #82, logLikelihood: -8156.025553
[00:28:27] Bootstrap tree #83, logLikelihood: -8088.302340
[00:28:38] Bootstrap tree #84, logLikelihood: -8469.587002
[00:28:44] Bootstrap tree #85, logLikelihood: -8060.728147
[00:28:52] Bootstrap tree #86, logLikelihood: -8209.564822
[00:29:05] Bootstrap tree #87, logLikelihood: -8280.756962
[00:29:14] Bootstrap tree #88, logLikelihood: -8461.060163
[00:29:26] Bootstrap tree #89, logLikelihood: -8302.187866
[00:29:40] Bootstrap tree #90, logLikelihood: -8207.429377
[00:29:52] Bootstrap tree #91, logLikelihood: -8460.687703
[00:30:07] Bootstrap tree #92, logLikelihood: -8050.646221
[00:30:19] Bootstrap tree #93, logLikelihood: -8271.087495
[00:30:26] Bootstrap tree #94, logLikelihood: -8189.423394
[00:30:39] Bootstrap tree #95, logLikelihood: -8228.845609
[00:30:55] Bootstrap tree #96, logLikelihood: -8057.509559
[00:31:13] Bootstrap tree #97, logLikelihood: -8075.149653
[00:31:21] Bootstrap tree #98, logLikelihood: -8156.392613
[00:31:29] Bootstrap tree #99, logLikelihood: -8206.986724
[00:31:36] Bootstrap tree #100, logLikelihood: -8258.663812
[00:31:56] Bootstrap tree #101, logLikelihood: -8242.251638
[00:32:09] Bootstrap tree #102, logLikelihood: -8336.834934
[00:32:20] Bootstrap tree #103, logLikelihood: -8186.467226
[00:32:37] Bootstrap tree #104, logLikelihood: -7936.457632
[00:32:45] Bootstrap tree #105, logLikelihood: -8116.915347
[00:32:57] Bootstrap tree #106, logLikelihood: -8180.526036
[00:33:13] Bootstrap tree #107, logLikelihood: -8285.985576
[00:33:26] Bootstrap tree #108, logLikelihood: -8306.521727
[00:33:37] Bootstrap tree #109, logLikelihood: -8034.349606
[00:33:46] Bootstrap tree #110, logLikelihood: -8157.343617
[00:33:57] Bootstrap tree #111, logLikelihood: -8017.079610
[00:34:11] Bootstrap tree #112, logLikelihood: -8352.734701
[00:34:24] Bootstrap tree #113, logLikelihood: -8354.596815
[00:34:31] Bootstrap tree #114, logLikelihood: -8069.000560
[00:34:46] Bootstrap tree #115, logLikelihood: -8332.846025
[00:34:58] Bootstrap tree #116, logLikelihood: -8135.722534
[00:35:04] Bootstrap tree #117, logLikelihood: -8356.395483
[00:35:12] Bootstrap tree #118, logLikelihood: -8040.742529
[00:35:22] Bootstrap tree #119, logLikelihood: -8118.562715
[00:35:36] Bootstrap tree #120, logLikelihood: -8206.342881
[00:35:49] Bootstrap tree #121, logLikelihood: -8417.349209
[00:36:00] Bootstrap tree #122, logLikelihood: -8114.689052
[00:36:15] Bootstrap tree #123, logLikelihood: -8202.267701
[00:36:27] Bootstrap tree #124, logLikelihood: -8321.700601
[00:36:35] Bootstrap tree #125, logLikelihood: -8121.422720
[00:36:49] Bootstrap tree #126, logLikelihood: -8143.654836
[00:38:08] Bootstrap tree #127, logLikelihood: -8049.689429
[00:38:47] Bootstrap tree #128, logLikelihood: -8008.394860
[00:39:03] Bootstrap tree #129, logLikelihood: -8332.945709
[00:39:11] Bootstrap tree #130, logLikelihood: -8168.981848
[00:39:20] Bootstrap tree #131, logLikelihood: -8243.123135
[00:39:35] Bootstrap tree #132, logLikelihood: -8152.062244
[00:39:45] Bootstrap tree #133, logLikelihood: -8055.697804
[00:39:56] Bootstrap tree #134, logLikelihood: -8023.572753
[00:40:11] Bootstrap tree #135, logLikelihood: -8196.556766
[00:40:19] Bootstrap tree #136, logLikelihood: -8653.086907
[00:40:27] Bootstrap tree #137, logLikelihood: -8127.796842
[00:40:46] Bootstrap tree #138, logLikelihood: -8180.434793
[00:40:54] Bootstrap tree #139, logLikelihood: -8103.904423
[00:41:17] Bootstrap tree #140, logLikelihood: -8142.025019
[00:41:35] Bootstrap tree #141, logLikelihood: -8236.550708
[00:41:49] Bootstrap tree #142, logLikelihood: -8354.573611
[00:41:57] Bootstrap tree #143, logLikelihood: -8549.903778
[00:42:12] Bootstrap tree #144, logLikelihood: -8397.259114
[00:42:19] Bootstrap tree #145, logLikelihood: -8285.709319
[00:42:31] Bootstrap tree #146, logLikelihood: -8318.771291
[00:42:38] Bootstrap tree #147, logLikelihood: -7992.951290
[00:43:07] Bootstrap tree #148, logLikelihood: -8095.238986
[00:43:17] Bootstrap tree #149, logLikelihood: -8067.256500
[00:43:35] Bootstrap tree #150, logLikelihood: -8058.744229
[00:43:42] Bootstrap tree #151, logLikelihood: -8164.041067
[00:43:50] Bootstrap tree #152, logLikelihood: -8281.869722
[00:44:03] Bootstrap tree #153, logLikelihood: -7930.380687
[00:44:11] Bootstrap tree #154, logLikelihood: -8236.629051
[00:44:30] Bootstrap tree #155, logLikelihood: -8308.534418
[00:44:47] Bootstrap tree #156, logLikelihood: -8291.840231
[00:44:56] Bootstrap tree #157, logLikelihood: -8156.213949
[00:45:08] Bootstrap tree #158, logLikelihood: -8027.887431
[00:45:15] Bootstrap tree #159, logLikelihood: -8172.300676
[00:45:22] Bootstrap tree #160, logLikelihood: -8309.875944
[00:45:32] Bootstrap tree #161, logLikelihood: -8107.768828
[00:45:47] Bootstrap tree #162, logLikelihood: -8156.093856
[00:45:54] Bootstrap tree #163, logLikelihood: -7923.876546
[00:46:14] Bootstrap tree #164, logLikelihood: -8465.674537
[00:46:22] Bootstrap tree #165, logLikelihood: -8154.849455
[00:46:39] Bootstrap tree #166, logLikelihood: -8484.180968
[00:46:45] Bootstrap tree #167, logLikelihood: -7953.930243
[00:47:07] Bootstrap tree #168, logLikelihood: -8000.477302
[00:47:26] Bootstrap tree #169, logLikelihood: -8115.179336
[00:47:38] Bootstrap tree #170, logLikelihood: -8129.304018
[00:47:48] Bootstrap tree #171, logLikelihood: -8380.570747
[00:48:02] Bootstrap tree #172, logLikelihood: -8232.266533
[00:48:18] Bootstrap tree #173, logLikelihood: -8297.680153
[00:48:25] Bootstrap tree #174, logLikelihood: -8285.575927
[00:48:36] Bootstrap tree #175, logLikelihood: -8098.942308
[00:48:44] Bootstrap tree #176, logLikelihood: -8130.975581
[00:48:55] Bootstrap tree #177, logLikelihood: -8039.522538
[00:49:10] Bootstrap tree #178, logLikelihood: -8133.693224
[00:49:26] Bootstrap tree #179, logLikelihood: -8078.890092
[00:49:39] Bootstrap tree #180, logLikelihood: -8042.508400
[00:49:54] Bootstrap tree #181, logLikelihood: -8257.448182
[00:50:05] Bootstrap tree #182, logLikelihood: -8112.040794
[00:50:23] Bootstrap tree #183, logLikelihood: -8090.395966
[00:50:34] Bootstrap tree #184, logLikelihood: -8318.346736
[00:50:42] Bootstrap tree #185, logLikelihood: -8591.961338
[00:50:50] Bootstrap tree #186, logLikelihood: -8159.297673
[00:50:57] Bootstrap tree #187, logLikelihood: -7982.078201
[00:51:06] Bootstrap tree #188, logLikelihood: -8236.805401
[00:51:13] Bootstrap tree #189, logLikelihood: -8218.767319
[00:51:20] Bootstrap tree #190, logLikelihood: -8382.286652
[00:51:30] Bootstrap tree #191, logLikelihood: -8144.335640
[00:51:37] Bootstrap tree #192, logLikelihood: -8027.706775
[00:51:47] Bootstrap tree #193, logLikelihood: -8586.736790
[00:51:56] Bootstrap tree #194, logLikelihood: -8279.583070
[00:52:07] Bootstrap tree #195, logLikelihood: -8199.720904
[00:52:17] Bootstrap tree #196, logLikelihood: -8449.265631
[00:52:25] Bootstrap tree #197, logLikelihood: -8238.264895
[00:52:37] Bootstrap tree #198, logLikelihood: -8343.697138
[00:52:47] Bootstrap tree #199, logLikelihood: -8245.742836
[00:53:01] Bootstrap tree #200, logLikelihood: -8204.097334
[00:53:15] Bootstrap tree #201, logLikelihood: -8135.541830
[00:53:22] Bootstrap tree #202, logLikelihood: -8295.005898
[00:53:32] Bootstrap tree #203, logLikelihood: -8255.247694
[00:53:39] Bootstrap tree #204, logLikelihood: -8327.129504
[00:53:54] Bootstrap tree #205, logLikelihood: -8104.127342
[00:54:01] Bootstrap tree #206, logLikelihood: -8451.808994
[00:54:11] Bootstrap tree #207, logLikelihood: -8250.486935
[00:54:24] Bootstrap tree #208, logLikelihood: -8160.050599
[00:54:51] Bootstrap tree #209, logLikelihood: -8203.688612
[00:55:05] Bootstrap tree #210, logLikelihood: -8259.238874
[00:55:27] Bootstrap tree #211, logLikelihood: -8473.864168
[00:55:41] Bootstrap tree #212, logLikelihood: -8354.101994
[00:55:58] Bootstrap tree #213, logLikelihood: -8290.308125
[00:56:08] Bootstrap tree #214, logLikelihood: -8322.992310
[00:56:14] Bootstrap tree #215, logLikelihood: -8232.984575
[00:56:25] Bootstrap tree #216, logLikelihood: -8417.960429
[00:56:32] Bootstrap tree #217, logLikelihood: -8252.538525
[00:56:38] Bootstrap tree #218, logLikelihood: -7988.247389
[00:56:48] Bootstrap tree #219, logLikelihood: -8146.886454
[00:56:56] Bootstrap tree #220, logLikelihood: -8312.914683
[00:57:11] Bootstrap tree #221, logLikelihood: -8227.997566
[00:57:24] Bootstrap tree #222, logLikelihood: -8274.011188
[00:57:35] Bootstrap tree #223, logLikelihood: -8077.257116
[00:57:46] Bootstrap tree #224, logLikelihood: -8171.669642
[00:58:00] Bootstrap tree #225, logLikelihood: -8345.926507
[00:58:16] Bootstrap tree #226, logLikelihood: -8338.786644
[00:58:25] Bootstrap tree #227, logLikelihood: -8296.380993
[00:58:35] Bootstrap tree #228, logLikelihood: -7995.749282
[00:58:46] Bootstrap tree #229, logLikelihood: -8072.604721
[00:58:54] Bootstrap tree #230, logLikelihood: -8223.033240
[00:59:05] Bootstrap tree #231, logLikelihood: -8414.297270
[00:59:21] Bootstrap tree #232, logLikelihood: -8375.259173
[00:59:32] Bootstrap tree #233, logLikelihood: -7959.557983
[00:59:40] Bootstrap tree #234, logLikelihood: -8437.421475
[00:59:51] Bootstrap tree #235, logLikelihood: -8377.933957
[00:59:59] Bootstrap tree #236, logLikelihood: -8342.876886
[01:00:07] Bootstrap tree #237, logLikelihood: -8244.827766
[01:00:17] Bootstrap tree #238, logLikelihood: -8038.105849
[01:00:28] Bootstrap tree #239, logLikelihood: -8373.344739
[01:00:35] Bootstrap tree #240, logLikelihood: -7990.172642
[01:00:45] Bootstrap tree #241, logLikelihood: -8483.285253
[01:01:09] Bootstrap tree #242, logLikelihood: -8183.055941
[01:01:16] Bootstrap tree #243, logLikelihood: -8018.997661
[01:01:32] Bootstrap tree #244, logLikelihood: -8570.722094
[01:01:42] Bootstrap tree #245, logLikelihood: -8431.077022
[01:01:49] Bootstrap tree #246, logLikelihood: -8363.706932
[01:02:01] Bootstrap tree #247, logLikelihood: -8163.304606
[01:02:23] Bootstrap tree #248, logLikelihood: -8522.742477
[01:02:33] Bootstrap tree #249, logLikelihood: -8086.604253
[01:02:47] Bootstrap tree #250, logLikelihood: -8110.104061
[01:03:00] Bootstrap tree #251, logLikelihood: -8121.406190
[01:03:07] Bootstrap tree #252, logLikelihood: -8086.264326
[01:03:24] Bootstrap tree #253, logLikelihood: -8028.139899
[01:03:43] Bootstrap tree #254, logLikelihood: -8162.120351
[01:03:57] Bootstrap tree #255, logLikelihood: -7943.665042
[01:04:04] Bootstrap tree #256, logLikelihood: -8245.602935
[01:04:11] Bootstrap tree #257, logLikelihood: -8216.240877
[01:04:24] Bootstrap tree #258, logLikelihood: -8388.972357
[01:04:33] Bootstrap tree #259, logLikelihood: -8141.910679
[01:04:42] Bootstrap tree #260, logLikelihood: -8432.556684
[01:04:50] Bootstrap tree #261, logLikelihood: -8416.939902
[01:05:01] Bootstrap tree #262, logLikelihood: -8140.091514
[01:05:12] Bootstrap tree #263, logLikelihood: -8396.747280
[01:05:20] Bootstrap tree #264, logLikelihood: -8299.721203
[01:05:27] Bootstrap tree #265, logLikelihood: -7993.643999
[01:05:40] Bootstrap tree #266, logLikelihood: -8299.721311
[01:05:47] Bootstrap tree #267, logLikelihood: -8192.366384
[01:06:00] Bootstrap tree #268, logLikelihood: -8334.016642
[01:06:10] Bootstrap tree #269, logLikelihood: -8150.836478
[01:06:23] Bootstrap tree #270, logLikelihood: -8199.542149
[01:06:32] Bootstrap tree #271, logLikelihood: -8061.105553
[01:06:42] Bootstrap tree #272, logLikelihood: -8176.822380
[01:06:51] Bootstrap tree #273, logLikelihood: -8230.293306
[01:07:00] Bootstrap tree #274, logLikelihood: -8310.699599
[01:07:11] Bootstrap tree #275, logLikelihood: -8479.988748
[01:07:24] Bootstrap tree #276, logLikelihood: -8181.020832
[01:07:36] Bootstrap tree #277, logLikelihood: -7937.578070
[01:07:52] Bootstrap tree #278, logLikelihood: -8296.773294
[01:07:59] Bootstrap tree #279, logLikelihood: -7952.834282
[01:08:16] Bootstrap tree #280, logLikelihood: -8114.133497
[01:08:33] Bootstrap tree #281, logLikelihood: -8422.381815
[01:08:45] Bootstrap tree #282, logLikelihood: -8200.015351
[01:08:53] Bootstrap tree #283, logLikelihood: -8036.338574
[01:09:09] Bootstrap tree #284, logLikelihood: -8411.230348
[01:09:22] Bootstrap tree #285, logLikelihood: -8356.857573
[01:09:36] Bootstrap tree #286, logLikelihood: -8260.956686
[01:09:47] Bootstrap tree #287, logLikelihood: -8142.881155
[01:10:07] Bootstrap tree #288, logLikelihood: -8249.649748
[01:10:15] Bootstrap tree #289, logLikelihood: -8332.129913
[01:10:32] Bootstrap tree #290, logLikelihood: -8090.151230
[01:10:40] Bootstrap tree #291, logLikelihood: -8357.869591
[01:10:47] Bootstrap tree #292, logLikelihood: -8270.439988
[01:11:01] Bootstrap tree #293, logLikelihood: -8144.493769
[01:11:12] Bootstrap tree #294, logLikelihood: -8120.829200
[01:11:26] Bootstrap tree #295, logLikelihood: -8130.752038
[01:11:41] Bootstrap tree #296, logLikelihood: -8248.692209
[01:11:57] Bootstrap tree #297, logLikelihood: -8181.612024
[01:12:04] Bootstrap tree #298, logLikelihood: -8076.301232
[01:12:22] Bootstrap tree #299, logLikelihood: -8171.444021
[01:12:31] Bootstrap tree #300, logLikelihood: -8231.965316
[01:12:40] Bootstrap tree #301, logLikelihood: -8138.520638
[01:12:47] Bootstrap tree #302, logLikelihood: -8188.768495
[01:12:58] Bootstrap tree #303, logLikelihood: -8285.021269
[01:13:09] Bootstrap tree #304, logLikelihood: -8298.997344
[01:13:31] Bootstrap tree #305, logLikelihood: -8157.819010
[01:13:46] Bootstrap tree #306, logLikelihood: -8329.739658
[01:13:57] Bootstrap tree #307, logLikelihood: -8460.395242
[01:14:03] Bootstrap tree #308, logLikelihood: -8385.320730
[01:14:12] Bootstrap tree #309, logLikelihood: -8117.284672
[01:14:26] Bootstrap tree #310, logLikelihood: -8300.746532
[01:14:34] Bootstrap tree #311, logLikelihood: -8522.321653
[01:14:44] Bootstrap tree #312, logLikelihood: -8052.485564
[01:14:57] Bootstrap tree #313, logLikelihood: -8309.751900
[01:15:17] Bootstrap tree #314, logLikelihood: -8309.329578
[01:15:29] Bootstrap tree #315, logLikelihood: -8328.131981
[01:15:52] Bootstrap tree #316, logLikelihood: -8310.370029
[01:16:03] Bootstrap tree #317, logLikelihood: -8200.937628
[01:16:10] Bootstrap tree #318, logLikelihood: -8364.745561
[01:16:26] Bootstrap tree #319, logLikelihood: -8382.485341
[01:16:39] Bootstrap tree #320, logLikelihood: -8113.692132
[01:16:48] Bootstrap tree #321, logLikelihood: -8280.582840
[01:16:55] Bootstrap tree #322, logLikelihood: -7984.227321
[01:17:07] Bootstrap tree #323, logLikelihood: -8462.416578
[01:17:18] Bootstrap tree #324, logLikelihood: -8076.580371
[01:17:30] Bootstrap tree #325, logLikelihood: -8214.140734
[01:17:43] Bootstrap tree #326, logLikelihood: -8373.234002
[01:17:51] Bootstrap tree #327, logLikelihood: -8027.014270
[01:17:58] Bootstrap tree #328, logLikelihood: -8243.995793
[01:18:10] Bootstrap tree #329, logLikelihood: -8024.934900
[01:18:28] Bootstrap tree #330, logLikelihood: -8236.950603
[01:18:40] Bootstrap tree #331, logLikelihood: -8137.306428
[01:18:49] Bootstrap tree #332, logLikelihood: -8250.881937
[01:18:57] Bootstrap tree #333, logLikelihood: -8129.132512
[01:19:07] Bootstrap tree #334, logLikelihood: -8492.938150
[01:19:15] Bootstrap tree #335, logLikelihood: -8099.453316
[01:19:25] Bootstrap tree #336, logLikelihood: -8249.210995
[01:19:33] Bootstrap tree #337, logLikelihood: -8057.567176
[01:19:48] Bootstrap tree #338, logLikelihood: -8305.082647
[01:19:57] Bootstrap tree #339, logLikelihood: -8271.794064
[01:20:08] Bootstrap tree #340, logLikelihood: -7913.082320
[01:20:17] Bootstrap tree #341, logLikelihood: -8490.128293
[01:20:29] Bootstrap tree #342, logLikelihood: -8341.155787
[01:20:43] Bootstrap tree #343, logLikelihood: -8044.307469
[01:20:57] Bootstrap tree #344, logLikelihood: -7950.820404
[01:21:14] Bootstrap tree #345, logLikelihood: -8373.538490
[01:21:30] Bootstrap tree #346, logLikelihood: -8246.454865
[01:21:44] Bootstrap tree #347, logLikelihood: -8330.898473
[01:21:52] Bootstrap tree #348, logLikelihood: -8002.419327
[01:22:00] Bootstrap tree #349, logLikelihood: -8326.039227
[01:22:15] Bootstrap tree #350, logLikelihood: -7906.467253
[01:22:29] Bootstrap tree #351, logLikelihood: -8343.461936
[01:22:40] Bootstrap tree #352, logLikelihood: -8227.342649
[01:22:51] Bootstrap tree #353, logLikelihood: -8265.021948
[01:23:07] Bootstrap tree #354, logLikelihood: -8249.432697
[01:23:22] Bootstrap tree #355, logLikelihood: -8317.313670
[01:23:35] Bootstrap tree #356, logLikelihood: -8087.227838
[01:23:51] Bootstrap tree #357, logLikelihood: -8076.931311
[01:24:03] Bootstrap tree #358, logLikelihood: -8246.081250
[01:24:17] Bootstrap tree #359, logLikelihood: -8134.276506
[01:24:24] Bootstrap tree #360, logLikelihood: -8365.878999
[01:24:34] Bootstrap tree #361, logLikelihood: -8137.630920
[01:24:46] Bootstrap tree #362, logLikelihood: -8142.845212
[01:24:56] Bootstrap tree #363, logLikelihood: -8130.044822
[01:25:03] Bootstrap tree #364, logLikelihood: -8224.301839
[01:25:16] Bootstrap tree #365, logLikelihood: -8251.296115
[01:25:23] Bootstrap tree #366, logLikelihood: -8349.706827
[01:25:35] Bootstrap tree #367, logLikelihood: -8085.342587
[01:25:42] Bootstrap tree #368, logLikelihood: -7949.482466
[01:25:49] Bootstrap tree #369, logLikelihood: -8051.002085
[01:26:05] Bootstrap tree #370, logLikelihood: -8030.681684
[01:26:13] Bootstrap tree #371, logLikelihood: -8097.209610
[01:26:31] Bootstrap tree #372, logLikelihood: -8019.580622
[01:26:44] Bootstrap tree #373, logLikelihood: -8564.037339
[01:26:51] Bootstrap tree #374, logLikelihood: -8129.434058
[01:26:58] Bootstrap tree #375, logLikelihood: -8132.725305
[01:27:09] Bootstrap tree #376, logLikelihood: -8347.457244
[01:27:30] Bootstrap tree #377, logLikelihood: -8041.088442
[01:27:41] Bootstrap tree #378, logLikelihood: -8060.743786
[01:27:53] Bootstrap tree #379, logLikelihood: -7917.773029
[01:28:04] Bootstrap tree #380, logLikelihood: -8381.994226
[01:28:16] Bootstrap tree #381, logLikelihood: -8189.399466
[01:28:32] Bootstrap tree #382, logLikelihood: -8038.163857
[01:28:41] Bootstrap tree #383, logLikelihood: -8161.073424
[01:28:56] Bootstrap tree #384, logLikelihood: -8037.030050
[01:29:14] Bootstrap tree #385, logLikelihood: -8076.702549
[01:29:20] Bootstrap tree #386, logLikelihood: -8329.394776
[01:29:27] Bootstrap tree #387, logLikelihood: -8367.303611
[01:29:37] Bootstrap tree #388, logLikelihood: -8008.741590
[01:29:47] Bootstrap tree #389, logLikelihood: -8201.003189
[01:30:01] Bootstrap tree #390, logLikelihood: -8155.862086
[01:30:12] Bootstrap tree #391, logLikelihood: -8208.268336
[01:30:37] Bootstrap tree #392, logLikelihood: -8226.240109
[01:30:45] Bootstrap tree #393, logLikelihood: -8160.740824
[01:31:06] Bootstrap tree #394, logLikelihood: -8242.141451
[01:31:20] Bootstrap tree #395, logLikelihood: -8345.808742
[01:31:37] Bootstrap tree #396, logLikelihood: -8387.697628
[01:31:45] Bootstrap tree #397, logLikelihood: -8506.718841
[01:32:00] Bootstrap tree #398, logLikelihood: -8371.401790
[01:32:09] Bootstrap tree #399, logLikelihood: -8136.932050
[01:32:20] Bootstrap tree #400, logLikelihood: -8322.985402
[01:32:34] Bootstrap tree #401, logLikelihood: -8238.273199
[01:32:45] Bootstrap tree #402, logLikelihood: -8178.224639
[01:32:56] Bootstrap tree #403, logLikelihood: -8333.859406
[01:33:09] Bootstrap tree #404, logLikelihood: -8181.071206
[01:33:17] Bootstrap tree #405, logLikelihood: -8323.906693
[01:33:27] Bootstrap tree #406, logLikelihood: -8259.294422
[01:33:39] Bootstrap tree #407, logLikelihood: -8210.136784
[01:33:50] Bootstrap tree #408, logLikelihood: -8479.968810
[01:34:03] Bootstrap tree #409, logLikelihood: -8041.511985
[01:34:11] Bootstrap tree #410, logLikelihood: -7846.677857
[01:34:32] Bootstrap tree #411, logLikelihood: -8166.770661
[01:34:44] Bootstrap tree #412, logLikelihood: -8211.790224
[01:35:03] Bootstrap tree #413, logLikelihood: -8412.488456
[01:35:13] Bootstrap tree #414, logLikelihood: -7890.523427
[01:35:20] Bootstrap tree #415, logLikelihood: -8191.031103
[01:35:27] Bootstrap tree #416, logLikelihood: -8292.202716
[01:35:37] Bootstrap tree #417, logLikelihood: -8085.627404
[01:35:53] Bootstrap tree #418, logLikelihood: -8239.336081
[01:36:03] Bootstrap tree #419, logLikelihood: -8170.001467
[01:36:13] Bootstrap tree #420, logLikelihood: -8140.476541
[01:36:25] Bootstrap tree #421, logLikelihood: -8364.677122
[01:36:42] Bootstrap tree #422, logLikelihood: -8023.935416
[01:36:49] Bootstrap tree #423, logLikelihood: -8141.625673
[01:37:00] Bootstrap tree #424, logLikelihood: -8188.688855
[01:37:09] Bootstrap tree #425, logLikelihood: -7993.549910
[01:37:21] Bootstrap tree #426, logLikelihood: -8279.890137
[01:37:35] Bootstrap tree #427, logLikelihood: -8188.712775
[01:37:42] Bootstrap tree #428, logLikelihood: -8580.339009
[01:37:55] Bootstrap tree #429, logLikelihood: -8293.451252
[01:38:03] Bootstrap tree #430, logLikelihood: -8175.140369
[01:38:14] Bootstrap tree #431, logLikelihood: -8416.784675
[01:38:33] Bootstrap tree #432, logLikelihood: -8022.980175
[01:38:40] Bootstrap tree #433, logLikelihood: -8334.202868
[01:39:13] Bootstrap tree #434, logLikelihood: -8271.599736
[01:39:21] Bootstrap tree #435, logLikelihood: -8471.416091
[01:39:37] Bootstrap tree #436, logLikelihood: -8247.367184
[01:39:44] Bootstrap tree #437, logLikelihood: -8151.342723
[01:40:00] Bootstrap tree #438, logLikelihood: -8314.882081
[01:40:08] Bootstrap tree #439, logLikelihood: -8179.598288
[01:40:27] Bootstrap tree #440, logLikelihood: -8039.851981
[01:40:41] Bootstrap tree #441, logLikelihood: -8310.296748
[01:40:48] Bootstrap tree #442, logLikelihood: -8144.095037
[01:40:55] Bootstrap tree #443, logLikelihood: -8208.076024
[01:41:14] Bootstrap tree #444, logLikelihood: -7978.315475
[01:41:25] Bootstrap tree #445, logLikelihood: -8058.243087
[01:41:39] Bootstrap tree #446, logLikelihood: -8455.610746
[01:41:53] Bootstrap tree #447, logLikelihood: -8145.299930
[01:42:07] Bootstrap tree #448, logLikelihood: -8166.629455
[01:42:24] Bootstrap tree #449, logLikelihood: -8338.523621
[01:42:33] Bootstrap tree #450, logLikelihood: -8100.181765
[01:42:53] Bootstrap tree #451, logLikelihood: -8433.669950
[01:43:04] Bootstrap tree #452, logLikelihood: -8220.090177
[01:43:19] Bootstrap tree #453, logLikelihood: -8328.715865
[01:43:37] Bootstrap tree #454, logLikelihood: -8093.189655
[01:43:46] Bootstrap tree #455, logLikelihood: -8045.133618
[01:43:52] Bootstrap tree #456, logLikelihood: -8161.319518
[01:43:59] Bootstrap tree #457, logLikelihood: -8316.164050
[01:44:14] Bootstrap tree #458, logLikelihood: -8287.460709
[01:44:25] Bootstrap tree #459, logLikelihood: -8195.630204
[01:44:35] Bootstrap tree #460, logLikelihood: -8163.099597
[01:44:41] Bootstrap tree #461, logLikelihood: -8153.146675
[01:44:53] Bootstrap tree #462, logLikelihood: -8242.158213
[01:45:04] Bootstrap tree #463, logLikelihood: -8308.047280
[01:45:25] Bootstrap tree #464, logLikelihood: -8123.912813
[01:45:34] Bootstrap tree #465, logLikelihood: -8003.239837
[01:45:47] Bootstrap tree #466, logLikelihood: -8184.792129
[01:45:59] Bootstrap tree #467, logLikelihood: -8024.692750
[01:46:05] Bootstrap tree #468, logLikelihood: -8111.073260
[01:46:16] Bootstrap tree #469, logLikelihood: -8191.116048
[01:46:25] Bootstrap tree #470, logLikelihood: -8045.296820
[01:46:36] Bootstrap tree #471, logLikelihood: -8056.796185
[01:46:48] Bootstrap tree #472, logLikelihood: -8268.510918
[01:46:57] Bootstrap tree #473, logLikelihood: -8364.631772
[01:47:10] Bootstrap tree #474, logLikelihood: -8010.099967
[01:47:19] Bootstrap tree #475, logLikelihood: -7987.663765
[01:47:33] Bootstrap tree #476, logLikelihood: -8295.221769
[01:47:39] Bootstrap tree #477, logLikelihood: -8268.447432
[01:47:47] Bootstrap tree #478, logLikelihood: -8556.794674
[01:47:55] Bootstrap tree #479, logLikelihood: -8464.358194
[01:48:08] Bootstrap tree #480, logLikelihood: -8421.658513
[01:48:14] Bootstrap tree #481, logLikelihood: -7988.091619
[01:48:28] Bootstrap tree #482, logLikelihood: -8147.973268
[01:48:36] Bootstrap tree #483, logLikelihood: -8322.803582
[01:48:58] Bootstrap tree #484, logLikelihood: -8253.180084
[01:49:16] Bootstrap tree #485, logLikelihood: -8533.695811
[01:49:29] Bootstrap tree #486, logLikelihood: -8426.701799
[01:49:44] Bootstrap tree #487, logLikelihood: -8420.472829
[01:49:51] Bootstrap tree #488, logLikelihood: -8389.486869
[01:50:04] Bootstrap tree #489, logLikelihood: -8254.462297
[01:50:19] Bootstrap tree #490, logLikelihood: -8262.625861
[01:50:32] Bootstrap tree #491, logLikelihood: -8253.321827
[01:50:53] Bootstrap tree #492, logLikelihood: -8375.932071
[01:51:07] Bootstrap tree #493, logLikelihood: -8057.168401
[01:51:20] Bootstrap tree #494, logLikelihood: -8356.374483
[01:51:35] Bootstrap tree #495, logLikelihood: -8363.161180
[01:51:49] Bootstrap tree #496, logLikelihood: -7934.129780
[01:51:57] Bootstrap tree #497, logLikelihood: -8374.820475
[01:52:22] Bootstrap tree #498, logLikelihood: -8140.510473
[01:52:36] Bootstrap tree #499, logLikelihood: -8093.798876
[01:52:47] Bootstrap tree #500, logLikelihood: -8167.356489
[01:53:01] Bootstrap tree #501, logLikelihood: -8236.478430
[01:53:13] Bootstrap tree #502, logLikelihood: -8074.187400
[01:53:24] Bootstrap tree #503, logLikelihood: -8019.425017
[01:53:42] Bootstrap tree #504, logLikelihood: -8273.759361
[01:53:55] Bootstrap tree #505, logLikelihood: -8434.325541
[01:54:07] Bootstrap tree #506, logLikelihood: -8093.044506
[01:54:14] Bootstrap tree #507, logLikelihood: -8177.527154
[01:54:26] Bootstrap tree #508, logLikelihood: -8253.707581
[01:54:46] Bootstrap tree #509, logLikelihood: -8220.728942
[01:54:59] Bootstrap tree #510, logLikelihood: -8200.324853
[01:55:06] Bootstrap tree #511, logLikelihood: -7948.602300
[01:55:27] Bootstrap tree #512, logLikelihood: -8198.644771
[01:55:38] Bootstrap tree #513, logLikelihood: -8094.906760
[01:55:52] Bootstrap tree #514, logLikelihood: -8085.543893
[01:56:00] Bootstrap tree #515, logLikelihood: -8153.251262
[01:56:09] Bootstrap tree #516, logLikelihood: -8225.590264
[01:56:16] Bootstrap tree #517, logLikelihood: -8332.023386
[01:56:29] Bootstrap tree #518, logLikelihood: -7912.245629
[01:56:35] Bootstrap tree #519, logLikelihood: -8267.297259
[01:56:54] Bootstrap tree #520, logLikelihood: -8203.383160
[01:57:07] Bootstrap tree #521, logLikelihood: -8057.952075
[01:57:18] Bootstrap tree #522, logLikelihood: -8219.371593
[01:57:26] Bootstrap tree #523, logLikelihood: -8105.764595
[01:57:35] Bootstrap tree #524, logLikelihood: -8188.725556
[01:57:47] Bootstrap tree #525, logLikelihood: -8117.734752
[01:58:02] Bootstrap tree #526, logLikelihood: -8228.542873
[01:58:09] Bootstrap tree #527, logLikelihood: -8137.693805
[01:58:25] Bootstrap tree #528, logLikelihood: -7946.596390
[01:58:40] Bootstrap tree #529, logLikelihood: -8031.457741
[01:58:54] Bootstrap tree #530, logLikelihood: -8020.399560
[01:59:04] Bootstrap tree #531, logLikelihood: -8390.470461
[01:59:12] Bootstrap tree #532, logLikelihood: -8296.991607
[01:59:20] Bootstrap tree #533, logLikelihood: -8153.603157
[01:59:31] Bootstrap tree #534, logLikelihood: -8242.296912
[01:59:39] Bootstrap tree #535, logLikelihood: -8182.989534
[01:59:46] Bootstrap tree #536, logLikelihood: -8086.815065
[02:00:05] Bootstrap tree #537, logLikelihood: -8425.739592
[02:00:12] Bootstrap tree #538, logLikelihood: -8256.848064
[02:00:25] Bootstrap tree #539, logLikelihood: -8090.455497
[02:00:43] Bootstrap tree #540, logLikelihood: -8446.494002
[02:00:58] Bootstrap tree #541, logLikelihood: -8225.392723
[02:01:11] Bootstrap tree #542, logLikelihood: -7967.866141
[02:01:27] Bootstrap tree #543, logLikelihood: -8242.601723
[02:01:37] Bootstrap tree #544, logLikelihood: -8155.272264
[02:02:10] Bootstrap tree #545, logLikelihood: -8467.059144
[02:02:25] Bootstrap tree #546, logLikelihood: -8195.031225
[02:02:37] Bootstrap tree #547, logLikelihood: -8233.011827
[02:02:49] Bootstrap tree #548, logLikelihood: -8030.297459
[02:02:56] Bootstrap tree #549, logLikelihood: -8144.218122
[02:03:05] Bootstrap tree #550, logLikelihood: -8380.813785
[02:03:17] Bootstrap tree #551, logLikelihood: -8058.430895
[02:03:33] Bootstrap tree #552, logLikelihood: -8214.395233
[02:03:53] Bootstrap tree #553, logLikelihood: -8091.247008
[02:04:06] Bootstrap tree #554, logLikelihood: -8087.208629
[02:04:21] Bootstrap tree #555, logLikelihood: -8351.128866
[02:04:33] Bootstrap tree #556, logLikelihood: -8066.905218
[02:04:45] Bootstrap tree #557, logLikelihood: -8211.046119
[02:04:55] Bootstrap tree #558, logLikelihood: -8119.513764
[02:05:09] Bootstrap tree #559, logLikelihood: -8549.141628
[02:05:19] Bootstrap tree #560, logLikelihood: -8298.853677
[02:05:36] Bootstrap tree #561, logLikelihood: -8299.965305
[02:05:46] Bootstrap tree #562, logLikelihood: -8337.178469
[02:05:57] Bootstrap tree #563, logLikelihood: -8079.576019
[02:06:06] Bootstrap tree #564, logLikelihood: -8057.456006
[02:06:16] Bootstrap tree #565, logLikelihood: -7943.348243
[02:06:33] Bootstrap tree #566, logLikelihood: -8243.702114
[02:06:43] Bootstrap tree #567, logLikelihood: -8164.551842
[02:06:51] Bootstrap tree #568, logLikelihood: -7910.239750
[02:07:04] Bootstrap tree #569, logLikelihood: -8521.555296
[02:07:22] Bootstrap tree #570, logLikelihood: -8046.179320
[02:07:37] Bootstrap tree #571, logLikelihood: -8010.533269
[02:07:49] Bootstrap tree #572, logLikelihood: -8355.802581
[02:08:02] Bootstrap tree #573, logLikelihood: -8236.011912
[02:08:19] Bootstrap tree #574, logLikelihood: -8289.909627
[02:08:30] Bootstrap tree #575, logLikelihood: -8149.697043
[02:08:37] Bootstrap tree #576, logLikelihood: -8332.294017
[02:08:45] Bootstrap tree #577, logLikelihood: -8308.067519
[02:08:52] Bootstrap tree #578, logLikelihood: -8013.981346
[02:09:14] Bootstrap tree #579, logLikelihood: -8257.082851
[02:09:25] Bootstrap tree #580, logLikelihood: -8215.098901
[02:09:32] Bootstrap tree #581, logLikelihood: -8159.938898
[02:09:40] Bootstrap tree #582, logLikelihood: -8207.381308
[02:09:52] Bootstrap tree #583, logLikelihood: -8284.633123
[02:10:04] Bootstrap tree #584, logLikelihood: -8292.753214
[02:10:21] Bootstrap tree #585, logLikelihood: -8066.655145
[02:10:36] Bootstrap tree #586, logLikelihood: -8133.173488
[02:10:48] Bootstrap tree #587, logLikelihood: -8085.983185
[02:10:57] Bootstrap tree #588, logLikelihood: -8340.541125
[02:11:03] Bootstrap tree #589, logLikelihood: -8296.590404
[02:11:15] Bootstrap tree #590, logLikelihood: -8232.461298
[02:11:30] Bootstrap tree #591, logLikelihood: -8176.520646
[02:11:45] Bootstrap tree #592, logLikelihood: -8210.921431
[02:11:52] Bootstrap tree #593, logLikelihood: -8196.780365
[02:12:06] Bootstrap tree #594, logLikelihood: -8178.869403
[02:12:20] Bootstrap tree #595, logLikelihood: -8289.994349
[02:12:43] Bootstrap tree #596, logLikelihood: -8375.642170
[02:12:50] Bootstrap tree #597, logLikelihood: -8189.600594
[02:13:01] Bootstrap tree #598, logLikelihood: -8025.830551
[02:13:11] Bootstrap tree #599, logLikelihood: -8267.311967
[02:13:28] Bootstrap tree #600, logLikelihood: -8143.435339
[02:13:42] Bootstrap tree #601, logLikelihood: -8136.978443
[02:13:51] Bootstrap tree #602, logLikelihood: -7983.289852
[02:13:58] Bootstrap tree #603, logLikelihood: -8309.737473
[02:14:10] Bootstrap tree #604, logLikelihood: -8414.662899
[02:14:24] Bootstrap tree #605, logLikelihood: -8298.434106
[02:14:34] Bootstrap tree #606, logLikelihood: -8291.645856
[02:14:59] Bootstrap tree #607, logLikelihood: -8305.171912
[02:15:09] Bootstrap tree #608, logLikelihood: -8019.281081
[02:15:23] Bootstrap tree #609, logLikelihood: -8253.068912
[02:15:36] Bootstrap tree #610, logLikelihood: -8049.333059
[02:15:44] Bootstrap tree #611, logLikelihood: -8321.410459
[02:15:56] Bootstrap tree #612, logLikelihood: -8126.302017
[02:16:05] Bootstrap tree #613, logLikelihood: -8138.204378
[02:16:16] Bootstrap tree #614, logLikelihood: -8172.025300
[02:16:24] Bootstrap tree #615, logLikelihood: -8017.761786
[02:16:35] Bootstrap tree #616, logLikelihood: -8095.059050
[02:16:52] Bootstrap tree #617, logLikelihood: -8056.063394
[02:17:04] Bootstrap tree #618, logLikelihood: -8185.721192
[02:17:15] Bootstrap tree #619, logLikelihood: -8066.114155
[02:17:23] Bootstrap tree #620, logLikelihood: -8088.118401
[02:17:32] Bootstrap tree #621, logLikelihood: -8138.444825
[02:17:41] Bootstrap tree #622, logLikelihood: -8192.772651
[02:17:52] Bootstrap tree #623, logLikelihood: -8188.265928
[02:17:59] Bootstrap tree #624, logLikelihood: -8016.436720
[02:18:16] Bootstrap tree #625, logLikelihood: -8086.033272
[02:18:23] Bootstrap tree #626, logLikelihood: -8044.852274
[02:18:35] Bootstrap tree #627, logLikelihood: -8286.994822
[02:18:45] Bootstrap tree #628, logLikelihood: -8337.783324
[02:18:53] Bootstrap tree #629, logLikelihood: -8351.046135
[02:19:08] Bootstrap tree #630, logLikelihood: -8168.482768
[02:19:23] Bootstrap tree #631, logLikelihood: -8348.930919
[02:19:30] Bootstrap tree #632, logLikelihood: -8058.214770
[02:19:41] Bootstrap tree #633, logLikelihood: -8584.959340
[02:19:49] Bootstrap tree #634, logLikelihood: -8297.462513
[02:20:06] Bootstrap tree #635, logLikelihood: -8210.059520
[02:20:17] Bootstrap tree #636, logLikelihood: -8168.923354
[02:20:30] Bootstrap tree #637, logLikelihood: -7955.177684
[02:20:54] Bootstrap tree #638, logLikelihood: -8187.677507
[02:21:01] Bootstrap tree #639, logLikelihood: -8160.869163
[02:21:09] Bootstrap tree #640, logLikelihood: -8126.039120
[02:21:24] Bootstrap tree #641, logLikelihood: -8413.379776
[02:21:36] Bootstrap tree #642, logLikelihood: -8168.145477
[02:21:56] Bootstrap tree #643, logLikelihood: -8612.105846
[02:22:12] Bootstrap tree #644, logLikelihood: -8476.976833
[02:22:33] Bootstrap tree #645, logLikelihood: -8274.286539
[02:22:42] Bootstrap tree #646, logLikelihood: -8144.332345
[02:22:57] Bootstrap tree #647, logLikelihood: -7951.853094
[02:23:08] Bootstrap tree #648, logLikelihood: -8420.411387
[02:23:17] Bootstrap tree #649, logLikelihood: -8326.197464
[02:23:29] Bootstrap tree #650, logLikelihood: -8211.468886
[02:23:47] Bootstrap tree #651, logLikelihood: -8353.282500
[02:24:03] Bootstrap tree #652, logLikelihood: -8256.334547
[02:24:15] Bootstrap tree #653, logLikelihood: -8000.660959
[02:24:22] Bootstrap tree #654, logLikelihood: -8247.442798
[02:24:34] Bootstrap tree #655, logLikelihood: -8093.205997
[02:24:45] Bootstrap tree #656, logLikelihood: -8239.089475
[02:24:54] Bootstrap tree #657, logLikelihood: -8104.735302
[02:25:06] Bootstrap tree #658, logLikelihood: -8630.309152
[02:25:20] Bootstrap tree #659, logLikelihood: -8224.538382
[02:25:29] Bootstrap tree #660, logLikelihood: -8212.218662
[02:25:39] Bootstrap tree #661, logLikelihood: -8309.692956
[02:25:47] Bootstrap tree #662, logLikelihood: -8074.431502
[02:25:55] Bootstrap tree #663, logLikelihood: -8161.278602
[02:26:02] Bootstrap tree #664, logLikelihood: -8151.550789
[02:26:09] Bootstrap tree #665, logLikelihood: -8190.731868
[02:26:22] Bootstrap tree #666, logLikelihood: -8048.376480
[02:26:36] Bootstrap tree #667, logLikelihood: -8422.113006
[02:26:51] Bootstrap tree #668, logLikelihood: -8409.851090
[02:26:58] Bootstrap tree #669, logLikelihood: -8163.871649
[02:27:12] Bootstrap tree #670, logLikelihood: -8325.823694
[02:27:22] Bootstrap tree #671, logLikelihood: -8185.833519
[02:27:36] Bootstrap tree #672, logLikelihood: -8384.520999
[02:27:45] Bootstrap tree #673, logLikelihood: -8237.083984
[02:28:02] Bootstrap tree #674, logLikelihood: -8378.086312
[02:28:13] Bootstrap tree #675, logLikelihood: -8051.036258
[02:28:21] Bootstrap tree #676, logLikelihood: -8053.403996
[02:28:28] Bootstrap tree #677, logLikelihood: -8020.793825
[02:28:36] Bootstrap tree #678, logLikelihood: -8000.541287
[02:28:44] Bootstrap tree #679, logLikelihood: -8279.343363
[02:28:58] Bootstrap tree #680, logLikelihood: -8164.737261
[02:29:15] Bootstrap tree #681, logLikelihood: -8262.771631
[02:29:25] Bootstrap tree #682, logLikelihood: -8092.774253
[02:29:36] Bootstrap tree #683, logLikelihood: -8122.550693
[02:29:53] Bootstrap tree #684, logLikelihood: -8270.593298
[02:30:02] Bootstrap tree #685, logLikelihood: -8274.066003
[02:30:10] Bootstrap tree #686, logLikelihood: -8252.109069
[02:30:23] Bootstrap tree #687, logLikelihood: -8347.138763
[02:30:32] Bootstrap tree #688, logLikelihood: -8155.409800
[02:30:40] Bootstrap tree #689, logLikelihood: -8246.243275
[02:30:51] Bootstrap tree #690, logLikelihood: -8148.723689
[02:31:04] Bootstrap tree #691, logLikelihood: -8421.457932
[02:31:12] Bootstrap tree #692, logLikelihood: -7980.391921
[02:31:20] Bootstrap tree #693, logLikelihood: -8264.715316
[02:31:29] Bootstrap tree #694, logLikelihood: -8145.819775
[02:31:43] Bootstrap tree #695, logLikelihood: -8381.130680
[02:31:53] Bootstrap tree #696, logLikelihood: -8325.534737
[02:32:02] Bootstrap tree #697, logLikelihood: -7943.787851
[02:32:14] Bootstrap tree #698, logLikelihood: -8424.525150
[02:32:25] Bootstrap tree #699, logLikelihood: -8163.895594
[02:32:35] Bootstrap tree #700, logLikelihood: -8202.366860
[02:32:58] Bootstrap tree #701, logLikelihood: -8097.862637
[02:33:06] Bootstrap tree #702, logLikelihood: -8280.122592
[02:33:21] Bootstrap tree #703, logLikelihood: -8243.884020
[02:33:31] Bootstrap tree #704, logLikelihood: -8078.765312
[02:33:42] Bootstrap tree #705, logLikelihood: -8205.223702
[02:33:56] Bootstrap tree #706, logLikelihood: -8146.643195
[02:34:08] Bootstrap tree #707, logLikelihood: -8119.671171
[02:34:20] Bootstrap tree #708, logLikelihood: -8325.210884
[02:34:27] Bootstrap tree #709, logLikelihood: -8084.199980
[02:34:39] Bootstrap tree #710, logLikelihood: -8135.685872
[02:34:49] Bootstrap tree #711, logLikelihood: -8168.989076
[02:34:59] Bootstrap tree #712, logLikelihood: -8220.705548
[02:35:09] Bootstrap tree #713, logLikelihood: -8339.115725
[02:35:25] Bootstrap tree #714, logLikelihood: -8187.272231
[02:35:37] Bootstrap tree #715, logLikelihood: -8124.615091
[02:35:51] Bootstrap tree #716, logLikelihood: -8290.807068
[02:36:04] Bootstrap tree #717, logLikelihood: -8344.967234
[02:36:15] Bootstrap tree #718, logLikelihood: -8211.827599
[02:36:24] Bootstrap tree #719, logLikelihood: -8168.317124
[02:36:36] Bootstrap tree #720, logLikelihood: -8113.004972
[02:36:51] Bootstrap tree #721, logLikelihood: -8468.726799
[02:37:13] Bootstrap tree #722, logLikelihood: -8120.598793
[02:37:29] Bootstrap tree #723, logLikelihood: -8320.046620
[02:37:42] Bootstrap tree #724, logLikelihood: -8262.598636
[02:37:55] Bootstrap tree #725, logLikelihood: -8251.386722
[02:38:11] Bootstrap tree #726, logLikelihood: -8169.391971
[02:38:18] Bootstrap tree #727, logLikelihood: -8396.699172
[02:38:35] Bootstrap tree #728, logLikelihood: -8257.582159
[02:38:43] Bootstrap tree #729, logLikelihood: -8476.137851
[02:38:54] Bootstrap tree #730, logLikelihood: -8149.344903
[02:39:03] Bootstrap tree #731, logLikelihood: -8032.728640
[02:39:12] Bootstrap tree #732, logLikelihood: -8255.500393
[02:39:23] Bootstrap tree #733, logLikelihood: -8402.631265
[02:39:38] Bootstrap tree #734, logLikelihood: -8216.459471
[02:39:50] Bootstrap tree #735, logLikelihood: -7965.827661
[02:40:06] Bootstrap tree #736, logLikelihood: -7888.566901
[02:40:14] Bootstrap tree #737, logLikelihood: -8098.272775
[02:40:28] Bootstrap tree #738, logLikelihood: -8284.482429
[02:40:36] Bootstrap tree #739, logLikelihood: -8343.377473
[02:40:53] Bootstrap tree #740, logLikelihood: -8268.330501
[02:41:04] Bootstrap tree #741, logLikelihood: -8261.490345
[02:41:21] Bootstrap tree #742, logLikelihood: -8187.050412
[02:41:32] Bootstrap tree #743, logLikelihood: -8357.070909
[02:41:39] Bootstrap tree #744, logLikelihood: -8157.770134
[02:41:48] Bootstrap tree #745, logLikelihood: -8034.549076
[02:41:57] Bootstrap tree #746, logLikelihood: -8152.565522
[02:42:06] Bootstrap tree #747, logLikelihood: -8134.844189
[02:42:14] Bootstrap tree #748, logLikelihood: -8221.784765
[02:42:22] Bootstrap tree #749, logLikelihood: -8351.762614
[02:42:36] Bootstrap tree #750, logLikelihood: -8135.020561
[02:42:56] Bootstrap tree #751, logLikelihood: -8167.921319
[02:43:13] Bootstrap tree #752, logLikelihood: -8283.797370
[02:43:36] Bootstrap tree #753, logLikelihood: -8051.359518
[02:44:01] Bootstrap tree #754, logLikelihood: -8277.705438
[02:44:18] Bootstrap tree #755, logLikelihood: -8088.154742
[02:44:26] Bootstrap tree #756, logLikelihood: -8450.605375
[02:44:44] Bootstrap tree #757, logLikelihood: -8161.497199
[02:45:06] Bootstrap tree #758, logLikelihood: -8205.552291
[02:45:13] Bootstrap tree #759, logLikelihood: -8129.660259
[02:45:23] Bootstrap tree #760, logLikelihood: -8273.789489
[02:45:31] Bootstrap tree #761, logLikelihood: -8172.740629
[02:45:49] Bootstrap tree #762, logLikelihood: -8170.725148
[02:46:03] Bootstrap tree #763, logLikelihood: -8263.229511
[02:46:15] Bootstrap tree #764, logLikelihood: -8016.909608
[02:46:38] Bootstrap tree #765, logLikelihood: -8404.160155
[02:46:48] Bootstrap tree #766, logLikelihood: -8040.113890
[02:46:59] Bootstrap tree #767, logLikelihood: -8538.566341
[02:47:07] Bootstrap tree #768, logLikelihood: -8141.214780
[02:47:22] Bootstrap tree #769, logLikelihood: -8046.220561
[02:47:31] Bootstrap tree #770, logLikelihood: -8073.709440
[02:47:42] Bootstrap tree #771, logLikelihood: -8115.998491
[02:47:53] Bootstrap tree #772, logLikelihood: -8416.994005
[02:48:00] Bootstrap tree #773, logLikelihood: -8096.604824
[02:48:12] Bootstrap tree #774, logLikelihood: -8135.252555
[02:48:25] Bootstrap tree #775, logLikelihood: -8180.604185
[02:48:31] Bootstrap tree #776, logLikelihood: -8134.553824
[02:48:37] Bootstrap tree #777, logLikelihood: -8342.484039
[02:48:47] Bootstrap tree #778, logLikelihood: -8116.905134
[02:49:00] Bootstrap tree #779, logLikelihood: -8252.216424
[02:49:09] Bootstrap tree #780, logLikelihood: -8108.946180
[02:49:20] Bootstrap tree #781, logLikelihood: -7952.205264
[02:49:33] Bootstrap tree #782, logLikelihood: -8098.223182
[02:49:50] Bootstrap tree #783, logLikelihood: -7990.862929
[02:50:02] Bootstrap tree #784, logLikelihood: -8187.002077
[02:50:18] Bootstrap tree #785, logLikelihood: -8337.684888
[02:50:25] Bootstrap tree #786, logLikelihood: -8118.413405
[02:50:37] Bootstrap tree #787, logLikelihood: -8212.531277
[02:50:48] Bootstrap tree #788, logLikelihood: -8376.081010
[02:50:58] Bootstrap tree #789, logLikelihood: -8511.889704
[02:51:07] Bootstrap tree #790, logLikelihood: -8131.911842
[02:51:17] Bootstrap tree #791, logLikelihood: -8117.103408
[02:51:24] Bootstrap tree #792, logLikelihood: -7936.646609
[02:51:31] Bootstrap tree #793, logLikelihood: -7885.746615
[02:51:41] Bootstrap tree #794, logLikelihood: -8157.184133
[02:51:53] Bootstrap tree #795, logLikelihood: -8044.031737
[02:52:01] Bootstrap tree #796, logLikelihood: -8117.282649
[02:52:08] Bootstrap tree #797, logLikelihood: -8274.365035
[02:52:20] Bootstrap tree #798, logLikelihood: -8119.404930
[02:52:32] Bootstrap tree #799, logLikelihood: -8630.208997
[02:52:42] Bootstrap tree #800, logLikelihood: -8313.848460
[02:53:07] Bootstrap tree #801, logLikelihood: -8027.067910
[02:53:22] Bootstrap tree #802, logLikelihood: -8343.059584
[02:53:36] Bootstrap tree #803, logLikelihood: -8226.468815
[02:53:47] Bootstrap tree #804, logLikelihood: -8119.465799
[02:53:57] Bootstrap tree #805, logLikelihood: -8318.209634
[02:54:04] Bootstrap tree #806, logLikelihood: -7954.117533
[02:54:14] Bootstrap tree #807, logLikelihood: -8341.627688
[02:54:33] Bootstrap tree #808, logLikelihood: -8401.336092
[02:54:41] Bootstrap tree #809, logLikelihood: -8162.450677
[02:54:56] Bootstrap tree #810, logLikelihood: -8311.106520
[02:55:13] Bootstrap tree #811, logLikelihood: -8273.580863
[02:55:24] Bootstrap tree #812, logLikelihood: -8170.839054
[02:55:38] Bootstrap tree #813, logLikelihood: -8549.931413
[02:55:53] Bootstrap tree #814, logLikelihood: -8464.681105
[02:56:02] Bootstrap tree #815, logLikelihood: -8214.623683
[02:56:16] Bootstrap tree #816, logLikelihood: -8166.688528
[02:56:23] Bootstrap tree #817, logLikelihood: -8165.009430
[02:56:31] Bootstrap tree #818, logLikelihood: -8311.655707
[02:56:39] Bootstrap tree #819, logLikelihood: -8105.756085
[02:56:46] Bootstrap tree #820, logLikelihood: -8008.200391
[02:57:01] Bootstrap tree #821, logLikelihood: -8319.979045
[02:57:10] Bootstrap tree #822, logLikelihood: -8192.000505
[02:57:20] Bootstrap tree #823, logLikelihood: -8309.338178
[02:57:32] Bootstrap tree #824, logLikelihood: -8313.659466
[02:57:44] Bootstrap tree #825, logLikelihood: -8188.043367
[02:57:54] Bootstrap tree #826, logLikelihood: -8285.107464
[02:58:02] Bootstrap tree #827, logLikelihood: -8104.568754
[02:58:11] Bootstrap tree #828, logLikelihood: -8251.343765
[02:58:26] Bootstrap tree #829, logLikelihood: -8134.699149
[02:58:38] Bootstrap tree #830, logLikelihood: -8081.510077
[02:58:49] Bootstrap tree #831, logLikelihood: -8346.238875
[02:58:59] Bootstrap tree #832, logLikelihood: -8201.426670
[02:59:08] Bootstrap tree #833, logLikelihood: -8259.681308
[02:59:18] Bootstrap tree #834, logLikelihood: -8290.907643
[02:59:26] Bootstrap tree #835, logLikelihood: -8245.034380
[02:59:38] Bootstrap tree #836, logLikelihood: -8192.011061
[02:59:48] Bootstrap tree #837, logLikelihood: -8297.446997
[03:00:00] Bootstrap tree #838, logLikelihood: -8275.491800
[03:00:08] Bootstrap tree #839, logLikelihood: -8400.567450
[03:00:18] Bootstrap tree #840, logLikelihood: -7950.739893
[03:00:26] Bootstrap tree #841, logLikelihood: -8450.399883
[03:00:36] Bootstrap tree #842, logLikelihood: -8303.247669
[03:00:44] Bootstrap tree #843, logLikelihood: -8530.873958
[03:00:53] Bootstrap tree #844, logLikelihood: -8253.597521
[03:00:59] Bootstrap tree #845, logLikelihood: -8026.991892
[03:01:06] Bootstrap tree #846, logLikelihood: -8164.484268
[03:01:14] Bootstrap tree #847, logLikelihood: -8381.919868
[03:01:28] Bootstrap tree #848, logLikelihood: -8074.675520
[03:01:39] Bootstrap tree #849, logLikelihood: -8098.650098
[03:01:51] Bootstrap tree #850, logLikelihood: -8337.126419
[03:02:07] Bootstrap tree #851, logLikelihood: -7957.649389
[03:02:18] Bootstrap tree #852, logLikelihood: -8194.602717
[03:02:27] Bootstrap tree #853, logLikelihood: -8080.415931
[03:02:48] Bootstrap tree #854, logLikelihood: -8133.550362
[03:03:01] Bootstrap tree #855, logLikelihood: -8156.885912
[03:03:12] Bootstrap tree #856, logLikelihood: -7849.684688
[03:03:27] Bootstrap tree #857, logLikelihood: -8106.799765
[03:03:42] Bootstrap tree #858, logLikelihood: -8308.196295
[03:03:51] Bootstrap tree #859, logLikelihood: -8224.989265
[03:04:11] Bootstrap tree #860, logLikelihood: -8323.003652
[03:04:24] Bootstrap tree #861, logLikelihood: -8058.035888
[03:04:35] Bootstrap tree #862, logLikelihood: -8269.949812
[03:04:52] Bootstrap tree #863, logLikelihood: -8286.802424
[03:05:09] Bootstrap tree #864, logLikelihood: -8129.007080
[03:05:17] Bootstrap tree #865, logLikelihood: -8193.767221
[03:05:30] Bootstrap tree #866, logLikelihood: -7917.999765
[03:05:42] Bootstrap tree #867, logLikelihood: -8227.619475
[03:05:59] Bootstrap tree #868, logLikelihood: -8092.592499
[03:06:12] Bootstrap tree #869, logLikelihood: -8487.220147
[03:06:19] Bootstrap tree #870, logLikelihood: -8241.152583
[03:06:26] Bootstrap tree #871, logLikelihood: -8247.800404
[03:06:44] Bootstrap tree #872, logLikelihood: -8512.375894
[03:07:02] Bootstrap tree #873, logLikelihood: -8278.631648
[03:07:12] Bootstrap tree #874, logLikelihood: -8272.474825
[03:07:26] Bootstrap tree #875, logLikelihood: -8184.398454
[03:07:33] Bootstrap tree #876, logLikelihood: -8297.766232
[03:07:41] Bootstrap tree #877, logLikelihood: -8069.169190
[03:07:55] Bootstrap tree #878, logLikelihood: -8382.087584
[03:08:09] Bootstrap tree #879, logLikelihood: -8308.986197
[03:08:17] Bootstrap tree #880, logLikelihood: -7923.089303
[03:08:26] Bootstrap tree #881, logLikelihood: -8231.659676
[03:08:33] Bootstrap tree #882, logLikelihood: -8273.615955
[03:08:40] Bootstrap tree #883, logLikelihood: -8353.275527
[03:08:57] Bootstrap tree #884, logLikelihood: -8358.124162
[03:09:14] Bootstrap tree #885, logLikelihood: -8005.199204
[03:09:25] Bootstrap tree #886, logLikelihood: -8318.223146
[03:09:35] Bootstrap tree #887, logLikelihood: -8161.545509
[03:09:44] Bootstrap tree #888, logLikelihood: -8025.219963
[03:09:50] Bootstrap tree #889, logLikelihood: -8121.785330
[03:10:01] Bootstrap tree #890, logLikelihood: -8161.867559
[03:10:21] Bootstrap tree #891, logLikelihood: -8312.769554
[03:10:29] Bootstrap tree #892, logLikelihood: -8450.848153
[03:10:41] Bootstrap tree #893, logLikelihood: -8237.564088
[03:10:55] Bootstrap tree #894, logLikelihood: -8275.786243
[03:11:02] Bootstrap tree #895, logLikelihood: -7983.226026
[03:11:12] Bootstrap tree #896, logLikelihood: -8184.397659
[03:11:25] Bootstrap tree #897, logLikelihood: -8165.643495
[03:11:36] Bootstrap tree #898, logLikelihood: -8321.477437
[03:11:48] Bootstrap tree #899, logLikelihood: -8284.506856
[03:12:07] Bootstrap tree #900, logLikelihood: -8253.041781
[03:12:27] Bootstrap tree #901, logLikelihood: -8114.736243
[03:12:35] Bootstrap tree #902, logLikelihood: -8070.649286
[03:12:48] Bootstrap tree #903, logLikelihood: -8192.983919
[03:12:56] Bootstrap tree #904, logLikelihood: -8581.710742
[03:13:06] Bootstrap tree #905, logLikelihood: -8465.269149
[03:13:14] Bootstrap tree #906, logLikelihood: -8237.544436
[03:13:25] Bootstrap tree #907, logLikelihood: -8375.379051
[03:13:34] Bootstrap tree #908, logLikelihood: -8099.228346
[03:13:45] Bootstrap tree #909, logLikelihood: -8098.477827
[03:13:55] Bootstrap tree #910, logLikelihood: -8134.966185
[03:14:08] Bootstrap tree #911, logLikelihood: -8150.585586
[03:14:18] Bootstrap tree #912, logLikelihood: -8119.677619
[03:14:35] Bootstrap tree #913, logLikelihood: -8366.744925
[03:14:46] Bootstrap tree #914, logLikelihood: -8308.137771
[03:14:59] Bootstrap tree #915, logLikelihood: -8186.850080
[03:15:07] Bootstrap tree #916, logLikelihood: -8165.017520
[03:15:16] Bootstrap tree #917, logLikelihood: -8220.346856
[03:15:34] Bootstrap tree #918, logLikelihood: -8249.361097
[03:15:43] Bootstrap tree #919, logLikelihood: -8347.682197
[03:15:51] Bootstrap tree #920, logLikelihood: -8074.679412
[03:16:05] Bootstrap tree #921, logLikelihood: -8126.762101
[03:16:22] Bootstrap tree #922, logLikelihood: -8068.802748
[03:16:35] Bootstrap tree #923, logLikelihood: -8306.479793
[03:16:43] Bootstrap tree #924, logLikelihood: -8117.732522
[03:16:59] Bootstrap tree #925, logLikelihood: -8191.755395
[03:17:11] Bootstrap tree #926, logLikelihood: -8244.002225
[03:17:22] Bootstrap tree #927, logLikelihood: -8400.745928
[03:17:39] Bootstrap tree #928, logLikelihood: -8302.055916
[03:17:53] Bootstrap tree #929, logLikelihood: -7990.700888
[03:18:03] Bootstrap tree #930, logLikelihood: -8344.484211
[03:18:15] Bootstrap tree #931, logLikelihood: -8346.343124
[03:18:23] Bootstrap tree #932, logLikelihood: -8210.016692
[03:18:42] Bootstrap tree #933, logLikelihood: -8563.249463
[03:18:56] Bootstrap tree #934, logLikelihood: -8537.576262
[03:19:09] Bootstrap tree #935, logLikelihood: -8287.112549
[03:19:21] Bootstrap tree #936, logLikelihood: -8414.031845
[03:19:31] Bootstrap tree #937, logLikelihood: -8215.108984
[03:19:39] Bootstrap tree #938, logLikelihood: -8092.830493
[03:19:47] Bootstrap tree #939, logLikelihood: -8041.756513
[03:20:02] Bootstrap tree #940, logLikelihood: -8259.562445
[03:20:11] Bootstrap tree #941, logLikelihood: -8267.021272
[03:20:29] Bootstrap tree #942, logLikelihood: -8294.972441
[03:20:40] Bootstrap tree #943, logLikelihood: -8265.782220
[03:20:52] Bootstrap tree #944, logLikelihood: -8217.672544
[03:21:02] Bootstrap tree #945, logLikelihood: -8218.899094
[03:21:11] Bootstrap tree #946, logLikelihood: -8073.091491
[03:21:19] Bootstrap tree #947, logLikelihood: -8042.065189
[03:21:32] Bootstrap tree #948, logLikelihood: -8205.027143
[03:21:43] Bootstrap tree #949, logLikelihood: -8223.602565
[03:21:56] Bootstrap tree #950, logLikelihood: -8152.847587
[03:22:20] Bootstrap tree #951, logLikelihood: -8256.279389
[03:22:28] Bootstrap tree #952, logLikelihood: -8123.721676
[03:22:51] Bootstrap tree #953, logLikelihood: -8200.530568
[03:22:59] Bootstrap tree #954, logLikelihood: -8303.318585
[03:23:15] Bootstrap tree #955, logLikelihood: -8215.564831
[03:23:29] Bootstrap tree #956, logLikelihood: -8051.496140
[03:23:42] Bootstrap tree #957, logLikelihood: -8194.588641
[03:23:58] Bootstrap tree #958, logLikelihood: -8425.120056
[03:24:10] Bootstrap tree #959, logLikelihood: -8275.114387
[03:24:24] Bootstrap tree #960, logLikelihood: -8319.876325
[03:24:34] Bootstrap tree #961, logLikelihood: -8338.701894
[03:24:48] Bootstrap tree #962, logLikelihood: -8269.546484
[03:25:10] Bootstrap tree #963, logLikelihood: -7931.978753
[03:25:21] Bootstrap tree #964, logLikelihood: -8191.833452
[03:25:31] Bootstrap tree #965, logLikelihood: -7930.732563
[03:25:44] Bootstrap tree #966, logLikelihood: -8179.054052
[03:25:59] Bootstrap tree #967, logLikelihood: -8128.046391
[03:26:09] Bootstrap tree #968, logLikelihood: -8288.769956
[03:26:28] Bootstrap tree #969, logLikelihood: -8008.353422
[03:26:36] Bootstrap tree #970, logLikelihood: -8135.685498
[03:26:46] Bootstrap tree #971, logLikelihood: -8394.353699
[03:26:56] Bootstrap tree #972, logLikelihood: -8163.950358
[03:27:06] Bootstrap tree #973, logLikelihood: -8286.041494
[03:27:17] Bootstrap tree #974, logLikelihood: -8131.912967
[03:27:39] Bootstrap tree #975, logLikelihood: -8419.673033
[03:27:47] Bootstrap tree #976, logLikelihood: -8430.021442
[03:27:57] Bootstrap tree #977, logLikelihood: -8129.667109
[03:28:07] Bootstrap tree #978, logLikelihood: -8317.738482
[03:28:22] Bootstrap tree #979, logLikelihood: -8377.239342
[03:28:32] Bootstrap tree #980, logLikelihood: -8042.687574
[03:28:41] Bootstrap tree #981, logLikelihood: -8365.609406
[03:28:51] Bootstrap tree #982, logLikelihood: -8197.866732
[03:29:04] Bootstrap tree #983, logLikelihood: -8446.386568
[03:29:10] Bootstrap tree #984, logLikelihood: -7889.546550
[03:29:17] Bootstrap tree #985, logLikelihood: -8184.225747
[03:29:25] Bootstrap tree #986, logLikelihood: -7967.112317
[03:29:40] Bootstrap tree #987, logLikelihood: -8269.150802
[03:29:53] Bootstrap tree #988, logLikelihood: -8153.251228
[03:30:01] Bootstrap tree #989, logLikelihood: -8216.356958
[03:30:11] Bootstrap tree #990, logLikelihood: -8027.336507
[03:30:26] Bootstrap tree #991, logLikelihood: -8222.765565
[03:30:39] Bootstrap tree #992, logLikelihood: -8081.787395
[03:30:48] Bootstrap tree #993, logLikelihood: -8231.404459
[03:30:59] Bootstrap tree #994, logLikelihood: -8287.978610
[03:31:10] Bootstrap tree #995, logLikelihood: -8283.770504
[03:31:32] Bootstrap tree #996, logLikelihood: -8283.953347
[03:31:43] Bootstrap tree #997, logLikelihood: -8041.866819
[03:32:00] Bootstrap tree #998, logLikelihood: -8197.158685
[03:32:09] Bootstrap tree #999, logLikelihood: -8366.607294
[03:32:23] Bootstrap tree #1000, logLikelihood: -8345.177504


Final LogLikelihood: -8281.676597

AIC score: 16837.353195 / AICc score: 16845.044814 / BIC score: 17731.680329
Free parameters (model + branch lengths): 137

Best ML tree saved to: /bigdata/littlab/arajewski/Arundinaria/phylo/concatenated/GTRGI/TESTJimmyConcatenated.phy.partitioned.raxml.bestTree
All ML trees saved to: /bigdata/littlab/arajewski/Arundinaria/phylo/concatenated/GTRGI/TESTJimmyConcatenated.phy.partitioned.raxml.mlTrees
Best ML tree with Felsenstein bootstrap (FBP) support values saved to: /bigdata/littlab/arajewski/Arundinaria/phylo/concatenated/GTRGI/TESTJimmyConcatenated.phy.partitioned.raxml.support
Optimized model saved to: /bigdata/littlab/arajewski/Arundinaria/phylo/concatenated/GTRGI/TESTJimmyConcatenated.phy.partitioned.raxml.bestModel
Bootstrap trees saved to: /bigdata/littlab/arajewski/Arundinaria/phylo/concatenated/GTRGI/TESTJimmyConcatenated.phy.partitioned.raxml.bootstraps

Execution log saved to: /bigdata/littlab/arajewski/Arundinaria/phylo/concatenated/GTRGI/TESTJimmyConcatenated.phy.partitioned.raxml.log

Analysis started: 22-Aug-2019 15:56:19 / finished: 22-Aug-2019 19:28:55

Elapsed time: 12755.730 seconds

JobId=5684100 JobName=6b_RAxML.sh
   UserId=arajewski(3080) GroupId=littlab(1144) MCS_label=N/A
   Priority=11606002 Nice=0 Account=littlab QOS=normal
   JobState=RUNNING Reason=None Dependency=(null)
   Requeue=1 Restarts=0 BatchFlag=1 Reboot=0 ExitCode=0:0
   RunTime=03:32:38 TimeLimit=06:00:00 TimeMin=N/A
   SubmitTime=2019-08-22T15:56:18 EligibleTime=2019-08-22T15:56:18
   StartTime=2019-08-22T15:56:18 EndTime=2019-08-22T21:56:18 Deadline=N/A
   PreemptTime=None SuspendTime=None SecsPreSuspend=0
   Partition=intel AllocNode:Sid=pigeon:7459
   ReqNodeList=(null) ExcNodeList=(null)
   NodeList=i20
   BatchHost=i20
   NumNodes=1 NumCPUs=2 NumTasks=1 CPUs/Task=1 ReqB:S:C:T=0:0:*:*
   TRES=cpu=2,mem=8G,node=1
   Socks/Node=* NtasksPerN:B:S:C=0:0:*:* CoreSpec=*
   MinCPUsNode=1 MinMemoryCPU=4G MinTmpDiskNode=0
   Features=(null) Gres=(null) Reservation=(null)
   OverSubscribe=OK Contiguous=0 Licenses=(null) Network=(null)
   Command=/bigdata/littlab/arajewski/Arundinaria/phylo/6b_RAxML.sh
   WorkDir=/bigdata/littlab/arajewski/Arundinaria/phylo
   StdErr=/bigdata/littlab/arajewski/Arundinaria/phylo/../history/RAxML-5684100.out
   StdIn=/dev/null
   StdOut=/bigdata/littlab/arajewski/Arundinaria/phylo/../history/RAxML-5684100.out
   Power=

