Mon Aug 19 17:35:59 PDT 2019: Parsing already complete
Mon Aug 19 17:35:59 PDT 2019: Beginning RAxML estimation.

RAxML-NG v. 0.9.0 released on 20.05.2019 by The Exelixis Lab.
Developed by: Alexey M. Kozlov and Alexandros Stamatakis.
Contributors: Diego Darriba, Tomas Flouri, Benoit Morel, Sarah Lutteropp, Ben Bettisworth.
Latest version: https://github.com/amkozlov/raxml-ng
Questions/problems/suggestions? Please visit: https://groups.google.com/forum/#!forum/raxml

RAxML-NG was called at 19-Aug-2019 17:35:59 as follows:

raxml-ng --all --tree pars{25},rand{25} --msa ../Concatenated_ambig.afa --prefix ./Concatenated_ambig.afa --model GTR+G+I --seed 121787 --threads 1 --blopt nr_safe

Analysis options:
  run mode: ML tree search + bootstrapping (Felsenstein Bootstrap)
  start tree(s): random (25) + parsimony (25)
  bootstrap replicates: max: 1000 + bootstopping (autoMRE, cutoff: 0.030000)
  random seed: 121787
  tip-inner: OFF
  pattern compression: ON
  per-rate scalers: OFF
  site repeats: ON
  branch lengths: proportional (ML estimate, algorithm: NR-SAFE)
  SIMD kernels: AVX2
  parallelization: NONE/sequential

WARNING: The model you specified on the command line (GTR+G+I) will be ignored 
         since the binary MSA file already contains a model definition.
         If you want to change the model, please re-run RAxML-NG 
         with the original PHYLIP/FASTA alignment and --redo option.

[00:00:00] Loading binary alignment from file: ./Concatenated_ambig.afa.raxml.rba
[00:00:00] Alignment comprises 74 taxa, 1 partitions and 40 patterns

Partition 0: noname
Model: GTR+FO+I+G4m
Alignment sites / patterns: 4903 / 40
Gaps: 0.00 %
Invariant sites: 99.20 %


[00:00:00] NOTE: Resuming execution from checkpoint (logLH: -7074.27, ML trees: 50, bootstraps: 318)
[00:00:00] Data distribution: max. partitions/sites/weight per thread: 1 / 40 / 640

[00:00:00] ML tree search completed, best tree logLH: -7120.506638

[00:00:00] Starting bootstrapping analysis with 1000 replicates.

[00:00:01] Bootstrap tree #319, logLikelihood: -7059.743111
[00:00:03] Bootstrap tree #320, logLikelihood: -7153.299928
[00:00:05] Bootstrap tree #321, logLikelihood: -7125.899114
[00:00:08] Bootstrap tree #322, logLikelihood: -7042.527410
[00:00:11] Bootstrap tree #323, logLikelihood: -7088.509362
[00:00:17] Bootstrap tree #324, logLikelihood: -7167.663726
[00:00:19] Bootstrap tree #325, logLikelihood: -7008.959691
[00:00:21] Bootstrap tree #326, logLikelihood: -7033.128190
[00:00:25] Bootstrap tree #327, logLikelihood: -7224.927234
[00:00:27] Bootstrap tree #328, logLikelihood: -6959.431491
[00:00:29] Bootstrap tree #329, logLikelihood: -7198.846681
[00:00:31] Bootstrap tree #330, logLikelihood: -7164.294030
[00:00:34] Bootstrap tree #331, logLikelihood: -7158.034252
[00:00:37] Bootstrap tree #332, logLikelihood: -7068.560236
[00:00:39] Bootstrap tree #333, logLikelihood: -7024.434814
[00:00:41] Bootstrap tree #334, logLikelihood: -7162.655609
[00:00:44] Bootstrap tree #335, logLikelihood: -7146.220411
[00:00:46] Bootstrap tree #336, logLikelihood: -6982.567693
[00:00:50] Bootstrap tree #337, logLikelihood: -7191.666524
[00:00:53] Bootstrap tree #338, logLikelihood: -7070.083689
[00:00:58] Bootstrap tree #339, logLikelihood: -7276.747347
[00:01:01] Bootstrap tree #340, logLikelihood: -7063.164198
[00:01:03] Bootstrap tree #341, logLikelihood: -7132.452062
[00:01:05] Bootstrap tree #342, logLikelihood: -7028.154724
[00:01:07] Bootstrap tree #343, logLikelihood: -7057.974368
[00:01:09] Bootstrap tree #344, logLikelihood: -7074.195677
[00:01:12] Bootstrap tree #345, logLikelihood: -7185.970866
[00:01:14] Bootstrap tree #346, logLikelihood: -7111.700034
[00:01:18] Bootstrap tree #347, logLikelihood: -7122.822154
[00:01:21] Bootstrap tree #348, logLikelihood: -7020.621454
[00:01:22] Bootstrap tree #349, logLikelihood: -7130.409282
[00:01:25] Bootstrap tree #350, logLikelihood: -7065.923517
[00:01:29] Bootstrap tree #351, logLikelihood: -7142.808912
[00:01:33] Bootstrap tree #352, logLikelihood: -7151.449493
[00:01:35] Bootstrap tree #353, logLikelihood: -7078.516450
[00:01:37] Bootstrap tree #354, logLikelihood: -6996.622236
[00:01:39] Bootstrap tree #355, logLikelihood: -7099.689816
[00:01:42] Bootstrap tree #356, logLikelihood: -7053.678630
[00:01:45] Bootstrap tree #357, logLikelihood: -7012.563209
[00:01:47] Bootstrap tree #358, logLikelihood: -7067.524048
[00:01:50] Bootstrap tree #359, logLikelihood: -7217.371941
[00:01:53] Bootstrap tree #360, logLikelihood: -7181.291051
[00:01:56] Bootstrap tree #361, logLikelihood: -7075.788461
[00:02:00] Bootstrap tree #362, logLikelihood: -7142.549493
[00:02:02] Bootstrap tree #363, logLikelihood: -7085.112164
[00:02:04] Bootstrap tree #364, logLikelihood: -7054.137377
[00:02:06] Bootstrap tree #365, logLikelihood: -7014.384308
[00:02:09] Bootstrap tree #366, logLikelihood: -7037.604903
[00:02:11] Bootstrap tree #367, logLikelihood: -7124.709037
[00:02:13] Bootstrap tree #368, logLikelihood: -7063.257729
[00:02:15] Bootstrap tree #369, logLikelihood: -6937.408404
[00:02:16] Bootstrap tree #370, logLikelihood: -7160.041647
[00:02:19] Bootstrap tree #371, logLikelihood: -7076.843435
[00:02:23] Bootstrap tree #372, logLikelihood: -7079.986495
[00:02:25] Bootstrap tree #373, logLikelihood: -7111.842203
[00:02:27] Bootstrap tree #374, logLikelihood: -7036.014689
[00:02:29] Bootstrap tree #375, logLikelihood: -7061.628618
[00:02:32] Bootstrap tree #376, logLikelihood: -7081.974075
[00:02:34] Bootstrap tree #377, logLikelihood: -7164.839857
[00:02:37] Bootstrap tree #378, logLikelihood: -7133.345836
[00:02:39] Bootstrap tree #379, logLikelihood: -7057.743911
[00:02:43] Bootstrap tree #380, logLikelihood: -7045.685179
[00:02:45] Bootstrap tree #381, logLikelihood: -6992.619179
[00:02:48] Bootstrap tree #382, logLikelihood: -7162.773838
[00:02:50] Bootstrap tree #383, logLikelihood: -7093.054416
[00:02:54] Bootstrap tree #384, logLikelihood: -7180.059756
[00:02:57] Bootstrap tree #385, logLikelihood: -7147.547141
[00:03:00] Bootstrap tree #386, logLikelihood: -7041.126595
[00:03:03] Bootstrap tree #387, logLikelihood: -7186.238111
[00:03:06] Bootstrap tree #388, logLikelihood: -7009.473099
[00:03:08] Bootstrap tree #389, logLikelihood: -7115.814079
[00:03:12] Bootstrap tree #390, logLikelihood: -7094.098277
[00:03:13] Bootstrap tree #391, logLikelihood: -7127.873953
[00:03:15] Bootstrap tree #392, logLikelihood: -7041.890685
[00:03:18] Bootstrap tree #393, logLikelihood: -7223.412519
[00:03:22] Bootstrap tree #394, logLikelihood: -7125.135406
[00:03:25] Bootstrap tree #395, logLikelihood: -7138.912900
[00:03:28] Bootstrap tree #396, logLikelihood: -7116.231248
[00:03:30] Bootstrap tree #397, logLikelihood: -6967.653469
[00:03:33] Bootstrap tree #398, logLikelihood: -7099.636961
[00:03:36] Bootstrap tree #399, logLikelihood: -7190.886489
[00:03:38] Bootstrap tree #400, logLikelihood: -7081.092286
[00:03:44] Bootstrap tree #401, logLikelihood: -7111.156764
[00:03:46] Bootstrap tree #402, logLikelihood: -7151.937608
[00:03:50] Bootstrap tree #403, logLikelihood: -7217.201108
[00:03:52] Bootstrap tree #404, logLikelihood: -7082.713926
[00:03:54] Bootstrap tree #405, logLikelihood: -7093.161094
[00:03:56] Bootstrap tree #406, logLikelihood: -7076.472578
[00:04:00] Bootstrap tree #407, logLikelihood: -7011.135672
[00:04:03] Bootstrap tree #408, logLikelihood: -7137.658421
[00:04:09] Bootstrap tree #409, logLikelihood: -7286.690446
[00:04:13] Bootstrap tree #410, logLikelihood: -7246.146399
[00:04:16] Bootstrap tree #411, logLikelihood: -7165.390913
[00:04:20] Bootstrap tree #412, logLikelihood: -7177.345380
[00:04:22] Bootstrap tree #413, logLikelihood: -7092.407198
[00:04:24] Bootstrap tree #414, logLikelihood: -7097.002397
[00:04:27] Bootstrap tree #415, logLikelihood: -7065.582211
[00:04:30] Bootstrap tree #416, logLikelihood: -7114.914586
[00:04:32] Bootstrap tree #417, logLikelihood: -7139.190924
[00:04:35] Bootstrap tree #418, logLikelihood: -7070.602395
[00:04:37] Bootstrap tree #419, logLikelihood: -7066.308613
[00:04:39] Bootstrap tree #420, logLikelihood: -7131.145562
[00:04:44] Bootstrap tree #421, logLikelihood: -7073.460260
[00:04:46] Bootstrap tree #422, logLikelihood: -7060.448371
[00:04:49] Bootstrap tree #423, logLikelihood: -7121.783517
[00:04:50] Bootstrap tree #424, logLikelihood: -7051.378667
[00:04:53] Bootstrap tree #425, logLikelihood: -7266.314674
[00:04:56] Bootstrap tree #426, logLikelihood: -7108.854073
[00:04:59] Bootstrap tree #427, logLikelihood: -7049.193970
[00:05:02] Bootstrap tree #428, logLikelihood: -7300.404167
[00:05:04] Bootstrap tree #429, logLikelihood: -7036.820212
[00:05:06] Bootstrap tree #430, logLikelihood: -7016.957066
[00:05:09] Bootstrap tree #431, logLikelihood: -7233.265104
[00:05:12] Bootstrap tree #432, logLikelihood: -7092.302162
[00:05:14] Bootstrap tree #433, logLikelihood: -7175.085950
[00:05:16] Bootstrap tree #434, logLikelihood: -7196.667682
[00:05:21] Bootstrap tree #435, logLikelihood: -7158.984737
[00:05:23] Bootstrap tree #436, logLikelihood: -7109.236660
[00:05:26] Bootstrap tree #437, logLikelihood: -7180.729737
[00:05:31] Bootstrap tree #438, logLikelihood: -7218.407284
[00:05:33] Bootstrap tree #439, logLikelihood: -7017.024189
[00:05:35] Bootstrap tree #440, logLikelihood: -7092.408001
[00:05:38] Bootstrap tree #441, logLikelihood: -7048.667050
[00:05:40] Bootstrap tree #442, logLikelihood: -7170.765954
[00:05:42] Bootstrap tree #443, logLikelihood: -7154.783988
[00:05:46] Bootstrap tree #444, logLikelihood: -6962.925312
[00:05:47] Bootstrap tree #445, logLikelihood: -7006.268293
[00:05:50] Bootstrap tree #446, logLikelihood: -7160.455648
[00:05:52] Bootstrap tree #447, logLikelihood: -7141.531280
[00:05:54] Bootstrap tree #448, logLikelihood: -7079.393607
[00:05:57] Bootstrap tree #449, logLikelihood: -7179.013783
[00:06:00] Bootstrap tree #450, logLikelihood: -7047.480408
[00:06:06] Bootstrap tree #451, logLikelihood: -7134.592453
[00:06:10] Bootstrap tree #452, logLikelihood: -7194.401652
[00:06:13] Bootstrap tree #453, logLikelihood: -7050.447247
[00:06:16] Bootstrap tree #454, logLikelihood: -7097.909394
[00:06:18] Bootstrap tree #455, logLikelihood: -7124.888784
[00:06:21] Bootstrap tree #456, logLikelihood: -7049.351998
[00:06:22] Bootstrap tree #457, logLikelihood: -7105.658762
[00:06:24] Bootstrap tree #458, logLikelihood: -7049.016219
[00:06:26] Bootstrap tree #459, logLikelihood: -7032.952799
[00:06:28] Bootstrap tree #460, logLikelihood: -7135.991631
[00:06:31] Bootstrap tree #461, logLikelihood: -7121.498667
[00:06:32] Bootstrap tree #462, logLikelihood: -6991.197536
[00:06:34] Bootstrap tree #463, logLikelihood: -7043.271002
[00:06:37] Bootstrap tree #464, logLikelihood: -7133.883209
[00:06:39] Bootstrap tree #465, logLikelihood: -7127.685355
[00:06:41] Bootstrap tree #466, logLikelihood: -7024.440764
[00:06:44] Bootstrap tree #467, logLikelihood: -7159.167352
[00:06:45] Bootstrap tree #468, logLikelihood: -7128.235308
[00:06:48] Bootstrap tree #469, logLikelihood: -7105.699007
[00:06:50] Bootstrap tree #470, logLikelihood: -7109.793608
[00:06:52] Bootstrap tree #471, logLikelihood: -7001.355328
[00:06:54] Bootstrap tree #472, logLikelihood: -7145.786023
[00:06:57] Bootstrap tree #473, logLikelihood: -7082.188053
[00:06:58] Bootstrap tree #474, logLikelihood: -7007.178301
[00:07:01] Bootstrap tree #475, logLikelihood: -7129.876868
[00:07:04] Bootstrap tree #476, logLikelihood: -7000.337693
[00:07:06] Bootstrap tree #477, logLikelihood: -7049.056692
[00:07:09] Bootstrap tree #478, logLikelihood: -7121.919077
[00:07:11] Bootstrap tree #479, logLikelihood: -7152.771243
[00:07:13] Bootstrap tree #480, logLikelihood: -7053.540699
[00:07:16] Bootstrap tree #481, logLikelihood: -7049.515624
[00:07:18] Bootstrap tree #482, logLikelihood: -7132.333797
[00:07:21] Bootstrap tree #483, logLikelihood: -7052.285113
[00:07:24] Bootstrap tree #484, logLikelihood: -7087.751906
[00:07:29] Bootstrap tree #485, logLikelihood: -7183.590579
[00:07:31] Bootstrap tree #486, logLikelihood: -7095.660699
[00:07:34] Bootstrap tree #487, logLikelihood: -7098.627657
[00:07:36] Bootstrap tree #488, logLikelihood: -7134.177229
[00:07:42] Bootstrap tree #489, logLikelihood: -7117.480615
[00:07:45] Bootstrap tree #490, logLikelihood: -7020.197915
[00:07:47] Bootstrap tree #491, logLikelihood: -7062.822449
[00:07:49] Bootstrap tree #492, logLikelihood: -7020.341537
[00:07:52] Bootstrap tree #493, logLikelihood: -7156.820921
[00:07:57] Bootstrap tree #494, logLikelihood: -7123.048977
[00:08:01] Bootstrap tree #495, logLikelihood: -7161.652308
[00:08:05] Bootstrap tree #496, logLikelihood: -7080.043400
[00:08:07] Bootstrap tree #497, logLikelihood: -7167.414055
[00:08:10] Bootstrap tree #498, logLikelihood: -7089.886396
[00:08:12] Bootstrap tree #499, logLikelihood: -7134.951847
[00:08:14] Bootstrap tree #500, logLikelihood: -7080.524050
[00:08:24] Bootstrap tree #501, logLikelihood: -7070.093050
[00:08:28] Bootstrap tree #502, logLikelihood: -7107.585558
[00:08:31] Bootstrap tree #503, logLikelihood: -7058.447187
[00:08:33] Bootstrap tree #504, logLikelihood: -7061.308602
[00:08:35] Bootstrap tree #505, logLikelihood: -7109.634308
[00:08:38] Bootstrap tree #506, logLikelihood: -7052.994227
[00:08:40] Bootstrap tree #507, logLikelihood: -7021.890763
[00:08:41] Bootstrap tree #508, logLikelihood: -7060.164781
[00:08:43] Bootstrap tree #509, logLikelihood: -7082.284497
[00:08:45] Bootstrap tree #510, logLikelihood: -7229.315345
[00:08:48] Bootstrap tree #511, logLikelihood: -7188.810183
[00:08:50] Bootstrap tree #512, logLikelihood: -7028.740339
[00:08:52] Bootstrap tree #513, logLikelihood: -6983.017407
[00:08:56] Bootstrap tree #514, logLikelihood: -7092.497596
[00:09:02] Bootstrap tree #515, logLikelihood: -7202.889197
[00:09:04] Bootstrap tree #516, logLikelihood: -7025.344740
[00:09:06] Bootstrap tree #517, logLikelihood: -7208.862123
[00:09:09] Bootstrap tree #518, logLikelihood: -7220.267349
[00:09:10] Bootstrap tree #519, logLikelihood: -7062.851201
[00:09:13] Bootstrap tree #520, logLikelihood: -7197.886598
[00:09:16] Bootstrap tree #521, logLikelihood: -7252.190984
[00:09:18] Bootstrap tree #522, logLikelihood: -7137.560890
[00:09:20] Bootstrap tree #523, logLikelihood: -7191.576169
[00:09:23] Bootstrap tree #524, logLikelihood: -7213.470242
[00:09:27] Bootstrap tree #525, logLikelihood: -7111.133555
[00:09:29] Bootstrap tree #526, logLikelihood: -7112.195116
[00:09:32] Bootstrap tree #527, logLikelihood: -7157.897954
[00:09:34] Bootstrap tree #528, logLikelihood: -7125.269075
[00:09:37] Bootstrap tree #529, logLikelihood: -7086.234635
[00:09:39] Bootstrap tree #530, logLikelihood: -7224.214239
[00:09:41] Bootstrap tree #531, logLikelihood: -7134.213541
[00:09:43] Bootstrap tree #532, logLikelihood: -6987.243968
[00:09:46] Bootstrap tree #533, logLikelihood: -7126.888144
[00:09:48] Bootstrap tree #534, logLikelihood: -7057.492860
[00:09:50] Bootstrap tree #535, logLikelihood: -7072.580331
[00:09:53] Bootstrap tree #536, logLikelihood: -7040.287369
[00:09:56] Bootstrap tree #537, logLikelihood: -7089.176303
[00:10:01] Bootstrap tree #538, logLikelihood: -7201.434003
[00:10:04] Bootstrap tree #539, logLikelihood: -7020.128369
[00:10:06] Bootstrap tree #540, logLikelihood: -7142.124280
[00:10:08] Bootstrap tree #541, logLikelihood: -7143.270529
[00:10:10] Bootstrap tree #542, logLikelihood: -6947.275600
[00:10:14] Bootstrap tree #543, logLikelihood: -7157.359373
[00:10:15] Bootstrap tree #544, logLikelihood: -7077.955893
[00:10:17] Bootstrap tree #545, logLikelihood: -7049.834531
[00:10:19] Bootstrap tree #546, logLikelihood: -7097.950238
[00:10:21] Bootstrap tree #547, logLikelihood: -7162.136957
[00:10:24] Bootstrap tree #548, logLikelihood: -7114.750915
[00:10:27] Bootstrap tree #549, logLikelihood: -7050.319075
[00:10:30] Bootstrap tree #550, logLikelihood: -7115.513811
[00:10:41] Bootstrap tree #551, logLikelihood: -7190.989727
[00:10:43] Bootstrap tree #552, logLikelihood: -7059.067990
[00:10:45] Bootstrap tree #553, logLikelihood: -7113.982051
[00:10:47] Bootstrap tree #554, logLikelihood: -7063.947146
[00:10:49] Bootstrap tree #555, logLikelihood: -7076.617596
[00:10:52] Bootstrap tree #556, logLikelihood: -7077.404557
[00:10:55] Bootstrap tree #557, logLikelihood: -7182.072554
[00:10:58] Bootstrap tree #558, logLikelihood: -7052.624941
[00:11:01] Bootstrap tree #559, logLikelihood: -7056.865794
[00:11:03] Bootstrap tree #560, logLikelihood: -7028.483159
[00:11:07] Bootstrap tree #561, logLikelihood: -7125.534181
[00:11:11] Bootstrap tree #562, logLikelihood: -7110.263931
[00:11:13] Bootstrap tree #563, logLikelihood: -7106.019411
[00:11:15] Bootstrap tree #564, logLikelihood: -7101.632520
[00:11:17] Bootstrap tree #565, logLikelihood: -7144.684900
[00:11:19] Bootstrap tree #566, logLikelihood: -7140.952401
[00:11:22] Bootstrap tree #567, logLikelihood: -7041.944984
[00:11:24] Bootstrap tree #568, logLikelihood: -6963.251205
[00:11:26] Bootstrap tree #569, logLikelihood: -7075.500763
[00:11:31] Bootstrap tree #570, logLikelihood: -7137.702201
[00:11:35] Bootstrap tree #571, logLikelihood: -7181.567713
[00:11:39] Bootstrap tree #572, logLikelihood: -7162.976366
[00:11:41] Bootstrap tree #573, logLikelihood: -6957.250709
[00:11:43] Bootstrap tree #574, logLikelihood: -7055.937500
[00:11:45] Bootstrap tree #575, logLikelihood: -7050.630572
[00:11:48] Bootstrap tree #576, logLikelihood: -7203.096041
[00:11:49] Bootstrap tree #577, logLikelihood: -6973.903359
[00:11:51] Bootstrap tree #578, logLikelihood: -7001.486673
[00:11:53] Bootstrap tree #579, logLikelihood: -7063.340942
[00:11:56] Bootstrap tree #580, logLikelihood: -7128.305669
[00:11:59] Bootstrap tree #581, logLikelihood: -7055.478014
[00:12:01] Bootstrap tree #582, logLikelihood: -7297.599298
[00:12:03] Bootstrap tree #583, logLikelihood: -7097.411595
[00:12:07] Bootstrap tree #584, logLikelihood: -7201.306878
[00:12:10] Bootstrap tree #585, logLikelihood: -7052.972315
[00:12:14] Bootstrap tree #586, logLikelihood: -7119.070827
[00:12:16] Bootstrap tree #587, logLikelihood: -7171.722570
[00:12:18] Bootstrap tree #588, logLikelihood: -7014.514221
[00:12:21] Bootstrap tree #589, logLikelihood: -7158.531904
[00:12:24] Bootstrap tree #590, logLikelihood: -7103.088974
[00:12:29] Bootstrap tree #591, logLikelihood: -7209.857707
[00:12:32] Bootstrap tree #592, logLikelihood: -7034.578510
[00:12:35] Bootstrap tree #593, logLikelihood: -7072.154923
[00:12:37] Bootstrap tree #594, logLikelihood: -7041.166531
[00:12:39] Bootstrap tree #595, logLikelihood: -7130.589043
[00:12:44] Bootstrap tree #596, logLikelihood: -7114.594806
[00:12:46] Bootstrap tree #597, logLikelihood: -6988.973592
[00:12:47] Bootstrap tree #598, logLikelihood: -7038.791647
[00:12:53] Bootstrap tree #599, logLikelihood: -7078.873553
[00:12:54] Bootstrap tree #600, logLikelihood: -7077.840060
[00:13:11] Bootstrap tree #601, logLikelihood: -7097.156835
[00:13:13] Bootstrap tree #602, logLikelihood: -7071.921687
[00:13:16] Bootstrap tree #603, logLikelihood: -7191.856252
[00:13:18] Bootstrap tree #604, logLikelihood: -7093.620634
[00:13:22] Bootstrap tree #605, logLikelihood: -7169.743824
[00:13:23] Bootstrap tree #606, logLikelihood: -6966.278076
[00:13:25] Bootstrap tree #607, logLikelihood: -6994.031654
[00:13:27] Bootstrap tree #608, logLikelihood: -7204.969822
[00:13:29] Bootstrap tree #609, logLikelihood: -7065.425784
[00:13:32] Bootstrap tree #610, logLikelihood: -7096.665872
[00:13:36] Bootstrap tree #611, logLikelihood: -7129.660960
[00:13:41] Bootstrap tree #612, logLikelihood: -7010.596562
[00:13:43] Bootstrap tree #613, logLikelihood: -7086.341873
[00:13:46] Bootstrap tree #614, logLikelihood: -7128.961148
[00:13:49] Bootstrap tree #615, logLikelihood: -7156.179884
[00:13:51] Bootstrap tree #616, logLikelihood: -7091.721487
[00:13:53] Bootstrap tree #617, logLikelihood: -7122.225218
[00:13:56] Bootstrap tree #618, logLikelihood: -7031.406529
[00:13:58] Bootstrap tree #619, logLikelihood: -7079.209026
[00:14:01] Bootstrap tree #620, logLikelihood: -7043.230574
[00:14:04] Bootstrap tree #621, logLikelihood: -7041.362977
[00:14:07] Bootstrap tree #622, logLikelihood: -7025.137380
[00:14:11] Bootstrap tree #623, logLikelihood: -7072.555201
[00:14:14] Bootstrap tree #624, logLikelihood: -7124.040015
[00:14:17] Bootstrap tree #625, logLikelihood: -7156.375054
[00:14:19] Bootstrap tree #626, logLikelihood: -7002.545348
[00:14:20] Bootstrap tree #627, logLikelihood: -7015.819554
[00:14:23] Bootstrap tree #628, logLikelihood: -7187.073143
[00:14:25] Bootstrap tree #629, logLikelihood: -7158.261803
[00:14:28] Bootstrap tree #630, logLikelihood: -6946.289671
[00:14:29] Bootstrap tree #631, logLikelihood: -7036.656930
[00:14:32] Bootstrap tree #632, logLikelihood: -7143.539448
[00:14:35] Bootstrap tree #633, logLikelihood: -7113.378985
[00:14:37] Bootstrap tree #634, logLikelihood: -7048.208552
[00:14:40] Bootstrap tree #635, logLikelihood: -7083.938633
[00:14:44] Bootstrap tree #636, logLikelihood: -7052.523982
[00:14:45] Bootstrap tree #637, logLikelihood: -7011.770459
[00:14:47] Bootstrap tree #638, logLikelihood: -7102.531828
[00:14:51] Bootstrap tree #639, logLikelihood: -7112.921503
[00:14:53] Bootstrap tree #640, logLikelihood: -7204.523775
[00:14:55] Bootstrap tree #641, logLikelihood: -7099.397119
[00:14:57] Bootstrap tree #642, logLikelihood: -7067.350177
[00:15:01] Bootstrap tree #643, logLikelihood: -7152.609086
[00:15:03] Bootstrap tree #644, logLikelihood: -7120.626540
[00:15:06] Bootstrap tree #645, logLikelihood: -7148.799770
[00:15:08] Bootstrap tree #646, logLikelihood: -7015.875155
[00:15:11] Bootstrap tree #647, logLikelihood: -7221.248105
[00:15:12] Bootstrap tree #648, logLikelihood: -6984.603214
[00:15:14] Bootstrap tree #649, logLikelihood: -7119.258608
[00:15:17] Bootstrap tree #650, logLikelihood: -7062.046275
[00:15:30] Bootstrap tree #651, logLikelihood: -7059.485344
[00:15:33] Bootstrap tree #652, logLikelihood: -7200.751004
[00:15:36] Bootstrap tree #653, logLikelihood: -7222.261265
[00:15:39] Bootstrap tree #654, logLikelihood: -7052.080032
[00:15:41] Bootstrap tree #655, logLikelihood: -7014.671809
[00:15:43] Bootstrap tree #656, logLikelihood: -7193.442830
[00:15:46] Bootstrap tree #657, logLikelihood: -7089.185031
[00:15:50] Bootstrap tree #658, logLikelihood: -7153.396317
[00:15:52] Bootstrap tree #659, logLikelihood: -7026.592700
[00:15:55] Bootstrap tree #660, logLikelihood: -7069.347582
[00:15:57] Bootstrap tree #661, logLikelihood: -7042.510035
[00:16:01] Bootstrap tree #662, logLikelihood: -7132.134888
[00:16:03] Bootstrap tree #663, logLikelihood: -7116.877930
[00:16:05] Bootstrap tree #664, logLikelihood: -7105.333874
[00:16:08] Bootstrap tree #665, logLikelihood: -7122.132104
[00:16:11] Bootstrap tree #666, logLikelihood: -7120.938346
[00:16:13] Bootstrap tree #667, logLikelihood: -7163.669475
[00:16:17] Bootstrap tree #668, logLikelihood: -7242.262252
[00:16:19] Bootstrap tree #669, logLikelihood: -7046.902607
[00:16:21] Bootstrap tree #670, logLikelihood: -7112.219824
[00:16:24] Bootstrap tree #671, logLikelihood: -7085.672882
[00:16:26] Bootstrap tree #672, logLikelihood: -7124.675338
[00:16:28] Bootstrap tree #673, logLikelihood: -7233.969013
[00:16:31] Bootstrap tree #674, logLikelihood: -7239.695381
[00:16:37] Bootstrap tree #675, logLikelihood: -7190.436867
[00:16:39] Bootstrap tree #676, logLikelihood: -7103.192249
[00:16:41] Bootstrap tree #677, logLikelihood: -6950.590536
[00:16:43] Bootstrap tree #678, logLikelihood: -7038.427146
[00:16:45] Bootstrap tree #679, logLikelihood: -7110.125727
[00:16:47] Bootstrap tree #680, logLikelihood: -7106.969599
[00:16:48] Bootstrap tree #681, logLikelihood: -7020.838685
[00:16:51] Bootstrap tree #682, logLikelihood: -7144.534817
[00:16:53] Bootstrap tree #683, logLikelihood: -7079.987153
[00:16:56] Bootstrap tree #684, logLikelihood: -7061.114256
[00:16:59] Bootstrap tree #685, logLikelihood: -7047.933093
[00:17:01] Bootstrap tree #686, logLikelihood: -7075.349921
[00:17:05] Bootstrap tree #687, logLikelihood: -7172.856403
[00:17:08] Bootstrap tree #688, logLikelihood: -7147.568292
[00:17:10] Bootstrap tree #689, logLikelihood: -7082.564875
[00:17:12] Bootstrap tree #690, logLikelihood: -7108.475465
[00:17:14] Bootstrap tree #691, logLikelihood: -7007.256843
[00:17:16] Bootstrap tree #692, logLikelihood: -7025.048387
[00:17:18] Bootstrap tree #693, logLikelihood: -7104.892112
[00:17:19] Bootstrap tree #694, logLikelihood: -7004.722686
[00:17:21] Bootstrap tree #695, logLikelihood: -7048.375745
[00:17:23] Bootstrap tree #696, logLikelihood: -7067.563358
[00:17:25] Bootstrap tree #697, logLikelihood: -7029.459055
[00:17:27] Bootstrap tree #698, logLikelihood: -7175.831241
[00:17:30] Bootstrap tree #699, logLikelihood: -7030.571764
[00:17:33] Bootstrap tree #700, logLikelihood: -7046.277256
[00:17:48] Bootstrap tree #701, logLikelihood: -7048.645407
[00:17:50] Bootstrap tree #702, logLikelihood: -7140.166697
[00:17:52] Bootstrap tree #703, logLikelihood: -7034.846205
[00:17:55] Bootstrap tree #704, logLikelihood: -7040.051327
[00:17:59] Bootstrap tree #705, logLikelihood: -7105.467138
[00:18:01] Bootstrap tree #706, logLikelihood: -7179.271525
[00:18:04] Bootstrap tree #707, logLikelihood: -7109.230840
[00:18:07] Bootstrap tree #708, logLikelihood: -7185.021193
[00:18:09] Bootstrap tree #709, logLikelihood: -7199.059849
[00:18:14] Bootstrap tree #710, logLikelihood: -7070.766159
[00:18:17] Bootstrap tree #711, logLikelihood: -7095.633252
[00:18:21] Bootstrap tree #712, logLikelihood: -7103.322690
[00:18:23] Bootstrap tree #713, logLikelihood: -7051.967050
[00:18:25] Bootstrap tree #714, logLikelihood: -7010.826052
[00:18:27] Bootstrap tree #715, logLikelihood: -7062.987472
[00:18:30] Bootstrap tree #716, logLikelihood: -7195.010316
[00:18:33] Bootstrap tree #717, logLikelihood: -7106.055276
[00:18:36] Bootstrap tree #718, logLikelihood: -7078.295460
[00:18:38] Bootstrap tree #719, logLikelihood: -7142.069282
[00:18:41] Bootstrap tree #720, logLikelihood: -7119.801094
[00:18:42] Bootstrap tree #721, logLikelihood: -7087.747710
[00:18:45] Bootstrap tree #722, logLikelihood: -7048.661839
[00:18:47] Bootstrap tree #723, logLikelihood: -7088.964245
[00:18:50] Bootstrap tree #724, logLikelihood: -7247.134177
[00:18:54] Bootstrap tree #725, logLikelihood: -7031.695747
[00:18:57] Bootstrap tree #726, logLikelihood: -7158.481004
[00:18:59] Bootstrap tree #727, logLikelihood: -7188.463206
[00:19:01] Bootstrap tree #728, logLikelihood: -7103.857996
[00:19:03] Bootstrap tree #729, logLikelihood: -6990.124390
[00:19:05] Bootstrap tree #730, logLikelihood: -7055.067909
[00:19:08] Bootstrap tree #731, logLikelihood: -7134.088355
[00:19:11] Bootstrap tree #732, logLikelihood: -7043.736984
[00:19:14] Bootstrap tree #733, logLikelihood: -7155.677304
[00:19:16] Bootstrap tree #734, logLikelihood: -7255.150495
[00:19:19] Bootstrap tree #735, logLikelihood: -7162.145208
[00:19:21] Bootstrap tree #736, logLikelihood: -7197.809004
[00:19:23] Bootstrap tree #737, logLikelihood: -6961.827559
[00:19:27] Bootstrap tree #738, logLikelihood: -7133.660426
[00:19:30] Bootstrap tree #739, logLikelihood: -7210.393238
[00:19:32] Bootstrap tree #740, logLikelihood: -7080.556555
[00:19:35] Bootstrap tree #741, logLikelihood: -7133.969574
[00:19:37] Bootstrap tree #742, logLikelihood: -7070.083604
[00:19:39] Bootstrap tree #743, logLikelihood: -7071.138281
[00:19:41] Bootstrap tree #744, logLikelihood: -7109.542668
[00:19:46] Bootstrap tree #745, logLikelihood: -7050.310376
[00:19:49] Bootstrap tree #746, logLikelihood: -7185.851885
[00:19:54] Bootstrap tree #747, logLikelihood: -7106.167024
[00:19:56] Bootstrap tree #748, logLikelihood: -7004.383266
[00:19:59] Bootstrap tree #749, logLikelihood: -7146.200489
[00:20:01] Bootstrap tree #750, logLikelihood: -7104.220616
[00:20:18] Bootstrap tree #751, logLikelihood: -7008.911919
[00:20:21] Bootstrap tree #752, logLikelihood: -7082.808643
[00:20:24] Bootstrap tree #753, logLikelihood: -7001.671232
[00:20:27] Bootstrap tree #754, logLikelihood: -7176.017958
[00:20:29] Bootstrap tree #755, logLikelihood: -7127.628014
[00:20:31] Bootstrap tree #756, logLikelihood: -7102.246671
[00:20:33] Bootstrap tree #757, logLikelihood: -7040.776261
[00:20:35] Bootstrap tree #758, logLikelihood: -7088.673095
[00:20:39] Bootstrap tree #759, logLikelihood: -7031.177073
[00:20:41] Bootstrap tree #760, logLikelihood: -7156.086599
[00:20:43] Bootstrap tree #761, logLikelihood: -7027.493258
[00:20:45] Bootstrap tree #762, logLikelihood: -7209.152017
[00:20:48] Bootstrap tree #763, logLikelihood: -7106.084035
[00:20:51] Bootstrap tree #764, logLikelihood: -7092.314879
[00:20:53] Bootstrap tree #765, logLikelihood: -7152.774414
[00:20:56] Bootstrap tree #766, logLikelihood: -7241.453114
[00:20:59] Bootstrap tree #767, logLikelihood: -7066.016977
[00:21:01] Bootstrap tree #768, logLikelihood: -7118.750880
[00:21:03] Bootstrap tree #769, logLikelihood: -7075.826948
[00:21:05] Bootstrap tree #770, logLikelihood: -7024.201276
[00:21:08] Bootstrap tree #771, logLikelihood: -7094.762652
[00:21:10] Bootstrap tree #772, logLikelihood: -7065.608369
[00:21:12] Bootstrap tree #773, logLikelihood: -7080.602413
[00:21:14] Bootstrap tree #774, logLikelihood: -7047.910883
[00:21:16] Bootstrap tree #775, logLikelihood: -7144.265387
[00:21:19] Bootstrap tree #776, logLikelihood: -7082.383784
[00:21:21] Bootstrap tree #777, logLikelihood: -7078.734112
[00:21:25] Bootstrap tree #778, logLikelihood: -7157.171702
[00:21:28] Bootstrap tree #779, logLikelihood: -7082.268366
[00:21:31] Bootstrap tree #780, logLikelihood: -7201.967262
[00:21:34] Bootstrap tree #781, logLikelihood: -7120.215230
[00:21:38] Bootstrap tree #782, logLikelihood: -7161.271119
[00:21:40] Bootstrap tree #783, logLikelihood: -7064.533787
[00:21:44] Bootstrap tree #784, logLikelihood: -7118.742005
[00:21:47] Bootstrap tree #785, logLikelihood: -7065.020286
[00:21:49] Bootstrap tree #786, logLikelihood: -7067.432445
[00:21:50] Bootstrap tree #787, logLikelihood: -7059.116008
[00:21:52] Bootstrap tree #788, logLikelihood: -7158.296373
[00:21:55] Bootstrap tree #789, logLikelihood: -7131.964386
[00:21:56] Bootstrap tree #790, logLikelihood: -7028.641083
[00:22:00] Bootstrap tree #791, logLikelihood: -7213.655687
[00:22:03] Bootstrap tree #792, logLikelihood: -7159.016827
[00:22:07] Bootstrap tree #793, logLikelihood: -7139.717990
[00:22:08] Bootstrap tree #794, logLikelihood: -7143.028973
[00:22:11] Bootstrap tree #795, logLikelihood: -7136.216180
[00:22:15] Bootstrap tree #796, logLikelihood: -7070.528254
[00:22:18] Bootstrap tree #797, logLikelihood: -7135.397233
[00:22:20] Bootstrap tree #798, logLikelihood: -7097.413569
[00:22:23] Bootstrap tree #799, logLikelihood: -7053.903155
[00:22:24] Bootstrap tree #800, logLikelihood: -6923.855114
[00:22:47] Bootstrap tree #801, logLikelihood: -6994.253823
[00:22:50] Bootstrap tree #802, logLikelihood: -7056.019150
[00:22:53] Bootstrap tree #803, logLikelihood: -7089.052001
[00:22:55] Bootstrap tree #804, logLikelihood: -7146.590156
[00:22:57] Bootstrap tree #805, logLikelihood: -7143.564158
[00:23:00] Bootstrap tree #806, logLikelihood: -7133.146128
[00:23:04] Bootstrap tree #807, logLikelihood: -7174.923412
[00:23:07] Bootstrap tree #808, logLikelihood: -7114.741981
[00:23:10] Bootstrap tree #809, logLikelihood: -7029.157836
[00:23:12] Bootstrap tree #810, logLikelihood: -7200.732929
[00:23:18] Bootstrap tree #811, logLikelihood: -7137.934028
[00:23:20] Bootstrap tree #812, logLikelihood: -7038.025281
[00:23:22] Bootstrap tree #813, logLikelihood: -7200.774548
[00:23:24] Bootstrap tree #814, logLikelihood: -7100.243471
[00:23:26] Bootstrap tree #815, logLikelihood: -7177.687917
[00:23:28] Bootstrap tree #816, logLikelihood: -7089.548212
[00:23:31] Bootstrap tree #817, logLikelihood: -7134.491400
[00:23:34] Bootstrap tree #818, logLikelihood: -7120.535299
[00:23:38] Bootstrap tree #819, logLikelihood: -7236.181576
[00:23:40] Bootstrap tree #820, logLikelihood: -7039.531695
[00:23:44] Bootstrap tree #821, logLikelihood: -7084.579189
[00:23:48] Bootstrap tree #822, logLikelihood: -7132.290254
[00:23:51] Bootstrap tree #823, logLikelihood: -7038.484859
[00:23:54] Bootstrap tree #824, logLikelihood: -7076.402162
[00:23:56] Bootstrap tree #825, logLikelihood: -7041.476124
[00:23:59] Bootstrap tree #826, logLikelihood: -7094.167217
[00:24:01] Bootstrap tree #827, logLikelihood: -7074.960217
[00:24:03] Bootstrap tree #828, logLikelihood: -7134.296449
[00:24:06] Bootstrap tree #829, logLikelihood: -7187.877229
[00:24:08] Bootstrap tree #830, logLikelihood: -7071.209125
[00:24:11] Bootstrap tree #831, logLikelihood: -7122.134480
[00:24:13] Bootstrap tree #832, logLikelihood: -7002.063415
[00:24:16] Bootstrap tree #833, logLikelihood: -7037.501748
[00:24:20] Bootstrap tree #834, logLikelihood: -7131.482441
[00:24:23] Bootstrap tree #835, logLikelihood: -7107.313162
[00:24:29] Bootstrap tree #836, logLikelihood: -7115.952968
[00:24:31] Bootstrap tree #837, logLikelihood: -7077.835407
[00:24:33] Bootstrap tree #838, logLikelihood: -7025.724515
[00:24:35] Bootstrap tree #839, logLikelihood: -7120.611310
[00:24:37] Bootstrap tree #840, logLikelihood: -7180.385649
[00:24:40] Bootstrap tree #841, logLikelihood: -7147.045189
[00:24:43] Bootstrap tree #842, logLikelihood: -7214.170852
[00:24:45] Bootstrap tree #843, logLikelihood: -7098.840056
[00:24:46] Bootstrap tree #844, logLikelihood: -7047.295395
[00:24:51] Bootstrap tree #845, logLikelihood: -7217.579404
[00:24:56] Bootstrap tree #846, logLikelihood: -6986.097892
[00:24:59] Bootstrap tree #847, logLikelihood: -7154.543415
[00:25:01] Bootstrap tree #848, logLikelihood: -7060.139892
[00:25:04] Bootstrap tree #849, logLikelihood: -7074.454526
[00:25:06] Bootstrap tree #850, logLikelihood: -7044.909733
[00:25:29] Bootstrap tree #851, logLikelihood: -7149.427827
[00:25:32] Bootstrap tree #852, logLikelihood: -7286.482337
[00:25:34] Bootstrap tree #853, logLikelihood: -7211.693821
[00:25:36] Bootstrap tree #854, logLikelihood: -7017.342045
[00:25:38] Bootstrap tree #855, logLikelihood: -7099.992260
[00:25:41] Bootstrap tree #856, logLikelihood: -7057.977489
[00:25:44] Bootstrap tree #857, logLikelihood: -7038.414939
[00:25:46] Bootstrap tree #858, logLikelihood: -7014.674307
[00:25:48] Bootstrap tree #859, logLikelihood: -7028.106810
[00:25:50] Bootstrap tree #860, logLikelihood: -7128.108901
[00:25:53] Bootstrap tree #861, logLikelihood: -7128.313247
[00:25:55] Bootstrap tree #862, logLikelihood: -7092.313780
[00:25:59] Bootstrap tree #863, logLikelihood: -7127.544097
[00:26:01] Bootstrap tree #864, logLikelihood: -7054.234313
[00:26:03] Bootstrap tree #865, logLikelihood: -7174.760550
[00:26:06] Bootstrap tree #866, logLikelihood: -7052.533763
[00:26:08] Bootstrap tree #867, logLikelihood: -7236.838001
[00:26:11] Bootstrap tree #868, logLikelihood: -7129.525385
[00:26:14] Bootstrap tree #869, logLikelihood: -7071.874754
[00:26:18] Bootstrap tree #870, logLikelihood: -7166.097649
[00:26:21] Bootstrap tree #871, logLikelihood: -6985.157185
[00:26:25] Bootstrap tree #872, logLikelihood: -7028.540767
[00:26:28] Bootstrap tree #873, logLikelihood: -7040.460224
[00:26:32] Bootstrap tree #874, logLikelihood: -7101.699450
[00:26:34] Bootstrap tree #875, logLikelihood: -7184.648187
[00:26:37] Bootstrap tree #876, logLikelihood: -7115.017356
[00:26:39] Bootstrap tree #877, logLikelihood: -7061.672384
[00:26:41] Bootstrap tree #878, logLikelihood: -7085.797225
[00:26:43] Bootstrap tree #879, logLikelihood: -7093.800316
[00:26:45] Bootstrap tree #880, logLikelihood: -7110.265521
[00:26:48] Bootstrap tree #881, logLikelihood: -7001.465659
[00:26:50] Bootstrap tree #882, logLikelihood: -6956.109230
[00:26:54] Bootstrap tree #883, logLikelihood: -7084.198033
[00:26:57] Bootstrap tree #884, logLikelihood: -7086.181849
[00:27:00] Bootstrap tree #885, logLikelihood: -7128.443755
[00:27:05] Bootstrap tree #886, logLikelihood: -7132.264525
[00:27:08] Bootstrap tree #887, logLikelihood: -7098.297131
[00:27:12] Bootstrap tree #888, logLikelihood: -7127.896354
[00:27:14] Bootstrap tree #889, logLikelihood: -7016.256303
[00:27:17] Bootstrap tree #890, logLikelihood: -7148.807064
[00:27:21] Bootstrap tree #891, logLikelihood: -7084.700025
[00:27:23] Bootstrap tree #892, logLikelihood: -7132.167676
[00:27:25] Bootstrap tree #893, logLikelihood: -7091.977283
[00:27:28] Bootstrap tree #894, logLikelihood: -7060.028929
[00:27:29] Bootstrap tree #895, logLikelihood: -6970.298959
[00:27:31] Bootstrap tree #896, logLikelihood: -7124.612733
[00:27:33] Bootstrap tree #897, logLikelihood: -7137.617280
[00:27:36] Bootstrap tree #898, logLikelihood: -7179.238473
[00:27:41] Bootstrap tree #899, logLikelihood: -7196.161479
[00:27:43] Bootstrap tree #900, logLikelihood: -7147.556231
[00:28:09] Bootstrap tree #901, logLikelihood: -7210.048038
[00:28:12] Bootstrap tree #902, logLikelihood: -7091.524792
[00:28:15] Bootstrap tree #903, logLikelihood: -7098.674027
[00:28:20] Bootstrap tree #904, logLikelihood: -7115.972560
[00:28:23] Bootstrap tree #905, logLikelihood: -7084.929207
[00:28:25] Bootstrap tree #906, logLikelihood: -7224.962724
[00:28:28] Bootstrap tree #907, logLikelihood: -7108.011009
[00:28:31] Bootstrap tree #908, logLikelihood: -7059.923295
[00:28:35] Bootstrap tree #909, logLikelihood: -7078.583919
[00:28:37] Bootstrap tree #910, logLikelihood: -7124.658136
[00:28:39] Bootstrap tree #911, logLikelihood: -7077.566937
[00:28:42] Bootstrap tree #912, logLikelihood: -7121.978388
[00:28:45] Bootstrap tree #913, logLikelihood: -7037.026165
[00:28:47] Bootstrap tree #914, logLikelihood: -7140.709675
[00:28:50] Bootstrap tree #915, logLikelihood: -7124.136914
[00:28:52] Bootstrap tree #916, logLikelihood: -7195.180875
[00:28:56] Bootstrap tree #917, logLikelihood: -7240.908628
[00:28:59] Bootstrap tree #918, logLikelihood: -7081.189071
[00:29:01] Bootstrap tree #919, logLikelihood: -7205.652669
[00:29:03] Bootstrap tree #920, logLikelihood: -7163.067326
[00:29:06] Bootstrap tree #921, logLikelihood: -7131.113298
[00:29:08] Bootstrap tree #922, logLikelihood: -7059.185529
[00:29:10] Bootstrap tree #923, logLikelihood: -7110.134074
[00:29:14] Bootstrap tree #924, logLikelihood: -7066.998640
[00:29:16] Bootstrap tree #925, logLikelihood: -7124.383763
[00:29:20] Bootstrap tree #926, logLikelihood: -7132.068920
[00:29:23] Bootstrap tree #927, logLikelihood: -7130.036097
[00:29:25] Bootstrap tree #928, logLikelihood: -7069.917508
[00:29:27] Bootstrap tree #929, logLikelihood: -7071.546580
[00:29:30] Bootstrap tree #930, logLikelihood: -7159.909723
[00:29:33] Bootstrap tree #931, logLikelihood: -7105.364980
[00:29:34] Bootstrap tree #932, logLikelihood: -7102.825592
[00:29:37] Bootstrap tree #933, logLikelihood: -7180.648116
[00:29:39] Bootstrap tree #934, logLikelihood: -7113.037102
[00:29:43] Bootstrap tree #935, logLikelihood: -7106.496041
[00:29:46] Bootstrap tree #936, logLikelihood: -7223.766928
[00:29:51] Bootstrap tree #937, logLikelihood: -7148.059743
[00:29:55] Bootstrap tree #938, logLikelihood: -7022.051415
[00:29:57] Bootstrap tree #939, logLikelihood: -7140.546882
[00:30:00] Bootstrap tree #940, logLikelihood: -7015.410699
[00:30:03] Bootstrap tree #941, logLikelihood: -6960.368831
[00:30:06] Bootstrap tree #942, logLikelihood: -7202.007583
[00:30:09] Bootstrap tree #943, logLikelihood: -7067.914588
[00:30:11] Bootstrap tree #944, logLikelihood: -7000.870021
[00:30:14] Bootstrap tree #945, logLikelihood: -7187.835330
[00:30:16] Bootstrap tree #946, logLikelihood: -7115.553794
[00:30:18] Bootstrap tree #947, logLikelihood: -7031.081449
[00:30:22] Bootstrap tree #948, logLikelihood: -7141.398653
[00:30:27] Bootstrap tree #949, logLikelihood: -7078.304396
[00:30:30] Bootstrap tree #950, logLikelihood: -7033.544329
[00:30:58] Bootstrap tree #951, logLikelihood: -6947.853036
[00:31:00] Bootstrap tree #952, logLikelihood: -7040.027978
[00:31:04] Bootstrap tree #953, logLikelihood: -7227.694538
[00:31:06] Bootstrap tree #954, logLikelihood: -7091.786670
[00:31:08] Bootstrap tree #955, logLikelihood: -6977.845145
[00:31:10] Bootstrap tree #956, logLikelihood: -7042.146963
[00:31:12] Bootstrap tree #957, logLikelihood: -6994.371258
[00:31:14] Bootstrap tree #958, logLikelihood: -7130.876306
[00:31:18] Bootstrap tree #959, logLikelihood: -7049.273943
[00:31:20] Bootstrap tree #960, logLikelihood: -7120.527121
[00:31:23] Bootstrap tree #961, logLikelihood: -7167.127073
[00:31:26] Bootstrap tree #962, logLikelihood: -7152.753558
[00:31:28] Bootstrap tree #963, logLikelihood: -7038.723884
[00:31:30] Bootstrap tree #964, logLikelihood: -7084.916411
[00:31:33] Bootstrap tree #965, logLikelihood: -7021.975206
[00:31:35] Bootstrap tree #966, logLikelihood: -7053.334475
[00:31:38] Bootstrap tree #967, logLikelihood: -7096.541210
[00:31:41] Bootstrap tree #968, logLikelihood: -7231.179118
[00:31:44] Bootstrap tree #969, logLikelihood: -7186.972636
[00:31:48] Bootstrap tree #970, logLikelihood: -7016.774848
[00:31:51] Bootstrap tree #971, logLikelihood: -7141.998009
[00:31:54] Bootstrap tree #972, logLikelihood: -7139.317687
[00:32:00] Bootstrap tree #973, logLikelihood: -7194.957936
[00:32:02] Bootstrap tree #974, logLikelihood: -6981.476297
[00:32:04] Bootstrap tree #975, logLikelihood: -7065.848150
[00:32:07] Bootstrap tree #976, logLikelihood: -7220.500604
[00:32:09] Bootstrap tree #977, logLikelihood: -7076.107049
[00:32:11] Bootstrap tree #978, logLikelihood: -7036.678589
[00:32:13] Bootstrap tree #979, logLikelihood: -6996.910385
[00:32:15] Bootstrap tree #980, logLikelihood: -7006.086322
[00:32:17] Bootstrap tree #981, logLikelihood: -7189.878644
[00:32:20] Bootstrap tree #982, logLikelihood: -7110.163334
[00:32:22] Bootstrap tree #983, logLikelihood: -7108.526514
[00:32:25] Bootstrap tree #984, logLikelihood: -7057.692859
[00:32:28] Bootstrap tree #985, logLikelihood: -7061.485074
[00:32:34] Bootstrap tree #986, logLikelihood: -7154.985267
[00:32:36] Bootstrap tree #987, logLikelihood: -7160.604211
[00:32:38] Bootstrap tree #988, logLikelihood: -7109.408159
[00:32:42] Bootstrap tree #989, logLikelihood: -7185.913609
[00:32:45] Bootstrap tree #990, logLikelihood: -7185.024473
[00:32:48] Bootstrap tree #991, logLikelihood: -7219.925228
[00:32:51] Bootstrap tree #992, logLikelihood: -7109.939169
[00:32:53] Bootstrap tree #993, logLikelihood: -7067.914601
[00:32:57] Bootstrap tree #994, logLikelihood: -7129.719287
[00:33:00] Bootstrap tree #995, logLikelihood: -7024.310533
[00:33:02] Bootstrap tree #996, logLikelihood: -7019.914523
[00:33:05] Bootstrap tree #997, logLikelihood: -7028.185615
[00:33:07] Bootstrap tree #998, logLikelihood: -7141.404476
[00:33:11] Bootstrap tree #999, logLikelihood: -7122.857240
[00:33:14] Bootstrap tree #1000, logLikelihood: -7156.420809

Optimized model parameters:

   Partition 0: noname
   Rate heterogeneity: GAMMA (4 cats, mean),  alpha: 0.020121 (ML),  weights&rates: (0.250000,0.000000) (0.250000,0.000000) (0.250000,0.000001) (0.250000,3.999999) 
   P-inv (ML): 0.960857
   Base frequencies (ML): 0.279268 0.214198 0.229384 0.277151 
   Substitution rates (ML): 0.001000 0.749223 0.094181 0.203796 0.767238 1.000000 


Final LogLikelihood: -7120.506638

AIC score: 14551.013277 / AICc score: 14561.200763 / BIC score: 15558.141671
Free parameters (model + branch lengths): 155

Best ML tree saved to: /bigdata/littlab/arajewski/Arundinaria/phylo/concatenated/GTRGI/Concatenated_ambig.afa.raxml.bestTree
All ML trees saved to: /bigdata/littlab/arajewski/Arundinaria/phylo/concatenated/GTRGI/Concatenated_ambig.afa.raxml.mlTrees
Best ML tree with Felsenstein bootstrap (FBP) support values saved to: /bigdata/littlab/arajewski/Arundinaria/phylo/concatenated/GTRGI/Concatenated_ambig.afa.raxml.support
Optimized model saved to: /bigdata/littlab/arajewski/Arundinaria/phylo/concatenated/GTRGI/Concatenated_ambig.afa.raxml.bestModel
Bootstrap trees saved to: /bigdata/littlab/arajewski/Arundinaria/phylo/concatenated/GTRGI/Concatenated_ambig.afa.raxml.bootstraps

Execution log saved to: /bigdata/littlab/arajewski/Arundinaria/phylo/concatenated/GTRGI/Concatenated_ambig.afa.raxml.log

Analysis started: 19-Aug-2019 17:35:59 / finished: 19-Aug-2019 18:09:43

Elapsed time: 2023.835 seconds (this run) / 2871.576 seconds (total with restarts)

JobId=5673597 JobName=6b_RAxML.sh
   UserId=arajewski(3080) GroupId=littlab(1144) MCS_label=N/A
   Priority=2568173 Nice=0 Account=littlab QOS=normal
   JobState=RUNNING Reason=None Dependency=(null)
   Requeue=1 Restarts=0 BatchFlag=1 Reboot=0 ExitCode=0:0
   RunTime=00:33:45 TimeLimit=10:00:00 TimeMin=N/A
   SubmitTime=2019-08-19T17:35:46 EligibleTime=2019-08-19T17:35:46
   StartTime=2019-08-19T17:35:58 EndTime=2019-08-20T03:35:58 Deadline=N/A
   PreemptTime=None SuspendTime=None SecsPreSuspend=0
   Partition=intel AllocNode:Sid=pigeon:10778
   ReqNodeList=(null) ExcNodeList=(null)
   NodeList=i17
   BatchHost=i17
   NumNodes=1 NumCPUs=2 NumTasks=1 CPUs/Task=1 ReqB:S:C:T=0:0:*:*
   TRES=cpu=2,mem=8G,node=1
   Socks/Node=* NtasksPerN:B:S:C=0:0:*:* CoreSpec=*
   MinCPUsNode=1 MinMemoryCPU=4G MinTmpDiskNode=0
   Features=(null) Gres=(null) Reservation=(null)
   OverSubscribe=OK Contiguous=0 Licenses=(null) Network=(null)
   Command=/bigdata/littlab/arajewski/Arundinaria/phylo/6b_RAxML.sh
   WorkDir=/bigdata/littlab/arajewski/Arundinaria/phylo
   StdErr=/bigdata/littlab/arajewski/Arundinaria/phylo/../history/RAxML-5673597.out
   StdIn=/dev/null
   StdOut=/bigdata/littlab/arajewski/Arundinaria/phylo/../history/RAxML-5673597.out
   Power=

