Thu Aug 29 13:17:57 PDT 2019: Estimating time to completion.

RAxML-NG v. 0.9.0 released on 20.05.2019 by The Exelixis Lab.
Developed by: Alexey M. Kozlov and Alexandros Stamatakis.
Contributors: Diego Darriba, Tomas Flouri, Benoit Morel, Sarah Lutteropp, Ben Bettisworth.
Latest version: https://github.com/amkozlov/raxml-ng
Questions/problems/suggestions? Please visit: https://groups.google.com/forum/#!forum/raxml

RAxML-NG was called at 29-Aug-2019 13:17:57 as follows:

raxml-ng --parse --msa ../Plastid_NoMissing_matK.phy

Analysis options:
  run mode: Alignment parsing and compression
  start tree(s): 
  random seed: 1567109877
  tip-inner: OFF
  pattern compression: ON
  per-rate scalers: OFF
  site repeats: ON
  branch lengths: proportional (ML estimate, algorithm: NR-FAST)
  SIMD kernels: AVX2
  parallelization: PTHREADS (32 threads), thread pinning: OFF


ERROR: Please specify an evolutionary model with --model switch

/var/spool/slurmd/job07058/slurm_script: line 24: --model: command not found
Thu Aug 29 13:17:57 PDT 2019: Done.
Thu Aug 29 13:17:57 PDT 2019: Beginning RAxML estimation.

RAxML-NG v. 0.9.0 released on 20.05.2019 by The Exelixis Lab.
Developed by: Alexey M. Kozlov and Alexandros Stamatakis.
Contributors: Diego Darriba, Tomas Flouri, Benoit Morel, Sarah Lutteropp, Ben Bettisworth.
Latest version: https://github.com/amkozlov/raxml-ng
Questions/problems/suggestions? Please visit: https://groups.google.com/forum/#!forum/raxml

RAxML-NG was called at 29-Aug-2019 13:17:57 as follows:

raxml-ng --all --tree pars{25},rand{25} --msa ../Plastid_NoMissing_matK.phy --prefix ./Plastid_NoMissing_matK.phy

Analysis options:
  run mode: ML tree search + bootstrapping (Felsenstein Bootstrap)
  start tree(s): random (25) + parsimony (25)
  bootstrap replicates: max: 1000 + bootstopping (autoMRE, cutoff: 0.030000)
  random seed: 1567109877
  tip-inner: OFF
  pattern compression: ON
  per-rate scalers: OFF
  site repeats: ON
  branch lengths: proportional (ML estimate, algorithm: NR-FAST)
  SIMD kernels: AVX2
  parallelization: PTHREADS (32 threads), thread pinning: OFF


ERROR: Please specify an evolutionary model with --model switch

/var/spool/slurmd/job07058/slurm_script: line 38: --model: command not found
JobId=7058 JobName=6b_RAxML.sh
   UserId=arajewski(3080) GroupId=littlab(1144) MCS_label=N/A
   Priority=3646888 Nice=0 Account=littlab QOS=normal
   JobState=RUNNING Reason=None Dependency=(null)
   Requeue=1 Restarts=0 BatchFlag=1 Reboot=0 ExitCode=0:0
   RunTime=00:00:02 TimeLimit=04:00:00 TimeMin=N/A
   SubmitTime=2019-08-29T13:17:54 EligibleTime=2019-08-29T13:17:54
   AccrueTime=2019-08-29T13:17:54
   StartTime=2019-08-29T13:17:56 EndTime=2019-08-29T17:17:56 Deadline=N/A
   SuspendTime=None SecsPreSuspend=0 LastSchedEval=2019-08-29T13:17:56
   Partition=intel AllocNode:Sid=pelican.ib.hpcc.ucr.edu:27372
   ReqNodeList=(null) ExcNodeList=(null)
   NodeList=i21
   BatchHost=i21
   NumNodes=1 NumCPUs=4 NumTasks=4 CPUs/Task=1 ReqB:S:C:T=0:0:*:*
   TRES=cpu=4,mem=16G,node=1,billing=8
   Socks/Node=* NtasksPerN:B:S:C=0:0:*:* CoreSpec=*
   MinCPUsNode=1 MinMemoryCPU=4G MinTmpDiskNode=0
   Features=(null) DelayBoot=00:00:00
   OverSubscribe=OK Contiguous=0 Licenses=(null) Network=(null)
   Command=/bigdata/littlab/arajewski/Arundinaria/phylo/6b_RAxML.sh
   WorkDir=/bigdata/littlab/arajewski/Arundinaria/phylo
   StdErr=/bigdata/littlab/arajewski/Arundinaria/phylo/../history/RAxML-7058.out
   StdIn=/dev/null
   StdOut=/bigdata/littlab/arajewski/Arundinaria/phylo/../history/RAxML-7058.out
   Power=

