id: cannot find name for group ID 1144
Mon Aug 26 10:55:39 PDT 2019: Parsing already complete
Mon Aug 26 10:55:39 PDT 2019: Beginning RAxML estimation.

RAxML-NG v. 0.9.0 released on 20.05.2019 by The Exelixis Lab.
Developed by: Alexey M. Kozlov and Alexandros Stamatakis.
Contributors: Diego Darriba, Tomas Flouri, Benoit Morel, Sarah Lutteropp, Ben Bettisworth.
Latest version: https://github.com/amkozlov/raxml-ng
Questions/problems/suggestions? Please visit: https://groups.google.com/forum/#!forum/raxml

RAxML-NG was called at 26-Aug-2019 10:55:41 as follows:

raxml-ng --all --tree pars{25},rand{25} --msa ../TESTconcatenated.phy --prefix ./TESTconcatenated.phy.partitioned --model ../partition.TESTJimmyConcatenated.txt --outgroup P._edulis --seed 121787 --threads 4 --blopt nr_safe

Analysis options:
  run mode: ML tree search + bootstrapping (Felsenstein Bootstrap)
  start tree(s): random (25) + parsimony (25)
  bootstrap replicates: max: 1000 + bootstopping (autoMRE, cutoff: 0.030000)
  random seed: 121787
  tip-inner: OFF
  pattern compression: ON
  per-rate scalers: OFF
  site repeats: ON
  branch lengths: proportional (ML estimate, algorithm: NR-SAFE)
  SIMD kernels: AVX2
  parallelization: PTHREADS (4 threads), thread pinning: OFF

WARNING: The model you specified on the command line (../partition.TESTJimmyConcatenated.txt) will be ignored 
         since the binary MSA file already contains a model definition.
         If you want to change the model, please re-run RAxML-NG 
         with the original PHYLIP/FASTA alignment and --redo option.

[00:00:00] Loading binary alignment from file: ./TESTconcatenated.phy.partitioned.raxml.rba
[00:00:00] Alignment comprises 77 taxa, 5 partitions and 412 patterns

Partition 0: LFY
Model: GTR+FO+I+G4m+B
Alignment sites / patterns: 875 / 85
Gaps: 4.10 %
Invariant sites: 90.97 %

Partition 1: WXY
Model: GTR+FO+I+G4m+B
Alignment sites / patterns: 1318 / 47
Gaps: 7.90 %
Invariant sites: 97.34 %

Partition 2: matK
Model: GTR+FO+I+G4m+B
Alignment sites / patterns: 899 / 48
Gaps: 1.58 %
Invariant sites: 97.44 %

Partition 3: psaA
Model: GTR+FO+I+G4m+B
Alignment sites / patterns: 1015 / 123
Gaps: 5.88 %
Invariant sites: 93.60 %

Partition 4: rpl32
Model: GTR+FO+I+G4m+B
Alignment sites / patterns: 947 / 109
Gaps: 10.38 %
Invariant sites: 95.67 %


[00:00:19] NOTE: Resuming execution from checkpoint (logLH: -8994.83, ML trees: 50, bootstraps: 523)
[00:00:19] Data distribution: max. partitions/sites/weight per thread: 2 / 103 / 1648

[00:00:19] ML tree search completed, best tree logLH: -8864.715302

[00:00:19] Starting bootstrapping analysis with 1000 replicates.

[00:07:59] Bootstrap tree #524, logLikelihood: -8959.975135
[00:15:55] Bootstrap tree #525, logLikelihood: -8788.449404
[00:23:38] Bootstrap tree #526, logLikelihood: -8736.307691
[00:25:13] Bootstrap tree #527, logLikelihood: -8826.965278
[00:27:45] Bootstrap tree #528, logLikelihood: -8637.230672
[00:29:42] Bootstrap tree #529, logLikelihood: -8697.147047
[00:32:49] Bootstrap tree #530, logLikelihood: -8641.507180
[00:33:18] Bootstrap tree #531, logLikelihood: -8796.629621
[00:33:42] Bootstrap tree #532, logLikelihood: -8814.590420
[00:34:24] Bootstrap tree #533, logLikelihood: -8916.972367
[00:35:25] Bootstrap tree #534, logLikelihood: -8541.484263
[00:36:23] Bootstrap tree #535, logLikelihood: -8772.361540
[00:37:12] Bootstrap tree #536, logLikelihood: -8306.992124
[00:37:39] Bootstrap tree #537, logLikelihood: -8856.841218
[00:38:26] Bootstrap tree #538, logLikelihood: -8935.145913
[00:39:21] Bootstrap tree #539, logLikelihood: -8933.316319
[00:39:35] Bootstrap tree #540, logLikelihood: -8989.191432
[00:40:08] Bootstrap tree #541, logLikelihood: -8592.663240
[00:40:34] Bootstrap tree #542, logLikelihood: -8777.604720
[00:40:53] Bootstrap tree #543, logLikelihood: -8572.092234
[00:41:12] Bootstrap tree #544, logLikelihood: -8554.261755
[00:41:28] Bootstrap tree #545, logLikelihood: -9020.596002
[00:41:50] Bootstrap tree #546, logLikelihood: -8781.639188
[00:42:14] Bootstrap tree #547, logLikelihood: -8832.771602
[00:42:57] Bootstrap tree #548, logLikelihood: -8946.501852
[00:43:40] Bootstrap tree #549, logLikelihood: -8599.417942
[00:44:18] Bootstrap tree #550, logLikelihood: -9165.143788
[00:45:12] Bootstrap tree #551, logLikelihood: -8703.957947
[00:45:29] Bootstrap tree #552, logLikelihood: -8571.089846
[00:46:09] Bootstrap tree #553, logLikelihood: -8523.873186
[00:47:09] Bootstrap tree #554, logLikelihood: -8741.302746
[00:47:30] Bootstrap tree #555, logLikelihood: -8915.172085
[00:48:15] Bootstrap tree #556, logLikelihood: -8741.573298
[00:49:15] Bootstrap tree #557, logLikelihood: -8840.925134
[00:50:00] Bootstrap tree #558, logLikelihood: -8770.518937
[00:50:31] Bootstrap tree #559, logLikelihood: -8937.287684
[00:51:10] Bootstrap tree #560, logLikelihood: -8778.486735
[00:51:40] Bootstrap tree #561, logLikelihood: -8940.631578
[00:52:03] Bootstrap tree #562, logLikelihood: -8552.258090
[00:52:28] Bootstrap tree #563, logLikelihood: -8317.240383
[00:52:45] Bootstrap tree #564, logLikelihood: -8793.209468
[00:53:24] Bootstrap tree #565, logLikelihood: -8384.399067
[00:53:40] Bootstrap tree #566, logLikelihood: -8722.223994
[00:54:07] Bootstrap tree #567, logLikelihood: -8571.950019
[00:54:29] Bootstrap tree #568, logLikelihood: -8685.321633
[00:54:47] Bootstrap tree #569, logLikelihood: -8943.970949
[00:55:13] Bootstrap tree #570, logLikelihood: -8763.878566
[00:55:41] Bootstrap tree #571, logLikelihood: -8622.318082
[00:56:11] Bootstrap tree #572, logLikelihood: -8568.142739
[00:56:34] Bootstrap tree #573, logLikelihood: -8893.726103
[00:56:53] Bootstrap tree #574, logLikelihood: -8704.691356
[00:57:21] Bootstrap tree #575, logLikelihood: -9044.170786
[00:58:06] Bootstrap tree #576, logLikelihood: -8621.728761
[00:58:43] Bootstrap tree #577, logLikelihood: -8681.574289
[00:59:29] Bootstrap tree #578, logLikelihood: -8641.763823
[01:00:09] Bootstrap tree #579, logLikelihood: -8939.540301
[01:00:30] Bootstrap tree #580, logLikelihood: -8668.233680
[01:00:48] Bootstrap tree #581, logLikelihood: -9003.558436
[01:01:15] Bootstrap tree #582, logLikelihood: -8749.619267
[01:01:50] Bootstrap tree #583, logLikelihood: -8738.798759
[01:02:17] Bootstrap tree #584, logLikelihood: -8428.465862
[01:02:58] Bootstrap tree #585, logLikelihood: -8568.711149
[01:03:30] Bootstrap tree #586, logLikelihood: -8944.720036
[01:03:48] Bootstrap tree #587, logLikelihood: -8383.659927
[01:04:32] Bootstrap tree #588, logLikelihood: -8941.711385
[01:04:58] Bootstrap tree #589, logLikelihood: -8659.214198
[01:05:37] Bootstrap tree #590, logLikelihood: -8879.270213
[01:06:01] Bootstrap tree #591, logLikelihood: -8712.986110
[01:06:26] Bootstrap tree #592, logLikelihood: -8943.214313
[01:06:44] Bootstrap tree #593, logLikelihood: -8929.738516
[01:07:38] Bootstrap tree #594, logLikelihood: -8819.742137
[01:08:20] Bootstrap tree #595, logLikelihood: -8257.924948
[01:09:05] Bootstrap tree #596, logLikelihood: -8777.247759
[01:10:02] Bootstrap tree #597, logLikelihood: -8802.195496
[01:10:16] Bootstrap tree #598, logLikelihood: -8635.098362
[01:10:40] Bootstrap tree #599, logLikelihood: -8605.360837
[01:11:04] Bootstrap tree #600, logLikelihood: -8820.680688
[01:11:31] Bootstrap tree #601, logLikelihood: -8705.028906
[01:12:09] Bootstrap tree #602, logLikelihood: -8765.565659
[01:12:37] Bootstrap tree #603, logLikelihood: -8988.883219
[01:12:57] Bootstrap tree #604, logLikelihood: -8560.856002
[01:13:18] Bootstrap tree #605, logLikelihood: -9075.527881
[01:13:41] Bootstrap tree #606, logLikelihood: -8615.969115
[01:13:53] Bootstrap tree #607, logLikelihood: -8823.552265
[01:14:06] Bootstrap tree #608, logLikelihood: -8719.903618
[01:14:31] Bootstrap tree #609, logLikelihood: -9027.124747
[01:14:46] Bootstrap tree #610, logLikelihood: -8680.293426
[01:15:39] Bootstrap tree #611, logLikelihood: -8859.389485
[01:15:57] Bootstrap tree #612, logLikelihood: -8695.216149
[01:16:13] Bootstrap tree #613, logLikelihood: -8794.339499
[01:16:51] Bootstrap tree #614, logLikelihood: -8589.469848
[01:17:27] Bootstrap tree #615, logLikelihood: -8841.258383
[01:17:57] Bootstrap tree #616, logLikelihood: -8919.119647
[01:18:25] Bootstrap tree #617, logLikelihood: -8668.589952
[01:19:07] Bootstrap tree #618, logLikelihood: -8558.276601
[01:19:49] Bootstrap tree #619, logLikelihood: -8841.446588
[01:20:18] Bootstrap tree #620, logLikelihood: -8888.833008
[01:20:39] Bootstrap tree #621, logLikelihood: -8446.244313
[01:21:01] Bootstrap tree #622, logLikelihood: -8948.331078
[01:21:18] Bootstrap tree #623, logLikelihood: -8927.958284
[01:21:41] Bootstrap tree #624, logLikelihood: -8861.082038
[01:22:15] Bootstrap tree #625, logLikelihood: -8959.513841
[01:22:51] Bootstrap tree #626, logLikelihood: -8986.568835
[01:23:14] Bootstrap tree #627, logLikelihood: -9023.008634
[01:23:34] Bootstrap tree #628, logLikelihood: -8972.738030
[01:24:02] Bootstrap tree #629, logLikelihood: -8699.165454
[01:24:29] Bootstrap tree #630, logLikelihood: -8764.631942
[01:24:43] Bootstrap tree #631, logLikelihood: -8893.548243
[01:25:05] Bootstrap tree #632, logLikelihood: -8602.739028
[01:25:23] Bootstrap tree #633, logLikelihood: -8683.088899
[01:26:00] Bootstrap tree #634, logLikelihood: -8838.064362
[01:26:34] Bootstrap tree #635, logLikelihood: -8826.288605
[01:26:48] Bootstrap tree #636, logLikelihood: -8725.653122
[01:27:06] Bootstrap tree #637, logLikelihood: -8351.851055
[01:27:25] Bootstrap tree #638, logLikelihood: -8876.736000
[01:27:49] Bootstrap tree #639, logLikelihood: -8844.877582
[01:28:19] Bootstrap tree #640, logLikelihood: -8666.434671
[01:28:45] Bootstrap tree #641, logLikelihood: -8700.809854
[01:29:07] Bootstrap tree #642, logLikelihood: -8583.730393
[01:29:53] Bootstrap tree #643, logLikelihood: -8796.850856
[01:30:09] Bootstrap tree #644, logLikelihood: -9013.292200
[01:30:33] Bootstrap tree #645, logLikelihood: -8899.199932
[01:31:18] Bootstrap tree #646, logLikelihood: -8799.754842
[01:32:02] Bootstrap tree #647, logLikelihood: -8362.905787
[01:32:24] Bootstrap tree #648, logLikelihood: -8936.777668
[01:33:00] Bootstrap tree #649, logLikelihood: -8755.729484
[01:33:13] Bootstrap tree #650, logLikelihood: -8571.612691
[01:33:41] Bootstrap tree #651, logLikelihood: -8787.543222
[01:33:58] Bootstrap tree #652, logLikelihood: -8944.851531
[01:34:13] Bootstrap tree #653, logLikelihood: -8660.705033
[01:34:31] Bootstrap tree #654, logLikelihood: -8544.036774
[01:34:47] Bootstrap tree #655, logLikelihood: -8622.866476
[01:35:07] Bootstrap tree #656, logLikelihood: -8851.718333
[01:35:37] Bootstrap tree #657, logLikelihood: -8679.573856
[01:35:57] Bootstrap tree #658, logLikelihood: -8791.467993
[01:36:23] Bootstrap tree #659, logLikelihood: -8664.495991
[01:36:41] Bootstrap tree #660, logLikelihood: -8914.037708
[01:37:22] Bootstrap tree #661, logLikelihood: -8635.093622
[01:37:41] Bootstrap tree #662, logLikelihood: -8579.621914
[01:38:10] Bootstrap tree #663, logLikelihood: -8899.103037
[01:39:00] Bootstrap tree #664, logLikelihood: -8703.557330
[01:39:29] Bootstrap tree #665, logLikelihood: -8834.258404
[01:39:43] Bootstrap tree #666, logLikelihood: -8468.720611
[01:40:03] Bootstrap tree #667, logLikelihood: -8755.772201
[01:40:27] Bootstrap tree #668, logLikelihood: -8749.376282
[01:41:21] Bootstrap tree #669, logLikelihood: -8786.992838
[01:41:48] Bootstrap tree #670, logLikelihood: -8559.671221
[01:42:14] Bootstrap tree #671, logLikelihood: -8960.935982
[01:42:50] Bootstrap tree #672, logLikelihood: -8853.294340
[01:43:08] Bootstrap tree #673, logLikelihood: -8764.095546
[01:43:42] Bootstrap tree #674, logLikelihood: -9082.657818
[01:44:12] Bootstrap tree #675, logLikelihood: -8802.392839
[01:44:46] Bootstrap tree #676, logLikelihood: -8612.987351
[01:45:13] Bootstrap tree #677, logLikelihood: -8759.242174
[01:45:29] Bootstrap tree #678, logLikelihood: -8686.402551
[01:45:43] Bootstrap tree #679, logLikelihood: -8771.455382
[01:46:23] Bootstrap tree #680, logLikelihood: -8950.273062
[01:46:35] Bootstrap tree #681, logLikelihood: -8870.576779
[01:46:52] Bootstrap tree #682, logLikelihood: -8843.291107
[01:47:17] Bootstrap tree #683, logLikelihood: -8662.409559
[01:47:48] Bootstrap tree #684, logLikelihood: -8785.334395
[01:48:06] Bootstrap tree #685, logLikelihood: -8922.034958
[01:48:18] Bootstrap tree #686, logLikelihood: -8311.018769
[01:48:38] Bootstrap tree #687, logLikelihood: -8743.215969
[01:49:16] Bootstrap tree #688, logLikelihood: -8792.900072
[01:49:40] Bootstrap tree #689, logLikelihood: -8573.032363
[01:49:58] Bootstrap tree #690, logLikelihood: -8958.507024
[01:50:22] Bootstrap tree #691, logLikelihood: -8747.404486
[01:50:42] Bootstrap tree #692, logLikelihood: -8775.687603
[01:50:59] Bootstrap tree #693, logLikelihood: -8838.271670
[01:51:22] Bootstrap tree #694, logLikelihood: -9061.327773
[01:51:43] Bootstrap tree #695, logLikelihood: -9072.547596
[01:52:13] Bootstrap tree #696, logLikelihood: -8946.638448
[01:52:35] Bootstrap tree #697, logLikelihood: -8820.242078
[01:52:50] Bootstrap tree #698, logLikelihood: -8570.632444
[01:53:15] Bootstrap tree #699, logLikelihood: -8575.935799
[01:53:28] Bootstrap tree #700, logLikelihood: -8634.327814
[01:54:00] Bootstrap tree #701, logLikelihood: -9061.252302
[01:54:16] Bootstrap tree #702, logLikelihood: -8719.135805
[01:54:37] Bootstrap tree #703, logLikelihood: -8833.194516
[01:55:02] Bootstrap tree #704, logLikelihood: -8556.776301
[01:55:17] Bootstrap tree #705, logLikelihood: -8675.091988
[01:55:36] Bootstrap tree #706, logLikelihood: -8791.259918
[01:56:00] Bootstrap tree #707, logLikelihood: -8779.847640
[01:56:17] Bootstrap tree #708, logLikelihood: -8608.188640
[01:56:45] Bootstrap tree #709, logLikelihood: -8409.038766
[01:57:03] Bootstrap tree #710, logLikelihood: -8857.546135
[01:57:46] Bootstrap tree #711, logLikelihood: -8847.177669
[01:58:10] Bootstrap tree #712, logLikelihood: -8807.165019
[01:58:31] Bootstrap tree #713, logLikelihood: -8635.203535
[01:59:09] Bootstrap tree #714, logLikelihood: -8872.678922
[01:59:23] Bootstrap tree #715, logLikelihood: -8702.415428
[01:59:47] Bootstrap tree #716, logLikelihood: -8902.601535
[02:00:01] Bootstrap tree #717, logLikelihood: -8937.836991
[02:00:15] Bootstrap tree #718, logLikelihood: -8850.633877
[02:00:37] Bootstrap tree #719, logLikelihood: -8927.209818
[02:01:17] Bootstrap tree #720, logLikelihood: -8673.041717
[02:01:34] Bootstrap tree #721, logLikelihood: -9068.868116
[02:01:50] Bootstrap tree #722, logLikelihood: -8759.772034
[02:02:21] Bootstrap tree #723, logLikelihood: -8920.192307
[02:02:54] Bootstrap tree #724, logLikelihood: -8682.310155
[02:03:15] Bootstrap tree #725, logLikelihood: -8774.016203
[02:03:41] Bootstrap tree #726, logLikelihood: -8637.263023
[02:03:55] Bootstrap tree #727, logLikelihood: -8816.918224
[02:04:19] Bootstrap tree #728, logLikelihood: -8983.902580
[02:04:39] Bootstrap tree #729, logLikelihood: -8713.683629
[02:05:00] Bootstrap tree #730, logLikelihood: -8742.867644
[02:05:13] Bootstrap tree #731, logLikelihood: -8552.279436
[02:05:34] Bootstrap tree #732, logLikelihood: -8813.279652
[02:06:09] Bootstrap tree #733, logLikelihood: -8705.225419
[02:06:46] Bootstrap tree #734, logLikelihood: -8714.042177
[02:06:58] Bootstrap tree #735, logLikelihood: -8663.967355
[02:07:25] Bootstrap tree #736, logLikelihood: -8700.854965
[02:07:52] Bootstrap tree #737, logLikelihood: -8644.341377
[02:08:12] Bootstrap tree #738, logLikelihood: -8714.552952
[02:08:34] Bootstrap tree #739, logLikelihood: -8976.180665
[02:09:02] Bootstrap tree #740, logLikelihood: -8673.353029
[02:09:37] Bootstrap tree #741, logLikelihood: -8927.306087
[02:10:09] Bootstrap tree #742, logLikelihood: -8696.630613
[02:10:32] Bootstrap tree #743, logLikelihood: -8976.593782
[02:10:51] Bootstrap tree #744, logLikelihood: -8782.328994
[02:11:34] Bootstrap tree #745, logLikelihood: -8587.543702
[02:11:57] Bootstrap tree #746, logLikelihood: -8776.510958
[02:12:18] Bootstrap tree #747, logLikelihood: -8750.007327
[02:12:40] Bootstrap tree #748, logLikelihood: -8967.660691
[02:12:54] Bootstrap tree #749, logLikelihood: -9060.319571
[02:13:48] Bootstrap tree #750, logLikelihood: -8934.293466
[02:14:23] Bootstrap tree #751, logLikelihood: -8826.378101
[02:14:37] Bootstrap tree #752, logLikelihood: -8759.382455
[02:14:51] Bootstrap tree #753, logLikelihood: -8653.380039
[02:15:36] Bootstrap tree #754, logLikelihood: -8837.668690
[02:16:03] Bootstrap tree #755, logLikelihood: -8744.129879
[02:16:20] Bootstrap tree #756, logLikelihood: -8806.145879
[02:16:33] Bootstrap tree #757, logLikelihood: -8953.606892
[02:16:51] Bootstrap tree #758, logLikelihood: -8644.991478
[02:17:12] Bootstrap tree #759, logLikelihood: -8782.528604
[02:17:36] Bootstrap tree #760, logLikelihood: -8844.518964
[02:17:53] Bootstrap tree #761, logLikelihood: -8700.452199
[02:18:11] Bootstrap tree #762, logLikelihood: -8680.759103
[02:18:29] Bootstrap tree #763, logLikelihood: -8604.077761
[02:18:54] Bootstrap tree #764, logLikelihood: -8545.334278
[02:19:28] Bootstrap tree #765, logLikelihood: -8753.531781
[02:19:44] Bootstrap tree #766, logLikelihood: -8699.432081
[02:20:09] Bootstrap tree #767, logLikelihood: -9053.875572
[02:20:26] Bootstrap tree #768, logLikelihood: -8831.965108
[02:20:56] Bootstrap tree #769, logLikelihood: -8982.184795
[02:21:10] Bootstrap tree #770, logLikelihood: -8819.228094
[02:21:25] Bootstrap tree #771, logLikelihood: -8748.151894
[02:22:06] Bootstrap tree #772, logLikelihood: -8777.066433
[02:22:22] Bootstrap tree #773, logLikelihood: -8889.731247
[02:22:41] Bootstrap tree #774, logLikelihood: -8567.663571
[02:23:13] Bootstrap tree #775, logLikelihood: -8722.825562
[02:24:01] Bootstrap tree #776, logLikelihood: -8792.470864
[02:24:17] Bootstrap tree #777, logLikelihood: -8363.107688
[02:24:44] Bootstrap tree #778, logLikelihood: -8571.533213
[02:25:00] Bootstrap tree #779, logLikelihood: -8690.037062
[02:25:18] Bootstrap tree #780, logLikelihood: -8958.875778
[02:25:35] Bootstrap tree #781, logLikelihood: -8725.880733
[02:26:01] Bootstrap tree #782, logLikelihood: -8655.186516
[02:26:21] Bootstrap tree #783, logLikelihood: -8808.495296
[02:26:49] Bootstrap tree #784, logLikelihood: -8512.516161
[02:27:19] Bootstrap tree #785, logLikelihood: -8729.043977
[02:27:54] Bootstrap tree #786, logLikelihood: -8635.892624
[02:28:12] Bootstrap tree #787, logLikelihood: -8610.607091
[02:28:54] Bootstrap tree #788, logLikelihood: -9122.562927
[02:29:28] Bootstrap tree #789, logLikelihood: -9071.970801
[02:29:51] Bootstrap tree #790, logLikelihood: -8456.810330
[02:30:24] Bootstrap tree #791, logLikelihood: -8726.803124
[02:31:05] Bootstrap tree #792, logLikelihood: -8655.934864
[02:31:48] Bootstrap tree #793, logLikelihood: -8456.556400
[02:32:12] Bootstrap tree #794, logLikelihood: -8816.354559
[02:32:38] Bootstrap tree #795, logLikelihood: -8546.646466
[02:33:01] Bootstrap tree #796, logLikelihood: -8695.414765
[02:33:27] Bootstrap tree #797, logLikelihood: -8642.479601
[02:33:51] Bootstrap tree #798, logLikelihood: -8763.967724
[02:34:05] Bootstrap tree #799, logLikelihood: -9006.999665
[02:34:24] Bootstrap tree #800, logLikelihood: -8759.735417
[02:34:58] Bootstrap tree #801, logLikelihood: -8518.057026
[02:35:18] Bootstrap tree #802, logLikelihood: -8384.435721
[02:36:00] Bootstrap tree #803, logLikelihood: -8879.562608
[02:36:24] Bootstrap tree #804, logLikelihood: -8906.687803
[02:36:47] Bootstrap tree #805, logLikelihood: -9110.623671
[02:37:04] Bootstrap tree #806, logLikelihood: -8598.305621
[02:37:30] Bootstrap tree #807, logLikelihood: -8730.966224
[02:38:02] Bootstrap tree #808, logLikelihood: -9047.486375
[02:38:36] Bootstrap tree #809, logLikelihood: -8628.446345
[02:39:22] Bootstrap tree #810, logLikelihood: -8725.596576
[02:39:42] Bootstrap tree #811, logLikelihood: -8586.472624
[02:40:11] Bootstrap tree #812, logLikelihood: -8916.973088
[02:40:33] Bootstrap tree #813, logLikelihood: -9094.761383
[02:41:03] Bootstrap tree #814, logLikelihood: -8864.280550
[02:41:30] Bootstrap tree #815, logLikelihood: -8937.327525
[02:42:08] Bootstrap tree #816, logLikelihood: -8688.218181
[02:42:48] Bootstrap tree #817, logLikelihood: -8555.312609
[02:43:02] Bootstrap tree #818, logLikelihood: -8764.466462
[02:43:57] Bootstrap tree #819, logLikelihood: -8852.554632
[02:44:11] Bootstrap tree #820, logLikelihood: -8504.606309
[02:44:36] Bootstrap tree #821, logLikelihood: -8801.934938
[02:45:19] Bootstrap tree #822, logLikelihood: -8684.008052
[02:45:40] Bootstrap tree #823, logLikelihood: -8905.273704
[02:45:55] Bootstrap tree #824, logLikelihood: -8663.646499
[02:46:27] Bootstrap tree #825, logLikelihood: -8715.786917
[02:46:56] Bootstrap tree #826, logLikelihood: -8838.861984
[02:47:29] Bootstrap tree #827, logLikelihood: -8917.133628
[02:48:01] Bootstrap tree #828, logLikelihood: -8564.554174
[02:48:43] Bootstrap tree #829, logLikelihood: -8698.266653
[02:49:10] Bootstrap tree #830, logLikelihood: -8864.486989
[02:49:51] Bootstrap tree #831, logLikelihood: -8800.180799
[02:50:07] Bootstrap tree #832, logLikelihood: -9069.323964
[02:50:34] Bootstrap tree #833, logLikelihood: -8394.884345
[02:50:51] Bootstrap tree #834, logLikelihood: -8749.594214
[02:51:12] Bootstrap tree #835, logLikelihood: -8678.687170
[02:51:24] Bootstrap tree #836, logLikelihood: -9065.525211
[02:51:44] Bootstrap tree #837, logLikelihood: -9029.527752
[02:52:05] Bootstrap tree #838, logLikelihood: -8926.397683
[02:52:29] Bootstrap tree #839, logLikelihood: -8775.555754
[02:53:07] Bootstrap tree #840, logLikelihood: -8719.664807
[02:53:31] Bootstrap tree #841, logLikelihood: -8789.267143
[02:53:57] Bootstrap tree #842, logLikelihood: -9011.825413
[02:54:14] Bootstrap tree #843, logLikelihood: -9377.789192
[02:54:49] Bootstrap tree #844, logLikelihood: -8819.997031
[02:55:24] Bootstrap tree #845, logLikelihood: -8914.273487
[02:55:55] Bootstrap tree #846, logLikelihood: -9014.813740
[02:56:20] Bootstrap tree #847, logLikelihood: -8647.265044
[02:56:51] Bootstrap tree #848, logLikelihood: -8681.397351
[02:57:05] Bootstrap tree #849, logLikelihood: -8974.651821
[02:57:26] Bootstrap tree #850, logLikelihood: -8883.236326
[02:58:26] Bootstrap tree #851, logLikelihood: -8743.398465
[02:58:46] Bootstrap tree #852, logLikelihood: -8763.518634
[02:59:03] Bootstrap tree #853, logLikelihood: -8555.670381
[02:59:30] Bootstrap tree #854, logLikelihood: -8684.886306
[03:00:04] Bootstrap tree #855, logLikelihood: -8524.815366
[03:00:23] Bootstrap tree #856, logLikelihood: -8502.003946
[03:00:41] Bootstrap tree #857, logLikelihood: -8604.977695
[03:01:02] Bootstrap tree #858, logLikelihood: -8899.024884
[03:01:30] Bootstrap tree #859, logLikelihood: -8613.840407
[03:01:52] Bootstrap tree #860, logLikelihood: -9097.456112
[03:02:09] Bootstrap tree #861, logLikelihood: -8809.871339
[03:02:43] Bootstrap tree #862, logLikelihood: -8732.521449
[03:03:07] Bootstrap tree #863, logLikelihood: -8849.602188
[03:03:25] Bootstrap tree #864, logLikelihood: -8792.583928
[03:03:53] Bootstrap tree #865, logLikelihood: -8954.810928
[03:04:27] Bootstrap tree #866, logLikelihood: -8500.965985
[03:04:54] Bootstrap tree #867, logLikelihood: -8817.399960
[03:05:37] Bootstrap tree #868, logLikelihood: -8602.223761
[03:06:02] Bootstrap tree #869, logLikelihood: -8686.081375
[03:06:24] Bootstrap tree #870, logLikelihood: -8530.197544
[03:06:46] Bootstrap tree #871, logLikelihood: -8716.442117
[03:07:16] Bootstrap tree #872, logLikelihood: -8960.088971
[03:07:51] Bootstrap tree #873, logLikelihood: -8714.268856
[03:08:08] Bootstrap tree #874, logLikelihood: -8788.059849
[03:08:30] Bootstrap tree #875, logLikelihood: -8844.497789
[03:08:49] Bootstrap tree #876, logLikelihood: -8884.782344
[03:09:10] Bootstrap tree #877, logLikelihood: -8682.071658
[03:09:35] Bootstrap tree #878, logLikelihood: -8804.045866
[03:09:56] Bootstrap tree #879, logLikelihood: -8632.416359
[03:10:15] Bootstrap tree #880, logLikelihood: -8590.575408
[03:10:30] Bootstrap tree #881, logLikelihood: -8621.728018
[03:10:54] Bootstrap tree #882, logLikelihood: -8863.189927
[03:11:14] Bootstrap tree #883, logLikelihood: -8871.166421
[03:11:33] Bootstrap tree #884, logLikelihood: -8655.398867
[03:12:13] Bootstrap tree #885, logLikelihood: -8606.939000
[03:12:28] Bootstrap tree #886, logLikelihood: -8847.018454
[03:13:05] Bootstrap tree #887, logLikelihood: -8538.006799
[03:13:21] Bootstrap tree #888, logLikelihood: -8775.930313
[03:13:46] Bootstrap tree #889, logLikelihood: -8806.847315
[03:14:03] Bootstrap tree #890, logLikelihood: -8669.369041
[03:14:46] Bootstrap tree #891, logLikelihood: -9026.352392
[03:15:04] Bootstrap tree #892, logLikelihood: -9189.193738
[03:15:21] Bootstrap tree #893, logLikelihood: -8629.314553
[03:15:42] Bootstrap tree #894, logLikelihood: -8460.352999
[03:16:14] Bootstrap tree #895, logLikelihood: -8506.412237
[03:16:31] Bootstrap tree #896, logLikelihood: -8807.028547
[03:16:58] Bootstrap tree #897, logLikelihood: -8775.079525
[03:17:27] Bootstrap tree #898, logLikelihood: -8775.116954
[03:17:40] Bootstrap tree #899, logLikelihood: -9202.143298
[03:17:57] Bootstrap tree #900, logLikelihood: -8873.573782
[03:18:42] Bootstrap tree #901, logLikelihood: -8925.752941
[03:18:55] Bootstrap tree #902, logLikelihood: -8608.244801
[03:19:11] Bootstrap tree #903, logLikelihood: -8633.269954
[03:19:32] Bootstrap tree #904, logLikelihood: -8889.571097
[03:19:58] Bootstrap tree #905, logLikelihood: -8885.469569
[03:20:30] Bootstrap tree #906, logLikelihood: -8964.164149
[03:20:43] Bootstrap tree #907, logLikelihood: -8876.755054
[03:21:15] Bootstrap tree #908, logLikelihood: -8517.853005
[03:21:49] Bootstrap tree #909, logLikelihood: -8603.525173
[03:22:09] Bootstrap tree #910, logLikelihood: -8660.321528
[03:22:32] Bootstrap tree #911, logLikelihood: -8600.129721
[03:23:00] Bootstrap tree #912, logLikelihood: -8652.224051
[03:23:27] Bootstrap tree #913, logLikelihood: -8953.685602
[03:23:51] Bootstrap tree #914, logLikelihood: -9075.365256
[03:24:37] Bootstrap tree #915, logLikelihood: -8752.824985
[03:25:07] Bootstrap tree #916, logLikelihood: -8966.241845
[03:25:30] Bootstrap tree #917, logLikelihood: -8756.523417
[03:25:52] Bootstrap tree #918, logLikelihood: -8601.682497
[03:26:16] Bootstrap tree #919, logLikelihood: -9131.978052
[03:26:40] Bootstrap tree #920, logLikelihood: -8415.082244
[03:27:02] Bootstrap tree #921, logLikelihood: -8559.419860
[03:27:37] Bootstrap tree #922, logLikelihood: -8769.163524
[03:27:50] Bootstrap tree #923, logLikelihood: -8818.670566
[03:28:04] Bootstrap tree #924, logLikelihood: -8884.116752
[03:28:29] Bootstrap tree #925, logLikelihood: -8852.444037
[03:28:56] Bootstrap tree #926, logLikelihood: -8802.777245
[03:29:12] Bootstrap tree #927, logLikelihood: -9027.370417
[03:29:36] Bootstrap tree #928, logLikelihood: -8752.761086
[03:30:13] Bootstrap tree #929, logLikelihood: -8677.863228
[03:30:25] Bootstrap tree #930, logLikelihood: -8743.033327
[03:30:45] Bootstrap tree #931, logLikelihood: -8748.976743
[03:31:07] Bootstrap tree #932, logLikelihood: -8862.529589
[03:31:24] Bootstrap tree #933, logLikelihood: -8988.288806
[03:31:43] Bootstrap tree #934, logLikelihood: -8818.130341
[03:31:58] Bootstrap tree #935, logLikelihood: -8915.957956
[03:32:38] Bootstrap tree #936, logLikelihood: -8832.101406
[03:33:01] Bootstrap tree #937, logLikelihood: -8803.062324
[03:33:20] Bootstrap tree #938, logLikelihood: -8611.062478
[03:33:36] Bootstrap tree #939, logLikelihood: -8590.919307
[03:33:56] Bootstrap tree #940, logLikelihood: -8503.671808
[03:34:15] Bootstrap tree #941, logLikelihood: -8965.262477
[03:34:32] Bootstrap tree #942, logLikelihood: -8724.896744
[03:34:59] Bootstrap tree #943, logLikelihood: -8929.077962
[03:35:12] Bootstrap tree #944, logLikelihood: -8884.255280
[03:35:50] Bootstrap tree #945, logLikelihood: -8586.938574
[03:36:15] Bootstrap tree #946, logLikelihood: -8781.783011
[03:36:42] Bootstrap tree #947, logLikelihood: -8580.587717
[03:37:04] Bootstrap tree #948, logLikelihood: -8688.986871
[03:37:44] Bootstrap tree #949, logLikelihood: -8519.020869
[03:38:08] Bootstrap tree #950, logLikelihood: -8826.899253
[03:38:56] Bootstrap tree #951, logLikelihood: -8503.577229
[03:39:14] Bootstrap tree #952, logLikelihood: -8906.367440
[03:39:29] Bootstrap tree #953, logLikelihood: -8497.796364
[03:39:48] Bootstrap tree #954, logLikelihood: -8610.200084
[03:40:21] Bootstrap tree #955, logLikelihood: -8643.395724
[03:40:38] Bootstrap tree #956, logLikelihood: -8692.663461
[03:41:01] Bootstrap tree #957, logLikelihood: -8664.486649
[03:41:22] Bootstrap tree #958, logLikelihood: -8566.075706
[03:41:37] Bootstrap tree #959, logLikelihood: -8697.786282
[03:41:55] Bootstrap tree #960, logLikelihood: -8610.266732
[03:42:11] Bootstrap tree #961, logLikelihood: -8716.401602
[03:42:28] Bootstrap tree #962, logLikelihood: -9015.251146
[03:42:48] Bootstrap tree #963, logLikelihood: -8451.071260
[03:43:03] Bootstrap tree #964, logLikelihood: -8670.350505
[03:43:16] Bootstrap tree #965, logLikelihood: -8583.436619
[03:43:44] Bootstrap tree #966, logLikelihood: -8679.230191
[03:43:58] Bootstrap tree #967, logLikelihood: -8716.509051
[03:44:12] Bootstrap tree #968, logLikelihood: -8709.328050
[03:44:25] Bootstrap tree #969, logLikelihood: -8604.840350
[03:44:46] Bootstrap tree #970, logLikelihood: -8710.476499
[03:45:10] Bootstrap tree #971, logLikelihood: -8731.508390
[03:45:44] Bootstrap tree #972, logLikelihood: -8859.632957
[03:46:04] Bootstrap tree #973, logLikelihood: -8829.303840
[03:46:21] Bootstrap tree #974, logLikelihood: -8697.540424
[03:46:44] Bootstrap tree #975, logLikelihood: -8592.562145
[03:47:10] Bootstrap tree #976, logLikelihood: -8754.242237
[03:47:35] Bootstrap tree #977, logLikelihood: -8900.528717
[03:47:59] Bootstrap tree #978, logLikelihood: -8805.042175
[03:48:35] Bootstrap tree #979, logLikelihood: -8791.787649
[03:49:05] Bootstrap tree #980, logLikelihood: -8613.275136
[03:49:21] Bootstrap tree #981, logLikelihood: -8944.067154
[03:49:49] Bootstrap tree #982, logLikelihood: -8888.809552
[03:50:07] Bootstrap tree #983, logLikelihood: -8813.405205
[03:50:20] Bootstrap tree #984, logLikelihood: -8473.776068
[03:50:41] Bootstrap tree #985, logLikelihood: -8756.141198
[03:50:58] Bootstrap tree #986, logLikelihood: -8857.094327
[03:51:18] Bootstrap tree #987, logLikelihood: -8715.800918
[03:51:43] Bootstrap tree #988, logLikelihood: -8781.265166
[03:51:57] Bootstrap tree #989, logLikelihood: -8896.481168
[03:52:27] Bootstrap tree #990, logLikelihood: -8692.064352
[03:52:57] Bootstrap tree #991, logLikelihood: -8906.137685
[03:53:29] Bootstrap tree #992, logLikelihood: -8390.838480
[03:53:54] Bootstrap tree #993, logLikelihood: -8923.919947
[03:54:08] Bootstrap tree #994, logLikelihood: -8905.100534
[03:54:35] Bootstrap tree #995, logLikelihood: -8381.321209
[03:54:52] Bootstrap tree #996, logLikelihood: -8831.337612
[03:55:11] Bootstrap tree #997, logLikelihood: -8654.940919
[03:55:25] Bootstrap tree #998, logLikelihood: -8557.229705
[03:56:06] Bootstrap tree #999, logLikelihood: -8864.080551
[03:56:29] Bootstrap tree #1000, logLikelihood: -8872.159037


Final LogLikelihood: -8864.715302

AIC score: 18139.430605 / AICc score: 18156.852222 / BIC score: 19477.657339
Free parameters (model + branch lengths): 205

Best ML tree saved to: /bigdata/littlab/arajewski/Arundinaria/phylo/concatenated/GTRGI/TESTconcatenated.phy.partitioned.raxml.bestTree
All ML trees saved to: /bigdata/littlab/arajewski/Arundinaria/phylo/concatenated/GTRGI/TESTconcatenated.phy.partitioned.raxml.mlTrees
Best ML tree with Felsenstein bootstrap (FBP) support values saved to: /bigdata/littlab/arajewski/Arundinaria/phylo/concatenated/GTRGI/TESTconcatenated.phy.partitioned.raxml.support
Optimized model saved to: /bigdata/littlab/arajewski/Arundinaria/phylo/concatenated/GTRGI/TESTconcatenated.phy.partitioned.raxml.bestModel
Bootstrap trees saved to: /bigdata/littlab/arajewski/Arundinaria/phylo/concatenated/GTRGI/TESTconcatenated.phy.partitioned.raxml.bootstraps

Execution log saved to: /bigdata/littlab/arajewski/Arundinaria/phylo/concatenated/GTRGI/TESTconcatenated.phy.partitioned.raxml.log

Analysis started: 26-Aug-2019 10:55:41 / finished: 26-Aug-2019 14:52:43

Elapsed time: 14222.362 seconds (this run) / 37144.599 seconds (total with restarts)

JobId=2071 JobName=6b_RAxML.sh
   UserId=nobody(3080) GroupId=nobody(1144) MCS_label=N/A
   Priority=5100000 Nice=0 Account=littlab QOS=normal
   JobState=RUNNING Reason=None Dependency=(null)
   Requeue=1 Restarts=0 BatchFlag=1 Reboot=0 ExitCode=0:0
   RunTime=03:58:21 TimeLimit=04:00:00 TimeMin=N/A
   SubmitTime=2019-08-26T10:54:21 EligibleTime=2019-08-26T10:54:21
   AccrueTime=2019-08-26T10:54:21
   StartTime=2019-08-26T10:54:22 EndTime=2019-08-26T14:54:22 Deadline=N/A
   SuspendTime=None SecsPreSuspend=0 LastSchedEval=2019-08-26T10:54:22
   Partition=intel AllocNode:Sid=pelican.ib.hpcc.ucr.edu:10728
   ReqNodeList=(null) ExcNodeList=(null)
   NodeList=i02
   BatchHost=i02
   NumNodes=1 NumCPUs=4 NumTasks=4 CPUs/Task=1 ReqB:S:C:T=0:0:*:*
   TRES=cpu=4,mem=16G,node=1,billing=8
   Socks/Node=* NtasksPerN:B:S:C=0:0:*:* CoreSpec=*
   MinCPUsNode=1 MinMemoryCPU=4G MinTmpDiskNode=0
   Features=(null) DelayBoot=00:00:00
   OverSubscribe=OK Contiguous=0 Licenses=(null) Network=(null)
   Command=/bigdata/littlab/arajewski/Arundinaria/phylo/6b_RAxML.sh
   WorkDir=/bigdata/littlab/arajewski/Arundinaria/phylo
   StdErr=/bigdata/littlab/arajewski/Arundinaria/phylo/../history/RAxML-2071.out
   StdIn=/dev/null
   StdOut=/bigdata/littlab/arajewski/Arundinaria/phylo/../history/RAxML-2071.out
   Power=

