
RAxML-NG v. 0.9.0 released on 20.05.2019 by The Exelixis Lab.
Developed by: Alexey M. Kozlov and Alexandros Stamatakis.
Contributors: Diego Darriba, Tomas Flouri, Benoit Morel, Sarah Lutteropp, Ben Bettisworth.
Latest version: https://github.com/amkozlov/raxml-ng
Questions/problems/suggestions? Please visit: https://groups.google.com/forum/#!forum/raxml

RAxML-NG was called at 19-Aug-2019 13:38:01 as follows:

raxml-ng --parse --msa /rhome/arajewski/bigdata/Arundinaria/phylo/concatenated/Concatenated_ambig.afa --model GTR+G+I

Analysis options:
  run mode: Alignment parsing and compression
  start tree(s): 
  random seed: 1566247081
  tip-inner: OFF
  pattern compression: ON
  per-rate scalers: OFF
  site repeats: ON
  branch lengths: proportional (ML estimate, algorithm: NR-FAST)
  SIMD kernels: AVX2
  parallelization: PTHREADS (32 threads), thread pinning: OFF

[00:00:00] Reading alignment from file: /rhome/arajewski/bigdata/Arundinaria/phylo/concatenated/Concatenated_ambig.afa
[00:00:00] Loaded alignment with 74 taxa and 4903 sites

WARNING: Sequences L5 and L62 are exactly identical!
WARNING: Sequences L5 and L65 are exactly identical!
WARNING: Sequences L5 and L93 are exactly identical!
WARNING: Sequences L5 and Lo28 are exactly identical!
WARNING: Sequences L5 and Lo43 are exactly identical!
WARNING: Sequences Lo16 and Lo9 are exactly identical!
WARNING: Sequences JT164 and JT177 are exactly identical!
WARNING: Sequences JT167 and JT174 are exactly identical!
WARNING: Sequences JT167 and JT85 are exactly identical!
WARNING: Sequences JT167 and JT87 are exactly identical!
WARNING: Sequences JT172 and JT180 are exactly identical!
WARNING: Sequences JT172 and JT90 are exactly identical!
WARNING: Sequences JT19 and JT21 are exactly identical!
WARNING: Sequences H-2C and H0B are exactly identical!
WARNING: Sequences H-2C and H10B are exactly identical!
WARNING: Sequences H-2C and H10C are exactly identical!
WARNING: Sequences H-2C and H10E are exactly identical!
WARNING: Sequences H-2C and H14D are exactly identical!
WARNING: Sequences H-2C and H6B are exactly identical!
WARNING: Sequences H-2C and H8B are exactly identical!
WARNING: Sequences H0C and H6A are exactly identical!
WARNING: Sequences H0C and H6D are exactly identical!
WARNING: Sequences H2C and H4A are exactly identical!
WARNING: Sequences H2C and H4B are exactly identical!
WARNING: Sequences H2B and H4D are exactly identical!
WARNING: Duplicate sequences found: 25

NOTE: Reduced alignment (with duplicates and gap-only sites/taxa removed) 
NOTE: was saved to: /bigdata/littlab/arajewski/Arundinaria/phylo/concatenated/Concatenated_ambig.afa.raxml.reduced.phy

Alignment comprises 1 partitions and 40 patterns

Partition 0: noname
Model: GTR+FO+I+G4m
Alignment sites / patterns: 4903 / 40
Gaps: 0.00 %
Invariant sites: 99.20 %


NOTE: Binary MSA file created: /rhome/arajewski/bigdata/Arundinaria/phylo/concatenated/Concatenated_ambig.afa.raxml.rba

* Estimated memory requirements                : 1 MB

* Recommended number of threads / MPI processes: 1

Please note that numbers given above are rough estimates only. 
Actual memory consumption and parallel performance on your system may differ!

Alignment can be successfully read by RAxML-NG.


Execution log saved to: /bigdata/littlab/arajewski/Arundinaria/phylo/concatenated/Concatenated_ambig.afa.raxml.log

Analysis started: 19-Aug-2019 13:38:01 / finished: 19-Aug-2019 13:38:01

Elapsed time: 0.036 seconds

