Thu Aug 29 13:24:54 PDT 2019: Estimating time to completion.

RAxML-NG v. 0.9.0 released on 20.05.2019 by The Exelixis Lab.
Developed by: Alexey M. Kozlov and Alexandros Stamatakis.
Contributors: Diego Darriba, Tomas Flouri, Benoit Morel, Sarah Lutteropp, Ben Bettisworth.
Latest version: https://github.com/amkozlov/raxml-ng
Questions/problems/suggestions? Please visit: https://groups.google.com/forum/#!forum/raxml

RAxML-NG was called at 29-Aug-2019 13:24:54 as follows:

raxml-ng --parse --msa ../Plastid_NoMissing_psaA.phy --model GTR+G+I --prefix ./Plastid_NoMissing_psaA.phy

Analysis options:
  run mode: Alignment parsing and compression
  start tree(s): 
  random seed: 1567110294
  tip-inner: OFF
  pattern compression: ON
  per-rate scalers: OFF
  site repeats: ON
  branch lengths: proportional (ML estimate, algorithm: NR-FAST)
  SIMD kernels: AVX2
  parallelization: PTHREADS (32 threads), thread pinning: OFF

[00:00:00] Reading alignment from file: ../Plastid_NoMissing_psaA.phy
[00:00:00] Loaded alignment with 81 taxa and 893 sites

WARNING: Sequences A.gig and Gig are exactly identical!
WARNING: Sequences A.gig and H0C are exactly identical!
WARNING: Sequences A.gig and H2A are exactly identical!
WARNING: Sequences A.gig and H2B are exactly identical!
WARNING: Sequences A.gig and H2C are exactly identical!
WARNING: Sequences A.gig and H4A are exactly identical!
WARNING: Sequences A.gig and H4B are exactly identical!
WARNING: Sequences A.gig and H4C are exactly identical!
WARNING: Sequences A.gig and H4D are exactly identical!
WARNING: Sequences A.gig and H6A are exactly identical!
WARNING: Sequences A.gig and H6C are exactly identical!
WARNING: Sequences A.gig and H6D are exactly identical!
WARNING: Sequences A.gig and H8A are exactly identical!
WARNING: Sequences A.gig and H8D are exactly identical!
WARNING: Sequences A.gig and H8E are exactly identical!
WARNING: Sequences A.gig and H10D_0 are exactly identical!
WARNING: Sequences A.gig and H10D_1 are exactly identical!
WARNING: Sequences A.gig and H12D are exactly identical!
WARNING: Sequences A.gig and H14C are exactly identical!
WARNING: Sequences A.gig and H_2D are exactly identical!
WARNING: Sequences A.gig and JT19 are exactly identical!
WARNING: Sequences A.gig and JT80 are exactly identical!
WARNING: Sequences A.gig and JT98 are exactly identical!
WARNING: Sequences A.gig and JT112 are exactly identical!
WARNING: Sequences A.gig and JT175 are exactly identical!
WARNING: Sequences A.gig and JT177 are exactly identical!
WARNING: Sequences A.gig and L5 are exactly identical!
WARNING: Sequences A.gig and L62 are exactly identical!
WARNING: Sequences A.gig and L65 are exactly identical!
WARNING: Sequences A.gig and L93 are exactly identical!
WARNING: Sequences A.gig and L111 are exactly identical!
WARNING: Sequences A.gig and L132 are exactly identical!
WARNING: Sequences A.gig and Lo9 are exactly identical!
WARNING: Sequences A.gig and Lo16 are exactly identical!
WARNING: Sequences A.gig and Lo28 are exactly identical!
WARNING: Sequences A.gig and Lo43 are exactly identical!
WARNING: Sequences H0B and H6B are exactly identical!
WARNING: Sequences H0B and H8C are exactly identical!
WARNING: Sequences H0B and H10B are exactly identical!
WARNING: Sequences H0B and H10C are exactly identical!
WARNING: Sequences H0B and H10E are exactly identical!
WARNING: Sequences H0B and H14D are exactly identical!
WARNING: Sequences H0B and H_2C are exactly identical!
WARNING: Sequences H0B and JT6 are exactly identical!
WARNING: Sequences H0B and JT23 are exactly identical!
WARNING: Sequences H0B and JT25 are exactly identical!
WARNING: Sequences H0B and JT27 are exactly identical!
WARNING: Sequences H0B and JT85 are exactly identical!
WARNING: Sequences H0B and JT87 are exactly identical!
WARNING: Sequences H0B and JT97 are exactly identical!
WARNING: Sequences H0B and JT164 are exactly identical!
WARNING: Sequences H0B and JT167 are exactly identical!
WARNING: Sequences H0B and JT170 are exactly identical!
WARNING: Sequences H0B and JT172 are exactly identical!
WARNING: Sequences H0B and JT173_0 are exactly identical!
WARNING: Sequences H0B and JT173_1 are exactly identical!
WARNING: Sequences H0B and JT174 are exactly identical!
WARNING: Sequences H0B and JT178_0 are exactly identical!
WARNING: Sequences H0B and JT178_1 are exactly identical!
WARNING: Sequences H0B and JT183 are exactly identical!
WARNING: Sequences H0B and JT184 are exactly identical!
WARNING: Sequences JT8 and JT20 are exactly identical!
WARNING: Sequences JT8 and JT21 are exactly identical!
WARNING: Sequences JT8 and JT89 are exactly identical!
WARNING: Sequences JT8 and JT90 are exactly identical!
WARNING: Sequences JT8 and JT108 are exactly identical!
WARNING: Sequences JT8 and JT162 are exactly identical!
WARNING: Sequences JT8 and JT165 are exactly identical!
WARNING: Sequences JT8 and JT166 are exactly identical!
WARNING: Sequences JT8 and JT171 are exactly identical!
WARNING: Sequences JT8 and JT182 are exactly identical!
WARNING: Sequences JT8 and JT185 are exactly identical!
WARNING: Sequences JT8 and JT188 are exactly identical!
WARNING: Sequences JT8 and Tec are exactly identical!
WARNING: Duplicate sequences found: 74

NOTE: Reduced alignment (with duplicates and gap-only sites/taxa removed) 
NOTE: was saved to: /bigdata/littlab/arajewski/Arundinaria/phylo/plastid/GTRGI/Plastid_NoMissing_psaA.phy.raxml.reduced.phy

Alignment comprises 1 partitions and 26 patterns

Partition 0: noname
Model: GTR+FO+I+G4m
Alignment sites / patterns: 893 / 26
Gaps: 1.49 %
Invariant sites: 98.77 %


NOTE: Binary MSA file created: ./Plastid_NoMissing_psaA.phy.raxml.rba

* Estimated memory requirements                : 1 MB

* Recommended number of threads / MPI processes: 1

Please note that numbers given above are rough estimates only. 
Actual memory consumption and parallel performance on your system may differ!

Alignment can be successfully read by RAxML-NG.


Execution log saved to: /bigdata/littlab/arajewski/Arundinaria/phylo/plastid/GTRGI/Plastid_NoMissing_psaA.phy.raxml.log

Analysis started: 29-Aug-2019 13:24:54 / finished: 29-Aug-2019 13:24:54

Elapsed time: 0.050 seconds

Thu Aug 29 13:24:54 PDT 2019: Done.
Thu Aug 29 13:24:54 PDT 2019: Beginning RAxML estimation.

RAxML-NG v. 0.9.0 released on 20.05.2019 by The Exelixis Lab.
Developed by: Alexey M. Kozlov and Alexandros Stamatakis.
Contributors: Diego Darriba, Tomas Flouri, Benoit Morel, Sarah Lutteropp, Ben Bettisworth.
Latest version: https://github.com/amkozlov/raxml-ng
Questions/problems/suggestions? Please visit: https://groups.google.com/forum/#!forum/raxml

RAxML-NG was called at 29-Aug-2019 13:24:54 as follows:

raxml-ng --all --tree pars{25},rand{25} --msa ../Plastid_NoMissing_psaA.phy --prefix ./Plastid_NoMissing_psaA.phy --model GTR+G+I --outgroup P.edulis --seed 121787 --blopt nr_safe --threads 1

Analysis options:
  run mode: ML tree search + bootstrapping (Felsenstein Bootstrap)
  start tree(s): random (25) + parsimony (25)
  bootstrap replicates: max: 1000 + bootstopping (autoMRE, cutoff: 0.030000)
  random seed: 121787
  tip-inner: OFF
  pattern compression: ON
  per-rate scalers: OFF
  site repeats: ON
  branch lengths: proportional (ML estimate, algorithm: NR-SAFE)
  SIMD kernels: AVX2
  parallelization: NONE/sequential

[00:00:00] Reading alignment from file: ../Plastid_NoMissing_psaA.phy
[00:00:00] Loaded alignment with 81 taxa and 893 sites

WARNING: Sequences A.gig and Gig are exactly identical!
WARNING: Sequences A.gig and H0C are exactly identical!
WARNING: Sequences A.gig and H2A are exactly identical!
WARNING: Sequences A.gig and H2B are exactly identical!
WARNING: Sequences A.gig and H2C are exactly identical!
WARNING: Sequences A.gig and H4A are exactly identical!
WARNING: Sequences A.gig and H4B are exactly identical!
WARNING: Sequences A.gig and H4C are exactly identical!
WARNING: Sequences A.gig and H4D are exactly identical!
WARNING: Sequences A.gig and H6A are exactly identical!
WARNING: Sequences A.gig and H6C are exactly identical!
WARNING: Sequences A.gig and H6D are exactly identical!
WARNING: Sequences A.gig and H8A are exactly identical!
WARNING: Sequences A.gig and H8D are exactly identical!
WARNING: Sequences A.gig and H8E are exactly identical!
WARNING: Sequences A.gig and H10D_0 are exactly identical!
WARNING: Sequences A.gig and H10D_1 are exactly identical!
WARNING: Sequences A.gig and H12D are exactly identical!
WARNING: Sequences A.gig and H14C are exactly identical!
WARNING: Sequences A.gig and H_2D are exactly identical!
WARNING: Sequences A.gig and JT19 are exactly identical!
WARNING: Sequences A.gig and JT80 are exactly identical!
WARNING: Sequences A.gig and JT98 are exactly identical!
WARNING: Sequences A.gig and JT112 are exactly identical!
WARNING: Sequences A.gig and JT175 are exactly identical!
WARNING: Sequences A.gig and JT177 are exactly identical!
WARNING: Sequences A.gig and L5 are exactly identical!
WARNING: Sequences A.gig and L62 are exactly identical!
WARNING: Sequences A.gig and L65 are exactly identical!
WARNING: Sequences A.gig and L93 are exactly identical!
WARNING: Sequences A.gig and L111 are exactly identical!
WARNING: Sequences A.gig and L132 are exactly identical!
WARNING: Sequences A.gig and Lo9 are exactly identical!
WARNING: Sequences A.gig and Lo16 are exactly identical!
WARNING: Sequences A.gig and Lo28 are exactly identical!
WARNING: Sequences A.gig and Lo43 are exactly identical!
WARNING: Sequences H0B and H6B are exactly identical!
WARNING: Sequences H0B and H8C are exactly identical!
WARNING: Sequences H0B and H10B are exactly identical!
WARNING: Sequences H0B and H10C are exactly identical!
WARNING: Sequences H0B and H10E are exactly identical!
WARNING: Sequences H0B and H14D are exactly identical!
WARNING: Sequences H0B and H_2C are exactly identical!
WARNING: Sequences H0B and JT6 are exactly identical!
WARNING: Sequences H0B and JT23 are exactly identical!
WARNING: Sequences H0B and JT25 are exactly identical!
WARNING: Sequences H0B and JT27 are exactly identical!
WARNING: Sequences H0B and JT85 are exactly identical!
WARNING: Sequences H0B and JT87 are exactly identical!
WARNING: Sequences H0B and JT97 are exactly identical!
WARNING: Sequences H0B and JT164 are exactly identical!
WARNING: Sequences H0B and JT167 are exactly identical!
WARNING: Sequences H0B and JT170 are exactly identical!
WARNING: Sequences H0B and JT172 are exactly identical!
WARNING: Sequences H0B and JT173_0 are exactly identical!
WARNING: Sequences H0B and JT173_1 are exactly identical!
WARNING: Sequences H0B and JT174 are exactly identical!
WARNING: Sequences H0B and JT178_0 are exactly identical!
WARNING: Sequences H0B and JT178_1 are exactly identical!
WARNING: Sequences H0B and JT183 are exactly identical!
WARNING: Sequences H0B and JT184 are exactly identical!
WARNING: Sequences JT8 and JT20 are exactly identical!
WARNING: Sequences JT8 and JT21 are exactly identical!
WARNING: Sequences JT8 and JT89 are exactly identical!
WARNING: Sequences JT8 and JT90 are exactly identical!
WARNING: Sequences JT8 and JT108 are exactly identical!
WARNING: Sequences JT8 and JT162 are exactly identical!
WARNING: Sequences JT8 and JT165 are exactly identical!
WARNING: Sequences JT8 and JT166 are exactly identical!
WARNING: Sequences JT8 and JT171 are exactly identical!
WARNING: Sequences JT8 and JT182 are exactly identical!
WARNING: Sequences JT8 and JT185 are exactly identical!
WARNING: Sequences JT8 and JT188 are exactly identical!
WARNING: Sequences JT8 and Tec are exactly identical!
WARNING: Duplicate sequences found: 74

NOTE: Reduced alignment (with duplicates and gap-only sites/taxa removed) 
NOTE: was saved to: /bigdata/littlab/arajewski/Arundinaria/phylo/plastid/GTRGI/Plastid_NoMissing_psaA.phy.raxml.reduced.phy

Alignment comprises 1 partitions and 26 patterns

Partition 0: noname
Model: GTR+FO+I+G4m
Alignment sites / patterns: 893 / 26
Gaps: 1.49 %
Invariant sites: 98.77 %


NOTE: Binary MSA file already exists: ./Plastid_NoMissing_psaA.phy.raxml.rba

[00:00:00] Generating 25 random starting tree(s) with 81 taxa
[00:00:00] Generating 25 parsimony starting tree(s) with 81 taxa
[00:00:00] Data distribution: max. partitions/sites/weight per thread: 1 / 26 / 416

Starting ML tree search with 50 distinct starting trees

[00:00:00] ML tree search #1, logLikelihood: -1239.785634
[00:00:01] ML tree search #2, logLikelihood: -1239.785632
[00:00:02] ML tree search #3, logLikelihood: -1239.785649
[00:00:03] ML tree search #4, logLikelihood: -1239.785645
[00:00:04] ML tree search #5, logLikelihood: -1239.785648
[00:00:05] ML tree search #6, logLikelihood: -1239.785659
[00:00:05] ML tree search #7, logLikelihood: -1239.785657
[00:00:06] ML tree search #8, logLikelihood: -1239.785641
[00:00:07] ML tree search #9, logLikelihood: -1239.785670
[00:00:08] ML tree search #10, logLikelihood: -1239.785651
[00:00:09] ML tree search #11, logLikelihood: -1239.785626
[00:00:09] ML tree search #12, logLikelihood: -1239.785641
[00:00:10] ML tree search #13, logLikelihood: -1239.785644
[00:00:11] ML tree search #14, logLikelihood: -1239.785642
[00:00:12] ML tree search #15, logLikelihood: -1239.785641
[00:00:13] ML tree search #16, logLikelihood: -1239.785634
[00:00:13] ML tree search #17, logLikelihood: -1239.785643
[00:00:14] ML tree search #18, logLikelihood: -1239.785652
[00:00:15] ML tree search #19, logLikelihood: -1239.785633
[00:00:16] ML tree search #20, logLikelihood: -1239.785638
[00:00:17] ML tree search #21, logLikelihood: -1239.785642
[00:00:18] ML tree search #22, logLikelihood: -1239.785639
[00:00:18] ML tree search #23, logLikelihood: -1239.785644
[00:00:19] ML tree search #24, logLikelihood: -1239.785652
[00:00:20] ML tree search #25, logLikelihood: -1239.785647
[00:00:21] ML tree search #26, logLikelihood: -1239.785665
[00:00:22] ML tree search #27, logLikelihood: -1239.785670
[00:00:22] ML tree search #28, logLikelihood: -1239.785648
[00:00:23] ML tree search #29, logLikelihood: -1239.785682
[00:00:24] ML tree search #30, logLikelihood: -1239.785668
[00:00:25] ML tree search #31, logLikelihood: -1239.785664
[00:00:25] ML tree search #32, logLikelihood: -1239.785671
[00:00:26] ML tree search #33, logLikelihood: -1239.785653
[00:00:27] ML tree search #34, logLikelihood: -1239.785673
[00:00:28] ML tree search #35, logLikelihood: -1239.785654
[00:00:28] ML tree search #36, logLikelihood: -1239.785650
[00:00:29] ML tree search #37, logLikelihood: -1239.785678
[00:00:30] ML tree search #38, logLikelihood: -1239.785655
[00:00:31] ML tree search #39, logLikelihood: -1239.785659
[00:00:31] ML tree search #40, logLikelihood: -1239.785718
[00:00:32] ML tree search #41, logLikelihood: -1239.785696
[00:00:33] ML tree search #42, logLikelihood: -1239.785671
[00:00:33] ML tree search #43, logLikelihood: -1239.785718
[00:00:34] ML tree search #44, logLikelihood: -1239.785665
[00:00:35] ML tree search #45, logLikelihood: -1239.785655
[00:00:36] ML tree search #46, logLikelihood: -1239.785662
[00:00:36] ML tree search #47, logLikelihood: -1239.785652
[00:00:37] ML tree search #48, logLikelihood: -1239.785673
[00:00:38] ML tree search #49, logLikelihood: -1239.785704
[00:00:39] ML tree search #50, logLikelihood: -1239.785704

[00:00:39] ML tree search completed, best tree logLH: -1239.785626

[00:00:39] Starting bootstrapping analysis with 1000 replicates.

[00:00:39] Bootstrap tree #1, logLikelihood: -1218.331028
[00:00:40] Bootstrap tree #2, logLikelihood: -1246.849328
[00:00:41] Bootstrap tree #3, logLikelihood: -1226.280605
[00:00:42] Bootstrap tree #4, logLikelihood: -1237.776473
[00:00:43] Bootstrap tree #5, logLikelihood: -1235.453851
[00:00:44] Bootstrap tree #6, logLikelihood: -1246.950562
[00:00:44] Bootstrap tree #7, logLikelihood: -1249.653909
[00:00:45] Bootstrap tree #8, logLikelihood: -1235.764284
[00:00:46] Bootstrap tree #9, logLikelihood: -1231.993771
[00:00:47] Bootstrap tree #10, logLikelihood: -1244.830236
[00:00:48] Bootstrap tree #11, logLikelihood: -1228.402345
[00:00:49] Bootstrap tree #12, logLikelihood: -1240.435853
[00:00:49] Bootstrap tree #13, logLikelihood: -1210.703798
[00:00:50] Bootstrap tree #14, logLikelihood: -1222.098123
[00:00:51] Bootstrap tree #15, logLikelihood: -1227.886074
[00:00:52] Bootstrap tree #16, logLikelihood: -1214.539066
[00:00:53] Bootstrap tree #17, logLikelihood: -1230.246170
[00:00:53] Bootstrap tree #18, logLikelihood: -1267.592005
[00:00:54] Bootstrap tree #19, logLikelihood: -1196.726470
[00:00:55] Bootstrap tree #20, logLikelihood: -1256.538572
[00:00:56] Bootstrap tree #21, logLikelihood: -1231.801537
[00:00:57] Bootstrap tree #22, logLikelihood: -1237.622591
[00:00:57] Bootstrap tree #23, logLikelihood: -1243.080173
[00:00:58] Bootstrap tree #24, logLikelihood: -1244.968904
[00:00:59] Bootstrap tree #25, logLikelihood: -1234.488309
[00:01:00] Bootstrap tree #26, logLikelihood: -1209.673782
[00:01:01] Bootstrap tree #27, logLikelihood: -1283.776988
[00:01:01] Bootstrap tree #28, logLikelihood: -1211.830359
[00:01:02] Bootstrap tree #29, logLikelihood: -1206.943838
[00:01:03] Bootstrap tree #30, logLikelihood: -1224.314466
[00:01:04] Bootstrap tree #31, logLikelihood: -1224.751886
[00:01:05] Bootstrap tree #32, logLikelihood: -1213.062889
[00:01:06] Bootstrap tree #33, logLikelihood: -1241.474283
[00:01:07] Bootstrap tree #34, logLikelihood: -1275.010909
[00:01:08] Bootstrap tree #35, logLikelihood: -1254.576090
[00:01:08] Bootstrap tree #36, logLikelihood: -1211.489411
[00:01:09] Bootstrap tree #37, logLikelihood: -1201.328046
[00:01:10] Bootstrap tree #38, logLikelihood: -1217.934142
[00:01:11] Bootstrap tree #39, logLikelihood: -1263.861513
[00:01:12] Bootstrap tree #40, logLikelihood: -1258.821517
[00:01:12] Bootstrap tree #41, logLikelihood: -1231.257736
[00:01:13] Bootstrap tree #42, logLikelihood: -1237.987680
[00:01:14] Bootstrap tree #43, logLikelihood: -1258.568606
[00:01:15] Bootstrap tree #44, logLikelihood: -1275.491885
[00:01:16] Bootstrap tree #45, logLikelihood: -1232.582599
[00:01:17] Bootstrap tree #46, logLikelihood: -1255.780551
[00:01:17] Bootstrap tree #47, logLikelihood: -1207.508837
[00:01:18] Bootstrap tree #48, logLikelihood: -1223.536297
[00:01:19] Bootstrap tree #49, logLikelihood: -1245.523098
[00:01:20] Bootstrap tree #50, logLikelihood: -1227.944643
[00:01:23] Bootstrap tree #51, logLikelihood: -1244.884810
[00:01:23] Bootstrap tree #52, logLikelihood: -1223.141059
[00:01:24] Bootstrap tree #53, logLikelihood: -1221.044357
[00:01:25] Bootstrap tree #54, logLikelihood: -1239.507271
[00:01:26] Bootstrap tree #55, logLikelihood: -1235.635853
[00:01:27] Bootstrap tree #56, logLikelihood: -1235.400001
[00:01:27] Bootstrap tree #57, logLikelihood: -1267.360575
[00:01:28] Bootstrap tree #58, logLikelihood: -1248.132168
[00:01:29] Bootstrap tree #59, logLikelihood: -1244.953211
[00:01:30] Bootstrap tree #60, logLikelihood: -1226.390150
[00:01:31] Bootstrap tree #61, logLikelihood: -1227.267859
[00:01:32] Bootstrap tree #62, logLikelihood: -1248.788632
[00:01:33] Bootstrap tree #63, logLikelihood: -1238.735222
[00:01:33] Bootstrap tree #64, logLikelihood: -1243.567992
[00:01:34] Bootstrap tree #65, logLikelihood: -1246.974932
[00:01:35] Bootstrap tree #66, logLikelihood: -1271.823597
[00:01:36] Bootstrap tree #67, logLikelihood: -1225.842591
[00:01:37] Bootstrap tree #68, logLikelihood: -1211.341911
[00:01:38] Bootstrap tree #69, logLikelihood: -1282.934853
[00:01:39] Bootstrap tree #70, logLikelihood: -1238.844146
[00:01:39] Bootstrap tree #71, logLikelihood: -1247.664147
[00:01:40] Bootstrap tree #72, logLikelihood: -1205.586957
[00:01:41] Bootstrap tree #73, logLikelihood: -1197.350075
[00:01:42] Bootstrap tree #74, logLikelihood: -1250.738311
[00:01:42] Bootstrap tree #75, logLikelihood: -1222.137868
[00:01:43] Bootstrap tree #76, logLikelihood: -1223.434671
[00:01:44] Bootstrap tree #77, logLikelihood: -1248.677761
[00:01:45] Bootstrap tree #78, logLikelihood: -1231.251945
[00:01:46] Bootstrap tree #79, logLikelihood: -1211.253785
[00:01:47] Bootstrap tree #80, logLikelihood: -1250.430745
[00:01:47] Bootstrap tree #81, logLikelihood: -1219.820825
[00:01:48] Bootstrap tree #82, logLikelihood: -1221.591179
[00:01:49] Bootstrap tree #83, logLikelihood: -1236.467101
[00:01:50] Bootstrap tree #84, logLikelihood: -1214.662375
[00:01:51] Bootstrap tree #85, logLikelihood: -1261.425110
[00:01:52] Bootstrap tree #86, logLikelihood: -1255.999725
[00:01:53] Bootstrap tree #87, logLikelihood: -1223.635293
[00:01:54] Bootstrap tree #88, logLikelihood: -1219.022266
[00:01:55] Bootstrap tree #89, logLikelihood: -1245.707706
[00:01:56] Bootstrap tree #90, logLikelihood: -1221.761138
[00:01:56] Bootstrap tree #91, logLikelihood: -1218.152588
[00:01:57] Bootstrap tree #92, logLikelihood: -1267.362051
[00:01:59] Bootstrap tree #93, logLikelihood: -1243.034165
[00:01:59] Bootstrap tree #94, logLikelihood: -1271.685137
[00:02:00] Bootstrap tree #95, logLikelihood: -1226.409957
[00:02:01] Bootstrap tree #96, logLikelihood: -1221.935869
[00:02:02] Bootstrap tree #97, logLikelihood: -1254.744595
[00:02:03] Bootstrap tree #98, logLikelihood: -1226.646878
[00:02:04] Bootstrap tree #99, logLikelihood: -1260.510023
[00:02:05] Bootstrap tree #100, logLikelihood: -1225.195850
[00:02:11] Bootstrap tree #101, logLikelihood: -1246.119468
[00:02:12] Bootstrap tree #102, logLikelihood: -1250.364905
[00:02:13] Bootstrap tree #103, logLikelihood: -1247.834188
[00:02:14] Bootstrap tree #104, logLikelihood: -1202.570288
[00:02:15] Bootstrap tree #105, logLikelihood: -1232.282497
[00:02:16] Bootstrap tree #106, logLikelihood: -1220.132800
[00:02:17] Bootstrap tree #107, logLikelihood: -1196.402232
[00:02:17] Bootstrap tree #108, logLikelihood: -1246.237213
[00:02:18] Bootstrap tree #109, logLikelihood: -1241.053872
[00:02:19] Bootstrap tree #110, logLikelihood: -1213.392765
[00:02:20] Bootstrap tree #111, logLikelihood: -1226.134960
[00:02:21] Bootstrap tree #112, logLikelihood: -1254.140721
[00:02:22] Bootstrap tree #113, logLikelihood: -1218.632011
[00:02:23] Bootstrap tree #114, logLikelihood: -1239.901775
[00:02:24] Bootstrap tree #115, logLikelihood: -1229.677499
[00:02:25] Bootstrap tree #116, logLikelihood: -1216.752177
[00:02:25] Bootstrap tree #117, logLikelihood: -1207.262277
[00:02:26] Bootstrap tree #118, logLikelihood: -1201.451274
[00:02:27] Bootstrap tree #119, logLikelihood: -1203.987589
[00:02:28] Bootstrap tree #120, logLikelihood: -1220.601009
[00:02:29] Bootstrap tree #121, logLikelihood: -1226.804548
[00:02:29] Bootstrap tree #122, logLikelihood: -1230.944834
[00:02:30] Bootstrap tree #123, logLikelihood: -1233.893108
[00:02:31] Bootstrap tree #124, logLikelihood: -1232.655139
[00:02:32] Bootstrap tree #125, logLikelihood: -1220.401970
[00:02:33] Bootstrap tree #126, logLikelihood: -1226.587555
[00:02:34] Bootstrap tree #127, logLikelihood: -1236.050574
[00:02:35] Bootstrap tree #128, logLikelihood: -1226.127868
[00:02:35] Bootstrap tree #129, logLikelihood: -1251.804045
[00:02:36] Bootstrap tree #130, logLikelihood: -1231.067079
[00:02:37] Bootstrap tree #131, logLikelihood: -1206.710608
[00:02:38] Bootstrap tree #132, logLikelihood: -1240.719336
[00:02:39] Bootstrap tree #133, logLikelihood: -1219.956148
[00:02:40] Bootstrap tree #134, logLikelihood: -1231.721879
[00:02:41] Bootstrap tree #135, logLikelihood: -1273.352641
[00:02:41] Bootstrap tree #136, logLikelihood: -1282.047883
[00:02:42] Bootstrap tree #137, logLikelihood: -1242.152983
[00:02:43] Bootstrap tree #138, logLikelihood: -1241.782101
[00:02:44] Bootstrap tree #139, logLikelihood: -1222.846387
[00:02:45] Bootstrap tree #140, logLikelihood: -1204.197382
[00:02:46] Bootstrap tree #141, logLikelihood: -1257.663881
[00:02:47] Bootstrap tree #142, logLikelihood: -1232.294222
[00:02:47] Bootstrap tree #143, logLikelihood: -1226.703695
[00:02:48] Bootstrap tree #144, logLikelihood: -1215.670739
[00:02:49] Bootstrap tree #145, logLikelihood: -1244.456000
[00:02:50] Bootstrap tree #146, logLikelihood: -1217.975392
[00:02:51] Bootstrap tree #147, logLikelihood: -1214.123358
[00:02:52] Bootstrap tree #148, logLikelihood: -1222.042944
[00:02:52] Bootstrap tree #149, logLikelihood: -1226.944056
[00:02:53] Bootstrap tree #150, logLikelihood: -1239.597089
[00:03:04] Bootstrap tree #151, logLikelihood: -1210.490337
[00:03:05] Bootstrap tree #152, logLikelihood: -1241.631406
[00:03:06] Bootstrap tree #153, logLikelihood: -1221.017699
[00:03:07] Bootstrap tree #154, logLikelihood: -1207.509886
[00:03:07] Bootstrap tree #155, logLikelihood: -1251.972635
[00:03:08] Bootstrap tree #156, logLikelihood: -1218.903262
[00:03:09] Bootstrap tree #157, logLikelihood: -1248.536947
[00:03:10] Bootstrap tree #158, logLikelihood: -1242.880227
[00:03:11] Bootstrap tree #159, logLikelihood: -1225.041397
[00:03:11] Bootstrap tree #160, logLikelihood: -1235.716454
[00:03:12] Bootstrap tree #161, logLikelihood: -1257.092216
[00:03:13] Bootstrap tree #162, logLikelihood: -1210.192957
[00:03:14] Bootstrap tree #163, logLikelihood: -1233.868852
[00:03:15] Bootstrap tree #164, logLikelihood: -1244.218727
[00:03:16] Bootstrap tree #165, logLikelihood: -1233.709066
[00:03:16] Bootstrap tree #166, logLikelihood: -1241.607517
[00:03:17] Bootstrap tree #167, logLikelihood: -1238.000407
[00:03:18] Bootstrap tree #168, logLikelihood: -1229.630331
[00:03:19] Bootstrap tree #169, logLikelihood: -1270.476140
[00:03:20] Bootstrap tree #170, logLikelihood: -1276.146301
[00:03:21] Bootstrap tree #171, logLikelihood: -1220.276612
[00:03:21] Bootstrap tree #172, logLikelihood: -1206.783185
[00:03:22] Bootstrap tree #173, logLikelihood: -1263.992230
[00:03:23] Bootstrap tree #174, logLikelihood: -1226.261894
[00:03:24] Bootstrap tree #175, logLikelihood: -1220.309645
[00:03:25] Bootstrap tree #176, logLikelihood: -1258.119827
[00:03:26] Bootstrap tree #177, logLikelihood: -1224.954181
[00:03:27] Bootstrap tree #178, logLikelihood: -1264.195277
[00:03:28] Bootstrap tree #179, logLikelihood: -1216.263488
[00:03:29] Bootstrap tree #180, logLikelihood: -1254.698832
[00:03:30] Bootstrap tree #181, logLikelihood: -1232.130709
[00:03:30] Bootstrap tree #182, logLikelihood: -1239.600476
[00:03:31] Bootstrap tree #183, logLikelihood: -1249.825021
[00:03:32] Bootstrap tree #184, logLikelihood: -1241.436981
[00:03:33] Bootstrap tree #185, logLikelihood: -1224.995801
[00:03:34] Bootstrap tree #186, logLikelihood: -1230.454946
[00:03:35] Bootstrap tree #187, logLikelihood: -1240.483770
[00:03:36] Bootstrap tree #188, logLikelihood: -1259.618916
[00:03:37] Bootstrap tree #189, logLikelihood: -1239.881726
[00:03:37] Bootstrap tree #190, logLikelihood: -1228.763258
[00:03:38] Bootstrap tree #191, logLikelihood: -1227.272240
[00:03:39] Bootstrap tree #192, logLikelihood: -1232.397336
[00:03:40] Bootstrap tree #193, logLikelihood: -1249.005749
[00:03:41] Bootstrap tree #194, logLikelihood: -1249.860620
[00:03:42] Bootstrap tree #195, logLikelihood: -1223.544494
[00:03:43] Bootstrap tree #196, logLikelihood: -1231.466201
[00:03:44] Bootstrap tree #197, logLikelihood: -1270.019562
[00:03:45] Bootstrap tree #198, logLikelihood: -1257.889268
[00:03:46] Bootstrap tree #199, logLikelihood: -1238.050907
[00:03:47] Bootstrap tree #200, logLikelihood: -1232.527527
[00:04:00] Bootstrapping converged after 200 replicates.

Optimized model parameters:

   Partition 0: noname
   Rate heterogeneity: GAMMA (4 cats, mean),  alpha: 99.862451 (ML),  weights&rates: (0.250000,0.875822) (0.250000,0.964713) (0.250000,1.029567) (0.250000,1.129897) 
   P-inv (ML): 0.000000
   Base frequencies (ML): 0.296190 0.196504 0.150652 0.356654 
   Substitution rates (ML): 0.227816 0.298988 0.125767 0.001000 0.001000 1.000000 


Final LogLikelihood: -1239.785626

AIC score: 2817.571251 / AICc score: 2897.045663 / BIC score: 3627.856383
Free parameters (model + branch lengths): 169

Best ML tree saved to: /bigdata/littlab/arajewski/Arundinaria/phylo/plastid/GTRGI/Plastid_NoMissing_psaA.phy.raxml.bestTree
All ML trees saved to: /bigdata/littlab/arajewski/Arundinaria/phylo/plastid/GTRGI/Plastid_NoMissing_psaA.phy.raxml.mlTrees
Best ML tree with Felsenstein bootstrap (FBP) support values saved to: /bigdata/littlab/arajewski/Arundinaria/phylo/plastid/GTRGI/Plastid_NoMissing_psaA.phy.raxml.support
Optimized model saved to: /bigdata/littlab/arajewski/Arundinaria/phylo/plastid/GTRGI/Plastid_NoMissing_psaA.phy.raxml.bestModel
Bootstrap trees saved to: /bigdata/littlab/arajewski/Arundinaria/phylo/plastid/GTRGI/Plastid_NoMissing_psaA.phy.raxml.bootstraps

Execution log saved to: /bigdata/littlab/arajewski/Arundinaria/phylo/plastid/GTRGI/Plastid_NoMissing_psaA.phy.raxml.log

Analysis started: 29-Aug-2019 13:24:54 / finished: 29-Aug-2019 13:28:55

Elapsed time: 240.543 seconds

JobId=7093 JobName=6b_RAxML.sh
   UserId=arajewski(3080) GroupId=littlab(1144) MCS_label=N/A
   Priority=3645738 Nice=0 Account=littlab QOS=normal
   JobState=RUNNING Reason=None Dependency=(null)
   Requeue=1 Restarts=0 BatchFlag=1 Reboot=0 ExitCode=0:0
   RunTime=00:04:01 TimeLimit=04:00:00 TimeMin=N/A
   SubmitTime=2019-08-29T13:24:53 EligibleTime=2019-08-29T13:24:53
   AccrueTime=2019-08-29T13:24:53
   StartTime=2019-08-29T13:24:54 EndTime=2019-08-29T17:24:54 Deadline=N/A
   SuspendTime=None SecsPreSuspend=0 LastSchedEval=2019-08-29T13:24:54
   Partition=intel AllocNode:Sid=pelican.ib.hpcc.ucr.edu:27372
   ReqNodeList=(null) ExcNodeList=(null)
   NodeList=i21
   BatchHost=i21
   NumNodes=1 NumCPUs=2 NumTasks=1 CPUs/Task=1 ReqB:S:C:T=0:0:*:*
   TRES=cpu=2,mem=8G,node=1,billing=4
   Socks/Node=* NtasksPerN:B:S:C=0:0:*:* CoreSpec=*
   MinCPUsNode=1 MinMemoryCPU=4G MinTmpDiskNode=0
   Features=(null) DelayBoot=00:00:00
   OverSubscribe=OK Contiguous=0 Licenses=(null) Network=(null)
   Command=/bigdata/littlab/arajewski/Arundinaria/phylo/6b_RAxML.sh
   WorkDir=/bigdata/littlab/arajewski/Arundinaria/phylo
   StdErr=/bigdata/littlab/arajewski/Arundinaria/phylo/../history/RAxML-7093.out
   StdIn=/dev/null
   StdOut=/bigdata/littlab/arajewski/Arundinaria/phylo/../history/RAxML-7093.out
   Power=

