Sourcing executables from speedseq.config ...
Aligning...
samblaster: Version 0.1.22
samblaster: Inputting from stdin
samblaster: Outputting to stdout
samblaster: Opening JT27.filtered.Mvtfkh7Kkjhm/disc_pipe for write.
[M::bwa_idx_load_from_disk] read 0 ALT contigs
samblaster: Opening JT27.filtered.Mvtfkh7Kkjhm/spl_pipe for write.
[M::process] read 38316 sequences (4811955 bp)...
[M::mem_pestat] # candidate unique pairs for (FF, FR, RF, RR): (1, 15636, 0, 1)
[M::mem_pestat] skip orientation FF as there are not enough pairs
[M::mem_pestat] analyzing insert size distribution for orientation FR...
[M::mem_pestat] (25, 50, 75) percentile: (98, 157, 235)
[M::mem_pestat] low and high boundaries for computing mean and std.dev: (1, 509)
[M::mem_pestat] mean and std.dev: (174.17, 100.75)
[M::mem_pestat] low and high boundaries for proper pairs: (1, 646)
[M::mem_pestat] skip orientation RF as there are not enough pairs
[M::mem_pestat] skip orientation RR as there are not enough pairs
[M::mem_process_seqs] Processed 38316 reads in 3.304 CPU sec, 1.012 real sec
samblaster: Loaded 5 header sequence entries.
[main] Version: 0.7.12-r1039
samblaster: Output 66 discordant read pairs to JT27.filtered.Mvtfkh7Kkjhm/disc_pipe
[main] CMD:samblaster: Output 16 split reads to JT27.filtered.Mvtfkh7Kkjhm/spl_pipe
 /opt/linux/centos/7.x/x86_64/pkgs/bwa/0.7.12/bin/bwa mem -t 4 -Rsamblaster: Marked 3221 of 19158 (16.81%) read ids as duplicates @RG\tID:JT27\tSM:JT27\tLB:Lib\ references.fasta using 1596k memory in  data/003290_JT27_S83_R1_filtered.fastq.gz0.072S data/003290_JT27_S83_R2_filtered.fastq.gz CPU seconds and 2S
[main] Real time: 1.548 sec; CPU: 3.515 sec
 wall time.
Done
Using GATK jar /bigdata/operations/pkgadmin/opt/linux/centos/7.x/x86_64/pkgs/gatk/4.0.8.1/gatk-package-4.0.8.1-local.jar
Running:
    java -Dsamjdk.use_async_io_read_samtools=false -Dsamjdk.use_async_io_write_samtools=true -Dsamjdk.use_async_io_write_tribble=false -Dsamjdk.compression_level=2 -jar /bigdata/operations/pkgadmin/opt/linux/centos/7.x/x86_64/pkgs/gatk/4.0.8.1/gatk-package-4.0.8.1-local.jar HaplotypeCaller -R references.fasta -I results/JT27.filtered.bam -O results/JT27.g.vcf -ERC GVCF
22:23:53.292 INFO  NativeLibraryLoader - Loading libgkl_compression.so from jar:file:/bigdata/operations/pkgadmin/opt/linux/centos/7.x/x86_64/pkgs/gatk/4.0.8.1/gatk-package-4.0.8.1-local.jar!/com/intel/gkl/native/libgkl_compression.so
22:23:53.504 INFO  HaplotypeCaller - ------------------------------------------------------------
22:23:53.506 INFO  HaplotypeCaller - The Genome Analysis Toolkit (GATK) v4.0.8.1
22:23:53.507 INFO  HaplotypeCaller - For support and documentation go to https://software.broadinstitute.org/gatk/
22:23:53.507 INFO  HaplotypeCaller - Executing as arajewski@c05 on Linux v3.10.0-693.11.6.el7.x86_64 amd64
22:23:53.507 INFO  HaplotypeCaller - Java runtime: Java HotSpot(TM) 64-Bit Server VM v1.8.0_45-b14
22:23:53.508 INFO  HaplotypeCaller - Start Date/Time: September 27, 2018 10:23:53 PM PDT
22:23:53.508 INFO  HaplotypeCaller - ------------------------------------------------------------
22:23:53.508 INFO  HaplotypeCaller - ------------------------------------------------------------
22:23:53.509 INFO  HaplotypeCaller - HTSJDK Version: 2.16.0
22:23:53.509 INFO  HaplotypeCaller - Picard Version: 2.18.7
22:23:53.509 INFO  HaplotypeCaller - HTSJDK Defaults.COMPRESSION_LEVEL : 2
22:23:53.510 INFO  HaplotypeCaller - HTSJDK Defaults.USE_ASYNC_IO_READ_FOR_SAMTOOLS : false
22:23:53.510 INFO  HaplotypeCaller - HTSJDK Defaults.USE_ASYNC_IO_WRITE_FOR_SAMTOOLS : true
22:23:53.510 INFO  HaplotypeCaller - HTSJDK Defaults.USE_ASYNC_IO_WRITE_FOR_TRIBBLE : false
22:23:53.510 INFO  HaplotypeCaller - Deflater: IntelDeflater
22:23:53.510 INFO  HaplotypeCaller - Inflater: IntelInflater
22:23:53.511 INFO  HaplotypeCaller - GCS max retries/reopens: 20
22:23:53.511 INFO  HaplotypeCaller - Using google-cloud-java fork https://github.com/broadinstitute/google-cloud-java/releases/tag/0.20.5-alpha-GCS-RETRY-FIX
22:23:53.519 INFO  HaplotypeCaller - Initializing engine
22:23:54.475 INFO  HaplotypeCaller - Done initializing engine
22:23:54.482 INFO  HaplotypeCallerEngine - Tool is in reference confidence mode and the annotation, the following changes will be made to any specified annotations: 'StrandBiasBySample' will be enabled. 'ChromosomeCounts', 'FisherStrand', 'StrandOddsRatio' and 'QualByDepth' annotations have been disabled
22:23:54.487 INFO  HaplotypeCallerEngine - Standard Emitting and Calling confidence set to 0.0 for reference-model confidence output
22:23:54.487 INFO  HaplotypeCallerEngine - All sites annotated with PLs forced to true for reference-model confidence output
22:23:54.507 INFO  NativeLibraryLoader - Loading libgkl_utils.so from jar:file:/bigdata/operations/pkgadmin/opt/linux/centos/7.x/x86_64/pkgs/gatk/4.0.8.1/gatk-package-4.0.8.1-local.jar!/com/intel/gkl/native/libgkl_utils.so
22:23:54.510 INFO  NativeLibraryLoader - Loading libgkl_pairhmm_omp.so from jar:file:/bigdata/operations/pkgadmin/opt/linux/centos/7.x/x86_64/pkgs/gatk/4.0.8.1/gatk-package-4.0.8.1-local.jar!/com/intel/gkl/native/libgkl_pairhmm_omp.so
22:23:54.575 WARN  IntelPairHmm - Flush-to-zero (FTZ) is enabled when running PairHMM
22:23:54.576 INFO  IntelPairHmm - Available threads: 4
22:23:54.576 INFO  IntelPairHmm - Requested threads: 4
22:23:54.576 INFO  PairHMM - Using the OpenMP multi-threaded AVX-accelerated native PairHMM implementation
22:23:54.692 INFO  ProgressMeter - Starting traversal
22:23:54.693 INFO  ProgressMeter -        Current Locus  Elapsed Minutes     Regions Processed   Regions/Minute
22:24:44.534 INFO  ProgressMeter -             matK:351              0.8                    10             12.0
22:25:08.330 INFO  ProgressMeter -              LFY:460              1.2                    30             24.4
22:25:13.236 INFO  HaplotypeCaller - 6466 read(s) filtered by: ((((((((MappingQualityReadFilter AND MappingQualityAvailableReadFilter) AND MappedReadFilter) AND NotSecondaryAlignmentReadFilter) AND NotDuplicateReadFilter) AND PassesVendorQualityCheckReadFilter) AND NonZeroReferenceLengthAlignmentReadFilter) AND GoodCigarReadFilter) AND WellformedReadFilter)
  6466 read(s) filtered by: (((((((MappingQualityReadFilter AND MappingQualityAvailableReadFilter) AND MappedReadFilter) AND NotSecondaryAlignmentReadFilter) AND NotDuplicateReadFilter) AND PassesVendorQualityCheckReadFilter) AND NonZeroReferenceLengthAlignmentReadFilter) AND GoodCigarReadFilter)
      6466 read(s) filtered by: ((((((MappingQualityReadFilter AND MappingQualityAvailableReadFilter) AND MappedReadFilter) AND NotSecondaryAlignmentReadFilter) AND NotDuplicateReadFilter) AND PassesVendorQualityCheckReadFilter) AND NonZeroReferenceLengthAlignmentReadFilter)
          6466 read(s) filtered by: (((((MappingQualityReadFilter AND MappingQualityAvailableReadFilter) AND MappedReadFilter) AND NotSecondaryAlignmentReadFilter) AND NotDuplicateReadFilter) AND PassesVendorQualityCheckReadFilter)
              6466 read(s) filtered by: ((((MappingQualityReadFilter AND MappingQualityAvailableReadFilter) AND MappedReadFilter) AND NotSecondaryAlignmentReadFilter) AND NotDuplicateReadFilter)
                  24 read(s) filtered by: (((MappingQualityReadFilter AND MappingQualityAvailableReadFilter) AND MappedReadFilter) AND NotSecondaryAlignmentReadFilter)
                      24 read(s) filtered by: ((MappingQualityReadFilter AND MappingQualityAvailableReadFilter) AND MappedReadFilter)
                          24 read(s) filtered by: (MappingQualityReadFilter AND MappingQualityAvailableReadFilter)
                              24 read(s) filtered by: MappingQualityReadFilter 
                  6442 read(s) filtered by: NotDuplicateReadFilter 

22:25:13.237 INFO  ProgressMeter -              LFY:460              1.3                    31             23.7
22:25:13.238 INFO  ProgressMeter - Traversal complete. Processed 31 total regions in 1.3 minutes.
22:25:13.248 INFO  VectorLoglessPairHMM - Time spent in setup for JNI call : 0.059789654000000005
22:25:13.248 INFO  PairHMM - Total compute time in PairHMM computeLogLikelihoods() : 52.076659057
22:25:13.248 INFO  SmithWatermanAligner - Total compute time in java Smith-Waterman : 6.43 sec
22:25:13.248 INFO  HaplotypeCaller - Shutting down engine
[September 27, 2018 10:25:13 PM PDT] org.broadinstitute.hellbender.tools.walkers.haplotypecaller.HaplotypeCaller done. Elapsed time: 1.33 minutes.
Runtime.totalMemory()=3012558848
