Sourcing executables from speedseq.config ...
Aligning...
samblaster: Version 0.1.22
samblaster: Inputting from stdin
samblaster: Outputting to stdout
samblaster: Opening H-2D.filtered.Irna8tq7mM2S/disc_pipe for write.
[M::bwa_idx_load_from_disk] read 0 ALT contigs
samblaster: Opening H-2D.filtered.Irna8tq7mM2S/spl_pipe for write.
[M::process] read 39864 sequences (4863363 bp)...
[M::mem_pestat] # candidate unique pairs for (FF, FR, RF, RR): (0, 15828, 0, 2)
[M::mem_pestat] skip orientation FF as there are not enough pairs
[M::mem_pestat] analyzing insert size distribution for orientation FR...
[M::mem_pestat] (25, 50, 75) percentile: (96, 153, 228)
[M::mem_pestat] low and high boundaries for computing mean and std.dev: (1, 492)
[M::mem_pestat] mean and std.dev: (169.21, 96.46)
[M::mem_pestat] low and high boundaries for proper pairs: (1, 624)
[M::mem_pestat] skip orientation RF as there are not enough pairs
[M::mem_pestat] skip orientation RR as there are not enough pairs
[M::mem_process_seqs] Processed 39864 reads in 3.498 CPU sec, 0.933 real sec
samblaster: Loaded 5 header sequence entries.
samblaster: Output 65 discordant read pairs to H-2D.filtered.Irna8tq7mM2S/disc_pipe
[main] Version: 0.7.12-r1039
samblaster: Output 12 split reads to H-2D.filtered.Irna8tq7mM2S/spl_pipe
[main] CMD: /opt/linux/centos/7.x/x86_64/pkgs/bwa/0.7.12/bin/bwa mem -t 4samblaster: Marked 3222 of 19932 (16.16%) read ids as duplicates -R using 1596k memory in  @RG\tID:H-2D\tSM:H-2D\tLB:Lib\0.082S references.fasta CPU seconds and  data/003237_H-2D_S30_R1_filtered.fastq.gz2S data/003237_H-2D_S30_R2_filtered.fastq.gz wall time.

[main] Real time: 1.431 sec; CPU: 3.729 sec
Done
Using GATK jar /bigdata/operations/pkgadmin/opt/linux/centos/7.x/x86_64/pkgs/gatk/4.0.8.1/gatk-package-4.0.8.1-local.jar
Running:
    java -Dsamjdk.use_async_io_read_samtools=false -Dsamjdk.use_async_io_write_samtools=true -Dsamjdk.use_async_io_write_tribble=false -Dsamjdk.compression_level=2 -jar /bigdata/operations/pkgadmin/opt/linux/centos/7.x/x86_64/pkgs/gatk/4.0.8.1/gatk-package-4.0.8.1-local.jar HaplotypeCaller -R references.fasta -I results/H-2D.filtered.bam -O results/H-2D.g.vcf -ERC GVCF
22:23:50.399 INFO  NativeLibraryLoader - Loading libgkl_compression.so from jar:file:/bigdata/operations/pkgadmin/opt/linux/centos/7.x/x86_64/pkgs/gatk/4.0.8.1/gatk-package-4.0.8.1-local.jar!/com/intel/gkl/native/libgkl_compression.so
22:23:50.911 INFO  HaplotypeCaller - ------------------------------------------------------------
22:23:50.913 INFO  HaplotypeCaller - The Genome Analysis Toolkit (GATK) v4.0.8.1
22:23:50.914 INFO  HaplotypeCaller - For support and documentation go to https://software.broadinstitute.org/gatk/
22:23:50.915 INFO  HaplotypeCaller - Executing as arajewski@c39 on Linux v3.10.0-693.11.6.el7.x86_64 amd64
22:23:50.915 INFO  HaplotypeCaller - Java runtime: Java HotSpot(TM) 64-Bit Server VM v1.8.0_45-b14
22:23:50.915 INFO  HaplotypeCaller - Start Date/Time: September 27, 2018 10:23:50 PM PDT
22:23:50.916 INFO  HaplotypeCaller - ------------------------------------------------------------
22:23:50.916 INFO  HaplotypeCaller - ------------------------------------------------------------
22:23:50.917 INFO  HaplotypeCaller - HTSJDK Version: 2.16.0
22:23:50.917 INFO  HaplotypeCaller - Picard Version: 2.18.7
22:23:50.917 INFO  HaplotypeCaller - HTSJDK Defaults.COMPRESSION_LEVEL : 2
22:23:50.917 INFO  HaplotypeCaller - HTSJDK Defaults.USE_ASYNC_IO_READ_FOR_SAMTOOLS : false
22:23:50.917 INFO  HaplotypeCaller - HTSJDK Defaults.USE_ASYNC_IO_WRITE_FOR_SAMTOOLS : true
22:23:50.917 INFO  HaplotypeCaller - HTSJDK Defaults.USE_ASYNC_IO_WRITE_FOR_TRIBBLE : false
22:23:50.918 INFO  HaplotypeCaller - Deflater: IntelDeflater
22:23:50.918 INFO  HaplotypeCaller - Inflater: IntelInflater
22:23:50.918 INFO  HaplotypeCaller - GCS max retries/reopens: 20
22:23:50.918 INFO  HaplotypeCaller - Using google-cloud-java fork https://github.com/broadinstitute/google-cloud-java/releases/tag/0.20.5-alpha-GCS-RETRY-FIX
22:23:50.926 INFO  HaplotypeCaller - Initializing engine
22:23:51.689 INFO  HaplotypeCaller - Done initializing engine
22:23:51.696 INFO  HaplotypeCallerEngine - Tool is in reference confidence mode and the annotation, the following changes will be made to any specified annotations: 'StrandBiasBySample' will be enabled. 'ChromosomeCounts', 'FisherStrand', 'StrandOddsRatio' and 'QualByDepth' annotations have been disabled
22:23:51.702 INFO  HaplotypeCallerEngine - Standard Emitting and Calling confidence set to 0.0 for reference-model confidence output
22:23:51.702 INFO  HaplotypeCallerEngine - All sites annotated with PLs forced to true for reference-model confidence output
22:23:51.722 INFO  NativeLibraryLoader - Loading libgkl_utils.so from jar:file:/bigdata/operations/pkgadmin/opt/linux/centos/7.x/x86_64/pkgs/gatk/4.0.8.1/gatk-package-4.0.8.1-local.jar!/com/intel/gkl/native/libgkl_utils.so
22:23:51.726 INFO  NativeLibraryLoader - Loading libgkl_pairhmm_omp.so from jar:file:/bigdata/operations/pkgadmin/opt/linux/centos/7.x/x86_64/pkgs/gatk/4.0.8.1/gatk-package-4.0.8.1-local.jar!/com/intel/gkl/native/libgkl_pairhmm_omp.so
22:23:51.795 WARN  IntelPairHmm - Flush-to-zero (FTZ) is enabled when running PairHMM
22:23:51.796 INFO  IntelPairHmm - Available threads: 4
22:23:51.796 INFO  IntelPairHmm - Requested threads: 4
22:23:51.796 INFO  PairHMM - Using the OpenMP multi-threaded AVX-accelerated native PairHMM implementation
22:23:51.894 INFO  ProgressMeter - Starting traversal
22:23:51.895 INFO  ProgressMeter -        Current Locus  Elapsed Minutes     Regions Processed   Regions/Minute
22:24:13.525 INFO  ProgressMeter -              WXY:794              0.4                    10             27.7
22:24:27.437 INFO  ProgressMeter -              trnL:57              0.6                    30             50.6
22:24:43.583 INFO  ProgressMeter -              LFY:217              0.9                    40             46.4
22:24:50.409 INFO  HaplotypeCaller - 6478 read(s) filtered by: ((((((((MappingQualityReadFilter AND MappingQualityAvailableReadFilter) AND MappedReadFilter) AND NotSecondaryAlignmentReadFilter) AND NotDuplicateReadFilter) AND PassesVendorQualityCheckReadFilter) AND NonZeroReferenceLengthAlignmentReadFilter) AND GoodCigarReadFilter) AND WellformedReadFilter)
  6478 read(s) filtered by: (((((((MappingQualityReadFilter AND MappingQualityAvailableReadFilter) AND MappedReadFilter) AND NotSecondaryAlignmentReadFilter) AND NotDuplicateReadFilter) AND PassesVendorQualityCheckReadFilter) AND NonZeroReferenceLengthAlignmentReadFilter) AND GoodCigarReadFilter)
      6478 read(s) filtered by: ((((((MappingQualityReadFilter AND MappingQualityAvailableReadFilter) AND MappedReadFilter) AND NotSecondaryAlignmentReadFilter) AND NotDuplicateReadFilter) AND PassesVendorQualityCheckReadFilter) AND NonZeroReferenceLengthAlignmentReadFilter)
          6478 read(s) filtered by: (((((MappingQualityReadFilter AND MappingQualityAvailableReadFilter) AND MappedReadFilter) AND NotSecondaryAlignmentReadFilter) AND NotDuplicateReadFilter) AND PassesVendorQualityCheckReadFilter)
              6478 read(s) filtered by: ((((MappingQualityReadFilter AND MappingQualityAvailableReadFilter) AND MappedReadFilter) AND NotSecondaryAlignmentReadFilter) AND NotDuplicateReadFilter)
                  33 read(s) filtered by: (((MappingQualityReadFilter AND MappingQualityAvailableReadFilter) AND MappedReadFilter) AND NotSecondaryAlignmentReadFilter)
                      33 read(s) filtered by: ((MappingQualityReadFilter AND MappingQualityAvailableReadFilter) AND MappedReadFilter)
                          33 read(s) filtered by: (MappingQualityReadFilter AND MappingQualityAvailableReadFilter)
                              33 read(s) filtered by: MappingQualityReadFilter 
                  6445 read(s) filtered by: NotDuplicateReadFilter 

22:24:50.410 INFO  ProgressMeter -              LFY:217              1.0                    42             43.1
22:24:50.410 INFO  ProgressMeter - Traversal complete. Processed 42 total regions in 1.0 minutes.
22:24:50.421 INFO  VectorLoglessPairHMM - Time spent in setup for JNI call : 0.048252836
22:24:50.422 INFO  PairHMM - Total compute time in PairHMM computeLogLikelihoods() : 30.620844169
22:24:50.422 INFO  SmithWatermanAligner - Total compute time in java Smith-Waterman : 7.82 sec
22:24:50.422 INFO  HaplotypeCaller - Shutting down engine
[September 27, 2018 10:24:50 PM PDT] org.broadinstitute.hellbender.tools.walkers.haplotypecaller.HaplotypeCaller done. Elapsed time: 1.00 minutes.
Runtime.totalMemory()=2974810112
