Sourcing executables from speedseq.config ...
Aligning...
[M::bwa_idx_load_from_disk] read 0 ALT contigs
samblaster: Version 0.1.22
samblaster: Inputting from stdin
samblaster: Outputting to stdout
samblaster: Opening H8D.filtered.INdLiMYHZZx8/disc_pipe for write.
samblaster: Opening H8D.filtered.INdLiMYHZZx8/spl_pipe for write.
[M::process] read 24924 sequences (3074951 bp)...
[M::mem_pestat] # candidate unique pairs for (FF, FR, RF, RR): (0, 9026, 0, 0)
[M::mem_pestat] skip orientation FF as there are not enough pairs
[M::mem_pestat] analyzing insert size distribution for orientation FR...
[M::mem_pestat] (25, 50, 75) percentile: (100, 157, 233)
[M::mem_pestat] low and high boundaries for computing mean and std.dev: (1, 499)
[M::mem_pestat] mean and std.dev: (173.09, 96.82)
[M::mem_pestat] low and high boundaries for proper pairs: (1, 632)
[M::mem_pestat] skip orientation RF as there are not enough pairs
[M::mem_pestat] skip orientation RR as there are not enough pairs
[M::mem_process_seqs] Processed 24924 reads in 2.154 CPU sec, 0.702 real sec
samblaster: Loaded 5 header sequence entries.
[main] Version: 0.7.12-r1039
samblaster: Output 20 discordant read pairs to H8D.filtered.INdLiMYHZZx8/disc_pipe
[main] CMD:samblaster: Output 20 split reads to H8D.filtered.INdLiMYHZZx8/spl_pipe
 /opt/linux/centos/7.x/x86_64/pkgs/bwa/0.7.12/bin/bwa mem -t 4 -Rsamblaster: Marked 1218 of 12462 (9.77%) read ids as duplicates @RG\tID:H8D\tSM:H8D\tLB:Lib\ references.fasta using 1332k memory in  data/003261_H8D_S54_R1_filtered.fastq.gz0.042S data/003261_H8D_S54_R2_filtered.fastq.gz CPU seconds and 2S
[main] Real time: 1.303 sec; CPU: 2.305 sec
 wall time.
Done
Using GATK jar /bigdata/operations/pkgadmin/opt/linux/centos/7.x/x86_64/pkgs/gatk/4.0.8.1/gatk-package-4.0.8.1-local.jar
Running:
    java -Dsamjdk.use_async_io_read_samtools=false -Dsamjdk.use_async_io_write_samtools=true -Dsamjdk.use_async_io_write_tribble=false -Dsamjdk.compression_level=2 -jar /bigdata/operations/pkgadmin/opt/linux/centos/7.x/x86_64/pkgs/gatk/4.0.8.1/gatk-package-4.0.8.1-local.jar HaplotypeCaller -R references.fasta -I results/H8D.filtered.bam -O results/H8D.g.vcf -ERC GVCF
22:23:50.013 INFO  NativeLibraryLoader - Loading libgkl_compression.so from jar:file:/bigdata/operations/pkgadmin/opt/linux/centos/7.x/x86_64/pkgs/gatk/4.0.8.1/gatk-package-4.0.8.1-local.jar!/com/intel/gkl/native/libgkl_compression.so
22:23:50.451 INFO  HaplotypeCaller - ------------------------------------------------------------
22:23:50.453 INFO  HaplotypeCaller - The Genome Analysis Toolkit (GATK) v4.0.8.1
22:23:50.453 INFO  HaplotypeCaller - For support and documentation go to https://software.broadinstitute.org/gatk/
22:23:50.453 INFO  HaplotypeCaller - Executing as arajewski@c07 on Linux v3.10.0-693.11.6.el7.x86_64 amd64
22:23:50.454 INFO  HaplotypeCaller - Java runtime: Java HotSpot(TM) 64-Bit Server VM v1.8.0_45-b14
22:23:50.454 INFO  HaplotypeCaller - Start Date/Time: September 27, 2018 10:23:49 PM PDT
22:23:50.454 INFO  HaplotypeCaller - ------------------------------------------------------------
22:23:50.454 INFO  HaplotypeCaller - ------------------------------------------------------------
22:23:50.455 INFO  HaplotypeCaller - HTSJDK Version: 2.16.0
22:23:50.455 INFO  HaplotypeCaller - Picard Version: 2.18.7
22:23:50.455 INFO  HaplotypeCaller - HTSJDK Defaults.COMPRESSION_LEVEL : 2
22:23:50.456 INFO  HaplotypeCaller - HTSJDK Defaults.USE_ASYNC_IO_READ_FOR_SAMTOOLS : false
22:23:50.456 INFO  HaplotypeCaller - HTSJDK Defaults.USE_ASYNC_IO_WRITE_FOR_SAMTOOLS : true
22:23:50.456 INFO  HaplotypeCaller - HTSJDK Defaults.USE_ASYNC_IO_WRITE_FOR_TRIBBLE : false
22:23:50.456 INFO  HaplotypeCaller - Deflater: IntelDeflater
22:23:50.456 INFO  HaplotypeCaller - Inflater: IntelInflater
22:23:50.456 INFO  HaplotypeCaller - GCS max retries/reopens: 20
22:23:50.456 INFO  HaplotypeCaller - Using google-cloud-java fork https://github.com/broadinstitute/google-cloud-java/releases/tag/0.20.5-alpha-GCS-RETRY-FIX
22:23:50.464 INFO  HaplotypeCaller - Initializing engine
22:23:51.256 INFO  HaplotypeCaller - Done initializing engine
22:23:51.268 INFO  HaplotypeCallerEngine - Tool is in reference confidence mode and the annotation, the following changes will be made to any specified annotations: 'StrandBiasBySample' will be enabled. 'ChromosomeCounts', 'FisherStrand', 'StrandOddsRatio' and 'QualByDepth' annotations have been disabled
22:23:51.275 INFO  HaplotypeCallerEngine - Standard Emitting and Calling confidence set to 0.0 for reference-model confidence output
22:23:51.275 INFO  HaplotypeCallerEngine - All sites annotated with PLs forced to true for reference-model confidence output
22:23:51.296 INFO  NativeLibraryLoader - Loading libgkl_utils.so from jar:file:/bigdata/operations/pkgadmin/opt/linux/centos/7.x/x86_64/pkgs/gatk/4.0.8.1/gatk-package-4.0.8.1-local.jar!/com/intel/gkl/native/libgkl_utils.so
22:23:51.299 INFO  NativeLibraryLoader - Loading libgkl_pairhmm_omp.so from jar:file:/bigdata/operations/pkgadmin/opt/linux/centos/7.x/x86_64/pkgs/gatk/4.0.8.1/gatk-package-4.0.8.1-local.jar!/com/intel/gkl/native/libgkl_pairhmm_omp.so
22:23:51.365 WARN  IntelPairHmm - Flush-to-zero (FTZ) is enabled when running PairHMM
22:23:51.367 INFO  IntelPairHmm - Available threads: 4
22:23:51.367 INFO  IntelPairHmm - Requested threads: 4
22:23:51.367 INFO  PairHMM - Using the OpenMP multi-threaded AVX-accelerated native PairHMM implementation
22:23:51.469 INFO  ProgressMeter - Starting traversal
22:23:51.470 INFO  ProgressMeter -        Current Locus  Elapsed Minutes     Regions Processed   Regions/Minute
22:24:07.765 INFO  ProgressMeter -              WXY:794              0.3                    10             36.9
22:24:19.529 INFO  ProgressMeter -             trnL:364              0.5                    30             64.2
22:24:34.429 INFO  HaplotypeCaller - 2459 read(s) filtered by: ((((((((MappingQualityReadFilter AND MappingQualityAvailableReadFilter) AND MappedReadFilter) AND NotSecondaryAlignmentReadFilter) AND NotDuplicateReadFilter) AND PassesVendorQualityCheckReadFilter) AND NonZeroReferenceLengthAlignmentReadFilter) AND GoodCigarReadFilter) AND WellformedReadFilter)
  2459 read(s) filtered by: (((((((MappingQualityReadFilter AND MappingQualityAvailableReadFilter) AND MappedReadFilter) AND NotSecondaryAlignmentReadFilter) AND NotDuplicateReadFilter) AND PassesVendorQualityCheckReadFilter) AND NonZeroReferenceLengthAlignmentReadFilter) AND GoodCigarReadFilter)
      2459 read(s) filtered by: ((((((MappingQualityReadFilter AND MappingQualityAvailableReadFilter) AND MappedReadFilter) AND NotSecondaryAlignmentReadFilter) AND NotDuplicateReadFilter) AND PassesVendorQualityCheckReadFilter) AND NonZeroReferenceLengthAlignmentReadFilter)
          2459 read(s) filtered by: (((((MappingQualityReadFilter AND MappingQualityAvailableReadFilter) AND MappedReadFilter) AND NotSecondaryAlignmentReadFilter) AND NotDuplicateReadFilter) AND PassesVendorQualityCheckReadFilter)
              2459 read(s) filtered by: ((((MappingQualityReadFilter AND MappingQualityAvailableReadFilter) AND MappedReadFilter) AND NotSecondaryAlignmentReadFilter) AND NotDuplicateReadFilter)
                  23 read(s) filtered by: (((MappingQualityReadFilter AND MappingQualityAvailableReadFilter) AND MappedReadFilter) AND NotSecondaryAlignmentReadFilter)
                      23 read(s) filtered by: ((MappingQualityReadFilter AND MappingQualityAvailableReadFilter) AND MappedReadFilter)
                          23 read(s) filtered by: (MappingQualityReadFilter AND MappingQualityAvailableReadFilter)
                              23 read(s) filtered by: MappingQualityReadFilter 
                  2436 read(s) filtered by: NotDuplicateReadFilter 

22:24:34.430 INFO  ProgressMeter -             trnL:364              0.7                    39             54.5
22:24:34.430 INFO  ProgressMeter - Traversal complete. Processed 39 total regions in 0.7 minutes.
22:24:34.444 INFO  VectorLoglessPairHMM - Time spent in setup for JNI call : 0.08861748300000001
22:24:34.444 INFO  PairHMM - Total compute time in PairHMM computeLogLikelihoods() : 20.36435492
22:24:34.444 INFO  SmithWatermanAligner - Total compute time in java Smith-Waterman : 7.01 sec
22:24:34.444 INFO  HaplotypeCaller - Shutting down engine
[September 27, 2018 10:24:34 PM PDT] org.broadinstitute.hellbender.tools.walkers.haplotypecaller.HaplotypeCaller done. Elapsed time: 0.74 minutes.
Runtime.totalMemory()=3015704576
