Sourcing executables from speedseq.config ...
Aligning...
[M::bwa_idx_load_from_disk] read 0 ALT contigs
samblaster: Version 0.1.22
samblaster: Inputting from stdin
samblaster: Outputting to stdout
samblaster: Opening Gig9.filtered.bn52hdp8CePb/disc_pipe for write.
samblaster: Opening Gig9.filtered.bn52hdp8CePb/spl_pipe for write.
[M::process] read 35636 sequences (4091744 bp)...
[M::mem_pestat] # candidate unique pairs for (FF, FR, RF, RR): (3, 16346, 0, 3)
[M::mem_pestat] skip orientation FF as there are not enough pairs
[M::mem_pestat] analyzing insert size distribution for orientation FR...
[M::mem_pestat] (25, 50, 75) percentile: (77, 125, 191)
[M::mem_pestat] low and high boundaries for computing mean and std.dev: (1, 419)
[M::mem_pestat] mean and std.dev: (140.02, 80.51)
[M::mem_pestat] low and high boundaries for proper pairs: (1, 533)
[M::mem_pestat] skip orientation RF as there are not enough pairs
[M::mem_pestat] skip orientation RR as there are not enough pairs
[M::mem_process_seqs] Processed 35636 reads in 3.909 CPU sec, 3.910 real sec
samblaster: Loaded 5 header sequence entries.
samblaster: Output 97 discordant read pairs to Gig9.filtered.bn52hdp8CePb/disc_pipe
[main] Version: 0.7.12-r1039
samblaster: Output 30 split reads to Gig9.filtered.bn52hdp8CePb/spl_pipe
[main] CMD: /opt/linux/centos/7.x/x86_64/pkgs/bwa/0.7.12/bin/bwa mem -t 1 -Rsamblaster: Marked 6721 of 17818 (37.72%) read ids as duplicates @RG\tID:id\tSM:Gig9\tLB:Lib references.fasta using 1336k memory in  data/003235_Gig9_S28_R1_filtered.fastq.gz0.081S data/003235_Gig9_S28_R2_filtered.fastq.gz CPU seconds and 5S wall time.

[main] Real time: 4.359 sec; CPU: 4.106 sec
Done
