Sourcing executables from speedseq.config ...
Aligning...
samblaster: Version 0.1.22
samblaster: Inputting from stdin
samblaster: Outputting to stdout
samblaster: Opening H4C.filtered.bfqAgyB5TwoB/disc_pipe for write.
[M::bwa_idx_load_from_disk] read 0 ALT contigs
samblaster: Opening H4C.filtered.bfqAgyB5TwoB/spl_pipe for write.
[M::process] read 23410 sequences (2822273 bp)...
[M::mem_pestat] # candidate unique pairs for (FF, FR, RF, RR): (0, 9033, 0, 2)
[M::mem_pestat] skip orientation FF as there are not enough pairs
[M::mem_pestat] analyzing insert size distribution for orientation FR...
[M::mem_pestat] (25, 50, 75) percentile: (95, 153, 229)
[M::mem_pestat] low and high boundaries for computing mean and std.dev: (1, 497)
[M::mem_pestat] mean and std.dev: (169.13, 97.30)
[M::mem_pestat] low and high boundaries for proper pairs: (1, 631)
[M::mem_pestat] skip orientation RF as there are not enough pairs
[M::mem_pestat] skip orientation RR as there are not enough pairs
[M::mem_process_seqs] Processed 23410 reads in 1.863 CPU sec, 0.633 real sec
samblaster: Loaded 5 header sequence entries.
[main] Version: 0.7.12-r1039
[main] CMD: /opt/linux/centos/7.x/x86_64/pkgs/bwa/0.7.12/bin/bwa mem -t 4 -R @RG\tID:H4C\tSM:H4C\tLB:Lib\ references.fasta data/003252_H4C_S45_R1_filtered.fastq.gz data/003252_H4C_S45_R2_filtered.fastq.gz
[main] Real time: 0.945 sec; CPU: 2.003 sec
samblaster: Output 44 discordant read pairs to H4C.filtered.bfqAgyB5TwoB/disc_pipe
samblaster: Output 16 split reads to H4C.filtered.bfqAgyB5TwoB/spl_pipe
samblaster: Marked 1296 of 11705 (11.07%) read ids as duplicates using 1332k memory in 0.050S CPU seconds and 1S wall time.
Done
Using GATK jar /bigdata/operations/pkgadmin/opt/linux/centos/7.x/x86_64/pkgs/gatk/4.0.8.1/gatk-package-4.0.8.1-local.jar
Running:
    java -Dsamjdk.use_async_io_read_samtools=false -Dsamjdk.use_async_io_write_samtools=true -Dsamjdk.use_async_io_write_tribble=false -Dsamjdk.compression_level=2 -jar /bigdata/operations/pkgadmin/opt/linux/centos/7.x/x86_64/pkgs/gatk/4.0.8.1/gatk-package-4.0.8.1-local.jar HaplotypeCaller -R references.fasta -I results/H4C.filtered.bam -O results/H4C.g.vcf -ERC GVCF
22:23:50.069 INFO  NativeLibraryLoader - Loading libgkl_compression.so from jar:file:/bigdata/operations/pkgadmin/opt/linux/centos/7.x/x86_64/pkgs/gatk/4.0.8.1/gatk-package-4.0.8.1-local.jar!/com/intel/gkl/native/libgkl_compression.so
22:23:50.513 INFO  HaplotypeCaller - ------------------------------------------------------------
22:23:50.515 INFO  HaplotypeCaller - The Genome Analysis Toolkit (GATK) v4.0.8.1
22:23:50.516 INFO  HaplotypeCaller - For support and documentation go to https://software.broadinstitute.org/gatk/
22:23:50.517 INFO  HaplotypeCaller - Executing as arajewski@c04 on Linux v3.10.0-693.11.6.el7.x86_64 amd64
22:23:50.517 INFO  HaplotypeCaller - Java runtime: Java HotSpot(TM) 64-Bit Server VM v1.8.0_45-b14
22:23:50.517 INFO  HaplotypeCaller - Start Date/Time: September 27, 2018 10:23:50 PM PDT
22:23:50.518 INFO  HaplotypeCaller - ------------------------------------------------------------
22:23:50.518 INFO  HaplotypeCaller - ------------------------------------------------------------
22:23:50.519 INFO  HaplotypeCaller - HTSJDK Version: 2.16.0
22:23:50.519 INFO  HaplotypeCaller - Picard Version: 2.18.7
22:23:50.519 INFO  HaplotypeCaller - HTSJDK Defaults.COMPRESSION_LEVEL : 2
22:23:50.519 INFO  HaplotypeCaller - HTSJDK Defaults.USE_ASYNC_IO_READ_FOR_SAMTOOLS : false
22:23:50.519 INFO  HaplotypeCaller - HTSJDK Defaults.USE_ASYNC_IO_WRITE_FOR_SAMTOOLS : true
22:23:50.519 INFO  HaplotypeCaller - HTSJDK Defaults.USE_ASYNC_IO_WRITE_FOR_TRIBBLE : false
22:23:50.520 INFO  HaplotypeCaller - Deflater: IntelDeflater
22:23:50.520 INFO  HaplotypeCaller - Inflater: IntelInflater
22:23:50.520 INFO  HaplotypeCaller - GCS max retries/reopens: 20
22:23:50.520 INFO  HaplotypeCaller - Using google-cloud-java fork https://github.com/broadinstitute/google-cloud-java/releases/tag/0.20.5-alpha-GCS-RETRY-FIX
22:23:50.528 INFO  HaplotypeCaller - Initializing engine
22:23:51.299 INFO  HaplotypeCaller - Done initializing engine
22:23:51.306 INFO  HaplotypeCallerEngine - Tool is in reference confidence mode and the annotation, the following changes will be made to any specified annotations: 'StrandBiasBySample' will be enabled. 'ChromosomeCounts', 'FisherStrand', 'StrandOddsRatio' and 'QualByDepth' annotations have been disabled
22:23:51.313 INFO  HaplotypeCallerEngine - Standard Emitting and Calling confidence set to 0.0 for reference-model confidence output
22:23:51.313 INFO  HaplotypeCallerEngine - All sites annotated with PLs forced to true for reference-model confidence output
22:23:51.332 INFO  NativeLibraryLoader - Loading libgkl_utils.so from jar:file:/bigdata/operations/pkgadmin/opt/linux/centos/7.x/x86_64/pkgs/gatk/4.0.8.1/gatk-package-4.0.8.1-local.jar!/com/intel/gkl/native/libgkl_utils.so
22:23:51.334 INFO  NativeLibraryLoader - Loading libgkl_pairhmm_omp.so from jar:file:/bigdata/operations/pkgadmin/opt/linux/centos/7.x/x86_64/pkgs/gatk/4.0.8.1/gatk-package-4.0.8.1-local.jar!/com/intel/gkl/native/libgkl_pairhmm_omp.so
22:23:51.398 WARN  IntelPairHmm - Flush-to-zero (FTZ) is enabled when running PairHMM
22:23:51.399 INFO  IntelPairHmm - Available threads: 4
22:23:51.399 INFO  IntelPairHmm - Requested threads: 4
22:23:51.400 INFO  PairHMM - Using the OpenMP multi-threaded AVX-accelerated native PairHMM implementation
22:23:51.483 INFO  ProgressMeter - Starting traversal
22:23:51.484 INFO  ProgressMeter -        Current Locus  Elapsed Minutes     Regions Processed   Regions/Minute
22:24:09.974 INFO  ProgressMeter -              WXY:794              0.3                    10             32.5
22:24:21.541 INFO  ProgressMeter -              LFY:175              0.5                    40             79.8
22:24:29.972 INFO  HaplotypeCaller - 2603 read(s) filtered by: ((((((((MappingQualityReadFilter AND MappingQualityAvailableReadFilter) AND MappedReadFilter) AND NotSecondaryAlignmentReadFilter) AND NotDuplicateReadFilter) AND PassesVendorQualityCheckReadFilter) AND NonZeroReferenceLengthAlignmentReadFilter) AND GoodCigarReadFilter) AND WellformedReadFilter)
  2603 read(s) filtered by: (((((((MappingQualityReadFilter AND MappingQualityAvailableReadFilter) AND MappedReadFilter) AND NotSecondaryAlignmentReadFilter) AND NotDuplicateReadFilter) AND PassesVendorQualityCheckReadFilter) AND NonZeroReferenceLengthAlignmentReadFilter) AND GoodCigarReadFilter)
      2603 read(s) filtered by: ((((((MappingQualityReadFilter AND MappingQualityAvailableReadFilter) AND MappedReadFilter) AND NotSecondaryAlignmentReadFilter) AND NotDuplicateReadFilter) AND PassesVendorQualityCheckReadFilter) AND NonZeroReferenceLengthAlignmentReadFilter)
          2603 read(s) filtered by: (((((MappingQualityReadFilter AND MappingQualityAvailableReadFilter) AND MappedReadFilter) AND NotSecondaryAlignmentReadFilter) AND NotDuplicateReadFilter) AND PassesVendorQualityCheckReadFilter)
              2603 read(s) filtered by: ((((MappingQualityReadFilter AND MappingQualityAvailableReadFilter) AND MappedReadFilter) AND NotSecondaryAlignmentReadFilter) AND NotDuplicateReadFilter)
                  11 read(s) filtered by: (((MappingQualityReadFilter AND MappingQualityAvailableReadFilter) AND MappedReadFilter) AND NotSecondaryAlignmentReadFilter)
                      11 read(s) filtered by: ((MappingQualityReadFilter AND MappingQualityAvailableReadFilter) AND MappedReadFilter)
                          11 read(s) filtered by: (MappingQualityReadFilter AND MappingQualityAvailableReadFilter)
                              11 read(s) filtered by: MappingQualityReadFilter 
                  2592 read(s) filtered by: NotDuplicateReadFilter 

22:24:29.973 INFO  ProgressMeter -              LFY:175              0.6                    43             67.0
22:24:29.973 INFO  ProgressMeter - Traversal complete. Processed 43 total regions in 0.6 minutes.
22:24:29.992 INFO  VectorLoglessPairHMM - Time spent in setup for JNI call : 0.029317788
22:24:29.992 INFO  PairHMM - Total compute time in PairHMM computeLogLikelihoods() : 14.635788915000001
22:24:29.992 INFO  SmithWatermanAligner - Total compute time in java Smith-Waterman : 7.45 sec
22:24:29.992 INFO  HaplotypeCaller - Shutting down engine
[September 27, 2018 10:24:29 PM PDT] org.broadinstitute.hellbender.tools.walkers.haplotypecaller.HaplotypeCaller done. Elapsed time: 0.67 minutes.
Runtime.totalMemory()=3062890496
