Sourcing executables from speedseq.config ...
Aligning...
samblaster: Version 0.1.22
samblaster: Inputting from stdin
samblaster: Outputting to stdout
samblaster: Opening H14D.filtered.VgJrfB5NNSSo/disc_pipe for write.
[M::bwa_idx_load_from_disk] read 0 ALT contigs
samblaster: Opening H14D.filtered.VgJrfB5NNSSo/spl_pipe for write.
[M::process] read 45192 sequences (5245033 bp)...
[M::mem_pestat] # candidate unique pairs for (FF, FR, RF, RR): (3, 21054, 0, 0)
[M::mem_pestat] skip orientation FF as there are not enough pairs
[M::mem_pestat] analyzing insert size distribution for orientation FR...
[M::mem_pestat] (25, 50, 75) percentile: (80, 127, 197)
[M::mem_pestat] low and high boundaries for computing mean and std.dev: (1, 431)
[M::mem_pestat] mean and std.dev: (144.04, 83.78)
[M::mem_pestat] low and high boundaries for proper pairs: (1, 548)
[M::mem_pestat] skip orientation RF as there are not enough pairs
[M::mem_pestat] skip orientation RR as there are not enough pairs
[M::mem_process_seqs] Processed 45192 reads in 4.641 CPU sec, 1.644 real sec
samblaster: Loaded 5 header sequence entries.
[main] Version: 0.7.12-r1039
samblaster: Output 91 discordant read pairs to H14D.filtered.VgJrfB5NNSSo/disc_pipe
[main] CMD:samblaster: Output 66 split reads to H14D.filtered.VgJrfB5NNSSo/spl_pipe
 /opt/linux/centos/7.x/x86_64/pkgs/bwa/0.7.12/bin/bwa mem -t 4 -R @RG\tID:H14D\tSM:H14D\tLB:Lib\samblaster: Marked 6349 of 22596 (28.10%) read ids as duplicates references.fasta data/003246_H14D_S39_R1_filtered.fastq.gz using 1596k memory in  data/003246_H14D_S39_R2_filtered.fastq.gz0.093S CPU seconds and 
[main] Real time: 2.414 sec; CPU: 4.903 sec
3S wall time.
Done
Using GATK jar /bigdata/operations/pkgadmin/opt/linux/centos/7.x/x86_64/pkgs/gatk/4.0.8.1/gatk-package-4.0.8.1-local.jar
Running:
    java -Dsamjdk.use_async_io_read_samtools=false -Dsamjdk.use_async_io_write_samtools=true -Dsamjdk.use_async_io_write_tribble=false -Dsamjdk.compression_level=2 -jar /bigdata/operations/pkgadmin/opt/linux/centos/7.x/x86_64/pkgs/gatk/4.0.8.1/gatk-package-4.0.8.1-local.jar HaplotypeCaller -R references.fasta -I results/H14D.filtered.bam -O results/H14D.g.vcf -ERC GVCF
22:23:50.532 INFO  NativeLibraryLoader - Loading libgkl_compression.so from jar:file:/bigdata/operations/pkgadmin/opt/linux/centos/7.x/x86_64/pkgs/gatk/4.0.8.1/gatk-package-4.0.8.1-local.jar!/com/intel/gkl/native/libgkl_compression.so
22:23:51.144 INFO  HaplotypeCaller - ------------------------------------------------------------
22:23:51.146 INFO  HaplotypeCaller - The Genome Analysis Toolkit (GATK) v4.0.8.1
22:23:51.146 INFO  HaplotypeCaller - For support and documentation go to https://software.broadinstitute.org/gatk/
22:23:51.147 INFO  HaplotypeCaller - Executing as arajewski@c21 on Linux v3.10.0-693.11.6.el7.x86_64 amd64
22:23:51.147 INFO  HaplotypeCaller - Java runtime: Java HotSpot(TM) 64-Bit Server VM v1.8.0_45-b14
22:23:51.147 INFO  HaplotypeCaller - Start Date/Time: September 27, 2018 10:23:50 PM PDT
22:23:51.147 INFO  HaplotypeCaller - ------------------------------------------------------------
22:23:51.148 INFO  HaplotypeCaller - ------------------------------------------------------------
22:23:51.148 INFO  HaplotypeCaller - HTSJDK Version: 2.16.0
22:23:51.149 INFO  HaplotypeCaller - Picard Version: 2.18.7
22:23:51.149 INFO  HaplotypeCaller - HTSJDK Defaults.COMPRESSION_LEVEL : 2
22:23:51.149 INFO  HaplotypeCaller - HTSJDK Defaults.USE_ASYNC_IO_READ_FOR_SAMTOOLS : false
22:23:51.149 INFO  HaplotypeCaller - HTSJDK Defaults.USE_ASYNC_IO_WRITE_FOR_SAMTOOLS : true
22:23:51.149 INFO  HaplotypeCaller - HTSJDK Defaults.USE_ASYNC_IO_WRITE_FOR_TRIBBLE : false
22:23:51.149 INFO  HaplotypeCaller - Deflater: IntelDeflater
22:23:51.149 INFO  HaplotypeCaller - Inflater: IntelInflater
22:23:51.150 INFO  HaplotypeCaller - GCS max retries/reopens: 20
22:23:51.150 INFO  HaplotypeCaller - Using google-cloud-java fork https://github.com/broadinstitute/google-cloud-java/releases/tag/0.20.5-alpha-GCS-RETRY-FIX
22:23:51.156 INFO  HaplotypeCaller - Initializing engine
22:23:51.872 INFO  HaplotypeCaller - Done initializing engine
22:23:51.878 INFO  HaplotypeCallerEngine - Tool is in reference confidence mode and the annotation, the following changes will be made to any specified annotations: 'StrandBiasBySample' will be enabled. 'ChromosomeCounts', 'FisherStrand', 'StrandOddsRatio' and 'QualByDepth' annotations have been disabled
22:23:51.884 INFO  HaplotypeCallerEngine - Standard Emitting and Calling confidence set to 0.0 for reference-model confidence output
22:23:51.885 INFO  HaplotypeCallerEngine - All sites annotated with PLs forced to true for reference-model confidence output
22:23:51.905 INFO  NativeLibraryLoader - Loading libgkl_utils.so from jar:file:/bigdata/operations/pkgadmin/opt/linux/centos/7.x/x86_64/pkgs/gatk/4.0.8.1/gatk-package-4.0.8.1-local.jar!/com/intel/gkl/native/libgkl_utils.so
22:23:51.909 INFO  NativeLibraryLoader - Loading libgkl_pairhmm_omp.so from jar:file:/bigdata/operations/pkgadmin/opt/linux/centos/7.x/x86_64/pkgs/gatk/4.0.8.1/gatk-package-4.0.8.1-local.jar!/com/intel/gkl/native/libgkl_pairhmm_omp.so
22:23:51.973 WARN  IntelPairHmm - Flush-to-zero (FTZ) is enabled when running PairHMM
22:23:51.974 INFO  IntelPairHmm - Available threads: 4
22:23:51.974 INFO  IntelPairHmm - Requested threads: 4
22:23:51.974 INFO  PairHMM - Using the OpenMP multi-threaded AVX-accelerated native PairHMM implementation
22:23:52.087 INFO  ProgressMeter - Starting traversal
22:23:52.088 INFO  ProgressMeter -        Current Locus  Elapsed Minutes     Regions Processed   Regions/Minute
22:24:33.930 INFO  ProgressMeter -              WXY:794              0.7                    10             14.3
22:24:45.571 INFO  ProgressMeter -             psaA:601              0.9                    20             22.4
22:25:09.447 INFO  ProgressMeter -              LFY:539              1.3                    30             23.3
22:25:23.160 INFO  HaplotypeCaller - 12757 read(s) filtered by: ((((((((MappingQualityReadFilter AND MappingQualityAvailableReadFilter) AND MappedReadFilter) AND NotSecondaryAlignmentReadFilter) AND NotDuplicateReadFilter) AND PassesVendorQualityCheckReadFilter) AND NonZeroReferenceLengthAlignmentReadFilter) AND GoodCigarReadFilter) AND WellformedReadFilter)
  12757 read(s) filtered by: (((((((MappingQualityReadFilter AND MappingQualityAvailableReadFilter) AND MappedReadFilter) AND NotSecondaryAlignmentReadFilter) AND NotDuplicateReadFilter) AND PassesVendorQualityCheckReadFilter) AND NonZeroReferenceLengthAlignmentReadFilter) AND GoodCigarReadFilter)
      12757 read(s) filtered by: ((((((MappingQualityReadFilter AND MappingQualityAvailableReadFilter) AND MappedReadFilter) AND NotSecondaryAlignmentReadFilter) AND NotDuplicateReadFilter) AND PassesVendorQualityCheckReadFilter) AND NonZeroReferenceLengthAlignmentReadFilter)
          12757 read(s) filtered by: (((((MappingQualityReadFilter AND MappingQualityAvailableReadFilter) AND MappedReadFilter) AND NotSecondaryAlignmentReadFilter) AND NotDuplicateReadFilter) AND PassesVendorQualityCheckReadFilter)
              12757 read(s) filtered by: ((((MappingQualityReadFilter AND MappingQualityAvailableReadFilter) AND MappedReadFilter) AND NotSecondaryAlignmentReadFilter) AND NotDuplicateReadFilter)
                  59 read(s) filtered by: (((MappingQualityReadFilter AND MappingQualityAvailableReadFilter) AND MappedReadFilter) AND NotSecondaryAlignmentReadFilter)
                      59 read(s) filtered by: ((MappingQualityReadFilter AND MappingQualityAvailableReadFilter) AND MappedReadFilter)
                          59 read(s) filtered by: (MappingQualityReadFilter AND MappingQualityAvailableReadFilter)
                              59 read(s) filtered by: MappingQualityReadFilter 
                  12698 read(s) filtered by: NotDuplicateReadFilter 

22:25:23.161 INFO  ProgressMeter -              LFY:539              1.5                    31             20.4
22:25:23.162 INFO  ProgressMeter - Traversal complete. Processed 31 total regions in 1.5 minutes.
22:25:23.174 INFO  VectorLoglessPairHMM - Time spent in setup for JNI call : 0.158872696
22:25:23.175 INFO  PairHMM - Total compute time in PairHMM computeLogLikelihoods() : 52.014505838000005
22:25:23.175 INFO  SmithWatermanAligner - Total compute time in java Smith-Waterman : 7.64 sec
22:25:23.175 INFO  HaplotypeCaller - Shutting down engine
[September 27, 2018 10:25:23 PM PDT] org.broadinstitute.hellbender.tools.walkers.haplotypecaller.HaplotypeCaller done. Elapsed time: 1.54 minutes.
Runtime.totalMemory()=3273129984
