Sourcing executables from speedseq.config ...
Aligning...
samblaster: Version 0.1.22
samblaster: Inputting from stdin
samblaster: Outputting to stdout
samblaster: Opening Lo9.filtered.1Md4Czeyjana/disc_pipe for write.
[M::bwa_idx_load_from_disk] read 0 ALT contigs
samblaster: Opening Lo9.filtered.1Md4Czeyjana/spl_pipe for write.
[M::process] read 37880 sequences (4410761 bp)...
[M::mem_pestat] # candidate unique pairs for (FF, FR, RF, RR): (3, 17095, 0, 2)
[M::mem_pestat] skip orientation FF as there are not enough pairs
[M::mem_pestat] analyzing insert size distribution for orientation FR...
[M::mem_pestat] (25, 50, 75) percentile: (81, 129, 196)
[M::mem_pestat] low and high boundaries for computing mean and std.dev: (1, 426)
[M::mem_pestat] mean and std.dev: (144.46, 82.98)
[M::mem_pestat] low and high boundaries for proper pairs: (1, 541)
[M::mem_pestat] skip orientation RF as there are not enough pairs
[M::mem_pestat] skip orientation RR as there are not enough pairs
[M::mem_process_seqs] Processed 37880 reads in 4.459 CPU sec, 1.968 real sec
samblaster: Loaded 5 header sequence entries.
[main] Version: 0.7.12-r1039
[main] CMD: /opt/linux/centos/7.x/x86_64/pkgs/bwa/0.7.12/bin/bwa mem -t 4 -R @RG\tID:Lo9\tSM:Lo9\tLB:Lib\ references.fasta data/003309_Lo9_S102_R1_filtered.fastq.gz data/003309_Lo9_S102_R2_filtered.fastq.gz
[main] Real time: 2.384 sec; CPU: 4.677 sec
samblaster: Output 65 discordant read pairs to Lo9.filtered.1Md4Czeyjana/disc_pipe
samblaster: Output 72 split reads to Lo9.filtered.1Md4Czeyjana/spl_pipe
samblaster: Marked 4861 of 18940 (25.67%) read ids as duplicates using 1596k memory in 0.085S CPU seconds and 3S wall time.
Done
Using GATK jar /bigdata/operations/pkgadmin/opt/linux/centos/7.x/x86_64/pkgs/gatk/4.0.8.1/gatk-package-4.0.8.1-local.jar
Running:
    java -Dsamjdk.use_async_io_read_samtools=false -Dsamjdk.use_async_io_write_samtools=true -Dsamjdk.use_async_io_write_tribble=false -Dsamjdk.compression_level=2 -jar /bigdata/operations/pkgadmin/opt/linux/centos/7.x/x86_64/pkgs/gatk/4.0.8.1/gatk-package-4.0.8.1-local.jar HaplotypeCaller -R references.fasta -I results/Lo9.filtered.bam -O results/Lo9.g.vcf -ERC GVCF
22:24:45.196 INFO  NativeLibraryLoader - Loading libgkl_compression.so from jar:file:/bigdata/operations/pkgadmin/opt/linux/centos/7.x/x86_64/pkgs/gatk/4.0.8.1/gatk-package-4.0.8.1-local.jar!/com/intel/gkl/native/libgkl_compression.so
22:24:45.453 INFO  HaplotypeCaller - ------------------------------------------------------------
22:24:45.456 INFO  HaplotypeCaller - The Genome Analysis Toolkit (GATK) v4.0.8.1
22:24:45.456 INFO  HaplotypeCaller - For support and documentation go to https://software.broadinstitute.org/gatk/
22:24:45.456 INFO  HaplotypeCaller - Executing as arajewski@c32 on Linux v3.10.0-693.11.6.el7.x86_64 amd64
22:24:45.456 INFO  HaplotypeCaller - Java runtime: Java HotSpot(TM) 64-Bit Server VM v1.8.0_45-b14
22:24:45.457 INFO  HaplotypeCaller - Start Date/Time: September 27, 2018 10:24:45 PM PDT
22:24:45.457 INFO  HaplotypeCaller - ------------------------------------------------------------
22:24:45.457 INFO  HaplotypeCaller - ------------------------------------------------------------
22:24:45.458 INFO  HaplotypeCaller - HTSJDK Version: 2.16.0
22:24:45.458 INFO  HaplotypeCaller - Picard Version: 2.18.7
22:24:45.458 INFO  HaplotypeCaller - HTSJDK Defaults.COMPRESSION_LEVEL : 2
22:24:45.458 INFO  HaplotypeCaller - HTSJDK Defaults.USE_ASYNC_IO_READ_FOR_SAMTOOLS : false
22:24:45.459 INFO  HaplotypeCaller - HTSJDK Defaults.USE_ASYNC_IO_WRITE_FOR_SAMTOOLS : true
22:24:45.459 INFO  HaplotypeCaller - HTSJDK Defaults.USE_ASYNC_IO_WRITE_FOR_TRIBBLE : false
22:24:45.459 INFO  HaplotypeCaller - Deflater: IntelDeflater
22:24:45.459 INFO  HaplotypeCaller - Inflater: IntelInflater
22:24:45.459 INFO  HaplotypeCaller - GCS max retries/reopens: 20
22:24:45.459 INFO  HaplotypeCaller - Using google-cloud-java fork https://github.com/broadinstitute/google-cloud-java/releases/tag/0.20.5-alpha-GCS-RETRY-FIX
22:24:45.467 INFO  HaplotypeCaller - Initializing engine
22:24:46.575 INFO  HaplotypeCaller - Done initializing engine
22:24:46.584 INFO  HaplotypeCallerEngine - Tool is in reference confidence mode and the annotation, the following changes will be made to any specified annotations: 'StrandBiasBySample' will be enabled. 'ChromosomeCounts', 'FisherStrand', 'StrandOddsRatio' and 'QualByDepth' annotations have been disabled
22:24:46.589 INFO  HaplotypeCallerEngine - Standard Emitting and Calling confidence set to 0.0 for reference-model confidence output
22:24:46.590 INFO  HaplotypeCallerEngine - All sites annotated with PLs forced to true for reference-model confidence output
22:24:46.609 INFO  NativeLibraryLoader - Loading libgkl_utils.so from jar:file:/bigdata/operations/pkgadmin/opt/linux/centos/7.x/x86_64/pkgs/gatk/4.0.8.1/gatk-package-4.0.8.1-local.jar!/com/intel/gkl/native/libgkl_utils.so
22:24:46.612 INFO  NativeLibraryLoader - Loading libgkl_pairhmm_omp.so from jar:file:/bigdata/operations/pkgadmin/opt/linux/centos/7.x/x86_64/pkgs/gatk/4.0.8.1/gatk-package-4.0.8.1-local.jar!/com/intel/gkl/native/libgkl_pairhmm_omp.so
22:24:46.678 WARN  IntelPairHmm - Flush-to-zero (FTZ) is enabled when running PairHMM
22:24:46.679 INFO  IntelPairHmm - Available threads: 4
22:24:46.679 INFO  IntelPairHmm - Requested threads: 4
22:24:46.679 INFO  PairHMM - Using the OpenMP multi-threaded AVX-accelerated native PairHMM implementation
22:24:46.787 INFO  ProgressMeter - Starting traversal
22:24:46.787 INFO  ProgressMeter -        Current Locus  Elapsed Minutes     Regions Processed   Regions/Minute
22:25:16.121 INFO  ProgressMeter -              WXY:660              0.5                    10             20.5
22:25:35.378 INFO  ProgressMeter -               psaA:1              0.8                    20             24.7
22:26:04.679 INFO  HaplotypeCaller - 9756 read(s) filtered by: ((((((((MappingQualityReadFilter AND MappingQualityAvailableReadFilter) AND MappedReadFilter) AND NotSecondaryAlignmentReadFilter) AND NotDuplicateReadFilter) AND PassesVendorQualityCheckReadFilter) AND NonZeroReferenceLengthAlignmentReadFilter) AND GoodCigarReadFilter) AND WellformedReadFilter)
  9756 read(s) filtered by: (((((((MappingQualityReadFilter AND MappingQualityAvailableReadFilter) AND MappedReadFilter) AND NotSecondaryAlignmentReadFilter) AND NotDuplicateReadFilter) AND PassesVendorQualityCheckReadFilter) AND NonZeroReferenceLengthAlignmentReadFilter) AND GoodCigarReadFilter)
      9756 read(s) filtered by: ((((((MappingQualityReadFilter AND MappingQualityAvailableReadFilter) AND MappedReadFilter) AND NotSecondaryAlignmentReadFilter) AND NotDuplicateReadFilter) AND PassesVendorQualityCheckReadFilter) AND NonZeroReferenceLengthAlignmentReadFilter)
          9756 read(s) filtered by: (((((MappingQualityReadFilter AND MappingQualityAvailableReadFilter) AND MappedReadFilter) AND NotSecondaryAlignmentReadFilter) AND NotDuplicateReadFilter) AND PassesVendorQualityCheckReadFilter)
              9756 read(s) filtered by: ((((MappingQualityReadFilter AND MappingQualityAvailableReadFilter) AND MappedReadFilter) AND NotSecondaryAlignmentReadFilter) AND NotDuplicateReadFilter)
                  34 read(s) filtered by: (((MappingQualityReadFilter AND MappingQualityAvailableReadFilter) AND MappedReadFilter) AND NotSecondaryAlignmentReadFilter)
                      34 read(s) filtered by: ((MappingQualityReadFilter AND MappingQualityAvailableReadFilter) AND MappedReadFilter)
                          34 read(s) filtered by: (MappingQualityReadFilter AND MappingQualityAvailableReadFilter)
                              34 read(s) filtered by: MappingQualityReadFilter 
                  9722 read(s) filtered by: NotDuplicateReadFilter 

22:26:04.680 INFO  ProgressMeter -               LFY:98              1.3                    37             28.5
22:26:04.680 INFO  ProgressMeter - Traversal complete. Processed 37 total regions in 1.3 minutes.
22:26:04.693 INFO  VectorLoglessPairHMM - Time spent in setup for JNI call : 0.073006837
22:26:04.693 INFO  PairHMM - Total compute time in PairHMM computeLogLikelihoods() : 45.577855961000004
22:26:04.694 INFO  SmithWatermanAligner - Total compute time in java Smith-Waterman : 6.45 sec
22:26:04.694 INFO  HaplotypeCaller - Shutting down engine
[September 27, 2018 10:26:04 PM PDT] org.broadinstitute.hellbender.tools.walkers.haplotypecaller.HaplotypeCaller done. Elapsed time: 1.33 minutes.
Runtime.totalMemory()=3212836864
