

                            MrBayes v3.2.6 x64

                      (Bayesian Analysis of Phylogeny)

              Distributed under the GNU General Public License


               Type "help" or "help <command>" for information
                     on the commands that are available.

                   Type "about" for authorship and general
                       information about the program.



   Executing file "LFY.par"
   UNIX line termination
   Longest line length = 40
   Parsing file
   Setting autoclose to yes
   Setting nowarnings to yes

   Executing file "LFY/LFYrenamed.nex"...



                            MrBayes v3.2.6 x64

                      (Bayesian Analysis of Phylogeny)

              Distributed under the GNU General Public License


               Type "help" or "help <command>" for information
                     on the commands that are available.

                   Type "about" for authorship and general
                       information about the program.



   Executing file "LFY.par"
   UNIX line termination
   Longest line length = 40
   Parsing file
   Setting autoclose to yes
   Setting nowarnings to yes

   Executing file "LFY/LFYrenamed.nex"...



                            MrBayes v3.2.6 x64

                      (Bayesian Analysis of Phylogeny)

              Distributed under the GNU General Public License


               Type "help" or "help <command>" for information
                     on the commands that are available.

                   Type "about" for authorship and general
                       information about the program.



   Executing file "LFY.par"
   UNIX line termination
   Longest line length = 40
   Parsing file
   Setting autoclose to yes
   Setting nowarnings to yes

   Executing file "LFY/LFYrenamed.nex"...



                            MrBayes v3.2.6 x64

                      (Bayesian Analysis of Phylogeny)

              Distributed under the GNU General Public License


               Type "help" or "help <command>" for information
                     on the commands that are available.

                   Type "about" for authorship and general
                       information about the program.



   Executing file "LFY.par"
   UNIX line termination
   Longest line length = 40
   Parsing file
   Setting autoclose to yes
   Setting nowarnings to yes

   Executing file "LFY/LFYrenamed.nex"...



                            MrBayes v3.2.6 x64

                      (Bayesian Analysis of Phylogeny)

              Distributed under the GNU General Public License


               Type "help" or "help <command>" for information
                     on the commands that are available.

                   Type "about" for authorship and general
                       information about the program.



   Executing file "LFY.par"
   UNIX line termination
   Longest line length = 40
   Parsing file
   Setting autoclose to yes
   Setting nowarnings to yes

   Executing file "LFY/LFYrenamed.nex"...



                            MrBayes v3.2.6 x64

                      (Bayesian Analysis of Phylogeny)

              Distributed under the GNU General Public License


               Type "help" or "help <command>" for information
                     on the commands that are available.

                   Type "about" for authorship and general
                       information about the program.



   Executing file "LFY.par"
   UNIX line termination
   Longest line length = 40
   Parsing file
   Setting autoclose to yes
   Setting nowarnings to yes

   Executing file "LFY/LFYrenamed.nex"...



                            MrBayes v3.2.6 x64

                      (Bayesian Analysis of Phylogeny)

              Distributed under the GNU General Public License


               Type "help" or "help <command>" for information
                     on the commands that are available.

                   Type "about" for authorship and general
                       information about the program.



   Executing file "LFY.par"
   UNIX line termination
   Longest line length = 40
   Parsing file
   Setting autoclose to yes
   Setting nowarnings to yes

   Executing file "LFY/LFYrenamed.nex"...

   UNIX line termination
   Longest line length = 923
   Parsing file
   Expecting NEXUS formatted file
   Reading taxa block
      Allocated taxon set
      Defining new set of 93 taxa
   Exiting taxa block
   Reading characters block
      Allocated matrix
      Defining new character matrix with 909 characters
      Data is Dna
      Missing data coded as ?
      Gaps coded as -
      Taxon  1 -> LFY_Pedulis
      Taxon  2 -> LFY_Haplo91
      Taxon  3 -> LFY_Haplo92
      Taxon  4 -> LFY_Haplo1
      Taxon  5 -> LFY_Haplo2
      Taxon  6 -> LFY_Haplo3
      Taxon  7 -> LFY_Haplo4
      Taxon  8 -> LFY_Haplo5
      Taxon  9 -> LFY_Haplo6
      Taxon 10 -> LFY_Haplo7
      Taxon 11 -> LFY_Haplo8
      Taxon 12 -> LFY_Haplo9
      Taxon 13 -> LFY_Haplo10
      Taxon 14 -> LFY_Haplo11
      Taxon 15 -> LFY_Haplo12
   UNIX line termination
   UNIX line termination
   Longest line length = 923
   Parsing file
   Expecting NEXUS formatted file
   Reading taxa block
      Allocated taxon set
      Defining new set of 93 taxa
   Exiting taxa block
   Reading characters block
      Allocated matrix
      Defining new character matrix with 909 characters
      Data is Dna
      Missing data coded as ?
      Gaps coded as -
      Taxon  1 -> LFY_Pedulis
      Taxon  2 -> LFY_Haplo91
      Taxon  3 -> LFY_Haplo92
      Taxon  4 -> LFY_Haplo1
      Taxon  5 -> LFY_Haplo2
      Taxon  6 -> LFY_Haplo3
      Taxon  7 -> LFY_Haplo4
      Taxon  8 -> LFY_Haplo5
      Taxon  9 -> LFY_Haplo6
      Taxon 10 -> LFY_Haplo7
      Taxon 11 -> LFY_Haplo8
      Taxon 12 -> LFY_Haplo9
      Taxon 13 -> LFY_Haplo10
   UNIX line termination
   Longest line length = 923
   Parsing file
   Expecting NEXUS formatted file
   Reading taxa block
      Allocated taxon set
      Defining new set of 93 taxa
   Exiting taxa block
   Reading characters block
      Allocated matrix
      Defining new character matrix with 909 characters
      Data is Dna
      Missing data coded as ?
      Gaps coded as -
      Taxon  1 -> LFY_Pedulis
      Taxon  2 -> LFY_Haplo91
      Taxon  3 -> LFY_Haplo92
      Taxon  4 -> LFY_Haplo1
      Taxon  5 -> LFY_Haplo2
      Taxon  6 -> LFY_Haplo3
      Taxon  7 -> LFY_Haplo4
      Taxon  8 -> LFY_Haplo5
      Taxon  9 -> LFY_Haplo6
      Taxon 10 -> LFY_Haplo7
      Taxon 11 -> LFY_Haplo8
      Taxon 12 -> LFY_Haplo9
      Taxon 13 -> LFY_Haplo10
      Taxon 14 -> LFY_Haplo11
      Taxon 15 -> LFY_Haplo12
      Taxon 16 -> LFY_Haplo13
      Taxon 17 -> LFY_Haplo14
   UNIX line termination
   Longest line length = 923
   Parsing file
   Expecting NEXUS formatted file
   Reading taxa block
      Allocated taxon set
      Defining new set of 93 taxa
   Exiting taxa block
   Reading characters block
      Allocated matrix
      Defining new character matrix with 909 characters
      Data is Dna
      Missing data coded as ?
      Gaps coded as -
      Taxon  1 -> LFY_Pedulis
      Taxon  2 -> LFY_Haplo91
      Taxon  3 -> LFY_Haplo92
      Taxon  4 -> LFY_Haplo1
      Taxon  5 -> LFY_Haplo2
      Taxon  6 -> LFY_Haplo3
      Taxon  7 -> LFY_Haplo4
      Taxon  8 -> LFY_Haplo5
      Taxon  9 -> LFY_Haplo6
      Taxon 10 -> LFY_Haplo7
      Taxon 11 -> LFY_Haplo8
      Taxon 12 -> LFY_Haplo9
      Taxon 13 -> LFY_Haplo10
      Taxon 14 -> LFY_Haplo11
      Taxon 15 -> LFY_Haplo12
      Taxon 16 -> LFY_Haplo13
      Taxon 17 -> LFY_Haplo14
      Taxon 18 -> LFY_Haplo15
      Taxon 19 -> LFY_Haplo16
      Taxon 20 -> LFY_Haplo17
      Taxon 21 -> LFY_Haplo18
      Taxon 22 -> LFY_Haplo19
      Taxon 23 -> LFY_Haplo20
      Taxon 24 -> LFY_Haplo21
   UNIX line termination
   Longest line length = 923
   Parsing file
   Expecting NEXUS formatted file
   Reading taxa block
      Allocated taxon set
      Defining new set of 93 taxa
   Exiting taxa block
   Reading characters block
      Allocated matrix
      Defining new character matrix with 909 characters
      Data is Dna
      Missing data coded as ?
      Gaps coded as -
      Taxon  1 -> LFY_Pedulis
      Taxon  2 -> LFY_Haplo91
      Taxon  3 -> LFY_Haplo92
      Taxon  4 -> LFY_Haplo1
      Taxon  5 -> LFY_Haplo2
      Taxon  6 -> LFY_Haplo3
      Taxon  7 -> LFY_Haplo4
      Taxon  8 -> LFY_Haplo5
      Taxon  9 -> LFY_Haplo6
      Taxon 10 -> LFY_Haplo7
      Taxon 11 -> LFY_Haplo8
      Taxon 12 -> LFY_Haplo9
      Taxon 13 -> LFY_Haplo10
      Taxon 14 -> LFY_Haplo11
      Taxon 15 -> LFY_Haplo12
      Taxon 16 -> LFY_Haplo13
   UNIX line termination


                            MrBayes v3.2.6 x64

                      (Bayesian Analysis of Phylogeny)

              Distributed under the GNU General Public License


               Type "help" or "help <command>" for information
                     on the commands that are available.

                   Type "about" for authorship and general
                       information about the program.



   Executing file "LFY.par"
   UNIX line termination
   Longest line length = 40
   Parsing file
   Setting autoclose to yes
   Setting nowarnings to yes

   Executing file "LFY/LFYrenamed.nex"...

   UNIX line termination
   Longest line length = 923
   Parsing file
   Expecting NEXUS formatted file
   Reading taxa block
      Allocated taxon set
      Defining new set of 93 taxa
   Exiting taxa block
   Reading characters block
      Allocated matrix
      Defining new character matrix with 909 characters
      Data is Dna
      Missing data coded as ?
      Gaps coded as -
      Taxon  1 -> LFY_Pedulis
      Taxon  2 -> LFY_Haplo91
      Taxon  3 -> LFY_Haplo92
      Taxon  4 -> LFY_Haplo1
      Taxon  5 -> LFY_Haplo2
      Taxon  6 -> LFY_Haplo3
      Taxon  7 -> LFY_Haplo4
      Taxon  8 -> LFY_Haplo5
      Taxon  9 -> LFY_Haplo6
      Taxon 16 -> LFY_Haplo13
      Taxon 17 -> LFY_Haplo14
      Taxon 18 -> LFY_Haplo15
      Taxon 19 -> LFY_Haplo16
      Taxon 20 -> LFY_Haplo17
      Taxon 21 -> LFY_Haplo18
      Taxon 22 -> LFY_Haplo19
      Taxon 23 -> LFY_Haplo20
      Taxon 24 -> LFY_Haplo21
      Taxon 14 -> LFY_Haplo11
      Taxon 15 -> LFY_Haplo12
      Taxon 16 -> LFY_Haplo13
      Taxon 17 -> LFY_Haplo14
      Taxon 18 -> LFY_Haplo15
      Taxon 19 -> LFY_Haplo16
      Taxon 20 -> LFY_Haplo17
      Taxon 21 -> LFY_Haplo18
      Taxon 22 -> LFY_Haplo19
      Taxon 18 -> LFY_Haplo15
      Taxon 19 -> LFY_Haplo16
      Taxon 20 -> LFY_Haplo17
      Taxon 21 -> LFY_Haplo18
      Taxon 22 -> LFY_Haplo19
      Taxon 23 -> LFY_Haplo20
      Taxon 24 -> LFY_Haplo21
      Taxon 25 -> LFY_Haplo22
      Taxon 25 -> LFY_Haplo22
      Taxon 26 -> LFY_Haplo23
      Taxon 27 -> LFY_Haplo24
      Taxon 28 -> LFY_Haplo25
      Taxon 29 -> LFY_Haplo26
      Taxon 30 -> LFY_Haplo27
      Taxon 31 -> LFY_Haplo28
      Taxon 32 -> LFY_Haplo29
      Taxon 33 -> LFY_Haplo30
      Taxon 34 -> LFY_Haplo31
      Taxon 25 -> LFY_Haplo22
      Taxon 26 -> LFY_Haplo23
      Taxon 27 -> LFY_Haplo24
      Taxon 28 -> LFY_Haplo25
      Taxon 29 -> LFY_Haplo26
      Taxon 30 -> LFY_Haplo27
      Taxon 31 -> LFY_Haplo28
      Taxon 32 -> LFY_Haplo29
      Taxon 33 -> LFY_Haplo30
      Taxon 23 -> LFY_Haplo20
      Taxon 24 -> LFY_Haplo21
      Taxon 25 -> LFY_Haplo22
      Taxon 26 -> LFY_Haplo23
      Taxon 27 -> LFY_Haplo24
      Taxon 28 -> LFY_Haplo25
      Taxon 29 -> LFY_Haplo26
      Taxon 30 -> LFY_Haplo27
      Taxon 31 -> LFY_Haplo28
      Taxon 17 -> LFY_Haplo14
      Taxon 18 -> LFY_Haplo15
      Taxon 19 -> LFY_Haplo16
      Taxon 20 -> LFY_Haplo17
   Longest line length = 923
   Parsing file
   Expecting NEXUS formatted file
   Reading taxa block
      Allocated taxon set
      Defining new set of 93 taxa
      Taxon 35 -> LFY_Haplo32
      Taxon 36 -> LFY_Haplo33
      Taxon 37 -> LFY_Haplo34
      Taxon 38 -> LFY_Haplo35
      Taxon 39 -> LFY_Haplo36
      Taxon 40 -> LFY_Haplo37
      Taxon 41 -> LFY_Haplo38
      Taxon 42 -> LFY_Haplo39
      Taxon 43 -> LFY_Haplo40
      Taxon 44 -> LFY_Haplo41
      Taxon 45 -> LFY_Haplo42
      Taxon 46 -> LFY_Haplo43
      Taxon 47 -> LFY_Haplo44
      Taxon 48 -> LFY_Haplo45
      Taxon 49 -> LFY_Haplo46
      Taxon 50 -> LFY_Haplo47
      Taxon 51 -> LFY_Haplo48
      Taxon 52 -> LFY_Haplo49
      Taxon 53 -> LFY_Haplo50
      Taxon 54 -> LFY_Haplo51
      Taxon 55 -> LFY_Haplo52
      Taxon 10 -> LFY_Haplo7
      Taxon 11 -> LFY_Haplo8
      Taxon 12 -> LFY_Haplo9
      Taxon 13 -> LFY_Haplo10
      Taxon 14 -> LFY_Haplo11
      Taxon 15 -> LFY_Haplo12
      Taxon 16 -> LFY_Haplo13
      Taxon 17 -> LFY_Haplo14
      Taxon 18 -> LFY_Haplo15
      Taxon 19 -> LFY_Haplo16
   Longest line length = 923
   Parsing file
   Expecting NEXUS formatted file
   Reading taxa block
      Allocated taxon set
      Defining new set of 93 taxa
   Exiting taxa block
   Reading characters block
      Allocated matrix
      Defining new character matrix with 909 characters
      Data is Dna
      Missing data coded as ?
      Gaps coded as -
      Taxon  1 -> LFY_Pedulis
      Taxon  2 -> LFY_Haplo91
      Taxon  3 -> LFY_Haplo92
      Taxon  4 -> LFY_Haplo1
      Taxon  5 -> LFY_Haplo2
      Taxon  6 -> LFY_Haplo3
      Taxon  7 -> LFY_Haplo4
      Taxon  8 -> LFY_Haplo5
      Taxon  9 -> LFY_Haplo6
      Taxon 10 -> LFY_Haplo7
      Taxon 11 -> LFY_Haplo8
      Taxon 34 -> LFY_Haplo31
      Taxon 35 -> LFY_Haplo32
      Taxon 36 -> LFY_Haplo33
      Taxon 37 -> LFY_Haplo34
      Taxon 38 -> LFY_Haplo35
      Taxon 39 -> LFY_Haplo36
      Taxon 40 -> LFY_Haplo37
      Taxon 41 -> LFY_Haplo38
      Taxon 42 -> LFY_Haplo39
      Taxon 43 -> LFY_Haplo40
      Taxon 44 -> LFY_Haplo41
      Taxon 45 -> LFY_Haplo42
      Taxon 46 -> LFY_Haplo43
      Taxon 47 -> LFY_Haplo44
      Taxon 48 -> LFY_Haplo45
      Taxon 49 -> LFY_Haplo46
      Taxon 50 -> LFY_Haplo47
      Taxon 51 -> LFY_Haplo48
      Taxon 52 -> LFY_Haplo49
      Taxon 32 -> LFY_Haplo29
      Taxon 33 -> LFY_Haplo30
      Taxon 34 -> LFY_Haplo31
      Taxon 35 -> LFY_Haplo32
      Taxon 36 -> LFY_Haplo33
      Taxon 37 -> LFY_Haplo34
      Taxon 38 -> LFY_Haplo35
      Taxon 39 -> LFY_Haplo36
      Taxon 40 -> LFY_Haplo37
      Taxon 41 -> LFY_Haplo38
      Taxon 42 -> LFY_Haplo39
      Taxon 43 -> LFY_Haplo40
      Taxon 44 -> LFY_Haplo41
      Taxon 45 -> LFY_Haplo42
      Taxon 46 -> LFY_Haplo43
      Taxon 47 -> LFY_Haplo44
      Taxon 48 -> LFY_Haplo45
      Taxon 49 -> LFY_Haplo46
      Taxon 50 -> LFY_Haplo47
      Taxon 21 -> LFY_Haplo18
      Taxon 22 -> LFY_Haplo19
      Taxon 23 -> LFY_Haplo20
      Taxon 24 -> LFY_Haplo21
      Taxon 25 -> LFY_Haplo22
      Taxon 26 -> LFY_Haplo23
      Taxon 27 -> LFY_Haplo24
      Taxon 28 -> LFY_Haplo25
      Taxon 29 -> LFY_Haplo26
      Taxon 30 -> LFY_Haplo27
      Taxon 56 -> LFY_Haplo53
      Taxon 57 -> LFY_Haplo54
      Taxon 58 -> LFY_Haplo55
      Taxon 59 -> LFY_Haplo56
      Taxon 60 -> LFY_Haplo57
      Taxon 61 -> LFY_Haplo58
      Taxon 62 -> LFY_Haplo59
      Taxon 63 -> LFY_Haplo60
      Taxon 64 -> LFY_Haplo61
      Taxon 65 -> LFY_Haplo62
      Taxon 66 -> LFY_Haplo63
      Taxon 67 -> LFY_Haplo64
      Taxon 68 -> LFY_Haplo65
      Taxon 69 -> LFY_Haplo66
      Taxon 70 -> LFY_Haplo67
      Taxon 71 -> LFY_Haplo68
      Taxon 31 -> LFY_Haplo28
      Taxon 32 -> LFY_Haplo29
      Taxon 33 -> LFY_Haplo30
      Taxon 34 -> LFY_Haplo31
      Taxon 35 -> LFY_Haplo32
      Taxon 36 -> LFY_Haplo33
      Taxon 37 -> LFY_Haplo34
      Taxon 38 -> LFY_Haplo35
      Taxon 39 -> LFY_Haplo36
      Taxon 20 -> LFY_Haplo17
      Taxon 21 -> LFY_Haplo18
      Taxon 22 -> LFY_Haplo19
      Taxon 23 -> LFY_Haplo20
      Taxon 24 -> LFY_Haplo21
      Taxon 25 -> LFY_Haplo22
      Taxon 26 -> LFY_Haplo23
      Taxon 27 -> LFY_Haplo24
      Taxon 28 -> LFY_Haplo25
      Taxon 12 -> LFY_Haplo9
      Taxon 13 -> LFY_Haplo10
      Taxon 14 -> LFY_Haplo11
      Taxon 15 -> LFY_Haplo12
      Taxon 16 -> LFY_Haplo13
      Taxon 17 -> LFY_Haplo14
      Taxon 18 -> LFY_Haplo15
      Taxon 19 -> LFY_Haplo16
      Taxon 20 -> LFY_Haplo17
      Taxon 21 -> LFY_Haplo18
      Taxon 22 -> LFY_Haplo19
      Taxon 23 -> LFY_Haplo20
      Taxon 24 -> LFY_Haplo21
      Taxon 25 -> LFY_Haplo22
      Taxon 26 -> LFY_Haplo23
      Taxon 27 -> LFY_Haplo24
      Taxon 28 -> LFY_Haplo25
      Taxon 29 -> LFY_Haplo26
      Taxon 53 -> LFY_Haplo50
      Taxon 54 -> LFY_Haplo51
      Taxon 55 -> LFY_Haplo52
      Taxon 56 -> LFY_Haplo53
      Taxon 57 -> LFY_Haplo54
      Taxon 58 -> LFY_Haplo55
      Taxon 59 -> LFY_Haplo56
      Taxon 60 -> LFY_Haplo57
      Taxon 61 -> LFY_Haplo58
      Taxon 62 -> LFY_Haplo59
      Taxon 63 -> LFY_Haplo60
      Taxon 64 -> LFY_Haplo61
      Taxon 65 -> LFY_Haplo62
      Taxon 51 -> LFY_Haplo48
      Taxon 52 -> LFY_Haplo49
      Taxon 53 -> LFY_Haplo50
      Taxon 54 -> LFY_Haplo51
      Taxon 55 -> LFY_Haplo52
      Taxon 56 -> LFY_Haplo53
      Taxon 57 -> LFY_Haplo54
      Taxon 58 -> LFY_Haplo55
      Taxon 59 -> LFY_Haplo56
      Taxon 60 -> LFY_Haplo57
      Taxon 61 -> LFY_Haplo58
      Taxon 62 -> LFY_Haplo59
      Taxon 63 -> LFY_Haplo60
      Taxon 64 -> LFY_Haplo61
      Taxon 72 -> LFY_Haplo69
      Taxon 73 -> LFY_Haplo70
      Taxon 74 -> LFY_Haplo71
      Taxon 75 -> LFY_Haplo72
      Taxon 76 -> LFY_Haplo73
      Taxon 77 -> LFY_Haplo74
      Taxon 78 -> LFY_Haplo75
      Taxon 79 -> LFY_Haplo76
      Taxon 80 -> LFY_Haplo77
      Taxon 81 -> LFY_Haplo78
      Taxon 82 -> LFY_Haplo79
      Taxon 65 -> LFY_Haplo62
      Taxon 66 -> LFY_Haplo63
      Taxon 67 -> LFY_Haplo64
      Taxon 68 -> LFY_Haplo65
      Taxon 69 -> LFY_Haplo66
      Taxon 29 -> LFY_Haplo26
      Taxon 30 -> LFY_Haplo27
      Taxon 31 -> LFY_Haplo28
      Taxon 32 -> LFY_Haplo29
      Taxon 33 -> LFY_Haplo30
      Taxon 30 -> LFY_Haplo27
      Taxon 31 -> LFY_Haplo28
      Taxon 32 -> LFY_Haplo29
      Taxon 33 -> LFY_Haplo30
      Taxon 34 -> LFY_Haplo31
      Taxon 66 -> LFY_Haplo63
      Taxon 67 -> LFY_Haplo64
      Taxon 68 -> LFY_Haplo65
      Taxon 69 -> LFY_Haplo66
      Taxon 70 -> LFY_Haplo67
      Taxon 83 -> LFY_Haplo80
      Taxon 84 -> LFY_Haplo81
      Taxon 85 -> LFY_Haplo82
      Taxon 86 -> LFY_Haplo83
      Taxon 87 -> LFY_Haplo84
      Taxon 35 -> LFY_Haplo32
      Taxon 36 -> LFY_Haplo33
      Taxon 37 -> LFY_Haplo34
      Taxon 38 -> LFY_Haplo35
      Taxon 39 -> LFY_Haplo36
      Taxon 40 -> LFY_Haplo37
      Taxon 41 -> LFY_Haplo38
      Taxon 42 -> LFY_Haplo39
      Taxon 43 -> LFY_Haplo40
      Taxon 44 -> LFY_Haplo41
      Taxon 45 -> LFY_Haplo42
      Taxon 46 -> LFY_Haplo43
      Taxon 47 -> LFY_Haplo44
      Taxon 48 -> LFY_Haplo45
      Taxon 49 -> LFY_Haplo46
      Taxon 88 -> LFY_Haplo85
      Taxon 89 -> LFY_Haplo86
      Taxon 90 -> LFY_Haplo87
      Taxon 91 -> LFY_Haplo88
      Taxon 92 -> LFY_Haplo89
      Taxon 93 -> LFY_Haplo90
      Successfully read matrix
      Setting default partition (does not divide up characters)
      Setting model defaults
      Seed (for generating default start values) = 1553898677
      Taxon 71 -> LFY_Haplo68
      Taxon 72 -> LFY_Haplo69
      Taxon 73 -> LFY_Haplo70
      Taxon 74 -> LFY_Haplo71
      Taxon 75 -> LFY_Haplo72
      Taxon 76 -> LFY_Haplo73
      Taxon 77 -> LFY_Haplo74
      Taxon 78 -> LFY_Haplo75
      Taxon 79 -> LFY_Haplo76
      Taxon 80 -> LFY_Haplo77
      Taxon 81 -> LFY_Haplo78
      Taxon 82 -> LFY_Haplo79
      Taxon 83 -> LFY_Haplo80
      Taxon 84 -> LFY_Haplo81
      Taxon 85 -> LFY_Haplo82
      Taxon 86 -> LFY_Haplo83
      Taxon 87 -> LFY_Haplo84
      Taxon 88 -> LFY_Haplo85
      Taxon 89 -> LFY_Haplo86
      Taxon 90 -> LFY_Haplo87
      Taxon 91 -> LFY_Haplo88
      Taxon 92 -> LFY_Haplo89
      Taxon 93 -> LFY_Haplo90
      Successfully read matrix
      Setting default partition (does not divide up characters)
      Setting model defaults
      Seed (for generating default start values) = 1553898677
      Taxon 40 -> LFY_Haplo37
      Taxon 41 -> LFY_Haplo38
      Taxon 42 -> LFY_Haplo39
      Taxon 43 -> LFY_Haplo40
      Taxon 44 -> LFY_Haplo41
      Taxon 45 -> LFY_Haplo42
      Taxon 46 -> LFY_Haplo43
      Taxon 47 -> LFY_Haplo44
      Taxon 48 -> LFY_Haplo45
      Taxon 49 -> LFY_Haplo46
      Taxon 50 -> LFY_Haplo47
      Taxon 51 -> LFY_Haplo48
      Taxon 52 -> LFY_Haplo49
      Taxon 53 -> LFY_Haplo50
      Taxon 54 -> LFY_Haplo51
      Taxon 55 -> LFY_Haplo52
      Taxon 56 -> LFY_Haplo53
      Taxon 57 -> LFY_Haplo54
      Taxon 58 -> LFY_Haplo55
      Taxon 59 -> LFY_Haplo56
      Taxon 60 -> LFY_Haplo57
      Taxon 61 -> LFY_Haplo58
      Taxon 62 -> LFY_Haplo59
   Exiting taxa block
   Reading characters block
      Allocated matrix
      Defining new character matrix with 909 characters
      Data is Dna
      Missing data coded as ?
      Gaps coded as -
      Taxon  1 -> LFY_Pedulis
      Taxon  2 -> LFY_Haplo91
      Taxon  3 -> LFY_Haplo92
      Taxon  4 -> LFY_Haplo1
      Taxon  5 -> LFY_Haplo2
      Taxon  6 -> LFY_Haplo3
      Taxon  7 -> LFY_Haplo4
      Taxon  8 -> LFY_Haplo5
      Taxon  9 -> LFY_Haplo6
      Taxon 10 -> LFY_Haplo7
      Taxon 11 -> LFY_Haplo8
      Taxon 12 -> LFY_Haplo9
      Taxon 13 -> LFY_Haplo10
      Taxon 14 -> LFY_Haplo11
      Taxon 15 -> LFY_Haplo12
      Taxon 16 -> LFY_Haplo13
      Taxon 17 -> LFY_Haplo14
      Taxon 18 -> LFY_Haplo15
      Taxon 70 -> LFY_Haplo67
      Taxon 71 -> LFY_Haplo68
      Taxon 72 -> LFY_Haplo69
      Taxon 73 -> LFY_Haplo70
      Taxon 74 -> LFY_Haplo71
      Taxon 75 -> LFY_Haplo72
      Taxon 76 -> LFY_Haplo73
      Taxon 77 -> LFY_Haplo74
      Taxon 78 -> LFY_Haplo75
      Taxon 79 -> LFY_Haplo76
      Taxon 80 -> LFY_Haplo77
      Taxon 81 -> LFY_Haplo78
      Taxon 82 -> LFY_Haplo79
      Taxon 83 -> LFY_Haplo80
      Taxon 84 -> LFY_Haplo81
      Taxon 85 -> LFY_Haplo82
      Taxon 86 -> LFY_Haplo83
      Taxon 87 -> LFY_Haplo84
      Taxon 88 -> LFY_Haplo85
      Taxon 89 -> LFY_Haplo86
      Taxon 90 -> LFY_Haplo87
      Taxon 91 -> LFY_Haplo88
      Taxon 92 -> LFY_Haplo89
      Taxon 93 -> LFY_Haplo90
      Successfully read matrix
      Setting default partition (does not divide up characters)
      Setting model defaults
      Seed (for generating default start values) = 1553898677
      Taxon 26 -> LFY_Haplo23
      Taxon 27 -> LFY_Haplo24
      Taxon 28 -> LFY_Haplo25
      Taxon 29 -> LFY_Haplo26
      Taxon 30 -> LFY_Haplo27
      Taxon 31 -> LFY_Haplo28
      Taxon 32 -> LFY_Haplo29
      Taxon 33 -> LFY_Haplo30
      Taxon 34 -> LFY_Haplo31
      Taxon 35 -> LFY_Haplo32
      Taxon 36 -> LFY_Haplo33
      Taxon 37 -> LFY_Haplo34
      Taxon 38 -> LFY_Haplo35
      Taxon 39 -> LFY_Haplo36
      Taxon 40 -> LFY_Haplo37
      Taxon 41 -> LFY_Haplo38
      Taxon 42 -> LFY_Haplo39
      Taxon 43 -> LFY_Haplo40
      Taxon 44 -> LFY_Haplo41
      Taxon 34 -> LFY_Haplo31
      Taxon 35 -> LFY_Haplo32
      Taxon 36 -> LFY_Haplo33
      Taxon 37 -> LFY_Haplo34
      Taxon 38 -> LFY_Haplo35
      Taxon 39 -> LFY_Haplo36
      Taxon 40 -> LFY_Haplo37
      Taxon 41 -> LFY_Haplo38
      Taxon 42 -> LFY_Haplo39
      Taxon 43 -> LFY_Haplo40
      Taxon 44 -> LFY_Haplo41
      Taxon 45 -> LFY_Haplo42
      Taxon 46 -> LFY_Haplo43
      Taxon 47 -> LFY_Haplo44
      Taxon 48 -> LFY_Haplo45
      Taxon 49 -> LFY_Haplo46
      Taxon 50 -> LFY_Haplo47
      Taxon 51 -> LFY_Haplo48
      Taxon 50 -> LFY_Haplo47
      Taxon 51 -> LFY_Haplo48
      Taxon 52 -> LFY_Haplo49
      Taxon 53 -> LFY_Haplo50
      Taxon 54 -> LFY_Haplo51
      Taxon 55 -> LFY_Haplo52
      Taxon 56 -> LFY_Haplo53
      Taxon 57 -> LFY_Haplo54
      Taxon 58 -> LFY_Haplo55
      Taxon 59 -> LFY_Haplo56
      Taxon 60 -> LFY_Haplo57
      Taxon 61 -> LFY_Haplo58
      Taxon 62 -> LFY_Haplo59
      Taxon 63 -> LFY_Haplo60
      Taxon 64 -> LFY_Haplo61
      Taxon 65 -> LFY_Haplo62
      Taxon 66 -> LFY_Haplo63
      Taxon 67 -> LFY_Haplo64
      Taxon 68 -> LFY_Haplo65
      Taxon 69 -> LFY_Haplo66
      Taxon 70 -> LFY_Haplo67
      Taxon 71 -> LFY_Haplo68
      Taxon 72 -> LFY_Haplo69
      Taxon 73 -> LFY_Haplo70
      Taxon 74 -> LFY_Haplo71
      Taxon 75 -> LFY_Haplo72
      Taxon 76 -> LFY_Haplo73
      Setting output file names to "LFY/LFYrenamed.nex.run<i>.<p|t>"
   Exiting characters block
   Reached end of file

   Returning execution to calling file ...

      Setting Nst to 2 for partition 1
      Setting Rates to Propinv for partition 1
      Successfully set likelihood model parameters
      Running Markov chain
      MCMC stamp = 3942398434
      Seed = 1632119046
      Swapseed = 1553898677
      Model settings:

         Data not partitioned --
            Datatype  = DNA
            Nucmodel  = 4by4
            Nst       = 2
                        Transition and transversion  rates, expressed
                        as proportions of the rate sum, have a
                        Beta(1.00,1.00) prior
            Covarion  = No
            # States  = 4
                        State frequencies have a Dirichlet prior
                        (1.00,1.00,1.00,1.00)
            Rates     = Propinv
                        Proportion of invariable sites is uniformly dist-
                        ributed on the interval (0.00,1.00).

      Active parameters: 

         Parameters
         ---------------------
         Tratio              1
         Statefreq           2
         Pinvar              3
         Ratemultiplier      4
         Topology            5
         Brlens              6
         ---------------------

         1 --  Parameter  = Tratio
               Type       = Transition and transversion rates
               Prior      = Beta(1.00,1.00)

         2 --  Parameter  = Pi
               Type       = Stationary state frequencies
               Prior      = Dirichlet

         3 --  Parameter  = Pinvar
               Type       = Proportion of invariable sites
               Prior      = Uniform(0.00,1.00)

         4 --  Parameter  = Ratemultiplier
               Type       = Partition-specific rate multiplier
               Prior      = Fixed(1.0)

         5 --  Parameter  = Tau
               Type       = Topology
               Prior      = All topologies equally probable a priori
               Subparam.  = V

         6 --  Parameter  = V
               Type       = Branch lengths
               Prior      = Unconstrained:GammaDir(1.0,0.1000,1.0,1.0)



      The MCMC sampler will use the following moves:
         With prob.  Chain will use move
            1.89 %   Dirichlet(Tratio)
            0.94 %   Dirichlet(Pi)
            0.94 %   Slider(Pi)
            1.89 %   Slider(Pinvar)
            9.43 %   ExtSPR(Tau,V)
            9.43 %   ExtTBR(Tau,V)
            9.43 %   NNI(Tau,V)
            9.43 %   ParsSPR(Tau,V)
           37.74 %   Multiplier(V)
           13.21 %   Nodeslider(V)
            5.66 %   TLMultiplier(V)

      Taxon 77 -> LFY_Haplo74
      Taxon 78 -> LFY_Haplo75
      Taxon 79 -> LFY_Haplo76
      Taxon 80 -> LFY_Haplo77
      Taxon 81 -> LFY_Haplo78
      Taxon 82 -> LFY_Haplo79
      Taxon 83 -> LFY_Haplo80
      Taxon 84 -> LFY_Haplo81
      Taxon 85 -> LFY_Haplo82
      Taxon 86 -> LFY_Haplo83
      Taxon 87 -> LFY_Haplo84
      Taxon 88 -> LFY_Haplo85
      Taxon 89 -> LFY_Haplo86
      Taxon 90 -> LFY_Haplo87
      Setting output file names to "LFY/LFYrenamed.nex.run<i>.<p|t>"
   Exiting characters block
   Reached end of file

   Returning execution to calling file ...

      Setting Nst to 2 for partition 1
      Setting Rates to Propinv for partition 1
      Successfully set likelihood model parameters
      Running Markov chain
      MCMC stamp = 3942398434
      Seed = 1632119046
      Swapseed = 1553898677
      Model settings:

         Data not partitioned --
            Datatype  = DNA
            Nucmodel  = 4by4
            Nst       = 2
                        Transition and transversion  rates, expressed
                        as proportions of the rate sum, have a
                        Beta(1.00,1.00) prior
            Covarion  = No
            # States  = 4
                        State frequencies have a Dirichlet prior
                        (1.00,1.00,1.00,1.00)
            Rates     = Propinv
                        Proportion of invariable sites is uniformly dist-
                        ributed on the interval (0.00,1.00).

      Active parameters: 

         Parameters
         ---------------------
         Tratio              1
         Statefreq           2
         Pinvar              3
         Ratemultiplier      4
         Topology            5
         Brlens              6
         ---------------------

         1 --  Parameter  = Tratio
               Type       = Transition and transversion rates
               Prior      = Beta(1.00,1.00)

         2 --  Parameter  = Pi
               Type       = Stationary state frequencies
               Prior      = Dirichlet

         3 --  Parameter  = Pinvar
               Type       = Proportion of invariable sites
               Prior      = Uniform(0.00,1.00)

         4 --  Parameter  = Ratemultiplier
               Type       = Partition-specific rate multiplier
               Prior      = Fixed(1.0)

         5 --  Parameter  = Tau
               Type       = Topology
               Prior      = All topologies equally probable a priori
               Subparam.  = V

         6 --  Parameter  = V
               Type       = Branch lengths
               Prior      = Unconstrained:GammaDir(1.0,0.1000,1.0,1.0)



      The MCMC sampler will use the following moves:
         With prob.  Chain will use move
            1.89 %   Dirichlet(Tratio)
            0.94 %   Dirichlet(Pi)
            0.94 %   Slider(Pi)
            1.89 %   Slider(Pinvar)
            9.43 %   ExtSPR(Tau,V)
            9.43 %   ExtTBR(Tau,V)
            9.43 %   NNI(Tau,V)
            9.43 %   ParsSPR(Tau,V)
           37.74 %   Multiplier(V)
           13.21 %   Nodeslider(V)
            5.66 %   TLMultiplier(V)

      Setting output file names to "LFY/LFYrenamed.nex.run<i>.<p|t>"
   Exiting characters block
   Reached end of file

   Returning execution to calling file ...

      Setting Nst to 2 for partition 1
      Setting Rates to Propinv for partition 1
      Successfully set likelihood model parameters
      Running Markov chain
      MCMC stamp = 3942398434
      Seed = 1632119046
      Swapseed = 1553898677
      Model settings:

         Data not partitioned --
            Datatype  = DNA
            Nucmodel  = 4by4
            Nst       = 2
                        Transition and transversion  rates, expressed
                        as proportions of the rate sum, have a
                        Beta(1.00,1.00) prior
            Covarion  = No
            # States  = 4
                        State frequencies have a Dirichlet prior
                        (1.00,1.00,1.00,1.00)
            Rates     = Propinv
                        Proportion of invariable sites is uniformly dist-
                        ributed on the interval (0.00,1.00).

      Active parameters: 

         Parameters
         ---------------------
         Tratio              1
         Statefreq           2
         Pinvar              3
         Ratemultiplier      4
         Topology            5
         Brlens              6
         ---------------------

         1 --  Parameter  = Tratio
               Type       = Transition and transversion rates
               Prior      = Beta(1.00,1.00)

         2 --  Parameter  = Pi
               Type       = Stationary state frequencies
               Prior      = Dirichlet

         3 --  Parameter  = Pinvar
               Type       = Proportion of invariable sites
               Prior      = Uniform(0.00,1.00)

         4 --  Parameter  = Ratemultiplier
               Type       = Partition-specific rate multiplier
               Prior      = Fixed(1.0)

         5 --  Parameter  = Tau
               Type       = Topology
               Prior      = All topologies equally probable a priori
               Subparam.  = V

         6 --  Parameter  = V
               Type       = Branch lengths
               Prior      = Unconstrained:GammaDir(1.0,0.1000,1.0,1.0)



      The MCMC sampler will use the following moves:
         With prob.  Chain will use move
            1.89 %   Dirichlet(Tratio)
            0.94 %   Dirichlet(Pi)
            0.94 %   Slider(Pi)
            1.89 %   Slider(Pinvar)
            9.43 %   ExtSPR(Tau,V)
            9.43 %   ExtTBR(Tau,V)
            9.43 %   NNI(Tau,V)
            9.43 %   ParsSPR(Tau,V)
           37.74 %   Multiplier(V)
           13.21 %   Nodeslider(V)
            5.66 %   TLMultiplier(V)

      Division 1 has 93 unique site patterns
      Initializing conditional likelihoods
      Using standard SSE likelihood calculator for division 1 (single-precision)
      Taxon 45 -> LFY_Haplo42
      Taxon 46 -> LFY_Haplo43
      Taxon 47 -> LFY_Haplo44
      Taxon 48 -> LFY_Haplo45
      Taxon 49 -> LFY_Haplo46
      Taxon 50 -> LFY_Haplo47
      Taxon 51 -> LFY_Haplo48
      Taxon 52 -> LFY_Haplo49
      Taxon 53 -> LFY_Haplo50
      Taxon 54 -> LFY_Haplo51
      Taxon 55 -> LFY_Haplo52
      Taxon 56 -> LFY_Haplo53
      Taxon 57 -> LFY_Haplo54
      Taxon 58 -> LFY_Haplo55
      Taxon 52 -> LFY_Haplo49
      Taxon 53 -> LFY_Haplo50
      Taxon 54 -> LFY_Haplo51
      Taxon 55 -> LFY_Haplo52
      Taxon 56 -> LFY_Haplo53
      Taxon 57 -> LFY_Haplo54
      Taxon 58 -> LFY_Haplo55
      Taxon 59 -> LFY_Haplo56
      Taxon 60 -> LFY_Haplo57
      Taxon 61 -> LFY_Haplo58
      Taxon 62 -> LFY_Haplo59
      Taxon 63 -> LFY_Haplo60
      Taxon 64 -> LFY_Haplo61
      Taxon 65 -> LFY_Haplo62
      Division 1 has 93 unique site patterns
      Initializing conditional likelihoods
      Using standard SSE likelihood calculator for division 1 (single-precision)
      Initializing invariable-site conditional likelihoods

      Initial log likelihoods and log prior probs for run 1:
         Chain 1 -- -9228.633454 -- 148.724774
         Chain 2 -- -9199.975844 -- 148.724774
      Taxon 91 -> LFY_Haplo88
      Taxon 92 -> LFY_Haplo89
      Taxon 93 -> LFY_Haplo90
      Successfully read matrix
      Setting default partition (does not divide up characters)
      Setting model defaults
      Seed (for generating default start values) = 1553898677
      Taxon 63 -> LFY_Haplo60
      Taxon 64 -> LFY_Haplo61
      Taxon 65 -> LFY_Haplo62
      Taxon 66 -> LFY_Haplo63
      Taxon 67 -> LFY_Haplo64
      Taxon 68 -> LFY_Haplo65
      Taxon 69 -> LFY_Haplo66
      Taxon 70 -> LFY_Haplo67
      Taxon 71 -> LFY_Haplo68
      Taxon 72 -> LFY_Haplo69
      Taxon 19 -> LFY_Haplo16
      Taxon 20 -> LFY_Haplo17
      Taxon 21 -> LFY_Haplo18
      Taxon 22 -> LFY_Haplo19
      Taxon 23 -> LFY_Haplo20
      Taxon 24 -> LFY_Haplo21
      Taxon 25 -> LFY_Haplo22
      Taxon 26 -> LFY_Haplo23
      Taxon 27 -> LFY_Haplo24
      Taxon 28 -> LFY_Haplo25
      Division 1 has 93 unique site patterns
      Initializing conditional likelihoods
      Using standard SSE likelihood calculator for division 1 (single-precision)
      Taxon 73 -> LFY_Haplo70
      Taxon 74 -> LFY_Haplo71
      Taxon 75 -> LFY_Haplo72
      Taxon 76 -> LFY_Haplo73
      Taxon 77 -> LFY_Haplo74
      Taxon 78 -> LFY_Haplo75
      Taxon 79 -> LFY_Haplo76
      Taxon 80 -> LFY_Haplo77
      Taxon 81 -> LFY_Haplo78
      Taxon 82 -> LFY_Haplo79
      Taxon 83 -> LFY_Haplo80
      Taxon 84 -> LFY_Haplo81
      Taxon 85 -> LFY_Haplo82
      Taxon 29 -> LFY_Haplo26
      Taxon 30 -> LFY_Haplo27
      Taxon 31 -> LFY_Haplo28
      Taxon 32 -> LFY_Haplo29
      Taxon 33 -> LFY_Haplo30
      Taxon 34 -> LFY_Haplo31
      Taxon 35 -> LFY_Haplo32
      Taxon 36 -> LFY_Haplo33
      Taxon 37 -> LFY_Haplo34
      Taxon 38 -> LFY_Haplo35
      Taxon 39 -> LFY_Haplo36
      Taxon 40 -> LFY_Haplo37
      Taxon 41 -> LFY_Haplo38
      Initializing invariable-site conditional likelihoods

      Initial log likelihoods and log prior probs for run 1:
         Chain 1 -- -9228.633454 -- 148.724774
         Chain 2 -- -9199.975844 -- 148.724774
         Chain 3 -- -9251.709767 -- 148.724774
         Chain 4 -- -9069.497735 -- 148.724774

      Initial log likelihoods and log prior probs for run 2:
      Taxon 59 -> LFY_Haplo56
      Taxon 60 -> LFY_Haplo57
      Taxon 61 -> LFY_Haplo58
      Taxon 62 -> LFY_Haplo59
      Taxon 63 -> LFY_Haplo60
      Taxon 64 -> LFY_Haplo61
      Taxon 65 -> LFY_Haplo62
      Taxon 66 -> LFY_Haplo63
      Taxon 67 -> LFY_Haplo64
      Taxon 68 -> LFY_Haplo65
      Taxon 69 -> LFY_Haplo66
      Taxon 70 -> LFY_Haplo67
      Taxon 71 -> LFY_Haplo68
      Taxon 72 -> LFY_Haplo69
      Taxon 73 -> LFY_Haplo70
      Initializing invariable-site conditional likelihoods

      Initial log likelihoods and log prior probs for run 1:
         Chain 1 -- -9228.633454 -- 148.724774
         Chain 2 -- -9199.975844 -- 148.724774
         Chain 3 -- -9251.709767 -- 148.724774
         Chain 4 -- -9069.497735 -- 148.724774

      Initial log likelihoods and log prior probs for run 2:
      Taxon 66 -> LFY_Haplo63
      Taxon 67 -> LFY_Haplo64
      Taxon 68 -> LFY_Haplo65
      Taxon 69 -> LFY_Haplo66
      Taxon 70 -> LFY_Haplo67
      Taxon 71 -> LFY_Haplo68
      Taxon 72 -> LFY_Haplo69
      Taxon 73 -> LFY_Haplo70
      Taxon 74 -> LFY_Haplo71
      Taxon 75 -> LFY_Haplo72
      Taxon 76 -> LFY_Haplo73
      Taxon 77 -> LFY_Haplo74
      Taxon 78 -> LFY_Haplo75
      Taxon 79 -> LFY_Haplo76
         Chain 3 -- -9251.709767 -- 148.724774
         Chain 4 -- -9069.497735 -- 148.724774

      Initial log likelihoods and log prior probs for run 2:
         Chain 1 -- -9108.684809 -- 148.724774
         Chain 2 -- -9433.525557 -- 148.724774
         Chain 3 -- -9286.496240 -- 148.724774
         Chain 4 -- -9032.593818 -- 148.724774

      Setting output file names to "LFY/LFYrenamed.nex.run<i>.<p|t>"
   Exiting characters block
   Reached end of file

   Returning execution to calling file ...

      Setting Nst to 2 for partition 1
      Setting Rates to Propinv for partition 1
      Successfully set likelihood model parameters
      Running Markov chain
      MCMC stamp = 3942398434
      Seed = 1632119046
      Swapseed = 1553898677
      Model settings:

         Data not partitioned --
            Datatype  = DNA
            Nucmodel  = 4by4
            Nst       = 2
                        Transition and transversion  rates, expressed
                        as proportions of the rate sum, have a
                        Beta(1.00,1.00) prior
            Covarion  = No
            # States  = 4
                        State frequencies have a Dirichlet prior
                        (1.00,1.00,1.00,1.00)
            Rates     = Propinv
                        Proportion of invariable sites is uniformly dist-
                        ributed on the interval (0.00,1.00).

      Active parameters: 

         Parameters
         ---------------------
         Tratio              1
         Statefreq           2
         Pinvar              3
         Ratemultiplier      4
         Topology            5
         Brlens              6
         ---------------------

         1 --  Parameter  = Tratio
               Type       = Transition and transversion rates
               Prior      = Beta(1.00,1.00)

         2 --  Parameter  = Pi
               Type       = Stationary state frequencies
               Prior      = Dirichlet

         3 --  Parameter  = Pinvar
               Type       = Proportion of invariable sites
               Prior      = Uniform(0.00,1.00)

         4 --  Parameter  = Ratemultiplier
               Type       = Partition-specific rate multiplier
               Prior      = Fixed(1.0)

         5 --  Parameter  = Tau
               Type       = Topology
               Prior      = All topologies equally probable a priori
               Subparam.  = V

         6 --  Parameter  = V
               Type       = Branch lengths
               Prior      = Unconstrained:GammaDir(1.0,0.1000,1.0,1.0)



      The MCMC sampler will use the following moves:
         With prob.  Chain will use move
            1.89 %   Dirichlet(Tratio)
            0.94 %   Dirichlet(Pi)
            0.94 %   Slider(Pi)
            1.89 %   Slider(Pinvar)
            9.43 %   ExtSPR(Tau,V)
            9.43 %   ExtTBR(Tau,V)
            9.43 %   NNI(Tau,V)
            9.43 %   ParsSPR(Tau,V)
           37.74 %   Multiplier(V)
           13.21 %   Nodeslider(V)
            5.66 %   TLMultiplier(V)

      Division 1 has 93 unique site patterns
      Initializing conditional likelihoods
      Using standard SSE likelihood calculator for division 1 (single-precision)
      Initializing invariable-site conditional likelihoods

      Initial log likelihoods and log prior probs for run 1:
      Taxon 42 -> LFY_Haplo39
      Taxon 43 -> LFY_Haplo40
      Taxon 44 -> LFY_Haplo41
      Taxon 45 -> LFY_Haplo42
      Taxon 46 -> LFY_Haplo43
      Taxon 47 -> LFY_Haplo44
      Taxon 48 -> LFY_Haplo45
      Taxon 49 -> LFY_Haplo46
      Taxon 50 -> LFY_Haplo47
      Taxon 51 -> LFY_Haplo48
      Taxon 52 -> LFY_Haplo49
      Taxon 53 -> LFY_Haplo50
      Taxon 54 -> LFY_Haplo51
      Taxon 55 -> LFY_Haplo52
         Chain 1 -- -9108.684809 -- 148.724774
         Chain 2 -- -9433.525557 -- 148.724774
         Chain 3 -- -9286.496240 -- 148.724774
         Chain 1 -- -9108.684809 -- 148.724774
         Chain 2 -- -9433.525557 -- 148.724774
         Chain 3 -- -9286.496240 -- 148.724774
         Chain 4 -- -9032.593818 -- 148.724774

         Chain 4 -- -9032.593818 -- 148.724774

      Taxon 80 -> LFY_Haplo77
      Taxon 81 -> LFY_Haplo78
      Taxon 82 -> LFY_Haplo79
      Taxon 83 -> LFY_Haplo80
      Taxon 84 -> LFY_Haplo81
      Taxon 85 -> LFY_Haplo82
      Taxon 86 -> LFY_Haplo83
      Taxon 87 -> LFY_Haplo84
      Taxon 88 -> LFY_Haplo85
      Taxon 74 -> LFY_Haplo71
      Taxon 75 -> LFY_Haplo72
      Taxon 76 -> LFY_Haplo73
      Taxon 77 -> LFY_Haplo74
      Taxon 78 -> LFY_Haplo75
      Taxon 79 -> LFY_Haplo76
      Taxon 80 -> LFY_Haplo77
      Taxon 81 -> LFY_Haplo78
      Taxon 82 -> LFY_Haplo79
      Taxon 83 -> LFY_Haplo80
      Taxon 84 -> LFY_Haplo81
      Taxon 85 -> LFY_Haplo82
      Taxon 86 -> LFY_Haplo83
      Taxon 87 -> LFY_Haplo84
      Taxon 88 -> LFY_Haplo85
      Taxon 89 -> LFY_Haplo86
      Taxon 90 -> LFY_Haplo87
      Taxon 91 -> LFY_Haplo88
      Taxon 92 -> LFY_Haplo89
      Taxon 93 -> LFY_Haplo90
      Successfully read matrix
      Setting default partition (does not divide up characters)
      Setting model defaults
      Seed (for generating default start values) = 1553898677
      Taxon 86 -> LFY_Haplo83
      Taxon 87 -> LFY_Haplo84
      Taxon 88 -> LFY_Haplo85
      Taxon 89 -> LFY_Haplo86
      Taxon 90 -> LFY_Haplo87
      Taxon 91 -> LFY_Haplo88
      Taxon 92 -> LFY_Haplo89
      Taxon 93 -> LFY_Haplo90
      Successfully read matrix
      Setting default partition (does not divide up characters)
      Setting model defaults
      Seed (for generating default start values) = 1553898677
         Chain 1 -- -9228.633454 -- 148.724774
         Chain 2 -- -9199.975844 -- 148.724774
         Chain 3 -- -9251.709767 -- 148.724774
         Chain 4 -- -9069.497735 -- 148.724774

      Initial log likelihoods and log prior probs for run 2:
      Taxon 56 -> LFY_Haplo53
      Taxon 57 -> LFY_Haplo54
      Taxon 58 -> LFY_Haplo55
      Taxon 59 -> LFY_Haplo56
      Taxon 60 -> LFY_Haplo57
      Taxon 61 -> LFY_Haplo58
      Taxon 62 -> LFY_Haplo59
      Taxon 63 -> LFY_Haplo60
      Taxon 64 -> LFY_Haplo61
      Taxon 65 -> LFY_Haplo62
      Taxon 66 -> LFY_Haplo63
      Taxon 67 -> LFY_Haplo64
      Taxon 68 -> LFY_Haplo65
      Taxon 69 -> LFY_Haplo66
      Taxon 70 -> LFY_Haplo67
      Taxon 71 -> LFY_Haplo68
      Taxon 72 -> LFY_Haplo69
      Taxon 73 -> LFY_Haplo70
      Taxon 74 -> LFY_Haplo71
      Taxon 75 -> LFY_Haplo72
      Taxon 76 -> LFY_Haplo73
      Taxon 77 -> LFY_Haplo74
      Taxon 78 -> LFY_Haplo75
      Taxon 79 -> LFY_Haplo76
      Taxon 80 -> LFY_Haplo77
      Taxon 81 -> LFY_Haplo78
      Taxon 82 -> LFY_Haplo79
      Taxon 83 -> LFY_Haplo80
      Taxon 89 -> LFY_Haplo86
      Taxon 90 -> LFY_Haplo87
      Taxon 91 -> LFY_Haplo88
      Taxon 92 -> LFY_Haplo89
      Taxon 93 -> LFY_Haplo90
      Successfully read matrix
      Setting default partition (does not divide up characters)
      Setting model defaults
      Seed (for generating default start values) = 1553898677
      Setting output file names to "LFY/LFYrenamed.nex.run<i>.<p|t>"
   Exiting characters block
   Reached end of file

   Returning execution to calling file ...

      Setting Nst to 2 for partition 1
      Setting Rates to Propinv for partition 1
      Successfully set likelihood model parameters
      Setting output file names to "LFY/LFYrenamed.nex.run<i>.<p|t>"
   Exiting characters block
   Reached end of file

   Returning execution to calling file ...

      Setting Nst to 2 for partition 1
      Setting Rates to Propinv for partition 1
      Successfully set likelihood model parameters
         Chain 1 -- -9108.684809 -- 148.724774
         Chain 2 -- -9433.525557 -- 148.724774
         Chain 3 -- -9286.496240 -- 148.724774
         Chain 4 -- -9032.593818 -- 148.724774

      Overwriting file "LFY/LFYrenamed.nex.mcmc"
      Overwriting file "LFY/LFYrenamed.nex.run1.p"
      Taxon 84 -> LFY_Haplo81
      Taxon 85 -> LFY_Haplo82
      Taxon 86 -> LFY_Haplo83
      Taxon 87 -> LFY_Haplo84
      Taxon 88 -> LFY_Haplo85
      Taxon 89 -> LFY_Haplo86
      Taxon 90 -> LFY_Haplo87
      Taxon 91 -> LFY_Haplo88
      Taxon 92 -> LFY_Haplo89
      Taxon 93 -> LFY_Haplo90
      Overwriting file "LFY/LFYrenamed.nex.run1.p"
      Setting output file names to "LFY/LFYrenamed.nex.run<i>.<p|t>"
   Exiting characters block
   Reached end of file

   Returning execution to calling file ...

      Setting Nst to 2 for partition 1
      Setting Rates to Propinv for partition 1
      Successfully set likelihood model parameters
      Running Markov chain
      MCMC stamp = 3942398434
      Seed = 1632119046
      Swapseed = 1553898677
      Model settings:

         Data not partitioned --
            Datatype  = DNA
            Nucmodel  = 4by4
            Nst       = 2
                        Transition and transversion  rates, expressed
                        as proportions of the rate sum, have a
                        Beta(1.00,1.00) prior
            Covarion  = No
            # States  = 4
                        State frequencies have a Dirichlet prior
                        (1.00,1.00,1.00,1.00)
            Rates     = Propinv
                        Proportion of invariable sites is uniformly dist-
                        ributed on the interval (0.00,1.00).

      Active parameters: 

         Parameters
         ---------------------
         Tratio              1
         Statefreq           2
         Pinvar              3
         Ratemultiplier      4
         Topology            5
         Brlens              6
         ---------------------

         1 --  Parameter  = Tratio
               Type       = Transition and transversion rates
               Prior      = Beta(1.00,1.00)

         2 --  Parameter  = Pi
               Type       = Stationary state frequencies
               Prior      = Dirichlet

         3 --  Parameter  = Pinvar
               Type       = Proportion of invariable sites
               Prior      = Uniform(0.00,1.00)

         4 --  Parameter  = Ratemultiplier
               Type       = Partition-specific rate multiplier
               Prior      = Fixed(1.0)

         5 --  Parameter  = Tau
               Type       = Topology
               Prior      = All topologies equally probable a priori
               Subparam.  = V

         6 --  Parameter  = V
               Type       = Branch lengths
               Prior      = Unconstrained:GammaDir(1.0,0.1000,1.0,1.0)



      The MCMC sampler will use the following moves:
         With prob.  Chain will use move
            1.89 %   Dirichlet(Tratio)
            0.94 %   Dirichlet(Pi)
            0.94 %   Slider(Pi)
            1.89 %   Slider(Pinvar)
            9.43 %   ExtSPR(Tau,V)
            9.43 %   ExtTBR(Tau,V)
            9.43 %   NNI(Tau,V)
            9.43 %   ParsSPR(Tau,V)
           37.74 %   Multiplier(V)
           13.21 %   Nodeslider(V)
            5.66 %   TLMultiplier(V)

      Running Markov chain
      MCMC stamp = 3942398434
      Seed = 1632119046
      Swapseed = 1553898677
      Model settings:

         Data not partitioned --
            Datatype  = DNA
            Nucmodel  = 4by4
            Nst       = 2
                        Transition and transversion  rates, expressed
                        as proportions of the rate sum, have a
                        Beta(1.00,1.00) prior
            Covarion  = No
            # States  = 4
                        State frequencies have a Dirichlet prior
                        (1.00,1.00,1.00,1.00)
            Rates     = Propinv
                        Proportion of invariable sites is uniformly dist-
                        ributed on the interval (0.00,1.00).

      Active parameters: 

         Parameters
         ---------------------
         Tratio              1
         Statefreq           2
         Pinvar              3
         Ratemultiplier      4
         Topology            5
         Brlens              6
         ---------------------

         1 --  Parameter  = Tratio
               Type       = Transition and transversion rates
               Prior      = Beta(1.00,1.00)

         2 --  Parameter  = Pi
               Type       = Stationary state frequencies
               Prior      = Dirichlet

         3 --  Parameter  = Pinvar
               Type       = Proportion of invariable sites
               Prior      = Uniform(0.00,1.00)

         4 --  Parameter  = Ratemultiplier
               Type       = Partition-specific rate multiplier
               Prior      = Fixed(1.0)

         5 --  Parameter  = Tau
               Type       = Topology
               Prior      = All topologies equally probable a priori
               Subparam.  = V

         6 --  Parameter  = V
               Type       = Branch lengths
               Prior      = Unconstrained:GammaDir(1.0,0.1000,1.0,1.0)



      The MCMC sampler will use the following moves:
         With prob.  Chain will use move
            1.89 %   Dirichlet(Tratio)
            0.94 %   Dirichlet(Pi)
            0.94 %   Slider(Pi)
            1.89 %   Slider(Pinvar)
            9.43 %   ExtSPR(Tau,V)
            9.43 %   ExtTBR(Tau,V)
            9.43 %   NNI(Tau,V)
            9.43 %   ParsSPR(Tau,V)
           37.74 %   Multiplier(V)
           13.21 %   Nodeslider(V)
            5.66 %   TLMultiplier(V)

      Division 1 has 93 unique site patterns
      Initializing conditional likelihoods
      Using standard SSE likelihood calculator for division 1 (single-precision)
      Running Markov chain
      MCMC stamp = 3942398434
      Seed = 1632119046
      Swapseed = 1553898677
      Model settings:

         Data not partitioned --
            Datatype  = DNA
            Nucmodel  = 4by4
            Nst       = 2
                        Transition and transversion  rates, expressed
                        as proportions of the rate sum, have a
                        Beta(1.00,1.00) prior
            Covarion  = No
            # States  = 4
                        State frequencies have a Dirichlet prior
                        (1.00,1.00,1.00,1.00)
            Rates     = Propinv
                        Proportion of invariable sites is uniformly dist-
                        ributed on the interval (0.00,1.00).

      Active parameters: 

         Parameters
         ---------------------
         Tratio              1
         Statefreq           2
         Pinvar              3
         Ratemultiplier      4
         Topology            5
         Brlens              6
         ---------------------

         1 --  Parameter  = Tratio
               Type       = Transition and transversion rates
               Prior      = Beta(1.00,1.00)

         2 --  Parameter  = Pi
               Type       = Stationary state frequencies
               Prior      = Dirichlet

         3 --  Parameter  = Pinvar
               Type       = Proportion of invariable sites
               Prior      = Uniform(0.00,1.00)

         4 --  Parameter  = Ratemultiplier
               Type       = Partition-specific rate multiplier
               Prior      = Fixed(1.0)

         5 --  Parameter  = Tau
               Type       = Topology
               Prior      = All topologies equally probable a priori
               Subparam.  = V

         6 --  Parameter  = V
               Type       = Branch lengths
               Prior      = Unconstrained:GammaDir(1.0,0.1000,1.0,1.0)



      The MCMC sampler will use the following moves:
         With prob.  Chain will use move
            1.89 %   Dirichlet(Tratio)
            0.94 %   Dirichlet(Pi)
            0.94 %   Slider(Pi)
            1.89 %   Slider(Pinvar)
            9.43 %   ExtSPR(Tau,V)
            9.43 %   ExtTBR(Tau,V)
            9.43 %   NNI(Tau,V)
            9.43 %   ParsSPR(Tau,V)
           37.74 %   Multiplier(V)
           13.21 %   Nodeslider(V)
            5.66 %   TLMultiplier(V)

      Division 1 has 93 unique site patterns
      Initializing conditional likelihoods
      Using standard SSE likelihood calculator for division 1 (single-precision)
      Successfully read matrix
      Setting default partition (does not divide up characters)
      Setting model defaults
      Seed (for generating default start values) = 1553898676
      Initializing invariable-site conditional likelihoods

      Initial log likelihoods and log prior probs for run 1:
      Division 1 has 93 unique site patterns
      Initializing conditional likelihoods
      Using standard SSE likelihood calculator for division 1 (single-precision)
      Initializing invariable-site conditional likelihoods

      Initial log likelihoods and log prior probs for run 1:
         Chain 1 -- -9228.633454 -- 148.724774
      Setting output file names to "LFY/LFYrenamed.nex.run<i>.<p|t>"
   Exiting characters block
   Reached end of file

   Returning execution to calling file ...

      Setting Nst to 2 for partition 1
      Setting Rates to Propinv for partition 1
      Successfully set likelihood model parameters
         Chain 1 -- -9228.633454 -- 148.724774
         Chain 2 -- -9199.975844 -- 148.724774
         Chain 3 -- -9251.709767 -- 148.724774
         Chain 4 -- -9069.497735 -- 148.724774

      Initial log likelihoods and log prior probs for run 2:
         Chain 1 -- -9108.684809 -- 148.724774
      Initializing invariable-site conditional likelihoods

      Initial log likelihoods and log prior probs for run 1:
         Chain 1 -- -9228.633454 -- 148.724774
         Chain 2 -- -9199.975844 -- 148.724774
         Chain 3 -- -9251.709767 -- 148.724774
         Chain 4 -- -9069.497735 -- 148.724774

      Initial log likelihoods and log prior probs for run 2:
         Chain 1 -- -9108.684809 -- 148.724774
         Chain 2 -- -9433.525557 -- 148.724774
         Chain 3 -- -9286.496240 -- 148.724774
         Chain 4 -- -9032.593818 -- 148.724774

      Overwriting file "LFY/LFYrenamed.nex.mcmc"
      Overwriting file "LFY/LFYrenamed.nex.run1.t"
      Overwriting file "LFY/LFYrenamed.nex.run2.p"
      Overwriting file "LFY/LFYrenamed.nex.run1.t"
      Overwriting file "LFY/LFYrenamed.nex.run2.p"
      Running Markov chain
      MCMC stamp = 3877878764
      Seed = 1597599155
      Swapseed = 1553898676
      Model settings:

         Data not partitioned --
            Datatype  = DNA
            Nucmodel  = 4by4
            Nst       = 2
                        Transition and transversion  rates, expressed
                        as proportions of the rate sum, have a
                        Beta(1.00,1.00) prior
            Covarion  = No
            # States  = 4
                        State frequencies have a Dirichlet prior
                        (1.00,1.00,1.00,1.00)
            Rates     = Propinv
                        Proportion of invariable sites is uniformly dist-
                        ributed on the interval (0.00,1.00).

      Active parameters: 

         Parameters
         ---------------------
         Tratio              1
         Statefreq           2
         Pinvar              3
         Ratemultiplier      4
         Topology            5
         Brlens              6
         ---------------------

         1 --  Parameter  = Tratio
               Type       = Transition and transversion rates
               Prior      = Beta(1.00,1.00)

         2 --  Parameter  = Pi
               Type       = Stationary state frequencies
               Prior      = Dirichlet

         3 --  Parameter  = Pinvar
               Type       = Proportion of invariable sites
               Prior      = Uniform(0.00,1.00)

         4 --  Parameter  = Ratemultiplier
               Type       = Partition-specific rate multiplier
               Prior      = Fixed(1.0)

         5 --  Parameter  = Tau
               Type       = Topology
               Prior      = All topologies equally probable a priori
               Subparam.  = V

         6 --  Parameter  = V
               Type       = Branch lengths
               Prior      = Unconstrained:GammaDir(1.0,0.1000,1.0,1.0)



      The MCMC sampler will use the following moves:
         With prob.  Chain will use move
            1.89 %   Dirichlet(Tratio)
            0.94 %   Dirichlet(Pi)
            0.94 %   Slider(Pi)
            1.89 %   Slider(Pinvar)
            9.43 %   ExtSPR(Tau,V)
            9.43 %   ExtTBR(Tau,V)
            9.43 %   NNI(Tau,V)
            9.43 %   ParsSPR(Tau,V)
           37.74 %   Multiplier(V)
           13.21 %   Nodeslider(V)
            5.66 %   TLMultiplier(V)

      Division 1 has 93 unique site patterns
      Initializing conditional likelihoods
      Using standard SSE likelihood calculator for division 1 (single-precision)
      Initializing invariable-site conditional likelihoods

      Initial log likelihoods and log prior probs for run 1:
         Chain 2 -- -9199.975844 -- 148.724774
         Chain 3 -- -9251.709767 -- 148.724774
         Chain 4 -- -9069.497735 -- 148.724774

      Initial log likelihoods and log prior probs for run 2:
         Chain 1 -- -9108.684809 -- 148.724774
         Chain 2 -- -9433.525557 -- 148.724774
         Chain 2 -- -9433.525557 -- 148.724774
         Chain 3 -- -9286.496240 -- 148.724774
         Chain 4 -- -9032.593818 -- 148.724774

      Overwriting file "LFY/LFYrenamed.nex.mcmc"
         Chain 3 -- -9286.496240 -- 148.724774
         Chain 4 -- -9032.593818 -- 148.724774

      Overwriting file "LFY/LFYrenamed.nex.mcmc"
         Chain 1 -- -9149.298063 -- 148.724774
         Chain 2 -- -9301.880186 -- 148.724774
         Chain 3 -- -9128.471788 -- 148.724774
         Chain 4 -- -9088.882444 -- 148.724774

      Initial log likelihoods and log prior probs for run 2:
         Chain 1 -- -9193.764274 -- 148.724774
         Chain 2 -- -8761.319463 -- 148.724774
         Chain 3 -- -9189.618960 -- 148.724774
         Chain 4 -- -9194.688550 -- 148.724774

      Overwriting file "LFY/LFYrenamed.nex.mcmc"

      Using a relative burnin of 25.0 % for diagnostics

      Chain results (1000000 generations requested):

          0 -- [-9228.633] (-9199.976) (-9251.710) (-9069.498) * [-9108.685] (-9433.526) (-9286.496) (-9032.594) 

      Using a relative burnin of 25.0 % for diagnostics

      Chain results (1000000 generations requested):

          0 -- [-9228.633] (-9199.976) (-9251.710) (-9069.498) * [-9108.685] (-9433.526) (-9286.496) (-9032.594) 
      Overwriting file "LFY/LFYrenamed.nex.run1.p"
      Overwriting file "LFY/LFYrenamed.nex.run2.t"

      Using a relative burnin of 25.0 % for diagnostics

      Chain results (1000000 generations requested):

          0 -- [-9228.633] (-9199.976) (-9251.710) (-9069.498) * [-9108.685] (-9433.526) (-9286.496) (-9032.594) 
      Overwriting file "LFY/LFYrenamed.nex.run2.t"

      Using a relative burnin of 25.0 % for diagnostics

      Chain results (1000000 generations requested):

          0 -- [-9228.633] (-9199.976) (-9251.710) (-9069.498) * [-9108.685] (-9433.526) (-9286.496) (-9032.594) 
      Overwriting file "LFY/LFYrenamed.nex.run1.p"
      Overwriting file "LFY/LFYrenamed.nex.run1.p"
      Overwriting file "LFY/LFYrenamed.nex.run1.t"
      Overwriting file "LFY/LFYrenamed.nex.run1.t"
      Overwriting file "LFY/LFYrenamed.nex.run1.p"
      Overwriting file "LFY/LFYrenamed.nex.run1.t"
      Overwriting file "LFY/LFYrenamed.nex.run1.t"
      Overwriting file "LFY/LFYrenamed.nex.run2.p"
      Overwriting file "LFY/LFYrenamed.nex.run2.p"
      Overwriting file "LFY/LFYrenamed.nex.run2.t"
      Overwriting file "LFY/LFYrenamed.nex.run2.p"
      Overwriting file "LFY/LFYrenamed.nex.run2.p"

      Using a relative burnin of 25.0 % for diagnostics

      Chain results (1000000 generations requested):

          0 -- [-9228.633] (-9199.976) (-9251.710) (-9069.498) * [-9108.685] (-9433.526) (-9286.496) (-9032.594) 
      Overwriting file "LFY/LFYrenamed.nex.run2.t"

      Using a relative burnin of 25.0 % for diagnostics

      Chain results (1000000 generations requested):

          0 -- [-9228.633] (-9199.976) (-9251.710) (-9069.498) * [-9108.685] (-9433.526) (-9286.496) (-9032.594) 
      Overwriting file "LFY/LFYrenamed.nex.run2.t"

      Using a relative burnin of 25.0 % for diagnostics

      Chain results (1000000 generations requested):

          0 -- [-9149.298] (-9301.880) (-9128.472) (-9088.882) * [-9193.764] (-8761.319) (-9189.619) (-9194.689) 
      Overwriting file "LFY/LFYrenamed.nex.run2.t"

      Using a relative burnin of 25.0 % for diagnostics

      Chain results (1000000 generations requested):

          0 -- [-9228.633] (-9199.976) (-9251.710) (-9069.498) * [-9108.685] (-9433.526) (-9286.496) (-9032.594) 
       1000 -- (-5018.604) (-4742.736) [-4568.117] (-5364.829) * (-5123.424) [-4569.517] (-5152.021) (-4940.909) -- 0:33:18
       1000 -- (-5027.774) [-4436.359] (-4997.265) (-5135.402) * (-4988.893) [-4462.748] (-4874.599) (-4871.739) -- 0:33:18
       1000 -- (-5027.774) [-4436.359] (-4997.265) (-5135.402) * (-4988.893) [-4462.748] (-4874.599) (-4871.739) -- 0:33:18
       1000 -- (-5027.774) [-4436.359] (-4997.265) (-5135.402) * (-4988.893) [-4462.748] (-4874.599) (-4871.739) -- 0:33:18
       1000 -- (-5027.774) [-4436.359] (-4997.265) (-5135.402) * (-4988.893) [-4462.748] (-4874.599) (-4871.739) -- 0:33:18
       1000 -- (-5027.774) [-4436.359] (-4997.265) (-5135.402) * (-4988.893) [-4462.748] (-4874.599) (-4871.739) -- 0:33:18
       1000 -- (-5027.774) [-4436.359] (-4997.265) (-5135.402) * (-4988.893) [-4462.748] (-4874.599) (-4871.739) -- 0:33:18
       1000 -- (-5027.774) [-4436.359] (-4997.265) (-5135.402) * (-4988.893) [-4462.748] (-4874.599) (-4871.739) -- 0:33:18
       2000 -- (-3763.612) (-3814.825) [-3659.325] (-4280.454) * (-4156.882) [-3956.326] (-3947.612) (-4049.357) -- 0:33:16
       2000 -- (-4025.969) (-3812.559) [-3955.807] (-3982.077) * (-3828.697) (-3841.620) (-4031.295) [-3893.041] -- 0:33:16
       2000 -- (-4025.969) (-3812.559) [-3955.807] (-3982.077) * (-3828.697) (-3841.620) (-4031.295) [-3893.041] -- 0:33:16
       2000 -- (-4025.969) (-3812.559) [-3955.807] (-3982.077) * (-3828.697) (-3841.620) (-4031.295) [-3893.041] -- 0:33:16
       2000 -- (-4025.969) (-3812.559) [-3955.807] (-3982.077) * (-3828.697) (-3841.620) (-4031.295) [-3893.041] -- 0:33:16
       2000 -- (-4025.969) (-3812.559) [-3955.807] (-3982.077) * (-3828.697) (-3841.620) (-4031.295) [-3893.041] -- 0:33:16
       2000 -- (-4025.969) (-3812.559) [-3955.807] (-3982.077) * (-3828.697) (-3841.620) (-4031.295) [-3893.041] -- 0:33:16
       2000 -- (-4025.969) (-3812.559) [-3955.807] (-3982.077) * (-3828.697) (-3841.620) (-4031.295) [-3893.041] -- 0:33:16
       3000 -- (-3348.439) (-3460.513) [-3272.782] (-3571.119) * (-3530.557) (-3643.640) [-3469.549] (-3507.334) -- 0:33:14
       3000 -- (-3465.236) [-3364.302] (-3523.746) (-3622.002) * [-3328.777] (-3449.089) (-3607.469) (-3362.175) -- 0:33:14
       3000 -- (-3465.236) [-3364.302] (-3523.746) (-3622.002) * [-3328.777] (-3449.089) (-3607.469) (-3362.175) -- 0:33:14
       3000 -- (-3465.236) [-3364.302] (-3523.746) (-3622.002) * [-3328.777] (-3449.089) (-3607.469) (-3362.175) -- 0:33:14
       3000 -- (-3465.236) [-3364.302] (-3523.746) (-3622.002) * [-3328.777] (-3449.089) (-3607.469) (-3362.175) -- 0:33:14
       3000 -- (-3465.236) [-3364.302] (-3523.746) (-3622.002) * [-3328.777] (-3449.089) (-3607.469) (-3362.175) -- 0:33:14
       3000 -- (-3465.236) [-3364.302] (-3523.746) (-3622.002) * [-3328.777] (-3449.089) (-3607.469) (-3362.175) -- 0:33:14
       3000 -- (-3465.236) [-3364.302] (-3523.746) (-3622.002) * [-3328.777] (-3449.089) (-3607.469) (-3362.175) -- 0:33:14
       4000 -- (-3287.778) [-3173.000] (-3315.054) (-3293.813) * [-3198.467] (-3307.538) (-3244.214) (-3216.063) -- 0:33:12
       4000 -- (-3236.355) (-3285.941) [-3178.187] (-3356.595) * (-3255.106) (-3319.165) (-3346.617) [-3229.798] -- 0:33:12
       4000 -- (-3287.778) [-3173.000] (-3315.054) (-3293.813) * [-3198.467] (-3307.538) (-3244.214) (-3216.063) -- 0:33:12
       4000 -- (-3287.778) [-3173.000] (-3315.054) (-3293.813) * [-3198.467] (-3307.538) (-3244.214) (-3216.063) -- 0:33:12
       4000 -- (-3287.778) [-3173.000] (-3315.054) (-3293.813) * [-3198.467] (-3307.538) (-3244.214) (-3216.063) -- 0:33:12
       4000 -- (-3287.778) [-3173.000] (-3315.054) (-3293.813) * [-3198.467] (-3307.538) (-3244.214) (-3216.063) -- 0:33:12
       4000 -- (-3287.778) [-3173.000] (-3315.054) (-3293.813) * [-3198.467] (-3307.538) (-3244.214) (-3216.063) -- 0:33:12
       4000 -- (-3287.778) [-3173.000] (-3315.054) (-3293.813) * [-3198.467] (-3307.538) (-3244.214) (-3216.063) -- 0:33:12
       5000 -- (-3184.174) (-3228.761) [-3143.059] (-3259.408) * [-3135.960] (-3216.906) (-3221.630) (-3166.765) -- 0:33:10

      Could not remove partition 101 in RemoveTreeFromPartitionCounters
......................*..........*...........................................................(null)   Problem removing tree samples
      Error in command "Mcmc"
      The error occurred when reading char. 5 on line 4
         in the file 'LFY.par'
   Error in command "Execute"
   Will exit with signal 1 (error) because quitonerror is set to yes
   If you want control to be returned to the command line on error,
   use 'mb -i <filename>' (i is for interactive) or use 'set quitonerror=no'

-------------------------------------------------------
Primary job  terminated normally, but 1 process returned
a non-zero exit code.. Per user-direction, the job has been aborted.
-------------------------------------------------------
--------------------------------------------------------------------------
mpiexec detected that one or more processes exited with non-zero status, thus causing
the job to be terminated. The first process to do so was:

  Process name: [[46636,1],0]
  Exit code:    1
--------------------------------------------------------------------------
