Sourcing executables from speedseq.config ...
Aligning...
samblaster: Version 0.1.22
samblaster: Inputting from stdin
samblaster: Outputting to stdout
samblaster: Opening H8A.filtered.4R5Y6xzmyqUM/disc_pipe for write.
samblaster: Opening H8A.filtered.4R5Y6xzmyqUM/spl_pipe for write.
[M::bwa_idx_load_from_disk] read 0 ALT contigs
[M::process] read 21486 sequences (2594054 bp)...
[M::mem_pestat] # candidate unique pairs for (FF, FR, RF, RR): (1, 8373, 0, 0)
[M::mem_pestat] skip orientation FF as there are not enough pairs
[M::mem_pestat] analyzing insert size distribution for orientation FR...
[M::mem_pestat] (25, 50, 75) percentile: (94, 148, 221)
[M::mem_pestat] low and high boundaries for computing mean and std.dev: (1, 475)
[M::mem_pestat] mean and std.dev: (163.60, 91.52)
[M::mem_pestat] low and high boundaries for proper pairs: (1, 602)
[M::mem_pestat] skip orientation RF as there are not enough pairs
[M::mem_pestat] skip orientation RR as there are not enough pairs
[M::mem_process_seqs] Processed 21486 reads in 1.709 CPU sec, 0.553 real sec
samblaster: Loaded 5 header sequence entries.
[main] Version: 0.7.12-r1039
[main] CMD: /opt/linux/centos/7.x/x86_64/pkgs/bwa/0.7.12/bin/bwa mem -t 4 -R @RG\tID:H8A\tSM:H8A\tLB:Lib\ references.fasta data/003258_H8A_S51_R1_filtered.fastq.gz data/003258_H8A_S51_R2_filtered.fastq.gz
[main] Real time: 0.938 sec; CPU: 1.824 sec
samblaster: Output 27 discordant read pairs to H8A.filtered.4R5Y6xzmyqUM/disc_pipe
samblaster: Output 6 split reads to H8A.filtered.4R5Y6xzmyqUM/spl_pipe
samblaster: Marked 1080 of 10743 (10.05%) read ids as duplicates using 1332k memory in 0.039S CPU seconds and 1S wall time.
Done
Using GATK jar /bigdata/operations/pkgadmin/opt/linux/centos/7.x/x86_64/pkgs/gatk/4.0.8.1/gatk-package-4.0.8.1-local.jar
Running:
    java -Dsamjdk.use_async_io_read_samtools=false -Dsamjdk.use_async_io_write_samtools=true -Dsamjdk.use_async_io_write_tribble=false -Dsamjdk.compression_level=2 -jar /bigdata/operations/pkgadmin/opt/linux/centos/7.x/x86_64/pkgs/gatk/4.0.8.1/gatk-package-4.0.8.1-local.jar HaplotypeCaller -R references.fasta -I results/H8A.filtered.bam -O results/H8A.g.vcf -ERC GVCF
22:23:50.350 INFO  NativeLibraryLoader - Loading libgkl_compression.so from jar:file:/bigdata/operations/pkgadmin/opt/linux/centos/7.x/x86_64/pkgs/gatk/4.0.8.1/gatk-package-4.0.8.1-local.jar!/com/intel/gkl/native/libgkl_compression.so
22:23:50.920 INFO  HaplotypeCaller - ------------------------------------------------------------
22:23:50.922 INFO  HaplotypeCaller - The Genome Analysis Toolkit (GATK) v4.0.8.1
22:23:50.922 INFO  HaplotypeCaller - For support and documentation go to https://software.broadinstitute.org/gatk/
22:23:50.922 INFO  HaplotypeCaller - Executing as arajewski@c07 on Linux v3.10.0-693.11.6.el7.x86_64 amd64
22:23:50.923 INFO  HaplotypeCaller - Java runtime: Java HotSpot(TM) 64-Bit Server VM v1.8.0_45-b14
22:23:50.923 INFO  HaplotypeCaller - Start Date/Time: September 27, 2018 10:23:50 PM PDT
22:23:50.923 INFO  HaplotypeCaller - ------------------------------------------------------------
22:23:50.923 INFO  HaplotypeCaller - ------------------------------------------------------------
22:23:50.924 INFO  HaplotypeCaller - HTSJDK Version: 2.16.0
22:23:50.924 INFO  HaplotypeCaller - Picard Version: 2.18.7
22:23:50.924 INFO  HaplotypeCaller - HTSJDK Defaults.COMPRESSION_LEVEL : 2
22:23:50.925 INFO  HaplotypeCaller - HTSJDK Defaults.USE_ASYNC_IO_READ_FOR_SAMTOOLS : false
22:23:50.925 INFO  HaplotypeCaller - HTSJDK Defaults.USE_ASYNC_IO_WRITE_FOR_SAMTOOLS : true
22:23:50.925 INFO  HaplotypeCaller - HTSJDK Defaults.USE_ASYNC_IO_WRITE_FOR_TRIBBLE : false
22:23:50.925 INFO  HaplotypeCaller - Deflater: IntelDeflater
22:23:50.925 INFO  HaplotypeCaller - Inflater: IntelInflater
22:23:50.925 INFO  HaplotypeCaller - GCS max retries/reopens: 20
22:23:50.926 INFO  HaplotypeCaller - Using google-cloud-java fork https://github.com/broadinstitute/google-cloud-java/releases/tag/0.20.5-alpha-GCS-RETRY-FIX
22:23:50.934 INFO  HaplotypeCaller - Initializing engine
22:23:51.706 INFO  HaplotypeCaller - Done initializing engine
22:23:51.716 INFO  HaplotypeCallerEngine - Tool is in reference confidence mode and the annotation, the following changes will be made to any specified annotations: 'StrandBiasBySample' will be enabled. 'ChromosomeCounts', 'FisherStrand', 'StrandOddsRatio' and 'QualByDepth' annotations have been disabled
22:23:51.723 INFO  HaplotypeCallerEngine - Standard Emitting and Calling confidence set to 0.0 for reference-model confidence output
22:23:51.723 INFO  HaplotypeCallerEngine - All sites annotated with PLs forced to true for reference-model confidence output
22:23:51.744 INFO  NativeLibraryLoader - Loading libgkl_utils.so from jar:file:/bigdata/operations/pkgadmin/opt/linux/centos/7.x/x86_64/pkgs/gatk/4.0.8.1/gatk-package-4.0.8.1-local.jar!/com/intel/gkl/native/libgkl_utils.so
22:23:51.747 INFO  NativeLibraryLoader - Loading libgkl_pairhmm_omp.so from jar:file:/bigdata/operations/pkgadmin/opt/linux/centos/7.x/x86_64/pkgs/gatk/4.0.8.1/gatk-package-4.0.8.1-local.jar!/com/intel/gkl/native/libgkl_pairhmm_omp.so
22:23:51.815 WARN  IntelPairHmm - Flush-to-zero (FTZ) is enabled when running PairHMM
22:23:51.816 INFO  IntelPairHmm - Available threads: 4
22:23:51.816 INFO  IntelPairHmm - Requested threads: 4
22:23:51.817 INFO  PairHMM - Using the OpenMP multi-threaded AVX-accelerated native PairHMM implementation
22:23:51.932 INFO  ProgressMeter - Starting traversal
22:23:51.933 INFO  ProgressMeter -        Current Locus  Elapsed Minutes     Regions Processed   Regions/Minute
22:24:06.604 INFO  ProgressMeter -              WXY:794              0.2                    10             40.9
22:24:28.973 INFO  ProgressMeter -              LFY:364              0.6                    40             64.8
22:24:32.058 INFO  HaplotypeCaller - 2180 read(s) filtered by: ((((((((MappingQualityReadFilter AND MappingQualityAvailableReadFilter) AND MappedReadFilter) AND NotSecondaryAlignmentReadFilter) AND NotDuplicateReadFilter) AND PassesVendorQualityCheckReadFilter) AND NonZeroReferenceLengthAlignmentReadFilter) AND GoodCigarReadFilter) AND WellformedReadFilter)
  2180 read(s) filtered by: (((((((MappingQualityReadFilter AND MappingQualityAvailableReadFilter) AND MappedReadFilter) AND NotSecondaryAlignmentReadFilter) AND NotDuplicateReadFilter) AND PassesVendorQualityCheckReadFilter) AND NonZeroReferenceLengthAlignmentReadFilter) AND GoodCigarReadFilter)
      2180 read(s) filtered by: ((((((MappingQualityReadFilter AND MappingQualityAvailableReadFilter) AND MappedReadFilter) AND NotSecondaryAlignmentReadFilter) AND NotDuplicateReadFilter) AND PassesVendorQualityCheckReadFilter) AND NonZeroReferenceLengthAlignmentReadFilter)
          2180 read(s) filtered by: (((((MappingQualityReadFilter AND MappingQualityAvailableReadFilter) AND MappedReadFilter) AND NotSecondaryAlignmentReadFilter) AND NotDuplicateReadFilter) AND PassesVendorQualityCheckReadFilter)
              2180 read(s) filtered by: ((((MappingQualityReadFilter AND MappingQualityAvailableReadFilter) AND MappedReadFilter) AND NotSecondaryAlignmentReadFilter) AND NotDuplicateReadFilter)
                  20 read(s) filtered by: (((MappingQualityReadFilter AND MappingQualityAvailableReadFilter) AND MappedReadFilter) AND NotSecondaryAlignmentReadFilter)
                      20 read(s) filtered by: ((MappingQualityReadFilter AND MappingQualityAvailableReadFilter) AND MappedReadFilter)
                          20 read(s) filtered by: (MappingQualityReadFilter AND MappingQualityAvailableReadFilter)
                              20 read(s) filtered by: MappingQualityReadFilter 
                  2160 read(s) filtered by: NotDuplicateReadFilter 

22:24:32.059 INFO  ProgressMeter -              LFY:364              0.7                    41             61.3
22:24:32.060 INFO  ProgressMeter - Traversal complete. Processed 41 total regions in 0.7 minutes.
22:24:32.073 INFO  VectorLoglessPairHMM - Time spent in setup for JNI call : 0.026525985000000002
22:24:32.073 INFO  PairHMM - Total compute time in PairHMM computeLogLikelihoods() : 18.985575929
22:24:32.073 INFO  SmithWatermanAligner - Total compute time in java Smith-Waterman : 6.68 sec
22:24:32.073 INFO  HaplotypeCaller - Shutting down engine
[September 27, 2018 10:24:32 PM PDT] org.broadinstitute.hellbender.tools.walkers.haplotypecaller.HaplotypeCaller done. Elapsed time: 0.70 minutes.
Runtime.totalMemory()=2907176960
