Sourcing executables from speedseq.config ...
Aligning...
samblaster: Version 0.1.22
samblaster: Inputting from stdin
samblaster: Outputting to stdout
samblaster: Opening H6C.filtered.g0KGsrKtOV8r/disc_pipe for write.
samblaster: Opening H6C.filtered.g0KGsrKtOV8r/spl_pipe for write.
[M::bwa_idx_load_from_disk] read 0 ALT contigs
[M::process] read 21980 sequences (2688513 bp)...
[M::mem_pestat] # candidate unique pairs for (FF, FR, RF, RR): (0, 8371, 0, 2)
[M::mem_pestat] skip orientation FF as there are not enough pairs
[M::mem_pestat] analyzing insert size distribution for orientation FR...
[M::mem_pestat] (25, 50, 75) percentile: (98, 156, 236)
[M::mem_pestat] low and high boundaries for computing mean and std.dev: (1, 512)
[M::mem_pestat] mean and std.dev: (174.91, 101.26)
[M::mem_pestat] low and high boundaries for proper pairs: (1, 650)
[M::mem_pestat] skip orientation RF as there are not enough pairs
[M::mem_pestat] skip orientation RR as there are not enough pairs
[M::mem_process_seqs] Processed 21980 reads in 1.912 CPU sec, 0.792 real sec
samblaster: Loaded 5 header sequence entries.
[main] Version: 0.7.12-r1039
[main] CMD: /opt/linux/centos/7.x/x86_64/pkgs/bwa/0.7.12/bin/bwa mem -t 4 -R @RG\tID:H6C\tSM:H6C\tLB:Lib\ references.fasta data/003256_H6C_S49_R1_filtered.fastq.gz data/003256_H6C_S49_R2_filtered.fastq.gz
[main] Real time: 1.118 sec; CPU: 2.049 sec
samblaster: Output 38 discordant read pairs to H6C.filtered.g0KGsrKtOV8r/disc_pipe
samblaster: Output 16 split reads to H6C.filtered.g0KGsrKtOV8r/spl_pipe
samblaster: Marked 1113 of 10990 (10.13%) read ids as duplicates using 1332k memory in 0.040S CPU seconds and 1S wall time.
Done
Using GATK jar /bigdata/operations/pkgadmin/opt/linux/centos/7.x/x86_64/pkgs/gatk/4.0.8.1/gatk-package-4.0.8.1-local.jar
Running:
    java -Dsamjdk.use_async_io_read_samtools=false -Dsamjdk.use_async_io_write_samtools=true -Dsamjdk.use_async_io_write_tribble=false -Dsamjdk.compression_level=2 -jar /bigdata/operations/pkgadmin/opt/linux/centos/7.x/x86_64/pkgs/gatk/4.0.8.1/gatk-package-4.0.8.1-local.jar HaplotypeCaller -R references.fasta -I results/H6C.filtered.bam -O results/H6C.g.vcf -ERC GVCF
22:23:50.119 INFO  NativeLibraryLoader - Loading libgkl_compression.so from jar:file:/bigdata/operations/pkgadmin/opt/linux/centos/7.x/x86_64/pkgs/gatk/4.0.8.1/gatk-package-4.0.8.1-local.jar!/com/intel/gkl/native/libgkl_compression.so
22:23:50.314 INFO  HaplotypeCaller - ------------------------------------------------------------
22:23:50.316 INFO  HaplotypeCaller - The Genome Analysis Toolkit (GATK) v4.0.8.1
22:23:50.316 INFO  HaplotypeCaller - For support and documentation go to https://software.broadinstitute.org/gatk/
22:23:50.316 INFO  HaplotypeCaller - Executing as arajewski@c04 on Linux v3.10.0-693.11.6.el7.x86_64 amd64
22:23:50.317 INFO  HaplotypeCaller - Java runtime: Java HotSpot(TM) 64-Bit Server VM v1.8.0_45-b14
22:23:50.317 INFO  HaplotypeCaller - Start Date/Time: September 27, 2018 10:23:50 PM PDT
22:23:50.317 INFO  HaplotypeCaller - ------------------------------------------------------------
22:23:50.317 INFO  HaplotypeCaller - ------------------------------------------------------------
22:23:50.318 INFO  HaplotypeCaller - HTSJDK Version: 2.16.0
22:23:50.319 INFO  HaplotypeCaller - Picard Version: 2.18.7
22:23:50.319 INFO  HaplotypeCaller - HTSJDK Defaults.COMPRESSION_LEVEL : 2
22:23:50.319 INFO  HaplotypeCaller - HTSJDK Defaults.USE_ASYNC_IO_READ_FOR_SAMTOOLS : false
22:23:50.319 INFO  HaplotypeCaller - HTSJDK Defaults.USE_ASYNC_IO_WRITE_FOR_SAMTOOLS : true
22:23:50.319 INFO  HaplotypeCaller - HTSJDK Defaults.USE_ASYNC_IO_WRITE_FOR_TRIBBLE : false
22:23:50.319 INFO  HaplotypeCaller - Deflater: IntelDeflater
22:23:50.320 INFO  HaplotypeCaller - Inflater: IntelInflater
22:23:50.320 INFO  HaplotypeCaller - GCS max retries/reopens: 20
22:23:50.320 INFO  HaplotypeCaller - Using google-cloud-java fork https://github.com/broadinstitute/google-cloud-java/releases/tag/0.20.5-alpha-GCS-RETRY-FIX
22:23:50.327 INFO  HaplotypeCaller - Initializing engine
22:23:51.472 INFO  HaplotypeCaller - Done initializing engine
22:23:51.482 INFO  HaplotypeCallerEngine - Tool is in reference confidence mode and the annotation, the following changes will be made to any specified annotations: 'StrandBiasBySample' will be enabled. 'ChromosomeCounts', 'FisherStrand', 'StrandOddsRatio' and 'QualByDepth' annotations have been disabled
22:23:51.488 INFO  HaplotypeCallerEngine - Standard Emitting and Calling confidence set to 0.0 for reference-model confidence output
22:23:51.489 INFO  HaplotypeCallerEngine - All sites annotated with PLs forced to true for reference-model confidence output
22:23:51.511 INFO  NativeLibraryLoader - Loading libgkl_utils.so from jar:file:/bigdata/operations/pkgadmin/opt/linux/centos/7.x/x86_64/pkgs/gatk/4.0.8.1/gatk-package-4.0.8.1-local.jar!/com/intel/gkl/native/libgkl_utils.so
22:23:51.515 INFO  NativeLibraryLoader - Loading libgkl_pairhmm_omp.so from jar:file:/bigdata/operations/pkgadmin/opt/linux/centos/7.x/x86_64/pkgs/gatk/4.0.8.1/gatk-package-4.0.8.1-local.jar!/com/intel/gkl/native/libgkl_pairhmm_omp.so
22:23:51.584 WARN  IntelPairHmm - Flush-to-zero (FTZ) is enabled when running PairHMM
22:23:51.585 INFO  IntelPairHmm - Available threads: 4
22:23:51.585 INFO  IntelPairHmm - Requested threads: 4
22:23:51.585 INFO  PairHMM - Using the OpenMP multi-threaded AVX-accelerated native PairHMM implementation
22:23:51.678 INFO  ProgressMeter - Starting traversal
22:23:51.679 INFO  ProgressMeter -        Current Locus  Elapsed Minutes     Regions Processed   Regions/Minute
22:24:11.616 INFO  ProgressMeter -              WXY:794              0.3                    10             30.1
22:24:21.755 INFO  ProgressMeter -             trnL:364              0.5                    30             59.8
22:24:37.406 INFO  ProgressMeter -              LFY:658              0.8                    40             52.5
22:24:37.410 INFO  HaplotypeCaller - 2244 read(s) filtered by: ((((((((MappingQualityReadFilter AND MappingQualityAvailableReadFilter) AND MappedReadFilter) AND NotSecondaryAlignmentReadFilter) AND NotDuplicateReadFilter) AND PassesVendorQualityCheckReadFilter) AND NonZeroReferenceLengthAlignmentReadFilter) AND GoodCigarReadFilter) AND WellformedReadFilter)
  2244 read(s) filtered by: (((((((MappingQualityReadFilter AND MappingQualityAvailableReadFilter) AND MappedReadFilter) AND NotSecondaryAlignmentReadFilter) AND NotDuplicateReadFilter) AND PassesVendorQualityCheckReadFilter) AND NonZeroReferenceLengthAlignmentReadFilter) AND GoodCigarReadFilter)
      2244 read(s) filtered by: ((((((MappingQualityReadFilter AND MappingQualityAvailableReadFilter) AND MappedReadFilter) AND NotSecondaryAlignmentReadFilter) AND NotDuplicateReadFilter) AND PassesVendorQualityCheckReadFilter) AND NonZeroReferenceLengthAlignmentReadFilter)
          2244 read(s) filtered by: (((((MappingQualityReadFilter AND MappingQualityAvailableReadFilter) AND MappedReadFilter) AND NotSecondaryAlignmentReadFilter) AND NotDuplicateReadFilter) AND PassesVendorQualityCheckReadFilter)
              2244 read(s) filtered by: ((((MappingQualityReadFilter AND MappingQualityAvailableReadFilter) AND MappedReadFilter) AND NotSecondaryAlignmentReadFilter) AND NotDuplicateReadFilter)
                  18 read(s) filtered by: (((MappingQualityReadFilter AND MappingQualityAvailableReadFilter) AND MappedReadFilter) AND NotSecondaryAlignmentReadFilter)
                      18 read(s) filtered by: ((MappingQualityReadFilter AND MappingQualityAvailableReadFilter) AND MappedReadFilter)
                          18 read(s) filtered by: (MappingQualityReadFilter AND MappingQualityAvailableReadFilter)
                              18 read(s) filtered by: MappingQualityReadFilter 
                  2226 read(s) filtered by: NotDuplicateReadFilter 

22:24:37.411 INFO  ProgressMeter -              LFY:658              0.8                    40             52.5
22:24:37.411 INFO  ProgressMeter - Traversal complete. Processed 40 total regions in 0.8 minutes.
22:24:37.423 INFO  VectorLoglessPairHMM - Time spent in setup for JNI call : 0.048385782
22:24:37.423 INFO  PairHMM - Total compute time in PairHMM computeLogLikelihoods() : 22.084984433000002
22:24:37.424 INFO  SmithWatermanAligner - Total compute time in java Smith-Waterman : 7.82 sec
22:24:37.424 INFO  HaplotypeCaller - Shutting down engine
[September 27, 2018 10:24:37 PM PDT] org.broadinstitute.hellbender.tools.walkers.haplotypecaller.HaplotypeCaller done. Elapsed time: 0.79 minutes.
Runtime.totalMemory()=2743074816
