

                            MrBayes v3.2.6 x64

                      (Bayesian Analysis of Phylogeny)

              Distributed under the GNU General Public License


               Type "help" or "help <command>" for information
                     on the commands that are available.

                   Type "about" for authorship and general
                       information about the program.




   Executing file "LFY.par"
   UNIX line termination
   Longest line length = 31
   Parsing file
   Setting autoclose to yes
   Setting nowarnings to yes

   Executing file "LFY.nex"...

   UNIX line termination
   Longest line length = 931
   Parsing file
   Expecting NEXUS formatted file
   Reading taxa block
      Allocated taxon set
      Defining new set of 147 taxa
   Exiting taxa block
   Reading characters block
      Allocated matrix
      Defining new character matrix with 919 characters
      Data is Dna
      Missing data coded as ?
      Gaps coded as -
      Taxon   1 -> P._edulis
      Taxon   2 -> Gig9_0
      Taxon   3 -> Gig9_1
      Taxon   4 -> H0B_0
      Taxon   5 -> H0B_1
      Taxon   6 -> H0C_0
      Taxon   7 -> H0C_1
      Taxon   8 -> H2A_0
      Taxon   9 -> H2A_1
      Taxon  10 -> H2B_0
      Taxon  11 -> H2B_1
      Taxon  12 -> H2C_0
      Taxon  13 -> H2C_1
      Taxon  14 -> H4A_0
      Taxon  15 -> H4A_1
      Taxon  16 -> H4B_0
      Taxon  17 -> H4B_1
      Taxon  18 -> H4C_0
      Taxon  19 -> H4C_1
      Taxon  20 -> H4D_0
      Taxon  21 -> H4D_1
      Taxon  22 -> H6A_0
      Taxon  23 -> H6A_1
      Taxon  24 -> H6B_0
      Taxon  25 -> H6B_1
      Taxon  26 -> H6C_0
      Taxon  27 -> H6C_1
      Taxon  28 -> H6D_0
      Taxon  29 -> H6D_1
      Taxon  30 -> H8A_0
      Taxon  31 -> H8A_1
      Taxon  32 -> H8B_0
      Taxon  33 -> H8B_1
      Taxon  34 -> H8C_0
      Taxon  35 -> H8C_1
      Taxon  36 -> H8D_0
      Taxon  37 -> H8D_1
      Taxon  38 -> H10B_0
      Taxon  39 -> H10B_1
      Taxon  40 -> H10C_0
      Taxon  41 -> H10C_1
      Taxon  42 -> H10D_0
      Taxon  43 -> H10D_1
      Taxon  44 -> H10E_0
      Taxon  45 -> H10E_1
      Taxon  46 -> H12D_0
      Taxon  47 -> H12D_1
      Taxon  48 -> H14C_0
      Taxon  49 -> H14C_1
      Taxon  50 -> H14D_0
      Taxon  51 -> H14D_1
      Taxon  52 -> H_2C_0
      Taxon  53 -> H_2C_1
      Taxon  54 -> H_2D_0
      Taxon  55 -> H_2D_1
      Taxon  56 -> JT6_0
      Taxon  57 -> JT6_1
      Taxon  58 -> JT8_0
      Taxon  59 -> JT8_1
      Taxon  60 -> JT19_0
      Taxon  61 -> JT19_1
      Taxon  62 -> JT20_0
      Taxon  63 -> JT20_1
      Taxon  64 -> JT21_0
      Taxon  65 -> JT21_1
      Taxon  66 -> JT23_0
      Taxon  67 -> JT23_1
      Taxon  68 -> JT25_0
      Taxon  69 -> JT25_1
      Taxon  70 -> JT27_0
      Taxon  71 -> JT27_1
      Taxon  72 -> JT85_0
      Taxon  73 -> JT85_1
      Taxon  74 -> JT87_0
      Taxon  75 -> JT87_1
      Taxon  76 -> JT89_0
      Taxon  77 -> JT89_1
      Taxon  78 -> JT90_0
      Taxon  79 -> JT90_1
      Taxon  80 -> JT97_0
      Taxon  81 -> JT97_1
      Taxon  82 -> JT98_0
      Taxon  83 -> JT98_1
      Taxon  84 -> JT108_0
      Taxon  85 -> JT108_1
      Taxon  86 -> JT112_0
      Taxon  87 -> JT112_1
      Taxon  88 -> JT162_0
      Taxon  89 -> JT162_1
      Taxon  90 -> JT164_0
      Taxon  91 -> JT164_1
      Taxon  92 -> JT165_0
      Taxon  93 -> JT165_1
      Taxon  94 -> JT166_0
      Taxon  95 -> JT166_1
      Taxon  96 -> JT167_0
      Taxon  97 -> JT167_1
      Taxon  98 -> JT168_0
      Taxon  99 -> JT168_1
      Taxon 100 -> JT170_0
      Taxon 101 -> JT170_1
      Taxon 102 -> JT171_0
      Taxon 103 -> JT171_1
      Taxon 104 -> JT172_0
      Taxon 105 -> JT172_1
      Taxon 106 -> JT173_0
      Taxon 107 -> JT173_1
      Taxon 108 -> JT174_0
      Taxon 109 -> JT174_1
      Taxon 110 -> JT175_0
      Taxon 111 -> JT175_1
      Taxon 112 -> JT177_0
      Taxon 113 -> JT177_1
      Taxon 114 -> JT178_0
      Taxon 115 -> JT178_1
      Taxon 116 -> JT179_0
      Taxon 117 -> JT179_1
      Taxon 118 -> JT80_0
      Taxon 119 -> JT80_1
      Taxon 120 -> JT182_0
      Taxon 121 -> JT182_1
      Taxon 122 -> JT183_0
      Taxon 123 -> JT183_1
      Taxon 124 -> JT184_0
      Taxon 125 -> JT184_1
      Taxon 126 -> JT185_0
      Taxon 127 -> JT185_1
      Taxon 128 -> JT188_0
      Taxon 129 -> JT188_1
      Taxon 130 -> L5_0
      Taxon 131 -> L5_1
      Taxon 132 -> L62_0
      Taxon 133 -> L62_1
      Taxon 134 -> L65_0
      Taxon 135 -> L65_1
      Taxon 136 -> L93_0
      Taxon 137 -> L93_1
      Taxon 138 -> Lo9_0
      Taxon 139 -> Lo9_1
      Taxon 140 -> Lo16_0
      Taxon 141 -> Lo16_1
      Taxon 142 -> Lo28_0
      Taxon 143 -> Lo28_1
      Taxon 144 -> Lo43_0
      Taxon 145 -> Lo43_1
      Taxon 146 -> Tec7_0
      Taxon 147 -> Tec7_1
      Successfully read matrix
      Setting default partition (does not divide up characters)
      Setting model defaults
      Seed (for generating default start values) = 1539137801
      Setting output file names to "LFY.nex.run<i>.<p|t>"
   Exiting characters block
   Reached end of file

   Returning execution to calling file ...

      Setting Nst to 6
      Setting Rates to Invgamma
      Successfully set likelihood model parameters
      Running Markov chain
      MCMC stamp = 8904251434
      Seed = 1846329990
      Swapseed = 1539137801
      Model settings:

         Data not partitioned --
            Datatype  = DNA
            Nucmodel  = 4by4
            Nst       = 6
                        Substitution rates, expressed as proportions
                        of the rate sum, have a Dirichlet prior
                        (1.00,1.00,1.00,1.00,1.00,1.00)
            Covarion  = No
            # States  = 4
                        State frequencies have a Dirichlet prior
                        (1.00,1.00,1.00,1.00)
            Rates     = Invgamma
                        The distribution is approximated using 4 categories.
                        Likelihood summarized over all rate categories in each generation.
                        Shape parameter is exponentially
                        distributed with parameter (1.00).
                        Proportion of invariable sites is uniformly dist-
                        ributed on the interval (0.00,1.00).

      Active parameters: 

         Parameters
         ---------------------
         Revmat              1
         Statefreq           2
         Shape               3
         Pinvar              4
         Ratemultiplier      5
         Topology            6
         Brlens              7
         ---------------------

         1 --  Parameter  = Revmat
               Type       = Rates of reversible rate matrix
               Prior      = Dirichlet(1.00,1.00,1.00,1.00,1.00,1.00)

         2 --  Parameter  = Pi
               Type       = Stationary state frequencies
               Prior      = Dirichlet

         3 --  Parameter  = Alpha
               Type       = Shape of scaled gamma distribution of site rates
               Prior      = Exponential(1.00)

         4 --  Parameter  = Pinvar
               Type       = Proportion of invariable sites
               Prior      = Uniform(0.00,1.00)

         5 --  Parameter  = Ratemultiplier
               Type       = Partition-specific rate multiplier
               Prior      = Fixed(1.0)

         6 --  Parameter  = Tau
               Type       = Topology
               Prior      = All topologies equally probable a priori
               Subparam.  = V

         7 --  Parameter  = V
               Type       = Branch lengths
               Prior      = Unconstrained:GammaDir(1.0,0.1000,1.0,1.0)



      The MCMC sampler will use the following moves:
         With prob.  Chain will use move
            0.93 %   Dirichlet(Revmat)
            0.93 %   Slider(Revmat)
            0.93 %   Dirichlet(Pi)
            0.93 %   Slider(Pi)
            1.85 %   Multiplier(Alpha)
            1.85 %   Slider(Pinvar)
            9.26 %   ExtSPR(Tau,V)
            9.26 %   ExtTBR(Tau,V)
            9.26 %   NNI(Tau,V)
            9.26 %   ParsSPR(Tau,V)
           37.04 %   Multiplier(V)
           12.96 %   Nodeslider(V)
            5.56 %   TLMultiplier(V)

      Division 1 has 92 unique site patterns
      Initializing conditional likelihoods
      Using standard SSE likelihood calculator for division 1 (single-precision)
      Initializing invariable-site conditional likelihoods

      Initial log likelihoods and log prior probs for run 1:
         Chain 1 -- -8435.875421 -- 172.458204
         Chain 2 -- -8608.827367 -- 172.458204
         Chain 3 -- -8548.165321 -- 172.458204
         Chain 4 -- -8453.607455 -- 172.458204

      Initial log likelihoods and log prior probs for run 2:
         Chain 1 -- -8582.737193 -- 172.458204
         Chain 2 -- -8641.678344 -- 172.458204
         Chain 3 -- -8638.446437 -- 172.458204
         Chain 4 -- -8641.829949 -- 172.458204


      Using a relative burnin of 25.0 % for diagnostics

      Chain results (1000000 generations requested):

          0 -- [-8435.875] (-8608.827) (-8548.165) (-8453.607) * [-8582.737] (-8641.678) (-8638.446) (-8641.830) 
       1000 -- [-5448.703] (-5582.081) (-5447.413) (-5549.011) * (-5883.884) (-5374.472) (-5385.864) [-5361.572] -- 3:36:27
slurmstepd-c10: error: *** JOB 3370513 ON c10 CANCELLED AT 2018-10-09T19:17:07 ***
