

                            MrBayes v3.2.6 x64

                      (Bayesian Analysis of Phylogeny)

              Distributed under the GNU General Public License


               Type "help" or "help <command>" for information
                     on the commands that are available.

                   Type "about" for authorship and general
                       information about the program.



   Executing file "MrBayesPars/concatenated.par"
   UNIX line termination
   Longest line length = 48
   Parsing file
   Setting autoclose to yes
   Setting nowarnings to yes

   Executing file "concatenated/TESTJimmyConcatenated.nex"...

   UNIX line termination
   Longest line length = 5072
   Parsing file
   Expecting NEXUS formatted file
   Reading taxa block
      Allocated taxon set
      Defining new set of 43 taxa
   Exiting taxa block
   Reading characters block


                            MrBayes v3.2.6 x64

                      (Bayesian Analysis of Phylogeny)

              Distributed under the GNU General Public License


               Type "help" or "help <command>" for information
                     on the commands that are available.

                   Type "about" for authorship and general
                       information about the program.



   Executing file "MrBayesPars/concatenated.par"
   UNIX line termination
   Longest line length = 48
   Parsing file
   Setting autoclose to yes
   Setting nowarnings to yes

   Executing file "concatenated/TESTJimmyConcatenated.nex"...

   UNIX line termination
   Longest line length = 5072
   Parsing file
   Expecting NEXUS formatted file
   Reading taxa block
      Allocated taxon set
      Defining new set of 43 taxa
   Exiting taxa block
   Reading characters block


                            MrBayes v3.2.6 x64

                      (Bayesian Analysis of Phylogeny)

              Distributed under the GNU General Public License


               Type "help" or "help <command>" for information
                     on the commands that are available.

                   Type "about" for authorship and general
                       information about the program.



   Executing file "MrBayesPars/concatenated.par"
   UNIX line termination
   Longest line length = 48
   Parsing file
   Setting autoclose to yes
   Setting nowarnings to yes

   Executing file "concatenated/TESTJimmyConcatenated.nex"...

   UNIX line termination
   Longest line length = 5072
   Parsing file
   Expecting NEXUS formatted file
   Reading taxa block
      Allocated taxon set
      Defining new set of 43 taxa


                            MrBayes v3.2.6 x64

                      (Bayesian Analysis of Phylogeny)

              Distributed under the GNU General Public License


               Type "help" or "help <command>" for information
                     on the commands that are available.

                   Type "about" for authorship and general
                       information about the program.



   Executing file "MrBayesPars/concatenated.par"
   UNIX line termination
   Longest line length = 48
   Parsing file
   Setting autoclose to yes
   Setting nowarnings to yes

   Executing file "concatenated/TESTJimmyConcatenated.nex"...

   UNIX line termination
   Longest line length = 5072
   Parsing file
   Expecting NEXUS formatted file
   Reading taxa block
      Allocated taxon set
      Defining new set of 43 taxa
   Exiting taxa block
   Reading characters block
      Allocated matrix
      Defining new character matrix with 5054 characters
      Data is Dna
      Missing data coded as ?
      Gaps coded as -
      Taxon  1 -> Gig


                            MrBayes v3.2.6 x64

                      (Bayesian Analysis of Phylogeny)

              Distributed under the GNU General Public License


               Type "help" or "help <command>" for information
                     on the commands that are available.

                   Type "about" for authorship and general
                       information about the program.



   Executing file "MrBayesPars/concatenated.par"
   UNIX line termination
   Longest line length = 48
   Parsing file
   Setting autoclose to yes
   Setting nowarnings to yes

   Executing file "concatenated/TESTJimmyConcatenated.nex"...

   UNIX line termination


                            MrBayes v3.2.6 x64

                      (Bayesian Analysis of Phylogeny)

              Distributed under the GNU General Public License


               Type "help" or "help <command>" for information
                     on the commands that are available.

                   Type "about" for authorship and general
                       information about the program.



   Executing file "MrBayesPars/concatenated.par"
   UNIX line termination
   Longest line length = 48
   Parsing file
   Setting autoclose to yes
   Setting nowarnings to yes

   Executing file "concatenated/TESTJimmyConcatenated.nex"...

   UNIX line termination


                            MrBayes v3.2.6 x64

                      (Bayesian Analysis of Phylogeny)

              Distributed under the GNU General Public License


               Type "help" or "help <command>" for information
                     on the commands that are available.

                   Type "about" for authorship and general
                       information about the program.



   Executing file "MrBayesPars/concatenated.par"
   UNIX line termination
   Longest line length = 48
   Parsing file
   Setting autoclose to yes
   Setting nowarnings to yes

   Executing file "concatenated/TESTJimmyConcatenated.nex"...

   UNIX line termination
   Longest line length = 5072
   Parsing file
   Expecting NEXUS formatted file
   Reading taxa block
      Allocated taxon set
      Defining new set of 43 taxa
   Exiting taxa block
   Reading characters block
      Allocated matrix
      Defining new character matrix with 5054 characters
      Data is Dna
      Missing data coded as ?
      Gaps coded as -
      Taxon  1 -> Gig
      Taxon  2 -> JT108
      Taxon  3 -> JT112
      Taxon  4 -> JT162
      Taxon  5 -> JT164
      Taxon  6 -> JT165
      Taxon  7 -> JT166
      Allocated matrix
      Defining new character matrix with 5054 characters
      Data is Dna
      Missing data coded as ?
      Gaps coded as -
      Taxon  1 -> Gig
      Taxon  2 -> JT108
      Taxon  3 -> JT112
      Taxon  4 -> JT162
      Taxon  5 -> JT164
      Taxon  6 -> JT165
      Allocated matrix
      Defining new character matrix with 5054 characters
      Data is Dna
      Missing data coded as ?
      Gaps coded as -
      Taxon  1 -> Gig
      Taxon  2 -> JT108
      Taxon  3 -> JT112
   Exiting taxa block
   Reading characters block
      Allocated matrix
      Defining new character matrix with 5054 characters
      Data is Dna
      Missing data coded as ?
      Gaps coded as -
      Taxon  1 -> Gig
      Taxon  2 -> JT108
      Taxon  2 -> JT108
      Taxon  3 -> JT112
      Taxon  4 -> JT162
      Taxon  5 -> JT164
      Taxon  6 -> JT165
      Taxon  7 -> JT166
      Taxon  8 -> JT167
      Taxon  9 -> JT168
      Taxon 10 -> JT170
      Taxon 11 -> JT171
      Taxon 12 -> JT172
      Taxon 13 -> JT173
      Taxon 14 -> JT174
   Longest line length = 5072
   Parsing file
   Expecting NEXUS formatted file
   Reading taxa block
      Allocated taxon set
      Defining new set of 43 taxa
   Exiting taxa block
   Reading characters block
      Allocated matrix
      Defining new character matrix with 5054 characters
      Data is Dna
      Missing data coded as ?
      Gaps coded as -
   Longest line length = 5072
   Parsing file
   Expecting NEXUS formatted file
   Reading taxa block
      Allocated taxon set
      Defining new set of 43 taxa
   Exiting taxa block
   Reading characters block
      Allocated matrix
      Defining new character matrix with 5054 characters
      Data is Dna
      Missing data coded as ?
      Gaps coded as -
      Taxon  1 -> Gig
      Taxon  2 -> JT108
      Taxon  3 -> JT112
      Taxon  4 -> JT162
      Taxon  5 -> JT164
      Taxon  6 -> JT165
      Taxon  7 -> JT166
      Taxon  8 -> JT167
      Taxon  9 -> JT168
      Taxon 10 -> JT170


                            MrBayes v3.2.6 x64

                      (Bayesian Analysis of Phylogeny)

              Distributed under the GNU General Public License


               Type "help" or "help <command>" for information
                     on the commands that are available.

                   Type "about" for authorship and general
                       information about the program.



   Executing file "MrBayesPars/concatenated.par"
   UNIX line termination
   Longest line length = 48
   Parsing file
   Setting autoclose to yes
   Setting nowarnings to yes

   Executing file "concatenated/TESTJimmyConcatenated.nex"...

   UNIX line termination
   Longest line length = 5072
   Parsing file
   Expecting NEXUS formatted file
   Reading taxa block
      Allocated taxon set
      Defining new set of 43 taxa
   Exiting taxa block
   Reading characters block
      Allocated matrix
      Defining new character matrix with 5054 characters
      Data is Dna
      Missing data coded as ?
      Gaps coded as -
      Taxon  1 -> Gig
      Taxon  2 -> JT108
      Taxon  3 -> JT112
      Taxon  4 -> JT162
      Taxon  5 -> JT164
      Taxon  7 -> JT166
      Taxon  4 -> JT162
      Taxon 15 -> JT175
      Taxon 11 -> JT171
      Taxon  6 -> JT165
      Taxon  8 -> JT167
      Taxon  9 -> JT168
      Taxon 10 -> JT170
      Taxon 11 -> JT171
      Taxon 12 -> JT172
      Taxon 13 -> JT173
      Taxon  8 -> JT167
      Taxon  9 -> JT168
      Taxon 10 -> JT170
      Taxon  3 -> JT112
      Taxon  1 -> Gig
      Taxon 16 -> JT177
      Taxon 17 -> JT178
      Taxon 18 -> JT179
      Taxon  7 -> JT166
      Taxon  8 -> JT167
      Taxon 19 -> JT80
      Taxon 20 -> JT182
      Taxon 21 -> JT183
      Taxon 22 -> JT184
      Taxon 23 -> JT185
      Taxon 12 -> JT172
      Taxon 13 -> JT173
      Taxon 14 -> JT174
      Taxon 15 -> JT175
      Taxon 14 -> JT174
      Taxon 15 -> JT175
      Taxon 16 -> JT177
      Taxon 17 -> JT178
      Taxon 18 -> JT179
      Taxon 11 -> JT171
      Taxon 12 -> JT172
      Taxon 13 -> JT173
      Taxon 14 -> JT174
      Taxon  5 -> JT164
      Taxon  6 -> JT165
      Taxon  4 -> JT162
      Taxon  2 -> JT108
      Taxon  3 -> JT112
      Taxon  9 -> JT168
      Taxon 10 -> JT170
      Taxon 11 -> JT171
      Taxon 12 -> JT172
      Taxon 13 -> JT173
      Taxon 24 -> JT188
      Taxon 16 -> JT177
      Taxon 17 -> JT178
      Taxon 19 -> JT80
      Taxon 20 -> JT182
      Taxon 15 -> JT175
      Taxon  7 -> JT166
      Taxon 14 -> JT174
      Taxon 25 -> JT19
      Taxon 26 -> JT20
      Taxon 18 -> JT179
      Taxon 21 -> JT183
      Taxon 22 -> JT184
      Taxon 16 -> JT177
      Taxon 17 -> JT178
      Taxon  5 -> JT164
      Taxon 15 -> JT175
      Taxon 16 -> JT177
      Taxon  4 -> JT162
      Taxon  5 -> JT164
      Taxon 27 -> JT21
      Taxon 28 -> JT23
      Taxon 19 -> JT80
      Taxon 20 -> JT182
      Taxon 23 -> JT185
      Taxon 24 -> JT188
      Taxon 18 -> JT179
      Taxon 19 -> JT80
      Taxon 17 -> JT178
      Taxon  6 -> JT165
      Taxon 29 -> JT25
      Taxon 30 -> JT27
      Taxon 21 -> JT183
      Taxon 22 -> JT184
      Taxon 25 -> JT19
      Taxon 26 -> JT20
      Taxon 18 -> JT179
      Taxon 19 -> JT80
      Taxon 20 -> JT182
      Taxon  8 -> JT167
      Taxon 20 -> JT182
      Taxon 21 -> JT183
      Taxon 21 -> JT183
      Taxon 22 -> JT184
      Taxon 27 -> JT21
      Taxon 28 -> JT23
      Taxon  7 -> JT166
      Taxon 31 -> JT6
      Taxon 32 -> JT8
      Taxon 23 -> JT185
      Taxon 24 -> JT188
      Taxon  9 -> JT168
      Taxon 25 -> JT19
      Taxon 22 -> JT184
      Taxon 23 -> JT185
      Taxon  6 -> JT165
      Taxon 29 -> JT25
      Taxon 33 -> JT85
      Taxon 34 -> JT87
      Taxon 24 -> JT188
      Taxon  8 -> JT167
      Taxon 30 -> JT27
      Taxon 35 -> JT89
      Taxon 26 -> JT20
      Taxon 27 -> JT21
      Taxon 28 -> JT23
      Taxon 23 -> JT185
      Taxon 24 -> JT188
      Taxon 25 -> JT19
      Taxon 31 -> JT6
      Taxon 32 -> JT8
      Taxon  7 -> JT166
      Taxon 25 -> JT19
      Taxon 26 -> JT20
      Taxon 36 -> JT90
      Taxon 37 -> JT97
      Taxon 10 -> JT170
      Taxon 38 -> JT98
      Taxon 39 -> Tec
      Taxon 27 -> JT21
      Taxon 28 -> JT23
      Taxon 26 -> JT20
      Taxon 27 -> JT21
      Taxon 33 -> JT85
      Taxon 34 -> JT87
      Taxon  8 -> JT167
      Taxon 11 -> JT171
      Taxon 29 -> JT25
      Taxon 30 -> JT27
      Taxon 31 -> JT6
      Taxon 40 -> P._edulis
      Taxon 41 -> A._appalachiana
      Taxon 42 -> A._gigantea
      Taxon 43 -> A._tecta
      Taxon 29 -> JT25
      Taxon 30 -> JT27
      Taxon 31 -> JT6
      Taxon 32 -> JT8
      Taxon 33 -> JT85
      Taxon 28 -> JT23
      Taxon 29 -> JT25
      Taxon 30 -> JT27
      Taxon 31 -> JT6
      Taxon 32 -> JT8
      Taxon 35 -> JT89
      Taxon 36 -> JT90
      Taxon 37 -> JT97
      Taxon 38 -> JT98
      Taxon 39 -> Tec
      Taxon 40 -> P._edulis
      Taxon 41 -> A._appalachiana
      Taxon  9 -> JT168
      Taxon 10 -> JT170
      Taxon 11 -> JT171
      Taxon 32 -> JT8
      Taxon 33 -> JT85
      Taxon 34 -> JT87
      Taxon 35 -> JT89
      Taxon  9 -> JT168
      Taxon 10 -> JT170
      Taxon 11 -> JT171
      Taxon 12 -> JT172
      Taxon 13 -> JT173
      Taxon 14 -> JT174
      Taxon 15 -> JT175
      Taxon 16 -> JT177
      Taxon 17 -> JT178
      Taxon 18 -> JT179
      Taxon 34 -> JT87
      Taxon 35 -> JT89
      Taxon 36 -> JT90
      Taxon 33 -> JT85
      Taxon 34 -> JT87
      Taxon 35 -> JT89
      Taxon 42 -> A._gigantea
      Taxon 43 -> A._tecta
      Taxon 36 -> JT90
      Taxon 37 -> JT97
      Taxon 38 -> JT98
      Taxon 12 -> JT172
      Successfully read matrix
      Setting default partition (does not divide up characters)
      Setting model defaults
      Seed (for generating default start values) = 1559776445
      Taxon 39 -> Tec
      Taxon 12 -> JT172
      Taxon 13 -> JT173
      Taxon 13 -> JT173
      Taxon 14 -> JT174
      Taxon 19 -> JT80
      Taxon 20 -> JT182
      Taxon 37 -> JT97
      Taxon 38 -> JT98
      Taxon 36 -> JT90
      Taxon 37 -> JT97
      Taxon 40 -> P._edulis
      Taxon 41 -> A._appalachiana
      Taxon 42 -> A._gigantea
      Taxon 14 -> JT174
      Taxon 15 -> JT175
      Taxon 16 -> JT177
      Taxon 15 -> JT175
      Taxon 16 -> JT177
      Taxon 17 -> JT178
      Taxon 21 -> JT183
      Taxon 22 -> JT184
      Taxon 23 -> JT185
      Taxon 39 -> Tec
      Taxon 40 -> P._edulis
      Taxon 41 -> A._appalachiana
      Taxon 38 -> JT98
      Taxon 39 -> Tec
      Taxon 40 -> P._edulis
      Successfully read matrix
      Setting default partition (does not divide up characters)
      Setting model defaults
      Seed (for generating default start values) = 1559776445
      Taxon 41 -> A._appalachiana
      Taxon 42 -> A._gigantea
      Taxon 43 -> A._tecta
      Taxon 42 -> A._gigantea
      Taxon 43 -> A._tecta
      Taxon 43 -> A._tecta
      Taxon 17 -> JT178
      Taxon 18 -> JT179
      Taxon 19 -> JT80
      Taxon 20 -> JT182
      Taxon 18 -> JT179
      Taxon 19 -> JT80
      Taxon 20 -> JT182
      Taxon 21 -> JT183
      Taxon 22 -> JT184
      Taxon 24 -> JT188
      Taxon 25 -> JT19
      Taxon 26 -> JT20
      Taxon 27 -> JT21
      Taxon 28 -> JT23
      Setting output file names to "concatenated/TESTJimmyConcatenated.nex.run<i>.<p|t>"
   Exiting characters block
   Reached end of file

   Returning execution to calling file ...

      Setting Nst to 6
      Setting Rates to Invgamma
      Successfully set likelihood model parameters
      Successfully read matrix
      Setting default partition (does not divide up characters)
      Setting model defaults
      Seed (for generating default start values) = 1559776445
      Successfully read matrix
      Setting default partition (does not divide up characters)
      Setting model defaults
      Seed (for generating default start values) = 1559776445
      Successfully read matrix
      Setting default partition (does not divide up characters)
      Setting model defaults
      Seed (for generating default start values) = 1559776445
      Taxon 21 -> JT183
      Taxon 22 -> JT184
      Taxon 23 -> JT185
      Taxon 24 -> JT188
      Taxon 25 -> JT19
      Taxon 26 -> JT20
      Taxon 27 -> JT21
      Taxon 28 -> JT23
      Taxon 29 -> JT25
      Taxon 30 -> JT27
      Taxon 31 -> JT6
      Taxon 32 -> JT8
      Taxon 33 -> JT85
      Taxon 23 -> JT185
      Taxon 24 -> JT188
      Taxon 25 -> JT19
      Taxon 26 -> JT20
      Taxon 27 -> JT21
      Taxon 28 -> JT23
      Taxon 29 -> JT25
      Taxon 30 -> JT27
      Taxon 31 -> JT6
      Taxon 32 -> JT8
      Taxon 33 -> JT85
      Taxon 34 -> JT87
      Taxon 29 -> JT25
      Taxon 30 -> JT27
      Taxon 31 -> JT6
      Taxon 32 -> JT8
      Taxon 33 -> JT85
      Taxon 34 -> JT87
      Taxon 35 -> JT89
      Taxon 36 -> JT90
      Taxon 37 -> JT97
      Taxon 38 -> JT98
      Taxon 39 -> Tec
      Taxon 40 -> P._edulis
      Setting output file names to "concatenated/TESTJimmyConcatenated.nex.run<i>.<p|t>"
   Exiting characters block
   Reached end of file

   Returning execution to calling file ...

      Setting Nst to 6
      Setting Rates to Invgamma
      Successfully set likelihood model parameters
      Setting output file names to "concatenated/TESTJimmyConcatenated.nex.run<i>.<p|t>"
   Exiting characters block
   Reached end of file

   Returning execution to calling file ...

      Setting Nst to 6
      Setting Rates to Invgamma
      Successfully set likelihood model parameters
      Taxon 34 -> JT87
      Taxon 35 -> JT89
      Taxon 36 -> JT90
      Taxon 41 -> A._appalachiana
      Taxon 42 -> A._gigantea
      Taxon 43 -> A._tecta
      Taxon 35 -> JT89
      Taxon 36 -> JT90
      Taxon 37 -> JT97
      Taxon 38 -> JT98
      Expecting ';'
      Instead found 'mcmcp' in command 'Outgroup'
      The error occurred when reading char. 1 on line 5
         in the file 'MrBayesPars/concatenated.par'
   Error in command "Execute"
   Will exit with signal 1 (error) because quitonerror is set to yes
   If you want control to be returned to the command line on error,
   use 'mb -i <filename>' (i is for interactive) or use 'set quitonerror=no'

      Setting output file names to "concatenated/TESTJimmyConcatenated.nex.run<i>.<p|t>"
   Exiting characters block
   Reached end of file

   Returning execution to calling file ...

      Setting Nst to 6
      Setting Rates to Invgamma
      Successfully set likelihood model parameters
      Setting output file names to "concatenated/TESTJimmyConcatenated.nex.run<i>.<p|t>"
   Exiting characters block
   Reached end of file

   Returning execution to calling file ...

      Setting Nst to 6
      Setting Rates to Invgamma
      Successfully set likelihood model parameters
-------------------------------------------------------
Primary job  terminated normally, but 1 process returned
a non-zero exit code.. Per user-direction, the job has been aborted.
-------------------------------------------------------
      Taxon 37 -> JT97
      Taxon 39 -> Tec
--------------------------------------------------------------------------
mpiexec detected that one or more processes exited with non-zero status, thus causing
the job to be terminated. The first process to do so was:

  Process name: [[31314,1],3]
  Exit code:    1
--------------------------------------------------------------------------
