Sourcing executables from speedseq.config ...
Aligning...
samblaster: Version 0.1.22
samblaster: Inputting from stdin
samblaster: Outputting to stdout
samblaster: Opening JT167.filtered.fs7slJPyBLTS/disc_pipe for write.
[M::bwa_idx_load_from_disk] read 0 ALT contigs
[M::process] read 8528 sequences (768148 bp)...
samblaster: Opening JT167.filtered.fs7slJPyBLTS/spl_pipe for write.
[M::mem_pestat] # candidate unique pairs for (FF, FR, RF, RR): (0, 3790, 0, 0)
[M::mem_pestat] skip orientation FF as there are not enough pairs
[M::mem_pestat] analyzing insert size distribution for orientation FR...
[M::mem_pestat] (25, 50, 75) percentile: (54, 82, 122)
[M::mem_pestat] low and high boundaries for computing mean and std.dev: (1, 258)
[M::mem_pestat] mean and std.dev: (91.99, 48.43)
[M::mem_pestat] low and high boundaries for proper pairs: (1, 326)
[M::mem_pestat] skip orientation RF as there are not enough pairs
[M::mem_pestat] skip orientation RR as there are not enough pairs
[M::mem_process_seqs] Processed 8528 reads in 0.645 CPU sec, 0.226 real sec
samblaster: Loaded 5 header sequence entries.
samblaster: Output 22 discordant read pairs to JT167.filtered.fs7slJPyBLTS/disc_pipe
[main] Version: 0.7.12-r1039
samblaster: Output 4 split reads to JT167.filtered.fs7slJPyBLTS/spl_pipe
[main] CMD: /opt/linux/centos/7.x/x86_64/pkgs/bwa/0.7.12/bin/bwa mem -t 4samblaster: Marked 549 of 4264 (12.88%) read ids as duplicates -R @RG\tID:JT167\tSM:JT167\tLB:Lib\ using 1332k memory in  references.fasta0.012S data/003268_JT167_S61_R1_filtered.fastq.gz CPU seconds and  data/003268_JT167_S61_R2_filtered.fastq.gz0S wall time.

[main] Real time: 0.456 sec; CPU: 0.693 sec
Done
Using GATK jar /bigdata/operations/pkgadmin/opt/linux/centos/7.x/x86_64/pkgs/gatk/4.0.8.1/gatk-package-4.0.8.1-local.jar
Running:
    java -Dsamjdk.use_async_io_read_samtools=false -Dsamjdk.use_async_io_write_samtools=true -Dsamjdk.use_async_io_write_tribble=false -Dsamjdk.compression_level=2 -jar /bigdata/operations/pkgadmin/opt/linux/centos/7.x/x86_64/pkgs/gatk/4.0.8.1/gatk-package-4.0.8.1-local.jar HaplotypeCaller -R references.fasta -I results/JT167.filtered.bam -O results/JT167.g.vcf -ERC GVCF
22:23:49.718 INFO  NativeLibraryLoader - Loading libgkl_compression.so from jar:file:/bigdata/operations/pkgadmin/opt/linux/centos/7.x/x86_64/pkgs/gatk/4.0.8.1/gatk-package-4.0.8.1-local.jar!/com/intel/gkl/native/libgkl_compression.so
22:23:50.276 INFO  HaplotypeCaller - ------------------------------------------------------------
22:23:50.279 INFO  HaplotypeCaller - The Genome Analysis Toolkit (GATK) v4.0.8.1
22:23:50.279 INFO  HaplotypeCaller - For support and documentation go to https://software.broadinstitute.org/gatk/
22:23:50.280 INFO  HaplotypeCaller - Executing as arajewski@c28 on Linux v3.10.0-693.11.6.el7.x86_64 amd64
22:23:50.280 INFO  HaplotypeCaller - Java runtime: Java HotSpot(TM) 64-Bit Server VM v1.8.0_45-b14
22:23:50.280 INFO  HaplotypeCaller - Start Date/Time: September 27, 2018 10:23:49 PM PDT
22:23:50.281 INFO  HaplotypeCaller - ------------------------------------------------------------
22:23:50.281 INFO  HaplotypeCaller - ------------------------------------------------------------
22:23:50.282 INFO  HaplotypeCaller - HTSJDK Version: 2.16.0
22:23:50.282 INFO  HaplotypeCaller - Picard Version: 2.18.7
22:23:50.282 INFO  HaplotypeCaller - HTSJDK Defaults.COMPRESSION_LEVEL : 2
22:23:50.282 INFO  HaplotypeCaller - HTSJDK Defaults.USE_ASYNC_IO_READ_FOR_SAMTOOLS : false
22:23:50.282 INFO  HaplotypeCaller - HTSJDK Defaults.USE_ASYNC_IO_WRITE_FOR_SAMTOOLS : true
22:23:50.282 INFO  HaplotypeCaller - HTSJDK Defaults.USE_ASYNC_IO_WRITE_FOR_TRIBBLE : false
22:23:50.282 INFO  HaplotypeCaller - Deflater: IntelDeflater
22:23:50.283 INFO  HaplotypeCaller - Inflater: IntelInflater
22:23:50.283 INFO  HaplotypeCaller - GCS max retries/reopens: 20
22:23:50.283 INFO  HaplotypeCaller - Using google-cloud-java fork https://github.com/broadinstitute/google-cloud-java/releases/tag/0.20.5-alpha-GCS-RETRY-FIX
22:23:50.290 INFO  HaplotypeCaller - Initializing engine
22:23:51.071 INFO  HaplotypeCaller - Done initializing engine
22:23:51.078 INFO  HaplotypeCallerEngine - Tool is in reference confidence mode and the annotation, the following changes will be made to any specified annotations: 'StrandBiasBySample' will be enabled. 'ChromosomeCounts', 'FisherStrand', 'StrandOddsRatio' and 'QualByDepth' annotations have been disabled
22:23:51.084 INFO  HaplotypeCallerEngine - Standard Emitting and Calling confidence set to 0.0 for reference-model confidence output
22:23:51.084 INFO  HaplotypeCallerEngine - All sites annotated with PLs forced to true for reference-model confidence output
22:23:51.103 INFO  NativeLibraryLoader - Loading libgkl_utils.so from jar:file:/bigdata/operations/pkgadmin/opt/linux/centos/7.x/x86_64/pkgs/gatk/4.0.8.1/gatk-package-4.0.8.1-local.jar!/com/intel/gkl/native/libgkl_utils.so
22:23:51.106 INFO  NativeLibraryLoader - Loading libgkl_pairhmm_omp.so from jar:file:/bigdata/operations/pkgadmin/opt/linux/centos/7.x/x86_64/pkgs/gatk/4.0.8.1/gatk-package-4.0.8.1-local.jar!/com/intel/gkl/native/libgkl_pairhmm_omp.so
22:23:51.171 WARN  IntelPairHmm - Flush-to-zero (FTZ) is enabled when running PairHMM
22:23:51.172 INFO  IntelPairHmm - Available threads: 4
22:23:51.172 INFO  IntelPairHmm - Requested threads: 4
22:23:51.172 INFO  PairHMM - Using the OpenMP multi-threaded AVX-accelerated native PairHMM implementation
22:23:51.267 INFO  ProgressMeter - Starting traversal
22:23:51.268 INFO  ProgressMeter -        Current Locus  Elapsed Minutes     Regions Processed   Regions/Minute
22:24:04.795 INFO  ProgressMeter -              WXY:794              0.2                    10             44.4
22:24:19.987 INFO  HaplotypeCaller - 1104 read(s) filtered by: ((((((((MappingQualityReadFilter AND MappingQualityAvailableReadFilter) AND MappedReadFilter) AND NotSecondaryAlignmentReadFilter) AND NotDuplicateReadFilter) AND PassesVendorQualityCheckReadFilter) AND NonZeroReferenceLengthAlignmentReadFilter) AND GoodCigarReadFilter) AND WellformedReadFilter)
  1104 read(s) filtered by: (((((((MappingQualityReadFilter AND MappingQualityAvailableReadFilter) AND MappedReadFilter) AND NotSecondaryAlignmentReadFilter) AND NotDuplicateReadFilter) AND PassesVendorQualityCheckReadFilter) AND NonZeroReferenceLengthAlignmentReadFilter) AND GoodCigarReadFilter)
      1104 read(s) filtered by: ((((((MappingQualityReadFilter AND MappingQualityAvailableReadFilter) AND MappedReadFilter) AND NotSecondaryAlignmentReadFilter) AND NotDuplicateReadFilter) AND PassesVendorQualityCheckReadFilter) AND NonZeroReferenceLengthAlignmentReadFilter)
          1104 read(s) filtered by: (((((MappingQualityReadFilter AND MappingQualityAvailableReadFilter) AND MappedReadFilter) AND NotSecondaryAlignmentReadFilter) AND NotDuplicateReadFilter) AND PassesVendorQualityCheckReadFilter)
              1104 read(s) filtered by: ((((MappingQualityReadFilter AND MappingQualityAvailableReadFilter) AND MappedReadFilter) AND NotSecondaryAlignmentReadFilter) AND NotDuplicateReadFilter)
                  4 read(s) filtered by: (((MappingQualityReadFilter AND MappingQualityAvailableReadFilter) AND MappedReadFilter) AND NotSecondaryAlignmentReadFilter)
                      4 read(s) filtered by: ((MappingQualityReadFilter AND MappingQualityAvailableReadFilter) AND MappedReadFilter)
                          4 read(s) filtered by: (MappingQualityReadFilter AND MappingQualityAvailableReadFilter)
                              4 read(s) filtered by: MappingQualityReadFilter 
                  1100 read(s) filtered by: NotDuplicateReadFilter 

22:24:19.988 INFO  ProgressMeter -              LFY:175              0.5                    35             73.1
22:24:19.989 INFO  ProgressMeter - Traversal complete. Processed 35 total regions in 0.5 minutes.
22:24:20.006 INFO  VectorLoglessPairHMM - Time spent in setup for JNI call : 0.037723444
22:24:20.006 INFO  PairHMM - Total compute time in PairHMM computeLogLikelihoods() : 10.655887375
22:24:20.006 INFO  SmithWatermanAligner - Total compute time in java Smith-Waterman : 7.08 sec
22:24:20.006 INFO  HaplotypeCaller - Shutting down engine
[September 27, 2018 10:24:20 PM PDT] org.broadinstitute.hellbender.tools.walkers.haplotypecaller.HaplotypeCaller done. Elapsed time: 0.51 minutes.
Runtime.totalMemory()=2670198784
