

                            MrBayes v3.2.6 x64

                      (Bayesian Analysis of Phylogeny)

              Distributed under the GNU General Public License


               Type "help" or "help <command>" for information
                     on the commands that are available.

                   Type "about" for authorship and general
                       information about the program.



   Executing file "plastid_nomissing.par"
   UNIX line termination
   Longest line length = 39
   Parsing file
   Setting autoclose to yes
   Setting nowarnings to yes

   Executing file "plastid/Plastid_NoMissing.nex"...



                            MrBayes v3.2.6 x64

                      (Bayesian Analysis of Phylogeny)

              Distributed under the GNU General Public License


               Type "help" or "help <command>" for information
                     on the commands that are available.

                   Type "about" for authorship and general
                       information about the program.



   Executing file "plastid_nomissing.par"
   UNIX line termination
   Longest line length = 39
   Parsing file
   Setting autoclose to yes
   Setting nowarnings to yes

   Executing file "plastid/Plastid_NoMissing.nex"...



                            MrBayes v3.2.6 x64

                      (Bayesian Analysis of Phylogeny)

              Distributed under the GNU General Public License


               Type "help" or "help <command>" for information
                     on the commands that are available.

                   Type "about" for authorship and general
                       information about the program.



   Executing file "plastid_nomissing.par"
   UNIX line termination
   Longest line length = 39
   Parsing file
   Setting autoclose to yes
   Setting nowarnings to yes

   Executing file "plastid/Plastid_NoMissing.nex"...



                            MrBayes v3.2.6 x64

                      (Bayesian Analysis of Phylogeny)

              Distributed under the GNU General Public License


               Type "help" or "help <command>" for information
                     on the commands that are available.

                   Type "about" for authorship and general
                       information about the program.



   Executing file "plastid_nomissing.par"
   UNIX line termination
   Longest line length = 39
   Parsing file
   Setting autoclose to yes
   Setting nowarnings to yes

   Executing file "plastid/Plastid_NoMissing.nex"...



                            MrBayes v3.2.6 x64

                      (Bayesian Analysis of Phylogeny)

              Distributed under the GNU General Public License


               Type "help" or "help <command>" for information
                     on the commands that are available.

                   Type "about" for authorship and general
                       information about the program.



   Executing file "plastid_nomissing.par"
   UNIX line termination
   Longest line length = 39
   Parsing file
   Setting autoclose to yes
   Setting nowarnings to yes

   Executing file "plastid/Plastid_NoMissing.nex"...



                            MrBayes v3.2.6 x64

                      (Bayesian Analysis of Phylogeny)

              Distributed under the GNU General Public License


               Type "help" or "help <command>" for information
                     on the commands that are available.

                   Type "about" for authorship and general
                       information about the program.



   Executing file "plastid_nomissing.par"
   UNIX line termination
   Longest line length = 39
   Parsing file
   Setting autoclose to yes
   Setting nowarnings to yes

   Executing file "plastid/Plastid_NoMissing.nex"...



                            MrBayes v3.2.6 x64

                      (Bayesian Analysis of Phylogeny)

              Distributed under the GNU General Public License


               Type "help" or "help <command>" for information
                     on the commands that are available.

                   Type "about" for authorship and general
                       information about the program.



   Executing file "plastid_nomissing.par"
   UNIX line termination
   Longest line length = 39
   Parsing file
   Setting autoclose to yes
   Setting nowarnings to yes

   Executing file "plastid/Plastid_NoMissing.nex"...



                            MrBayes v3.2.6 x64

                      (Bayesian Analysis of Phylogeny)

              Distributed under the GNU General Public License


               Type "help" or "help <command>" for information
                     on the commands that are available.

                   Type "about" for authorship and general
                       information about the program.



   Executing file "plastid_nomissing.par"
   UNIX line termination
   Longest line length = 39
   Parsing file
   Setting autoclose to yes
   Setting nowarnings to yes

   Executing file "plastid/Plastid_NoMissing.nex"...

   UNIX line termination
   UNIX line termination
   UNIX line termination
   UNIX line termination
   UNIX line termination
   UNIX line termination
   UNIX line termination
   UNIX line termination
   Longest line length = 2479
   Parsing file
   Expecting NEXUS formatted file
   Reading taxa block
      Allocated taxon set
      Defining new set of 81 taxa
   Exiting taxa block
   Reading characters block
      Allocated matrix
      Defining new character matrix with 2462 characters
      Data is Dna
      Missing data coded as ?
      Gaps coded as -
      Taxon  1 -> P.edulis
      Taxon  2 -> A.appalachiana
      Taxon  3 -> A.gigantea
   Longest line length = 2479
   Parsing file
   Expecting NEXUS formatted file
   Reading taxa block
      Allocated taxon set
      Defining new set of 81 taxa
   Exiting taxa block
   Reading characters block
      Allocated matrix
      Defining new character matrix with 2462 characters
      Data is Dna
      Missing data coded as ?
      Gaps coded as -
      Taxon  1 -> P.edulis
      Taxon  2 -> A.appalachiana
      Taxon  3 -> A.gigantea
   Longest line length = 2479
   Parsing file
   Expecting NEXUS formatted file
   Reading taxa block
      Allocated taxon set
      Defining new set of 81 taxa
   Exiting taxa block
   Reading characters block
      Allocated matrix
      Defining new character matrix with 2462 characters
      Data is Dna
      Missing data coded as ?
      Gaps coded as -
      Taxon  1 -> P.edulis
      Taxon  2 -> A.appalachiana
   Longest line length = 2479
   Parsing file
   Expecting NEXUS formatted file
   Reading taxa block
      Allocated taxon set
      Defining new set of 81 taxa
   Exiting taxa block
   Reading characters block
      Allocated matrix
      Defining new character matrix with 2462 characters
      Data is Dna
      Missing data coded as ?
      Gaps coded as -
      Taxon  1 -> P.edulis
      Taxon  2 -> A.appalachiana
      Taxon  3 -> A.gigantea
   Longest line length = 2479
   Parsing file
   Expecting NEXUS formatted file
   Reading taxa block
      Allocated taxon set
      Defining new set of 81 taxa
   Exiting taxa block
   Reading characters block
      Allocated matrix
      Defining new character matrix with 2462 characters
      Data is Dna
      Missing data coded as ?
      Gaps coded as -
   Longest line length = 2479
   Parsing file
   Expecting NEXUS formatted file
   Reading taxa block
      Allocated taxon set
      Defining new set of 81 taxa
   Exiting taxa block
   Reading characters block
      Allocated matrix
      Defining new character matrix with 2462 characters
      Data is Dna
      Missing data coded as ?
      Gaps coded as -
      Taxon  1 -> P.edulis
      Taxon  2 -> A.appalachiana
      Taxon  3 -> A.gigantea
      Taxon  4 -> A.tecta
      Taxon  5 -> Gig
      Taxon  6 -> H0B
      Taxon  7 -> H0C
   Longest line length = 2479
   Parsing file
   Expecting NEXUS formatted file
   Reading taxa block
      Allocated taxon set
      Defining new set of 81 taxa
   Exiting taxa block
   Reading characters block
      Allocated matrix
      Defining new character matrix with 2462 characters
      Data is Dna
      Missing data coded as ?
      Gaps coded as -
      Taxon  1 -> P.edulis
      Taxon  2 -> A.appalachiana
      Taxon  3 -> A.gigantea
      Taxon  4 -> A.tecta
      Taxon  5 -> Gig
      Taxon  6 -> H0B
      Taxon  4 -> A.tecta
      Taxon  5 -> Gig
      Taxon  6 -> H0B
      Taxon  7 -> H0C
      Taxon  8 -> H2A
      Taxon  9 -> H2B
      Taxon 10 -> H2C
      Taxon 11 -> H4A
      Taxon 12 -> H4B
      Taxon 13 -> H4C
      Taxon 14 -> H4D
      Taxon 15 -> H6A
      Taxon 16 -> H6B
      Taxon  3 -> A.gigantea
      Taxon  4 -> A.tecta
      Taxon  5 -> Gig
      Taxon  6 -> H0B
      Taxon  7 -> H0C
      Taxon  8 -> H2A
      Taxon  9 -> H2B
      Taxon 10 -> H2C
      Taxon 11 -> H4A
      Taxon 12 -> H4B
      Taxon 13 -> H4C
      Taxon  4 -> A.tecta
      Taxon  5 -> Gig
      Taxon  6 -> H0B
      Taxon  7 -> H0C
      Taxon  8 -> H2A
      Taxon  9 -> H2B
      Taxon 10 -> H2C
      Taxon 11 -> H4A
      Taxon 12 -> H4B
      Taxon 13 -> H4C
      Taxon 14 -> H4D
      Taxon  1 -> P.edulis
      Taxon  2 -> A.appalachiana
      Taxon  3 -> A.gigantea
      Taxon  4 -> A.tecta
      Taxon  5 -> Gig
      Taxon  6 -> H0B
      Taxon  7 -> H0C
      Taxon  8 -> H2A
      Taxon  9 -> H2B
      Taxon 10 -> H2C
      Taxon 11 -> H4A
   Longest line length = 2479
   Parsing file
   Expecting NEXUS formatted file
   Reading taxa block
      Allocated taxon set
      Defining new set of 81 taxa
   Exiting taxa block
   Reading characters block
      Allocated matrix
      Defining new character matrix with 2462 characters
      Data is Dna
      Missing data coded as ?
      Gaps coded as -
      Taxon  1 -> P.edulis
      Taxon  2 -> A.appalachiana
      Taxon  8 -> H2A
      Taxon  9 -> H2B
      Taxon 10 -> H2C
      Taxon 11 -> H4A
      Taxon 12 -> H4B
      Taxon 13 -> H4C
      Taxon 14 -> H4D
      Taxon 15 -> H6A
      Taxon 16 -> H6B
      Taxon  4 -> A.tecta
      Taxon  5 -> Gig
      Taxon  6 -> H0B
      Taxon  7 -> H0C
      Taxon  8 -> H2A
      Taxon  9 -> H2B
      Taxon 10 -> H2C
      Taxon 11 -> H4A
      Taxon 12 -> H4B
      Taxon 13 -> H4C
      Taxon 14 -> H4D
      Taxon  7 -> H0C
      Taxon  8 -> H2A
      Taxon  9 -> H2B
      Taxon 10 -> H2C
      Taxon 11 -> H4A
      Taxon 15 -> H6A
      Taxon 16 -> H6B
      Taxon 17 -> H6C
      Taxon 17 -> H6C
      Taxon 18 -> H6D
      Taxon 19 -> H8A
      Taxon 20 -> H8B
      Taxon 14 -> H4D
      Taxon 15 -> H6A
      Taxon 16 -> H6B
      Taxon 15 -> H6A
      Taxon 16 -> H6B
      Taxon 17 -> H6C
      Taxon 18 -> H6D
      Taxon 19 -> H8A
      Taxon 20 -> H8B
      Taxon 21 -> H8C
      Taxon 12 -> H4B
      Taxon 13 -> H4C
      Taxon 14 -> H4D
      Taxon 15 -> H6A
      Taxon 16 -> H6B
      Taxon 17 -> H6C
      Taxon 18 -> H6D
      Taxon  3 -> A.gigantea
      Taxon  4 -> A.tecta
      Taxon  5 -> Gig
      Taxon 17 -> H6C
      Taxon 18 -> H6D
      Taxon 19 -> H8A
      Taxon 20 -> H8B
      Taxon 21 -> H8C
      Taxon 22 -> H8D
      Taxon 23 -> H8E
      Taxon 12 -> H4B
      Taxon 13 -> H4C
      Taxon 18 -> H6D
      Taxon 19 -> H8A
      Taxon 20 -> H8B
      Taxon 21 -> H8C
      Taxon 21 -> H8C
      Taxon 22 -> H8D
      Taxon 23 -> H8E
      Taxon 24 -> H10B
      Taxon 17 -> H6C
      Taxon 18 -> H6D
      Taxon 19 -> H8A
      Taxon 20 -> H8B
      Taxon 24 -> H10B
      Taxon 14 -> H4D
      Taxon 15 -> H6A
      Taxon 22 -> H8D
      Taxon 23 -> H8E
      Taxon 25 -> H10C
      Taxon 26 -> H10D_0
      Taxon 22 -> H8D
      Taxon 23 -> H8E
      Taxon 19 -> H8A
      Taxon 20 -> H8B
      Taxon 21 -> H8C
      Taxon 22 -> H8D
      Taxon  6 -> H0B
      Taxon  7 -> H0C
      Taxon 23 -> H8E
      Taxon 21 -> H8C
      Taxon 22 -> H8D
      Taxon 25 -> H10C
      Taxon 26 -> H10D_0
      Taxon 24 -> H10B
      Taxon 27 -> H10D_1
      Taxon 28 -> H10E
      Taxon 24 -> H10B
      Taxon 25 -> H10C
      Taxon 26 -> H10D_0
      Taxon 24 -> H10B
      Taxon 25 -> H10C
      Taxon 26 -> H10D_0
      Taxon 27 -> H10D_1
      Taxon 23 -> H8E
      Taxon 24 -> H10B
      Taxon 25 -> H10C
      Taxon 16 -> H6B
      Taxon 17 -> H6C
      Taxon 27 -> H10D_1
      Taxon 28 -> H10E
      Taxon 29 -> H12D
      Taxon 30 -> H14C
      Taxon 25 -> H10C
      Taxon 26 -> H10D_0
      Taxon 27 -> H10D_1
      Taxon 28 -> H10E
      Taxon 29 -> H12D
      Taxon 30 -> H14C
      Taxon 31 -> H14D
      Taxon 32 -> H_2C
      Taxon  8 -> H2A
      Taxon  9 -> H2B
      Taxon 27 -> H10D_1
      Taxon 28 -> H10E
      Taxon 26 -> H10D_0
      Taxon 27 -> H10D_1
      Taxon 18 -> H6D
      Taxon 31 -> H14D
      Taxon 29 -> H12D
      Taxon 30 -> H14C
      Taxon 33 -> H_2D
      Taxon 34 -> JT6
      Taxon 29 -> H12D
      Taxon 30 -> H14C
      Taxon 28 -> H10E
      Taxon 29 -> H12D
      Taxon 32 -> H_2C
      Taxon 33 -> H_2D
      Taxon 31 -> H14D
      Taxon 30 -> H14C
      Taxon 31 -> H14D
      Taxon 10 -> H2C
      Taxon 31 -> H14D
      Taxon 32 -> H_2C
      Taxon 35 -> JT8
      Taxon 36 -> JT19
      Taxon 28 -> H10E
      Taxon 29 -> H12D
      Taxon 19 -> H8A
      Taxon 20 -> H8B
      Taxon 32 -> H_2C
      Taxon 33 -> H_2D
      Taxon 34 -> JT6
      Taxon 35 -> JT8
      Taxon 30 -> H14C
      Taxon 31 -> H14D
      Taxon 32 -> H_2C
      Taxon 32 -> H_2C
      Taxon 33 -> H_2D
      Taxon 34 -> JT6
      Taxon 11 -> H4A
      Taxon 12 -> H4B
      Taxon 33 -> H_2D
      Taxon 34 -> JT6
      Taxon 35 -> JT8
      Taxon 37 -> JT20
      Taxon 38 -> JT21
      Taxon 39 -> JT23
      Taxon 36 -> JT19
      Taxon 37 -> JT20
      Taxon 34 -> JT6
      Taxon 35 -> JT8
      Taxon 33 -> H_2D
      Taxon 34 -> JT6
      Taxon 35 -> JT8
      Taxon 36 -> JT19
      Taxon 36 -> JT19
      Taxon 37 -> JT20
      Taxon 40 -> JT25
      Taxon 41 -> JT27
      Taxon 21 -> H8C
      Taxon 22 -> H8D
      Taxon 38 -> JT21
      Taxon 39 -> JT23
      Taxon 40 -> JT25
      Taxon 36 -> JT19
      Taxon 37 -> JT20
      Taxon 38 -> JT21
      Taxon 39 -> JT23
      Taxon 35 -> JT8
      Taxon 36 -> JT19
      Taxon 13 -> H4C
      Taxon 14 -> H4D
      Taxon 37 -> JT20
      Taxon 38 -> JT21
      Taxon 38 -> JT21
      Taxon 39 -> JT23
      Taxon 42 -> JT80
      Taxon 43 -> JT85
      Taxon 41 -> JT27
      Taxon 42 -> JT80
      Taxon 43 -> JT85
      Taxon 44 -> JT87
      Taxon 45 -> JT89
      Taxon 40 -> JT25
      Taxon 41 -> JT27
      Taxon 42 -> JT80
      Taxon 43 -> JT85
      Taxon 44 -> JT87
      Taxon 37 -> JT20
      Taxon 38 -> JT21
      Taxon 39 -> JT23
      Taxon 40 -> JT25
      Taxon 41 -> JT27
      Taxon 39 -> JT23
      Taxon 40 -> JT25
      Taxon 41 -> JT27
      Taxon 42 -> JT80
      Taxon 43 -> JT85
      Taxon 40 -> JT25
      Taxon 41 -> JT27
      Taxon 42 -> JT80
      Taxon 43 -> JT85
      Taxon 44 -> JT87
      Taxon 23 -> H8E
      Taxon 24 -> H10B
      Taxon 25 -> H10C
      Taxon 44 -> JT87
      Taxon 45 -> JT89
      Taxon 46 -> JT90
      Taxon 47 -> JT97
      Taxon 48 -> JT98
      Taxon 49 -> JT108
      Taxon 15 -> H6A
      Taxon 16 -> H6B
      Taxon 46 -> JT90
      Taxon 47 -> JT97
      Taxon 48 -> JT98
      Taxon 49 -> JT108
      Taxon 50 -> JT112
      Taxon 51 -> JT162
      Taxon 45 -> JT89
      Taxon 46 -> JT90
      Taxon 47 -> JT97
      Taxon 48 -> JT98
      Taxon 49 -> JT108
      Taxon 50 -> JT112
      Taxon 51 -> JT162
      Taxon 52 -> JT164
      Taxon 53 -> JT165
      Taxon 54 -> JT166
      Taxon 42 -> JT80
      Taxon 43 -> JT85
      Taxon 44 -> JT87
      Taxon 45 -> JT89
      Taxon 46 -> JT90
      Taxon 47 -> JT97
      Taxon 44 -> JT87
      Taxon 45 -> JT89
      Taxon 46 -> JT90
      Taxon 47 -> JT97
      Taxon 48 -> JT98
      Taxon 49 -> JT108
      Taxon 50 -> JT112
      Taxon 45 -> JT89
      Taxon 46 -> JT90
      Taxon 47 -> JT97
      Taxon 48 -> JT98
      Taxon 49 -> JT108
      Taxon 50 -> JT112
      Taxon 51 -> JT162
      Taxon 17 -> H6C
      Taxon 18 -> H6D
      Taxon 19 -> H8A
      Taxon 20 -> H8B
      Taxon 26 -> H10D_0
      Taxon 27 -> H10D_1
      Taxon 28 -> H10E
      Taxon 29 -> H12D
      Taxon 52 -> JT164
      Taxon 53 -> JT165
      Taxon 50 -> JT112
      Taxon 51 -> JT162
      Taxon 55 -> JT167
      Taxon 56 -> JT170
      Taxon 48 -> JT98
      Taxon 49 -> JT108
      Taxon 52 -> JT164
      Taxon 53 -> JT165
      Taxon 54 -> JT166
      Taxon 52 -> JT164
      Taxon 53 -> JT165
      Taxon 57 -> JT171
      Taxon 58 -> JT172
      Taxon 51 -> JT162
      Taxon 52 -> JT164
      Taxon 50 -> JT112
      Taxon 21 -> H8C
      Taxon 51 -> JT162
      Taxon 52 -> JT164
      Taxon 53 -> JT165
      Taxon 54 -> JT166
      Taxon 30 -> H14C
      Taxon 31 -> H14D
      Taxon 54 -> JT166
      Taxon 55 -> JT167
      Taxon 55 -> JT167
      Taxon 56 -> JT170
      Taxon 54 -> JT166
      Taxon 55 -> JT167
      Taxon 59 -> JT173_0
      Taxon 60 -> JT173_1
      Taxon 22 -> H8D
      Taxon 23 -> H8E
      Taxon 53 -> JT165
      Taxon 54 -> JT166
      Taxon 55 -> JT167
      Taxon 56 -> JT170
      Taxon 56 -> JT170
      Taxon 57 -> JT171
      Taxon 57 -> JT171
      Taxon 58 -> JT172
      Taxon 56 -> JT170
      Taxon 57 -> JT171
      Taxon 61 -> JT174
      Taxon 62 -> JT175
      Taxon 58 -> JT172
      Taxon 59 -> JT173_0
      Taxon 60 -> JT173_1
      Taxon 55 -> JT167
      Taxon 56 -> JT170
      Taxon 57 -> JT171
      Taxon 58 -> JT172
      Taxon 32 -> H_2C
      Taxon 33 -> H_2D
      Taxon 57 -> JT171
      Taxon 58 -> JT172
      Taxon 59 -> JT173_0
      Taxon 58 -> JT172
      Taxon 59 -> JT173_0
      Taxon 60 -> JT173_1
      Taxon 59 -> JT173_0
      Taxon 60 -> JT173_1
      Taxon 61 -> JT174
      Taxon 62 -> JT175
      Taxon 63 -> JT177
      Taxon 64 -> JT178_0
      Taxon 65 -> JT178_1
      Taxon 66 -> JT182
      Taxon 24 -> H10B
      Taxon 25 -> H10C
      Taxon 61 -> JT174
      Taxon 62 -> JT175
      Taxon 59 -> JT173_0
      Taxon 34 -> JT6
      Taxon 60 -> JT173_1
      Taxon 61 -> JT174
      Taxon 61 -> JT174
      Taxon 62 -> JT175
      Taxon 63 -> JT177
      Taxon 64 -> JT178_0
      Taxon 65 -> JT178_1
      Taxon 67 -> JT183
      Taxon 68 -> JT184
      Taxon 69 -> JT185
      Taxon 70 -> JT188
      Taxon 26 -> H10D_0
      Taxon 27 -> H10D_1
      Taxon 63 -> JT177
      Taxon 64 -> JT178_0
      Taxon 60 -> JT173_1
      Taxon 61 -> JT174
      Taxon 62 -> JT175
      Taxon 63 -> JT177
      Taxon 63 -> JT177
      Taxon 64 -> JT178_0
      Taxon 35 -> JT8
      Taxon 36 -> JT19
      Taxon 62 -> JT175
      Taxon 63 -> JT177
      Taxon 65 -> JT178_1
      Taxon 66 -> JT182
      Taxon 64 -> JT178_0
      Taxon 65 -> JT178_1
      Taxon 66 -> JT182
      Taxon 66 -> JT182
      Taxon 67 -> JT183
      Taxon 68 -> JT184
      Taxon 69 -> JT185
      Taxon 71 -> L5
      Taxon 72 -> L62
      Taxon 73 -> L65
      Taxon 74 -> L93
      Taxon 75 -> L111
      Taxon 28 -> H10E
      Taxon 29 -> H12D
      Taxon 65 -> JT178_1
      Taxon 66 -> JT182
      Taxon 67 -> JT183
      Taxon 68 -> JT184
      Taxon 69 -> JT185
      Taxon 64 -> JT178_0
      Taxon 65 -> JT178_1
      Taxon 66 -> JT182
      Taxon 67 -> JT183
      Taxon 67 -> JT183
      Taxon 68 -> JT184
      Taxon 69 -> JT185
      Taxon 70 -> JT188
      Taxon 71 -> L5
      Taxon 68 -> JT184
      Taxon 67 -> JT183
      Taxon 68 -> JT184
      Taxon 69 -> JT185
      Taxon 70 -> JT188
      Taxon 70 -> JT188
      Taxon 71 -> L5
      Taxon 72 -> L62
      Taxon 76 -> L132
      Taxon 77 -> Lo9
      Taxon 30 -> H14C
      Taxon 70 -> JT188
      Taxon 71 -> L5
      Taxon 37 -> JT20
      Taxon 38 -> JT21
      Taxon 69 -> JT185
      Taxon 70 -> JT188
      Taxon 71 -> L5
      Taxon 72 -> L62
      Taxon 73 -> L65
      Taxon 73 -> L65
      Taxon 74 -> L93
      Taxon 75 -> L111
      Taxon 76 -> L132
      Taxon 78 -> Lo16
      Taxon 79 -> Lo28
      Taxon 80 -> Lo43
      Taxon 81 -> Tec
      Taxon 72 -> L62
      Taxon 73 -> L65
      Taxon 74 -> L93
      Taxon 39 -> JT23
      Taxon 40 -> JT25
      Taxon 72 -> L62
      Taxon 73 -> L65
      Taxon 74 -> L93
      Taxon 71 -> L5
      Taxon 72 -> L62
      Taxon 31 -> H14D
      Taxon 32 -> H_2C
      Taxon 75 -> L111
      Taxon 76 -> L132
      Taxon 77 -> Lo9
      Taxon 78 -> Lo16
      Taxon 75 -> L111
      Taxon 76 -> L132
      Taxon 77 -> Lo9
      Taxon 78 -> Lo16
      Taxon 74 -> L93
      Taxon 75 -> L111
      Taxon 76 -> L132
      Taxon 77 -> Lo9
      Taxon 77 -> Lo9
      Taxon 78 -> Lo16
      Taxon 79 -> Lo28
      Taxon 80 -> Lo43
      Taxon 73 -> L65
      Taxon 74 -> L93
      Taxon 75 -> L111
      Taxon 76 -> L132
      Taxon 33 -> H_2D
      Taxon 34 -> JT6
      Taxon 41 -> JT27
      Taxon 42 -> JT80
      Taxon 77 -> Lo9
      Taxon 78 -> Lo16
      Taxon 79 -> Lo28
      Taxon 79 -> Lo28
      Taxon 80 -> Lo43
      Taxon 81 -> Tec
      Taxon 79 -> Lo28
      Taxon 80 -> Lo43
      Taxon 81 -> Tec
      Taxon 78 -> Lo16
      Taxon 79 -> Lo28
      Taxon 80 -> Lo43
      Taxon 81 -> Tec
      Successfully read matrix
      Setting default partition (does not divide up characters)
      Setting model defaults
      Seed (for generating default start values) = 1539383176
      Taxon 43 -> JT85
      Taxon 35 -> JT8
      Taxon 36 -> JT19
      Taxon 44 -> JT87
      Taxon 45 -> JT89
      Taxon 80 -> Lo43
      Taxon 81 -> Tec
      Taxon 81 -> Tec
      Taxon 37 -> JT20
      Successfully read matrix
      Setting default partition (does not divide up characters)
      Setting model defaults
      Seed (for generating default start values) = 1539383176
      Taxon 46 -> JT90
      Taxon 47 -> JT97
      Successfully read matrix
      Setting default partition (does not divide up characters)
      Setting model defaults
      Seed (for generating default start values) = 1539383176
      Successfully read matrix
      Setting default partition (does not divide up characters)
      Setting model defaults
      Seed (for generating default start values) = 1539383176
      Taxon 38 -> JT21
      Taxon 39 -> JT23
      Successfully read matrix
      Setting default partition (does not divide up characters)
      Setting model defaults
      Seed (for generating default start values) = 1539383176
      Setting output file names to "plastid/Plastid_NoMissing.nex.run<i>.<p|t>"
   Exiting characters block
   Reached end of file

   Returning execution to calling file ...

      Setting Nst to 6
      Setting Rates to Invgamma
      Successfully set likelihood model parameters
      Successfully read matrix
      Setting default partition (does not divide up characters)
      Setting model defaults
      Seed (for generating default start values) = 1539383176
      Taxon 48 -> JT98
      Taxon 49 -> JT108
      Taxon 40 -> JT25
      Taxon 41 -> JT27
      Setting output file names to "plastid/Plastid_NoMissing.nex.run<i>.<p|t>"
   Exiting characters block
   Reached end of file

   Returning execution to calling file ...

      Setting Nst to 6
      Setting Rates to Invgamma
      Successfully set likelihood model parameters
      Taxon 50 -> JT112
      Setting output file names to "plastid/Plastid_NoMissing.nex.run<i>.<p|t>"
   Exiting characters block
   Reached end of file

   Returning execution to calling file ...

      Setting Nst to 6
      Setting Rates to Invgamma
      Successfully set likelihood model parameters
      Setting output file names to "plastid/Plastid_NoMissing.nex.run<i>.<p|t>"
   Exiting characters block
   Reached end of file

   Returning execution to calling file ...

      Setting Nst to 6
      Setting Rates to Invgamma
      Successfully set likelihood model parameters
      Setting output file names to "plastid/Plastid_NoMissing.nex.run<i>.<p|t>"
   Exiting characters block
   Reached end of file

   Returning execution to calling file ...

      Setting Nst to 6
      Setting Rates to Invgamma
      Successfully set likelihood model parameters
      Taxon 42 -> JT80
      Taxon 43 -> JT85
      Setting output file names to "plastid/Plastid_NoMissing.nex.run<i>.<p|t>"
   Exiting characters block
   Reached end of file

   Returning execution to calling file ...

      Setting Nst to 6
      Setting Rates to Invgamma
      Successfully set likelihood model parameters
      Taxon 51 -> JT162
      Taxon 52 -> JT164
      Running Markov chain
      MCMC stamp = 7067967967
      Seed = 21204310
      Swapseed = 1539383176
      Model settings:

         Data not partitioned --
            Datatype  = DNA
            Nucmodel  = 4by4
            Nst       = 6
                        Substitution rates, expressed as proportions
                        of the rate sum, have a Dirichlet prior
                        (1.00,1.00,1.00,1.00,1.00,1.00)
            Covarion  = No
            # States  = 4
                        State frequencies have a Dirichlet prior
                        (1.00,1.00,1.00,1.00)
            Rates     = Invgamma
                        The distribution is approximated using 4 categories.
                        Likelihood summarized over all rate categories in each generation.
                        Shape parameter is exponentially
                        distributed with parameter (1.00).
                        Proportion of invariable sites is uniformly dist-
                        ributed on the interval (0.00,1.00).

      Active parameters: 

         Parameters
         ---------------------
         Revmat              1
         Statefreq           2
         Shape               3
         Pinvar              4
         Ratemultiplier      5
         Topology            6
         Brlens              7
         ---------------------

         1 --  Parameter  = Revmat
               Type       = Rates of reversible rate matrix
               Prior      = Dirichlet(1.00,1.00,1.00,1.00,1.00,1.00)

         2 --  Parameter  = Pi
               Type       = Stationary state frequencies
               Prior      = Dirichlet

         3 --  Parameter  = Alpha
               Type       = Shape of scaled gamma distribution of site rates
               Prior      = Exponential(1.00)

         4 --  Parameter  = Pinvar
               Type       = Proportion of invariable sites
               Prior      = Uniform(0.00,1.00)

         5 --  Parameter  = Ratemultiplier
               Type       = Partition-specific rate multiplier
               Prior      = Fixed(1.0)

         6 --  Parameter  = Tau
               Type       = Topology
               Prior      = All topologies equally probable a priori
               Subparam.  = V

         7 --  Parameter  = V
               Type       = Branch lengths
               Prior      = Unconstrained:GammaDir(1.0,0.1000,1.0,1.0)



      The MCMC sampler will use the following moves:
         With prob.  Chain will use move
            0.93 %   Dirichlet(Revmat)
            0.93 %   Slider(Revmat)
            0.93 %   Dirichlet(Pi)
            0.93 %   Slider(Pi)
            1.85 %   Multiplier(Alpha)
            1.85 %   Slider(Pinvar)
            9.26 %   ExtSPR(Tau,V)
            9.26 %   ExtTBR(Tau,V)
            9.26 %   NNI(Tau,V)
            9.26 %   ParsSPR(Tau,V)
           37.04 %   Multiplier(V)
           12.96 %   Nodeslider(V)
            5.56 %   TLMultiplier(V)

      Division 1 has 51 unique site patterns
      Initializing conditional likelihoods
      Using standard SSE likelihood calculator for division 1 (single-precision)
      Taxon 44 -> JT87
      Running Markov chain
      MCMC stamp = 7067967967
      Seed = 21204310
      Swapseed = 1539383176
      Model settings:

         Data not partitioned --
            Datatype  = DNA
            Nucmodel  = 4by4
            Nst       = 6
                        Substitution rates, expressed as proportions
                        of the rate sum, have a Dirichlet prior
                        (1.00,1.00,1.00,1.00,1.00,1.00)
            Covarion  = No
            # States  = 4
                        State frequencies have a Dirichlet prior
                        (1.00,1.00,1.00,1.00)
            Rates     = Invgamma
                        The distribution is approximated using 4 categories.
                        Likelihood summarized over all rate categories in each generation.
                        Shape parameter is exponentially
                        distributed with parameter (1.00).
                        Proportion of invariable sites is uniformly dist-
                        ributed on the interval (0.00,1.00).

      Active parameters: 

         Parameters
         ---------------------
         Revmat              1
         Statefreq           2
         Shape               3
         Pinvar              4
         Ratemultiplier      5
         Topology            6
         Brlens              7
         ---------------------

         1 --  Parameter  = Revmat
               Type       = Rates of reversible rate matrix
               Prior      = Dirichlet(1.00,1.00,1.00,1.00,1.00,1.00)

         2 --  Parameter  = Pi
               Type       = Stationary state frequencies
               Prior      = Dirichlet

         3 --  Parameter  = Alpha
               Type       = Shape of scaled gamma distribution of site rates
               Prior      = Exponential(1.00)

         4 --  Parameter  = Pinvar
               Type       = Proportion of invariable sites
               Prior      = Uniform(0.00,1.00)

         5 --  Parameter  = Ratemultiplier
               Type       = Partition-specific rate multiplier
               Prior      = Fixed(1.0)

         6 --  Parameter  = Tau
               Type       = Topology
               Prior      = All topologies equally probable a priori
               Subparam.  = V

         7 --  Parameter  = V
               Type       = Branch lengths
               Prior      = Unconstrained:GammaDir(1.0,0.1000,1.0,1.0)



      The MCMC sampler will use the following moves:
         With prob.  Chain will use move
            0.93 %   Dirichlet(Revmat)
            0.93 %   Slider(Revmat)
            0.93 %   Dirichlet(Pi)
            0.93 %   Slider(Pi)
            1.85 %   Multiplier(Alpha)
            1.85 %   Slider(Pinvar)
            9.26 %   ExtSPR(Tau,V)
            9.26 %   ExtTBR(Tau,V)
            9.26 %   NNI(Tau,V)
            9.26 %   ParsSPR(Tau,V)
           37.04 %   Multiplier(V)
           12.96 %   Nodeslider(V)
            5.56 %   TLMultiplier(V)

      Division 1 has 51 unique site patterns
      Initializing conditional likelihoods
      Using standard SSE likelihood calculator for division 1 (single-precision)
      Taxon 53 -> JT165
      Taxon 54 -> JT166
      Running Markov chain
      MCMC stamp = 7067967967
      Seed = 21204310
      Swapseed = 1539383176
      Model settings:

         Data not partitioned --
            Datatype  = DNA
            Nucmodel  = 4by4
            Nst       = 6
                        Substitution rates, expressed as proportions
                        of the rate sum, have a Dirichlet prior
                        (1.00,1.00,1.00,1.00,1.00,1.00)
            Covarion  = No
            # States  = 4
                        State frequencies have a Dirichlet prior
                        (1.00,1.00,1.00,1.00)
            Rates     = Invgamma
                        The distribution is approximated using 4 categories.
                        Likelihood summarized over all rate categories in each generation.
                        Shape parameter is exponentially
                        distributed with parameter (1.00).
                        Proportion of invariable sites is uniformly dist-
                        ributed on the interval (0.00,1.00).

      Active parameters: 

         Parameters
         ---------------------
         Revmat              1
         Statefreq           2
         Shape               3
         Pinvar              4
         Ratemultiplier      5
         Topology            6
         Brlens              7
         ---------------------

         1 --  Parameter  = Revmat
               Type       = Rates of reversible rate matrix
               Prior      = Dirichlet(1.00,1.00,1.00,1.00,1.00,1.00)

         2 --  Parameter  = Pi
               Type       = Stationary state frequencies
               Prior      = Dirichlet

         3 --  Parameter  = Alpha
               Type       = Shape of scaled gamma distribution of site rates
               Prior      = Exponential(1.00)

         4 --  Parameter  = Pinvar
               Type       = Proportion of invariable sites
               Prior      = Uniform(0.00,1.00)

         5 --  Parameter  = Ratemultiplier
               Type       = Partition-specific rate multiplier
               Prior      = Fixed(1.0)

         6 --  Parameter  = Tau
               Type       = Topology
               Prior      = All topologies equally probable a priori
               Subparam.  = V

         7 --  Parameter  = V
               Type       = Branch lengths
               Prior      = Unconstrained:GammaDir(1.0,0.1000,1.0,1.0)



      The MCMC sampler will use the following moves:
         With prob.  Chain will use move
            0.93 %   Dirichlet(Revmat)
            0.93 %   Slider(Revmat)
            0.93 %   Dirichlet(Pi)
            0.93 %   Slider(Pi)
            1.85 %   Multiplier(Alpha)
            1.85 %   Slider(Pinvar)
            9.26 %   ExtSPR(Tau,V)
            9.26 %   ExtTBR(Tau,V)
            9.26 %   NNI(Tau,V)
            9.26 %   ParsSPR(Tau,V)
           37.04 %   Multiplier(V)
           12.96 %   Nodeslider(V)
            5.56 %   TLMultiplier(V)

      Division 1 has 51 unique site patterns
      Initializing conditional likelihoods
      Using standard SSE likelihood calculator for division 1 (single-precision)
      Taxon 45 -> JT89
      Taxon 46 -> JT90
      Running Markov chain
      MCMC stamp = 7067967967
      Seed = 21204310
      Swapseed = 1539383176
      Model settings:

         Data not partitioned --
            Datatype  = DNA
            Nucmodel  = 4by4
            Nst       = 6
                        Substitution rates, expressed as proportions
                        of the rate sum, have a Dirichlet prior
                        (1.00,1.00,1.00,1.00,1.00,1.00)
            Covarion  = No
            # States  = 4
                        State frequencies have a Dirichlet prior
                        (1.00,1.00,1.00,1.00)
            Rates     = Invgamma
                        The distribution is approximated using 4 categories.
                        Likelihood summarized over all rate categories in each generation.
                        Shape parameter is exponentially
                        distributed with parameter (1.00).
                        Proportion of invariable sites is uniformly dist-
                        ributed on the interval (0.00,1.00).

      Active parameters: 

         Parameters
         ---------------------
         Revmat              1
         Statefreq           2
         Shape               3
         Pinvar              4
         Ratemultiplier      5
         Topology            6
         Brlens              7
         ---------------------

         1 --  Parameter  = Revmat
               Type       = Rates of reversible rate matrix
               Prior      = Dirichlet(1.00,1.00,1.00,1.00,1.00,1.00)

         2 --  Parameter  = Pi
               Type       = Stationary state frequencies
               Prior      = Dirichlet

         3 --  Parameter  = Alpha
               Type       = Shape of scaled gamma distribution of site rates
               Prior      = Exponential(1.00)

         4 --  Parameter  = Pinvar
               Type       = Proportion of invariable sites
               Prior      = Uniform(0.00,1.00)

         5 --  Parameter  = Ratemultiplier
               Type       = Partition-specific rate multiplier
               Prior      = Fixed(1.0)

         6 --  Parameter  = Tau
               Type       = Topology
               Prior      = All topologies equally probable a priori
               Subparam.  = V

         7 --  Parameter  = V
               Type       = Branch lengths
               Prior      = Unconstrained:GammaDir(1.0,0.1000,1.0,1.0)



      The MCMC sampler will use the following moves:
         With prob.  Chain will use move
            0.93 %   Dirichlet(Revmat)
            0.93 %   Slider(Revmat)
            0.93 %   Dirichlet(Pi)
            0.93 %   Slider(Pi)
            1.85 %   Multiplier(Alpha)
            1.85 %   Slider(Pinvar)
            9.26 %   ExtSPR(Tau,V)
            9.26 %   ExtTBR(Tau,V)
            9.26 %   NNI(Tau,V)
            9.26 %   ParsSPR(Tau,V)
           37.04 %   Multiplier(V)
           12.96 %   Nodeslider(V)
            5.56 %   TLMultiplier(V)

      Division 1 has 51 unique site patterns
      Initializing conditional likelihoods
      Using standard SSE likelihood calculator for division 1 (single-precision)
      Running Markov chain
      MCMC stamp = 7067967967
      Seed = 21204310
      Swapseed = 1539383176
      Model settings:

         Data not partitioned --
            Datatype  = DNA
            Nucmodel  = 4by4
            Nst       = 6
                        Substitution rates, expressed as proportions
                        of the rate sum, have a Dirichlet prior
                        (1.00,1.00,1.00,1.00,1.00,1.00)
            Covarion  = No
            # States  = 4
                        State frequencies have a Dirichlet prior
                        (1.00,1.00,1.00,1.00)
            Rates     = Invgamma
                        The distribution is approximated using 4 categories.
                        Likelihood summarized over all rate categories in each generation.
                        Shape parameter is exponentially
                        distributed with parameter (1.00).
                        Proportion of invariable sites is uniformly dist-
                        ributed on the interval (0.00,1.00).

      Active parameters: 

         Parameters
         ---------------------
         Revmat              1
         Statefreq           2
         Shape               3
         Pinvar              4
         Ratemultiplier      5
         Topology            6
         Brlens              7
         ---------------------

         1 --  Parameter  = Revmat
               Type       = Rates of reversible rate matrix
               Prior      = Dirichlet(1.00,1.00,1.00,1.00,1.00,1.00)

         2 --  Parameter  = Pi
               Type       = Stationary state frequencies
               Prior      = Dirichlet

         3 --  Parameter  = Alpha
               Type       = Shape of scaled gamma distribution of site rates
               Prior      = Exponential(1.00)

         4 --  Parameter  = Pinvar
               Type       = Proportion of invariable sites
               Prior      = Uniform(0.00,1.00)

         5 --  Parameter  = Ratemultiplier
               Type       = Partition-specific rate multiplier
               Prior      = Fixed(1.0)

         6 --  Parameter  = Tau
               Type       = Topology
               Prior      = All topologies equally probable a priori
               Subparam.  = V

         7 --  Parameter  = V
               Type       = Branch lengths
               Prior      = Unconstrained:GammaDir(1.0,0.1000,1.0,1.0)



      The MCMC sampler will use the following moves:
         With prob.  Chain will use move
            0.93 %   Dirichlet(Revmat)
            0.93 %   Slider(Revmat)
            0.93 %   Dirichlet(Pi)
            0.93 %   Slider(Pi)
            1.85 %   Multiplier(Alpha)
            1.85 %   Slider(Pinvar)
            9.26 %   ExtSPR(Tau,V)
            9.26 %   ExtTBR(Tau,V)
            9.26 %   NNI(Tau,V)
            9.26 %   ParsSPR(Tau,V)
           37.04 %   Multiplier(V)
           12.96 %   Nodeslider(V)
            5.56 %   TLMultiplier(V)

      Division 1 has 51 unique site patterns
      Initializing conditional likelihoods
      Using standard SSE likelihood calculator for division 1 (single-precision)
      Initializing invariable-site conditional likelihoods

      Initial log likelihoods and log prior probs for run 1:
         Chain 1 -- -7938.657482 -- 144.221162
         Chain 2 -- -8020.026815 -- 144.221162
         Chain 3 -- -8020.325597 -- 144.221162
         Chain 4 -- -8048.408238 -- 144.221162

      Initial log likelihoods and log prior probs for run 2:
      Running Markov chain
      MCMC stamp = 7067967967
      Seed = 21204310
      Swapseed = 1539383176
      Model settings:

         Data not partitioned --
            Datatype  = DNA
            Nucmodel  = 4by4
            Nst       = 6
                        Substitution rates, expressed as proportions
                        of the rate sum, have a Dirichlet prior
                        (1.00,1.00,1.00,1.00,1.00,1.00)
            Covarion  = No
            # States  = 4
                        State frequencies have a Dirichlet prior
                        (1.00,1.00,1.00,1.00)
            Rates     = Invgamma
                        The distribution is approximated using 4 categories.
                        Likelihood summarized over all rate categories in each generation.
                        Shape parameter is exponentially
                        distributed with parameter (1.00).
                        Proportion of invariable sites is uniformly dist-
                        ributed on the interval (0.00,1.00).

      Active parameters: 

         Parameters
         ---------------------
         Revmat              1
         Statefreq           2
         Shape               3
         Pinvar              4
         Ratemultiplier      5
         Topology            6
         Brlens              7
         ---------------------

         1 --  Parameter  = Revmat
               Type       = Rates of reversible rate matrix
               Prior      = Dirichlet(1.00,1.00,1.00,1.00,1.00,1.00)

         2 --  Parameter  = Pi
               Type       = Stationary state frequencies
               Prior      = Dirichlet

         3 --  Parameter  = Alpha
               Type       = Shape of scaled gamma distribution of site rates
               Prior      = Exponential(1.00)

         4 --  Parameter  = Pinvar
               Type       = Proportion of invariable sites
               Prior      = Uniform(0.00,1.00)

         5 --  Parameter  = Ratemultiplier
               Type       = Partition-specific rate multiplier
               Prior      = Fixed(1.0)

         6 --  Parameter  = Tau
               Type       = Topology
               Prior      = All topologies equally probable a priori
               Subparam.  = V

         7 --  Parameter  = V
               Type       = Branch lengths
               Prior      = Unconstrained:GammaDir(1.0,0.1000,1.0,1.0)



      The MCMC sampler will use the following moves:
         With prob.  Chain will use move
            0.93 %   Dirichlet(Revmat)
            0.93 %   Slider(Revmat)
            0.93 %   Dirichlet(Pi)
            0.93 %   Slider(Pi)
            1.85 %   Multiplier(Alpha)
            1.85 %   Slider(Pinvar)
            9.26 %   ExtSPR(Tau,V)
            9.26 %   ExtTBR(Tau,V)
            9.26 %   NNI(Tau,V)
            9.26 %   ParsSPR(Tau,V)
           37.04 %   Multiplier(V)
           12.96 %   Nodeslider(V)
            5.56 %   TLMultiplier(V)

      Division 1 has 51 unique site patterns
      Initializing conditional likelihoods
      Using standard SSE likelihood calculator for division 1 (single-precision)
      Initializing invariable-site conditional likelihoods

      Initial log likelihoods and log prior probs for run 1:
      Taxon 55 -> JT167
      Taxon 56 -> JT170
      Taxon 57 -> JT171
      Initializing invariable-site conditional likelihoods

      Initial log likelihoods and log prior probs for run 1:
         Chain 1 -- -7938.657482 -- 144.221162
         Chain 2 -- -8020.026815 -- 144.221162
         Chain 3 -- -8020.325597 -- 144.221162
      Taxon 47 -> JT97
      Taxon 48 -> JT98
      Taxon 49 -> JT108
      Taxon 50 -> JT112
      Taxon 51 -> JT162
      Initializing invariable-site conditional likelihoods

      Initial log likelihoods and log prior probs for run 1:
         Chain 1 -- -7938.657482 -- 144.221162
         Chain 1 -- -8010.174440 -- 144.221162
         Chain 2 -- -8013.830325 -- 144.221162
         Chain 3 -- -7990.479797 -- 144.221162
         Chain 4 -- -7994.462485 -- 144.221162

         Chain 1 -- -7938.657482 -- 144.221162
         Chain 2 -- -8020.026815 -- 144.221162
         Chain 3 -- -8020.325597 -- 144.221162
         Chain 4 -- -8048.408238 -- 144.221162

      Initial log likelihoods and log prior probs for run 2:
      Taxon 58 -> JT172
      Taxon 59 -> JT173_0
      Taxon 60 -> JT173_1
      Taxon 61 -> JT174
         Chain 1 -- -8010.174440 -- 144.221162
         Chain 4 -- -8048.408238 -- 144.221162

      Initial log likelihoods and log prior probs for run 2:
         Chain 1 -- -8010.174440 -- 144.221162
         Chain 2 -- -8013.830325 -- 144.221162
         Chain 3 -- -7990.479797 -- 144.221162
      Taxon 52 -> JT164
      Taxon 53 -> JT165
      Initializing invariable-site conditional likelihoods

      Initial log likelihoods and log prior probs for run 1:
         Chain 1 -- -7938.657482 -- 144.221162
         Chain 2 -- -8020.026815 -- 144.221162
         Chain 2 -- -8020.026815 -- 144.221162
         Chain 3 -- -8020.325597 -- 144.221162
         Chain 4 -- -8048.408238 -- 144.221162

      Initial log likelihoods and log prior probs for run 2:
      Initializing invariable-site conditional likelihoods

      Initial log likelihoods and log prior probs for run 1:
         Chain 1 -- -7938.657482 -- 144.221162
         Chain 3 -- -8020.325597 -- 144.221162
         Chain 4 -- -8048.408238 -- 144.221162

      Initial log likelihoods and log prior probs for run 2:
         Chain 1 -- -8010.174440 -- 144.221162
         Chain 2 -- -8020.026815 -- 144.221162
         Chain 3 -- -8020.325597 -- 144.221162
         Chain 4 -- -8048.408238 -- 144.221162

      Initial log likelihoods and log prior probs for run 2:
      Taxon 62 -> JT175
      Taxon 63 -> JT177
         Chain 2 -- -8013.830325 -- 144.221162
         Chain 3 -- -7990.479797 -- 144.221162
         Chain 4 -- -7994.462485 -- 144.221162

         Chain 4 -- -7994.462485 -- 144.221162

      Taxon 54 -> JT166
      Taxon 55 -> JT167
         Chain 2 -- -8013.830325 -- 144.221162
         Chain 1 -- -8010.174440 -- 144.221162
         Chain 3 -- -7990.479797 -- 144.221162
         Chain 2 -- -8013.830325 -- 144.221162
         Chain 1 -- -8010.174440 -- 144.221162
         Chain 2 -- -8013.830325 -- 144.221162
         Chain 3 -- -7990.479797 -- 144.221162
      Taxon 64 -> JT178_0
      Taxon 65 -> JT178_1
      Taxon 56 -> JT170
      Taxon 57 -> JT171
      Taxon 58 -> JT172
      Taxon 59 -> JT173_0
      Taxon 60 -> JT173_1
         Chain 4 -- -7994.462485 -- 144.221162

      Overwriting file "plastid/Plastid_NoMissing.nex.mcmc"
         Chain 3 -- -7990.479797 -- 144.221162
         Chain 4 -- -7994.462485 -- 144.221162

      Overwriting file "plastid/Plastid_NoMissing.nex.mcmc"
      Overwriting file "plastid/Plastid_NoMissing.nex.run1.p"
      Overwriting file "plastid/Plastid_NoMissing.nex.run1.t"
         Chain 4 -- -7994.462485 -- 144.221162

      Overwriting file "plastid/Plastid_NoMissing.nex.mcmc"
      Overwriting file "plastid/Plastid_NoMissing.nex.run1.p"
      Overwriting file "plastid/Plastid_NoMissing.nex.run1.t"
      Overwriting file "plastid/Plastid_NoMissing.nex.run2.p"
      Overwriting file "plastid/Plastid_NoMissing.nex.run2.t"
      Overwriting file "plastid/Plastid_NoMissing.nex.run1.t"
      Overwriting file "plastid/Plastid_NoMissing.nex.run2.p"
      Overwriting file "plastid/Plastid_NoMissing.nex.run2.t"
      Overwriting file "plastid/Plastid_NoMissing.nex.run1.p"
      Overwriting file "plastid/Plastid_NoMissing.nex.run1.t"
      Taxon 66 -> JT182
      Taxon 67 -> JT183
      Taxon 68 -> JT184
      Taxon 69 -> JT185
      Taxon 70 -> JT188
      Taxon 61 -> JT174
      Taxon 62 -> JT175
      Taxon 63 -> JT177
      Taxon 64 -> JT178_0

      Using a relative burnin of 25.0 % for diagnostics

      Chain results (1000000 generations requested):

          0 -- [-7938.657] (-8020.027) (-8020.326) (-8048.408) * [-8010.174] (-8013.830) (-7990.480) (-7994.462) 
      Overwriting file "plastid/Plastid_NoMissing.nex.run2.p"
      Overwriting file "plastid/Plastid_NoMissing.nex.run2.t"

      Using a relative burnin of 25.0 % for diagnostics

      Chain results (1000000 generations requested):

          0 -- [-7938.657] (-8020.027) (-8020.326) (-8048.408) * [-8010.174] (-8013.830) (-7990.480) (-7994.462) 
      Overwriting file "plastid/Plastid_NoMissing.nex.run1.p"
      Overwriting file "plastid/Plastid_NoMissing.nex.run1.t"
      Overwriting file "plastid/Plastid_NoMissing.nex.run2.p"
      Overwriting file "plastid/Plastid_NoMissing.nex.run2.t"

      Using a relative burnin of 25.0 % for diagnostics

      Chain results (1000000 generations requested):

          0 -- [-7938.657] (-8020.027) (-8020.326) (-8048.408) * [-8010.174] (-8013.830) (-7990.480) (-7994.462) 

      Using a relative burnin of 25.0 % for diagnostics

      Chain results (1000000 generations requested):

          0 -- [-7938.657] (-8020.027) (-8020.326) (-8048.408) * [-8010.174] (-8013.830) (-7990.480) (-7994.462) 

      Using a relative burnin of 25.0 % for diagnostics

      Chain results (1000000 generations requested):

          0 -- [-7938.657] (-8020.027) (-8020.326) (-8048.408) * [-8010.174] (-8013.830) (-7990.480) (-7994.462) 
      Overwriting file "plastid/Plastid_NoMissing.nex.run2.p"
      Taxon 71 -> L5
      Taxon 65 -> JT178_1
      Taxon 72 -> L62
      Taxon 73 -> L65
      Taxon 66 -> JT182
      Taxon 67 -> JT183
      Overwriting file "plastid/Plastid_NoMissing.nex.run2.t"
      Taxon 68 -> JT184
      Taxon 69 -> JT185
      Taxon 74 -> L93
      Taxon 75 -> L111

      Using a relative burnin of 25.0 % for diagnostics

      Chain results (1000000 generations requested):

          0 -- [-7938.657] (-8020.027) (-8020.326) (-8048.408) * [-8010.174] (-8013.830) (-7990.480) (-7994.462) 
      Taxon 76 -> L132
      Taxon 77 -> Lo9
      Taxon 70 -> JT188
      Taxon 71 -> L5
      Taxon 78 -> Lo16
      Taxon 79 -> Lo28
      Taxon 72 -> L62
      Taxon 73 -> L65
      Taxon 80 -> Lo43
      Taxon 74 -> L93
      Taxon 75 -> L111
      Taxon 81 -> Tec
      Taxon 76 -> L132
      Taxon 77 -> Lo9
      Taxon 78 -> Lo16
      Taxon 79 -> Lo28
      Taxon 80 -> Lo43
      Successfully read matrix
      Setting default partition (does not divide up characters)
      Setting model defaults
      Seed (for generating default start values) = 1539383176
      Taxon 81 -> Tec
      Successfully read matrix
      Setting default partition (does not divide up characters)
      Setting model defaults
      Seed (for generating default start values) = 1539383176
      Setting output file names to "plastid/Plastid_NoMissing.nex.run<i>.<p|t>"
   Exiting characters block
   Reached end of file

   Returning execution to calling file ...

      Setting Nst to 6
      Setting Rates to Invgamma
      Successfully set likelihood model parameters
      Setting output file names to "plastid/Plastid_NoMissing.nex.run<i>.<p|t>"
   Exiting characters block
   Reached end of file

   Returning execution to calling file ...

      Setting Nst to 6
      Setting Rates to Invgamma
      Successfully set likelihood model parameters
      Running Markov chain
      MCMC stamp = 7067967967
      Seed = 21204310
      Swapseed = 1539383176
      Model settings:

         Data not partitioned --
            Datatype  = DNA
            Nucmodel  = 4by4
            Nst       = 6
                        Substitution rates, expressed as proportions
                        of the rate sum, have a Dirichlet prior
                        (1.00,1.00,1.00,1.00,1.00,1.00)
            Covarion  = No
            # States  = 4
                        State frequencies have a Dirichlet prior
                        (1.00,1.00,1.00,1.00)
            Rates     = Invgamma
                        The distribution is approximated using 4 categories.
                        Likelihood summarized over all rate categories in each generation.
                        Shape parameter is exponentially
                        distributed with parameter (1.00).
                        Proportion of invariable sites is uniformly dist-
                        ributed on the interval (0.00,1.00).

      Active parameters: 

         Parameters
         ---------------------
         Revmat              1
         Statefreq           2
         Shape               3
         Pinvar              4
         Ratemultiplier      5
         Topology            6
         Brlens              7
         ---------------------

         1 --  Parameter  = Revmat
               Type       = Rates of reversible rate matrix
               Prior      = Dirichlet(1.00,1.00,1.00,1.00,1.00,1.00)

         2 --  Parameter  = Pi
               Type       = Stationary state frequencies
               Prior      = Dirichlet

         3 --  Parameter  = Alpha
               Type       = Shape of scaled gamma distribution of site rates
               Prior      = Exponential(1.00)

         4 --  Parameter  = Pinvar
               Type       = Proportion of invariable sites
               Prior      = Uniform(0.00,1.00)

         5 --  Parameter  = Ratemultiplier
               Type       = Partition-specific rate multiplier
               Prior      = Fixed(1.0)

         6 --  Parameter  = Tau
               Type       = Topology
               Prior      = All topologies equally probable a priori
               Subparam.  = V

         7 --  Parameter  = V
               Type       = Branch lengths
               Prior      = Unconstrained:GammaDir(1.0,0.1000,1.0,1.0)



      The MCMC sampler will use the following moves:
         With prob.  Chain will use move
            0.93 %   Dirichlet(Revmat)
            0.93 %   Slider(Revmat)
            0.93 %   Dirichlet(Pi)
            0.93 %   Slider(Pi)
            1.85 %   Multiplier(Alpha)
            1.85 %   Slider(Pinvar)
            9.26 %   ExtSPR(Tau,V)
            9.26 %   ExtTBR(Tau,V)
            9.26 %   NNI(Tau,V)
            9.26 %   ParsSPR(Tau,V)
           37.04 %   Multiplier(V)
           12.96 %   Nodeslider(V)
            5.56 %   TLMultiplier(V)

      Division 1 has 51 unique site patterns
      Initializing conditional likelihoods
      Using standard SSE likelihood calculator for division 1 (single-precision)
      Running Markov chain
      MCMC stamp = 7067967967
      Seed = 21204310
      Swapseed = 1539383176
      Model settings:

         Data not partitioned --
            Datatype  = DNA
            Nucmodel  = 4by4
            Nst       = 6
                        Substitution rates, expressed as proportions
                        of the rate sum, have a Dirichlet prior
                        (1.00,1.00,1.00,1.00,1.00,1.00)
            Covarion  = No
            # States  = 4
                        State frequencies have a Dirichlet prior
                        (1.00,1.00,1.00,1.00)
            Rates     = Invgamma
                        The distribution is approximated using 4 categories.
                        Likelihood summarized over all rate categories in each generation.
                        Shape parameter is exponentially
                        distributed with parameter (1.00).
                        Proportion of invariable sites is uniformly dist-
                        ributed on the interval (0.00,1.00).

      Active parameters: 

         Parameters
         ---------------------
         Revmat              1
         Statefreq           2
         Shape               3
         Pinvar              4
         Ratemultiplier      5
         Topology            6
         Brlens              7
         ---------------------

         1 --  Parameter  = Revmat
               Type       = Rates of reversible rate matrix
               Prior      = Dirichlet(1.00,1.00,1.00,1.00,1.00,1.00)

         2 --  Parameter  = Pi
               Type       = Stationary state frequencies
               Prior      = Dirichlet

         3 --  Parameter  = Alpha
               Type       = Shape of scaled gamma distribution of site rates
               Prior      = Exponential(1.00)

         4 --  Parameter  = Pinvar
               Type       = Proportion of invariable sites
               Prior      = Uniform(0.00,1.00)

         5 --  Parameter  = Ratemultiplier
               Type       = Partition-specific rate multiplier
               Prior      = Fixed(1.0)

         6 --  Parameter  = Tau
               Type       = Topology
               Prior      = All topologies equally probable a priori
               Subparam.  = V

         7 --  Parameter  = V
               Type       = Branch lengths
               Prior      = Unconstrained:GammaDir(1.0,0.1000,1.0,1.0)



      The MCMC sampler will use the following moves:
         With prob.  Chain will use move
            0.93 %   Dirichlet(Revmat)
            0.93 %   Slider(Revmat)
            0.93 %   Dirichlet(Pi)
            0.93 %   Slider(Pi)
            1.85 %   Multiplier(Alpha)
            1.85 %   Slider(Pinvar)
            9.26 %   ExtSPR(Tau,V)
            9.26 %   ExtTBR(Tau,V)
            9.26 %   NNI(Tau,V)
            9.26 %   ParsSPR(Tau,V)
           37.04 %   Multiplier(V)
           12.96 %   Nodeslider(V)
            5.56 %   TLMultiplier(V)

      Division 1 has 51 unique site patterns
      Initializing conditional likelihoods
      Using standard SSE likelihood calculator for division 1 (single-precision)
      Initializing invariable-site conditional likelihoods

      Initial log likelihoods and log prior probs for run 1:
         Chain 1 -- -7938.657482 -- 144.221162
      Initializing invariable-site conditional likelihoods

      Initial log likelihoods and log prior probs for run 1:
         Chain 1 -- -7938.657482 -- 144.221162
         Chain 2 -- -8020.026815 -- 144.221162
         Chain 3 -- -8020.325597 -- 144.221162
         Chain 4 -- -8048.408238 -- 144.221162

      Initial log likelihoods and log prior probs for run 2:
         Chain 1 -- -8010.174440 -- 144.221162
         Chain 2 -- -8013.830325 -- 144.221162
         Chain 3 -- -7990.479797 -- 144.221162
         Chain 4 -- -7994.462485 -- 144.221162

      Overwriting file "plastid/Plastid_NoMissing.nex.mcmc"
         Chain 2 -- -8020.026815 -- 144.221162
         Chain 3 -- -8020.325597 -- 144.221162
         Chain 4 -- -8048.408238 -- 144.221162

      Initial log likelihoods and log prior probs for run 2:
         Chain 1 -- -8010.174440 -- 144.221162
         Chain 2 -- -8013.830325 -- 144.221162
         Chain 3 -- -7990.479797 -- 144.221162
         Chain 4 -- -7994.462485 -- 144.221162

      Overwriting file "plastid/Plastid_NoMissing.nex.mcmc"
      Overwriting file "plastid/Plastid_NoMissing.nex.run1.p"
      Overwriting file "plastid/Plastid_NoMissing.nex.run1.t"
      Overwriting file "plastid/Plastid_NoMissing.nex.run2.p"
      Overwriting file "plastid/Plastid_NoMissing.nex.run2.t"

      Using a relative burnin of 25.0 % for diagnostics

      Chain results (1000000 generations requested):

          0 -- [-7938.657] (-8020.027) (-8020.326) (-8048.408) * [-8010.174] (-8013.830) (-7990.480) (-7994.462) 
      Overwriting file "plastid/Plastid_NoMissing.nex.run1.p"
      Overwriting file "plastid/Plastid_NoMissing.nex.run1.t"
      Overwriting file "plastid/Plastid_NoMissing.nex.run2.p"
      Overwriting file "plastid/Plastid_NoMissing.nex.run2.t"

      Using a relative burnin of 25.0 % for diagnostics

      Chain results (1000000 generations requested):

          0 -- [-7938.657] (-8020.027) (-8020.326) (-8048.408) * [-8010.174] (-8013.830) (-7990.480) (-7994.462) 
       1000 -- (-4162.547) (-4091.963) [-4104.216] (-4315.813) * (-4288.686) (-4214.963) [-4216.744] (-4210.677) -- 0:33:18
       1000 -- (-4162.547) (-4091.963) [-4104.216] (-4315.813) * (-4288.686) (-4214.963) [-4216.744] (-4210.677) -- 0:33:18
       1000 -- (-4162.547) (-4091.963) [-4104.216] (-4315.813) * (-4288.686) (-4214.963) [-4216.744] (-4210.677) -- 0:33:18
       1000 -- (-4162.547) (-4091.963) [-4104.216] (-4315.813) * (-4288.686) (-4214.963) [-4216.744] (-4210.677) -- 0:33:18
       1000 -- (-4162.547) (-4091.963) [-4104.216] (-4315.813) * (-4288.686) (-4214.963) [-4216.744] (-4210.677) -- 0:33:18
       1000 -- (-4162.547) (-4091.963) [-4104.216] (-4315.813) * (-4288.686) (-4214.963) [-4216.744] (-4210.677) -- 0:33:18
       1000 -- (-4162.547) (-4091.963) [-4104.216] (-4315.813) * (-4288.686) (-4214.963) [-4216.744] (-4210.677) -- 0:49:57
       1000 -- (-4162.547) (-4091.963) [-4104.216] (-4315.813) * (-4288.686) (-4214.963) [-4216.744] (-4210.677) -- 0:49:57
       2000 -- (-3883.899) [-3767.948] (-3891.778) (-3977.011) * (-3905.144) (-3976.334) (-3950.672) [-3774.175] -- 0:49:54
       2000 -- (-3883.899) [-3767.948] (-3891.778) (-3977.011) * (-3905.144) (-3976.334) (-3950.672) [-3774.175] -- 0:49:54
       2000 -- (-3883.899) [-3767.948] (-3891.778) (-3977.011) * (-3905.144) (-3976.334) (-3950.672) [-3774.175] -- 0:49:54
       2000 -- (-3883.899) [-3767.948] (-3891.778) (-3977.011) * (-3905.144) (-3976.334) (-3950.672) [-3774.175] -- 0:49:54
       2000 -- (-3883.899) [-3767.948] (-3891.778) (-3977.011) * (-3905.144) (-3976.334) (-3950.672) [-3774.175] -- 0:49:54
       2000 -- (-3883.899) [-3767.948] (-3891.778) (-3977.011) * (-3905.144) (-3976.334) (-3950.672) [-3774.175] -- 0:49:54
       2000 -- (-3883.899) [-3767.948] (-3891.778) (-3977.011) * (-3905.144) (-3976.334) (-3950.672) [-3774.175] -- 0:49:54
       2000 -- (-3883.899) [-3767.948] (-3891.778) (-3977.011) * (-3905.144) (-3976.334) (-3950.672) [-3774.175] -- 0:49:54
       3000 -- (-3728.551) [-3679.000] (-3797.603) (-3742.920) * (-3765.990) (-3835.028) (-3773.843) [-3647.980] -- 0:49:51
       3000 -- (-3728.551) [-3679.000] (-3797.603) (-3742.920) * (-3765.990) (-3835.028) (-3773.843) [-3647.980] -- 0:49:51
       3000 -- (-3728.551) [-3679.000] (-3797.603) (-3742.920) * (-3765.990) (-3835.028) (-3773.843) [-3647.980] -- 0:49:51
       3000 -- (-3728.551) [-3679.000] (-3797.603) (-3742.920) * (-3765.990) (-3835.028) (-3773.843) [-3647.980] -- 0:49:51
       3000 -- (-3728.551) [-3679.000] (-3797.603) (-3742.920) * (-3765.990) (-3835.028) (-3773.843) [-3647.980] -- 0:49:51
       3000 -- (-3728.551) [-3679.000] (-3797.603) (-3742.920) * (-3765.990) (-3835.028) (-3773.843) [-3647.980] -- 0:49:51
       3000 -- (-3728.551) [-3679.000] (-3797.603) (-3742.920) * (-3765.990) (-3835.028) (-3773.843) [-3647.980] -- 0:49:51
       3000 -- (-3728.551) [-3679.000] (-3797.603) (-3742.920) * (-3765.990) (-3835.028) (-3773.843) [-3647.980] -- 0:49:51
       4000 -- (-3625.904) [-3678.211] (-3680.916) (-3681.797) * (-3664.985) (-3769.857) (-3672.668) [-3638.554] -- 0:45:39
       4000 -- (-3625.904) [-3678.211] (-3680.916) (-3681.797) * (-3664.985) (-3769.857) (-3672.668) [-3638.554] -- 0:45:39
       4000 -- (-3625.904) [-3678.211] (-3680.916) (-3681.797) * (-3664.985) (-3769.857) (-3672.668) [-3638.554] -- 0:45:39
       4000 -- (-3625.904) [-3678.211] (-3680.916) (-3681.797) * (-3664.985) (-3769.857) (-3672.668) [-3638.554] -- 0:45:39
       4000 -- (-3625.904) [-3678.211] (-3680.916) (-3681.797) * (-3664.985) (-3769.857) (-3672.668) [-3638.554] -- 0:45:39
       4000 -- (-3625.904) [-3678.211] (-3680.916) (-3681.797) * (-3664.985) (-3769.857) (-3672.668) [-3638.554] -- 0:45:39
       4000 -- (-3625.904) [-3678.211] (-3680.916) (-3681.797) * (-3664.985) (-3769.857) (-3672.668) [-3638.554] -- 0:45:39
       4000 -- (-3625.904) [-3678.211] (-3680.916) (-3681.797) * (-3664.985) (-3769.857) (-3672.668) [-3638.554] -- 0:45:39
       5000 -- (-3639.708) [-3604.251] (-3631.300) (-3612.110) * (-3638.285) (-3678.434) (-3641.549) [-3629.178] -- 0:46:26

      Average standard deviation of split frequencies: 0.087093

       5000 -- (-3639.708) [-3604.251] (-3631.300) (-3612.110) * (-3638.285) (-3678.434) (-3641.549) [-3629.178] -- 0:46:26

       5000 -- (-3639.708) [-3604.251] (-3631.300) (-3612.110) * (-3638.285) (-3678.434) (-3641.549) [-3629.178] -- 0:46:26

      Average standard deviation of split frequencies: 0.087093

      Average standard deviation of split frequencies: 0.087093

       5000 -- (-3639.708) [-3604.251] (-3631.300) (-3612.110) * (-3638.285) (-3678.434) (-3641.549) [-3629.178] -- 0:46:26

       5000 -- (-3639.708) [-3604.251] (-3631.300) (-3612.110) * (-3638.285) (-3678.434) (-3641.549) [-3629.178] -- 0:46:26

      Average standard deviation of split frequencies: 0.087093

      Average standard deviation of split frequencies: 0.087093

       5000 -- (-3639.708) [-3604.251] (-3631.300) (-3612.110) * (-3638.285) (-3678.434) (-3641.549) [-3629.178] -- 0:46:26

      Average standard deviation of split frequencies: 0.087093

       5000 -- (-3639.708) [-3604.251] (-3631.300) (-3612.110) * (-3638.285) (-3678.434) (-3641.549) [-3629.178] -- 0:46:26

      Average standard deviation of split frequencies: 0.087093

       5000 -- (-3639.708) [-3604.251] (-3631.300) (-3612.110) * (-3638.285) (-3678.434) (-3641.549) [-3629.178] -- 0:46:26

      Average standard deviation of split frequencies: 0.087093

       6000 -- (-3623.902) [-3583.591] (-3619.423) (-3602.871) * [-3599.259] (-3633.524) (-3620.360) (-3628.417) -- 0:49:42
       6000 -- (-3623.902) [-3583.591] (-3619.423) (-3602.871) * [-3599.259] (-3633.524) (-3620.360) (-3628.417) -- 0:49:42
       6000 -- (-3623.902) [-3583.591] (-3619.423) (-3602.871) * [-3599.259] (-3633.524) (-3620.360) (-3628.417) -- 0:49:42
       6000 -- (-3623.902) [-3583.591] (-3619.423) (-3602.871) * [-3599.259] (-3633.524) (-3620.360) (-3628.417) -- 0:49:42
       6000 -- (-3623.902) [-3583.591] (-3619.423) (-3602.871) * [-3599.259] (-3633.524) (-3620.360) (-3628.417) -- 0:49:42
       6000 -- (-3623.902) [-3583.591] (-3619.423) (-3602.871) * [-3599.259] (-3633.524) (-3620.360) (-3628.417) -- 0:49:42
       6000 -- (-3623.902) [-3583.591] (-3619.423) (-3602.871) * [-3599.259] (-3633.524) (-3620.360) (-3628.417) -- 0:49:42
       6000 -- (-3623.902) [-3583.591] (-3619.423) (-3602.871) * [-3599.259] (-3633.524) (-3620.360) (-3628.417) -- 0:49:42
       7000 -- (-3628.565) [-3578.794] (-3629.877) (-3603.414) * [-3592.409] (-3604.131) (-3626.247) (-3603.655) -- 0:49:39
       7000 -- (-3628.565) [-3578.794] (-3629.877) (-3603.414) * [-3592.409] (-3604.131) (-3626.247) (-3603.655) -- 0:49:39
       7000 -- (-3628.565) [-3578.794] (-3629.877) (-3603.414) * [-3592.409] (-3604.131) (-3626.247) (-3603.655) -- 0:49:39
       7000 -- (-3628.565) [-3578.794] (-3629.877) (-3603.414) * [-3592.409] (-3604.131) (-3626.247) (-3603.655) -- 0:49:39
       7000 -- (-3628.565) [-3578.794] (-3629.877) (-3603.414) * [-3592.409] (-3604.131) (-3626.247) (-3603.655) -- 0:49:39
       7000 -- (-3628.565) [-3578.794] (-3629.877) (-3603.414) * [-3592.409] (-3604.131) (-3626.247) (-3603.655) -- 0:49:39
       7000 -- (-3628.565) [-3578.794] (-3629.877) (-3603.414) * [-3592.409] (-3604.131) (-3626.247) (-3603.655) -- 0:49:39
       7000 -- (-3628.565) [-3578.794] (-3629.877) (-3603.414) * [-3592.409] (-3604.131) (-3626.247) (-3603.655) -- 0:49:39
       8000 -- (-3626.303) [-3578.231] (-3598.045) (-3586.635) * [-3582.592] (-3606.203) (-3619.896) (-3602.112) -- 0:51:40
       8000 -- (-3626.303) [-3578.231] (-3598.045) (-3586.635) * [-3582.592] (-3606.203) (-3619.896) (-3602.112) -- 0:51:40
       8000 -- (-3626.303) [-3578.231] (-3598.045) (-3586.635) * [-3582.592] (-3606.203) (-3619.896) (-3602.112) -- 0:51:40
       8000 -- (-3626.303) [-3578.231] (-3598.045) (-3586.635) * [-3582.592] (-3606.203) (-3619.896) (-3602.112) -- 0:51:40
       8000 -- (-3626.303) [-3578.231] (-3598.045) (-3586.635) * [-3582.592] (-3606.203) (-3619.896) (-3602.112) -- 0:51:40
       8000 -- (-3626.303) [-3578.231] (-3598.045) (-3586.635) * [-3582.592] (-3606.203) (-3619.896) (-3602.112) -- 0:51:40
       8000 -- (-3626.303) [-3578.231] (-3598.045) (-3586.635) * [-3582.592] (-3606.203) (-3619.896) (-3602.112) -- 0:51:40
       8000 -- (-3626.303) [-3578.231] (-3598.045) (-3586.635) * [-3582.592] (-3606.203) (-3619.896) (-3602.112) -- 0:51:40
       9000 -- (-3624.305) [-3577.010] (-3600.975) (-3581.599) * [-3553.017] (-3605.267) (-3612.933) (-3604.553) -- 0:55:03
       9000 -- (-3624.305) [-3577.010] (-3600.975) (-3581.599) * [-3553.017] (-3605.267) (-3612.933) (-3604.553) -- 0:55:03
       9000 -- (-3624.305) [-3577.010] (-3600.975) (-3581.599) * [-3553.017] (-3605.267) (-3612.933) (-3604.553) -- 0:55:03
       9000 -- (-3624.305) [-3577.010] (-3600.975) (-3581.599) * [-3553.017] (-3605.267) (-3612.933) (-3604.553) -- 0:55:03
       9000 -- (-3624.305) [-3577.010] (-3600.975) (-3581.599) * [-3553.017] (-3605.267) (-3612.933) (-3604.553) -- 0:55:03
       9000 -- (-3624.305) [-3577.010] (-3600.975) (-3581.599) * [-3553.017] (-3605.267) (-3612.933) (-3604.553) -- 0:55:03
       9000 -- (-3624.305) [-3577.010] (-3600.975) (-3581.599) * [-3553.017] (-3605.267) (-3612.933) (-3604.553) -- 0:55:03
       9000 -- (-3624.305) [-3577.010] (-3600.975) (-3581.599) * [-3553.017] (-3605.267) (-3612.933) (-3604.553) -- 0:55:03
      10000 -- (-3623.142) [-3577.211] (-3609.008) (-3602.723) * [-3553.373] (-3607.715) (-3589.467) (-3588.459) -- 0:56:06

      Average standard deviation of split frequencies: 0.110485

      10000 -- (-3623.142) [-3577.211] (-3609.008) (-3602.723) * [-3553.373] (-3607.715) (-3589.467) (-3588.459) -- 0:56:06

      Average standard deviation of split frequencies: 0.110485

      10000 -- (-3623.142) [-3577.211] (-3609.008) (-3602.723) * [-3553.373] (-3607.715) (-3589.467) (-3588.459) -- 0:56:06

      Average standard deviation of split frequencies: 0.110485

      10000 -- (-3623.142) [-3577.211] (-3609.008) (-3602.723) * [-3553.373] (-3607.715) (-3589.467) (-3588.459) -- 0:56:06

      Average standard deviation of split frequencies: 0.110485

      10000 -- (-3623.142) [-3577.211] (-3609.008) (-3602.723) * [-3553.373] (-3607.715) (-3589.467) (-3588.459) -- 0:56:06
      10000 -- (-3623.142) [-3577.211] (-3609.008) (-3602.723) * [-3553.373] (-3607.715) (-3589.467) (-3588.459) -- 0:56:06

      Average standard deviation of split frequencies: 0.110485


      Average standard deviation of split frequencies: 0.110485

      10000 -- (-3623.142) [-3577.211] (-3609.008) (-3602.723) * [-3553.373] (-3607.715) (-3589.467) (-3588.459) -- 0:56:06

      Average standard deviation of split frequencies: 0.110485

      10000 -- (-3623.142) [-3577.211] (-3609.008) (-3602.723) * [-3553.373] (-3607.715) (-3589.467) (-3588.459) -- 0:56:06

      Average standard deviation of split frequencies: 0.110485

      11000 -- (-3620.901) [-3573.164] (-3614.490) (-3609.661) * [-3563.273] (-3600.195) (-3586.910) (-3573.470) -- 0:58:26
      11000 -- (-3620.901) [-3573.164] (-3614.490) (-3609.661) * [-3563.273] (-3600.195) (-3586.910) (-3573.470) -- 0:58:26
      11000 -- (-3620.901) [-3573.164] (-3614.490) (-3609.661) * [-3563.273] (-3600.195) (-3586.910) (-3573.470) -- 0:58:26
      11000 -- (-3620.901) [-3573.164] (-3614.490) (-3609.661) * [-3563.273] (-3600.195) (-3586.910) (-3573.470) -- 0:58:26
      11000 -- (-3620.901) [-3573.164] (-3614.490) (-3609.661) * [-3563.273] (-3600.195) (-3586.910) (-3573.470) -- 0:58:26
      11000 -- (-3620.901) [-3573.164] (-3614.490) (-3609.661) * [-3563.273] (-3600.195) (-3586.910) (-3573.470) -- 0:58:26
      11000 -- (-3620.901) [-3573.164] (-3614.490) (-3609.661) * [-3563.273] (-3600.195) (-3586.910) (-3573.470) -- 0:58:26
      11000 -- (-3620.901) [-3573.164] (-3614.490) (-3609.661) * [-3563.273] (-3600.195) (-3586.910) (-3573.470) -- 0:58:26
      12000 -- (-3612.209) [-3571.782] (-3611.033) (-3605.682) * [-3567.938] (-3595.034) (-3591.940) (-3578.095) -- 0:59:00
      12000 -- (-3612.209) [-3571.782] (-3611.033) (-3605.682) * [-3567.938] (-3595.034) (-3591.940) (-3578.095) -- 0:59:00
      12000 -- (-3612.209) [-3571.782] (-3611.033) (-3605.682) * [-3567.938] (-3595.034) (-3591.940) (-3578.095) -- 0:59:00
      12000 -- (-3612.209) [-3571.782] (-3611.033) (-3605.682) * [-3567.938] (-3595.034) (-3591.940) (-3578.095) -- 0:59:00
      12000 -- (-3612.209) [-3571.782] (-3611.033) (-3605.682) * [-3567.938] (-3595.034) (-3591.940) (-3578.095) -- 1:00:22
      12000 -- (-3612.209) [-3571.782] (-3611.033) (-3605.682) * [-3567.938] (-3595.034) (-3591.940) (-3578.095) -- 1:00:22
      12000 -- (-3612.209) [-3571.782] (-3611.033) (-3605.682) * [-3567.938] (-3595.034) (-3591.940) (-3578.095) -- 1:00:22
      12000 -- (-3612.209) [-3571.782] (-3611.033) (-3605.682) * [-3567.938] (-3595.034) (-3591.940) (-3578.095) -- 1:00:22
      13000 -- (-3608.100) [-3564.030] (-3609.160) (-3603.095) * [-3561.306] (-3592.376) (-3593.251) (-3564.473) -- 1:00:44
      13000 -- (-3608.100) [-3564.030] (-3609.160) (-3603.095) * [-3561.306] (-3592.376) (-3593.251) (-3564.473) -- 1:00:44
      13000 -- (-3608.100) [-3564.030] (-3609.160) (-3603.095) * [-3561.306] (-3592.376) (-3593.251) (-3564.473) -- 1:00:44
      13000 -- (-3608.100) [-3564.030] (-3609.160) (-3603.095) * [-3561.306] (-3592.376) (-3593.251) (-3564.473) -- 1:02:00
      13000 -- (-3608.100) [-3564.030] (-3609.160) (-3603.095) * [-3561.306] (-3592.376) (-3593.251) (-3564.473) -- 1:02:00
      13000 -- (-3608.100) [-3564.030] (-3609.160) (-3603.095) * [-3561.306] (-3592.376) (-3593.251) (-3564.473) -- 1:02:00
      13000 -- (-3608.100) [-3564.030] (-3609.160) (-3603.095) * [-3561.306] (-3592.376) (-3593.251) (-3564.473) -- 1:02:00
      13000 -- (-3608.100) [-3564.030] (-3609.160) (-3603.095) * [-3561.306] (-3592.376) (-3593.251) (-3564.473) -- 1:02:00
      14000 -- (-3617.859) [-3565.836] (-3619.616) (-3601.294) * [-3563.983] (-3602.467) (-3591.730) (-3553.472) -- 1:02:12
      14000 -- (-3617.859) [-3565.836] (-3619.616) (-3601.294) * [-3563.983] (-3602.467) (-3591.730) (-3553.472) -- 1:02:12
      14000 -- (-3617.859) [-3565.836] (-3619.616) (-3601.294) * [-3563.983] (-3602.467) (-3591.730) (-3553.472) -- 1:02:12
      14000 -- (-3617.859) [-3565.836] (-3619.616) (-3601.294) * [-3563.983] (-3602.467) (-3591.730) (-3553.472) -- 1:02:12
      14000 -- (-3617.859) [-3565.836] (-3619.616) (-3601.294) * [-3563.983] (-3602.467) (-3591.730) (-3553.472) -- 1:02:12
      14000 -- (-3617.859) [-3565.836] (-3619.616) (-3601.294) * [-3563.983] (-3602.467) (-3591.730) (-3553.472) -- 1:02:12
      14000 -- (-3617.859) [-3565.836] (-3619.616) (-3601.294) * [-3563.983] (-3602.467) (-3591.730) (-3553.472) -- 1:02:12
      14000 -- (-3617.859) [-3565.836] (-3619.616) (-3601.294) * [-3563.983] (-3602.467) (-3591.730) (-3553.472) -- 1:02:12
      15000 -- (-3602.604) [-3549.438] (-3609.320) (-3603.027) * [-3558.340] (-3596.519) (-3598.816) (-3559.964) -- 1:02:23

      Average standard deviation of split frequencies: 0.097200

      15000 -- (-3602.604) [-3549.438] (-3609.320) (-3603.027) * [-3558.340] (-3596.519) (-3598.816) (-3559.964) -- 1:02:23

      Average standard deviation of split frequencies: 0.097200

      15000 -- (-3602.604) [-3549.438] (-3609.320) (-3603.027) * [-3558.340] (-3596.519) (-3598.816) (-3559.964) -- 1:02:23

      Average standard deviation of split frequencies: 0.097200

      15000 -- (-3602.604) [-3549.438] (-3609.320) (-3603.027) * [-3558.340] (-3596.519) (-3598.816) (-3559.964) -- 1:02:23

      Average standard deviation of split frequencies: 0.097200

      15000 -- (-3602.604) [-3549.438] (-3609.320) (-3603.027) * [-3558.340] (-3596.519) (-3598.816) (-3559.964) -- 1:02:23

      Average standard deviation of split frequencies: 0.097200

      15000 -- (-3602.604) [-3549.438] (-3609.320) (-3603.027) * [-3558.340] (-3596.519) (-3598.816) (-3559.964) -- 1:02:23

      Average standard deviation of split frequencies: 0.097200

      15000 -- (-3602.604) [-3549.438] (-3609.320) (-3603.027) * [-3558.340] (-3596.519) (-3598.816) (-3559.964) -- 1:02:23

      Average standard deviation of split frequencies: 0.097200

      15000 -- (-3602.604) [-3549.438] (-3609.320) (-3603.027) * [-3558.340] (-3596.519) (-3598.816) (-3559.964) -- 1:02:23

      Average standard deviation of split frequencies: 0.097200

      16000 -- (-3601.482) [-3552.674] (-3611.525) (-3595.106) * (-3566.378) (-3597.768) (-3595.082) [-3557.106] -- 1:03:33
      16000 -- (-3601.482) [-3552.674] (-3611.525) (-3595.106) * (-3566.378) (-3597.768) (-3595.082) [-3557.106] -- 1:03:33
      16000 -- (-3601.482) [-3552.674] (-3611.525) (-3595.106) * (-3566.378) (-3597.768) (-3595.082) [-3557.106] -- 1:03:33
      16000 -- (-3601.482) [-3552.674] (-3611.525) (-3595.106) * (-3566.378) (-3597.768) (-3595.082) [-3557.106] -- 1:03:33
      16000 -- (-3601.482) [-3552.674] (-3611.525) (-3595.106) * (-3566.378) (-3597.768) (-3595.082) [-3557.106] -- 1:03:33
      16000 -- (-3601.482) [-3552.674] (-3611.525) (-3595.106) * (-3566.378) (-3597.768) (-3595.082) [-3557.106] -- 1:03:33
      16000 -- (-3601.482) [-3552.674] (-3611.525) (-3595.106) * (-3566.378) (-3597.768) (-3595.082) [-3557.106] -- 1:03:33
      16000 -- (-3601.482) [-3552.674] (-3611.525) (-3595.106) * (-3566.378) (-3597.768) (-3595.082) [-3557.106] -- 1:03:33
      17000 -- (-3597.901) [-3552.788] (-3611.060) (-3596.945) * [-3567.999] (-3600.985) (-3598.918) (-3561.607) -- 1:03:36
      17000 -- (-3597.901) [-3552.788] (-3611.060) (-3596.945) * [-3567.999] (-3600.985) (-3598.918) (-3561.607) -- 1:03:36
      17000 -- (-3597.901) [-3552.788] (-3611.060) (-3596.945) * [-3567.999] (-3600.985) (-3598.918) (-3561.607) -- 1:03:36
      17000 -- (-3597.901) [-3552.788] (-3611.060) (-3596.945) * [-3567.999] (-3600.985) (-3598.918) (-3561.607) -- 1:03:36
      17000 -- (-3597.901) [-3552.788] (-3611.060) (-3596.945) * [-3567.999] (-3600.985) (-3598.918) (-3561.607) -- 1:03:36
      17000 -- (-3597.901) [-3552.788] (-3611.060) (-3596.945) * [-3567.999] (-3600.985) (-3598.918) (-3561.607) -- 1:03:36
      17000 -- (-3597.901) [-3552.788] (-3611.060) (-3596.945) * [-3567.999] (-3600.985) (-3598.918) (-3561.607) -- 1:03:36
      17000 -- (-3597.901) [-3552.788] (-3611.060) (-3596.945) * [-3567.999] (-3600.985) (-3598.918) (-3561.607) -- 1:04:34
      18000 -- (-3608.255) [-3553.243] (-3602.331) (-3584.307) * [-3555.734] (-3600.824) (-3597.182) (-3568.682) -- 1:04:33
      18000 -- (-3608.255) [-3553.243] (-3602.331) (-3584.307) * [-3555.734] (-3600.824) (-3597.182) (-3568.682) -- 1:04:33
      18000 -- (-3608.255) [-3553.243] (-3602.331) (-3584.307) * [-3555.734] (-3600.824) (-3597.182) (-3568.682) -- 1:04:33
      18000 -- (-3608.255) [-3553.243] (-3602.331) (-3584.307) * [-3555.734] (-3600.824) (-3597.182) (-3568.682) -- 1:04:33
      18000 -- (-3608.255) [-3553.243] (-3602.331) (-3584.307) * [-3555.734] (-3600.824) (-3597.182) (-3568.682) -- 1:04:33
      18000 -- (-3608.255) [-3553.243] (-3602.331) (-3584.307) * [-3555.734] (-3600.824) (-3597.182) (-3568.682) -- 1:04:33
      18000 -- (-3608.255) [-3553.243] (-3602.331) (-3584.307) * [-3555.734] (-3600.824) (-3597.182) (-3568.682) -- 1:04:33
      18000 -- (-3608.255) [-3553.243] (-3602.331) (-3584.307) * [-3555.734] (-3600.824) (-3597.182) (-3568.682) -- 1:04:33
      19000 -- (-3598.883) [-3558.756] (-3612.192) (-3587.068) * (-3610.234) (-3600.571) (-3593.805) [-3552.990] -- 1:04:32
      19000 -- (-3598.883) [-3558.756] (-3612.192) (-3587.068) * (-3610.234) (-3600.571) (-3593.805) [-3552.990] -- 1:04:32
      19000 -- (-3598.883) [-3558.756] (-3612.192) (-3587.068) * (-3610.234) (-3600.571) (-3593.805) [-3552.990] -- 1:04:32
      19000 -- (-3598.883) [-3558.756] (-3612.192) (-3587.068) * (-3610.234) (-3600.571) (-3593.805) [-3552.990] -- 1:04:32
      19000 -- (-3598.883) [-3558.756] (-3612.192) (-3587.068) * (-3610.234) (-3600.571) (-3593.805) [-3552.990] -- 1:04:32
      19000 -- (-3598.883) [-3558.756] (-3612.192) (-3587.068) * (-3610.234) (-3600.571) (-3593.805) [-3552.990] -- 1:05:24
      19000 -- (-3598.883) [-3558.756] (-3612.192) (-3587.068) * (-3610.234) (-3600.571) (-3593.805) [-3552.990] -- 1:05:24
      19000 -- (-3598.883) [-3558.756] (-3612.192) (-3587.068) * (-3610.234) (-3600.571) (-3593.805) [-3552.990] -- 1:05:24
      20000 -- (-3601.936) [-3559.492] (-3617.238) (-3588.114) * (-3598.115) (-3605.506) (-3606.031) [-3558.213] -- 1:05:20

      Average standard deviation of split frequencies: 0.094644

      20000 -- (-3601.936) [-3559.492] (-3617.238) (-3588.114) * (-3598.115) (-3605.506) (-3606.031) [-3558.213] -- 1:05:20

      Average standard deviation of split frequencies: 0.094644

      20000 -- (-3601.936) [-3559.492] (-3617.238) (-3588.114) * (-3598.115) (-3605.506) (-3606.031) [-3558.213] -- 1:06:09

      Average standard deviation of split frequencies: 0.094644

      20000 -- (-3601.936) [-3559.492] (-3617.238) (-3588.114) * (-3598.115) (-3605.506) (-3606.031) [-3558.213] -- 1:06:09

      Average standard deviation of split frequencies: 0.094644

      20000 -- (-3601.936) [-3559.492] (-3617.238) (-3588.114) * (-3598.115) (-3605.506) (-3606.031) [-3558.213] -- 1:06:09

      Average standard deviation of split frequencies: 0.094644

      20000 -- (-3601.936) [-3559.492] (-3617.238) (-3588.114) * (-3598.115) (-3605.506) (-3606.031) [-3558.213] -- 1:06:09

      Average standard deviation of split frequencies: 0.094644

      20000 -- (-3601.936) [-3559.492] (-3617.238) (-3588.114) * (-3598.115) (-3605.506) (-3606.031) [-3558.213] -- 1:06:09

      Average standard deviation of split frequencies: 0.094644

      20000 -- (-3601.936) [-3559.492] (-3617.238) (-3588.114) * (-3598.115) (-3605.506) (-3606.031) [-3558.213] -- 1:06:09

      Average standard deviation of split frequencies: 0.094644

