

                            MrBayes v3.2.6 x64

                      (Bayesian Analysis of Phylogeny)

              Distributed under the GNU General Public License


               Type "help" or "help <command>" for information
                     on the commands that are available.

                   Type "about" for authorship and general
                       information about the program.



   Executing file "LFY.par"
   UNIX line termination
   Longest line length = 37
   Parsing file
   Setting autoclose to yes
   Setting nowarnings to yes

   Executing file "LFY/LFYrenamed.nex"...



                            MrBayes v3.2.6 x64

                      (Bayesian Analysis of Phylogeny)

              Distributed under the GNU General Public License


               Type "help" or "help <command>" for information
                     on the commands that are available.

                   Type "about" for authorship and general
                       information about the program.



   Executing file "LFY.par"
   UNIX line termination
   Longest line length = 37
   Parsing file
   Setting autoclose to yes
   Setting nowarnings to yes

   Executing file "LFY/LFYrenamed.nex"...



                            MrBayes v3.2.6 x64

                      (Bayesian Analysis of Phylogeny)

              Distributed under the GNU General Public License


               Type "help" or "help <command>" for information
                     on the commands that are available.

                   Type "about" for authorship and general
                       information about the program.



   Executing file "LFY.par"
   UNIX line termination
   Longest line length = 37
   Parsing file
   Setting autoclose to yes
   Setting nowarnings to yes

   Executing file "LFY/LFYrenamed.nex"...



                            MrBayes v3.2.6 x64

                      (Bayesian Analysis of Phylogeny)

              Distributed under the GNU General Public License


               Type "help" or "help <command>" for information
                     on the commands that are available.

                   Type "about" for authorship and general
                       information about the program.



   Executing file "LFY.par"
   UNIX line termination
   Longest line length = 37
   Parsing file
   Setting autoclose to yes
   Setting nowarnings to yes

   Executing file "LFY/LFYrenamed.nex"...



                            MrBayes v3.2.6 x64

                      (Bayesian Analysis of Phylogeny)

              Distributed under the GNU General Public License


               Type "help" or "help <command>" for information
                     on the commands that are available.

                   Type "about" for authorship and general
                       information about the program.



   Executing file "LFY.par"
   UNIX line termination
   Longest line length = 37
   Parsing file
   Setting autoclose to yes
   Setting nowarnings to yes

   Executing file "LFY/LFYrenamed.nex"...



                            MrBayes v3.2.6 x64

                      (Bayesian Analysis of Phylogeny)

              Distributed under the GNU General Public License


               Type "help" or "help <command>" for information
                     on the commands that are available.

                   Type "about" for authorship and general
                       information about the program.



   Executing file "LFY.par"
   UNIX line termination
   Longest line length = 37
   Parsing file
   Setting autoclose to yes
   Setting nowarnings to yes

   Executing file "LFY/LFYrenamed.nex"...



                            MrBayes v3.2.6 x64

                      (Bayesian Analysis of Phylogeny)

              Distributed under the GNU General Public License


               Type "help" or "help <command>" for information
                     on the commands that are available.

                   Type "about" for authorship and general
                       information about the program.



   Executing file "LFY.par"
   UNIX line termination
   Longest line length = 37
   Parsing file
   Setting autoclose to yes
   Setting nowarnings to yes

   Executing file "LFY/LFYrenamed.nex"...



                            MrBayes v3.2.6 x64

                      (Bayesian Analysis of Phylogeny)

              Distributed under the GNU General Public License


               Type "help" or "help <command>" for information
                     on the commands that are available.

                   Type "about" for authorship and general
                       information about the program.



   Executing file "LFY.par"
   UNIX line termination
   Longest line length = 37
   Parsing file
   Setting autoclose to yes
   Setting nowarnings to yes

   Executing file "LFY/LFYrenamed.nex"...

   UNIX line termination
   UNIX line termination
   UNIX line termination
   UNIX line termination
   Longest line length = 923
   Parsing file
   Expecting NEXUS formatted file
   Reading taxa block
      Allocated taxon set
      Defining new set of 93 taxa
   Exiting taxa block
   Reading characters block
   UNIX line termination
   Longest line length = 923
   Parsing file
   Expecting NEXUS formatted file
   Reading taxa block
      Allocated taxon set
      Defining new set of 93 taxa
   Exiting taxa block
   Reading characters block
      Allocated matrix
      Defining new character matrix with 909 characters
      Data is Dna
      Missing data coded as ?
      Gaps coded as -
      Taxon  1 -> LFY_Pedulis
      Taxon  2 -> LFY_Haplo91
      Taxon  3 -> LFY_Haplo92
      Taxon  4 -> LFY_Haplo1
      Taxon  5 -> LFY_Haplo2
      Taxon  6 -> LFY_Haplo3
      Taxon  7 -> LFY_Haplo4
      Taxon  8 -> LFY_Haplo5
      Taxon  9 -> LFY_Haplo6
      Taxon 10 -> LFY_Haplo7
      Taxon 11 -> LFY_Haplo8
      Taxon 12 -> LFY_Haplo9
      Taxon 13 -> LFY_Haplo10
      Taxon 14 -> LFY_Haplo11
      Taxon 15 -> LFY_Haplo12
      Taxon 16 -> LFY_Haplo13
      Taxon 17 -> LFY_Haplo14
      Taxon 18 -> LFY_Haplo15
      Taxon 19 -> LFY_Haplo16
   UNIX line termination
   Longest line length = 923
   Parsing file
   Expecting NEXUS formatted file
   Reading taxa block
      Allocated taxon set
      Defining new set of 93 taxa
   Exiting taxa block
   Reading characters block
      Allocated matrix
      Defining new character matrix with 909 characters
      Data is Dna
      Missing data coded as ?
      Gaps coded as -
      Taxon  1 -> LFY_Pedulis
      Taxon  2 -> LFY_Haplo91
      Taxon  3 -> LFY_Haplo92
      Taxon  4 -> LFY_Haplo1
      Taxon  5 -> LFY_Haplo2
      Taxon  6 -> LFY_Haplo3
      Taxon  7 -> LFY_Haplo4
      Taxon  8 -> LFY_Haplo5
      Taxon  9 -> LFY_Haplo6
      Taxon 10 -> LFY_Haplo7
      Taxon 11 -> LFY_Haplo8
      Taxon 12 -> LFY_Haplo9
      Taxon 13 -> LFY_Haplo10
      Taxon 14 -> LFY_Haplo11
      Taxon 15 -> LFY_Haplo12
      Taxon 16 -> LFY_Haplo13
      Taxon 17 -> LFY_Haplo14
      Taxon 18 -> LFY_Haplo15
      Taxon 19 -> LFY_Haplo16
   UNIX line termination
   Longest line length = 923
   Parsing file
   Expecting NEXUS formatted file
   Reading taxa block
      Allocated taxon set
      Defining new set of 93 taxa
   Exiting taxa block
   Reading characters block
      Allocated matrix
      Defining new character matrix with 909 characters
      Data is Dna
      Missing data coded as ?
      Gaps coded as -
      Taxon  1 -> LFY_Pedulis
      Taxon  2 -> LFY_Haplo91
      Taxon  3 -> LFY_Haplo92
      Taxon  4 -> LFY_Haplo1
      Taxon  5 -> LFY_Haplo2
      Taxon  6 -> LFY_Haplo3
      Taxon  7 -> LFY_Haplo4
      Taxon  8 -> LFY_Haplo5
      Taxon  9 -> LFY_Haplo6
      Taxon 10 -> LFY_Haplo7
      Taxon 11 -> LFY_Haplo8
      Taxon 12 -> LFY_Haplo9
      Taxon 13 -> LFY_Haplo10
      Taxon 14 -> LFY_Haplo11
      Taxon 15 -> LFY_Haplo12
      Taxon 16 -> LFY_Haplo13
      Taxon 17 -> LFY_Haplo14
      Taxon 18 -> LFY_Haplo15
      Taxon 19 -> LFY_Haplo16
      Taxon 20 -> LFY_Haplo17
      Taxon 21 -> LFY_Haplo18
      Taxon 22 -> LFY_Haplo19
      Taxon 23 -> LFY_Haplo20
      Taxon 24 -> LFY_Haplo21
   Longest line length = 923
   Parsing file
   Expecting NEXUS formatted file
   Reading taxa block
      Allocated taxon set
      Defining new set of 93 taxa
   Exiting taxa block
   Reading characters block
      Allocated matrix
      Defining new character matrix with 909 characters
      Data is Dna
      Missing data coded as ?
      Gaps coded as -
      Taxon  1 -> LFY_Pedulis
      Taxon  2 -> LFY_Haplo91
      Taxon  3 -> LFY_Haplo92
      Taxon  4 -> LFY_Haplo1
      Taxon  5 -> LFY_Haplo2
      Taxon  6 -> LFY_Haplo3
      Taxon  7 -> LFY_Haplo4
      Taxon  8 -> LFY_Haplo5
      Taxon  9 -> LFY_Haplo6
      Taxon 10 -> LFY_Haplo7
      Taxon 11 -> LFY_Haplo8
      Taxon 12 -> LFY_Haplo9
      Taxon 13 -> LFY_Haplo10
      Taxon 14 -> LFY_Haplo11
   UNIX line termination
   Longest line length = 923
   Parsing file
   Expecting NEXUS formatted file
   Reading taxa block
      Allocated taxon set
      Defining new set of 93 taxa
      Taxon 25 -> LFY_Haplo22
      Taxon 26 -> LFY_Haplo23
      Taxon 27 -> LFY_Haplo24
      Taxon 28 -> LFY_Haplo25
      Taxon 29 -> LFY_Haplo26
      Taxon 30 -> LFY_Haplo27
      Taxon 31 -> LFY_Haplo28
      Taxon 32 -> LFY_Haplo29
      Taxon 33 -> LFY_Haplo30
      Taxon 34 -> LFY_Haplo31
      Taxon 35 -> LFY_Haplo32
   Longest line length = 923
   Parsing file
   Expecting NEXUS formatted file
   Reading taxa block
      Allocated taxon set
      Defining new set of 93 taxa
   Exiting taxa block
   Reading characters block
      Allocated matrix
      Defining new character matrix with 909 characters
      Data is Dna
      Missing data coded as ?
      Gaps coded as -
      Taxon  1 -> LFY_Pedulis
      Taxon 20 -> LFY_Haplo17
      Taxon 21 -> LFY_Haplo18
      Taxon 22 -> LFY_Haplo19
      Taxon 23 -> LFY_Haplo20
      Taxon 24 -> LFY_Haplo21
      Taxon 25 -> LFY_Haplo22
      Taxon 26 -> LFY_Haplo23
      Taxon 27 -> LFY_Haplo24
      Taxon 28 -> LFY_Haplo25
      Taxon 29 -> LFY_Haplo26
      Taxon 30 -> LFY_Haplo27
   Longest line length = 923
   Parsing file
   Expecting NEXUS formatted file
   Reading taxa block
      Allocated taxon set
      Defining new set of 93 taxa
   Exiting taxa block
   Reading characters block
      Allocated matrix
      Defining new character matrix with 909 characters
      Data is Dna
      Missing data coded as ?
      Gaps coded as -
      Taxon  1 -> LFY_Pedulis
      Taxon  2 -> LFY_Haplo91
      Taxon  3 -> LFY_Haplo92
      Taxon  4 -> LFY_Haplo1
      Taxon  5 -> LFY_Haplo2
      Taxon  6 -> LFY_Haplo3
      Taxon  7 -> LFY_Haplo4
      Taxon  8 -> LFY_Haplo5
      Taxon  9 -> LFY_Haplo6
      Taxon 10 -> LFY_Haplo7
      Taxon 11 -> LFY_Haplo8
      Taxon 12 -> LFY_Haplo9
      Taxon 13 -> LFY_Haplo10
      Taxon 14 -> LFY_Haplo11
      Taxon 15 -> LFY_Haplo12
      Taxon 16 -> LFY_Haplo13
      Taxon 17 -> LFY_Haplo14
      Taxon 18 -> LFY_Haplo15
      Taxon 19 -> LFY_Haplo16
      Taxon 36 -> LFY_Haplo33
      Taxon 37 -> LFY_Haplo34
      Taxon 38 -> LFY_Haplo35
      Taxon 39 -> LFY_Haplo36
      Taxon 40 -> LFY_Haplo37
      Taxon 41 -> LFY_Haplo38
      Taxon 42 -> LFY_Haplo39
      Taxon 43 -> LFY_Haplo40
      Taxon 44 -> LFY_Haplo41
      Taxon 45 -> LFY_Haplo42
      Taxon 46 -> LFY_Haplo43
      Taxon 47 -> LFY_Haplo44
      Taxon 48 -> LFY_Haplo45
      Taxon 49 -> LFY_Haplo46
      Taxon 50 -> LFY_Haplo47
      Taxon 51 -> LFY_Haplo48
      Taxon 52 -> LFY_Haplo49
      Taxon 53 -> LFY_Haplo50
      Taxon 54 -> LFY_Haplo51
      Taxon 55 -> LFY_Haplo52
      Taxon 56 -> LFY_Haplo53
      Taxon 57 -> LFY_Haplo54
   Exiting taxa block
   Reading characters block
      Allocated matrix
      Defining new character matrix with 909 characters
      Data is Dna
      Missing data coded as ?
      Gaps coded as -
      Taxon  1 -> LFY_Pedulis
      Taxon  2 -> LFY_Haplo91
      Taxon  3 -> LFY_Haplo92
      Taxon  4 -> LFY_Haplo1
      Taxon  5 -> LFY_Haplo2
      Taxon  6 -> LFY_Haplo3
      Taxon  7 -> LFY_Haplo4
      Taxon  8 -> LFY_Haplo5
      Taxon  9 -> LFY_Haplo6
      Taxon 10 -> LFY_Haplo7
      Taxon 11 -> LFY_Haplo8
      Taxon 12 -> LFY_Haplo9
      Taxon 20 -> LFY_Haplo17
      Taxon 21 -> LFY_Haplo18
      Taxon 22 -> LFY_Haplo19
      Taxon 23 -> LFY_Haplo20
      Taxon 24 -> LFY_Haplo21
      Taxon 25 -> LFY_Haplo22
      Taxon 26 -> LFY_Haplo23
      Taxon 27 -> LFY_Haplo24
      Taxon 28 -> LFY_Haplo25
      Taxon 29 -> LFY_Haplo26
      Taxon 30 -> LFY_Haplo27
      Taxon 31 -> LFY_Haplo28
      Taxon 32 -> LFY_Haplo29
      Taxon 33 -> LFY_Haplo30
      Taxon 34 -> LFY_Haplo31
      Taxon 35 -> LFY_Haplo32
      Taxon 36 -> LFY_Haplo33
      Taxon 37 -> LFY_Haplo34
      Taxon 38 -> LFY_Haplo35
      Taxon 39 -> LFY_Haplo36
      Taxon 40 -> LFY_Haplo37
      Taxon 41 -> LFY_Haplo38
      Taxon 42 -> LFY_Haplo39
      Taxon  2 -> LFY_Haplo91
      Taxon  3 -> LFY_Haplo92
      Taxon  4 -> LFY_Haplo1
      Taxon  5 -> LFY_Haplo2
      Taxon  6 -> LFY_Haplo3
      Taxon  7 -> LFY_Haplo4
      Taxon  8 -> LFY_Haplo5
      Taxon  9 -> LFY_Haplo6
      Taxon 10 -> LFY_Haplo7
      Taxon 11 -> LFY_Haplo8
      Taxon 12 -> LFY_Haplo9
      Taxon 13 -> LFY_Haplo10
      Taxon 14 -> LFY_Haplo11
      Taxon 15 -> LFY_Haplo12
      Taxon 16 -> LFY_Haplo13
      Taxon 17 -> LFY_Haplo14
      Taxon 18 -> LFY_Haplo15
      Taxon 31 -> LFY_Haplo28
      Taxon 32 -> LFY_Haplo29
      Taxon 33 -> LFY_Haplo30
      Taxon 34 -> LFY_Haplo31
      Taxon 35 -> LFY_Haplo32
      Taxon 36 -> LFY_Haplo33
      Taxon 37 -> LFY_Haplo34
      Taxon 38 -> LFY_Haplo35
      Taxon 39 -> LFY_Haplo36
      Taxon 40 -> LFY_Haplo37
      Taxon 41 -> LFY_Haplo38
      Taxon 42 -> LFY_Haplo39
      Taxon 43 -> LFY_Haplo40
      Taxon 44 -> LFY_Haplo41
      Taxon 45 -> LFY_Haplo42
      Taxon 46 -> LFY_Haplo43
      Taxon 47 -> LFY_Haplo44
      Taxon 48 -> LFY_Haplo45
      Taxon 15 -> LFY_Haplo12
      Taxon 16 -> LFY_Haplo13
      Taxon 17 -> LFY_Haplo14
      Taxon 18 -> LFY_Haplo15
      Taxon 19 -> LFY_Haplo16
      Taxon 20 -> LFY_Haplo17
      Taxon 21 -> LFY_Haplo18
      Taxon 22 -> LFY_Haplo19
      Taxon 23 -> LFY_Haplo20
      Taxon 24 -> LFY_Haplo21
      Taxon 25 -> LFY_Haplo22
      Taxon 26 -> LFY_Haplo23
      Taxon 27 -> LFY_Haplo24
      Taxon 28 -> LFY_Haplo25
      Taxon 29 -> LFY_Haplo26
      Taxon 30 -> LFY_Haplo27
      Taxon 31 -> LFY_Haplo28
      Taxon 58 -> LFY_Haplo55
      Taxon 59 -> LFY_Haplo56
      Taxon 60 -> LFY_Haplo57
      Taxon 61 -> LFY_Haplo58
      Taxon 62 -> LFY_Haplo59
      Taxon 63 -> LFY_Haplo60
      Taxon 64 -> LFY_Haplo61
      Taxon 65 -> LFY_Haplo62
      Taxon 66 -> LFY_Haplo63
      Taxon 67 -> LFY_Haplo64
      Taxon 68 -> LFY_Haplo65
      Taxon 69 -> LFY_Haplo66
      Taxon 70 -> LFY_Haplo67
      Taxon 71 -> LFY_Haplo68
      Taxon 72 -> LFY_Haplo69
      Taxon 73 -> LFY_Haplo70
      Taxon 74 -> LFY_Haplo71
      Taxon 75 -> LFY_Haplo72
      Taxon 76 -> LFY_Haplo73
      Taxon 77 -> LFY_Haplo74
      Taxon 78 -> LFY_Haplo75
      Taxon 79 -> LFY_Haplo76
      Taxon 13 -> LFY_Haplo10
      Taxon 14 -> LFY_Haplo11
      Taxon 15 -> LFY_Haplo12
      Taxon 16 -> LFY_Haplo13
      Taxon 17 -> LFY_Haplo14
      Taxon 18 -> LFY_Haplo15
      Taxon 19 -> LFY_Haplo16
      Taxon 20 -> LFY_Haplo17
      Taxon 21 -> LFY_Haplo18
      Taxon 22 -> LFY_Haplo19
      Taxon 23 -> LFY_Haplo20
      Allocated matrix
      Defining new character matrix with 909 characters
      Data is Dna
      Missing data coded as ?
      Gaps coded as -
      Taxon  1 -> LFY_Pedulis
      Taxon  2 -> LFY_Haplo91
      Taxon 43 -> LFY_Haplo40
      Taxon 44 -> LFY_Haplo41
      Taxon 45 -> LFY_Haplo42
      Taxon 46 -> LFY_Haplo43
      Taxon 47 -> LFY_Haplo44
      Taxon 48 -> LFY_Haplo45
      Taxon 49 -> LFY_Haplo46
      Taxon 50 -> LFY_Haplo47
      Taxon 51 -> LFY_Haplo48
      Taxon 52 -> LFY_Haplo49
      Taxon 53 -> LFY_Haplo50
      Taxon 54 -> LFY_Haplo51
      Taxon 55 -> LFY_Haplo52
      Taxon 56 -> LFY_Haplo53
      Taxon 57 -> LFY_Haplo54
      Taxon 58 -> LFY_Haplo55
      Taxon 59 -> LFY_Haplo56
      Taxon 60 -> LFY_Haplo57
      Taxon 61 -> LFY_Haplo58
      Taxon 62 -> LFY_Haplo59
      Taxon 63 -> LFY_Haplo60
      Taxon 64 -> LFY_Haplo61
      Taxon 65 -> LFY_Haplo62
      Taxon 20 -> LFY_Haplo17
      Taxon 21 -> LFY_Haplo18
      Taxon 22 -> LFY_Haplo19
      Taxon 23 -> LFY_Haplo20
      Taxon 24 -> LFY_Haplo21
      Taxon 25 -> LFY_Haplo22
      Taxon 26 -> LFY_Haplo23
      Taxon 27 -> LFY_Haplo24
      Taxon 28 -> LFY_Haplo25
      Taxon 29 -> LFY_Haplo26
      Taxon 30 -> LFY_Haplo27
      Taxon 31 -> LFY_Haplo28
      Taxon 32 -> LFY_Haplo29
      Taxon 33 -> LFY_Haplo30
      Taxon 34 -> LFY_Haplo31
      Taxon 35 -> LFY_Haplo32
      Taxon 36 -> LFY_Haplo33
      Taxon 37 -> LFY_Haplo34
      Taxon 38 -> LFY_Haplo35
      Taxon 39 -> LFY_Haplo36
      Taxon 40 -> LFY_Haplo37
      Taxon 41 -> LFY_Haplo38
      Taxon 42 -> LFY_Haplo39
      Taxon 43 -> LFY_Haplo40
      Taxon 44 -> LFY_Haplo41
      Taxon 45 -> LFY_Haplo42
      Taxon 46 -> LFY_Haplo43
      Taxon 47 -> LFY_Haplo44
      Taxon 48 -> LFY_Haplo45
      Taxon 49 -> LFY_Haplo46
      Taxon 49 -> LFY_Haplo46
      Taxon 50 -> LFY_Haplo47
      Taxon 51 -> LFY_Haplo48
      Taxon 52 -> LFY_Haplo49
      Taxon 53 -> LFY_Haplo50
      Taxon 54 -> LFY_Haplo51
      Taxon 55 -> LFY_Haplo52
      Taxon 56 -> LFY_Haplo53
      Taxon 57 -> LFY_Haplo54
      Taxon 58 -> LFY_Haplo55
      Taxon 59 -> LFY_Haplo56
      Taxon 60 -> LFY_Haplo57
      Taxon 61 -> LFY_Haplo58
      Taxon 62 -> LFY_Haplo59
      Taxon 63 -> LFY_Haplo60
      Taxon 64 -> LFY_Haplo61
      Taxon 65 -> LFY_Haplo62
      Taxon 80 -> LFY_Haplo77
      Taxon 81 -> LFY_Haplo78
      Taxon 82 -> LFY_Haplo79
      Taxon 83 -> LFY_Haplo80
      Taxon 84 -> LFY_Haplo81
      Taxon 85 -> LFY_Haplo82
      Taxon 86 -> LFY_Haplo83
      Taxon 87 -> LFY_Haplo84
      Taxon 88 -> LFY_Haplo85
      Taxon 89 -> LFY_Haplo86
      Taxon 90 -> LFY_Haplo87
      Taxon 91 -> LFY_Haplo88
      Taxon 92 -> LFY_Haplo89
      Taxon 93 -> LFY_Haplo90
      Successfully read matrix
      Setting default partition (does not divide up characters)
      Setting model defaults
      Seed (for generating default start values) = 1553899247
      Setting output file names to "LFY/LFYrenamed.nex.run<i>.<p|t>"
   Exiting characters block
   Reached end of file

   Returning execution to calling file ...

      Expecting '<name> or <number>'
      Instead found ')' in command 'Lset'
      The error occurred when reading char. 15 on line 3
         in the file 'LFY.par'
   Error in command "Execute"
   Will exit with signal 1 (error) because quitonerror is set to yes
   If you want control to be returned to the command line on error,
   use 'mb -i <filename>' (i is for interactive) or use 'set quitonerror=no'

      Taxon 32 -> LFY_Haplo29
      Taxon 33 -> LFY_Haplo30
      Taxon 34 -> LFY_Haplo31
      Taxon 35 -> LFY_Haplo32
      Taxon 36 -> LFY_Haplo33
      Taxon 37 -> LFY_Haplo34
      Taxon 38 -> LFY_Haplo35
      Taxon 39 -> LFY_Haplo36
      Taxon 40 -> LFY_Haplo37
      Taxon 41 -> LFY_Haplo38
      Taxon 42 -> LFY_Haplo39
      Taxon 43 -> LFY_Haplo40
      Taxon 44 -> LFY_Haplo41
      Taxon 45 -> LFY_Haplo42
      Taxon 46 -> LFY_Haplo43
      Taxon 47 -> LFY_Haplo44
      Taxon 48 -> LFY_Haplo45
      Taxon 49 -> LFY_Haplo46
      Taxon 50 -> LFY_Haplo47
      Taxon 51 -> LFY_Haplo48
      Taxon 52 -> LFY_Haplo49
      Taxon 53 -> LFY_Haplo50
      Taxon 54 -> LFY_Haplo51
      Taxon 55 -> LFY_Haplo52
      Taxon 56 -> LFY_Haplo53
      Taxon 57 -> LFY_Haplo54
      Taxon 58 -> LFY_Haplo55
      Taxon 59 -> LFY_Haplo56
      Taxon 60 -> LFY_Haplo57
      Taxon 61 -> LFY_Haplo58
      Taxon 62 -> LFY_Haplo59
      Taxon 63 -> LFY_Haplo60
      Taxon 64 -> LFY_Haplo61
      Taxon 65 -> LFY_Haplo62
      Taxon 66 -> LFY_Haplo63
      Taxon 67 -> LFY_Haplo64
      Taxon 68 -> LFY_Haplo65
      Taxon 66 -> LFY_Haplo63
      Taxon 67 -> LFY_Haplo64
      Taxon 68 -> LFY_Haplo65
      Taxon 69 -> LFY_Haplo66
      Taxon 70 -> LFY_Haplo67
      Taxon 71 -> LFY_Haplo68
      Taxon 72 -> LFY_Haplo69
      Taxon 73 -> LFY_Haplo70
      Taxon 74 -> LFY_Haplo71
      Taxon 75 -> LFY_Haplo72
      Taxon 76 -> LFY_Haplo73
      Taxon 77 -> LFY_Haplo74
      Taxon 78 -> LFY_Haplo75
      Taxon 79 -> LFY_Haplo76
      Taxon 80 -> LFY_Haplo77
      Taxon 81 -> LFY_Haplo78
      Taxon 82 -> LFY_Haplo79
      Taxon 83 -> LFY_Haplo80
      Taxon 84 -> LFY_Haplo81
      Taxon 85 -> LFY_Haplo82
      Taxon 86 -> LFY_Haplo83
      Taxon 87 -> LFY_Haplo84
      Taxon 24 -> LFY_Haplo21
      Taxon 25 -> LFY_Haplo22
      Taxon 26 -> LFY_Haplo23
      Taxon 27 -> LFY_Haplo24
      Taxon 28 -> LFY_Haplo25
      Taxon 29 -> LFY_Haplo26
      Taxon 30 -> LFY_Haplo27
      Taxon 31 -> LFY_Haplo28
      Taxon 32 -> LFY_Haplo29
      Taxon 33 -> LFY_Haplo30
      Taxon 34 -> LFY_Haplo31
      Taxon 35 -> LFY_Haplo32
      Taxon 36 -> LFY_Haplo33
      Taxon 37 -> LFY_Haplo34
      Taxon 38 -> LFY_Haplo35
      Taxon 39 -> LFY_Haplo36
      Taxon 40 -> LFY_Haplo37
      Taxon 41 -> LFY_Haplo38
      Taxon 42 -> LFY_Haplo39
      Taxon 43 -> LFY_Haplo40
      Taxon 44 -> LFY_Haplo41
      Taxon 45 -> LFY_Haplo42
      Taxon 46 -> LFY_Haplo43
      Taxon 47 -> LFY_Haplo44
      Taxon 48 -> LFY_Haplo45
      Taxon 49 -> LFY_Haplo46
      Taxon 50 -> LFY_Haplo47
      Taxon 51 -> LFY_Haplo48
      Taxon 52 -> LFY_Haplo49
      Taxon 53 -> LFY_Haplo50
      Taxon 54 -> LFY_Haplo51
      Taxon 55 -> LFY_Haplo52
      Taxon 56 -> LFY_Haplo53
      Taxon 57 -> LFY_Haplo54
      Taxon 58 -> LFY_Haplo55
      Taxon 59 -> LFY_Haplo56
      Taxon 60 -> LFY_Haplo57
      Taxon  3 -> LFY_Haplo92
      Taxon  4 -> LFY_Haplo1
      Taxon  5 -> LFY_Haplo2
      Taxon  6 -> LFY_Haplo3
      Taxon  7 -> LFY_Haplo4
      Taxon  8 -> LFY_Haplo5
      Taxon  9 -> LFY_Haplo6
      Taxon 10 -> LFY_Haplo7
      Taxon 11 -> LFY_Haplo8
      Taxon 12 -> LFY_Haplo9
      Taxon 13 -> LFY_Haplo10
      Taxon 14 -> LFY_Haplo11
      Taxon 15 -> LFY_Haplo12
      Taxon 16 -> LFY_Haplo13
      Taxon 17 -> LFY_Haplo14
      Taxon 18 -> LFY_Haplo15
      Taxon 19 -> LFY_Haplo16
      Taxon 20 -> LFY_Haplo17
      Taxon 21 -> LFY_Haplo18
      Taxon 22 -> LFY_Haplo19
      Taxon 23 -> LFY_Haplo20
      Taxon 24 -> LFY_Haplo21
      Taxon 25 -> LFY_Haplo22
      Taxon 26 -> LFY_Haplo23
      Taxon 27 -> LFY_Haplo24
      Taxon 28 -> LFY_Haplo25
      Taxon 29 -> LFY_Haplo26
      Taxon 30 -> LFY_Haplo27
      Taxon 31 -> LFY_Haplo28
      Taxon 32 -> LFY_Haplo29
      Taxon 33 -> LFY_Haplo30
      Taxon 34 -> LFY_Haplo31
      Taxon 35 -> LFY_Haplo32
      Taxon 36 -> LFY_Haplo33
      Taxon 37 -> LFY_Haplo34
      Taxon 38 -> LFY_Haplo35
      Taxon 39 -> LFY_Haplo36
      Taxon 40 -> LFY_Haplo37
      Taxon 19 -> LFY_Haplo16
      Taxon 20 -> LFY_Haplo17
      Taxon 21 -> LFY_Haplo18
      Taxon 22 -> LFY_Haplo19
      Taxon 23 -> LFY_Haplo20
      Taxon 24 -> LFY_Haplo21
      Taxon 25 -> LFY_Haplo22
      Taxon 26 -> LFY_Haplo23
      Taxon 27 -> LFY_Haplo24
      Taxon 28 -> LFY_Haplo25
      Taxon 29 -> LFY_Haplo26
      Taxon 30 -> LFY_Haplo27
      Taxon 31 -> LFY_Haplo28
      Taxon 32 -> LFY_Haplo29
      Taxon 33 -> LFY_Haplo30
      Taxon 34 -> LFY_Haplo31
      Taxon 35 -> LFY_Haplo32
      Taxon 36 -> LFY_Haplo33
      Taxon 37 -> LFY_Haplo34
      Taxon 38 -> LFY_Haplo35
      Taxon 39 -> LFY_Haplo36
      Taxon 40 -> LFY_Haplo37
      Taxon 41 -> LFY_Haplo38
      Taxon 42 -> LFY_Haplo39
      Taxon 43 -> LFY_Haplo40
      Taxon 44 -> LFY_Haplo41
      Taxon 45 -> LFY_Haplo42
      Taxon 46 -> LFY_Haplo43
      Taxon 47 -> LFY_Haplo44
      Taxon 48 -> LFY_Haplo45
      Taxon 49 -> LFY_Haplo46
      Taxon 50 -> LFY_Haplo47
      Taxon 51 -> LFY_Haplo48
      Taxon 52 -> LFY_Haplo49
      Taxon 53 -> LFY_Haplo50
      Taxon 54 -> LFY_Haplo51
      Taxon 55 -> LFY_Haplo52
      Taxon 56 -> LFY_Haplo53
      Taxon 57 -> LFY_Haplo54
      Taxon 58 -> LFY_Haplo55
      Taxon 59 -> LFY_Haplo56
      Taxon 60 -> LFY_Haplo57
      Taxon 61 -> LFY_Haplo58
      Taxon 62 -> LFY_Haplo59
      Taxon 63 -> LFY_Haplo60
      Taxon 64 -> LFY_Haplo61
      Taxon 65 -> LFY_Haplo62
      Taxon 66 -> LFY_Haplo63
      Taxon 67 -> LFY_Haplo64
      Taxon 68 -> LFY_Haplo65
      Taxon 69 -> LFY_Haplo66
      Taxon 70 -> LFY_Haplo67
      Taxon 71 -> LFY_Haplo68
      Taxon 72 -> LFY_Haplo69
      Taxon 73 -> LFY_Haplo70
      Taxon 74 -> LFY_Haplo71
      Taxon 75 -> LFY_Haplo72
      Taxon 76 -> LFY_Haplo73
      Taxon 77 -> LFY_Haplo74
      Taxon 78 -> LFY_Haplo75
      Taxon 79 -> LFY_Haplo76
      Taxon 80 -> LFY_Haplo77
      Taxon 81 -> LFY_Haplo78
      Taxon 82 -> LFY_Haplo79
      Taxon 66 -> LFY_Haplo63
      Taxon 67 -> LFY_Haplo64
      Taxon 68 -> LFY_Haplo65
      Taxon 69 -> LFY_Haplo66
      Taxon 70 -> LFY_Haplo67
      Taxon 71 -> LFY_Haplo68
      Taxon 72 -> LFY_Haplo69
      Taxon 73 -> LFY_Haplo70
      Taxon 74 -> LFY_Haplo71
      Taxon 75 -> LFY_Haplo72
      Taxon 76 -> LFY_Haplo73
      Taxon 77 -> LFY_Haplo74
      Taxon 78 -> LFY_Haplo75
      Taxon 79 -> LFY_Haplo76
      Taxon 80 -> LFY_Haplo77
      Taxon 81 -> LFY_Haplo78
      Taxon 82 -> LFY_Haplo79
      Taxon 83 -> LFY_Haplo80
      Taxon 84 -> LFY_Haplo81
      Taxon 85 -> LFY_Haplo82
      Taxon 86 -> LFY_Haplo83
      Taxon 87 -> LFY_Haplo84
      Taxon 88 -> LFY_Haplo85
      Taxon 89 -> LFY_Haplo86
      Taxon 90 -> LFY_Haplo87
      Taxon 91 -> LFY_Haplo88
      Taxon 92 -> LFY_Haplo89
      Taxon 93 -> LFY_Haplo90
      Successfully read matrix
      Setting default partition (does not divide up characters)
      Setting model defaults
      Seed (for generating default start values) = 1553899247
      Setting output file names to "LFY/LFYrenamed.nex.run<i>.<p|t>"
   Exiting characters block
   Reached end of file

   Returning execution to calling file ...

      Expecting '<name> or <number>'
      Instead found ')' in command 'Lset'
      The error occurred when reading char. 15 on line 3
         in the file 'LFY.par'
   Error in command "Execute"
   Will exit with signal 1 (error) because quitonerror is set to yes
   If you want control to be returned to the command line on error,
   use 'mb -i <filename>' (i is for interactive) or use 'set quitonerror=no'

      Taxon 50 -> LFY_Haplo47
      Taxon 51 -> LFY_Haplo48
      Taxon 52 -> LFY_Haplo49
      Taxon 53 -> LFY_Haplo50
      Taxon 54 -> LFY_Haplo51
      Taxon 55 -> LFY_Haplo52
      Taxon 56 -> LFY_Haplo53
      Taxon 57 -> LFY_Haplo54
      Taxon 58 -> LFY_Haplo55
      Taxon 59 -> LFY_Haplo56
      Taxon 60 -> LFY_Haplo57
      Taxon 61 -> LFY_Haplo58
      Taxon 62 -> LFY_Haplo59
      Taxon 63 -> LFY_Haplo60
      Taxon 64 -> LFY_Haplo61
      Taxon 65 -> LFY_Haplo62
      Taxon 66 -> LFY_Haplo63
      Taxon 67 -> LFY_Haplo64
      Taxon 68 -> LFY_Haplo65
      Taxon 69 -> LFY_Haplo66
      Taxon 70 -> LFY_Haplo67
      Taxon 71 -> LFY_Haplo68
      Taxon 72 -> LFY_Haplo69
      Taxon 73 -> LFY_Haplo70
      Taxon 74 -> LFY_Haplo71
      Taxon 75 -> LFY_Haplo72
      Taxon 76 -> LFY_Haplo73
      Taxon 77 -> LFY_Haplo74
      Taxon 78 -> LFY_Haplo75
      Taxon 79 -> LFY_Haplo76
      Taxon 80 -> LFY_Haplo77
      Taxon 81 -> LFY_Haplo78
      Taxon 82 -> LFY_Haplo79
      Taxon 83 -> LFY_Haplo80
      Taxon 84 -> LFY_Haplo81
      Taxon 85 -> LFY_Haplo82
      Taxon 86 -> LFY_Haplo83
      Taxon 87 -> LFY_Haplo84
      Taxon 88 -> LFY_Haplo85
      Taxon 89 -> LFY_Haplo86
      Taxon 90 -> LFY_Haplo87
      Taxon 91 -> LFY_Haplo88
      Taxon 92 -> LFY_Haplo89
      Taxon 93 -> LFY_Haplo90
      Successfully read matrix
      Setting default partition (does not divide up characters)
      Setting model defaults
      Seed (for generating default start values) = 1553899247
      Setting output file names to "LFY/LFYrenamed.nex.run<i>.<p|t>"
   Exiting characters block
   Reached end of file

   Returning execution to calling file ...

      Expecting '<name> or <number>'
      Instead found ')' in command 'Lset'
      The error occurred when reading char. 15 on line 3
         in the file 'LFY.par'
   Error in command "Execute"
   Will exit with signal 1 (error) because quitonerror is set to yes
   If you want control to be returned to the command line on error,
   use 'mb -i <filename>' (i is for interactive) or use 'set quitonerror=no'

      Taxon 69 -> LFY_Haplo66
      Taxon 70 -> LFY_Haplo67
      Taxon 71 -> LFY_Haplo68
      Taxon 72 -> LFY_Haplo69
      Taxon 73 -> LFY_Haplo70
      Taxon 74 -> LFY_Haplo71
      Taxon 75 -> LFY_Haplo72
      Taxon 76 -> LFY_Haplo73
      Taxon 77 -> LFY_Haplo74
      Taxon 78 -> LFY_Haplo75
      Taxon 79 -> LFY_Haplo76
      Taxon 80 -> LFY_Haplo77
      Taxon 81 -> LFY_Haplo78
      Taxon 82 -> LFY_Haplo79
      Taxon 83 -> LFY_Haplo80
      Taxon 84 -> LFY_Haplo81
      Taxon 85 -> LFY_Haplo82
      Taxon 86 -> LFY_Haplo83
      Taxon 87 -> LFY_Haplo84
      Taxon 88 -> LFY_Haplo85
      Taxon 89 -> LFY_Haplo86
      Taxon 90 -> LFY_Haplo87
      Taxon 91 -> LFY_Haplo88
      Taxon 92 -> LFY_Haplo89
      Taxon 93 -> LFY_Haplo90
      Taxon 88 -> LFY_Haplo85
      Taxon 89 -> LFY_Haplo86
      Taxon 90 -> LFY_Haplo87
      Taxon 91 -> LFY_Haplo88
      Taxon 92 -> LFY_Haplo89
      Taxon 93 -> LFY_Haplo90
      Successfully read matrix
      Setting default partition (does not divide up characters)
      Setting model defaults
      Seed (for generating default start values) = 1553899247
      Setting output file names to "LFY/LFYrenamed.nex.run<i>.<p|t>"
   Exiting characters block
   Reached end of file

   Returning execution to calling file ...

      Expecting '<name> or <number>'
      Instead found ')' in command 'Lset'
      The error occurred when reading char. 15 on line 3
         in the file 'LFY.par'
   Error in command "Execute"
   Will exit with signal 1 (error) because quitonerror is set to yes
   If you want control to be returned to the command line on error,
   use 'mb -i <filename>' (i is for interactive) or use 'set quitonerror=no'

      Taxon 61 -> LFY_Haplo58
      Taxon 62 -> LFY_Haplo59
      Taxon 63 -> LFY_Haplo60
      Taxon 64 -> LFY_Haplo61
      Taxon 65 -> LFY_Haplo62
      Taxon 66 -> LFY_Haplo63
      Taxon 67 -> LFY_Haplo64
      Taxon 68 -> LFY_Haplo65
      Taxon 69 -> LFY_Haplo66
      Taxon 70 -> LFY_Haplo67
      Taxon 71 -> LFY_Haplo68
      Taxon 72 -> LFY_Haplo69
      Taxon 73 -> LFY_Haplo70
      Taxon 74 -> LFY_Haplo71
      Taxon 75 -> LFY_Haplo72
      Taxon 76 -> LFY_Haplo73
      Taxon 77 -> LFY_Haplo74
      Taxon 78 -> LFY_Haplo75
      Taxon 79 -> LFY_Haplo76
      Taxon 80 -> LFY_Haplo77
      Taxon 81 -> LFY_Haplo78
      Taxon 82 -> LFY_Haplo79
      Taxon 83 -> LFY_Haplo80
      Taxon 84 -> LFY_Haplo81
      Taxon 85 -> LFY_Haplo82
      Taxon 86 -> LFY_Haplo83
      Taxon 87 -> LFY_Haplo84
      Taxon 88 -> LFY_Haplo85
      Taxon 89 -> LFY_Haplo86
      Taxon 90 -> LFY_Haplo87
      Taxon 91 -> LFY_Haplo88
      Taxon 41 -> LFY_Haplo38
      Taxon 42 -> LFY_Haplo39
      Taxon 43 -> LFY_Haplo40
      Taxon 44 -> LFY_Haplo41
      Taxon 45 -> LFY_Haplo42
      Taxon 46 -> LFY_Haplo43
      Taxon 47 -> LFY_Haplo44
      Taxon 48 -> LFY_Haplo45
      Taxon 49 -> LFY_Haplo46
      Taxon 50 -> LFY_Haplo47
      Taxon 51 -> LFY_Haplo48
      Taxon 52 -> LFY_Haplo49
      Taxon 53 -> LFY_Haplo50
      Taxon 54 -> LFY_Haplo51
      Taxon 55 -> LFY_Haplo52
      Taxon 56 -> LFY_Haplo53
      Taxon 57 -> LFY_Haplo54
      Taxon 58 -> LFY_Haplo55
      Taxon 59 -> LFY_Haplo56
      Taxon 60 -> LFY_Haplo57
      Taxon 61 -> LFY_Haplo58
      Taxon 62 -> LFY_Haplo59
      Taxon 63 -> LFY_Haplo60
      Taxon 64 -> LFY_Haplo61
      Taxon 65 -> LFY_Haplo62
      Taxon 66 -> LFY_Haplo63
      Taxon 67 -> LFY_Haplo64
      Taxon 68 -> LFY_Haplo65
      Taxon 69 -> LFY_Haplo66
      Taxon 70 -> LFY_Haplo67
      Taxon 71 -> LFY_Haplo68
      Taxon 72 -> LFY_Haplo69
      Taxon 83 -> LFY_Haplo80
      Taxon 84 -> LFY_Haplo81
      Taxon 85 -> LFY_Haplo82
      Taxon 86 -> LFY_Haplo83
      Taxon 87 -> LFY_Haplo84
      Taxon 88 -> LFY_Haplo85
      Taxon 89 -> LFY_Haplo86
      Taxon 90 -> LFY_Haplo87
      Taxon 91 -> LFY_Haplo88
      Taxon 92 -> LFY_Haplo89
      Taxon 93 -> LFY_Haplo90
      Successfully read matrix
      Setting default partition (does not divide up characters)
      Setting model defaults
      Seed (for generating default start values) = 1553899247
      Setting output file names to "LFY/LFYrenamed.nex.run<i>.<p|t>"
   Exiting characters block
   Reached end of file

   Returning execution to calling file ...

      Expecting '<name> or <number>'
      Instead found ')' in command 'Lset'
      The error occurred when reading char. 15 on line 3
         in the file 'LFY.par'
   Error in command "Execute"
   Will exit with signal 1 (error) because quitonerror is set to yes
   If you want control to be returned to the command line on error,
   use 'mb -i <filename>' (i is for interactive) or use 'set quitonerror=no'

      Successfully read matrix
      Setting default partition (does not divide up characters)
      Setting model defaults
      Seed (for generating default start values) = 1553899247
      Taxon 73 -> LFY_Haplo70
      Taxon 74 -> LFY_Haplo71
      Taxon 75 -> LFY_Haplo72
      Taxon 76 -> LFY_Haplo73
      Taxon 77 -> LFY_Haplo74
      Taxon 78 -> LFY_Haplo75
      Taxon 79 -> LFY_Haplo76
      Taxon 80 -> LFY_Haplo77
      Taxon 81 -> LFY_Haplo78
      Taxon 82 -> LFY_Haplo79
      Taxon 83 -> LFY_Haplo80
      Taxon 84 -> LFY_Haplo81
      Taxon 85 -> LFY_Haplo82
      Taxon 86 -> LFY_Haplo83
      Taxon 87 -> LFY_Haplo84
      Taxon 88 -> LFY_Haplo85
      Taxon 89 -> LFY_Haplo86
      Taxon 90 -> LFY_Haplo87
      Setting output file names to "LFY/LFYrenamed.nex.run<i>.<p|t>"
   Exiting characters block
   Reached end of file

   Returning execution to calling file ...

      Expecting '<name> or <number>'
      Instead found ')' in command 'Lset'
      The error occurred when reading char. 15 on line 3
         in the file 'LFY.par'
   Error in command "Execute"
   Will exit with signal 1 (error) because quitonerror is set to yes
   If you want control to be returned to the command line on error,
   use 'mb -i <filename>' (i is for interactive) or use 'set quitonerror=no'

      Taxon 92 -> LFY_Haplo89
      Taxon 93 -> LFY_Haplo90
      Successfully read matrix
      Setting default partition (does not divide up characters)
      Setting model defaults
      Seed (for generating default start values) = 1553899247
-------------------------------------------------------
Primary job  terminated normally, but 1 process returned
a non-zero exit code.. Per user-direction, the job has been aborted.
-------------------------------------------------------
      Taxon 91 -> LFY_Haplo88
      Taxon 92 -> LFY_Haplo89
      Taxon 93 -> LFY_Haplo90
      Successfully read matrix
      Setting default partition (does not divide up characters)
      Setting model defaults
      Seed (for generating default start values) = 1553899247
      Setting output file names to "LFY/LFYrenamed.nex.run<i>.<p|t>"
   Exiting characters block
   Reached end of file

   Returning execution to calling file ...

      Expecting '<name> or <number>'
      Instead found ')' in command 'Lset'
      The error occurred when reading char. 15 on line 3
         in the file 'LFY.par'
   Error in command "Execute"
   Will exit with signal 1 (error) because quitonerror is set to yes
   If you want control to be returned to the command line on error,
   use 'mb -i <filename>' (i is for interactive) or use 'set quitonerror=no'

--------------------------------------------------------------------------
mpiexec detected that one or more processes exited with non-zero status, thus causing
the job to be terminated. The first process to do so was:

  Process name: [[38401,1],0]
  Exit code:    1
--------------------------------------------------------------------------
