
# $((SLURM_MEM_PER_NODE/1000))'G'
# $SLURM_NTASKS

module load splitstree4/4.14.6
/usr/bin/modulecmd bash $*
PATH=/opt/linux/centos/7.x/x86_64/pkgs/splitstree4/4.14.6:/opt/linux/centos/7.x/x86_64/pkgs/vim/7.4.1952/bin:/opt/linux/centos/7.x/x86_64/pkgs/iigb_utilities/1/bin:/opt/linux/centos/7.x/x86_64/pkgs/perl/5.20.2/bin:/opt/linux/centos/7.x/x86_64/pkgs/miniconda2/4.4.10/bin:/opt/linux/centos/7.x/x86_64/pkgs/pandoc/2.0/bin:/opt/linux/centos/7.x/x86_64/pkgs/texlive/2017/bin/x86_64-linux:/opt/linux/centos/7.x/x86_64/pkgs/ggobi/2.1.11/bin:/opt/linux/centos/7.x/x86_64/pkgs/R/3.5.0/bin:/opt/linux/centos/7.x/x86_64/pkgs/openmpi/2.0.1-slurm-16.05.4/bin:/opt/linux/centos/7.x/x86_64/pkgs/slurm/16.05.4/bin:/opt/linux/centos/7.x/x86_64/pkgs/slurm/16.05.4/sbin:/usr/bin:/bin:/usr/local/games:/usr/games:/usr/local/bin:/usr/lpp/mmfs/bin:/opt/ibutils/bin:/opt/puppetlabs/bin ;export PATH;
SplitsTree -g -c concatenated.par
Version   SplitsTree4 $ SplitsTree4 $ Tue, 26 Sep 2017 06:41:52 -0700
Copyright (C) 2017 Daniel H. Huson and David J. Bryant. This program comes with ABSOLUTELY NO WARRANTY.
Version   SplitsTree4 $ SplitsTree4 $ Tue, 26 Sep 2017 06:41:52 -0700
Copyright (C) 2017 Daniel H. Huson and David J. Bryant. This program comes with ABSOLUTELY NO WARRANTY.

SplitsTree4 (version 4.14.6, built 26 Sep 2017)
Attempting to import in format: NewickTree
TAXA
Read TAXA:
	77 taxa
TREES
Read TREES:
	1000
Importing splitstree4.externalIO.imports.NewickTree: TAXA
Read TAXA:
	77 taxa
TREES
Read TREES:
	1000
Number of trees loaded: 1000
Alert - Skipping NEXUS block: ConsensusNetwork
Skipping block 'ConsensusNetwork': Begin ConsensusNetwork;: failed
Caught:
splitstree4.core.SplitsException: line 1: Unexpected EOF while skipping block
	at splitstree4.core.Document.readNexus(Document.java:1105)
	at splitstree4.core.Document.execute(Document.java:2561)
	at splitstree4.core.Document.execute(Document.java:2549)
	at splitstree4.main.SplitsTree.parseArguments(SplitsTree.java:215)
	at splitstree4.main.SplitsTree.main(SplitsTree.java:53)
	at sun.reflect.NativeMethodAccessorImpl.invoke0(Native Method)
	at sun.reflect.NativeMethodAccessorImpl.invoke(NativeMethodAccessorImpl.java:62)
	at sun.reflect.DelegatingMethodAccessorImpl.invoke(DelegatingMethodAccessorImpl.java:43)
	at java.lang.reflect.Method.invoke(Method.java:498)
	at com.exe4j.runtime.LauncherEngine.launch(LauncherEngine.java:65)
	at com.install4j.runtime.launcher.UnixLauncher.main(UnixLauncher.java:57)
Threshold=0.70 EdgeWeights=mean: failed
Caught:
java.io.IOException: Unrecognized command: Threshold
	at splitstree4.core.Document.parse(Document.java:2491)
	at splitstree4.core.Document.execute(Document.java:2564)
	at splitstree4.core.Document.execute(Document.java:2549)
	at splitstree4.main.SplitsTree.parseArguments(SplitsTree.java:215)
	at splitstree4.main.SplitsTree.main(SplitsTree.java:53)
	at sun.reflect.NativeMethodAccessorImpl.invoke0(Native Method)
	at sun.reflect.NativeMethodAccessorImpl.invoke(NativeMethodAccessorImpl.java:62)
	at sun.reflect.DelegatingMethodAccessorImpl.invoke(DelegatingMethodAccessorImpl.java:43)
	at java.lang.reflect.Method.invoke(Method.java:498)
	at com.exe4j.runtime.LauncherEngine.launch(LauncherEngine.java:65)
	at com.install4j.runtime.launcher.UnixLauncher.main(UnixLauncher.java:57)
Writing file ../splitstree/concatenated.splitstree.nex: all valid data
EXPORTGRAPHICS format=SVG file=concatenated.splitstree.svg REPLACE=YES: failed
Caught:
splitstree4.core.SplitsException: EXPORTGRAPHICS: invalid network block (try 'update' first)
	at splitstree4.core.Document.parse(Document.java:2180)
	at splitstree4.core.Document.execute(Document.java:2564)
	at splitstree4.core.Document.execute(Document.java:2549)
	at splitstree4.main.SplitsTree.parseArguments(SplitsTree.java:215)
	at splitstree4.main.SplitsTree.main(SplitsTree.java:53)
	at sun.reflect.NativeMethodAccessorImpl.invoke0(Native Method)
	at sun.reflect.NativeMethodAccessorImpl.invoke(NativeMethodAccessorImpl.java:62)
	at sun.reflect.DelegatingMethodAccessorImpl.invoke(DelegatingMethodAccessorImpl.java:43)
	at java.lang.reflect.Method.invoke(Method.java:498)
	at com.exe4j.runtime.LauncherEngine.launch(LauncherEngine.java:65)
	at com.install4j.runtime.launcher.UnixLauncher.main(UnixLauncher.java:57)
