Sourcing executables from speedseq.config ...
Aligning...
[M::bwa_idx_load_from_disk] read 0 ALT contigs
samblaster: Version 0.1.22
samblaster: Inputting from stdin
samblaster: Outputting to stdout
samblaster: Opening JT171.filtered.UZtqE3STAJby/disc_pipe for write.
samblaster: Opening JT171.filtered.UZtqE3STAJby/spl_pipe for write.
[M::process] read 33872 sequences (4159967 bp)...
[M::mem_pestat] # candidate unique pairs for (FF, FR, RF, RR): (2, 14488, 0, 3)
[M::mem_pestat] skip orientation FF as there are not enough pairs
[M::mem_pestat] analyzing insert size distribution for orientation FR...
[M::mem_pestat] (25, 50, 75) percentile: (92, 146, 218)
[M::mem_pestat] low and high boundaries for computing mean and std.dev: (1, 470)
[M::mem_pestat] mean and std.dev: (162.07, 91.47)
[M::mem_pestat] low and high boundaries for proper pairs: (1, 596)
[M::mem_pestat] skip orientation RF as there are not enough pairs
[M::mem_pestat] skip orientation RR as there are not enough pairs
[M::mem_process_seqs] Processed 33872 reads in 3.195 CPU sec, 0.899 real sec
samblaster: Loaded 5 header sequence entries.
[main] Version: 0.7.12-r1039
[main] CMD: /opt/linux/centos/7.x/x86_64/pkgs/bwa/0.7.12/bin/bwa mem -t 4 -R @RG\tID:JT171\tSM:JT171\tLB:Lib\ references.fasta data/003271_JT171_S64_R1_filtered.fastq.gz data/003271_JT171_S64_R2_filtered.fastq.gz
[main] Real time: 1.871 sec; CPU: 3.392 sec
samblaster: Output 61 discordant read pairs to JT171.filtered.UZtqE3STAJby/disc_pipe
samblaster: Output 50 split reads to JT171.filtered.UZtqE3STAJby/spl_pipe
samblaster: Marked 3193 of 16936 (18.85%) read ids as duplicates using 1332k memory in 0.057S CPU seconds and 2S wall time.
Done
Using GATK jar /bigdata/operations/pkgadmin/opt/linux/centos/7.x/x86_64/pkgs/gatk/4.0.8.1/gatk-package-4.0.8.1-local.jar
Running:
    java -Dsamjdk.use_async_io_read_samtools=false -Dsamjdk.use_async_io_write_samtools=true -Dsamjdk.use_async_io_write_tribble=false -Dsamjdk.compression_level=2 -jar /bigdata/operations/pkgadmin/opt/linux/centos/7.x/x86_64/pkgs/gatk/4.0.8.1/gatk-package-4.0.8.1-local.jar HaplotypeCaller -R references.fasta -I results/JT171.filtered.bam -O results/JT171.g.vcf -ERC GVCF
22:23:50.424 INFO  NativeLibraryLoader - Loading libgkl_compression.so from jar:file:/bigdata/operations/pkgadmin/opt/linux/centos/7.x/x86_64/pkgs/gatk/4.0.8.1/gatk-package-4.0.8.1-local.jar!/com/intel/gkl/native/libgkl_compression.so
22:23:50.841 INFO  HaplotypeCaller - ------------------------------------------------------------
22:23:50.843 INFO  HaplotypeCaller - The Genome Analysis Toolkit (GATK) v4.0.8.1
22:23:50.843 INFO  HaplotypeCaller - For support and documentation go to https://software.broadinstitute.org/gatk/
22:23:50.844 INFO  HaplotypeCaller - Executing as arajewski@c28 on Linux v3.10.0-693.11.6.el7.x86_64 amd64
22:23:50.844 INFO  HaplotypeCaller - Java runtime: Java HotSpot(TM) 64-Bit Server VM v1.8.0_45-b14
22:23:50.844 INFO  HaplotypeCaller - Start Date/Time: September 27, 2018 10:23:50 PM PDT
22:23:50.845 INFO  HaplotypeCaller - ------------------------------------------------------------
22:23:50.845 INFO  HaplotypeCaller - ------------------------------------------------------------
22:23:50.846 INFO  HaplotypeCaller - HTSJDK Version: 2.16.0
22:23:50.846 INFO  HaplotypeCaller - Picard Version: 2.18.7
22:23:50.846 INFO  HaplotypeCaller - HTSJDK Defaults.COMPRESSION_LEVEL : 2
22:23:50.846 INFO  HaplotypeCaller - HTSJDK Defaults.USE_ASYNC_IO_READ_FOR_SAMTOOLS : false
22:23:50.846 INFO  HaplotypeCaller - HTSJDK Defaults.USE_ASYNC_IO_WRITE_FOR_SAMTOOLS : true
22:23:50.846 INFO  HaplotypeCaller - HTSJDK Defaults.USE_ASYNC_IO_WRITE_FOR_TRIBBLE : false
22:23:50.847 INFO  HaplotypeCaller - Deflater: IntelDeflater
22:23:50.847 INFO  HaplotypeCaller - Inflater: IntelInflater
22:23:50.847 INFO  HaplotypeCaller - GCS max retries/reopens: 20
22:23:50.847 INFO  HaplotypeCaller - Using google-cloud-java fork https://github.com/broadinstitute/google-cloud-java/releases/tag/0.20.5-alpha-GCS-RETRY-FIX
22:23:50.855 INFO  HaplotypeCaller - Initializing engine
22:23:51.637 INFO  HaplotypeCaller - Done initializing engine
22:23:51.644 INFO  HaplotypeCallerEngine - Tool is in reference confidence mode and the annotation, the following changes will be made to any specified annotations: 'StrandBiasBySample' will be enabled. 'ChromosomeCounts', 'FisherStrand', 'StrandOddsRatio' and 'QualByDepth' annotations have been disabled
22:23:51.650 INFO  HaplotypeCallerEngine - Standard Emitting and Calling confidence set to 0.0 for reference-model confidence output
22:23:51.650 INFO  HaplotypeCallerEngine - All sites annotated with PLs forced to true for reference-model confidence output
22:23:51.670 INFO  NativeLibraryLoader - Loading libgkl_utils.so from jar:file:/bigdata/operations/pkgadmin/opt/linux/centos/7.x/x86_64/pkgs/gatk/4.0.8.1/gatk-package-4.0.8.1-local.jar!/com/intel/gkl/native/libgkl_utils.so
22:23:51.673 INFO  NativeLibraryLoader - Loading libgkl_pairhmm_omp.so from jar:file:/bigdata/operations/pkgadmin/opt/linux/centos/7.x/x86_64/pkgs/gatk/4.0.8.1/gatk-package-4.0.8.1-local.jar!/com/intel/gkl/native/libgkl_pairhmm_omp.so
22:23:51.736 WARN  IntelPairHmm - Flush-to-zero (FTZ) is enabled when running PairHMM
22:23:51.737 INFO  IntelPairHmm - Available threads: 4
22:23:51.737 INFO  IntelPairHmm - Requested threads: 4
22:23:51.737 INFO  PairHMM - Using the OpenMP multi-threaded AVX-accelerated native PairHMM implementation
22:23:51.819 INFO  ProgressMeter - Starting traversal
22:23:51.819 INFO  ProgressMeter -        Current Locus  Elapsed Minutes     Regions Processed   Regions/Minute
22:24:17.934 INFO  ProgressMeter -              WXY:660              0.4                    10             23.0
22:24:37.357 INFO  ProgressMeter -             matK:351              0.8                    20             26.4
22:25:08.011 INFO  ProgressMeter -              LFY:658              1.3                    40             31.5
22:25:08.016 INFO  HaplotypeCaller - 6402 read(s) filtered by: ((((((((MappingQualityReadFilter AND MappingQualityAvailableReadFilter) AND MappedReadFilter) AND NotSecondaryAlignmentReadFilter) AND NotDuplicateReadFilter) AND PassesVendorQualityCheckReadFilter) AND NonZeroReferenceLengthAlignmentReadFilter) AND GoodCigarReadFilter) AND WellformedReadFilter)
  6402 read(s) filtered by: (((((((MappingQualityReadFilter AND MappingQualityAvailableReadFilter) AND MappedReadFilter) AND NotSecondaryAlignmentReadFilter) AND NotDuplicateReadFilter) AND PassesVendorQualityCheckReadFilter) AND NonZeroReferenceLengthAlignmentReadFilter) AND GoodCigarReadFilter)
      6402 read(s) filtered by: ((((((MappingQualityReadFilter AND MappingQualityAvailableReadFilter) AND MappedReadFilter) AND NotSecondaryAlignmentReadFilter) AND NotDuplicateReadFilter) AND PassesVendorQualityCheckReadFilter) AND NonZeroReferenceLengthAlignmentReadFilter)
          6402 read(s) filtered by: (((((MappingQualityReadFilter AND MappingQualityAvailableReadFilter) AND MappedReadFilter) AND NotSecondaryAlignmentReadFilter) AND NotDuplicateReadFilter) AND PassesVendorQualityCheckReadFilter)
              6402 read(s) filtered by: ((((MappingQualityReadFilter AND MappingQualityAvailableReadFilter) AND MappedReadFilter) AND NotSecondaryAlignmentReadFilter) AND NotDuplicateReadFilter)
                  17 read(s) filtered by: (((MappingQualityReadFilter AND MappingQualityAvailableReadFilter) AND MappedReadFilter) AND NotSecondaryAlignmentReadFilter)
                      17 read(s) filtered by: ((MappingQualityReadFilter AND MappingQualityAvailableReadFilter) AND MappedReadFilter)
                          17 read(s) filtered by: (MappingQualityReadFilter AND MappingQualityAvailableReadFilter)
                              17 read(s) filtered by: MappingQualityReadFilter 
                  6385 read(s) filtered by: NotDuplicateReadFilter 

22:25:08.017 INFO  ProgressMeter -              LFY:658              1.3                    40             31.5
22:25:08.017 INFO  ProgressMeter - Traversal complete. Processed 40 total regions in 1.3 minutes.
22:25:08.025 INFO  VectorLoglessPairHMM - Time spent in setup for JNI call : 0.25738335
22:25:08.025 INFO  PairHMM - Total compute time in PairHMM computeLogLikelihoods() : 43.555325914
22:25:08.025 INFO  SmithWatermanAligner - Total compute time in java Smith-Waterman : 8.85 sec
22:25:08.025 INFO  HaplotypeCaller - Shutting down engine
[September 27, 2018 10:25:08 PM PDT] org.broadinstitute.hellbender.tools.walkers.haplotypecaller.HaplotypeCaller done. Elapsed time: 1.29 minutes.
Runtime.totalMemory()=3093823488
