Sourcing executables from speedseq.config ...
Aligning...
samblaster: Version 0.1.22
samblaster: Inputting from stdin
samblaster: Outputting to stdout
samblaster: Opening JT20.filtered.U9QbpbjFxy8M/disc_pipe for write.
samblaster: Opening JT20.filtered.U9QbpbjFxy8M/spl_pipe for write.
[M::bwa_idx_load_from_disk] read 0 ALT contigs
[M::process] read 28424 sequences (3536026 bp)...
[M::mem_pestat] # candidate unique pairs for (FF, FR, RF, RR): (1, 10102, 0, 0)
[M::mem_pestat] skip orientation FF as there are not enough pairs
[M::mem_pestat] analyzing insert size distribution for orientation FR...
[M::mem_pestat] (25, 50, 75) percentile: (99, 160, 239)
[M::mem_pestat] low and high boundaries for computing mean and std.dev: (1, 519)
[M::mem_pestat] mean and std.dev: (177.12, 102.68)
[M::mem_pestat] low and high boundaries for proper pairs: (1, 659)
[M::mem_pestat] skip orientation RF as there are not enough pairs
[M::mem_pestat] skip orientation RR as there are not enough pairs
[M::mem_process_seqs] Processed 28424 reads in 2.833 CPU sec, 0.827 real sec
samblaster: Loaded 5 header sequence entries.
[main] Version: 0.7.12-r1039
[main] CMD: /opt/linux/centos/7.x/x86_64/pkgs/bwa/0.7.12/bin/bwa mem -t 4 -R @RG\tID:JT20\tSM:JT20\tLB:Lib\ references.fasta data/003286_JT20_S79_R1_filtered.fastq.gz data/003286_JT20_S79_R2_filtered.fastq.gz
[main] Real time: 1.148 sec; CPU: 2.985 sec
samblaster: Output 30 discordant read pairs to JT20.filtered.U9QbpbjFxy8M/disc_pipe
samblaster: Output 24 split reads to JT20.filtered.U9QbpbjFxy8M/spl_pipe
samblaster: Marked 1693 of 14212 (11.91%) read ids as duplicates using 1324k memory in 0.057S CPU seconds and 1S wall time.
Done
Using GATK jar /bigdata/operations/pkgadmin/opt/linux/centos/7.x/x86_64/pkgs/gatk/4.0.8.1/gatk-package-4.0.8.1-local.jar
Running:
    java -Dsamjdk.use_async_io_read_samtools=false -Dsamjdk.use_async_io_write_samtools=true -Dsamjdk.use_async_io_write_tribble=false -Dsamjdk.compression_level=2 -jar /bigdata/operations/pkgadmin/opt/linux/centos/7.x/x86_64/pkgs/gatk/4.0.8.1/gatk-package-4.0.8.1-local.jar HaplotypeCaller -R references.fasta -I results/JT20.filtered.bam -O results/JT20.g.vcf -ERC GVCF
22:23:51.735 INFO  NativeLibraryLoader - Loading libgkl_compression.so from jar:file:/bigdata/operations/pkgadmin/opt/linux/centos/7.x/x86_64/pkgs/gatk/4.0.8.1/gatk-package-4.0.8.1-local.jar!/com/intel/gkl/native/libgkl_compression.so
22:23:52.292 INFO  HaplotypeCaller - ------------------------------------------------------------
22:23:52.294 INFO  HaplotypeCaller - The Genome Analysis Toolkit (GATK) v4.0.8.1
22:23:52.294 INFO  HaplotypeCaller - For support and documentation go to https://software.broadinstitute.org/gatk/
22:23:52.295 INFO  HaplotypeCaller - Executing as arajewski@c05 on Linux v3.10.0-693.11.6.el7.x86_64 amd64
22:23:52.295 INFO  HaplotypeCaller - Java runtime: Java HotSpot(TM) 64-Bit Server VM v1.8.0_45-b14
22:23:52.296 INFO  HaplotypeCaller - Start Date/Time: September 27, 2018 10:23:51 PM PDT
22:23:52.296 INFO  HaplotypeCaller - ------------------------------------------------------------
22:23:52.296 INFO  HaplotypeCaller - ------------------------------------------------------------
22:23:52.297 INFO  HaplotypeCaller - HTSJDK Version: 2.16.0
22:23:52.297 INFO  HaplotypeCaller - Picard Version: 2.18.7
22:23:52.297 INFO  HaplotypeCaller - HTSJDK Defaults.COMPRESSION_LEVEL : 2
22:23:52.297 INFO  HaplotypeCaller - HTSJDK Defaults.USE_ASYNC_IO_READ_FOR_SAMTOOLS : false
22:23:52.297 INFO  HaplotypeCaller - HTSJDK Defaults.USE_ASYNC_IO_WRITE_FOR_SAMTOOLS : true
22:23:52.298 INFO  HaplotypeCaller - HTSJDK Defaults.USE_ASYNC_IO_WRITE_FOR_TRIBBLE : false
22:23:52.298 INFO  HaplotypeCaller - Deflater: IntelDeflater
22:23:52.298 INFO  HaplotypeCaller - Inflater: IntelInflater
22:23:52.298 INFO  HaplotypeCaller - GCS max retries/reopens: 20
22:23:52.298 INFO  HaplotypeCaller - Using google-cloud-java fork https://github.com/broadinstitute/google-cloud-java/releases/tag/0.20.5-alpha-GCS-RETRY-FIX
22:23:52.306 INFO  HaplotypeCaller - Initializing engine
22:23:53.127 INFO  HaplotypeCaller - Done initializing engine
22:23:53.143 INFO  HaplotypeCallerEngine - Tool is in reference confidence mode and the annotation, the following changes will be made to any specified annotations: 'StrandBiasBySample' will be enabled. 'ChromosomeCounts', 'FisherStrand', 'StrandOddsRatio' and 'QualByDepth' annotations have been disabled
22:23:53.152 INFO  HaplotypeCallerEngine - Standard Emitting and Calling confidence set to 0.0 for reference-model confidence output
22:23:53.152 INFO  HaplotypeCallerEngine - All sites annotated with PLs forced to true for reference-model confidence output
22:23:53.171 INFO  NativeLibraryLoader - Loading libgkl_utils.so from jar:file:/bigdata/operations/pkgadmin/opt/linux/centos/7.x/x86_64/pkgs/gatk/4.0.8.1/gatk-package-4.0.8.1-local.jar!/com/intel/gkl/native/libgkl_utils.so
22:23:53.174 INFO  NativeLibraryLoader - Loading libgkl_pairhmm_omp.so from jar:file:/bigdata/operations/pkgadmin/opt/linux/centos/7.x/x86_64/pkgs/gatk/4.0.8.1/gatk-package-4.0.8.1-local.jar!/com/intel/gkl/native/libgkl_pairhmm_omp.so
22:23:53.238 WARN  IntelPairHmm - Flush-to-zero (FTZ) is enabled when running PairHMM
22:23:53.239 INFO  IntelPairHmm - Available threads: 4
22:23:53.239 INFO  IntelPairHmm - Requested threads: 4
22:23:53.240 INFO  PairHMM - Using the OpenMP multi-threaded AVX-accelerated native PairHMM implementation
22:23:53.324 INFO  ProgressMeter - Starting traversal
22:23:53.324 INFO  ProgressMeter -        Current Locus  Elapsed Minutes     Regions Processed   Regions/Minute
22:24:31.223 INFO  ProgressMeter -               matK:1              0.6                    10             15.8
22:24:51.222 INFO  ProgressMeter -              LFY:677              1.0                    30             31.1
22:24:51.226 INFO  HaplotypeCaller - 3406 read(s) filtered by: ((((((((MappingQualityReadFilter AND MappingQualityAvailableReadFilter) AND MappedReadFilter) AND NotSecondaryAlignmentReadFilter) AND NotDuplicateReadFilter) AND PassesVendorQualityCheckReadFilter) AND NonZeroReferenceLengthAlignmentReadFilter) AND GoodCigarReadFilter) AND WellformedReadFilter)
  3406 read(s) filtered by: (((((((MappingQualityReadFilter AND MappingQualityAvailableReadFilter) AND MappedReadFilter) AND NotSecondaryAlignmentReadFilter) AND NotDuplicateReadFilter) AND PassesVendorQualityCheckReadFilter) AND NonZeroReferenceLengthAlignmentReadFilter) AND GoodCigarReadFilter)
      3406 read(s) filtered by: ((((((MappingQualityReadFilter AND MappingQualityAvailableReadFilter) AND MappedReadFilter) AND NotSecondaryAlignmentReadFilter) AND NotDuplicateReadFilter) AND PassesVendorQualityCheckReadFilter) AND NonZeroReferenceLengthAlignmentReadFilter)
          3406 read(s) filtered by: (((((MappingQualityReadFilter AND MappingQualityAvailableReadFilter) AND MappedReadFilter) AND NotSecondaryAlignmentReadFilter) AND NotDuplicateReadFilter) AND PassesVendorQualityCheckReadFilter)
              3406 read(s) filtered by: ((((MappingQualityReadFilter AND MappingQualityAvailableReadFilter) AND MappedReadFilter) AND NotSecondaryAlignmentReadFilter) AND NotDuplicateReadFilter)
                  21 read(s) filtered by: (((MappingQualityReadFilter AND MappingQualityAvailableReadFilter) AND MappedReadFilter) AND NotSecondaryAlignmentReadFilter)
                      21 read(s) filtered by: ((MappingQualityReadFilter AND MappingQualityAvailableReadFilter) AND MappedReadFilter)
                          21 read(s) filtered by: (MappingQualityReadFilter AND MappingQualityAvailableReadFilter)
                              21 read(s) filtered by: MappingQualityReadFilter 
                  3385 read(s) filtered by: NotDuplicateReadFilter 

22:24:51.227 INFO  ProgressMeter -              LFY:677              1.0                    30             31.1
22:24:51.227 INFO  ProgressMeter - Traversal complete. Processed 30 total regions in 1.0 minutes.
22:24:51.235 INFO  VectorLoglessPairHMM - Time spent in setup for JNI call : 0.048459659
22:24:51.235 INFO  PairHMM - Total compute time in PairHMM computeLogLikelihoods() : 34.07890474
22:24:51.236 INFO  SmithWatermanAligner - Total compute time in java Smith-Waterman : 5.09 sec
22:24:51.236 INFO  HaplotypeCaller - Shutting down engine
[September 27, 2018 10:24:51 PM PDT] org.broadinstitute.hellbender.tools.walkers.haplotypecaller.HaplotypeCaller done. Elapsed time: 0.99 minutes.
Runtime.totalMemory()=2853699584
