Sourcing executables from speedseq.config ...
Aligning...
[M::bwa_idx_load_from_disk] read 0 ALT contigs
samblaster: Version 0.1.22
samblaster: Inputting from stdin
samblaster: Outputting to stdout
samblaster: Opening Lo43.filtered.2oJRddX5sSfR/disc_pipe for write.
samblaster: Opening Lo43.filtered.2oJRddX5sSfR/spl_pipe for write.
[M::process] read 34312 sequences (3878943 bp)...
[M::mem_pestat] # candidate unique pairs for (FF, FR, RF, RR): (0, 16118, 0, 0)
[M::mem_pestat] skip orientation FF as there are not enough pairs
[M::mem_pestat] analyzing insert size distribution for orientation FR...
[M::mem_pestat] (25, 50, 75) percentile: (75, 120, 185)
[M::mem_pestat] low and high boundaries for computing mean and std.dev: (1, 405)
[M::mem_pestat] mean and std.dev: (135.77, 78.44)
[M::mem_pestat] low and high boundaries for proper pairs: (1, 515)
[M::mem_pestat] skip orientation RF as there are not enough pairs
[M::mem_pestat] skip orientation RR as there are not enough pairs
[M::mem_process_seqs] Processed 34312 reads in 3.894 CPU sec, 1.182 real sec
samblaster: Loaded 5 header sequence entries.
[main] Version: 0.7.12-r1039
[main] CMD: /opt/linux/centos/7.x/x86_64/pkgs/bwa/0.7.12/bin/bwa mem -t 4 -R @RG\tID:Lo43\tSM:Lo43\tLB:Lib\ references.fasta data/003308_Lo43_S101_R1_filtered.fastq.gz data/003308_Lo43_S101_R2_filtered.fastq.gz
[main] Real time: 1.554 sec; CPU: 4.061 sec
samblaster: Output 63 discordant read pairs to Lo43.filtered.2oJRddX5sSfR/disc_pipe
samblaster: Output 50 split reads to Lo43.filtered.2oJRddX5sSfR/spl_pipe
samblaster: Marked 4419 of 17156 (25.76%) read ids as duplicates using 1596k memory in 0.068S CPU seconds and 2S wall time.
Done
Using GATK jar /bigdata/operations/pkgadmin/opt/linux/centos/7.x/x86_64/pkgs/gatk/4.0.8.1/gatk-package-4.0.8.1-local.jar
Running:
    java -Dsamjdk.use_async_io_read_samtools=false -Dsamjdk.use_async_io_write_samtools=true -Dsamjdk.use_async_io_write_tribble=false -Dsamjdk.compression_level=2 -jar /bigdata/operations/pkgadmin/opt/linux/centos/7.x/x86_64/pkgs/gatk/4.0.8.1/gatk-package-4.0.8.1-local.jar HaplotypeCaller -R references.fasta -I results/Lo43.filtered.bam -O results/Lo43.g.vcf -ERC GVCF
22:24:43.317 INFO  NativeLibraryLoader - Loading libgkl_compression.so from jar:file:/bigdata/operations/pkgadmin/opt/linux/centos/7.x/x86_64/pkgs/gatk/4.0.8.1/gatk-package-4.0.8.1-local.jar!/com/intel/gkl/native/libgkl_compression.so
22:24:43.667 INFO  HaplotypeCaller - ------------------------------------------------------------
22:24:43.669 INFO  HaplotypeCaller - The Genome Analysis Toolkit (GATK) v4.0.8.1
22:24:43.670 INFO  HaplotypeCaller - For support and documentation go to https://software.broadinstitute.org/gatk/
22:24:43.670 INFO  HaplotypeCaller - Executing as arajewski@c07 on Linux v3.10.0-693.11.6.el7.x86_64 amd64
22:24:43.670 INFO  HaplotypeCaller - Java runtime: Java HotSpot(TM) 64-Bit Server VM v1.8.0_45-b14
22:24:43.671 INFO  HaplotypeCaller - Start Date/Time: September 27, 2018 10:24:43 PM PDT
22:24:43.671 INFO  HaplotypeCaller - ------------------------------------------------------------
22:24:43.671 INFO  HaplotypeCaller - ------------------------------------------------------------
22:24:43.672 INFO  HaplotypeCaller - HTSJDK Version: 2.16.0
22:24:43.672 INFO  HaplotypeCaller - Picard Version: 2.18.7
22:24:43.672 INFO  HaplotypeCaller - HTSJDK Defaults.COMPRESSION_LEVEL : 2
22:24:43.672 INFO  HaplotypeCaller - HTSJDK Defaults.USE_ASYNC_IO_READ_FOR_SAMTOOLS : false
22:24:43.672 INFO  HaplotypeCaller - HTSJDK Defaults.USE_ASYNC_IO_WRITE_FOR_SAMTOOLS : true
22:24:43.673 INFO  HaplotypeCaller - HTSJDK Defaults.USE_ASYNC_IO_WRITE_FOR_TRIBBLE : false
22:24:43.673 INFO  HaplotypeCaller - Deflater: IntelDeflater
22:24:43.673 INFO  HaplotypeCaller - Inflater: IntelInflater
22:24:43.673 INFO  HaplotypeCaller - GCS max retries/reopens: 20
22:24:43.673 INFO  HaplotypeCaller - Using google-cloud-java fork https://github.com/broadinstitute/google-cloud-java/releases/tag/0.20.5-alpha-GCS-RETRY-FIX
22:24:43.680 INFO  HaplotypeCaller - Initializing engine
22:24:44.433 INFO  HaplotypeCaller - Done initializing engine
22:24:44.439 INFO  HaplotypeCallerEngine - Tool is in reference confidence mode and the annotation, the following changes will be made to any specified annotations: 'StrandBiasBySample' will be enabled. 'ChromosomeCounts', 'FisherStrand', 'StrandOddsRatio' and 'QualByDepth' annotations have been disabled
22:24:44.444 INFO  HaplotypeCallerEngine - Standard Emitting and Calling confidence set to 0.0 for reference-model confidence output
22:24:44.445 INFO  HaplotypeCallerEngine - All sites annotated with PLs forced to true for reference-model confidence output
22:24:44.466 INFO  NativeLibraryLoader - Loading libgkl_utils.so from jar:file:/bigdata/operations/pkgadmin/opt/linux/centos/7.x/x86_64/pkgs/gatk/4.0.8.1/gatk-package-4.0.8.1-local.jar!/com/intel/gkl/native/libgkl_utils.so
22:24:44.468 INFO  NativeLibraryLoader - Loading libgkl_pairhmm_omp.so from jar:file:/bigdata/operations/pkgadmin/opt/linux/centos/7.x/x86_64/pkgs/gatk/4.0.8.1/gatk-package-4.0.8.1-local.jar!/com/intel/gkl/native/libgkl_pairhmm_omp.so
22:24:44.536 WARN  IntelPairHmm - Flush-to-zero (FTZ) is enabled when running PairHMM
22:24:44.537 INFO  IntelPairHmm - Available threads: 4
22:24:44.537 INFO  IntelPairHmm - Requested threads: 4
22:24:44.537 INFO  PairHMM - Using the OpenMP multi-threaded AVX-accelerated native PairHMM implementation
22:24:44.643 INFO  ProgressMeter - Starting traversal
22:24:44.644 INFO  ProgressMeter -        Current Locus  Elapsed Minutes     Regions Processed   Regions/Minute
22:25:16.262 INFO  ProgressMeter -              WXY:660              0.5                    10             19.0
22:25:36.575 INFO  ProgressMeter -               psaA:1              0.9                    20             23.1
22:26:08.763 INFO  HaplotypeCaller - 8864 read(s) filtered by: ((((((((MappingQualityReadFilter AND MappingQualityAvailableReadFilter) AND MappedReadFilter) AND NotSecondaryAlignmentReadFilter) AND NotDuplicateReadFilter) AND PassesVendorQualityCheckReadFilter) AND NonZeroReferenceLengthAlignmentReadFilter) AND GoodCigarReadFilter) AND WellformedReadFilter)
  8864 read(s) filtered by: (((((((MappingQualityReadFilter AND MappingQualityAvailableReadFilter) AND MappedReadFilter) AND NotSecondaryAlignmentReadFilter) AND NotDuplicateReadFilter) AND PassesVendorQualityCheckReadFilter) AND NonZeroReferenceLengthAlignmentReadFilter) AND GoodCigarReadFilter)
      8864 read(s) filtered by: ((((((MappingQualityReadFilter AND MappingQualityAvailableReadFilter) AND MappedReadFilter) AND NotSecondaryAlignmentReadFilter) AND NotDuplicateReadFilter) AND PassesVendorQualityCheckReadFilter) AND NonZeroReferenceLengthAlignmentReadFilter)
          8864 read(s) filtered by: (((((MappingQualityReadFilter AND MappingQualityAvailableReadFilter) AND MappedReadFilter) AND NotSecondaryAlignmentReadFilter) AND NotDuplicateReadFilter) AND PassesVendorQualityCheckReadFilter)
              8864 read(s) filtered by: ((((MappingQualityReadFilter AND MappingQualityAvailableReadFilter) AND MappedReadFilter) AND NotSecondaryAlignmentReadFilter) AND NotDuplicateReadFilter)
                  27 read(s) filtered by: (((MappingQualityReadFilter AND MappingQualityAvailableReadFilter) AND MappedReadFilter) AND NotSecondaryAlignmentReadFilter)
                      27 read(s) filtered by: ((MappingQualityReadFilter AND MappingQualityAvailableReadFilter) AND MappedReadFilter)
                          27 read(s) filtered by: (MappingQualityReadFilter AND MappingQualityAvailableReadFilter)
                              27 read(s) filtered by: MappingQualityReadFilter 
                  8837 read(s) filtered by: NotDuplicateReadFilter 

22:26:08.764 INFO  ProgressMeter -              LFY:262              1.4                    35             25.0
22:26:08.764 INFO  ProgressMeter - Traversal complete. Processed 35 total regions in 1.4 minutes.
22:26:08.773 INFO  VectorLoglessPairHMM - Time spent in setup for JNI call : 0.068805436
22:26:08.773 INFO  PairHMM - Total compute time in PairHMM computeLogLikelihoods() : 52.55824451
22:26:08.773 INFO  SmithWatermanAligner - Total compute time in java Smith-Waterman : 5.93 sec
22:26:08.774 INFO  HaplotypeCaller - Shutting down engine
[September 27, 2018 10:26:08 PM PDT] org.broadinstitute.hellbender.tools.walkers.haplotypecaller.HaplotypeCaller done. Elapsed time: 1.43 minutes.
Runtime.totalMemory()=3213361152
