Sourcing executables from speedseq.config ...
Aligning...
[M::bwa_idx_load_from_disk] read 0 ALT contigs
samblaster: Version 0.1.22
samblaster: Inputting from stdin
samblaster: Outputting to stdout
samblaster: Opening JT80.filtered.z8eaYGpFaGsa/disc_pipe for write.
samblaster: Opening JT80.filtered.z8eaYGpFaGsa/spl_pipe for write.
[M::process] read 118842 sequences (16340798 bp)...
[M::mem_pestat] # candidate unique pairs for (FF, FR, RF, RR): (0, 48296, 0, 0)
[M::mem_pestat] skip orientation FF as there are not enough pairs
[M::mem_pestat] analyzing insert size distribution for orientation FR...
[M::mem_pestat] (25, 50, 75) percentile: (82, 125, 185)
[M::mem_pestat] low and high boundaries for computing mean and std.dev: (1, 391)
[M::mem_pestat] mean and std.dev: (138.53, 73.76)
[M::mem_pestat] low and high boundaries for proper pairs: (1, 494)
[M::mem_pestat] skip orientation RF as there are not enough pairs
[M::mem_pestat] skip orientation RR as there are not enough pairs
[M::mem_process_seqs] Processed 118842 reads in 14.757 CPU sec, 4.206 real sec
samblaster: Loaded 5 header sequence entries.
[main] Version: 0.7.12-r1039
samblaster: Output 108 discordant read pairs to JT80.filtered.z8eaYGpFaGsa/disc_pipe
[main] CMD:samblaster: Output 42 split reads to JT80.filtered.z8eaYGpFaGsa/spl_pipe
 /opt/linux/centos/7.x/x86_64/pkgs/bwa/0.7.12/bin/bwa mem -t 4 -Rsamblaster: Marked 21670 of 59421 (36.47%) read ids as duplicates @RG\tID:JT80\tSM:JT80\tLB:Lib\ references.fasta using 1844k memory in  data/003293_JT80_S3_R1_filtered.fastq.gz0.276S data/003293_JT80_S3_R2_filtered.fastq.gz CPU seconds and 5S
[main] Real time: 5.527 sec; CPU: 15.434 sec
 wall time.
Done
Using GATK jar /bigdata/operations/pkgadmin/opt/linux/centos/7.x/x86_64/pkgs/gatk/4.0.8.1/gatk-package-4.0.8.1-local.jar
Running:
    java -Dsamjdk.use_async_io_read_samtools=false -Dsamjdk.use_async_io_write_samtools=true -Dsamjdk.use_async_io_write_tribble=false -Dsamjdk.compression_level=2 -jar /bigdata/operations/pkgadmin/opt/linux/centos/7.x/x86_64/pkgs/gatk/4.0.8.1/gatk-package-4.0.8.1-local.jar HaplotypeCaller -R references.fasta -I results/JT80.filtered.bam -O results/JT80.g.vcf -ERC GVCF
22:23:57.678 INFO  NativeLibraryLoader - Loading libgkl_compression.so from jar:file:/bigdata/operations/pkgadmin/opt/linux/centos/7.x/x86_64/pkgs/gatk/4.0.8.1/gatk-package-4.0.8.1-local.jar!/com/intel/gkl/native/libgkl_compression.so
22:23:58.436 INFO  HaplotypeCaller - ------------------------------------------------------------
22:23:58.438 INFO  HaplotypeCaller - The Genome Analysis Toolkit (GATK) v4.0.8.1
22:23:58.438 INFO  HaplotypeCaller - For support and documentation go to https://software.broadinstitute.org/gatk/
22:23:58.440 INFO  HaplotypeCaller - Executing as arajewski@c05 on Linux v3.10.0-693.11.6.el7.x86_64 amd64
22:23:58.440 INFO  HaplotypeCaller - Java runtime: Java HotSpot(TM) 64-Bit Server VM v1.8.0_45-b14
22:23:58.440 INFO  HaplotypeCaller - Start Date/Time: September 27, 2018 10:23:57 PM PDT
22:23:58.440 INFO  HaplotypeCaller - ------------------------------------------------------------
22:23:58.440 INFO  HaplotypeCaller - ------------------------------------------------------------
22:23:58.441 INFO  HaplotypeCaller - HTSJDK Version: 2.16.0
22:23:58.441 INFO  HaplotypeCaller - Picard Version: 2.18.7
22:23:58.442 INFO  HaplotypeCaller - HTSJDK Defaults.COMPRESSION_LEVEL : 2
22:23:58.442 INFO  HaplotypeCaller - HTSJDK Defaults.USE_ASYNC_IO_READ_FOR_SAMTOOLS : false
22:23:58.442 INFO  HaplotypeCaller - HTSJDK Defaults.USE_ASYNC_IO_WRITE_FOR_SAMTOOLS : true
22:23:58.442 INFO  HaplotypeCaller - HTSJDK Defaults.USE_ASYNC_IO_WRITE_FOR_TRIBBLE : false
22:23:58.442 INFO  HaplotypeCaller - Deflater: IntelDeflater
22:23:58.442 INFO  HaplotypeCaller - Inflater: IntelInflater
22:23:58.443 INFO  HaplotypeCaller - GCS max retries/reopens: 20
22:23:58.443 INFO  HaplotypeCaller - Using google-cloud-java fork https://github.com/broadinstitute/google-cloud-java/releases/tag/0.20.5-alpha-GCS-RETRY-FIX
22:23:58.450 INFO  HaplotypeCaller - Initializing engine
22:23:59.174 INFO  HaplotypeCaller - Done initializing engine
22:23:59.182 INFO  HaplotypeCallerEngine - Tool is in reference confidence mode and the annotation, the following changes will be made to any specified annotations: 'StrandBiasBySample' will be enabled. 'ChromosomeCounts', 'FisherStrand', 'StrandOddsRatio' and 'QualByDepth' annotations have been disabled
22:23:59.189 INFO  HaplotypeCallerEngine - Standard Emitting and Calling confidence set to 0.0 for reference-model confidence output
22:23:59.189 INFO  HaplotypeCallerEngine - All sites annotated with PLs forced to true for reference-model confidence output
22:23:59.213 INFO  NativeLibraryLoader - Loading libgkl_utils.so from jar:file:/bigdata/operations/pkgadmin/opt/linux/centos/7.x/x86_64/pkgs/gatk/4.0.8.1/gatk-package-4.0.8.1-local.jar!/com/intel/gkl/native/libgkl_utils.so
22:23:59.216 INFO  NativeLibraryLoader - Loading libgkl_pairhmm_omp.so from jar:file:/bigdata/operations/pkgadmin/opt/linux/centos/7.x/x86_64/pkgs/gatk/4.0.8.1/gatk-package-4.0.8.1-local.jar!/com/intel/gkl/native/libgkl_pairhmm_omp.so
22:23:59.284 WARN  IntelPairHmm - Flush-to-zero (FTZ) is enabled when running PairHMM
22:23:59.286 INFO  IntelPairHmm - Available threads: 4
22:23:59.286 INFO  IntelPairHmm - Requested threads: 4
22:23:59.286 INFO  PairHMM - Using the OpenMP multi-threaded AVX-accelerated native PairHMM implementation
22:23:59.398 INFO  ProgressMeter - Starting traversal
22:23:59.399 INFO  ProgressMeter -        Current Locus  Elapsed Minutes     Regions Processed   Regions/Minute
22:25:32.427 INFO  ProgressMeter -             WXY:1106              1.6                    10              6.4
22:25:37.336 INFO  HaplotypeCaller - 43445 read(s) filtered by: ((((((((MappingQualityReadFilter AND MappingQualityAvailableReadFilter) AND MappedReadFilter) AND NotSecondaryAlignmentReadFilter) AND NotDuplicateReadFilter) AND PassesVendorQualityCheckReadFilter) AND NonZeroReferenceLengthAlignmentReadFilter) AND GoodCigarReadFilter) AND WellformedReadFilter)
  43445 read(s) filtered by: (((((((MappingQualityReadFilter AND MappingQualityAvailableReadFilter) AND MappedReadFilter) AND NotSecondaryAlignmentReadFilter) AND NotDuplicateReadFilter) AND PassesVendorQualityCheckReadFilter) AND NonZeroReferenceLengthAlignmentReadFilter) AND GoodCigarReadFilter)
      43445 read(s) filtered by: ((((((MappingQualityReadFilter AND MappingQualityAvailableReadFilter) AND MappedReadFilter) AND NotSecondaryAlignmentReadFilter) AND NotDuplicateReadFilter) AND PassesVendorQualityCheckReadFilter) AND NonZeroReferenceLengthAlignmentReadFilter)
          43445 read(s) filtered by: (((((MappingQualityReadFilter AND MappingQualityAvailableReadFilter) AND MappedReadFilter) AND NotSecondaryAlignmentReadFilter) AND NotDuplicateReadFilter) AND PassesVendorQualityCheckReadFilter)
              43445 read(s) filtered by: ((((MappingQualityReadFilter AND MappingQualityAvailableReadFilter) AND MappedReadFilter) AND NotSecondaryAlignmentReadFilter) AND NotDuplicateReadFilter)
                  106 read(s) filtered by: (((MappingQualityReadFilter AND MappingQualityAvailableReadFilter) AND MappedReadFilter) AND NotSecondaryAlignmentReadFilter)
                      106 read(s) filtered by: ((MappingQualityReadFilter AND MappingQualityAvailableReadFilter) AND MappedReadFilter)
                          106 read(s) filtered by: (MappingQualityReadFilter AND MappingQualityAvailableReadFilter)
                              106 read(s) filtered by: MappingQualityReadFilter 
                  43339 read(s) filtered by: NotDuplicateReadFilter 

22:25:37.336 INFO  ProgressMeter -               trnL:1              1.6                    28             17.2
22:25:37.337 INFO  ProgressMeter - Traversal complete. Processed 28 total regions in 1.6 minutes.
22:25:37.344 INFO  VectorLoglessPairHMM - Time spent in setup for JNI call : 0.18465007500000002
22:25:37.344 INFO  PairHMM - Total compute time in PairHMM computeLogLikelihoods() : 58.251417034000006
22:25:37.344 INFO  SmithWatermanAligner - Total compute time in java Smith-Waterman : 5.99 sec
22:25:37.345 INFO  HaplotypeCaller - Shutting down engine
[September 27, 2018 10:25:37 PM PDT] org.broadinstitute.hellbender.tools.walkers.haplotypecaller.HaplotypeCaller done. Elapsed time: 1.66 minutes.
Runtime.totalMemory()=3172466688
