Sourcing executables from speedseq.config ...
Aligning...
samblaster: Version 0.1.22
samblaster: Inputting from stdin
samblaster: Outputting to stdout
samblaster: Opening JT98.filtered.zRMpAMRzRFjw/disc_pipe for write.
[M::bwa_idx_load_from_disk] read 0 ALT contigs
samblaster: Opening JT98.filtered.zRMpAMRzRFjw/spl_pipe for write.
[M::process] read 36672 sequences (4291318 bp)...
[M::mem_pestat] # candidate unique pairs for (FF, FR, RF, RR): (3, 15640, 0, 0)
[M::mem_pestat] skip orientation FF as there are not enough pairs
[M::mem_pestat] analyzing insert size distribution for orientation FR...
[M::mem_pestat] (25, 50, 75) percentile: (82, 131, 197)
[M::mem_pestat] low and high boundaries for computing mean and std.dev: (1, 427)
[M::mem_pestat] mean and std.dev: (146.11, 83.76)
[M::mem_pestat] low and high boundaries for proper pairs: (1, 542)
[M::mem_pestat] skip orientation RF as there are not enough pairs
[M::mem_pestat] skip orientation RR as there are not enough pairs
[M::mem_process_seqs] Processed 36672 reads in 3.613 CPU sec, 1.202 real sec
samblaster: Loaded 5 header sequence entries.
[main] Version: 0.7.12-r1039
samblaster: Output 74 discordant read pairs to JT98.filtered.zRMpAMRzRFjw/disc_pipe
[main] CMD:samblaster: Output 34 split reads to JT98.filtered.zRMpAMRzRFjw/spl_pipe
 /opt/linux/centos/7.x/x86_64/pkgs/bwa/0.7.12/bin/bwa mem -t 4 -Rsamblaster: Marked 3849 of 18336 (20.99%) read ids as duplicates @RG\tID:JT98\tSM:JT98\tLB:Lib\ references.fasta using 1596k memory in  data/003299_JT98_S92_R1_filtered.fastq.gz0.072S data/003299_JT98_S92_R2_filtered.fastq.gz CPU seconds and 2S
[main] Real time: 1.640 sec; CPU: 3.806 sec
 wall time.
Done
Using GATK jar /bigdata/operations/pkgadmin/opt/linux/centos/7.x/x86_64/pkgs/gatk/4.0.8.1/gatk-package-4.0.8.1-local.jar
Running:
    java -Dsamjdk.use_async_io_read_samtools=false -Dsamjdk.use_async_io_write_samtools=true -Dsamjdk.use_async_io_write_tribble=false -Dsamjdk.compression_level=2 -jar /bigdata/operations/pkgadmin/opt/linux/centos/7.x/x86_64/pkgs/gatk/4.0.8.1/gatk-package-4.0.8.1-local.jar HaplotypeCaller -R references.fasta -I results/JT98.filtered.bam -O results/JT98.g.vcf -ERC GVCF
22:24:01.338 INFO  NativeLibraryLoader - Loading libgkl_compression.so from jar:file:/bigdata/operations/pkgadmin/opt/linux/centos/7.x/x86_64/pkgs/gatk/4.0.8.1/gatk-package-4.0.8.1-local.jar!/com/intel/gkl/native/libgkl_compression.so
22:24:01.603 INFO  HaplotypeCaller - ------------------------------------------------------------
22:24:01.606 INFO  HaplotypeCaller - The Genome Analysis Toolkit (GATK) v4.0.8.1
22:24:01.606 INFO  HaplotypeCaller - For support and documentation go to https://software.broadinstitute.org/gatk/
22:24:01.606 INFO  HaplotypeCaller - Executing as arajewski@c09 on Linux v3.10.0-693.11.6.el7.x86_64 amd64
22:24:01.607 INFO  HaplotypeCaller - Java runtime: Java HotSpot(TM) 64-Bit Server VM v1.8.0_45-b14
22:24:01.607 INFO  HaplotypeCaller - Start Date/Time: September 27, 2018 10:24:01 PM PDT
22:24:01.607 INFO  HaplotypeCaller - ------------------------------------------------------------
22:24:01.608 INFO  HaplotypeCaller - ------------------------------------------------------------
22:24:01.609 INFO  HaplotypeCaller - HTSJDK Version: 2.16.0
22:24:01.609 INFO  HaplotypeCaller - Picard Version: 2.18.7
22:24:01.609 INFO  HaplotypeCaller - HTSJDK Defaults.COMPRESSION_LEVEL : 2
22:24:01.609 INFO  HaplotypeCaller - HTSJDK Defaults.USE_ASYNC_IO_READ_FOR_SAMTOOLS : false
22:24:01.609 INFO  HaplotypeCaller - HTSJDK Defaults.USE_ASYNC_IO_WRITE_FOR_SAMTOOLS : true
22:24:01.609 INFO  HaplotypeCaller - HTSJDK Defaults.USE_ASYNC_IO_WRITE_FOR_TRIBBLE : false
22:24:01.610 INFO  HaplotypeCaller - Deflater: IntelDeflater
22:24:01.610 INFO  HaplotypeCaller - Inflater: IntelInflater
22:24:01.610 INFO  HaplotypeCaller - GCS max retries/reopens: 20
22:24:01.610 INFO  HaplotypeCaller - Using google-cloud-java fork https://github.com/broadinstitute/google-cloud-java/releases/tag/0.20.5-alpha-GCS-RETRY-FIX
22:24:01.617 INFO  HaplotypeCaller - Initializing engine
22:24:02.566 INFO  HaplotypeCaller - Done initializing engine
22:24:02.574 INFO  HaplotypeCallerEngine - Tool is in reference confidence mode and the annotation, the following changes will be made to any specified annotations: 'StrandBiasBySample' will be enabled. 'ChromosomeCounts', 'FisherStrand', 'StrandOddsRatio' and 'QualByDepth' annotations have been disabled
22:24:02.580 INFO  HaplotypeCallerEngine - Standard Emitting and Calling confidence set to 0.0 for reference-model confidence output
22:24:02.580 INFO  HaplotypeCallerEngine - All sites annotated with PLs forced to true for reference-model confidence output
22:24:02.600 INFO  NativeLibraryLoader - Loading libgkl_utils.so from jar:file:/bigdata/operations/pkgadmin/opt/linux/centos/7.x/x86_64/pkgs/gatk/4.0.8.1/gatk-package-4.0.8.1-local.jar!/com/intel/gkl/native/libgkl_utils.so
22:24:02.606 INFO  NativeLibraryLoader - Loading libgkl_pairhmm_omp.so from jar:file:/bigdata/operations/pkgadmin/opt/linux/centos/7.x/x86_64/pkgs/gatk/4.0.8.1/gatk-package-4.0.8.1-local.jar!/com/intel/gkl/native/libgkl_pairhmm_omp.so
22:24:02.672 WARN  IntelPairHmm - Flush-to-zero (FTZ) is enabled when running PairHMM
22:24:02.673 INFO  IntelPairHmm - Available threads: 4
22:24:02.673 INFO  IntelPairHmm - Requested threads: 4
22:24:02.673 INFO  PairHMM - Using the OpenMP multi-threaded AVX-accelerated native PairHMM implementation
22:24:02.773 INFO  ProgressMeter - Starting traversal
22:24:02.774 INFO  ProgressMeter -        Current Locus  Elapsed Minutes     Regions Processed   Regions/Minute
22:24:29.244 INFO  ProgressMeter -              WXY:794              0.4                    10             22.7
22:24:41.694 INFO  ProgressMeter -             psaA:601              0.6                    20             30.8
22:25:11.862 INFO  ProgressMeter -              LFY:654              1.2                    30             26.1
22:25:13.190 INFO  HaplotypeCaller - 7715 read(s) filtered by: ((((((((MappingQualityReadFilter AND MappingQualityAvailableReadFilter) AND MappedReadFilter) AND NotSecondaryAlignmentReadFilter) AND NotDuplicateReadFilter) AND PassesVendorQualityCheckReadFilter) AND NonZeroReferenceLengthAlignmentReadFilter) AND GoodCigarReadFilter) AND WellformedReadFilter)
  7715 read(s) filtered by: (((((((MappingQualityReadFilter AND MappingQualityAvailableReadFilter) AND MappedReadFilter) AND NotSecondaryAlignmentReadFilter) AND NotDuplicateReadFilter) AND PassesVendorQualityCheckReadFilter) AND NonZeroReferenceLengthAlignmentReadFilter) AND GoodCigarReadFilter)
      7715 read(s) filtered by: ((((((MappingQualityReadFilter AND MappingQualityAvailableReadFilter) AND MappedReadFilter) AND NotSecondaryAlignmentReadFilter) AND NotDuplicateReadFilter) AND PassesVendorQualityCheckReadFilter) AND NonZeroReferenceLengthAlignmentReadFilter)
          7715 read(s) filtered by: (((((MappingQualityReadFilter AND MappingQualityAvailableReadFilter) AND MappedReadFilter) AND NotSecondaryAlignmentReadFilter) AND NotDuplicateReadFilter) AND PassesVendorQualityCheckReadFilter)
              7715 read(s) filtered by: ((((MappingQualityReadFilter AND MappingQualityAvailableReadFilter) AND MappedReadFilter) AND NotSecondaryAlignmentReadFilter) AND NotDuplicateReadFilter)
                  15 read(s) filtered by: (((MappingQualityReadFilter AND MappingQualityAvailableReadFilter) AND MappedReadFilter) AND NotSecondaryAlignmentReadFilter)
                      15 read(s) filtered by: ((MappingQualityReadFilter AND MappingQualityAvailableReadFilter) AND MappedReadFilter)
                          15 read(s) filtered by: (MappingQualityReadFilter AND MappingQualityAvailableReadFilter)
                              15 read(s) filtered by: MappingQualityReadFilter 
                  7700 read(s) filtered by: NotDuplicateReadFilter 

22:25:13.191 INFO  ProgressMeter -              LFY:654              1.2                    32             27.3
22:25:13.191 INFO  ProgressMeter - Traversal complete. Processed 32 total regions in 1.2 minutes.
22:25:13.205 INFO  VectorLoglessPairHMM - Time spent in setup for JNI call : 0.055384144
22:25:13.206 INFO  PairHMM - Total compute time in PairHMM computeLogLikelihoods() : 42.727095850000005
22:25:13.206 INFO  SmithWatermanAligner - Total compute time in java Smith-Waterman : 6.38 sec
22:25:13.206 INFO  HaplotypeCaller - Shutting down engine
[September 27, 2018 10:25:13 PM PDT] org.broadinstitute.hellbender.tools.walkers.haplotypecaller.HaplotypeCaller done. Elapsed time: 1.20 minutes.
Runtime.totalMemory()=3092774912
