Sourcing executables from speedseq.config ...
Aligning...
samblaster: Version 0.1.22
samblaster: Inputting from stdin
samblaster: Outputting to stdout
samblaster: Opening JT162.filtered.20o7LBwI69ss/disc_pipe for write.
[M::bwa_idx_load_from_disk] read 0 ALT contigs
samblaster: Opening JT162.filtered.20o7LBwI69ss/spl_pipe for write.
[M::process] read 31572 sequences (3783723 bp)...
[M::mem_pestat] # candidate unique pairs for (FF, FR, RF, RR): (1, 13250, 0, 1)
[M::mem_pestat] skip orientation FF as there are not enough pairs
[M::mem_pestat] analyzing insert size distribution for orientation FR...
[M::mem_pestat] (25, 50, 75) percentile: (86, 139, 207)
[M::mem_pestat] low and high boundaries for computing mean and std.dev: (1, 449)
[M::mem_pestat] mean and std.dev: (153.96, 87.90)
[M::mem_pestat] low and high boundaries for proper pairs: (1, 570)
[M::mem_pestat] skip orientation RF as there are not enough pairs
[M::mem_pestat] skip orientation RR as there are not enough pairs
[M::mem_process_seqs] Processed 31572 reads in 3.206 CPU sec, 0.816 real sec
samblaster: Loaded 5 header sequence entries.
[main] Version: 0.7.12-r1039
[main] CMD: /opt/linux/centos/7.x/x86_64/pkgs/bwa/0.7.12/bin/bwa mem -t 4 -R @RG\tID:JT162\tSM:JT162\tLB:Lib\ references.fasta data/003264_JT162_S57_R1_filtered.fastq.gz data/003264_JT162_S57_R2_filtered.fastq.gz
[main] Real time: 1.312 sec; CPU: 3.371 sec
samblaster: Output 67 discordant read pairs to JT162.filtered.20o7LBwI69ss/disc_pipe
samblaster: Output 10 split reads to JT162.filtered.20o7LBwI69ss/spl_pipe
samblaster: Marked 2851 of 15786 (18.06%) read ids as duplicates using 1332k memory in 0.063S CPU seconds and 1S wall time.
Done
Using GATK jar /bigdata/operations/pkgadmin/opt/linux/centos/7.x/x86_64/pkgs/gatk/4.0.8.1/gatk-package-4.0.8.1-local.jar
Running:
    java -Dsamjdk.use_async_io_read_samtools=false -Dsamjdk.use_async_io_write_samtools=true -Dsamjdk.use_async_io_write_tribble=false -Dsamjdk.compression_level=2 -jar /bigdata/operations/pkgadmin/opt/linux/centos/7.x/x86_64/pkgs/gatk/4.0.8.1/gatk-package-4.0.8.1-local.jar HaplotypeCaller -R references.fasta -I results/JT162.filtered.bam -O results/JT162.g.vcf -ERC GVCF
22:23:50.991 INFO  NativeLibraryLoader - Loading libgkl_compression.so from jar:file:/bigdata/operations/pkgadmin/opt/linux/centos/7.x/x86_64/pkgs/gatk/4.0.8.1/gatk-package-4.0.8.1-local.jar!/com/intel/gkl/native/libgkl_compression.so
22:23:51.366 INFO  HaplotypeCaller - ------------------------------------------------------------
22:23:51.369 INFO  HaplotypeCaller - The Genome Analysis Toolkit (GATK) v4.0.8.1
22:23:51.369 INFO  HaplotypeCaller - For support and documentation go to https://software.broadinstitute.org/gatk/
22:23:51.369 INFO  HaplotypeCaller - Executing as arajewski@c07 on Linux v3.10.0-693.11.6.el7.x86_64 amd64
22:23:51.369 INFO  HaplotypeCaller - Java runtime: Java HotSpot(TM) 64-Bit Server VM v1.8.0_45-b14
22:23:51.370 INFO  HaplotypeCaller - Start Date/Time: September 27, 2018 10:23:50 PM PDT
22:23:51.370 INFO  HaplotypeCaller - ------------------------------------------------------------
22:23:51.370 INFO  HaplotypeCaller - ------------------------------------------------------------
22:23:51.371 INFO  HaplotypeCaller - HTSJDK Version: 2.16.0
22:23:51.371 INFO  HaplotypeCaller - Picard Version: 2.18.7
22:23:51.371 INFO  HaplotypeCaller - HTSJDK Defaults.COMPRESSION_LEVEL : 2
22:23:51.372 INFO  HaplotypeCaller - HTSJDK Defaults.USE_ASYNC_IO_READ_FOR_SAMTOOLS : false
22:23:51.372 INFO  HaplotypeCaller - HTSJDK Defaults.USE_ASYNC_IO_WRITE_FOR_SAMTOOLS : true
22:23:51.372 INFO  HaplotypeCaller - HTSJDK Defaults.USE_ASYNC_IO_WRITE_FOR_TRIBBLE : false
22:23:51.372 INFO  HaplotypeCaller - Deflater: IntelDeflater
22:23:51.372 INFO  HaplotypeCaller - Inflater: IntelInflater
22:23:51.373 INFO  HaplotypeCaller - GCS max retries/reopens: 20
22:23:51.373 INFO  HaplotypeCaller - Using google-cloud-java fork https://github.com/broadinstitute/google-cloud-java/releases/tag/0.20.5-alpha-GCS-RETRY-FIX
22:23:51.381 INFO  HaplotypeCaller - Initializing engine
22:23:52.086 INFO  HaplotypeCaller - Done initializing engine
22:23:52.093 INFO  HaplotypeCallerEngine - Tool is in reference confidence mode and the annotation, the following changes will be made to any specified annotations: 'StrandBiasBySample' will be enabled. 'ChromosomeCounts', 'FisherStrand', 'StrandOddsRatio' and 'QualByDepth' annotations have been disabled
22:23:52.099 INFO  HaplotypeCallerEngine - Standard Emitting and Calling confidence set to 0.0 for reference-model confidence output
22:23:52.099 INFO  HaplotypeCallerEngine - All sites annotated with PLs forced to true for reference-model confidence output
22:23:52.121 INFO  NativeLibraryLoader - Loading libgkl_utils.so from jar:file:/bigdata/operations/pkgadmin/opt/linux/centos/7.x/x86_64/pkgs/gatk/4.0.8.1/gatk-package-4.0.8.1-local.jar!/com/intel/gkl/native/libgkl_utils.so
22:23:52.124 INFO  NativeLibraryLoader - Loading libgkl_pairhmm_omp.so from jar:file:/bigdata/operations/pkgadmin/opt/linux/centos/7.x/x86_64/pkgs/gatk/4.0.8.1/gatk-package-4.0.8.1-local.jar!/com/intel/gkl/native/libgkl_pairhmm_omp.so
22:23:52.190 WARN  IntelPairHmm - Flush-to-zero (FTZ) is enabled when running PairHMM
22:23:52.191 INFO  IntelPairHmm - Available threads: 4
22:23:52.191 INFO  IntelPairHmm - Requested threads: 4
22:23:52.191 INFO  PairHMM - Using the OpenMP multi-threaded AVX-accelerated native PairHMM implementation
22:23:52.269 INFO  ProgressMeter - Starting traversal
22:23:52.270 INFO  ProgressMeter -        Current Locus  Elapsed Minutes     Regions Processed   Regions/Minute
22:24:29.025 INFO  ProgressMeter -             matK:276              0.6                    10             16.3
22:24:55.285 INFO  HaplotypeCaller - 5722 read(s) filtered by: ((((((((MappingQualityReadFilter AND MappingQualityAvailableReadFilter) AND MappedReadFilter) AND NotSecondaryAlignmentReadFilter) AND NotDuplicateReadFilter) AND PassesVendorQualityCheckReadFilter) AND NonZeroReferenceLengthAlignmentReadFilter) AND GoodCigarReadFilter) AND WellformedReadFilter)
  5722 read(s) filtered by: (((((((MappingQualityReadFilter AND MappingQualityAvailableReadFilter) AND MappedReadFilter) AND NotSecondaryAlignmentReadFilter) AND NotDuplicateReadFilter) AND PassesVendorQualityCheckReadFilter) AND NonZeroReferenceLengthAlignmentReadFilter) AND GoodCigarReadFilter)
      5722 read(s) filtered by: ((((((MappingQualityReadFilter AND MappingQualityAvailableReadFilter) AND MappedReadFilter) AND NotSecondaryAlignmentReadFilter) AND NotDuplicateReadFilter) AND PassesVendorQualityCheckReadFilter) AND NonZeroReferenceLengthAlignmentReadFilter)
          5722 read(s) filtered by: (((((MappingQualityReadFilter AND MappingQualityAvailableReadFilter) AND MappedReadFilter) AND NotSecondaryAlignmentReadFilter) AND NotDuplicateReadFilter) AND PassesVendorQualityCheckReadFilter)
              5722 read(s) filtered by: ((((MappingQualityReadFilter AND MappingQualityAvailableReadFilter) AND MappedReadFilter) AND NotSecondaryAlignmentReadFilter) AND NotDuplicateReadFilter)
                  21 read(s) filtered by: (((MappingQualityReadFilter AND MappingQualityAvailableReadFilter) AND MappedReadFilter) AND NotSecondaryAlignmentReadFilter)
                      21 read(s) filtered by: ((MappingQualityReadFilter AND MappingQualityAvailableReadFilter) AND MappedReadFilter)
                          21 read(s) filtered by: (MappingQualityReadFilter AND MappingQualityAvailableReadFilter)
                              21 read(s) filtered by: MappingQualityReadFilter 
                  5701 read(s) filtered by: NotDuplicateReadFilter 

22:24:55.286 INFO  ProgressMeter -             trnL:601              1.1                    29             27.6
22:24:55.286 INFO  ProgressMeter - Traversal complete. Processed 29 total regions in 1.1 minutes.
22:24:55.295 INFO  VectorLoglessPairHMM - Time spent in setup for JNI call : 0.060817403000000006
22:24:55.295 INFO  PairHMM - Total compute time in PairHMM computeLogLikelihoods() : 37.418931954
22:24:55.295 INFO  SmithWatermanAligner - Total compute time in java Smith-Waterman : 5.78 sec
22:24:55.296 INFO  HaplotypeCaller - Shutting down engine
[September 27, 2018 10:24:55 PM PDT] org.broadinstitute.hellbender.tools.walkers.haplotypecaller.HaplotypeCaller done. Elapsed time: 1.07 minutes.
Runtime.totalMemory()=3090153472
