Sourcing executables from speedseq.config ...
Aligning...
samblaster: Version 0.1.22
samblaster: Inputting from stdin
samblaster: Outputting to stdout
samblaster: Opening JT23.filtered.fathz05vaRiH/disc_pipe for write.
[M::bwa_idx_load_from_disk] read 0 ALT contigs
samblaster: Opening JT23.filtered.fathz05vaRiH/spl_pipe for write.
[M::process] read 26972 sequences (3342866 bp)...
[M::mem_pestat] # candidate unique pairs for (FF, FR, RF, RR): (0, 10834, 0, 1)
[M::mem_pestat] skip orientation FF as there are not enough pairs
[M::mem_pestat] analyzing insert size distribution for orientation FR...
[M::mem_pestat] (25, 50, 75) percentile: (96, 156, 236)
[M::mem_pestat] low and high boundaries for computing mean and std.dev: (1, 516)
[M::mem_pestat] mean and std.dev: (172.75, 101.49)
[M::mem_pestat] low and high boundaries for proper pairs: (1, 656)
[M::mem_pestat] skip orientation RF as there are not enough pairs
[M::mem_pestat] skip orientation RR as there are not enough pairs
[M::mem_process_seqs] Processed 26972 reads in 2.218 CPU sec, 0.615 real sec
samblaster: Loaded 5 header sequence entries.
[main] Version: 0.7.12-r1039
[main] CMD: /opt/linux/centos/7.x/x86_64/pkgs/bwa/0.7.12/bin/bwa mem -t 4 -R @RG\tID:JT23\tSM:JT23\tLB:Lib\ references.fasta data/003288_JT23_S81_R1_filtered.fastq.gz data/003288_JT23_S81_R2_filtered.fastq.gz
[main] Real time: 1.023 sec; CPU: 2.374 sec
samblaster: Output 28 discordant read pairs to JT23.filtered.fathz05vaRiH/disc_pipe
samblaster: Output 28 split reads to JT23.filtered.fathz05vaRiH/spl_pipe
samblaster: Marked 1896 of 13486 (14.06%) read ids as duplicates using 1332k memory in 0.053S CPU seconds and 1S wall time.
Done
Using GATK jar /bigdata/operations/pkgadmin/opt/linux/centos/7.x/x86_64/pkgs/gatk/4.0.8.1/gatk-package-4.0.8.1-local.jar
Running:
    java -Dsamjdk.use_async_io_read_samtools=false -Dsamjdk.use_async_io_write_samtools=true -Dsamjdk.use_async_io_write_tribble=false -Dsamjdk.compression_level=2 -jar /bigdata/operations/pkgadmin/opt/linux/centos/7.x/x86_64/pkgs/gatk/4.0.8.1/gatk-package-4.0.8.1-local.jar HaplotypeCaller -R references.fasta -I results/JT23.filtered.bam -O results/JT23.g.vcf -ERC GVCF
22:23:50.707 INFO  NativeLibraryLoader - Loading libgkl_compression.so from jar:file:/bigdata/operations/pkgadmin/opt/linux/centos/7.x/x86_64/pkgs/gatk/4.0.8.1/gatk-package-4.0.8.1-local.jar!/com/intel/gkl/native/libgkl_compression.so
22:23:50.922 INFO  HaplotypeCaller - ------------------------------------------------------------
22:23:50.924 INFO  HaplotypeCaller - The Genome Analysis Toolkit (GATK) v4.0.8.1
22:23:50.925 INFO  HaplotypeCaller - For support and documentation go to https://software.broadinstitute.org/gatk/
22:23:50.925 INFO  HaplotypeCaller - Executing as arajewski@c05 on Linux v3.10.0-693.11.6.el7.x86_64 amd64
22:23:50.925 INFO  HaplotypeCaller - Java runtime: Java HotSpot(TM) 64-Bit Server VM v1.8.0_45-b14
22:23:50.926 INFO  HaplotypeCaller - Start Date/Time: September 27, 2018 10:23:50 PM PDT
22:23:50.926 INFO  HaplotypeCaller - ------------------------------------------------------------
22:23:50.926 INFO  HaplotypeCaller - ------------------------------------------------------------
22:23:50.927 INFO  HaplotypeCaller - HTSJDK Version: 2.16.0
22:23:50.927 INFO  HaplotypeCaller - Picard Version: 2.18.7
22:23:50.927 INFO  HaplotypeCaller - HTSJDK Defaults.COMPRESSION_LEVEL : 2
22:23:50.928 INFO  HaplotypeCaller - HTSJDK Defaults.USE_ASYNC_IO_READ_FOR_SAMTOOLS : false
22:23:50.928 INFO  HaplotypeCaller - HTSJDK Defaults.USE_ASYNC_IO_WRITE_FOR_SAMTOOLS : true
22:23:50.928 INFO  HaplotypeCaller - HTSJDK Defaults.USE_ASYNC_IO_WRITE_FOR_TRIBBLE : false
22:23:50.928 INFO  HaplotypeCaller - Deflater: IntelDeflater
22:23:50.928 INFO  HaplotypeCaller - Inflater: IntelInflater
22:23:50.928 INFO  HaplotypeCaller - GCS max retries/reopens: 20
22:23:50.929 INFO  HaplotypeCaller - Using google-cloud-java fork https://github.com/broadinstitute/google-cloud-java/releases/tag/0.20.5-alpha-GCS-RETRY-FIX
22:23:50.937 INFO  HaplotypeCaller - Initializing engine
22:23:52.022 INFO  HaplotypeCaller - Done initializing engine
22:23:52.030 INFO  HaplotypeCallerEngine - Tool is in reference confidence mode and the annotation, the following changes will be made to any specified annotations: 'StrandBiasBySample' will be enabled. 'ChromosomeCounts', 'FisherStrand', 'StrandOddsRatio' and 'QualByDepth' annotations have been disabled
22:23:52.036 INFO  HaplotypeCallerEngine - Standard Emitting and Calling confidence set to 0.0 for reference-model confidence output
22:23:52.036 INFO  HaplotypeCallerEngine - All sites annotated with PLs forced to true for reference-model confidence output
22:23:52.055 INFO  NativeLibraryLoader - Loading libgkl_utils.so from jar:file:/bigdata/operations/pkgadmin/opt/linux/centos/7.x/x86_64/pkgs/gatk/4.0.8.1/gatk-package-4.0.8.1-local.jar!/com/intel/gkl/native/libgkl_utils.so
22:23:52.060 INFO  NativeLibraryLoader - Loading libgkl_pairhmm_omp.so from jar:file:/bigdata/operations/pkgadmin/opt/linux/centos/7.x/x86_64/pkgs/gatk/4.0.8.1/gatk-package-4.0.8.1-local.jar!/com/intel/gkl/native/libgkl_pairhmm_omp.so
22:23:52.125 WARN  IntelPairHmm - Flush-to-zero (FTZ) is enabled when running PairHMM
22:23:52.126 INFO  IntelPairHmm - Available threads: 4
22:23:52.126 INFO  IntelPairHmm - Requested threads: 4
22:23:52.126 INFO  PairHMM - Using the OpenMP multi-threaded AVX-accelerated native PairHMM implementation
22:23:52.217 INFO  ProgressMeter - Starting traversal
22:23:52.218 INFO  ProgressMeter -        Current Locus  Elapsed Minutes     Regions Processed   Regions/Minute
22:24:11.022 INFO  ProgressMeter -               matK:1              0.3                    10             31.9
22:24:42.183 INFO  HaplotypeCaller - 3813 read(s) filtered by: ((((((((MappingQualityReadFilter AND MappingQualityAvailableReadFilter) AND MappedReadFilter) AND NotSecondaryAlignmentReadFilter) AND NotDuplicateReadFilter) AND PassesVendorQualityCheckReadFilter) AND NonZeroReferenceLengthAlignmentReadFilter) AND GoodCigarReadFilter) AND WellformedReadFilter)
  3813 read(s) filtered by: (((((((MappingQualityReadFilter AND MappingQualityAvailableReadFilter) AND MappedReadFilter) AND NotSecondaryAlignmentReadFilter) AND NotDuplicateReadFilter) AND PassesVendorQualityCheckReadFilter) AND NonZeroReferenceLengthAlignmentReadFilter) AND GoodCigarReadFilter)
      3813 read(s) filtered by: ((((((MappingQualityReadFilter AND MappingQualityAvailableReadFilter) AND MappedReadFilter) AND NotSecondaryAlignmentReadFilter) AND NotDuplicateReadFilter) AND PassesVendorQualityCheckReadFilter) AND NonZeroReferenceLengthAlignmentReadFilter)
          3813 read(s) filtered by: (((((MappingQualityReadFilter AND MappingQualityAvailableReadFilter) AND MappedReadFilter) AND NotSecondaryAlignmentReadFilter) AND NotDuplicateReadFilter) AND PassesVendorQualityCheckReadFilter)
              3813 read(s) filtered by: ((((MappingQualityReadFilter AND MappingQualityAvailableReadFilter) AND MappedReadFilter) AND NotSecondaryAlignmentReadFilter) AND NotDuplicateReadFilter)
                  21 read(s) filtered by: (((MappingQualityReadFilter AND MappingQualityAvailableReadFilter) AND MappedReadFilter) AND NotSecondaryAlignmentReadFilter)
                      21 read(s) filtered by: ((MappingQualityReadFilter AND MappingQualityAvailableReadFilter) AND MappedReadFilter)
                          21 read(s) filtered by: (MappingQualityReadFilter AND MappingQualityAvailableReadFilter)
                              21 read(s) filtered by: MappingQualityReadFilter 
                  3792 read(s) filtered by: NotDuplicateReadFilter 

22:24:42.184 INFO  ProgressMeter -               trnL:1              0.8                    28             33.6
22:24:42.184 INFO  ProgressMeter - Traversal complete. Processed 28 total regions in 0.8 minutes.
22:24:42.198 INFO  VectorLoglessPairHMM - Time spent in setup for JNI call : 0.08455921100000001
22:24:42.199 INFO  PairHMM - Total compute time in PairHMM computeLogLikelihoods() : 28.994164035
22:24:42.199 INFO  SmithWatermanAligner - Total compute time in java Smith-Waterman : 4.18 sec
22:24:42.199 INFO  HaplotypeCaller - Shutting down engine
[September 27, 2018 10:24:42 PM PDT] org.broadinstitute.hellbender.tools.walkers.haplotypecaller.HaplotypeCaller done. Elapsed time: 0.86 minutes.
Runtime.totalMemory()=2923429888
