Sourcing executables from speedseq.config ...
Aligning...
samblaster: Version 0.1.22
samblaster: Inputting from stdin
samblaster: Outputting to stdout
samblaster: Opening L5.filtered.8vVRLwcaNtH7/disc_pipe for write.
[M::bwa_idx_load_from_disk] read 0 ALT contigs
samblaster: Opening L5.filtered.8vVRLwcaNtH7/spl_pipe for write.
[M::process] read 61678 sequences (7253331 bp)...
[M::mem_pestat] # candidate unique pairs for (FF, FR, RF, RR): (8, 28600, 0, 3)
[M::mem_pestat] skip orientation FF as there are not enough pairs
[M::mem_pestat] analyzing insert size distribution for orientation FR...
[M::mem_pestat] (25, 50, 75) percentile: (83, 132, 201)
[M::mem_pestat] low and high boundaries for computing mean and std.dev: (1, 437)
[M::mem_pestat] mean and std.dev: (147.78, 85.04)
[M::mem_pestat] low and high boundaries for proper pairs: (1, 555)
[M::mem_pestat] skip orientation RF as there are not enough pairs
[M::mem_pestat] skip orientation RR as there are not enough pairs
[M::mem_process_seqs] Processed 61678 reads in 7.587 CPU sec, 2.141 real sec
samblaster: Loaded 5 header sequence entries.
[main] Version: 0.7.12-r1039
samblaster: Output 122 discordant read pairs to L5.filtered.8vVRLwcaNtH7/disc_pipe
[main] CMD:samblaster: Output 96 split reads to L5.filtered.8vVRLwcaNtH7/spl_pipe
 /opt/linux/centos/7.x/x86_64/pkgs/bwa/0.7.12/bin/bwa mem -t 4 -R @RG\tID:L5\tSM:L5\tLB:Lib\ references.fastasamblaster: Marked 9984 of 30839 (32.37%) read ids as duplicates data/003302_L5_S95_R1_filtered.fastq.gz data/003302_L5_S95_R2_filtered.fastq.gz using 1596k memory in 
[main] Real time: 2.794 sec; CPU: 7.882 sec
0.128S CPU seconds and 3S wall time.
Done
Using GATK jar /bigdata/operations/pkgadmin/opt/linux/centos/7.x/x86_64/pkgs/gatk/4.0.8.1/gatk-package-4.0.8.1-local.jar
Running:
    java -Dsamjdk.use_async_io_read_samtools=false -Dsamjdk.use_async_io_write_samtools=true -Dsamjdk.use_async_io_write_tribble=false -Dsamjdk.compression_level=2 -jar /bigdata/operations/pkgadmin/opt/linux/centos/7.x/x86_64/pkgs/gatk/4.0.8.1/gatk-package-4.0.8.1-local.jar HaplotypeCaller -R references.fasta -I results/L5.filtered.bam -O results/L5.g.vcf -ERC GVCF
22:24:38.636 INFO  NativeLibraryLoader - Loading libgkl_compression.so from jar:file:/bigdata/operations/pkgadmin/opt/linux/centos/7.x/x86_64/pkgs/gatk/4.0.8.1/gatk-package-4.0.8.1-local.jar!/com/intel/gkl/native/libgkl_compression.so
22:24:39.143 INFO  HaplotypeCaller - ------------------------------------------------------------
22:24:39.145 INFO  HaplotypeCaller - The Genome Analysis Toolkit (GATK) v4.0.8.1
22:24:39.145 INFO  HaplotypeCaller - For support and documentation go to https://software.broadinstitute.org/gatk/
22:24:39.146 INFO  HaplotypeCaller - Executing as arajewski@c28 on Linux v3.10.0-693.11.6.el7.x86_64 amd64
22:24:39.146 INFO  HaplotypeCaller - Java runtime: Java HotSpot(TM) 64-Bit Server VM v1.8.0_45-b14
22:24:39.146 INFO  HaplotypeCaller - Start Date/Time: September 27, 2018 10:24:38 PM PDT
22:24:39.147 INFO  HaplotypeCaller - ------------------------------------------------------------
22:24:39.147 INFO  HaplotypeCaller - ------------------------------------------------------------
22:24:39.147 INFO  HaplotypeCaller - HTSJDK Version: 2.16.0
22:24:39.148 INFO  HaplotypeCaller - Picard Version: 2.18.7
22:24:39.148 INFO  HaplotypeCaller - HTSJDK Defaults.COMPRESSION_LEVEL : 2
22:24:39.148 INFO  HaplotypeCaller - HTSJDK Defaults.USE_ASYNC_IO_READ_FOR_SAMTOOLS : false
22:24:39.148 INFO  HaplotypeCaller - HTSJDK Defaults.USE_ASYNC_IO_WRITE_FOR_SAMTOOLS : true
22:24:39.148 INFO  HaplotypeCaller - HTSJDK Defaults.USE_ASYNC_IO_WRITE_FOR_TRIBBLE : false
22:24:39.148 INFO  HaplotypeCaller - Deflater: IntelDeflater
22:24:39.148 INFO  HaplotypeCaller - Inflater: IntelInflater
22:24:39.149 INFO  HaplotypeCaller - GCS max retries/reopens: 20
22:24:39.149 INFO  HaplotypeCaller - Using google-cloud-java fork https://github.com/broadinstitute/google-cloud-java/releases/tag/0.20.5-alpha-GCS-RETRY-FIX
22:24:39.157 INFO  HaplotypeCaller - Initializing engine
22:24:39.852 INFO  HaplotypeCaller - Done initializing engine
22:24:39.868 INFO  HaplotypeCallerEngine - Tool is in reference confidence mode and the annotation, the following changes will be made to any specified annotations: 'StrandBiasBySample' will be enabled. 'ChromosomeCounts', 'FisherStrand', 'StrandOddsRatio' and 'QualByDepth' annotations have been disabled
22:24:39.874 INFO  HaplotypeCallerEngine - Standard Emitting and Calling confidence set to 0.0 for reference-model confidence output
22:24:39.874 INFO  HaplotypeCallerEngine - All sites annotated with PLs forced to true for reference-model confidence output
22:24:39.894 INFO  NativeLibraryLoader - Loading libgkl_utils.so from jar:file:/bigdata/operations/pkgadmin/opt/linux/centos/7.x/x86_64/pkgs/gatk/4.0.8.1/gatk-package-4.0.8.1-local.jar!/com/intel/gkl/native/libgkl_utils.so
22:24:39.896 INFO  NativeLibraryLoader - Loading libgkl_pairhmm_omp.so from jar:file:/bigdata/operations/pkgadmin/opt/linux/centos/7.x/x86_64/pkgs/gatk/4.0.8.1/gatk-package-4.0.8.1-local.jar!/com/intel/gkl/native/libgkl_pairhmm_omp.so
22:24:39.961 WARN  IntelPairHmm - Flush-to-zero (FTZ) is enabled when running PairHMM
22:24:39.962 INFO  IntelPairHmm - Available threads: 4
22:24:39.962 INFO  IntelPairHmm - Requested threads: 4
22:24:39.962 INFO  PairHMM - Using the OpenMP multi-threaded AVX-accelerated native PairHMM implementation
22:24:40.065 INFO  ProgressMeter - Starting traversal
22:24:40.066 INFO  ProgressMeter -        Current Locus  Elapsed Minutes     Regions Processed   Regions/Minute
22:25:16.907 INFO  ProgressMeter -              WXY:660              0.6                    10             16.3
22:25:42.074 INFO  ProgressMeter -               psaA:1              1.0                    20             19.4
22:26:18.668 INFO  ProgressMeter -              LFY:456              1.6                    30             18.3
22:26:38.761 INFO  HaplotypeCaller - 20047 read(s) filtered by: ((((((((MappingQualityReadFilter AND MappingQualityAvailableReadFilter) AND MappedReadFilter) AND NotSecondaryAlignmentReadFilter) AND NotDuplicateReadFilter) AND PassesVendorQualityCheckReadFilter) AND NonZeroReferenceLengthAlignmentReadFilter) AND GoodCigarReadFilter) AND WellformedReadFilter)
  20047 read(s) filtered by: (((((((MappingQualityReadFilter AND MappingQualityAvailableReadFilter) AND MappedReadFilter) AND NotSecondaryAlignmentReadFilter) AND NotDuplicateReadFilter) AND PassesVendorQualityCheckReadFilter) AND NonZeroReferenceLengthAlignmentReadFilter) AND GoodCigarReadFilter)
      20047 read(s) filtered by: ((((((MappingQualityReadFilter AND MappingQualityAvailableReadFilter) AND MappedReadFilter) AND NotSecondaryAlignmentReadFilter) AND NotDuplicateReadFilter) AND PassesVendorQualityCheckReadFilter) AND NonZeroReferenceLengthAlignmentReadFilter)
          20047 read(s) filtered by: (((((MappingQualityReadFilter AND MappingQualityAvailableReadFilter) AND MappedReadFilter) AND NotSecondaryAlignmentReadFilter) AND NotDuplicateReadFilter) AND PassesVendorQualityCheckReadFilter)
              20047 read(s) filtered by: ((((MappingQualityReadFilter AND MappingQualityAvailableReadFilter) AND MappedReadFilter) AND NotSecondaryAlignmentReadFilter) AND NotDuplicateReadFilter)
                  77 read(s) filtered by: (((MappingQualityReadFilter AND MappingQualityAvailableReadFilter) AND MappedReadFilter) AND NotSecondaryAlignmentReadFilter)
                      77 read(s) filtered by: ((MappingQualityReadFilter AND MappingQualityAvailableReadFilter) AND MappedReadFilter)
                          77 read(s) filtered by: (MappingQualityReadFilter AND MappingQualityAvailableReadFilter)
                              77 read(s) filtered by: MappingQualityReadFilter 
                  19970 read(s) filtered by: NotDuplicateReadFilter 

22:26:38.761 INFO  ProgressMeter -              LFY:456              2.0                    32             16.2
22:26:38.762 INFO  ProgressMeter - Traversal complete. Processed 32 total regions in 2.0 minutes.
22:26:38.775 INFO  VectorLoglessPairHMM - Time spent in setup for JNI call : 0.12435794800000001
22:26:38.775 INFO  PairHMM - Total compute time in PairHMM computeLogLikelihoods() : 79.72338599800001
22:26:38.775 INFO  SmithWatermanAligner - Total compute time in java Smith-Waterman : 7.18 sec
22:26:38.775 INFO  HaplotypeCaller - Shutting down engine
[September 27, 2018 10:26:38 PM PDT] org.broadinstitute.hellbender.tools.walkers.haplotypecaller.HaplotypeCaller done. Elapsed time: 2.00 minutes.
Runtime.totalMemory()=3145728000
