20:04:31.875 INFO  NativeLibraryLoader - Loading libgkl_compression.so from jar:file:/bigdata/operations/pkgadmin/opt/linux/centos/7.x/x86_64/pkgs/picard/2.18.3/lib/picard.jar!/com/intel/gkl/native/libgkl_compression.so
[Sun Sep 09 20:04:31 PDT 2018] CreateSequenceDictionary OUTPUT=references.dict REFERENCE=references.fasta    TRUNCATE_NAMES_AT_WHITESPACE=true NUM_SEQUENCES=2147483647 VERBOSITY=INFO QUIET=false VALIDATION_STRINGENCY=STRICT COMPRESSION_LEVEL=5 MAX_RECORDS_IN_RAM=500000 CREATE_INDEX=false CREATE_MD5_FILE=false GA4GH_CLIENT_SECRETS=client_secrets.json USE_JDK_DEFLATER=false USE_JDK_INFLATER=false
[Sun Sep 09 20:04:31 PDT 2018] Executing as arajewski@c01 on Linux 3.10.0-693.11.6.el7.x86_64 amd64; Java HotSpot(TM) 64-Bit Server VM 1.8.0_45-b14; Deflater: Intel; Inflater: Intel; Provider GCS is not available; Picard version: 2.18.3-SNAPSHOT
[Sun Sep 09 20:04:32 PDT 2018] picard.sam.CreateSequenceDictionary done. Elapsed time: 0.00 minutes.
Runtime.totalMemory()=2058354688
Sourcing executables from /rhome/arajewski/bigdata/Arundinaria/speedseq.config ...

usage:   speedseq align [options] <reference.fa> <in1.fq> [in2.fq]

positional args:
         reference.fa
                  fasta file (indexed with bwa)
         in1.fq   paired-end fastq file. if -p flag is used then expected to be
                    an interleaved paired-end fastq file, and in2.fq may be omitted.
                    (can be gzipped)
         in2.fq   paired-end fastq file. (can be gzipped)

alignment options:
         -o STR   output prefix [in1.fq]
         -R       read group header line such as "@RG\tID:id\tSM:samplename\tLB:lib" (required)
         -p       first fastq file consists of interleaved paired-end sequences
         -t INT   threads [1]
         -T DIR   temp directory [./output_prefix.XXXXXXXXXXXX]
         -I FLOAT[,FLOAT[,INT[,INT]]]
                  specify the mean, standard deviation (10% of the mean if absent), max
                    (4 sigma from the mean if absent) and min of the insert size distribution.
                    FR orientation only. [inferred]

samblaster options:
         -i       include duplicates in splitters and discordants
         -c INT   maximum number of split alignments for a read to be included in splitter file [2]
         -m INT   minimum non-overlapping base pairs between two alignments for a read to be included in splitter file [20]

sambamba options:
         -M       amount of memory in GB to be used for sorting [20]

global options:
         -K FILE  path to speedseq.config file (default: same directory as speedseq)
         -v       verbose
         -h       show this message

Error: bwa executable not found. Please set path in /opt/linux/centos/7.x/x86_64/pkgs/speedseq/a95704a/bin/speedseq.config file

[E::hts_open_format] Failed to open file Gig9.filtered.sam
samtools view: failed to open "Gig9.filtered.sam" for reading: No such file or directory
Using GATK jar /bigdata/operations/pkgadmin/opt/linux/centos/7.x/x86_64/pkgs/gatk/4.0.8.1/gatk-package-4.0.8.1-local.jar
Running:
    java -Dsamjdk.use_async_io_read_samtools=false -Dsamjdk.use_async_io_write_samtools=true -Dsamjdk.use_async_io_write_tribble=false -Dsamjdk.compression_level=2 -jar /bigdata/operations/pkgadmin/opt/linux/centos/7.x/x86_64/pkgs/gatk/4.0.8.1/gatk-package-4.0.8.1-local.jar HaplotypeCaller -R references.fasta -I Gig9.filtered.sort.bam -O Gig9.gvcf -ERC GVCF
20:04:38.312 INFO  NativeLibraryLoader - Loading libgkl_compression.so from jar:file:/bigdata/operations/pkgadmin/opt/linux/centos/7.x/x86_64/pkgs/gatk/4.0.8.1/gatk-package-4.0.8.1-local.jar!/com/intel/gkl/native/libgkl_compression.so
20:04:38.581 INFO  HaplotypeCaller - ------------------------------------------------------------
20:04:38.583 INFO  HaplotypeCaller - The Genome Analysis Toolkit (GATK) v4.0.8.1
20:04:38.584 INFO  HaplotypeCaller - For support and documentation go to https://software.broadinstitute.org/gatk/
20:04:38.585 INFO  HaplotypeCaller - Executing as arajewski@c01 on Linux v3.10.0-693.11.6.el7.x86_64 amd64
20:04:38.592 INFO  HaplotypeCaller - Java runtime: Java HotSpot(TM) 64-Bit Server VM v1.8.0_45-b14
20:04:38.593 INFO  HaplotypeCaller - Start Date/Time: September 9, 2018 8:04:38 PM PDT
20:04:38.593 INFO  HaplotypeCaller - ------------------------------------------------------------
20:04:38.593 INFO  HaplotypeCaller - ------------------------------------------------------------
20:04:38.594 INFO  HaplotypeCaller - HTSJDK Version: 2.16.0
20:04:38.594 INFO  HaplotypeCaller - Picard Version: 2.18.7
20:04:38.594 INFO  HaplotypeCaller - HTSJDK Defaults.COMPRESSION_LEVEL : 2
20:04:38.595 INFO  HaplotypeCaller - HTSJDK Defaults.USE_ASYNC_IO_READ_FOR_SAMTOOLS : false
20:04:38.595 INFO  HaplotypeCaller - HTSJDK Defaults.USE_ASYNC_IO_WRITE_FOR_SAMTOOLS : true
20:04:38.595 INFO  HaplotypeCaller - HTSJDK Defaults.USE_ASYNC_IO_WRITE_FOR_TRIBBLE : false
20:04:38.595 INFO  HaplotypeCaller - Deflater: IntelDeflater
20:04:38.595 INFO  HaplotypeCaller - Inflater: IntelInflater
20:04:38.595 INFO  HaplotypeCaller - GCS max retries/reopens: 20
20:04:38.595 INFO  HaplotypeCaller - Using google-cloud-java fork https://github.com/broadinstitute/google-cloud-java/releases/tag/0.20.5-alpha-GCS-RETRY-FIX
20:04:38.596 INFO  HaplotypeCaller - Initializing engine
20:04:39.596 INFO  HaplotypeCaller - Shutting down engine
[September 9, 2018 8:04:39 PM PDT] org.broadinstitute.hellbender.tools.walkers.haplotypecaller.HaplotypeCaller done. Elapsed time: 0.02 minutes.
Runtime.totalMemory()=2330984448
***********************************************************************

A USER ERROR has occurred: Input files reference and reads have incompatible contigs: No overlapping contigs found.
  reference contigs = [WXY, matK, psaA, trnL, LFY]
  reads contigs = []

***********************************************************************
Set the system property GATK_STACKTRACE_ON_USER_EXCEPTION (--java-options '-DGATK_STACKTRACE_ON_USER_EXCEPTION=true') to print the stack trace.
/var/spool/slurmd/job3186954/slurm_script: line 45: whatshap: command not found
