Sourcing executables from speedseq.config ...
Aligning...
samblaster: Version 0.1.22
samblaster: Inputting from stdin
samblaster: Outputting to stdout
samblaster: Opening JT164.filtered.5CcAMaVVSbkh/disc_pipe for write.
[M::bwa_idx_load_from_disk] read 0 ALT contigs
samblaster: Opening JT164.filtered.5CcAMaVVSbkh/spl_pipe for write.
[M::process] read 36704 sequences (4396934 bp)...
[M::mem_pestat] # candidate unique pairs for (FF, FR, RF, RR): (2, 15362, 0, 3)
[M::mem_pestat] skip orientation FF as there are not enough pairs
[M::mem_pestat] analyzing insert size distribution for orientation FR...
[M::mem_pestat] (25, 50, 75) percentile: (86, 138, 210)
[M::mem_pestat] low and high boundaries for computing mean and std.dev: (1, 458)
[M::mem_pestat] mean and std.dev: (153.62, 88.25)
[M::mem_pestat] low and high boundaries for proper pairs: (1, 582)
[M::mem_pestat] skip orientation RF as there are not enough pairs
[M::mem_pestat] skip orientation RR as there are not enough pairs
[M::mem_process_seqs] Processed 36704 reads in 4.042 CPU sec, 1.157 real sec
samblaster: Loaded 5 header sequence entries.
[main] Version: 0.7.12-r1039
samblaster: Output 82 discordant read pairs to JT164.filtered.5CcAMaVVSbkh/disc_pipe
[main] CMD:samblaster: Output 42 split reads to JT164.filtered.5CcAMaVVSbkh/spl_pipe
 /opt/linux/centos/7.x/x86_64/pkgs/bwa/0.7.12/bin/bwa mem -t 4 -R @RG\tID:JT164\tSM:JT164\tLB:Lib\ references.fasta data/003265_JT164_S58_R1_filtered.fastq.gzsamblaster: Marked 3671 of 18352 (20.00%) read ids as duplicates data/003265_JT164_S58_R2_filtered.fastq.gz using 1592k memory in 0.070S CPU seconds and 1S
[main] Real time: 1.649 sec; CPU: 4.236 sec
 wall time.
Done
Using GATK jar /bigdata/operations/pkgadmin/opt/linux/centos/7.x/x86_64/pkgs/gatk/4.0.8.1/gatk-package-4.0.8.1-local.jar
Running:
    java -Dsamjdk.use_async_io_read_samtools=false -Dsamjdk.use_async_io_write_samtools=true -Dsamjdk.use_async_io_write_tribble=false -Dsamjdk.compression_level=2 -jar /bigdata/operations/pkgadmin/opt/linux/centos/7.x/x86_64/pkgs/gatk/4.0.8.1/gatk-package-4.0.8.1-local.jar HaplotypeCaller -R references.fasta -I results/JT164.filtered.bam -O results/JT164.g.vcf -ERC GVCF
22:23:51.104 INFO  NativeLibraryLoader - Loading libgkl_compression.so from jar:file:/bigdata/operations/pkgadmin/opt/linux/centos/7.x/x86_64/pkgs/gatk/4.0.8.1/gatk-package-4.0.8.1-local.jar!/com/intel/gkl/native/libgkl_compression.so
22:23:51.307 INFO  HaplotypeCaller - ------------------------------------------------------------
22:23:51.310 INFO  HaplotypeCaller - The Genome Analysis Toolkit (GATK) v4.0.8.1
22:23:51.310 INFO  HaplotypeCaller - For support and documentation go to https://software.broadinstitute.org/gatk/
22:23:51.310 INFO  HaplotypeCaller - Executing as arajewski@c07 on Linux v3.10.0-693.11.6.el7.x86_64 amd64
22:23:51.311 INFO  HaplotypeCaller - Java runtime: Java HotSpot(TM) 64-Bit Server VM v1.8.0_45-b14
22:23:51.311 INFO  HaplotypeCaller - Start Date/Time: September 27, 2018 10:23:51 PM PDT
22:23:51.311 INFO  HaplotypeCaller - ------------------------------------------------------------
22:23:51.312 INFO  HaplotypeCaller - ------------------------------------------------------------
22:23:51.313 INFO  HaplotypeCaller - HTSJDK Version: 2.16.0
22:23:51.313 INFO  HaplotypeCaller - Picard Version: 2.18.7
22:23:51.313 INFO  HaplotypeCaller - HTSJDK Defaults.COMPRESSION_LEVEL : 2
22:23:51.313 INFO  HaplotypeCaller - HTSJDK Defaults.USE_ASYNC_IO_READ_FOR_SAMTOOLS : false
22:23:51.313 INFO  HaplotypeCaller - HTSJDK Defaults.USE_ASYNC_IO_WRITE_FOR_SAMTOOLS : true
22:23:51.313 INFO  HaplotypeCaller - HTSJDK Defaults.USE_ASYNC_IO_WRITE_FOR_TRIBBLE : false
22:23:51.314 INFO  HaplotypeCaller - Deflater: IntelDeflater
22:23:51.314 INFO  HaplotypeCaller - Inflater: IntelInflater
22:23:51.314 INFO  HaplotypeCaller - GCS max retries/reopens: 20
22:23:51.314 INFO  HaplotypeCaller - Using google-cloud-java fork https://github.com/broadinstitute/google-cloud-java/releases/tag/0.20.5-alpha-GCS-RETRY-FIX
22:23:51.324 INFO  HaplotypeCaller - Initializing engine
22:23:52.350 INFO  HaplotypeCaller - Done initializing engine
22:23:52.358 INFO  HaplotypeCallerEngine - Tool is in reference confidence mode and the annotation, the following changes will be made to any specified annotations: 'StrandBiasBySample' will be enabled. 'ChromosomeCounts', 'FisherStrand', 'StrandOddsRatio' and 'QualByDepth' annotations have been disabled
22:23:52.364 INFO  HaplotypeCallerEngine - Standard Emitting and Calling confidence set to 0.0 for reference-model confidence output
22:23:52.365 INFO  HaplotypeCallerEngine - All sites annotated with PLs forced to true for reference-model confidence output
22:23:52.387 INFO  NativeLibraryLoader - Loading libgkl_utils.so from jar:file:/bigdata/operations/pkgadmin/opt/linux/centos/7.x/x86_64/pkgs/gatk/4.0.8.1/gatk-package-4.0.8.1-local.jar!/com/intel/gkl/native/libgkl_utils.so
22:23:52.390 INFO  NativeLibraryLoader - Loading libgkl_pairhmm_omp.so from jar:file:/bigdata/operations/pkgadmin/opt/linux/centos/7.x/x86_64/pkgs/gatk/4.0.8.1/gatk-package-4.0.8.1-local.jar!/com/intel/gkl/native/libgkl_pairhmm_omp.so
22:23:52.455 WARN  IntelPairHmm - Flush-to-zero (FTZ) is enabled when running PairHMM
22:23:52.456 INFO  IntelPairHmm - Available threads: 4
22:23:52.456 INFO  IntelPairHmm - Requested threads: 4
22:23:52.456 INFO  PairHMM - Using the OpenMP multi-threaded AVX-accelerated native PairHMM implementation
22:23:52.559 INFO  ProgressMeter - Starting traversal
22:23:52.559 INFO  ProgressMeter -        Current Locus  Elapsed Minutes     Regions Processed   Regions/Minute
22:24:22.643 INFO  ProgressMeter -              WXY:660              0.5                    10             19.9
22:24:39.881 INFO  ProgressMeter -             matK:660              0.8                    20             25.4
22:25:18.985 INFO  HaplotypeCaller - 7386 read(s) filtered by: ((((((((MappingQualityReadFilter AND MappingQualityAvailableReadFilter) AND MappedReadFilter) AND NotSecondaryAlignmentReadFilter) AND NotDuplicateReadFilter) AND PassesVendorQualityCheckReadFilter) AND NonZeroReferenceLengthAlignmentReadFilter) AND GoodCigarReadFilter) AND WellformedReadFilter)
  7386 read(s) filtered by: (((((((MappingQualityReadFilter AND MappingQualityAvailableReadFilter) AND MappedReadFilter) AND NotSecondaryAlignmentReadFilter) AND NotDuplicateReadFilter) AND PassesVendorQualityCheckReadFilter) AND NonZeroReferenceLengthAlignmentReadFilter) AND GoodCigarReadFilter)
      7386 read(s) filtered by: ((((((MappingQualityReadFilter AND MappingQualityAvailableReadFilter) AND MappedReadFilter) AND NotSecondaryAlignmentReadFilter) AND NotDuplicateReadFilter) AND PassesVendorQualityCheckReadFilter) AND NonZeroReferenceLengthAlignmentReadFilter)
          7386 read(s) filtered by: (((((MappingQualityReadFilter AND MappingQualityAvailableReadFilter) AND MappedReadFilter) AND NotSecondaryAlignmentReadFilter) AND NotDuplicateReadFilter) AND PassesVendorQualityCheckReadFilter)
              7386 read(s) filtered by: ((((MappingQualityReadFilter AND MappingQualityAvailableReadFilter) AND MappedReadFilter) AND NotSecondaryAlignmentReadFilter) AND NotDuplicateReadFilter)
                  43 read(s) filtered by: (((MappingQualityReadFilter AND MappingQualityAvailableReadFilter) AND MappedReadFilter) AND NotSecondaryAlignmentReadFilter)
                      43 read(s) filtered by: ((MappingQualityReadFilter AND MappingQualityAvailableReadFilter) AND MappedReadFilter)
                          43 read(s) filtered by: (MappingQualityReadFilter AND MappingQualityAvailableReadFilter)
                              43 read(s) filtered by: MappingQualityReadFilter 
                  7343 read(s) filtered by: NotDuplicateReadFilter 

22:25:18.986 INFO  ProgressMeter -                LFY:1              1.4                    37             25.7
22:25:18.986 INFO  ProgressMeter - Traversal complete. Processed 37 total regions in 1.4 minutes.
22:25:18.995 INFO  VectorLoglessPairHMM - Time spent in setup for JNI call : 0.108109514
22:25:18.995 INFO  PairHMM - Total compute time in PairHMM computeLogLikelihoods() : 54.944238598000005
22:25:18.996 INFO  SmithWatermanAligner - Total compute time in java Smith-Waterman : 6.87 sec
22:25:18.996 INFO  HaplotypeCaller - Shutting down engine
[September 27, 2018 10:25:18 PM PDT] org.broadinstitute.hellbender.tools.walkers.haplotypecaller.HaplotypeCaller done. Elapsed time: 1.47 minutes.
Runtime.totalMemory()=3197108224
