Sourcing executables from speedseq.config ...
Aligning...
[M::bwa_idx_load_from_disk] read 0 ALT contigs
samblaster: Version 0.1.22
samblaster: Inputting from stdin
samblaster: Outputting to stdout
samblaster: Opening JT97.filtered.Ecy09KTN3ZJ6/disc_pipe for write.
samblaster: Opening JT97.filtered.Ecy09KTN3ZJ6/spl_pipe for write.
[M::process] read 32688 sequences (3950119 bp)...
[M::mem_pestat] # candidate unique pairs for (FF, FR, RF, RR): (0, 13659, 0, 1)
[M::mem_pestat] skip orientation FF as there are not enough pairs
[M::mem_pestat] analyzing insert size distribution for orientation FR...
[M::mem_pestat] (25, 50, 75) percentile: (87, 139, 207)
[M::mem_pestat] low and high boundaries for computing mean and std.dev: (1, 447)
[M::mem_pestat] mean and std.dev: (153.96, 86.87)
[M::mem_pestat] low and high boundaries for proper pairs: (1, 567)
[M::mem_pestat] skip orientation RF as there are not enough pairs
[M::mem_pestat] skip orientation RR as there are not enough pairs
[M::mem_process_seqs] Processed 32688 reads in 2.839 CPU sec, 0.923 real sec
samblaster: Loaded 5 header sequence entries.
[main] Version: 0.7.12-r1039
[main] CMD: /opt/linux/centos/7.x/x86_64/pkgs/bwa/0.7.12/bin/bwa mem -t 4 -R @RG\tID:JT97\tSM:JT97\tLB:Lib\ references.fasta data/003298_JT97_S91_R1_filtered.fastq.gz data/003298_JT97_S91_R2_filtered.fastq.gz
[main] Real time: 1.339 sec; CPU: 3.034 sec
samblaster: Output 54 discordant read pairs to JT97.filtered.Ecy09KTN3ZJ6/disc_pipe
samblaster: Output 30 split reads to JT97.filtered.Ecy09KTN3ZJ6/spl_pipe
samblaster: Marked 3112 of 16344 (19.04%) read ids as duplicates using 1332k memory in 0.056S CPU seconds and 2S wall time.
Done
Using GATK jar /bigdata/operations/pkgadmin/opt/linux/centos/7.x/x86_64/pkgs/gatk/4.0.8.1/gatk-package-4.0.8.1-local.jar
Running:
    java -Dsamjdk.use_async_io_read_samtools=false -Dsamjdk.use_async_io_write_samtools=true -Dsamjdk.use_async_io_write_tribble=false -Dsamjdk.compression_level=2 -jar /bigdata/operations/pkgadmin/opt/linux/centos/7.x/x86_64/pkgs/gatk/4.0.8.1/gatk-package-4.0.8.1-local.jar HaplotypeCaller -R references.fasta -I results/JT97.filtered.bam -O results/JT97.g.vcf -ERC GVCF
22:24:00.469 INFO  NativeLibraryLoader - Loading libgkl_compression.so from jar:file:/bigdata/operations/pkgadmin/opt/linux/centos/7.x/x86_64/pkgs/gatk/4.0.8.1/gatk-package-4.0.8.1-local.jar!/com/intel/gkl/native/libgkl_compression.so
22:24:00.704 INFO  HaplotypeCaller - ------------------------------------------------------------
22:24:00.706 INFO  HaplotypeCaller - The Genome Analysis Toolkit (GATK) v4.0.8.1
22:24:00.706 INFO  HaplotypeCaller - For support and documentation go to https://software.broadinstitute.org/gatk/
22:24:00.707 INFO  HaplotypeCaller - Executing as arajewski@c28 on Linux v3.10.0-693.11.6.el7.x86_64 amd64
22:24:00.707 INFO  HaplotypeCaller - Java runtime: Java HotSpot(TM) 64-Bit Server VM v1.8.0_45-b14
22:24:00.707 INFO  HaplotypeCaller - Start Date/Time: September 27, 2018 10:24:00 PM PDT
22:24:00.708 INFO  HaplotypeCaller - ------------------------------------------------------------
22:24:00.708 INFO  HaplotypeCaller - ------------------------------------------------------------
22:24:00.708 INFO  HaplotypeCaller - HTSJDK Version: 2.16.0
22:24:00.709 INFO  HaplotypeCaller - Picard Version: 2.18.7
22:24:00.709 INFO  HaplotypeCaller - HTSJDK Defaults.COMPRESSION_LEVEL : 2
22:24:00.709 INFO  HaplotypeCaller - HTSJDK Defaults.USE_ASYNC_IO_READ_FOR_SAMTOOLS : false
22:24:00.709 INFO  HaplotypeCaller - HTSJDK Defaults.USE_ASYNC_IO_WRITE_FOR_SAMTOOLS : true
22:24:00.709 INFO  HaplotypeCaller - HTSJDK Defaults.USE_ASYNC_IO_WRITE_FOR_TRIBBLE : false
22:24:00.709 INFO  HaplotypeCaller - Deflater: IntelDeflater
22:24:00.710 INFO  HaplotypeCaller - Inflater: IntelInflater
22:24:00.710 INFO  HaplotypeCaller - GCS max retries/reopens: 20
22:24:00.710 INFO  HaplotypeCaller - Using google-cloud-java fork https://github.com/broadinstitute/google-cloud-java/releases/tag/0.20.5-alpha-GCS-RETRY-FIX
22:24:00.718 INFO  HaplotypeCaller - Initializing engine
22:24:01.994 INFO  HaplotypeCaller - Done initializing engine
22:24:02.002 INFO  HaplotypeCallerEngine - Tool is in reference confidence mode and the annotation, the following changes will be made to any specified annotations: 'StrandBiasBySample' will be enabled. 'ChromosomeCounts', 'FisherStrand', 'StrandOddsRatio' and 'QualByDepth' annotations have been disabled
22:24:02.009 INFO  HaplotypeCallerEngine - Standard Emitting and Calling confidence set to 0.0 for reference-model confidence output
22:24:02.009 INFO  HaplotypeCallerEngine - All sites annotated with PLs forced to true for reference-model confidence output
22:24:02.033 INFO  NativeLibraryLoader - Loading libgkl_utils.so from jar:file:/bigdata/operations/pkgadmin/opt/linux/centos/7.x/x86_64/pkgs/gatk/4.0.8.1/gatk-package-4.0.8.1-local.jar!/com/intel/gkl/native/libgkl_utils.so
22:24:02.037 INFO  NativeLibraryLoader - Loading libgkl_pairhmm_omp.so from jar:file:/bigdata/operations/pkgadmin/opt/linux/centos/7.x/x86_64/pkgs/gatk/4.0.8.1/gatk-package-4.0.8.1-local.jar!/com/intel/gkl/native/libgkl_pairhmm_omp.so
22:24:02.108 WARN  IntelPairHmm - Flush-to-zero (FTZ) is enabled when running PairHMM
22:24:02.109 INFO  IntelPairHmm - Available threads: 4
22:24:02.109 INFO  IntelPairHmm - Requested threads: 4
22:24:02.109 INFO  PairHMM - Using the OpenMP multi-threaded AVX-accelerated native PairHMM implementation
22:24:02.225 INFO  ProgressMeter - Starting traversal
22:24:02.226 INFO  ProgressMeter -        Current Locus  Elapsed Minutes     Regions Processed   Regions/Minute
22:24:38.167 INFO  ProgressMeter -             matK:660              0.6                    10             16.7
22:24:56.139 INFO  HaplotypeCaller - 6258 read(s) filtered by: ((((((((MappingQualityReadFilter AND MappingQualityAvailableReadFilter) AND MappedReadFilter) AND NotSecondaryAlignmentReadFilter) AND NotDuplicateReadFilter) AND PassesVendorQualityCheckReadFilter) AND NonZeroReferenceLengthAlignmentReadFilter) AND GoodCigarReadFilter) AND WellformedReadFilter)
  6258 read(s) filtered by: (((((((MappingQualityReadFilter AND MappingQualityAvailableReadFilter) AND MappedReadFilter) AND NotSecondaryAlignmentReadFilter) AND NotDuplicateReadFilter) AND PassesVendorQualityCheckReadFilter) AND NonZeroReferenceLengthAlignmentReadFilter) AND GoodCigarReadFilter)
      6258 read(s) filtered by: ((((((MappingQualityReadFilter AND MappingQualityAvailableReadFilter) AND MappedReadFilter) AND NotSecondaryAlignmentReadFilter) AND NotDuplicateReadFilter) AND PassesVendorQualityCheckReadFilter) AND NonZeroReferenceLengthAlignmentReadFilter)
          6258 read(s) filtered by: (((((MappingQualityReadFilter AND MappingQualityAvailableReadFilter) AND MappedReadFilter) AND NotSecondaryAlignmentReadFilter) AND NotDuplicateReadFilter) AND PassesVendorQualityCheckReadFilter)
              6258 read(s) filtered by: ((((MappingQualityReadFilter AND MappingQualityAvailableReadFilter) AND MappedReadFilter) AND NotSecondaryAlignmentReadFilter) AND NotDuplicateReadFilter)
                  34 read(s) filtered by: (((MappingQualityReadFilter AND MappingQualityAvailableReadFilter) AND MappedReadFilter) AND NotSecondaryAlignmentReadFilter)
                      34 read(s) filtered by: ((MappingQualityReadFilter AND MappingQualityAvailableReadFilter) AND MappedReadFilter)
                          34 read(s) filtered by: (MappingQualityReadFilter AND MappingQualityAvailableReadFilter)
                              34 read(s) filtered by: MappingQualityReadFilter 
                  6224 read(s) filtered by: NotDuplicateReadFilter 

22:24:56.139 INFO  ProgressMeter -                LFY:1              0.9                    26             28.9
22:24:56.140 INFO  ProgressMeter - Traversal complete. Processed 26 total regions in 0.9 minutes.
22:24:56.149 INFO  VectorLoglessPairHMM - Time spent in setup for JNI call : 0.048270318
22:24:56.149 INFO  PairHMM - Total compute time in PairHMM computeLogLikelihoods() : 31.486317588000002
22:24:56.150 INFO  SmithWatermanAligner - Total compute time in java Smith-Waterman : 5.16 sec
22:24:56.150 INFO  HaplotypeCaller - Shutting down engine
[September 27, 2018 10:24:56 PM PDT] org.broadinstitute.hellbender.tools.walkers.haplotypecaller.HaplotypeCaller done. Elapsed time: 0.93 minutes.
Runtime.totalMemory()=2805989376
