Sourcing executables from speedseq.config ...
Aligning...
[M::bwa_idx_load_from_disk] read 0 ALT contigs
samblaster: Version 0.1.22
samblaster: Inputting from stdin
samblaster: Outputting to stdout
samblaster: Opening JT168.filtered.cQHwsuoPewVR/disc_pipe for write.
samblaster: Opening JT168.filtered.cQHwsuoPewVR/spl_pipe for write.
[M::process] read 30190 sequences (3489318 bp)...
[M::mem_pestat] # candidate unique pairs for (FF, FR, RF, RR): (1, 12791, 1, 0)
[M::mem_pestat] skip orientation FF as there are not enough pairs
[M::mem_pestat] analyzing insert size distribution for orientation FR...
[M::mem_pestat] (25, 50, 75) percentile: (79, 125, 189)
[M::mem_pestat] low and high boundaries for computing mean and std.dev: (1, 409)
[M::mem_pestat] mean and std.dev: (140.30, 80.18)
[M::mem_pestat] low and high boundaries for proper pairs: (1, 519)
[M::mem_pestat] skip orientation RF as there are not enough pairs
[M::mem_pestat] skip orientation RR as there are not enough pairs
[M::mem_process_seqs] Processed 30190 reads in 2.932 CPU sec, 0.810 real sec
samblaster: Loaded 5 header sequence entries.
[main] Version: 0.7.12-r1039
[main] CMD: /opt/linux/centos/7.x/x86_64/pkgs/bwa/0.7.12/bin/bwa mem -t 4samblaster: Output 56 discordant read pairs to JT168.filtered.cQHwsuoPewVR/disc_pipe
 -Rsamblaster: Output 32 split reads to JT168.filtered.cQHwsuoPewVR/spl_pipe
 @RG\tID:JT168\tSM:JT168\tLB:Lib\ references.fasta data/003269_JT168_S62_R1_filtered.fastq.gz data/003269_JT168_S62_R2_filtered.fastq.gzsamblaster: Marked 2787 of 15095 (18.46%) read ids as duplicates using 1332k memory in 0.062S
[main] Real time: 1.217 sec; CPU: 3.094 sec
 CPU seconds and 1S wall time.
Done
Using GATK jar /bigdata/operations/pkgadmin/opt/linux/centos/7.x/x86_64/pkgs/gatk/4.0.8.1/gatk-package-4.0.8.1-local.jar
Running:
    java -Dsamjdk.use_async_io_read_samtools=false -Dsamjdk.use_async_io_write_samtools=true -Dsamjdk.use_async_io_write_tribble=false -Dsamjdk.compression_level=2 -jar /bigdata/operations/pkgadmin/opt/linux/centos/7.x/x86_64/pkgs/gatk/4.0.8.1/gatk-package-4.0.8.1-local.jar HaplotypeCaller -R references.fasta -I results/JT168.filtered.bam -O results/JT168.g.vcf -ERC GVCF
22:23:50.071 INFO  NativeLibraryLoader - Loading libgkl_compression.so from jar:file:/bigdata/operations/pkgadmin/opt/linux/centos/7.x/x86_64/pkgs/gatk/4.0.8.1/gatk-package-4.0.8.1-local.jar!/com/intel/gkl/native/libgkl_compression.so
22:23:50.622 INFO  HaplotypeCaller - ------------------------------------------------------------
22:23:50.625 INFO  HaplotypeCaller - The Genome Analysis Toolkit (GATK) v4.0.8.1
22:23:50.625 INFO  HaplotypeCaller - For support and documentation go to https://software.broadinstitute.org/gatk/
22:23:50.625 INFO  HaplotypeCaller - Executing as arajewski@c28 on Linux v3.10.0-693.11.6.el7.x86_64 amd64
22:23:50.625 INFO  HaplotypeCaller - Java runtime: Java HotSpot(TM) 64-Bit Server VM v1.8.0_45-b14
22:23:50.626 INFO  HaplotypeCaller - Start Date/Time: September 27, 2018 10:23:50 PM PDT
22:23:50.626 INFO  HaplotypeCaller - ------------------------------------------------------------
22:23:50.626 INFO  HaplotypeCaller - ------------------------------------------------------------
22:23:50.627 INFO  HaplotypeCaller - HTSJDK Version: 2.16.0
22:23:50.627 INFO  HaplotypeCaller - Picard Version: 2.18.7
22:23:50.627 INFO  HaplotypeCaller - HTSJDK Defaults.COMPRESSION_LEVEL : 2
22:23:50.627 INFO  HaplotypeCaller - HTSJDK Defaults.USE_ASYNC_IO_READ_FOR_SAMTOOLS : false
22:23:50.627 INFO  HaplotypeCaller - HTSJDK Defaults.USE_ASYNC_IO_WRITE_FOR_SAMTOOLS : true
22:23:50.628 INFO  HaplotypeCaller - HTSJDK Defaults.USE_ASYNC_IO_WRITE_FOR_TRIBBLE : false
22:23:50.628 INFO  HaplotypeCaller - Deflater: IntelDeflater
22:23:50.628 INFO  HaplotypeCaller - Inflater: IntelInflater
22:23:50.628 INFO  HaplotypeCaller - GCS max retries/reopens: 20
22:23:50.628 INFO  HaplotypeCaller - Using google-cloud-java fork https://github.com/broadinstitute/google-cloud-java/releases/tag/0.20.5-alpha-GCS-RETRY-FIX
22:23:50.636 INFO  HaplotypeCaller - Initializing engine
22:23:51.322 INFO  HaplotypeCaller - Done initializing engine
22:23:51.329 INFO  HaplotypeCallerEngine - Tool is in reference confidence mode and the annotation, the following changes will be made to any specified annotations: 'StrandBiasBySample' will be enabled. 'ChromosomeCounts', 'FisherStrand', 'StrandOddsRatio' and 'QualByDepth' annotations have been disabled
22:23:51.335 INFO  HaplotypeCallerEngine - Standard Emitting and Calling confidence set to 0.0 for reference-model confidence output
22:23:51.336 INFO  HaplotypeCallerEngine - All sites annotated with PLs forced to true for reference-model confidence output
22:23:51.356 INFO  NativeLibraryLoader - Loading libgkl_utils.so from jar:file:/bigdata/operations/pkgadmin/opt/linux/centos/7.x/x86_64/pkgs/gatk/4.0.8.1/gatk-package-4.0.8.1-local.jar!/com/intel/gkl/native/libgkl_utils.so
22:23:51.359 INFO  NativeLibraryLoader - Loading libgkl_pairhmm_omp.so from jar:file:/bigdata/operations/pkgadmin/opt/linux/centos/7.x/x86_64/pkgs/gatk/4.0.8.1/gatk-package-4.0.8.1-local.jar!/com/intel/gkl/native/libgkl_pairhmm_omp.so
22:23:51.423 WARN  IntelPairHmm - Flush-to-zero (FTZ) is enabled when running PairHMM
22:23:51.424 INFO  IntelPairHmm - Available threads: 4
22:23:51.424 INFO  IntelPairHmm - Requested threads: 4
22:23:51.424 INFO  PairHMM - Using the OpenMP multi-threaded AVX-accelerated native PairHMM implementation
22:23:51.535 INFO  ProgressMeter - Starting traversal
22:23:51.535 INFO  ProgressMeter -        Current Locus  Elapsed Minutes     Regions Processed   Regions/Minute
22:24:13.979 INFO  ProgressMeter -              WXY:660              0.4                    10             26.7
22:24:26.681 INFO  ProgressMeter -             matK:351              0.6                    20             34.1
22:24:46.882 INFO  ProgressMeter -              LFY:358              0.9                    40             43.4
22:24:58.451 INFO  HaplotypeCaller - 5604 read(s) filtered by: ((((((((MappingQualityReadFilter AND MappingQualityAvailableReadFilter) AND MappedReadFilter) AND NotSecondaryAlignmentReadFilter) AND NotDuplicateReadFilter) AND PassesVendorQualityCheckReadFilter) AND NonZeroReferenceLengthAlignmentReadFilter) AND GoodCigarReadFilter) AND WellformedReadFilter)
  5604 read(s) filtered by: (((((((MappingQualityReadFilter AND MappingQualityAvailableReadFilter) AND MappedReadFilter) AND NotSecondaryAlignmentReadFilter) AND NotDuplicateReadFilter) AND PassesVendorQualityCheckReadFilter) AND NonZeroReferenceLengthAlignmentReadFilter) AND GoodCigarReadFilter)
      5604 read(s) filtered by: ((((((MappingQualityReadFilter AND MappingQualityAvailableReadFilter) AND MappedReadFilter) AND NotSecondaryAlignmentReadFilter) AND NotDuplicateReadFilter) AND PassesVendorQualityCheckReadFilter) AND NonZeroReferenceLengthAlignmentReadFilter)
          5604 read(s) filtered by: (((((MappingQualityReadFilter AND MappingQualityAvailableReadFilter) AND MappedReadFilter) AND NotSecondaryAlignmentReadFilter) AND NotDuplicateReadFilter) AND PassesVendorQualityCheckReadFilter)
              5604 read(s) filtered by: ((((MappingQualityReadFilter AND MappingQualityAvailableReadFilter) AND MappedReadFilter) AND NotSecondaryAlignmentReadFilter) AND NotDuplicateReadFilter)
                  31 read(s) filtered by: (((MappingQualityReadFilter AND MappingQualityAvailableReadFilter) AND MappedReadFilter) AND NotSecondaryAlignmentReadFilter)
                      31 read(s) filtered by: ((MappingQualityReadFilter AND MappingQualityAvailableReadFilter) AND MappedReadFilter)
                          31 read(s) filtered by: (MappingQualityReadFilter AND MappingQualityAvailableReadFilter)
                              31 read(s) filtered by: MappingQualityReadFilter 
                  5573 read(s) filtered by: NotDuplicateReadFilter 

22:24:58.452 INFO  ProgressMeter -              LFY:358              1.1                    42             37.7
22:24:58.452 INFO  ProgressMeter - Traversal complete. Processed 42 total regions in 1.1 minutes.
22:24:58.460 INFO  VectorLoglessPairHMM - Time spent in setup for JNI call : 0.05039076
22:24:58.461 INFO  PairHMM - Total compute time in PairHMM computeLogLikelihoods() : 38.22119635
22:24:58.461 INFO  SmithWatermanAligner - Total compute time in java Smith-Waterman : 7.70 sec
22:24:58.461 INFO  HaplotypeCaller - Shutting down engine
[September 27, 2018 10:24:58 PM PDT] org.broadinstitute.hellbender.tools.walkers.haplotypecaller.HaplotypeCaller done. Elapsed time: 1.14 minutes.
Runtime.totalMemory()=3047161856
