Sourcing executables from speedseq.config ...
Aligning...
samblaster: Version 0.1.22
samblaster: Inputting from stdin
samblaster: Outputting to stdout
samblaster: Opening H4D.filtered.NuOVuggaLWbF/disc_pipe for write.
[M::bwa_idx_load_from_disk] read 0 ALT contigs
samblaster: Opening H4D.filtered.NuOVuggaLWbF/spl_pipe for write.
[M::process] read 24054 sequences (2930935 bp)...
[M::mem_pestat] # candidate unique pairs for (FF, FR, RF, RR): (0, 10225, 0, 0)
[M::mem_pestat] skip orientation FF as there are not enough pairs
[M::mem_pestat] analyzing insert size distribution for orientation FR...
[M::mem_pestat] (25, 50, 75) percentile: (96, 152, 233)
[M::mem_pestat] low and high boundaries for computing mean and std.dev: (1, 507)
[M::mem_pestat] mean and std.dev: (171.59, 99.45)
[M::mem_pestat] low and high boundaries for proper pairs: (1, 644)
[M::mem_pestat] skip orientation RF as there are not enough pairs
[M::mem_pestat] skip orientation RR as there are not enough pairs
[M::mem_process_seqs] Processed 24054 reads in 1.949 CPU sec, 0.801 real sec
samblaster: Loaded 5 header sequence entries.
samblaster: Output 26 discordant read pairs to H4D.filtered.NuOVuggaLWbF/disc_pipe
[main] Version: 0.7.12-r1039
samblaster: Output 4 split reads to H4D.filtered.NuOVuggaLWbF/spl_pipe
[main] CMD: /opt/linux/centos/7.x/x86_64/pkgs/bwa/0.7.12/bin/bwa mem -t 4 -Rsamblaster: Marked 1576 of 12027 (13.10%) read ids as duplicates @RG\tID:H4D\tSM:H4D\tLB:Lib\ using 1332k memory in  references.fasta0.051S data/003253_H4D_S46_R1_filtered.fastq.gz CPU seconds and  data/003253_H4D_S46_R2_filtered.fastq.gz2S wall time.

[main] Real time: 1.158 sec; CPU: 2.086 sec
Done
Using GATK jar /bigdata/operations/pkgadmin/opt/linux/centos/7.x/x86_64/pkgs/gatk/4.0.8.1/gatk-package-4.0.8.1-local.jar
Running:
    java -Dsamjdk.use_async_io_read_samtools=false -Dsamjdk.use_async_io_write_samtools=true -Dsamjdk.use_async_io_write_tribble=false -Dsamjdk.compression_level=2 -jar /bigdata/operations/pkgadmin/opt/linux/centos/7.x/x86_64/pkgs/gatk/4.0.8.1/gatk-package-4.0.8.1-local.jar HaplotypeCaller -R references.fasta -I results/H4D.filtered.bam -O results/H4D.g.vcf -ERC GVCF
22:23:50.104 INFO  NativeLibraryLoader - Loading libgkl_compression.so from jar:file:/bigdata/operations/pkgadmin/opt/linux/centos/7.x/x86_64/pkgs/gatk/4.0.8.1/gatk-package-4.0.8.1-local.jar!/com/intel/gkl/native/libgkl_compression.so
22:23:50.518 INFO  HaplotypeCaller - ------------------------------------------------------------
22:23:50.521 INFO  HaplotypeCaller - The Genome Analysis Toolkit (GATK) v4.0.8.1
22:23:50.521 INFO  HaplotypeCaller - For support and documentation go to https://software.broadinstitute.org/gatk/
22:23:50.521 INFO  HaplotypeCaller - Executing as arajewski@c04 on Linux v3.10.0-693.11.6.el7.x86_64 amd64
22:23:50.521 INFO  HaplotypeCaller - Java runtime: Java HotSpot(TM) 64-Bit Server VM v1.8.0_45-b14
22:23:50.522 INFO  HaplotypeCaller - Start Date/Time: September 27, 2018 10:23:50 PM PDT
22:23:50.522 INFO  HaplotypeCaller - ------------------------------------------------------------
22:23:50.522 INFO  HaplotypeCaller - ------------------------------------------------------------
22:23:50.523 INFO  HaplotypeCaller - HTSJDK Version: 2.16.0
22:23:50.523 INFO  HaplotypeCaller - Picard Version: 2.18.7
22:23:50.523 INFO  HaplotypeCaller - HTSJDK Defaults.COMPRESSION_LEVEL : 2
22:23:50.523 INFO  HaplotypeCaller - HTSJDK Defaults.USE_ASYNC_IO_READ_FOR_SAMTOOLS : false
22:23:50.523 INFO  HaplotypeCaller - HTSJDK Defaults.USE_ASYNC_IO_WRITE_FOR_SAMTOOLS : true
22:23:50.523 INFO  HaplotypeCaller - HTSJDK Defaults.USE_ASYNC_IO_WRITE_FOR_TRIBBLE : false
22:23:50.524 INFO  HaplotypeCaller - Deflater: IntelDeflater
22:23:50.524 INFO  HaplotypeCaller - Inflater: IntelInflater
22:23:50.524 INFO  HaplotypeCaller - GCS max retries/reopens: 20
22:23:50.524 INFO  HaplotypeCaller - Using google-cloud-java fork https://github.com/broadinstitute/google-cloud-java/releases/tag/0.20.5-alpha-GCS-RETRY-FIX
22:23:50.532 INFO  HaplotypeCaller - Initializing engine
22:23:51.291 INFO  HaplotypeCaller - Done initializing engine
22:23:51.297 INFO  HaplotypeCallerEngine - Tool is in reference confidence mode and the annotation, the following changes will be made to any specified annotations: 'StrandBiasBySample' will be enabled. 'ChromosomeCounts', 'FisherStrand', 'StrandOddsRatio' and 'QualByDepth' annotations have been disabled
22:23:51.302 INFO  HaplotypeCallerEngine - Standard Emitting and Calling confidence set to 0.0 for reference-model confidence output
22:23:51.302 INFO  HaplotypeCallerEngine - All sites annotated with PLs forced to true for reference-model confidence output
22:23:51.322 INFO  NativeLibraryLoader - Loading libgkl_utils.so from jar:file:/bigdata/operations/pkgadmin/opt/linux/centos/7.x/x86_64/pkgs/gatk/4.0.8.1/gatk-package-4.0.8.1-local.jar!/com/intel/gkl/native/libgkl_utils.so
22:23:51.325 INFO  NativeLibraryLoader - Loading libgkl_pairhmm_omp.so from jar:file:/bigdata/operations/pkgadmin/opt/linux/centos/7.x/x86_64/pkgs/gatk/4.0.8.1/gatk-package-4.0.8.1-local.jar!/com/intel/gkl/native/libgkl_pairhmm_omp.so
22:23:51.389 WARN  IntelPairHmm - Flush-to-zero (FTZ) is enabled when running PairHMM
22:23:51.390 INFO  IntelPairHmm - Available threads: 4
22:23:51.390 INFO  IntelPairHmm - Requested threads: 4
22:23:51.390 INFO  PairHMM - Using the OpenMP multi-threaded AVX-accelerated native PairHMM implementation
22:23:51.474 INFO  ProgressMeter - Starting traversal
22:23:51.474 INFO  ProgressMeter -        Current Locus  Elapsed Minutes     Regions Processed   Regions/Minute
22:24:07.182 INFO  ProgressMeter -              WXY:807              0.3                    10             38.2
22:24:19.148 INFO  ProgressMeter -             trnL:526              0.5                    30             65.0
22:24:30.865 INFO  ProgressMeter -              LFY:661              0.7                    40             60.9
22:24:30.869 INFO  HaplotypeCaller - 3169 read(s) filtered by: ((((((((MappingQualityReadFilter AND MappingQualityAvailableReadFilter) AND MappedReadFilter) AND NotSecondaryAlignmentReadFilter) AND NotDuplicateReadFilter) AND PassesVendorQualityCheckReadFilter) AND NonZeroReferenceLengthAlignmentReadFilter) AND GoodCigarReadFilter) AND WellformedReadFilter)
  3169 read(s) filtered by: (((((((MappingQualityReadFilter AND MappingQualityAvailableReadFilter) AND MappedReadFilter) AND NotSecondaryAlignmentReadFilter) AND NotDuplicateReadFilter) AND PassesVendorQualityCheckReadFilter) AND NonZeroReferenceLengthAlignmentReadFilter) AND GoodCigarReadFilter)
      3169 read(s) filtered by: ((((((MappingQualityReadFilter AND MappingQualityAvailableReadFilter) AND MappedReadFilter) AND NotSecondaryAlignmentReadFilter) AND NotDuplicateReadFilter) AND PassesVendorQualityCheckReadFilter) AND NonZeroReferenceLengthAlignmentReadFilter)
          3169 read(s) filtered by: (((((MappingQualityReadFilter AND MappingQualityAvailableReadFilter) AND MappedReadFilter) AND NotSecondaryAlignmentReadFilter) AND NotDuplicateReadFilter) AND PassesVendorQualityCheckReadFilter)
              3169 read(s) filtered by: ((((MappingQualityReadFilter AND MappingQualityAvailableReadFilter) AND MappedReadFilter) AND NotSecondaryAlignmentReadFilter) AND NotDuplicateReadFilter)
                  17 read(s) filtered by: (((MappingQualityReadFilter AND MappingQualityAvailableReadFilter) AND MappedReadFilter) AND NotSecondaryAlignmentReadFilter)
                      17 read(s) filtered by: ((MappingQualityReadFilter AND MappingQualityAvailableReadFilter) AND MappedReadFilter)
                          17 read(s) filtered by: (MappingQualityReadFilter AND MappingQualityAvailableReadFilter)
                              17 read(s) filtered by: MappingQualityReadFilter 
                  3152 read(s) filtered by: NotDuplicateReadFilter 

22:24:30.869 INFO  ProgressMeter -              LFY:661              0.7                    40             60.9
22:24:30.870 INFO  ProgressMeter - Traversal complete. Processed 40 total regions in 0.7 minutes.
22:24:30.879 INFO  VectorLoglessPairHMM - Time spent in setup for JNI call : 0.279485303
22:24:30.879 INFO  PairHMM - Total compute time in PairHMM computeLogLikelihoods() : 17.86124719
22:24:30.879 INFO  SmithWatermanAligner - Total compute time in java Smith-Waterman : 7.11 sec
22:24:30.879 INFO  HaplotypeCaller - Shutting down engine
[September 27, 2018 10:24:30 PM PDT] org.broadinstitute.hellbender.tools.walkers.haplotypecaller.HaplotypeCaller done. Elapsed time: 0.68 minutes.
Runtime.totalMemory()=2994208768
