Sourcing executables from speedseq.config ...
Aligning...
samblaster: Version 0.1.22
samblaster: Inputting from stdin
samblaster: Outputting to stdout
samblaster: Opening H2C.filtered.hbiirPqAOfG2/disc_pipe for write.
samblaster: Opening H2C.filtered.hbiirPqAOfG2/spl_pipe for write.
[M::bwa_idx_load_from_disk] read 0 ALT contigs
[M::process] read 36432 sequences (4424712 bp)...
[M::mem_pestat] # candidate unique pairs for (FF, FR, RF, RR): (1, 15097, 0, 1)
[M::mem_pestat] skip orientation FF as there are not enough pairs
[M::mem_pestat] analyzing insert size distribution for orientation FR...
[M::mem_pestat] (25, 50, 75) percentile: (94, 151, 229)
[M::mem_pestat] low and high boundaries for computing mean and std.dev: (1, 499)
[M::mem_pestat] mean and std.dev: (168.61, 98.21)
[M::mem_pestat] low and high boundaries for proper pairs: (1, 634)
[M::mem_pestat] skip orientation RF as there are not enough pairs
[M::mem_pestat] skip orientation RR as there are not enough pairs
[M::mem_process_seqs] Processed 36432 reads in 3.063 CPU sec, 0.866 real sec
samblaster: Loaded 5 header sequence entries.
[main] Version: 0.7.12-r1039
samblaster: Output 51 discordant read pairs to H2C.filtered.hbiirPqAOfG2/disc_pipe
[main] CMD:samblaster: Output 34 split reads to H2C.filtered.hbiirPqAOfG2/spl_pipe
 /opt/linux/centos/7.x/x86_64/pkgs/bwa/0.7.12/bin/bwa mem -t 4 -Rsamblaster: Marked 2904 of 18216 (15.94%) read ids as duplicates @RG\tID:H2C\tSM:H2C\tLB:Lib\ references.fasta using 1596k memory in  data/003249_H2C_S42_R1_filtered.fastq.gz0.077S data/003249_H2C_S42_R2_filtered.fastq.gz CPU seconds and 1S
[main] Real time: 1.346 sec; CPU: 3.253 sec
 wall time.
Done
Using GATK jar /bigdata/operations/pkgadmin/opt/linux/centos/7.x/x86_64/pkgs/gatk/4.0.8.1/gatk-package-4.0.8.1-local.jar
Running:
    java -Dsamjdk.use_async_io_read_samtools=false -Dsamjdk.use_async_io_write_samtools=true -Dsamjdk.use_async_io_write_tribble=false -Dsamjdk.compression_level=2 -jar /bigdata/operations/pkgadmin/opt/linux/centos/7.x/x86_64/pkgs/gatk/4.0.8.1/gatk-package-4.0.8.1-local.jar HaplotypeCaller -R references.fasta -I results/H2C.filtered.bam -O results/H2C.g.vcf -ERC GVCF
22:23:49.751 INFO  NativeLibraryLoader - Loading libgkl_compression.so from jar:file:/bigdata/operations/pkgadmin/opt/linux/centos/7.x/x86_64/pkgs/gatk/4.0.8.1/gatk-package-4.0.8.1-local.jar!/com/intel/gkl/native/libgkl_compression.so
22:23:50.226 INFO  HaplotypeCaller - ------------------------------------------------------------
22:23:50.229 INFO  HaplotypeCaller - The Genome Analysis Toolkit (GATK) v4.0.8.1
22:23:50.229 INFO  HaplotypeCaller - For support and documentation go to https://software.broadinstitute.org/gatk/
22:23:50.229 INFO  HaplotypeCaller - Executing as arajewski@c29 on Linux v3.10.0-693.11.6.el7.x86_64 amd64
22:23:50.229 INFO  HaplotypeCaller - Java runtime: Java HotSpot(TM) 64-Bit Server VM v1.8.0_45-b14
22:23:50.230 INFO  HaplotypeCaller - Start Date/Time: September 27, 2018 10:23:49 PM PDT
22:23:50.230 INFO  HaplotypeCaller - ------------------------------------------------------------
22:23:50.230 INFO  HaplotypeCaller - ------------------------------------------------------------
22:23:50.231 INFO  HaplotypeCaller - HTSJDK Version: 2.16.0
22:23:50.231 INFO  HaplotypeCaller - Picard Version: 2.18.7
22:23:50.231 INFO  HaplotypeCaller - HTSJDK Defaults.COMPRESSION_LEVEL : 2
22:23:50.231 INFO  HaplotypeCaller - HTSJDK Defaults.USE_ASYNC_IO_READ_FOR_SAMTOOLS : false
22:23:50.231 INFO  HaplotypeCaller - HTSJDK Defaults.USE_ASYNC_IO_WRITE_FOR_SAMTOOLS : true
22:23:50.231 INFO  HaplotypeCaller - HTSJDK Defaults.USE_ASYNC_IO_WRITE_FOR_TRIBBLE : false
22:23:50.232 INFO  HaplotypeCaller - Deflater: IntelDeflater
22:23:50.232 INFO  HaplotypeCaller - Inflater: IntelInflater
22:23:50.232 INFO  HaplotypeCaller - GCS max retries/reopens: 20
22:23:50.232 INFO  HaplotypeCaller - Using google-cloud-java fork https://github.com/broadinstitute/google-cloud-java/releases/tag/0.20.5-alpha-GCS-RETRY-FIX
22:23:50.241 INFO  HaplotypeCaller - Initializing engine
22:23:50.921 INFO  HaplotypeCaller - Done initializing engine
22:23:50.928 INFO  HaplotypeCallerEngine - Tool is in reference confidence mode and the annotation, the following changes will be made to any specified annotations: 'StrandBiasBySample' will be enabled. 'ChromosomeCounts', 'FisherStrand', 'StrandOddsRatio' and 'QualByDepth' annotations have been disabled
22:23:50.933 INFO  HaplotypeCallerEngine - Standard Emitting and Calling confidence set to 0.0 for reference-model confidence output
22:23:50.933 INFO  HaplotypeCallerEngine - All sites annotated with PLs forced to true for reference-model confidence output
22:23:50.952 INFO  NativeLibraryLoader - Loading libgkl_utils.so from jar:file:/bigdata/operations/pkgadmin/opt/linux/centos/7.x/x86_64/pkgs/gatk/4.0.8.1/gatk-package-4.0.8.1-local.jar!/com/intel/gkl/native/libgkl_utils.so
22:23:50.955 INFO  NativeLibraryLoader - Loading libgkl_pairhmm_omp.so from jar:file:/bigdata/operations/pkgadmin/opt/linux/centos/7.x/x86_64/pkgs/gatk/4.0.8.1/gatk-package-4.0.8.1-local.jar!/com/intel/gkl/native/libgkl_pairhmm_omp.so
22:23:51.022 WARN  IntelPairHmm - Flush-to-zero (FTZ) is enabled when running PairHMM
22:23:51.023 INFO  IntelPairHmm - Available threads: 4
22:23:51.023 INFO  IntelPairHmm - Requested threads: 4
22:23:51.024 INFO  PairHMM - Using the OpenMP multi-threaded AVX-accelerated native PairHMM implementation
22:23:51.111 INFO  ProgressMeter - Starting traversal
22:23:51.112 INFO  ProgressMeter -        Current Locus  Elapsed Minutes     Regions Processed   Regions/Minute
22:24:12.316 INFO  ProgressMeter -              WXY:794              0.4                    10             28.3
22:24:28.937 INFO  ProgressMeter -             trnL:451              0.6                    30             47.6
22:24:44.190 INFO  HaplotypeCaller - 5831 read(s) filtered by: ((((((((MappingQualityReadFilter AND MappingQualityAvailableReadFilter) AND MappedReadFilter) AND NotSecondaryAlignmentReadFilter) AND NotDuplicateReadFilter) AND PassesVendorQualityCheckReadFilter) AND NonZeroReferenceLengthAlignmentReadFilter) AND GoodCigarReadFilter) AND WellformedReadFilter)
  5831 read(s) filtered by: (((((((MappingQualityReadFilter AND MappingQualityAvailableReadFilter) AND MappedReadFilter) AND NotSecondaryAlignmentReadFilter) AND NotDuplicateReadFilter) AND PassesVendorQualityCheckReadFilter) AND NonZeroReferenceLengthAlignmentReadFilter) AND GoodCigarReadFilter)
      5831 read(s) filtered by: ((((((MappingQualityReadFilter AND MappingQualityAvailableReadFilter) AND MappedReadFilter) AND NotSecondaryAlignmentReadFilter) AND NotDuplicateReadFilter) AND PassesVendorQualityCheckReadFilter) AND NonZeroReferenceLengthAlignmentReadFilter)
          5831 read(s) filtered by: (((((MappingQualityReadFilter AND MappingQualityAvailableReadFilter) AND MappedReadFilter) AND NotSecondaryAlignmentReadFilter) AND NotDuplicateReadFilter) AND PassesVendorQualityCheckReadFilter)
              5831 read(s) filtered by: ((((MappingQualityReadFilter AND MappingQualityAvailableReadFilter) AND MappedReadFilter) AND NotSecondaryAlignmentReadFilter) AND NotDuplicateReadFilter)
                  23 read(s) filtered by: (((MappingQualityReadFilter AND MappingQualityAvailableReadFilter) AND MappedReadFilter) AND NotSecondaryAlignmentReadFilter)
                      23 read(s) filtered by: ((MappingQualityReadFilter AND MappingQualityAvailableReadFilter) AND MappedReadFilter)
                          23 read(s) filtered by: (MappingQualityReadFilter AND MappingQualityAvailableReadFilter)
                              23 read(s) filtered by: MappingQualityReadFilter 
                  5808 read(s) filtered by: NotDuplicateReadFilter 

22:24:44.191 INFO  ProgressMeter -             trnL:451              0.9                    38             43.0
22:24:44.191 INFO  ProgressMeter - Traversal complete. Processed 38 total regions in 0.9 minutes.
22:24:44.199 INFO  VectorLoglessPairHMM - Time spent in setup for JNI call : 0.10617353600000001
22:24:44.200 INFO  PairHMM - Total compute time in PairHMM computeLogLikelihoods() : 27.286177032
22:24:44.200 INFO  SmithWatermanAligner - Total compute time in java Smith-Waterman : 6.98 sec
22:24:44.200 INFO  HaplotypeCaller - Shutting down engine
[September 27, 2018 10:24:44 PM PDT] org.broadinstitute.hellbender.tools.walkers.haplotypecaller.HaplotypeCaller done. Elapsed time: 0.91 minutes.
Runtime.totalMemory()=3074424832
