 ____  _____    _    ____ 
|  _ \| ____|  / \  |  _ \
| |_) |  _|   / _ \ | |_) |
|  __/| |___ / ___ \|  _ <
|_|   |_____/_/   \_\_| \_\

PEAR v0.9.10 [May 30, 2016]

Citation - PEAR: a fast and accurate Illumina Paired-End reAd mergeR
Zhang et al (2014) Bioinformatics 30(5): 614-620 | doi:10.1093/bioinformatics/btt593

Forward reads file.................: data/003269_JT168_S62_R1_filtered.fastq.gz
Reverse reads file.................: data/003269_JT168_S62_R2_filtered.fastq.gz
PHRED..............................: 33
Using empirical frequencies........: YES
Statistical method.................: OES
Maximum assembly length............: 999999
Minimum assembly length............: 50
p-value............................: 0.010000
Quality score threshold (trimming).: 20
Minimum read size after trimming...: 1
Maximal ratio of uncalled bases....: 1.000000
Minimum overlap....................: 10
Scoring method.....................: Scaled score
Threads............................: 4

Allocating memory..................: 7,516,192,768 bytes
Computing empirical frequencies....: DONE
  A: 0.236089
  C: 0.263454
  G: 0.259094
  T: 0.241364
  0 uncalled bases
Assemblying reads: 0%Assemblying reads: 100%

Assembled reads ...................: 12,735 / 15,095 (84.366%)
Discarded reads ...................: 0 / 15,095 (0.000%)
Not assembled reads ...............: 2,360 / 15,095 (15.634%)
Assembled reads file...............: JT168.assembled.fastq
Discarded reads file...............: JT168.discarded.fastq
Unassembled forward reads file.....: JT168.unassembled.forward.fastq
Unassembled reverse reads file.....: JT168.unassembled.reverse.fastq
17455 reads; of these:
  17455 (100.00%) were unpaired; of these:
    3664 (20.99%) aligned 0 times
    13722 (78.61%) aligned exactly 1 time
    69 (0.40%) aligned >1 times
79.01% overall alignment rate
[E::bgzf_read] Read block operation failed with error -1 after 0 of 4 bytes
[bam_rmdupse_core] error reading input file
[mpileup] 1 samples in 1 input files
Note: none of --samples-file, --ploidy or --ploidy-file given, assuming all sites are diploid
<mpileup> Set max per-file depth to 8000
