Sourcing executables from speedseq.config ...
Aligning...
samblaster: Version 0.1.22
samblaster: Inputting from stdin
samblaster: Outputting to stdout
samblaster: Opening JT180.filtered.DySzCVjB9UYE/disc_pipe for write.
[M::bwa_idx_load_from_disk] read 0 ALT contigs
samblaster: Opening JT180.filtered.DySzCVjB9UYE/spl_pipe for write.
[M::process] read 15050 sequences (1721806 bp)...
[M::mem_pestat] # candidate unique pairs for (FF, FR, RF, RR): (2, 3416, 0, 2)
[M::mem_pestat] skip orientation FF as there are not enough pairs
[M::mem_pestat] analyzing insert size distribution for orientation FR...
[M::mem_pestat] (25, 50, 75) percentile: (102, 152, 205)
[M::mem_pestat] low and high boundaries for computing mean and std.dev: (1, 411)
[M::mem_pestat] mean and std.dev: (159.45, 76.67)
[M::mem_pestat] low and high boundaries for proper pairs: (1, 514)
[M::mem_pestat] skip orientation RF as there are not enough pairs
[M::mem_pestat] skip orientation RR as there are not enough pairs
[M::mem_process_seqs] Processed 15050 reads in 1.691 CPU sec, 0.565 real sec
samblaster: Loaded 5 header sequence entries.
[main] Version: 0.7.12-r1039
[main] CMD: /opt/linux/centos/7.x/x86_64/pkgs/bwa/0.7.12/bin/bwa mem -t 4 -R @RG\tID:id\tSM:JT180\tLB:Lib references.fasta data/003279_JT180_S72_R1_filtered.fastq.gz data/003279_JT180_S72_R2_filtered.fastq.gz
[main] Real time: 3.851 sec; CPU: 1.778 sec
samblaster: Output 14 discordant read pairs to JT180.filtered.DySzCVjB9UYE/disc_pipe
samblaster: Output 24 split reads to JT180.filtered.DySzCVjB9UYE/spl_pipe
samblaster: Marked 485 of 7525 (6.45%) read ids as duplicates using 1332k memory in 0.028S CPU seconds and 4S wall time.
Done
Using GATK jar /bigdata/operations/pkgadmin/opt/linux/centos/7.x/x86_64/pkgs/gatk/4.0.8.1/gatk-package-4.0.8.1-local.jar
Running:
    java -Dsamjdk.use_async_io_read_samtools=false -Dsamjdk.use_async_io_write_samtools=true -Dsamjdk.use_async_io_write_tribble=false -Dsamjdk.compression_level=2 -jar /bigdata/operations/pkgadmin/opt/linux/centos/7.x/x86_64/pkgs/gatk/4.0.8.1/gatk-package-4.0.8.1-local.jar HaplotypeCaller -R references.fasta -I results/JT180.filtered.bam -O results/JT180.g.vcf -ERC GVCF
22:07:54.725 INFO  NativeLibraryLoader - Loading libgkl_compression.so from jar:file:/bigdata/operations/pkgadmin/opt/linux/centos/7.x/x86_64/pkgs/gatk/4.0.8.1/gatk-package-4.0.8.1-local.jar!/com/intel/gkl/native/libgkl_compression.so
22:07:55.323 INFO  HaplotypeCaller - ------------------------------------------------------------
22:07:55.326 INFO  HaplotypeCaller - The Genome Analysis Toolkit (GATK) v4.0.8.1
22:07:55.326 INFO  HaplotypeCaller - For support and documentation go to https://software.broadinstitute.org/gatk/
22:07:55.327 INFO  HaplotypeCaller - Executing as arajewski@c35 on Linux v3.10.0-693.11.6.el7.x86_64 amd64
22:07:55.328 INFO  HaplotypeCaller - Java runtime: Java HotSpot(TM) 64-Bit Server VM v1.8.0_45-b14
22:07:55.328 INFO  HaplotypeCaller - Start Date/Time: September 9, 2018 10:07:54 PM PDT
22:07:55.328 INFO  HaplotypeCaller - ------------------------------------------------------------
22:07:55.328 INFO  HaplotypeCaller - ------------------------------------------------------------
22:07:55.329 INFO  HaplotypeCaller - HTSJDK Version: 2.16.0
22:07:55.329 INFO  HaplotypeCaller - Picard Version: 2.18.7
22:07:55.329 INFO  HaplotypeCaller - HTSJDK Defaults.COMPRESSION_LEVEL : 2
22:07:55.330 INFO  HaplotypeCaller - HTSJDK Defaults.USE_ASYNC_IO_READ_FOR_SAMTOOLS : false
22:07:55.330 INFO  HaplotypeCaller - HTSJDK Defaults.USE_ASYNC_IO_WRITE_FOR_SAMTOOLS : true
22:07:55.330 INFO  HaplotypeCaller - HTSJDK Defaults.USE_ASYNC_IO_WRITE_FOR_TRIBBLE : false
22:07:55.330 INFO  HaplotypeCaller - Deflater: IntelDeflater
22:07:55.330 INFO  HaplotypeCaller - Inflater: IntelInflater
22:07:55.330 INFO  HaplotypeCaller - GCS max retries/reopens: 20
22:07:55.330 INFO  HaplotypeCaller - Using google-cloud-java fork https://github.com/broadinstitute/google-cloud-java/releases/tag/0.20.5-alpha-GCS-RETRY-FIX
22:07:55.340 INFO  HaplotypeCaller - Initializing engine
22:07:56.065 INFO  HaplotypeCaller - Done initializing engine
22:07:56.071 INFO  HaplotypeCallerEngine - Tool is in reference confidence mode and the annotation, the following changes will be made to any specified annotations: 'StrandBiasBySample' will be enabled. 'ChromosomeCounts', 'FisherStrand', 'StrandOddsRatio' and 'QualByDepth' annotations have been disabled
22:07:56.077 INFO  HaplotypeCallerEngine - Standard Emitting and Calling confidence set to 0.0 for reference-model confidence output
22:07:56.077 INFO  HaplotypeCallerEngine - All sites annotated with PLs forced to true for reference-model confidence output
22:07:56.098 INFO  NativeLibraryLoader - Loading libgkl_utils.so from jar:file:/bigdata/operations/pkgadmin/opt/linux/centos/7.x/x86_64/pkgs/gatk/4.0.8.1/gatk-package-4.0.8.1-local.jar!/com/intel/gkl/native/libgkl_utils.so
22:07:56.102 INFO  NativeLibraryLoader - Loading libgkl_pairhmm_omp.so from jar:file:/bigdata/operations/pkgadmin/opt/linux/centos/7.x/x86_64/pkgs/gatk/4.0.8.1/gatk-package-4.0.8.1-local.jar!/com/intel/gkl/native/libgkl_pairhmm_omp.so
22:07:56.169 WARN  IntelPairHmm - Flush-to-zero (FTZ) is enabled when running PairHMM
22:07:56.170 INFO  IntelPairHmm - Available threads: 4
22:07:56.170 INFO  IntelPairHmm - Requested threads: 4
22:07:56.170 INFO  PairHMM - Using the OpenMP multi-threaded AVX-accelerated native PairHMM implementation
22:07:56.275 INFO  ProgressMeter - Starting traversal
22:07:56.276 INFO  ProgressMeter -        Current Locus  Elapsed Minutes     Regions Processed   Regions/Minute
22:08:34.745 INFO  ProgressMeter -              LFY:524              0.6                    20             31.2
22:08:42.581 INFO  HaplotypeCaller - 982 read(s) filtered by: ((((((((MappingQualityReadFilter AND MappingQualityAvailableReadFilter) AND MappedReadFilter) AND NotSecondaryAlignmentReadFilter) AND NotDuplicateReadFilter) AND PassesVendorQualityCheckReadFilter) AND NonZeroReferenceLengthAlignmentReadFilter) AND GoodCigarReadFilter) AND WellformedReadFilter)
  982 read(s) filtered by: (((((((MappingQualityReadFilter AND MappingQualityAvailableReadFilter) AND MappedReadFilter) AND NotSecondaryAlignmentReadFilter) AND NotDuplicateReadFilter) AND PassesVendorQualityCheckReadFilter) AND NonZeroReferenceLengthAlignmentReadFilter) AND GoodCigarReadFilter)
      982 read(s) filtered by: ((((((MappingQualityReadFilter AND MappingQualityAvailableReadFilter) AND MappedReadFilter) AND NotSecondaryAlignmentReadFilter) AND NotDuplicateReadFilter) AND PassesVendorQualityCheckReadFilter) AND NonZeroReferenceLengthAlignmentReadFilter)
          982 read(s) filtered by: (((((MappingQualityReadFilter AND MappingQualityAvailableReadFilter) AND MappedReadFilter) AND NotSecondaryAlignmentReadFilter) AND NotDuplicateReadFilter) AND PassesVendorQualityCheckReadFilter)
              982 read(s) filtered by: ((((MappingQualityReadFilter AND MappingQualityAvailableReadFilter) AND MappedReadFilter) AND NotSecondaryAlignmentReadFilter) AND NotDuplicateReadFilter)
                  12 read(s) filtered by: (((MappingQualityReadFilter AND MappingQualityAvailableReadFilter) AND MappedReadFilter) AND NotSecondaryAlignmentReadFilter)
                      12 read(s) filtered by: ((MappingQualityReadFilter AND MappingQualityAvailableReadFilter) AND MappedReadFilter)
                          12 read(s) filtered by: (MappingQualityReadFilter AND MappingQualityAvailableReadFilter)
                              12 read(s) filtered by: MappingQualityReadFilter 
                  970 read(s) filtered by: NotDuplicateReadFilter 

22:08:42.583 INFO  ProgressMeter -              LFY:524              0.8                    21             27.2
22:08:42.583 INFO  ProgressMeter - Traversal complete. Processed 21 total regions in 0.8 minutes.
22:08:42.597 INFO  VectorLoglessPairHMM - Time spent in setup for JNI call : 0.052936717
22:08:42.598 INFO  PairHMM - Total compute time in PairHMM computeLogLikelihoods() : 25.795630948000003
22:08:42.598 INFO  SmithWatermanAligner - Total compute time in java Smith-Waterman : 4.30 sec
22:08:42.598 INFO  HaplotypeCaller - Shutting down engine
[September 9, 2018 10:08:42 PM PDT] org.broadinstitute.hellbender.tools.walkers.haplotypecaller.HaplotypeCaller done. Elapsed time: 0.80 minutes.
Runtime.totalMemory()=2739929088
This is WhatsHap 0.17 running under Python 3.6.6
Working on 1 samples from 1 family
======== Working on chromosome 'WXY'
---- Processing individual JT180
Using maximum coverage per sample of 20X
Number of variants skipped due to missing genotypes: 0
Number of remaining heterozygous variants: 0
Reading alignments for sample 'JT180'and detecting alleles ...
Found 0 reads covering 0 variants
Kept 0 reads that cover at least two variants each
Reducing coverage to at most 20X by selecting most informative reads ...
Selected 0 reads covering 0 variants
Best-case phasing would result in 0 non-singleton phased blocks (0 in total)
... after read selection: 0 non-singleton phased blocks (0 in total)
Variants covered by at least one phase-informative read in at least one individual after read selection: 0
Phasing 1 sample by solving the MEC problem ...
MEC cost: 0
No. of phased blocks: 0
======== Writing VCF
Done writing VCF
======== Working on chromosome 'matK'
---- Processing individual JT180
Using maximum coverage per sample of 20X
Number of variants skipped due to missing genotypes: 0
Number of remaining heterozygous variants: 0
Reading alignments for sample 'JT180'and detecting alleles ...
Found 0 reads covering 0 variants
Kept 0 reads that cover at least two variants each
Reducing coverage to at most 20X by selecting most informative reads ...
Selected 0 reads covering 0 variants
Best-case phasing would result in 0 non-singleton phased blocks (0 in total)
... after read selection: 0 non-singleton phased blocks (0 in total)
Variants covered by at least one phase-informative read in at least one individual after read selection: 0
Phasing 1 sample by solving the MEC problem ...
MEC cost: 0
No. of phased blocks: 0
======== Writing VCF
Done writing VCF
======== Working on chromosome 'psaA'
---- Processing individual JT180
Using maximum coverage per sample of 20X
Number of variants skipped due to missing genotypes: 0
Number of remaining heterozygous variants: 0
Reading alignments for sample 'JT180'and detecting alleles ...
Found 0 reads covering 0 variants
Kept 0 reads that cover at least two variants each
Reducing coverage to at most 20X by selecting most informative reads ...
Selected 0 reads covering 0 variants
Best-case phasing would result in 0 non-singleton phased blocks (0 in total)
... after read selection: 0 non-singleton phased blocks (0 in total)
Variants covered by at least one phase-informative read in at least one individual after read selection: 0
Phasing 1 sample by solving the MEC problem ...
MEC cost: 0
No. of phased blocks: 0
======== Writing VCF
Done writing VCF
======== Working on chromosome 'trnL'
---- Processing individual JT180
Using maximum coverage per sample of 20X
Number of variants skipped due to missing genotypes: 0
Number of remaining heterozygous variants: 0
Reading alignments for sample 'JT180'and detecting alleles ...
Found 0 reads covering 0 variants
Kept 0 reads that cover at least two variants each
Reducing coverage to at most 20X by selecting most informative reads ...
Selected 0 reads covering 0 variants
Best-case phasing would result in 0 non-singleton phased blocks (0 in total)
... after read selection: 0 non-singleton phased blocks (0 in total)
Variants covered by at least one phase-informative read in at least one individual after read selection: 0
Phasing 1 sample by solving the MEC problem ...
MEC cost: 0
No. of phased blocks: 0
======== Writing VCF
Done writing VCF
======== Working on chromosome 'LFY'
---- Processing individual JT180
Using maximum coverage per sample of 20X
Number of variants skipped due to missing genotypes: 0
Number of remaining heterozygous variants: 0
Reading alignments for sample 'JT180'and detecting alleles ...
Found 0 reads covering 0 variants
Kept 0 reads that cover at least two variants each
Reducing coverage to at most 20X by selecting most informative reads ...
Selected 0 reads covering 0 variants
Best-case phasing would result in 0 non-singleton phased blocks (0 in total)
... after read selection: 0 non-singleton phased blocks (0 in total)
Variants covered by at least one phase-informative read in at least one individual after read selection: 0
Phasing 1 sample by solving the MEC problem ...
MEC cost: 0
No. of phased blocks: 0
======== Writing VCF
Done writing VCF

== SUMMARY ==
Maximum memory usage: 0.033 GB
Time spent reading BAM/CRAM:                    0.2 s
Time spent parsing VCF:                         0.0 s
Time spent selecting reads:                     0.0 s
Time spent phasing:                             0.0 s
Time spent writing VCF:                         0.0 s
Time spent finding components:                  0.0 s
Time spent on rest:                             0.0 s
Total elapsed time:                             0.3 s
