Sourcing executables from speedseq.config ...
Aligning...
[M::bwa_idx_load_from_disk] read 0 ALT contigs
samblaster: Version 0.1.22
samblaster: Inputting from stdin
samblaster: Outputting to stdout
samblaster: Opening JT177.filtered.6OHhxL6Kh03T/disc_pipe for write.
[M::process] read 31654 sequences (3797318 bp)...
samblaster: Opening JT177.filtered.6OHhxL6Kh03T/spl_pipe for write.
[M::mem_pestat] # candidate unique pairs for (FF, FR, RF, RR): (0, 13444, 0, 1)
[M::mem_pestat] skip orientation FF as there are not enough pairs
[M::mem_pestat] analyzing insert size distribution for orientation FR...
[M::mem_pestat] (25, 50, 75) percentile: (87, 141, 211)
[M::mem_pestat] low and high boundaries for computing mean and std.dev: (1, 459)
[M::mem_pestat] mean and std.dev: (155.32, 89.74)
[M::mem_pestat] low and high boundaries for proper pairs: (1, 583)
[M::mem_pestat] skip orientation RF as there are not enough pairs
[M::mem_pestat] skip orientation RR as there are not enough pairs
[M::mem_process_seqs] Processed 31654 reads in 3.262 CPU sec, 1.135 real sec
samblaster: Loaded 5 header sequence entries.
[main] Version: 0.7.12-r1039
samblaster: Output 69 discordant read pairs to JT177.filtered.6OHhxL6Kh03T/disc_pipe
[main] CMD:samblaster: Output 36 split reads to JT177.filtered.6OHhxL6Kh03T/spl_pipe
 /opt/linux/centos/7.x/x86_64/pkgs/bwa/0.7.12/bin/bwa mem -t 4 -Rsamblaster: Marked 2807 of 15827 (17.74%) read ids as duplicates @RG\tID:JT177\tSM:JT177\tLB:Lib\ references.fasta using 1332k memory in  data/003276_JT177_S69_R1_filtered.fastq.gz0.065S data/003276_JT177_S69_R2_filtered.fastq.gz CPU seconds and 2S
[main] Real time: 1.525 sec; CPU: 3.412 sec
 wall time.
Done
Using GATK jar /bigdata/operations/pkgadmin/opt/linux/centos/7.x/x86_64/pkgs/gatk/4.0.8.1/gatk-package-4.0.8.1-local.jar
Running:
    java -Dsamjdk.use_async_io_read_samtools=false -Dsamjdk.use_async_io_write_samtools=true -Dsamjdk.use_async_io_write_tribble=false -Dsamjdk.compression_level=2 -jar /bigdata/operations/pkgadmin/opt/linux/centos/7.x/x86_64/pkgs/gatk/4.0.8.1/gatk-package-4.0.8.1-local.jar HaplotypeCaller -R references.fasta -I results/JT177.filtered.bam -O results/JT177.g.vcf -ERC GVCF
22:23:50.349 INFO  NativeLibraryLoader - Loading libgkl_compression.so from jar:file:/bigdata/operations/pkgadmin/opt/linux/centos/7.x/x86_64/pkgs/gatk/4.0.8.1/gatk-package-4.0.8.1-local.jar!/com/intel/gkl/native/libgkl_compression.so
22:23:50.815 INFO  HaplotypeCaller - ------------------------------------------------------------
22:23:50.818 INFO  HaplotypeCaller - The Genome Analysis Toolkit (GATK) v4.0.8.1
22:23:50.818 INFO  HaplotypeCaller - For support and documentation go to https://software.broadinstitute.org/gatk/
22:23:50.818 INFO  HaplotypeCaller - Executing as arajewski@c32 on Linux v3.10.0-693.11.6.el7.x86_64 amd64
22:23:50.819 INFO  HaplotypeCaller - Java runtime: Java HotSpot(TM) 64-Bit Server VM v1.8.0_45-b14
22:23:50.819 INFO  HaplotypeCaller - Start Date/Time: September 27, 2018 10:23:50 PM PDT
22:23:50.819 INFO  HaplotypeCaller - ------------------------------------------------------------
22:23:50.819 INFO  HaplotypeCaller - ------------------------------------------------------------
22:23:50.820 INFO  HaplotypeCaller - HTSJDK Version: 2.16.0
22:23:50.820 INFO  HaplotypeCaller - Picard Version: 2.18.7
22:23:50.820 INFO  HaplotypeCaller - HTSJDK Defaults.COMPRESSION_LEVEL : 2
22:23:50.821 INFO  HaplotypeCaller - HTSJDK Defaults.USE_ASYNC_IO_READ_FOR_SAMTOOLS : false
22:23:50.821 INFO  HaplotypeCaller - HTSJDK Defaults.USE_ASYNC_IO_WRITE_FOR_SAMTOOLS : true
22:23:50.821 INFO  HaplotypeCaller - HTSJDK Defaults.USE_ASYNC_IO_WRITE_FOR_TRIBBLE : false
22:23:50.821 INFO  HaplotypeCaller - Deflater: IntelDeflater
22:23:50.821 INFO  HaplotypeCaller - Inflater: IntelInflater
22:23:50.821 INFO  HaplotypeCaller - GCS max retries/reopens: 20
22:23:50.822 INFO  HaplotypeCaller - Using google-cloud-java fork https://github.com/broadinstitute/google-cloud-java/releases/tag/0.20.5-alpha-GCS-RETRY-FIX
22:23:50.829 INFO  HaplotypeCaller - Initializing engine
22:23:51.579 INFO  HaplotypeCaller - Done initializing engine
22:23:51.585 INFO  HaplotypeCallerEngine - Tool is in reference confidence mode and the annotation, the following changes will be made to any specified annotations: 'StrandBiasBySample' will be enabled. 'ChromosomeCounts', 'FisherStrand', 'StrandOddsRatio' and 'QualByDepth' annotations have been disabled
22:23:51.590 INFO  HaplotypeCallerEngine - Standard Emitting and Calling confidence set to 0.0 for reference-model confidence output
22:23:51.590 INFO  HaplotypeCallerEngine - All sites annotated with PLs forced to true for reference-model confidence output
22:23:51.608 INFO  NativeLibraryLoader - Loading libgkl_utils.so from jar:file:/bigdata/operations/pkgadmin/opt/linux/centos/7.x/x86_64/pkgs/gatk/4.0.8.1/gatk-package-4.0.8.1-local.jar!/com/intel/gkl/native/libgkl_utils.so
22:23:51.611 INFO  NativeLibraryLoader - Loading libgkl_pairhmm_omp.so from jar:file:/bigdata/operations/pkgadmin/opt/linux/centos/7.x/x86_64/pkgs/gatk/4.0.8.1/gatk-package-4.0.8.1-local.jar!/com/intel/gkl/native/libgkl_pairhmm_omp.so
22:23:51.674 WARN  IntelPairHmm - Flush-to-zero (FTZ) is enabled when running PairHMM
22:23:51.675 INFO  IntelPairHmm - Available threads: 4
22:23:51.675 INFO  IntelPairHmm - Requested threads: 4
22:23:51.676 INFO  PairHMM - Using the OpenMP multi-threaded AVX-accelerated native PairHMM implementation
22:23:51.766 INFO  ProgressMeter - Starting traversal
22:23:51.767 INFO  ProgressMeter -        Current Locus  Elapsed Minutes     Regions Processed   Regions/Minute
22:24:18.734 INFO  ProgressMeter -              WXY:660              0.4                    10             22.3
22:24:35.791 INFO  ProgressMeter -             matK:666              0.7                    20             27.3
22:25:05.701 INFO  HaplotypeCaller - 5647 read(s) filtered by: ((((((((MappingQualityReadFilter AND MappingQualityAvailableReadFilter) AND MappedReadFilter) AND NotSecondaryAlignmentReadFilter) AND NotDuplicateReadFilter) AND PassesVendorQualityCheckReadFilter) AND NonZeroReferenceLengthAlignmentReadFilter) AND GoodCigarReadFilter) AND WellformedReadFilter)
  5647 read(s) filtered by: (((((((MappingQualityReadFilter AND MappingQualityAvailableReadFilter) AND MappedReadFilter) AND NotSecondaryAlignmentReadFilter) AND NotDuplicateReadFilter) AND PassesVendorQualityCheckReadFilter) AND NonZeroReferenceLengthAlignmentReadFilter) AND GoodCigarReadFilter)
      5647 read(s) filtered by: ((((((MappingQualityReadFilter AND MappingQualityAvailableReadFilter) AND MappedReadFilter) AND NotSecondaryAlignmentReadFilter) AND NotDuplicateReadFilter) AND PassesVendorQualityCheckReadFilter) AND NonZeroReferenceLengthAlignmentReadFilter)
          5647 read(s) filtered by: (((((MappingQualityReadFilter AND MappingQualityAvailableReadFilter) AND MappedReadFilter) AND NotSecondaryAlignmentReadFilter) AND NotDuplicateReadFilter) AND PassesVendorQualityCheckReadFilter)
              5647 read(s) filtered by: ((((MappingQualityReadFilter AND MappingQualityAvailableReadFilter) AND MappedReadFilter) AND NotSecondaryAlignmentReadFilter) AND NotDuplicateReadFilter)
                  31 read(s) filtered by: (((MappingQualityReadFilter AND MappingQualityAvailableReadFilter) AND MappedReadFilter) AND NotSecondaryAlignmentReadFilter)
                      31 read(s) filtered by: ((MappingQualityReadFilter AND MappingQualityAvailableReadFilter) AND MappedReadFilter)
                          31 read(s) filtered by: (MappingQualityReadFilter AND MappingQualityAvailableReadFilter)
                              31 read(s) filtered by: MappingQualityReadFilter 
                  5616 read(s) filtered by: NotDuplicateReadFilter 

22:25:05.701 INFO  ProgressMeter -                LFY:1              1.2                    37             30.0
22:25:05.701 INFO  ProgressMeter - Traversal complete. Processed 37 total regions in 1.2 minutes.
22:25:05.708 INFO  VectorLoglessPairHMM - Time spent in setup for JNI call : 0.06548820600000001
22:25:05.708 INFO  PairHMM - Total compute time in PairHMM computeLogLikelihoods() : 46.019391713000005
22:25:05.708 INFO  SmithWatermanAligner - Total compute time in java Smith-Waterman : 6.78 sec
22:25:05.710 INFO  HaplotypeCaller - Shutting down engine
[September 27, 2018 10:25:05 PM PDT] org.broadinstitute.hellbender.tools.walkers.haplotypecaller.HaplotypeCaller done. Elapsed time: 1.26 minutes.
Runtime.totalMemory()=2918711296
