 ____  _____    _    ____ 
|  _ \| ____|  / \  |  _ \
| |_) |  _|   / _ \ | |_) |
|  __/| |___ / ___ \|  _ <
|_|   |_____/_/   \_\_| \_\

PEAR v0.9.10 [May 30, 2016]

Citation - PEAR: a fast and accurate Illumina Paired-End reAd mergeR
Zhang et al (2014) Bioinformatics 30(5): 614-620 | doi:10.1093/bioinformatics/btt593

Forward reads file.................: data/003235_Gig9_S28_R1_filtered.fastq.gz
Reverse reads file.................: data/003235_Gig9_S28_R2_filtered.fastq.gz
PHRED..............................: 33
Using empirical frequencies........: YES
Statistical method.................: OES
Maximum assembly length............: 999999
Minimum assembly length............: 50
p-value............................: 0.010000
Quality score threshold (trimming).: 20
Minimum read size after trimming...: 1
Maximal ratio of uncalled bases....: 1.000000
Minimum overlap....................: 10
Scoring method.....................: Scaled score
Threads............................: 4

Allocating memory..................: 7,516,192,768 bytes
Computing empirical frequencies....: DONE
  A: 0.219498
  C: 0.280347
  G: 0.276219
  T: 0.223936
  0 uncalled bases
Assemblying reads: 0%Assemblying reads: 100%

Assembled reads ...................: 15,017 / 17,818 (84.280%)
Discarded reads ...................: 0 / 17,818 (0.000%)
Not assembled reads ...............: 2,801 / 17,818 (15.720%)
Assembled reads file...............: Gig9.assembled.fastq
Discarded reads file...............: Gig9.discarded.fastq
Unassembled forward reads file.....: Gig9.unassembled.forward.fastq
Unassembled reverse reads file.....: Gig9.unassembled.reverse.fastq
Sourcing executables from /opt/linux/centos/7.x/x86_64/pkgs/speedseq/a95704a/bin/speedseq.config ...

usage:   speedseq align [options] <reference.fa> <in1.fq> [in2.fq]

positional args:
         reference.fa
                  fasta file (indexed with bwa)
         in1.fq   paired-end fastq file. if -p flag is used then expected to be
                    an interleaved paired-end fastq file, and in2.fq may be omitted.
                    (can be gzipped)
         in2.fq   paired-end fastq file. (can be gzipped)

alignment options:
         -o STR   output prefix [in1.fq]
         -R       read group header line such as "@RG\tID:id\tSM:samplename\tLB:lib" (required)
         -p       first fastq file consists of interleaved paired-end sequences
         -t INT   threads [1]
         -T DIR   temp directory [./output_prefix.XXXXXXXXXXXX]
         -I FLOAT[,FLOAT[,INT[,INT]]]
                  specify the mean, standard deviation (10% of the mean if absent), max
                    (4 sigma from the mean if absent) and min of the insert size distribution.
                    FR orientation only. [inferred]

samblaster options:
         -i       include duplicates in splitters and discordants
         -c INT   maximum number of split alignments for a read to be included in splitter file [2]
         -m INT   minimum non-overlapping base pairs between two alignments for a read to be included in splitter file [20]

sambamba options:
         -M       amount of memory in GB to be used for sorting [20]

global options:
         -K FILE  path to speedseq.config file (default: same directory as speedseq)
         -v       verbose
         -h       show this message

Error: bwa executable not found. Please set path in /opt/linux/centos/7.x/x86_64/pkgs/speedseq/a95704a/bin/speedseq.config file

[E::hts_open_format] Failed to open file Gig9.filtered.sam
samtools view: failed to open "Gig9.filtered.sam" for reading: No such file or directory
Using GATK jar /bigdata/operations/pkgadmin/opt/linux/centos/7.x/x86_64/pkgs/gatk/4.0.8.1/gatk-package-4.0.8.1-local.jar
Running:
    java -Dsamjdk.use_async_io_read_samtools=false -Dsamjdk.use_async_io_write_samtools=true -Dsamjdk.use_async_io_write_tribble=false -Dsamjdk.compression_level=2 -jar /bigdata/operations/pkgadmin/opt/linux/centos/7.x/x86_64/pkgs/gatk/4.0.8.1/gatk-package-4.0.8.1-local.jar HaplotypeCaller -R references.fasta -I Gig9.filtered.sort.bam -O Gig9.gvcf -ERC GVCF
19:40:23.897 INFO  NativeLibraryLoader - Loading libgkl_compression.so from jar:file:/bigdata/operations/pkgadmin/opt/linux/centos/7.x/x86_64/pkgs/gatk/4.0.8.1/gatk-package-4.0.8.1-local.jar!/com/intel/gkl/native/libgkl_compression.so
19:40:24.601 INFO  HaplotypeCaller - ------------------------------------------------------------
19:40:24.603 INFO  HaplotypeCaller - The Genome Analysis Toolkit (GATK) v4.0.8.1
19:40:24.604 INFO  HaplotypeCaller - For support and documentation go to https://software.broadinstitute.org/gatk/
19:40:24.605 INFO  HaplotypeCaller - Executing as arajewski@c01 on Linux v3.10.0-693.11.6.el7.x86_64 amd64
19:40:24.605 INFO  HaplotypeCaller - Java runtime: Java HotSpot(TM) 64-Bit Server VM v1.8.0_45-b14
19:40:24.605 INFO  HaplotypeCaller - Start Date/Time: September 9, 2018 7:40:23 PM PDT
19:40:24.605 INFO  HaplotypeCaller - ------------------------------------------------------------
19:40:24.606 INFO  HaplotypeCaller - ------------------------------------------------------------
19:40:24.606 INFO  HaplotypeCaller - HTSJDK Version: 2.16.0
19:40:24.607 INFO  HaplotypeCaller - Picard Version: 2.18.7
19:40:24.607 INFO  HaplotypeCaller - HTSJDK Defaults.COMPRESSION_LEVEL : 2
19:40:24.607 INFO  HaplotypeCaller - HTSJDK Defaults.USE_ASYNC_IO_READ_FOR_SAMTOOLS : false
19:40:24.607 INFO  HaplotypeCaller - HTSJDK Defaults.USE_ASYNC_IO_WRITE_FOR_SAMTOOLS : true
19:40:24.607 INFO  HaplotypeCaller - HTSJDK Defaults.USE_ASYNC_IO_WRITE_FOR_TRIBBLE : false
19:40:24.607 INFO  HaplotypeCaller - Deflater: IntelDeflater
19:40:24.608 INFO  HaplotypeCaller - Inflater: IntelInflater
19:40:24.608 INFO  HaplotypeCaller - GCS max retries/reopens: 20
19:40:24.608 INFO  HaplotypeCaller - Using google-cloud-java fork https://github.com/broadinstitute/google-cloud-java/releases/tag/0.20.5-alpha-GCS-RETRY-FIX
19:40:24.608 INFO  HaplotypeCaller - Initializing engine
19:40:24.630 INFO  HaplotypeCaller - Shutting down engine
[September 9, 2018 7:40:24 PM PDT] org.broadinstitute.hellbender.tools.walkers.haplotypecaller.HaplotypeCaller done. Elapsed time: 0.01 minutes.
Runtime.totalMemory()=2354577408
***********************************************************************

A USER ERROR has occurred: Fasta dict file file:///bigdata/littlab/arajewski/Arundinaria/references.dict for reference file:///bigdata/littlab/arajewski/Arundinaria/references.fasta does not exist. Please see http://gatkforums.broadinstitute.org/discussion/1601/how-can-i-prepare-a-fasta-file-to-use-as-reference for help creating it.

***********************************************************************
Set the system property GATK_STACKTRACE_ON_USER_EXCEPTION (--java-options '-DGATK_STACKTRACE_ON_USER_EXCEPTION=true') to print the stack trace.
/var/spool/slurmd/job3186942/slurm_script: line 44: whatshap: command not found
