
# $((SLURM_MEM_PER_NODE/1000))'G'
# $SLURM_NTASKS

module load splitstree4/4.14.6
/usr/bin/modulecmd bash $*
PATH=/opt/linux/centos/7.x/x86_64/pkgs/splitstree4/4.14.6:/opt/linux/centos/7.x/x86_64/pkgs/vim/7.4.1952/bin:/opt/linux/centos/7.x/x86_64/pkgs/iigb_utilities/1/bin:/opt/linux/centos/7.x/x86_64/pkgs/perl/5.20.2/bin:/opt/linux/centos/7.x/x86_64/pkgs/miniconda2/4.4.10/bin:/opt/linux/centos/7.x/x86_64/pkgs/pandoc/2.0/bin:/opt/linux/centos/7.x/x86_64/pkgs/texlive/2017/bin/x86_64-linux:/opt/linux/centos/7.x/x86_64/pkgs/ggobi/2.1.11/bin:/opt/linux/centos/7.x/x86_64/pkgs/R/3.5.0/bin:/opt/linux/centos/7.x/x86_64/pkgs/openmpi/2.0.1-slurm-16.05.4/bin:/opt/linux/centos/7.x/x86_64/pkgs/slurm/16.05.4/bin:/opt/linux/centos/7.x/x86_64/pkgs/slurm/16.05.4/sbin:/usr/bin:/bin:/usr/local/games:/usr/games:/usr/local/bin:/usr/lpp/mmfs/bin:/opt/ibutils/bin:/opt/puppetlabs/bin ;export PATH;
SplitsTree -g -c concatenated.par
Version   SplitsTree4 $ SplitsTree4 $ Tue, 26 Sep 2017 06:41:52 -0700
Copyright (C) 2017 Daniel H. Huson and David J. Bryant. This program comes with ABSOLUTELY NO WARRANTY.
Version   SplitsTree4 $ SplitsTree4 $ Tue, 26 Sep 2017 06:41:52 -0700
Copyright (C) 2017 Daniel H. Huson and David J. Bryant. This program comes with ABSOLUTELY NO WARRANTY.

SplitsTree4 (version 4.14.6, built 26 Sep 2017)
Caught:
java.io.FileNotFoundException: .. (Is a directory)
	at java.io.FileInputStream.open0(Native Method)
	at java.io.FileInputStream.open(FileInputStream.java:195)
	at java.io.FileInputStream.<init>(FileInputStream.java:138)
	at java.io.FileReader.<init>(FileReader.java:72)
	at splitstree4.externalIO.imports.ImportManager.importData(ImportManager.java:178)
	at splitstree4.externalIO.imports.ImportManager.importData(ImportManager.java:144)
	at splitstree4.core.DocumentUtils.loadMultipleTreeFiles(DocumentUtils.java:67)
	at splitstree4.core.Document.parse(Document.java:2083)
	at splitstree4.core.Document.execute(Document.java:2564)
	at splitstree4.core.Document.execute(Document.java:2549)
	at splitstree4.main.SplitsTree.parseArguments(SplitsTree.java:215)
	at splitstree4.main.SplitsTree.main(SplitsTree.java:53)
	at sun.reflect.NativeMethodAccessorImpl.invoke0(Native Method)
	at sun.reflect.NativeMethodAccessorImpl.invoke(NativeMethodAccessorImpl.java:62)
	at sun.reflect.DelegatingMethodAccessorImpl.invoke(DelegatingMethodAccessorImpl.java:43)
	at java.lang.reflect.Method.invoke(Method.java:498)
	at com.exe4j.runtime.LauncherEngine.launch(LauncherEngine.java:65)
	at com.install4j.runtime.launcher.UnixLauncher.main(UnixLauncher.java:57)
Caught:
java.io.FileNotFoundException: .. (Is a directory)
	at java.io.FileInputStream.open0(Native Method)
	at java.io.FileInputStream.open(FileInputStream.java:195)
	at java.io.FileInputStream.<init>(FileInputStream.java:138)
	at java.io.FileReader.<init>(FileReader.java:72)
	at splitstree4.externalIO.imports.ImportManager.importData(ImportManager.java:178)
	at splitstree4.externalIO.imports.ImportManager.importData(ImportManager.java:144)
	at splitstree4.core.DocumentUtils.loadMultipleTreeFiles(DocumentUtils.java:67)
	at splitstree4.core.Document.parse(Document.java:2083)
	at splitstree4.core.Document.execute(Document.java:2564)
	at splitstree4.core.Document.execute(Document.java:2549)
	at splitstree4.main.SplitsTree.parseArguments(SplitsTree.java:215)
	at splitstree4.main.SplitsTree.main(SplitsTree.java:53)
	at sun.reflect.NativeMethodAccessorImpl.invoke0(Native Method)
	at sun.reflect.NativeMethodAccessorImpl.invoke(NativeMethodAccessorImpl.java:62)
	at sun.reflect.DelegatingMethodAccessorImpl.invoke(DelegatingMethodAccessorImpl.java:43)
	at java.lang.reflect.Method.invoke(Method.java:498)
	at com.exe4j.runtime.LauncherEngine.launch(LauncherEngine.java:65)
	at com.install4j.runtime.launcher.UnixLauncher.main(UnixLauncher.java:57)
Caught:
java.io.FileNotFoundException: .. (Is a directory)
	at java.io.FileInputStream.open0(Native Method)
	at java.io.FileInputStream.open(FileInputStream.java:195)
	at java.io.FileInputStream.<init>(FileInputStream.java:138)
	at java.io.FileReader.<init>(FileReader.java:72)
	at splitstree4.externalIO.imports.ImportManager.importData(ImportManager.java:178)
	at splitstree4.externalIO.imports.ImportManager.importData(ImportManager.java:144)
	at splitstree4.core.DocumentUtils.loadMultipleTreeFiles(DocumentUtils.java:67)
	at splitstree4.core.Document.parse(Document.java:2083)
	at splitstree4.core.Document.execute(Document.java:2564)
	at splitstree4.core.Document.execute(Document.java:2549)
	at splitstree4.main.SplitsTree.parseArguments(SplitsTree.java:215)
	at splitstree4.main.SplitsTree.main(SplitsTree.java:53)
	at sun.reflect.NativeMethodAccessorImpl.invoke0(Native Method)
	at sun.reflect.NativeMethodAccessorImpl.invoke(NativeMethodAccessorImpl.java:62)
	at sun.reflect.DelegatingMethodAccessorImpl.invoke(DelegatingMethodAccessorImpl.java:43)
	at java.lang.reflect.Method.invoke(Method.java:498)
	at com.exe4j.runtime.LauncherEngine.launch(LauncherEngine.java:65)
	at com.install4j.runtime.launcher.UnixLauncher.main(UnixLauncher.java:57)
Caught:
java.io.FileNotFoundException: .. (Is a directory)
	at java.io.FileInputStream.open0(Native Method)
	at java.io.FileInputStream.open(FileInputStream.java:195)
	at java.io.FileInputStream.<init>(FileInputStream.java:138)
	at java.io.FileReader.<init>(FileReader.java:72)
	at splitstree4.externalIO.imports.ImportManager.importData(ImportManager.java:178)
	at splitstree4.externalIO.imports.ImportManager.importData(ImportManager.java:144)
	at splitstree4.core.DocumentUtils.loadMultipleTreeFiles(DocumentUtils.java:67)
	at splitstree4.core.Document.parse(Document.java:2083)
	at splitstree4.core.Document.execute(Document.java:2564)
	at splitstree4.core.Document.execute(Document.java:2549)
	at splitstree4.main.SplitsTree.parseArguments(SplitsTree.java:215)
	at splitstree4.main.SplitsTree.main(SplitsTree.java:53)
	at sun.reflect.NativeMethodAccessorImpl.invoke0(Native Method)
	at sun.reflect.NativeMethodAccessorImpl.invoke(NativeMethodAccessorImpl.java:62)
	at sun.reflect.DelegatingMethodAccessorImpl.invoke(DelegatingMethodAccessorImpl.java:43)
	at java.lang.reflect.Method.invoke(Method.java:498)
	at com.exe4j.runtime.LauncherEngine.launch(LauncherEngine.java:65)
	at com.install4j.runtime.launcher.UnixLauncher.main(UnixLauncher.java:57)
Caught:
java.io.FileNotFoundException: .. (Is a directory)
	at java.io.FileInputStream.open0(Native Method)
	at java.io.FileInputStream.open(FileInputStream.java:195)
	at java.io.FileInputStream.<init>(FileInputStream.java:138)
	at java.io.FileReader.<init>(FileReader.java:72)
	at splitstree4.externalIO.imports.ImportManager.importData(ImportManager.java:178)
	at splitstree4.externalIO.imports.ImportManager.importData(ImportManager.java:144)
	at splitstree4.core.DocumentUtils.loadMultipleTreeFiles(DocumentUtils.java:67)
	at splitstree4.core.Document.parse(Document.java:2083)
	at splitstree4.core.Document.execute(Document.java:2564)
	at splitstree4.core.Document.execute(Document.java:2549)
	at splitstree4.main.SplitsTree.parseArguments(SplitsTree.java:215)
	at splitstree4.main.SplitsTree.main(SplitsTree.java:53)
	at sun.reflect.NativeMethodAccessorImpl.invoke0(Native Method)
	at sun.reflect.NativeMethodAccessorImpl.invoke(NativeMethodAccessorImpl.java:62)
	at sun.reflect.DelegatingMethodAccessorImpl.invoke(DelegatingMethodAccessorImpl.java:43)
	at java.lang.reflect.Method.invoke(Method.java:498)
	at com.exe4j.runtime.LauncherEngine.launch(LauncherEngine.java:65)
	at com.install4j.runtime.launcher.UnixLauncher.main(UnixLauncher.java:57)
Caught:
java.io.FileNotFoundException: .. (Is a directory)
	at java.io.FileInputStream.open0(Native Method)
	at java.io.FileInputStream.open(FileInputStream.java:195)
	at java.io.FileInputStream.<init>(FileInputStream.java:138)
	at java.io.FileReader.<init>(FileReader.java:72)
	at splitstree4.externalIO.imports.ImportManager.importData(ImportManager.java:178)
	at splitstree4.externalIO.imports.ImportManager.importData(ImportManager.java:144)
	at splitstree4.core.DocumentUtils.loadMultipleTreeFiles(DocumentUtils.java:67)
	at splitstree4.core.Document.parse(Document.java:2083)
	at splitstree4.core.Document.execute(Document.java:2564)
	at splitstree4.core.Document.execute(Document.java:2549)
	at splitstree4.main.SplitsTree.parseArguments(SplitsTree.java:215)
	at splitstree4.main.SplitsTree.main(SplitsTree.java:53)
	at sun.reflect.NativeMethodAccessorImpl.invoke0(Native Method)
	at sun.reflect.NativeMethodAccessorImpl.invoke(NativeMethodAccessorImpl.java:62)
	at sun.reflect.DelegatingMethodAccessorImpl.invoke(DelegatingMethodAccessorImpl.java:43)
	at java.lang.reflect.Method.invoke(Method.java:498)
	at com.exe4j.runtime.LauncherEngine.launch(LauncherEngine.java:65)
	at com.install4j.runtime.launcher.UnixLauncher.main(UnixLauncher.java:57)
Caught:
java.io.FileNotFoundException: .. (Is a directory)
	at java.io.FileInputStream.open0(Native Method)
	at java.io.FileInputStream.open(FileInputStream.java:195)
	at java.io.FileInputStream.<init>(FileInputStream.java:138)
	at java.io.FileReader.<init>(FileReader.java:72)
	at splitstree4.externalIO.imports.ImportManager.importData(ImportManager.java:178)
	at splitstree4.externalIO.imports.ImportManager.importData(ImportManager.java:144)
	at splitstree4.core.DocumentUtils.loadMultipleTreeFiles(DocumentUtils.java:67)
	at splitstree4.core.Document.parse(Document.java:2083)
	at splitstree4.core.Document.execute(Document.java:2564)
	at splitstree4.core.Document.execute(Document.java:2549)
	at splitstree4.main.SplitsTree.parseArguments(SplitsTree.java:215)
	at splitstree4.main.SplitsTree.main(SplitsTree.java:53)
	at sun.reflect.NativeMethodAccessorImpl.invoke0(Native Method)
	at sun.reflect.NativeMethodAccessorImpl.invoke(NativeMethodAccessorImpl.java:62)
	at sun.reflect.DelegatingMethodAccessorImpl.invoke(DelegatingMethodAccessorImpl.java:43)
	at java.lang.reflect.Method.invoke(Method.java:498)
	at com.exe4j.runtime.LauncherEngine.launch(LauncherEngine.java:65)
	at com.install4j.runtime.launcher.UnixLauncher.main(UnixLauncher.java:57)
Caught:
java.io.FileNotFoundException: .. (Is a directory)
	at java.io.FileInputStream.open0(Native Method)
	at java.io.FileInputStream.open(FileInputStream.java:195)
	at java.io.FileInputStream.<init>(FileInputStream.java:138)
	at java.io.FileReader.<init>(FileReader.java:72)
	at splitstree4.externalIO.imports.ImportManager.importData(ImportManager.java:178)
	at splitstree4.externalIO.imports.ImportManager.importData(ImportManager.java:144)
	at splitstree4.core.DocumentUtils.loadMultipleTreeFiles(DocumentUtils.java:67)
	at splitstree4.core.Document.parse(Document.java:2083)
	at splitstree4.core.Document.execute(Document.java:2564)
	at splitstree4.core.Document.execute(Document.java:2549)
	at splitstree4.main.SplitsTree.parseArguments(SplitsTree.java:215)
	at splitstree4.main.SplitsTree.main(SplitsTree.java:53)
	at sun.reflect.NativeMethodAccessorImpl.invoke0(Native Method)
	at sun.reflect.NativeMethodAccessorImpl.invoke(NativeMethodAccessorImpl.java:62)
	at sun.reflect.DelegatingMethodAccessorImpl.invoke(DelegatingMethodAccessorImpl.java:43)
	at java.lang.reflect.Method.invoke(Method.java:498)
	at com.exe4j.runtime.LauncherEngine.launch(LauncherEngine.java:65)
	at com.install4j.runtime.launcher.UnixLauncher.main(UnixLauncher.java:57)
Caught:
java.io.FileNotFoundException: .. (Is a directory)
	at java.io.FileInputStream.open0(Native Method)
	at java.io.FileInputStream.open(FileInputStream.java:195)
	at java.io.FileInputStream.<init>(FileInputStream.java:138)
	at java.io.FileReader.<init>(FileReader.java:72)
	at splitstree4.externalIO.imports.ImportManager.importData(ImportManager.java:178)
	at splitstree4.externalIO.imports.ImportManager.importData(ImportManager.java:144)
	at splitstree4.core.DocumentUtils.loadMultipleTreeFiles(DocumentUtils.java:67)
	at splitstree4.core.Document.parse(Document.java:2083)
	at splitstree4.core.Document.execute(Document.java:2564)
	at splitstree4.core.Document.execute(Document.java:2549)
	at splitstree4.main.SplitsTree.parseArguments(SplitsTree.java:215)
	at splitstree4.main.SplitsTree.main(SplitsTree.java:53)
	at sun.reflect.NativeMethodAccessorImpl.invoke0(Native Method)
	at sun.reflect.NativeMethodAccessorImpl.invoke(NativeMethodAccessorImpl.java:62)
	at sun.reflect.DelegatingMethodAccessorImpl.invoke(DelegatingMethodAccessorImpl.java:43)
	at java.lang.reflect.Method.invoke(Method.java:498)
	at com.exe4j.runtime.LauncherEngine.launch(LauncherEngine.java:65)
	at com.install4j.runtime.launcher.UnixLauncher.main(UnixLauncher.java:57)
Caught:
java.io.FileNotFoundException: .. (Is a directory)
	at java.io.FileInputStream.open0(Native Method)
	at java.io.FileInputStream.open(FileInputStream.java:195)
	at java.io.FileInputStream.<init>(FileInputStream.java:138)
	at java.io.FileReader.<init>(FileReader.java:72)
	at splitstree4.externalIO.imports.ImportManager.importData(ImportManager.java:178)
	at splitstree4.externalIO.imports.ImportManager.importData(ImportManager.java:144)
	at splitstree4.core.DocumentUtils.loadMultipleTreeFiles(DocumentUtils.java:67)
	at splitstree4.core.Document.parse(Document.java:2083)
	at splitstree4.core.Document.execute(Document.java:2564)
	at splitstree4.core.Document.execute(Document.java:2549)
	at splitstree4.main.SplitsTree.parseArguments(SplitsTree.java:215)
	at splitstree4.main.SplitsTree.main(SplitsTree.java:53)
	at sun.reflect.NativeMethodAccessorImpl.invoke0(Native Method)
	at sun.reflect.NativeMethodAccessorImpl.invoke(NativeMethodAccessorImpl.java:62)
	at sun.reflect.DelegatingMethodAccessorImpl.invoke(DelegatingMethodAccessorImpl.java:43)
	at java.lang.reflect.Method.invoke(Method.java:498)
	at com.exe4j.runtime.LauncherEngine.launch(LauncherEngine.java:65)
	at com.install4j.runtime.launcher.UnixLauncher.main(UnixLauncher.java:57)
Caught:
java.io.FileNotFoundException: .. (Is a directory)
	at java.io.FileInputStream.open0(Native Method)
	at java.io.FileInputStream.open(FileInputStream.java:195)
	at java.io.FileInputStream.<init>(FileInputStream.java:138)
	at java.io.FileReader.<init>(FileReader.java:72)
	at splitstree4.externalIO.imports.ImportManager.importData(ImportManager.java:178)
	at splitstree4.externalIO.imports.ImportManager.importData(ImportManager.java:144)
	at splitstree4.core.DocumentUtils.loadMultipleTreeFiles(DocumentUtils.java:67)
	at splitstree4.core.Document.parse(Document.java:2083)
	at splitstree4.core.Document.execute(Document.java:2564)
	at splitstree4.core.Document.execute(Document.java:2549)
	at splitstree4.main.SplitsTree.parseArguments(SplitsTree.java:215)
	at splitstree4.main.SplitsTree.main(SplitsTree.java:53)
	at sun.reflect.NativeMethodAccessorImpl.invoke0(Native Method)
	at sun.reflect.NativeMethodAccessorImpl.invoke(NativeMethodAccessorImpl.java:62)
	at sun.reflect.DelegatingMethodAccessorImpl.invoke(DelegatingMethodAccessorImpl.java:43)
	at java.lang.reflect.Method.invoke(Method.java:498)
	at com.exe4j.runtime.LauncherEngine.launch(LauncherEngine.java:65)
	at com.install4j.runtime.launcher.UnixLauncher.main(UnixLauncher.java:57)
Caught:
java.io.FileNotFoundException: .. (Is a directory)
	at java.io.FileInputStream.open0(Native Method)
	at java.io.FileInputStream.open(FileInputStream.java:195)
	at java.io.FileInputStream.<init>(FileInputStream.java:138)
	at java.io.FileReader.<init>(FileReader.java:72)
	at splitstree4.externalIO.imports.ImportManager.importData(ImportManager.java:178)
	at splitstree4.externalIO.imports.ImportManager.importData(ImportManager.java:144)
	at splitstree4.core.DocumentUtils.loadMultipleTreeFiles(DocumentUtils.java:67)
	at splitstree4.core.Document.parse(Document.java:2083)
	at splitstree4.core.Document.execute(Document.java:2564)
	at splitstree4.core.Document.execute(Document.java:2549)
	at splitstree4.main.SplitsTree.parseArguments(SplitsTree.java:215)
	at splitstree4.main.SplitsTree.main(SplitsTree.java:53)
	at sun.reflect.NativeMethodAccessorImpl.invoke0(Native Method)
	at sun.reflect.NativeMethodAccessorImpl.invoke(NativeMethodAccessorImpl.java:62)
	at sun.reflect.DelegatingMethodAccessorImpl.invoke(DelegatingMethodAccessorImpl.java:43)
	at java.lang.reflect.Method.invoke(Method.java:498)
	at com.exe4j.runtime.LauncherEngine.launch(LauncherEngine.java:65)
	at com.install4j.runtime.launcher.UnixLauncher.main(UnixLauncher.java:57)
Caught:
splitstree4.core.SplitsException: No suitable Importer found
	at splitstree4.externalIO.imports.ImportManager.importData(ImportManager.java:199)
	at splitstree4.externalIO.imports.ImportManager.importData(ImportManager.java:144)
	at splitstree4.core.DocumentUtils.loadMultipleTreeFiles(DocumentUtils.java:67)
	at splitstree4.core.Document.parse(Document.java:2083)
	at splitstree4.core.Document.execute(Document.java:2564)
	at splitstree4.core.Document.execute(Document.java:2549)
	at splitstree4.main.SplitsTree.parseArguments(SplitsTree.java:215)
	at splitstree4.main.SplitsTree.main(SplitsTree.java:53)
	at sun.reflect.NativeMethodAccessorImpl.invoke0(Native Method)
	at sun.reflect.NativeMethodAccessorImpl.invoke(NativeMethodAccessorImpl.java:62)
	at sun.reflect.DelegatingMethodAccessorImpl.invoke(DelegatingMethodAccessorImpl.java:43)
	at java.lang.reflect.Method.invoke(Method.java:498)
	at com.exe4j.runtime.LauncherEngine.launch(LauncherEngine.java:65)
	at com.install4j.runtime.launcher.UnixLauncher.main(UnixLauncher.java:57)
Alert - Import trees failed for file=..: No suitable Importer found
Caught:
java.io.FileNotFoundException: / (Is a directory)
	at java.io.FileInputStream.open0(Native Method)
	at java.io.FileInputStream.open(FileInputStream.java:195)
	at java.io.FileInputStream.<init>(FileInputStream.java:138)
	at java.io.FileReader.<init>(FileReader.java:72)
	at splitstree4.externalIO.imports.ImportManager.importData(ImportManager.java:178)
	at splitstree4.externalIO.imports.ImportManager.importData(ImportManager.java:144)
	at splitstree4.core.DocumentUtils.loadMultipleTreeFiles(DocumentUtils.java:67)
	at splitstree4.core.Document.parse(Document.java:2083)
	at splitstree4.core.Document.execute(Document.java:2564)
	at splitstree4.core.Document.execute(Document.java:2549)
	at splitstree4.main.SplitsTree.parseArguments(SplitsTree.java:215)
	at splitstree4.main.SplitsTree.main(SplitsTree.java:53)
	at sun.reflect.NativeMethodAccessorImpl.invoke0(Native Method)
	at sun.reflect.NativeMethodAccessorImpl.invoke(NativeMethodAccessorImpl.java:62)
	at sun.reflect.DelegatingMethodAccessorImpl.invoke(DelegatingMethodAccessorImpl.java:43)
	at java.lang.reflect.Method.invoke(Method.java:498)
	at com.exe4j.runtime.LauncherEngine.launch(LauncherEngine.java:65)
	at com.install4j.runtime.launcher.UnixLauncher.main(UnixLauncher.java:57)
Caught:
java.io.FileNotFoundException: / (Is a directory)
	at java.io.FileInputStream.open0(Native Method)
	at java.io.FileInputStream.open(FileInputStream.java:195)
	at java.io.FileInputStream.<init>(FileInputStream.java:138)
	at java.io.FileReader.<init>(FileReader.java:72)
	at splitstree4.externalIO.imports.ImportManager.importData(ImportManager.java:178)
	at splitstree4.externalIO.imports.ImportManager.importData(ImportManager.java:144)
	at splitstree4.core.DocumentUtils.loadMultipleTreeFiles(DocumentUtils.java:67)
	at splitstree4.core.Document.parse(Document.java:2083)
	at splitstree4.core.Document.execute(Document.java:2564)
	at splitstree4.core.Document.execute(Document.java:2549)
	at splitstree4.main.SplitsTree.parseArguments(SplitsTree.java:215)
	at splitstree4.main.SplitsTree.main(SplitsTree.java:53)
	at sun.reflect.NativeMethodAccessorImpl.invoke0(Native Method)
	at sun.reflect.NativeMethodAccessorImpl.invoke(NativeMethodAccessorImpl.java:62)
	at sun.reflect.DelegatingMethodAccessorImpl.invoke(DelegatingMethodAccessorImpl.java:43)
	at java.lang.reflect.Method.invoke(Method.java:498)
	at com.exe4j.runtime.LauncherEngine.launch(LauncherEngine.java:65)
	at com.install4j.runtime.launcher.UnixLauncher.main(UnixLauncher.java:57)
Caught:
java.io.FileNotFoundException: / (Is a directory)
	at java.io.FileInputStream.open0(Native Method)
	at java.io.FileInputStream.open(FileInputStream.java:195)
	at java.io.FileInputStream.<init>(FileInputStream.java:138)
	at java.io.FileReader.<init>(FileReader.java:72)
	at splitstree4.externalIO.imports.ImportManager.importData(ImportManager.java:178)
	at splitstree4.externalIO.imports.ImportManager.importData(ImportManager.java:144)
	at splitstree4.core.DocumentUtils.loadMultipleTreeFiles(DocumentUtils.java:67)
	at splitstree4.core.Document.parse(Document.java:2083)
	at splitstree4.core.Document.execute(Document.java:2564)
	at splitstree4.core.Document.execute(Document.java:2549)
	at splitstree4.main.SplitsTree.parseArguments(SplitsTree.java:215)
	at splitstree4.main.SplitsTree.main(SplitsTree.java:53)
	at sun.reflect.NativeMethodAccessorImpl.invoke0(Native Method)
	at sun.reflect.NativeMethodAccessorImpl.invoke(NativeMethodAccessorImpl.java:62)
	at sun.reflect.DelegatingMethodAccessorImpl.invoke(DelegatingMethodAccessorImpl.java:43)
	at java.lang.reflect.Method.invoke(Method.java:498)
	at com.exe4j.runtime.LauncherEngine.launch(LauncherEngine.java:65)
	at com.install4j.runtime.launcher.UnixLauncher.main(UnixLauncher.java:57)
Caught:
java.io.FileNotFoundException: / (Is a directory)
	at java.io.FileInputStream.open0(Native Method)
	at java.io.FileInputStream.open(FileInputStream.java:195)
	at java.io.FileInputStream.<init>(FileInputStream.java:138)
	at java.io.FileReader.<init>(FileReader.java:72)
	at splitstree4.externalIO.imports.ImportManager.importData(ImportManager.java:178)
	at splitstree4.externalIO.imports.ImportManager.importData(ImportManager.java:144)
	at splitstree4.core.DocumentUtils.loadMultipleTreeFiles(DocumentUtils.java:67)
	at splitstree4.core.Document.parse(Document.java:2083)
	at splitstree4.core.Document.execute(Document.java:2564)
	at splitstree4.core.Document.execute(Document.java:2549)
	at splitstree4.main.SplitsTree.parseArguments(SplitsTree.java:215)
	at splitstree4.main.SplitsTree.main(SplitsTree.java:53)
	at sun.reflect.NativeMethodAccessorImpl.invoke0(Native Method)
	at sun.reflect.NativeMethodAccessorImpl.invoke(NativeMethodAccessorImpl.java:62)
	at sun.reflect.DelegatingMethodAccessorImpl.invoke(DelegatingMethodAccessorImpl.java:43)
	at java.lang.reflect.Method.invoke(Method.java:498)
	at com.exe4j.runtime.LauncherEngine.launch(LauncherEngine.java:65)
	at com.install4j.runtime.launcher.UnixLauncher.main(UnixLauncher.java:57)
Caught:
java.io.FileNotFoundException: / (Is a directory)
	at java.io.FileInputStream.open0(Native Method)
	at java.io.FileInputStream.open(FileInputStream.java:195)
	at java.io.FileInputStream.<init>(FileInputStream.java:138)
	at java.io.FileReader.<init>(FileReader.java:72)
	at splitstree4.externalIO.imports.ImportManager.importData(ImportManager.java:178)
	at splitstree4.externalIO.imports.ImportManager.importData(ImportManager.java:144)
	at splitstree4.core.DocumentUtils.loadMultipleTreeFiles(DocumentUtils.java:67)
	at splitstree4.core.Document.parse(Document.java:2083)
	at splitstree4.core.Document.execute(Document.java:2564)
	at splitstree4.core.Document.execute(Document.java:2549)
	at splitstree4.main.SplitsTree.parseArguments(SplitsTree.java:215)
	at splitstree4.main.SplitsTree.main(SplitsTree.java:53)
	at sun.reflect.NativeMethodAccessorImpl.invoke0(Native Method)
	at sun.reflect.NativeMethodAccessorImpl.invoke(NativeMethodAccessorImpl.java:62)
	at sun.reflect.DelegatingMethodAccessorImpl.invoke(DelegatingMethodAccessorImpl.java:43)
	at java.lang.reflect.Method.invoke(Method.java:498)
	at com.exe4j.runtime.LauncherEngine.launch(LauncherEngine.java:65)
	at com.install4j.runtime.launcher.UnixLauncher.main(UnixLauncher.java:57)
Caught:
java.io.FileNotFoundException: / (Is a directory)
	at java.io.FileInputStream.open0(Native Method)
	at java.io.FileInputStream.open(FileInputStream.java:195)
	at java.io.FileInputStream.<init>(FileInputStream.java:138)
	at java.io.FileReader.<init>(FileReader.java:72)
	at splitstree4.externalIO.imports.ImportManager.importData(ImportManager.java:178)
	at splitstree4.externalIO.imports.ImportManager.importData(ImportManager.java:144)
	at splitstree4.core.DocumentUtils.loadMultipleTreeFiles(DocumentUtils.java:67)
	at splitstree4.core.Document.parse(Document.java:2083)
	at splitstree4.core.Document.execute(Document.java:2564)
	at splitstree4.core.Document.execute(Document.java:2549)
	at splitstree4.main.SplitsTree.parseArguments(SplitsTree.java:215)
	at splitstree4.main.SplitsTree.main(SplitsTree.java:53)
	at sun.reflect.NativeMethodAccessorImpl.invoke0(Native Method)
	at sun.reflect.NativeMethodAccessorImpl.invoke(NativeMethodAccessorImpl.java:62)
	at sun.reflect.DelegatingMethodAccessorImpl.invoke(DelegatingMethodAccessorImpl.java:43)
	at java.lang.reflect.Method.invoke(Method.java:498)
	at com.exe4j.runtime.LauncherEngine.launch(LauncherEngine.java:65)
	at com.install4j.runtime.launcher.UnixLauncher.main(UnixLauncher.java:57)
Caught:
java.io.FileNotFoundException: / (Is a directory)
	at java.io.FileInputStream.open0(Native Method)
	at java.io.FileInputStream.open(FileInputStream.java:195)
	at java.io.FileInputStream.<init>(FileInputStream.java:138)
	at java.io.FileReader.<init>(FileReader.java:72)
	at splitstree4.externalIO.imports.ImportManager.importData(ImportManager.java:178)
	at splitstree4.externalIO.imports.ImportManager.importData(ImportManager.java:144)
	at splitstree4.core.DocumentUtils.loadMultipleTreeFiles(DocumentUtils.java:67)
	at splitstree4.core.Document.parse(Document.java:2083)
	at splitstree4.core.Document.execute(Document.java:2564)
	at splitstree4.core.Document.execute(Document.java:2549)
	at splitstree4.main.SplitsTree.parseArguments(SplitsTree.java:215)
	at splitstree4.main.SplitsTree.main(SplitsTree.java:53)
	at sun.reflect.NativeMethodAccessorImpl.invoke0(Native Method)
	at sun.reflect.NativeMethodAccessorImpl.invoke(NativeMethodAccessorImpl.java:62)
	at sun.reflect.DelegatingMethodAccessorImpl.invoke(DelegatingMethodAccessorImpl.java:43)
	at java.lang.reflect.Method.invoke(Method.java:498)
	at com.exe4j.runtime.LauncherEngine.launch(LauncherEngine.java:65)
	at com.install4j.runtime.launcher.UnixLauncher.main(UnixLauncher.java:57)
Caught:
java.io.FileNotFoundException: / (Is a directory)
	at java.io.FileInputStream.open0(Native Method)
	at java.io.FileInputStream.open(FileInputStream.java:195)
	at java.io.FileInputStream.<init>(FileInputStream.java:138)
	at java.io.FileReader.<init>(FileReader.java:72)
	at splitstree4.externalIO.imports.ImportManager.importData(ImportManager.java:178)
	at splitstree4.externalIO.imports.ImportManager.importData(ImportManager.java:144)
	at splitstree4.core.DocumentUtils.loadMultipleTreeFiles(DocumentUtils.java:67)
	at splitstree4.core.Document.parse(Document.java:2083)
	at splitstree4.core.Document.execute(Document.java:2564)
	at splitstree4.core.Document.execute(Document.java:2549)
	at splitstree4.main.SplitsTree.parseArguments(SplitsTree.java:215)
	at splitstree4.main.SplitsTree.main(SplitsTree.java:53)
	at sun.reflect.NativeMethodAccessorImpl.invoke0(Native Method)
	at sun.reflect.NativeMethodAccessorImpl.invoke(NativeMethodAccessorImpl.java:62)
	at sun.reflect.DelegatingMethodAccessorImpl.invoke(DelegatingMethodAccessorImpl.java:43)
	at java.lang.reflect.Method.invoke(Method.java:498)
	at com.exe4j.runtime.LauncherEngine.launch(LauncherEngine.java:65)
	at com.install4j.runtime.launcher.UnixLauncher.main(UnixLauncher.java:57)
Caught:
java.io.FileNotFoundException: / (Is a directory)
	at java.io.FileInputStream.open0(Native Method)
	at java.io.FileInputStream.open(FileInputStream.java:195)
	at java.io.FileInputStream.<init>(FileInputStream.java:138)
	at java.io.FileReader.<init>(FileReader.java:72)
	at splitstree4.externalIO.imports.ImportManager.importData(ImportManager.java:178)
	at splitstree4.externalIO.imports.ImportManager.importData(ImportManager.java:144)
	at splitstree4.core.DocumentUtils.loadMultipleTreeFiles(DocumentUtils.java:67)
	at splitstree4.core.Document.parse(Document.java:2083)
	at splitstree4.core.Document.execute(Document.java:2564)
	at splitstree4.core.Document.execute(Document.java:2549)
	at splitstree4.main.SplitsTree.parseArguments(SplitsTree.java:215)
	at splitstree4.main.SplitsTree.main(SplitsTree.java:53)
	at sun.reflect.NativeMethodAccessorImpl.invoke0(Native Method)
	at sun.reflect.NativeMethodAccessorImpl.invoke(NativeMethodAccessorImpl.java:62)
	at sun.reflect.DelegatingMethodAccessorImpl.invoke(DelegatingMethodAccessorImpl.java:43)
	at java.lang.reflect.Method.invoke(Method.java:498)
	at com.exe4j.runtime.LauncherEngine.launch(LauncherEngine.java:65)
	at com.install4j.runtime.launcher.UnixLauncher.main(UnixLauncher.java:57)
Caught:
java.io.FileNotFoundException: / (Is a directory)
	at java.io.FileInputStream.open0(Native Method)
	at java.io.FileInputStream.open(FileInputStream.java:195)
	at java.io.FileInputStream.<init>(FileInputStream.java:138)
	at java.io.FileReader.<init>(FileReader.java:72)
	at splitstree4.externalIO.imports.ImportManager.importData(ImportManager.java:178)
	at splitstree4.externalIO.imports.ImportManager.importData(ImportManager.java:144)
	at splitstree4.core.DocumentUtils.loadMultipleTreeFiles(DocumentUtils.java:67)
	at splitstree4.core.Document.parse(Document.java:2083)
	at splitstree4.core.Document.execute(Document.java:2564)
	at splitstree4.core.Document.execute(Document.java:2549)
	at splitstree4.main.SplitsTree.parseArguments(SplitsTree.java:215)
	at splitstree4.main.SplitsTree.main(SplitsTree.java:53)
	at sun.reflect.NativeMethodAccessorImpl.invoke0(Native Method)
	at sun.reflect.NativeMethodAccessorImpl.invoke(NativeMethodAccessorImpl.java:62)
	at sun.reflect.DelegatingMethodAccessorImpl.invoke(DelegatingMethodAccessorImpl.java:43)
	at java.lang.reflect.Method.invoke(Method.java:498)
	at com.exe4j.runtime.LauncherEngine.launch(LauncherEngine.java:65)
	at com.install4j.runtime.launcher.UnixLauncher.main(UnixLauncher.java:57)
Caught:
java.io.FileNotFoundException: / (Is a directory)
	at java.io.FileInputStream.open0(Native Method)
	at java.io.FileInputStream.open(FileInputStream.java:195)
	at java.io.FileInputStream.<init>(FileInputStream.java:138)
	at java.io.FileReader.<init>(FileReader.java:72)
	at splitstree4.externalIO.imports.ImportManager.importData(ImportManager.java:178)
	at splitstree4.externalIO.imports.ImportManager.importData(ImportManager.java:144)
	at splitstree4.core.DocumentUtils.loadMultipleTreeFiles(DocumentUtils.java:67)
	at splitstree4.core.Document.parse(Document.java:2083)
	at splitstree4.core.Document.execute(Document.java:2564)
	at splitstree4.core.Document.execute(Document.java:2549)
	at splitstree4.main.SplitsTree.parseArguments(SplitsTree.java:215)
	at splitstree4.main.SplitsTree.main(SplitsTree.java:53)
	at sun.reflect.NativeMethodAccessorImpl.invoke0(Native Method)
	at sun.reflect.NativeMethodAccessorImpl.invoke(NativeMethodAccessorImpl.java:62)
	at sun.reflect.DelegatingMethodAccessorImpl.invoke(DelegatingMethodAccessorImpl.java:43)
	at java.lang.reflect.Method.invoke(Method.java:498)
	at com.exe4j.runtime.LauncherEngine.launch(LauncherEngine.java:65)
	at com.install4j.runtime.launcher.UnixLauncher.main(UnixLauncher.java:57)
Caught:
java.io.FileNotFoundException: / (Is a directory)
	at java.io.FileInputStream.open0(Native Method)
	at java.io.FileInputStream.open(FileInputStream.java:195)
	at java.io.FileInputStream.<init>(FileInputStream.java:138)
	at java.io.FileReader.<init>(FileReader.java:72)
	at splitstree4.externalIO.imports.ImportManager.importData(ImportManager.java:178)
	at splitstree4.externalIO.imports.ImportManager.importData(ImportManager.java:144)
	at splitstree4.core.DocumentUtils.loadMultipleTreeFiles(DocumentUtils.java:67)
	at splitstree4.core.Document.parse(Document.java:2083)
	at splitstree4.core.Document.execute(Document.java:2564)
	at splitstree4.core.Document.execute(Document.java:2549)
	at splitstree4.main.SplitsTree.parseArguments(SplitsTree.java:215)
	at splitstree4.main.SplitsTree.main(SplitsTree.java:53)
	at sun.reflect.NativeMethodAccessorImpl.invoke0(Native Method)
	at sun.reflect.NativeMethodAccessorImpl.invoke(NativeMethodAccessorImpl.java:62)
	at sun.reflect.DelegatingMethodAccessorImpl.invoke(DelegatingMethodAccessorImpl.java:43)
	at java.lang.reflect.Method.invoke(Method.java:498)
	at com.exe4j.runtime.LauncherEngine.launch(LauncherEngine.java:65)
	at com.install4j.runtime.launcher.UnixLauncher.main(UnixLauncher.java:57)
Caught:
splitstree4.core.SplitsException: No suitable Importer found
	at splitstree4.externalIO.imports.ImportManager.importData(ImportManager.java:199)
	at splitstree4.externalIO.imports.ImportManager.importData(ImportManager.java:144)
	at splitstree4.core.DocumentUtils.loadMultipleTreeFiles(DocumentUtils.java:67)
	at splitstree4.core.Document.parse(Document.java:2083)
	at splitstree4.core.Document.execute(Document.java:2564)
	at splitstree4.core.Document.execute(Document.java:2549)
	at splitstree4.main.SplitsTree.parseArguments(SplitsTree.java:215)
	at splitstree4.main.SplitsTree.main(SplitsTree.java:53)
	at sun.reflect.NativeMethodAccessorImpl.invoke0(Native Method)
	at sun.reflect.NativeMethodAccessorImpl.invoke(NativeMethodAccessorImpl.java:62)
	at sun.reflect.DelegatingMethodAccessorImpl.invoke(DelegatingMethodAccessorImpl.java:43)
	at java.lang.reflect.Method.invoke(Method.java:498)
	at com.exe4j.runtime.LauncherEngine.launch(LauncherEngine.java:65)
	at com.install4j.runtime.launcher.UnixLauncher.main(UnixLauncher.java:57)
Alert - Import trees failed for file=/: No suitable Importer found
Alert - Cannot open: concatenated
Caught:
java.io.FileNotFoundException: / (Is a directory)
	at java.io.FileInputStream.open0(Native Method)
	at java.io.FileInputStream.open(FileInputStream.java:195)
	at java.io.FileInputStream.<init>(FileInputStream.java:138)
	at java.io.FileReader.<init>(FileReader.java:72)
	at splitstree4.externalIO.imports.ImportManager.importData(ImportManager.java:178)
	at splitstree4.externalIO.imports.ImportManager.importData(ImportManager.java:144)
	at splitstree4.core.DocumentUtils.loadMultipleTreeFiles(DocumentUtils.java:67)
	at splitstree4.core.Document.parse(Document.java:2083)
	at splitstree4.core.Document.execute(Document.java:2564)
	at splitstree4.core.Document.execute(Document.java:2549)
	at splitstree4.main.SplitsTree.parseArguments(SplitsTree.java:215)
	at splitstree4.main.SplitsTree.main(SplitsTree.java:53)
	at sun.reflect.NativeMethodAccessorImpl.invoke0(Native Method)
	at sun.reflect.NativeMethodAccessorImpl.invoke(NativeMethodAccessorImpl.java:62)
	at sun.reflect.DelegatingMethodAccessorImpl.invoke(DelegatingMethodAccessorImpl.java:43)
	at java.lang.reflect.Method.invoke(Method.java:498)
	at com.exe4j.runtime.LauncherEngine.launch(LauncherEngine.java:65)
	at com.install4j.runtime.launcher.UnixLauncher.main(UnixLauncher.java:57)
Caught:
java.io.FileNotFoundException: / (Is a directory)
	at java.io.FileInputStream.open0(Native Method)
	at java.io.FileInputStream.open(FileInputStream.java:195)
	at java.io.FileInputStream.<init>(FileInputStream.java:138)
	at java.io.FileReader.<init>(FileReader.java:72)
	at splitstree4.externalIO.imports.ImportManager.importData(ImportManager.java:178)
	at splitstree4.externalIO.imports.ImportManager.importData(ImportManager.java:144)
	at splitstree4.core.DocumentUtils.loadMultipleTreeFiles(DocumentUtils.java:67)
	at splitstree4.core.Document.parse(Document.java:2083)
	at splitstree4.core.Document.execute(Document.java:2564)
	at splitstree4.core.Document.execute(Document.java:2549)
	at splitstree4.main.SplitsTree.parseArguments(SplitsTree.java:215)
	at splitstree4.main.SplitsTree.main(SplitsTree.java:53)
	at sun.reflect.NativeMethodAccessorImpl.invoke0(Native Method)
	at sun.reflect.NativeMethodAccessorImpl.invoke(NativeMethodAccessorImpl.java:62)
	at sun.reflect.DelegatingMethodAccessorImpl.invoke(DelegatingMethodAccessorImpl.java:43)
	at java.lang.reflect.Method.invoke(Method.java:498)
	at com.exe4j.runtime.LauncherEngine.launch(LauncherEngine.java:65)
	at com.install4j.runtime.launcher.UnixLauncher.main(UnixLauncher.java:57)
Caught:
java.io.FileNotFoundException: / (Is a directory)
	at java.io.FileInputStream.open0(Native Method)
	at java.io.FileInputStream.open(FileInputStream.java:195)
	at java.io.FileInputStream.<init>(FileInputStream.java:138)
	at java.io.FileReader.<init>(FileReader.java:72)
	at splitstree4.externalIO.imports.ImportManager.importData(ImportManager.java:178)
	at splitstree4.externalIO.imports.ImportManager.importData(ImportManager.java:144)
	at splitstree4.core.DocumentUtils.loadMultipleTreeFiles(DocumentUtils.java:67)
	at splitstree4.core.Document.parse(Document.java:2083)
	at splitstree4.core.Document.execute(Document.java:2564)
	at splitstree4.core.Document.execute(Document.java:2549)
	at splitstree4.main.SplitsTree.parseArguments(SplitsTree.java:215)
	at splitstree4.main.SplitsTree.main(SplitsTree.java:53)
	at sun.reflect.NativeMethodAccessorImpl.invoke0(Native Method)
	at sun.reflect.NativeMethodAccessorImpl.invoke(NativeMethodAccessorImpl.java:62)
	at sun.reflect.DelegatingMethodAccessorImpl.invoke(DelegatingMethodAccessorImpl.java:43)
	at java.lang.reflect.Method.invoke(Method.java:498)
	at com.exe4j.runtime.LauncherEngine.launch(LauncherEngine.java:65)
	at com.install4j.runtime.launcher.UnixLauncher.main(UnixLauncher.java:57)
Caught:
java.io.FileNotFoundException: / (Is a directory)
	at java.io.FileInputStream.open0(Native Method)
	at java.io.FileInputStream.open(FileInputStream.java:195)
	at java.io.FileInputStream.<init>(FileInputStream.java:138)
	at java.io.FileReader.<init>(FileReader.java:72)
	at splitstree4.externalIO.imports.ImportManager.importData(ImportManager.java:178)
	at splitstree4.externalIO.imports.ImportManager.importData(ImportManager.java:144)
	at splitstree4.core.DocumentUtils.loadMultipleTreeFiles(DocumentUtils.java:67)
	at splitstree4.core.Document.parse(Document.java:2083)
	at splitstree4.core.Document.execute(Document.java:2564)
	at splitstree4.core.Document.execute(Document.java:2549)
	at splitstree4.main.SplitsTree.parseArguments(SplitsTree.java:215)
	at splitstree4.main.SplitsTree.main(SplitsTree.java:53)
	at sun.reflect.NativeMethodAccessorImpl.invoke0(Native Method)
	at sun.reflect.NativeMethodAccessorImpl.invoke(NativeMethodAccessorImpl.java:62)
	at sun.reflect.DelegatingMethodAccessorImpl.invoke(DelegatingMethodAccessorImpl.java:43)
	at java.lang.reflect.Method.invoke(Method.java:498)
	at com.exe4j.runtime.LauncherEngine.launch(LauncherEngine.java:65)
	at com.install4j.runtime.launcher.UnixLauncher.main(UnixLauncher.java:57)
Caught:
java.io.FileNotFoundException: / (Is a directory)
	at java.io.FileInputStream.open0(Native Method)
	at java.io.FileInputStream.open(FileInputStream.java:195)
	at java.io.FileInputStream.<init>(FileInputStream.java:138)
	at java.io.FileReader.<init>(FileReader.java:72)
	at splitstree4.externalIO.imports.ImportManager.importData(ImportManager.java:178)
	at splitstree4.externalIO.imports.ImportManager.importData(ImportManager.java:144)
	at splitstree4.core.DocumentUtils.loadMultipleTreeFiles(DocumentUtils.java:67)
	at splitstree4.core.Document.parse(Document.java:2083)
	at splitstree4.core.Document.execute(Document.java:2564)
	at splitstree4.core.Document.execute(Document.java:2549)
	at splitstree4.main.SplitsTree.parseArguments(SplitsTree.java:215)
	at splitstree4.main.SplitsTree.main(SplitsTree.java:53)
	at sun.reflect.NativeMethodAccessorImpl.invoke0(Native Method)
	at sun.reflect.NativeMethodAccessorImpl.invoke(NativeMethodAccessorImpl.java:62)
	at sun.reflect.DelegatingMethodAccessorImpl.invoke(DelegatingMethodAccessorImpl.java:43)
	at java.lang.reflect.Method.invoke(Method.java:498)
	at com.exe4j.runtime.LauncherEngine.launch(LauncherEngine.java:65)
	at com.install4j.runtime.launcher.UnixLauncher.main(UnixLauncher.java:57)
Caught:
java.io.FileNotFoundException: / (Is a directory)
	at java.io.FileInputStream.open0(Native Method)
	at java.io.FileInputStream.open(FileInputStream.java:195)
	at java.io.FileInputStream.<init>(FileInputStream.java:138)
	at java.io.FileReader.<init>(FileReader.java:72)
	at splitstree4.externalIO.imports.ImportManager.importData(ImportManager.java:178)
	at splitstree4.externalIO.imports.ImportManager.importData(ImportManager.java:144)
	at splitstree4.core.DocumentUtils.loadMultipleTreeFiles(DocumentUtils.java:67)
	at splitstree4.core.Document.parse(Document.java:2083)
	at splitstree4.core.Document.execute(Document.java:2564)
	at splitstree4.core.Document.execute(Document.java:2549)
	at splitstree4.main.SplitsTree.parseArguments(SplitsTree.java:215)
	at splitstree4.main.SplitsTree.main(SplitsTree.java:53)
	at sun.reflect.NativeMethodAccessorImpl.invoke0(Native Method)
	at sun.reflect.NativeMethodAccessorImpl.invoke(NativeMethodAccessorImpl.java:62)
	at sun.reflect.DelegatingMethodAccessorImpl.invoke(DelegatingMethodAccessorImpl.java:43)
	at java.lang.reflect.Method.invoke(Method.java:498)
	at com.exe4j.runtime.LauncherEngine.launch(LauncherEngine.java:65)
	at com.install4j.runtime.launcher.UnixLauncher.main(UnixLauncher.java:57)
Caught:
java.io.FileNotFoundException: / (Is a directory)
	at java.io.FileInputStream.open0(Native Method)
	at java.io.FileInputStream.open(FileInputStream.java:195)
	at java.io.FileInputStream.<init>(FileInputStream.java:138)
	at java.io.FileReader.<init>(FileReader.java:72)
	at splitstree4.externalIO.imports.ImportManager.importData(ImportManager.java:178)
	at splitstree4.externalIO.imports.ImportManager.importData(ImportManager.java:144)
	at splitstree4.core.DocumentUtils.loadMultipleTreeFiles(DocumentUtils.java:67)
	at splitstree4.core.Document.parse(Document.java:2083)
	at splitstree4.core.Document.execute(Document.java:2564)
	at splitstree4.core.Document.execute(Document.java:2549)
	at splitstree4.main.SplitsTree.parseArguments(SplitsTree.java:215)
	at splitstree4.main.SplitsTree.main(SplitsTree.java:53)
	at sun.reflect.NativeMethodAccessorImpl.invoke0(Native Method)
	at sun.reflect.NativeMethodAccessorImpl.invoke(NativeMethodAccessorImpl.java:62)
	at sun.reflect.DelegatingMethodAccessorImpl.invoke(DelegatingMethodAccessorImpl.java:43)
	at java.lang.reflect.Method.invoke(Method.java:498)
	at com.exe4j.runtime.LauncherEngine.launch(LauncherEngine.java:65)
	at com.install4j.runtime.launcher.UnixLauncher.main(UnixLauncher.java:57)
Caught:
java.io.FileNotFoundException: / (Is a directory)
	at java.io.FileInputStream.open0(Native Method)
	at java.io.FileInputStream.open(FileInputStream.java:195)
	at java.io.FileInputStream.<init>(FileInputStream.java:138)
	at java.io.FileReader.<init>(FileReader.java:72)
	at splitstree4.externalIO.imports.ImportManager.importData(ImportManager.java:178)
	at splitstree4.externalIO.imports.ImportManager.importData(ImportManager.java:144)
	at splitstree4.core.DocumentUtils.loadMultipleTreeFiles(DocumentUtils.java:67)
	at splitstree4.core.Document.parse(Document.java:2083)
	at splitstree4.core.Document.execute(Document.java:2564)
	at splitstree4.core.Document.execute(Document.java:2549)
	at splitstree4.main.SplitsTree.parseArguments(SplitsTree.java:215)
	at splitstree4.main.SplitsTree.main(SplitsTree.java:53)
	at sun.reflect.NativeMethodAccessorImpl.invoke0(Native Method)
	at sun.reflect.NativeMethodAccessorImpl.invoke(NativeMethodAccessorImpl.java:62)
	at sun.reflect.DelegatingMethodAccessorImpl.invoke(DelegatingMethodAccessorImpl.java:43)
	at java.lang.reflect.Method.invoke(Method.java:498)
	at com.exe4j.runtime.LauncherEngine.launch(LauncherEngine.java:65)
	at com.install4j.runtime.launcher.UnixLauncher.main(UnixLauncher.java:57)
Caught:
java.io.FileNotFoundException: / (Is a directory)
	at java.io.FileInputStream.open0(Native Method)
	at java.io.FileInputStream.open(FileInputStream.java:195)
	at java.io.FileInputStream.<init>(FileInputStream.java:138)
	at java.io.FileReader.<init>(FileReader.java:72)
	at splitstree4.externalIO.imports.ImportManager.importData(ImportManager.java:178)
	at splitstree4.externalIO.imports.ImportManager.importData(ImportManager.java:144)
	at splitstree4.core.DocumentUtils.loadMultipleTreeFiles(DocumentUtils.java:67)
	at splitstree4.core.Document.parse(Document.java:2083)
	at splitstree4.core.Document.execute(Document.java:2564)
	at splitstree4.core.Document.execute(Document.java:2549)
	at splitstree4.main.SplitsTree.parseArguments(SplitsTree.java:215)
	at splitstree4.main.SplitsTree.main(SplitsTree.java:53)
	at sun.reflect.NativeMethodAccessorImpl.invoke0(Native Method)
	at sun.reflect.NativeMethodAccessorImpl.invoke(NativeMethodAccessorImpl.java:62)
	at sun.reflect.DelegatingMethodAccessorImpl.invoke(DelegatingMethodAccessorImpl.java:43)
	at java.lang.reflect.Method.invoke(Method.java:498)
	at com.exe4j.runtime.LauncherEngine.launch(LauncherEngine.java:65)
	at com.install4j.runtime.launcher.UnixLauncher.main(UnixLauncher.java:57)
Caught:
java.io.FileNotFoundException: / (Is a directory)
	at java.io.FileInputStream.open0(Native Method)
	at java.io.FileInputStream.open(FileInputStream.java:195)
	at java.io.FileInputStream.<init>(FileInputStream.java:138)
	at java.io.FileReader.<init>(FileReader.java:72)
	at splitstree4.externalIO.imports.ImportManager.importData(ImportManager.java:178)
	at splitstree4.externalIO.imports.ImportManager.importData(ImportManager.java:144)
	at splitstree4.core.DocumentUtils.loadMultipleTreeFiles(DocumentUtils.java:67)
	at splitstree4.core.Document.parse(Document.java:2083)
	at splitstree4.core.Document.execute(Document.java:2564)
	at splitstree4.core.Document.execute(Document.java:2549)
	at splitstree4.main.SplitsTree.parseArguments(SplitsTree.java:215)
	at splitstree4.main.SplitsTree.main(SplitsTree.java:53)
	at sun.reflect.NativeMethodAccessorImpl.invoke0(Native Method)
	at sun.reflect.NativeMethodAccessorImpl.invoke(NativeMethodAccessorImpl.java:62)
	at sun.reflect.DelegatingMethodAccessorImpl.invoke(DelegatingMethodAccessorImpl.java:43)
	at java.lang.reflect.Method.invoke(Method.java:498)
	at com.exe4j.runtime.LauncherEngine.launch(LauncherEngine.java:65)
	at com.install4j.runtime.launcher.UnixLauncher.main(UnixLauncher.java:57)
Caught:
java.io.FileNotFoundException: / (Is a directory)
	at java.io.FileInputStream.open0(Native Method)
	at java.io.FileInputStream.open(FileInputStream.java:195)
	at java.io.FileInputStream.<init>(FileInputStream.java:138)
	at java.io.FileReader.<init>(FileReader.java:72)
	at splitstree4.externalIO.imports.ImportManager.importData(ImportManager.java:178)
	at splitstree4.externalIO.imports.ImportManager.importData(ImportManager.java:144)
	at splitstree4.core.DocumentUtils.loadMultipleTreeFiles(DocumentUtils.java:67)
	at splitstree4.core.Document.parse(Document.java:2083)
	at splitstree4.core.Document.execute(Document.java:2564)
	at splitstree4.core.Document.execute(Document.java:2549)
	at splitstree4.main.SplitsTree.parseArguments(SplitsTree.java:215)
	at splitstree4.main.SplitsTree.main(SplitsTree.java:53)
	at sun.reflect.NativeMethodAccessorImpl.invoke0(Native Method)
	at sun.reflect.NativeMethodAccessorImpl.invoke(NativeMethodAccessorImpl.java:62)
	at sun.reflect.DelegatingMethodAccessorImpl.invoke(DelegatingMethodAccessorImpl.java:43)
	at java.lang.reflect.Method.invoke(Method.java:498)
	at com.exe4j.runtime.LauncherEngine.launch(LauncherEngine.java:65)
	at com.install4j.runtime.launcher.UnixLauncher.main(UnixLauncher.java:57)
Caught:
java.io.FileNotFoundException: / (Is a directory)
	at java.io.FileInputStream.open0(Native Method)
	at java.io.FileInputStream.open(FileInputStream.java:195)
	at java.io.FileInputStream.<init>(FileInputStream.java:138)
	at java.io.FileReader.<init>(FileReader.java:72)
	at splitstree4.externalIO.imports.ImportManager.importData(ImportManager.java:178)
	at splitstree4.externalIO.imports.ImportManager.importData(ImportManager.java:144)
	at splitstree4.core.DocumentUtils.loadMultipleTreeFiles(DocumentUtils.java:67)
	at splitstree4.core.Document.parse(Document.java:2083)
	at splitstree4.core.Document.execute(Document.java:2564)
	at splitstree4.core.Document.execute(Document.java:2549)
	at splitstree4.main.SplitsTree.parseArguments(SplitsTree.java:215)
	at splitstree4.main.SplitsTree.main(SplitsTree.java:53)
	at sun.reflect.NativeMethodAccessorImpl.invoke0(Native Method)
	at sun.reflect.NativeMethodAccessorImpl.invoke(NativeMethodAccessorImpl.java:62)
	at sun.reflect.DelegatingMethodAccessorImpl.invoke(DelegatingMethodAccessorImpl.java:43)
	at java.lang.reflect.Method.invoke(Method.java:498)
	at com.exe4j.runtime.LauncherEngine.launch(LauncherEngine.java:65)
	at com.install4j.runtime.launcher.UnixLauncher.main(UnixLauncher.java:57)
Caught:
splitstree4.core.SplitsException: No suitable Importer found
	at splitstree4.externalIO.imports.ImportManager.importData(ImportManager.java:199)
	at splitstree4.externalIO.imports.ImportManager.importData(ImportManager.java:144)
	at splitstree4.core.DocumentUtils.loadMultipleTreeFiles(DocumentUtils.java:67)
	at splitstree4.core.Document.parse(Document.java:2083)
	at splitstree4.core.Document.execute(Document.java:2564)
	at splitstree4.core.Document.execute(Document.java:2549)
	at splitstree4.main.SplitsTree.parseArguments(SplitsTree.java:215)
	at splitstree4.main.SplitsTree.main(SplitsTree.java:53)
	at sun.reflect.NativeMethodAccessorImpl.invoke0(Native Method)
	at sun.reflect.NativeMethodAccessorImpl.invoke(NativeMethodAccessorImpl.java:62)
	at sun.reflect.DelegatingMethodAccessorImpl.invoke(DelegatingMethodAccessorImpl.java:43)
	at java.lang.reflect.Method.invoke(Method.java:498)
	at com.exe4j.runtime.LauncherEngine.launch(LauncherEngine.java:65)
	at com.install4j.runtime.launcher.UnixLauncher.main(UnixLauncher.java:57)
Alert - Import trees failed for file=/: No suitable Importer found
Alert - Cannot open: GTRGI
Caught:
java.io.FileNotFoundException: / (Is a directory)
	at java.io.FileInputStream.open0(Native Method)
	at java.io.FileInputStream.open(FileInputStream.java:195)
	at java.io.FileInputStream.<init>(FileInputStream.java:138)
	at java.io.FileReader.<init>(FileReader.java:72)
	at splitstree4.externalIO.imports.ImportManager.importData(ImportManager.java:178)
	at splitstree4.externalIO.imports.ImportManager.importData(ImportManager.java:144)
	at splitstree4.core.DocumentUtils.loadMultipleTreeFiles(DocumentUtils.java:67)
	at splitstree4.core.Document.parse(Document.java:2083)
	at splitstree4.core.Document.execute(Document.java:2564)
	at splitstree4.core.Document.execute(Document.java:2549)
	at splitstree4.main.SplitsTree.parseArguments(SplitsTree.java:215)
	at splitstree4.main.SplitsTree.main(SplitsTree.java:53)
	at sun.reflect.NativeMethodAccessorImpl.invoke0(Native Method)
	at sun.reflect.NativeMethodAccessorImpl.invoke(NativeMethodAccessorImpl.java:62)
	at sun.reflect.DelegatingMethodAccessorImpl.invoke(DelegatingMethodAccessorImpl.java:43)
	at java.lang.reflect.Method.invoke(Method.java:498)
	at com.exe4j.runtime.LauncherEngine.launch(LauncherEngine.java:65)
	at com.install4j.runtime.launcher.UnixLauncher.main(UnixLauncher.java:57)
Caught:
java.io.FileNotFoundException: / (Is a directory)
	at java.io.FileInputStream.open0(Native Method)
	at java.io.FileInputStream.open(FileInputStream.java:195)
	at java.io.FileInputStream.<init>(FileInputStream.java:138)
	at java.io.FileReader.<init>(FileReader.java:72)
	at splitstree4.externalIO.imports.ImportManager.importData(ImportManager.java:178)
	at splitstree4.externalIO.imports.ImportManager.importData(ImportManager.java:144)
	at splitstree4.core.DocumentUtils.loadMultipleTreeFiles(DocumentUtils.java:67)
	at splitstree4.core.Document.parse(Document.java:2083)
	at splitstree4.core.Document.execute(Document.java:2564)
	at splitstree4.core.Document.execute(Document.java:2549)
	at splitstree4.main.SplitsTree.parseArguments(SplitsTree.java:215)
	at splitstree4.main.SplitsTree.main(SplitsTree.java:53)
	at sun.reflect.NativeMethodAccessorImpl.invoke0(Native Method)
	at sun.reflect.NativeMethodAccessorImpl.invoke(NativeMethodAccessorImpl.java:62)
	at sun.reflect.DelegatingMethodAccessorImpl.invoke(DelegatingMethodAccessorImpl.java:43)
	at java.lang.reflect.Method.invoke(Method.java:498)
	at com.exe4j.runtime.LauncherEngine.launch(LauncherEngine.java:65)
	at com.install4j.runtime.launcher.UnixLauncher.main(UnixLauncher.java:57)
Caught:
java.io.FileNotFoundException: / (Is a directory)
	at java.io.FileInputStream.open0(Native Method)
	at java.io.FileInputStream.open(FileInputStream.java:195)
	at java.io.FileInputStream.<init>(FileInputStream.java:138)
	at java.io.FileReader.<init>(FileReader.java:72)
	at splitstree4.externalIO.imports.ImportManager.importData(ImportManager.java:178)
	at splitstree4.externalIO.imports.ImportManager.importData(ImportManager.java:144)
	at splitstree4.core.DocumentUtils.loadMultipleTreeFiles(DocumentUtils.java:67)
	at splitstree4.core.Document.parse(Document.java:2083)
	at splitstree4.core.Document.execute(Document.java:2564)
	at splitstree4.core.Document.execute(Document.java:2549)
	at splitstree4.main.SplitsTree.parseArguments(SplitsTree.java:215)
	at splitstree4.main.SplitsTree.main(SplitsTree.java:53)
	at sun.reflect.NativeMethodAccessorImpl.invoke0(Native Method)
	at sun.reflect.NativeMethodAccessorImpl.invoke(NativeMethodAccessorImpl.java:62)
	at sun.reflect.DelegatingMethodAccessorImpl.invoke(DelegatingMethodAccessorImpl.java:43)
	at java.lang.reflect.Method.invoke(Method.java:498)
	at com.exe4j.runtime.LauncherEngine.launch(LauncherEngine.java:65)
	at com.install4j.runtime.launcher.UnixLauncher.main(UnixLauncher.java:57)
Caught:
java.io.FileNotFoundException: / (Is a directory)
	at java.io.FileInputStream.open0(Native Method)
	at java.io.FileInputStream.open(FileInputStream.java:195)
	at java.io.FileInputStream.<init>(FileInputStream.java:138)
	at java.io.FileReader.<init>(FileReader.java:72)
	at splitstree4.externalIO.imports.ImportManager.importData(ImportManager.java:178)
	at splitstree4.externalIO.imports.ImportManager.importData(ImportManager.java:144)
	at splitstree4.core.DocumentUtils.loadMultipleTreeFiles(DocumentUtils.java:67)
	at splitstree4.core.Document.parse(Document.java:2083)
	at splitstree4.core.Document.execute(Document.java:2564)
	at splitstree4.core.Document.execute(Document.java:2549)
	at splitstree4.main.SplitsTree.parseArguments(SplitsTree.java:215)
	at splitstree4.main.SplitsTree.main(SplitsTree.java:53)
	at sun.reflect.NativeMethodAccessorImpl.invoke0(Native Method)
	at sun.reflect.NativeMethodAccessorImpl.invoke(NativeMethodAccessorImpl.java:62)
	at sun.reflect.DelegatingMethodAccessorImpl.invoke(DelegatingMethodAccessorImpl.java:43)
	at java.lang.reflect.Method.invoke(Method.java:498)
	at com.exe4j.runtime.LauncherEngine.launch(LauncherEngine.java:65)
	at com.install4j.runtime.launcher.UnixLauncher.main(UnixLauncher.java:57)
Caught:
java.io.FileNotFoundException: / (Is a directory)
	at java.io.FileInputStream.open0(Native Method)
	at java.io.FileInputStream.open(FileInputStream.java:195)
	at java.io.FileInputStream.<init>(FileInputStream.java:138)
	at java.io.FileReader.<init>(FileReader.java:72)
	at splitstree4.externalIO.imports.ImportManager.importData(ImportManager.java:178)
	at splitstree4.externalIO.imports.ImportManager.importData(ImportManager.java:144)
	at splitstree4.core.DocumentUtils.loadMultipleTreeFiles(DocumentUtils.java:67)
	at splitstree4.core.Document.parse(Document.java:2083)
	at splitstree4.core.Document.execute(Document.java:2564)
	at splitstree4.core.Document.execute(Document.java:2549)
	at splitstree4.main.SplitsTree.parseArguments(SplitsTree.java:215)
	at splitstree4.main.SplitsTree.main(SplitsTree.java:53)
	at sun.reflect.NativeMethodAccessorImpl.invoke0(Native Method)
	at sun.reflect.NativeMethodAccessorImpl.invoke(NativeMethodAccessorImpl.java:62)
	at sun.reflect.DelegatingMethodAccessorImpl.invoke(DelegatingMethodAccessorImpl.java:43)
	at java.lang.reflect.Method.invoke(Method.java:498)
	at com.exe4j.runtime.LauncherEngine.launch(LauncherEngine.java:65)
	at com.install4j.runtime.launcher.UnixLauncher.main(UnixLauncher.java:57)
Caught:
java.io.FileNotFoundException: / (Is a directory)
	at java.io.FileInputStream.open0(Native Method)
	at java.io.FileInputStream.open(FileInputStream.java:195)
	at java.io.FileInputStream.<init>(FileInputStream.java:138)
	at java.io.FileReader.<init>(FileReader.java:72)
	at splitstree4.externalIO.imports.ImportManager.importData(ImportManager.java:178)
	at splitstree4.externalIO.imports.ImportManager.importData(ImportManager.java:144)
	at splitstree4.core.DocumentUtils.loadMultipleTreeFiles(DocumentUtils.java:67)
	at splitstree4.core.Document.parse(Document.java:2083)
	at splitstree4.core.Document.execute(Document.java:2564)
	at splitstree4.core.Document.execute(Document.java:2549)
	at splitstree4.main.SplitsTree.parseArguments(SplitsTree.java:215)
	at splitstree4.main.SplitsTree.main(SplitsTree.java:53)
	at sun.reflect.NativeMethodAccessorImpl.invoke0(Native Method)
	at sun.reflect.NativeMethodAccessorImpl.invoke(NativeMethodAccessorImpl.java:62)
	at sun.reflect.DelegatingMethodAccessorImpl.invoke(DelegatingMethodAccessorImpl.java:43)
	at java.lang.reflect.Method.invoke(Method.java:498)
	at com.exe4j.runtime.LauncherEngine.launch(LauncherEngine.java:65)
	at com.install4j.runtime.launcher.UnixLauncher.main(UnixLauncher.java:57)
Caught:
java.io.FileNotFoundException: / (Is a directory)
	at java.io.FileInputStream.open0(Native Method)
	at java.io.FileInputStream.open(FileInputStream.java:195)
	at java.io.FileInputStream.<init>(FileInputStream.java:138)
	at java.io.FileReader.<init>(FileReader.java:72)
	at splitstree4.externalIO.imports.ImportManager.importData(ImportManager.java:178)
	at splitstree4.externalIO.imports.ImportManager.importData(ImportManager.java:144)
	at splitstree4.core.DocumentUtils.loadMultipleTreeFiles(DocumentUtils.java:67)
	at splitstree4.core.Document.parse(Document.java:2083)
	at splitstree4.core.Document.execute(Document.java:2564)
	at splitstree4.core.Document.execute(Document.java:2549)
	at splitstree4.main.SplitsTree.parseArguments(SplitsTree.java:215)
	at splitstree4.main.SplitsTree.main(SplitsTree.java:53)
	at sun.reflect.NativeMethodAccessorImpl.invoke0(Native Method)
	at sun.reflect.NativeMethodAccessorImpl.invoke(NativeMethodAccessorImpl.java:62)
	at sun.reflect.DelegatingMethodAccessorImpl.invoke(DelegatingMethodAccessorImpl.java:43)
	at java.lang.reflect.Method.invoke(Method.java:498)
	at com.exe4j.runtime.LauncherEngine.launch(LauncherEngine.java:65)
	at com.install4j.runtime.launcher.UnixLauncher.main(UnixLauncher.java:57)
Caught:
java.io.FileNotFoundException: / (Is a directory)
	at java.io.FileInputStream.open0(Native Method)
	at java.io.FileInputStream.open(FileInputStream.java:195)
	at java.io.FileInputStream.<init>(FileInputStream.java:138)
	at java.io.FileReader.<init>(FileReader.java:72)
	at splitstree4.externalIO.imports.ImportManager.importData(ImportManager.java:178)
	at splitstree4.externalIO.imports.ImportManager.importData(ImportManager.java:144)
	at splitstree4.core.DocumentUtils.loadMultipleTreeFiles(DocumentUtils.java:67)
	at splitstree4.core.Document.parse(Document.java:2083)
	at splitstree4.core.Document.execute(Document.java:2564)
	at splitstree4.core.Document.execute(Document.java:2549)
	at splitstree4.main.SplitsTree.parseArguments(SplitsTree.java:215)
	at splitstree4.main.SplitsTree.main(SplitsTree.java:53)
	at sun.reflect.NativeMethodAccessorImpl.invoke0(Native Method)
	at sun.reflect.NativeMethodAccessorImpl.invoke(NativeMethodAccessorImpl.java:62)
	at sun.reflect.DelegatingMethodAccessorImpl.invoke(DelegatingMethodAccessorImpl.java:43)
	at java.lang.reflect.Method.invoke(Method.java:498)
	at com.exe4j.runtime.LauncherEngine.launch(LauncherEngine.java:65)
	at com.install4j.runtime.launcher.UnixLauncher.main(UnixLauncher.java:57)
Caught:
java.io.FileNotFoundException: / (Is a directory)
	at java.io.FileInputStream.open0(Native Method)
	at java.io.FileInputStream.open(FileInputStream.java:195)
	at java.io.FileInputStream.<init>(FileInputStream.java:138)
	at java.io.FileReader.<init>(FileReader.java:72)
	at splitstree4.externalIO.imports.ImportManager.importData(ImportManager.java:178)
	at splitstree4.externalIO.imports.ImportManager.importData(ImportManager.java:144)
	at splitstree4.core.DocumentUtils.loadMultipleTreeFiles(DocumentUtils.java:67)
	at splitstree4.core.Document.parse(Document.java:2083)
	at splitstree4.core.Document.execute(Document.java:2564)
	at splitstree4.core.Document.execute(Document.java:2549)
	at splitstree4.main.SplitsTree.parseArguments(SplitsTree.java:215)
	at splitstree4.main.SplitsTree.main(SplitsTree.java:53)
	at sun.reflect.NativeMethodAccessorImpl.invoke0(Native Method)
	at sun.reflect.NativeMethodAccessorImpl.invoke(NativeMethodAccessorImpl.java:62)
	at sun.reflect.DelegatingMethodAccessorImpl.invoke(DelegatingMethodAccessorImpl.java:43)
	at java.lang.reflect.Method.invoke(Method.java:498)
	at com.exe4j.runtime.LauncherEngine.launch(LauncherEngine.java:65)
	at com.install4j.runtime.launcher.UnixLauncher.main(UnixLauncher.java:57)
Caught:
java.io.FileNotFoundException: / (Is a directory)
	at java.io.FileInputStream.open0(Native Method)
	at java.io.FileInputStream.open(FileInputStream.java:195)
	at java.io.FileInputStream.<init>(FileInputStream.java:138)
	at java.io.FileReader.<init>(FileReader.java:72)
	at splitstree4.externalIO.imports.ImportManager.importData(ImportManager.java:178)
	at splitstree4.externalIO.imports.ImportManager.importData(ImportManager.java:144)
	at splitstree4.core.DocumentUtils.loadMultipleTreeFiles(DocumentUtils.java:67)
	at splitstree4.core.Document.parse(Document.java:2083)
	at splitstree4.core.Document.execute(Document.java:2564)
	at splitstree4.core.Document.execute(Document.java:2549)
	at splitstree4.main.SplitsTree.parseArguments(SplitsTree.java:215)
	at splitstree4.main.SplitsTree.main(SplitsTree.java:53)
	at sun.reflect.NativeMethodAccessorImpl.invoke0(Native Method)
	at sun.reflect.NativeMethodAccessorImpl.invoke(NativeMethodAccessorImpl.java:62)
	at sun.reflect.DelegatingMethodAccessorImpl.invoke(DelegatingMethodAccessorImpl.java:43)
	at java.lang.reflect.Method.invoke(Method.java:498)
	at com.exe4j.runtime.LauncherEngine.launch(LauncherEngine.java:65)
	at com.install4j.runtime.launcher.UnixLauncher.main(UnixLauncher.java:57)
Caught:
java.io.FileNotFoundException: / (Is a directory)
	at java.io.FileInputStream.open0(Native Method)
	at java.io.FileInputStream.open(FileInputStream.java:195)
	at java.io.FileInputStream.<init>(FileInputStream.java:138)
	at java.io.FileReader.<init>(FileReader.java:72)
	at splitstree4.externalIO.imports.ImportManager.importData(ImportManager.java:178)
	at splitstree4.externalIO.imports.ImportManager.importData(ImportManager.java:144)
	at splitstree4.core.DocumentUtils.loadMultipleTreeFiles(DocumentUtils.java:67)
	at splitstree4.core.Document.parse(Document.java:2083)
	at splitstree4.core.Document.execute(Document.java:2564)
	at splitstree4.core.Document.execute(Document.java:2549)
	at splitstree4.main.SplitsTree.parseArguments(SplitsTree.java:215)
	at splitstree4.main.SplitsTree.main(SplitsTree.java:53)
	at sun.reflect.NativeMethodAccessorImpl.invoke0(Native Method)
	at sun.reflect.NativeMethodAccessorImpl.invoke(NativeMethodAccessorImpl.java:62)
	at sun.reflect.DelegatingMethodAccessorImpl.invoke(DelegatingMethodAccessorImpl.java:43)
	at java.lang.reflect.Method.invoke(Method.java:498)
	at com.exe4j.runtime.LauncherEngine.launch(LauncherEngine.java:65)
	at com.install4j.runtime.launcher.UnixLauncher.main(UnixLauncher.java:57)
Caught:
java.io.FileNotFoundException: / (Is a directory)
	at java.io.FileInputStream.open0(Native Method)
	at java.io.FileInputStream.open(FileInputStream.java:195)
	at java.io.FileInputStream.<init>(FileInputStream.java:138)
	at java.io.FileReader.<init>(FileReader.java:72)
	at splitstree4.externalIO.imports.ImportManager.importData(ImportManager.java:178)
	at splitstree4.externalIO.imports.ImportManager.importData(ImportManager.java:144)
	at splitstree4.core.DocumentUtils.loadMultipleTreeFiles(DocumentUtils.java:67)
	at splitstree4.core.Document.parse(Document.java:2083)
	at splitstree4.core.Document.execute(Document.java:2564)
	at splitstree4.core.Document.execute(Document.java:2549)
	at splitstree4.main.SplitsTree.parseArguments(SplitsTree.java:215)
	at splitstree4.main.SplitsTree.main(SplitsTree.java:53)
	at sun.reflect.NativeMethodAccessorImpl.invoke0(Native Method)
	at sun.reflect.NativeMethodAccessorImpl.invoke(NativeMethodAccessorImpl.java:62)
	at sun.reflect.DelegatingMethodAccessorImpl.invoke(DelegatingMethodAccessorImpl.java:43)
	at java.lang.reflect.Method.invoke(Method.java:498)
	at com.exe4j.runtime.LauncherEngine.launch(LauncherEngine.java:65)
	at com.install4j.runtime.launcher.UnixLauncher.main(UnixLauncher.java:57)
Caught:
splitstree4.core.SplitsException: No suitable Importer found
	at splitstree4.externalIO.imports.ImportManager.importData(ImportManager.java:199)
	at splitstree4.externalIO.imports.ImportManager.importData(ImportManager.java:144)
	at splitstree4.core.DocumentUtils.loadMultipleTreeFiles(DocumentUtils.java:67)
	at splitstree4.core.Document.parse(Document.java:2083)
	at splitstree4.core.Document.execute(Document.java:2564)
	at splitstree4.core.Document.execute(Document.java:2549)
	at splitstree4.main.SplitsTree.parseArguments(SplitsTree.java:215)
	at splitstree4.main.SplitsTree.main(SplitsTree.java:53)
	at sun.reflect.NativeMethodAccessorImpl.invoke0(Native Method)
	at sun.reflect.NativeMethodAccessorImpl.invoke(NativeMethodAccessorImpl.java:62)
	at sun.reflect.DelegatingMethodAccessorImpl.invoke(DelegatingMethodAccessorImpl.java:43)
	at java.lang.reflect.Method.invoke(Method.java:498)
	at com.exe4j.runtime.LauncherEngine.launch(LauncherEngine.java:65)
	at com.install4j.runtime.launcher.UnixLauncher.main(UnixLauncher.java:57)
Alert - Import trees failed for file=/: No suitable Importer found
Alert - Cannot open: RAxML_bootstrap.TESTconcatenated.RAxML
Begin ConsensusNetwork Threshold=0.70 EdgeWeights=mean;: failed
Caught:
splitstree4.core.SplitsException: No valid taxa block
	at splitstree4.core.Document.readNexus(Document.java:953)
	at splitstree4.core.Document.execute(Document.java:2561)
	at splitstree4.core.Document.execute(Document.java:2549)
	at splitstree4.main.SplitsTree.parseArguments(SplitsTree.java:215)
	at splitstree4.main.SplitsTree.main(SplitsTree.java:53)
	at sun.reflect.NativeMethodAccessorImpl.invoke0(Native Method)
	at sun.reflect.NativeMethodAccessorImpl.invoke(NativeMethodAccessorImpl.java:62)
	at sun.reflect.DelegatingMethodAccessorImpl.invoke(DelegatingMethodAccessorImpl.java:43)
	at java.lang.reflect.Method.invoke(Method.java:498)
	at com.exe4j.runtime.LauncherEngine.launch(LauncherEngine.java:65)
	at com.install4j.runtime.launcher.UnixLauncher.main(UnixLauncher.java:57)
Writing file ../splitstree/concatenated.splitstree.nex: all valid data
EXPORTGRAPHICS format=SVG file=concatenated.splitstree.svg: failed
Caught:
splitstree4.core.SplitsException: EXPORTGRAPHICS: invalid network block (try 'update' first)
	at splitstree4.core.Document.parse(Document.java:2180)
	at splitstree4.core.Document.execute(Document.java:2564)
	at splitstree4.core.Document.execute(Document.java:2549)
	at splitstree4.main.SplitsTree.parseArguments(SplitsTree.java:215)
	at splitstree4.main.SplitsTree.main(SplitsTree.java:53)
	at sun.reflect.NativeMethodAccessorImpl.invoke0(Native Method)
	at sun.reflect.NativeMethodAccessorImpl.invoke(NativeMethodAccessorImpl.java:62)
	at sun.reflect.DelegatingMethodAccessorImpl.invoke(DelegatingMethodAccessorImpl.java:43)
	at java.lang.reflect.Method.invoke(Method.java:498)
	at com.exe4j.runtime.LauncherEngine.launch(LauncherEngine.java:65)
	at com.install4j.runtime.launcher.UnixLauncher.main(UnixLauncher.java:57)
