Sourcing executables from speedseq.config ...
Aligning...
samblaster: Version 0.1.22
samblaster: Inputting from stdin
samblaster: Outputting to stdout
samblaster: Opening JT188.filtered.9Gz8hBalYOFI/disc_pipe for write.
[M::bwa_idx_load_from_disk] read 0 ALT contigs
samblaster: Opening JT188.filtered.9Gz8hBalYOFI/spl_pipe for write.
[M::process] read 36196 sequences (4379991 bp)...
[M::mem_pestat] # candidate unique pairs for (FF, FR, RF, RR): (1, 16480, 0, 0)
[M::mem_pestat] skip orientation FF as there are not enough pairs
[M::mem_pestat] analyzing insert size distribution for orientation FR...
[M::mem_pestat] (25, 50, 75) percentile: (89, 144, 216)
[M::mem_pestat] low and high boundaries for computing mean and std.dev: (1, 470)
[M::mem_pestat] mean and std.dev: (159.45, 92.08)
[M::mem_pestat] low and high boundaries for proper pairs: (1, 597)
[M::mem_pestat] skip orientation RF as there are not enough pairs
[M::mem_pestat] skip orientation RR as there are not enough pairs
[M::mem_process_seqs] Processed 36196 reads in 3.578 CPU sec, 1.133 real sec
samblaster: Loaded 5 header sequence entries.
[main] Version: 0.7.12-r1039
samblaster: Output 88 discordant read pairs to JT188.filtered.9Gz8hBalYOFI/disc_pipe
[main] CMD:samblaster: Output 32 split reads to JT188.filtered.9Gz8hBalYOFI/spl_pipe
 /opt/linux/centos/7.x/x86_64/pkgs/bwa/0.7.12/bin/bwa mem -t 4samblaster: Marked 3974 of 18098 (21.96%) read ids as duplicates -R @RG\tID:JT188\tSM:JT188\tLB:Lib\ using 1596k memory in  references.fasta0.074S data/003284_JT188_S77_R1_filtered.fastq.gz CPU seconds and  data/003284_JT188_S77_R2_filtered.fastq.gz1S wall time.

[main] Real time: 1.637 sec; CPU: 3.769 sec
Done
Using GATK jar /bigdata/operations/pkgadmin/opt/linux/centos/7.x/x86_64/pkgs/gatk/4.0.8.1/gatk-package-4.0.8.1-local.jar
Running:
    java -Dsamjdk.use_async_io_read_samtools=false -Dsamjdk.use_async_io_write_samtools=true -Dsamjdk.use_async_io_write_tribble=false -Dsamjdk.compression_level=2 -jar /bigdata/operations/pkgadmin/opt/linux/centos/7.x/x86_64/pkgs/gatk/4.0.8.1/gatk-package-4.0.8.1-local.jar HaplotypeCaller -R references.fasta -I results/JT188.filtered.bam -O results/JT188.g.vcf -ERC GVCF
22:23:51.033 INFO  NativeLibraryLoader - Loading libgkl_compression.so from jar:file:/bigdata/operations/pkgadmin/opt/linux/centos/7.x/x86_64/pkgs/gatk/4.0.8.1/gatk-package-4.0.8.1-local.jar!/com/intel/gkl/native/libgkl_compression.so
22:23:51.443 INFO  HaplotypeCaller - ------------------------------------------------------------
22:23:51.445 INFO  HaplotypeCaller - The Genome Analysis Toolkit (GATK) v4.0.8.1
22:23:51.445 INFO  HaplotypeCaller - For support and documentation go to https://software.broadinstitute.org/gatk/
22:23:51.447 INFO  HaplotypeCaller - Executing as arajewski@c05 on Linux v3.10.0-693.11.6.el7.x86_64 amd64
22:23:51.447 INFO  HaplotypeCaller - Java runtime: Java HotSpot(TM) 64-Bit Server VM v1.8.0_45-b14
22:23:51.448 INFO  HaplotypeCaller - Start Date/Time: September 27, 2018 10:23:50 PM PDT
22:23:51.448 INFO  HaplotypeCaller - ------------------------------------------------------------
22:23:51.448 INFO  HaplotypeCaller - ------------------------------------------------------------
22:23:51.449 INFO  HaplotypeCaller - HTSJDK Version: 2.16.0
22:23:51.449 INFO  HaplotypeCaller - Picard Version: 2.18.7
22:23:51.449 INFO  HaplotypeCaller - HTSJDK Defaults.COMPRESSION_LEVEL : 2
22:23:51.449 INFO  HaplotypeCaller - HTSJDK Defaults.USE_ASYNC_IO_READ_FOR_SAMTOOLS : false
22:23:51.450 INFO  HaplotypeCaller - HTSJDK Defaults.USE_ASYNC_IO_WRITE_FOR_SAMTOOLS : true
22:23:51.450 INFO  HaplotypeCaller - HTSJDK Defaults.USE_ASYNC_IO_WRITE_FOR_TRIBBLE : false
22:23:51.450 INFO  HaplotypeCaller - Deflater: IntelDeflater
22:23:51.450 INFO  HaplotypeCaller - Inflater: IntelInflater
22:23:51.450 INFO  HaplotypeCaller - GCS max retries/reopens: 20
22:23:51.450 INFO  HaplotypeCaller - Using google-cloud-java fork https://github.com/broadinstitute/google-cloud-java/releases/tag/0.20.5-alpha-GCS-RETRY-FIX
22:23:51.458 INFO  HaplotypeCaller - Initializing engine
22:23:52.166 INFO  HaplotypeCaller - Done initializing engine
22:23:52.174 INFO  HaplotypeCallerEngine - Tool is in reference confidence mode and the annotation, the following changes will be made to any specified annotations: 'StrandBiasBySample' will be enabled. 'ChromosomeCounts', 'FisherStrand', 'StrandOddsRatio' and 'QualByDepth' annotations have been disabled
22:23:52.180 INFO  HaplotypeCallerEngine - Standard Emitting and Calling confidence set to 0.0 for reference-model confidence output
22:23:52.180 INFO  HaplotypeCallerEngine - All sites annotated with PLs forced to true for reference-model confidence output
22:23:52.201 INFO  NativeLibraryLoader - Loading libgkl_utils.so from jar:file:/bigdata/operations/pkgadmin/opt/linux/centos/7.x/x86_64/pkgs/gatk/4.0.8.1/gatk-package-4.0.8.1-local.jar!/com/intel/gkl/native/libgkl_utils.so
22:23:52.204 INFO  NativeLibraryLoader - Loading libgkl_pairhmm_omp.so from jar:file:/bigdata/operations/pkgadmin/opt/linux/centos/7.x/x86_64/pkgs/gatk/4.0.8.1/gatk-package-4.0.8.1-local.jar!/com/intel/gkl/native/libgkl_pairhmm_omp.so
22:23:52.271 WARN  IntelPairHmm - Flush-to-zero (FTZ) is enabled when running PairHMM
22:23:52.272 INFO  IntelPairHmm - Available threads: 4
22:23:52.272 INFO  IntelPairHmm - Requested threads: 4
22:23:52.272 INFO  PairHMM - Using the OpenMP multi-threaded AVX-accelerated native PairHMM implementation
22:23:52.372 INFO  ProgressMeter - Starting traversal
22:23:52.373 INFO  ProgressMeter -        Current Locus  Elapsed Minutes     Regions Processed   Regions/Minute
22:24:39.782 INFO  ProgressMeter -             matK:276              0.8                    10             12.7
22:25:10.045 INFO  HaplotypeCaller - 7978 read(s) filtered by: ((((((((MappingQualityReadFilter AND MappingQualityAvailableReadFilter) AND MappedReadFilter) AND NotSecondaryAlignmentReadFilter) AND NotDuplicateReadFilter) AND PassesVendorQualityCheckReadFilter) AND NonZeroReferenceLengthAlignmentReadFilter) AND GoodCigarReadFilter) AND WellformedReadFilter)
  7978 read(s) filtered by: (((((((MappingQualityReadFilter AND MappingQualityAvailableReadFilter) AND MappedReadFilter) AND NotSecondaryAlignmentReadFilter) AND NotDuplicateReadFilter) AND PassesVendorQualityCheckReadFilter) AND NonZeroReferenceLengthAlignmentReadFilter) AND GoodCigarReadFilter)
      7978 read(s) filtered by: ((((((MappingQualityReadFilter AND MappingQualityAvailableReadFilter) AND MappedReadFilter) AND NotSecondaryAlignmentReadFilter) AND NotDuplicateReadFilter) AND PassesVendorQualityCheckReadFilter) AND NonZeroReferenceLengthAlignmentReadFilter)
          7978 read(s) filtered by: (((((MappingQualityReadFilter AND MappingQualityAvailableReadFilter) AND MappedReadFilter) AND NotSecondaryAlignmentReadFilter) AND NotDuplicateReadFilter) AND PassesVendorQualityCheckReadFilter)
              7978 read(s) filtered by: ((((MappingQualityReadFilter AND MappingQualityAvailableReadFilter) AND MappedReadFilter) AND NotSecondaryAlignmentReadFilter) AND NotDuplicateReadFilter)
                  30 read(s) filtered by: (((MappingQualityReadFilter AND MappingQualityAvailableReadFilter) AND MappedReadFilter) AND NotSecondaryAlignmentReadFilter)
                      30 read(s) filtered by: ((MappingQualityReadFilter AND MappingQualityAvailableReadFilter) AND MappedReadFilter)
                          30 read(s) filtered by: (MappingQualityReadFilter AND MappingQualityAvailableReadFilter)
                              30 read(s) filtered by: MappingQualityReadFilter 
                  7948 read(s) filtered by: NotDuplicateReadFilter 

22:25:10.047 INFO  ProgressMeter -             trnL:601              1.3                    28             21.6
22:25:10.047 INFO  ProgressMeter - Traversal complete. Processed 28 total regions in 1.3 minutes.
22:25:10.056 INFO  VectorLoglessPairHMM - Time spent in setup for JNI call : 0.05726593000000001
22:25:10.056 INFO  PairHMM - Total compute time in PairHMM computeLogLikelihoods() : 48.724124566
22:25:10.056 INFO  SmithWatermanAligner - Total compute time in java Smith-Waterman : 5.79 sec
22:25:10.057 INFO  HaplotypeCaller - Shutting down engine
[September 27, 2018 10:25:10 PM PDT] org.broadinstitute.hellbender.tools.walkers.haplotypecaller.HaplotypeCaller done. Elapsed time: 1.32 minutes.
Runtime.totalMemory()=3105882112
