Sourcing executables from speedseq.config ...
Aligning...
samblaster: Version 0.1.22
samblaster: Inputting from stdin
samblaster: Outputting to stdout
samblaster: Opening H2A.filtered.unAx7hpDl1XF/disc_pipe for write.
samblaster: Opening H2A.filtered.unAx7hpDl1XF/spl_pipe for write.
[M::bwa_idx_load_from_disk] read 0 ALT contigs
[M::process] read 29826 sequences (3677779 bp)...
[M::mem_pestat] # candidate unique pairs for (FF, FR, RF, RR): (0, 12633, 0, 0)
[M::mem_pestat] skip orientation FF as there are not enough pairs
[M::mem_pestat] analyzing insert size distribution for orientation FR...
[M::mem_pestat] (25, 50, 75) percentile: (101, 158, 238)
[M::mem_pestat] low and high boundaries for computing mean and std.dev: (1, 512)
[M::mem_pestat] mean and std.dev: (176.02, 100.43)
[M::mem_pestat] low and high boundaries for proper pairs: (1, 649)
[M::mem_pestat] skip orientation RF as there are not enough pairs
[M::mem_pestat] skip orientation RR as there are not enough pairs
[M::mem_process_seqs] Processed 29826 reads in 2.477 CPU sec, 1.162 real sec
samblaster: Loaded 5 header sequence entries.
[main] Version: 0.7.12-r1039
samblaster: Output 41 discordant read pairs to H2A.filtered.unAx7hpDl1XF/disc_pipe
[main] CMD:samblaster: Output 12 split reads to H2A.filtered.unAx7hpDl1XF/spl_pipe
 /opt/linux/centos/7.x/x86_64/pkgs/bwa/0.7.12/bin/bwa mem -t 4samblaster: Marked 2352 of 14913 (15.77%) read ids as duplicates -R @RG\tID:H2A\tSM:H2A\tLB:Lib\ using 1332k memory in  references.fasta0.053S data/003247_H2A_S40_R1_filtered.fastq.gz CPU seconds and  data/003247_H2A_S40_R2_filtered.fastq.gz1S wall time.

[main] Real time: 1.531 sec; CPU: 2.635 sec
Done
Using GATK jar /bigdata/operations/pkgadmin/opt/linux/centos/7.x/x86_64/pkgs/gatk/4.0.8.1/gatk-package-4.0.8.1-local.jar
Running:
    java -Dsamjdk.use_async_io_read_samtools=false -Dsamjdk.use_async_io_write_samtools=true -Dsamjdk.use_async_io_write_tribble=false -Dsamjdk.compression_level=2 -jar /bigdata/operations/pkgadmin/opt/linux/centos/7.x/x86_64/pkgs/gatk/4.0.8.1/gatk-package-4.0.8.1-local.jar HaplotypeCaller -R references.fasta -I results/H2A.filtered.bam -O results/H2A.g.vcf -ERC GVCF
22:23:49.925 INFO  NativeLibraryLoader - Loading libgkl_compression.so from jar:file:/bigdata/operations/pkgadmin/opt/linux/centos/7.x/x86_64/pkgs/gatk/4.0.8.1/gatk-package-4.0.8.1-local.jar!/com/intel/gkl/native/libgkl_compression.so
22:23:50.192 INFO  HaplotypeCaller - ------------------------------------------------------------
22:23:50.194 INFO  HaplotypeCaller - The Genome Analysis Toolkit (GATK) v4.0.8.1
22:23:50.194 INFO  HaplotypeCaller - For support and documentation go to https://software.broadinstitute.org/gatk/
22:23:50.195 INFO  HaplotypeCaller - Executing as arajewski@c29 on Linux v3.10.0-693.11.6.el7.x86_64 amd64
22:23:50.195 INFO  HaplotypeCaller - Java runtime: Java HotSpot(TM) 64-Bit Server VM v1.8.0_45-b14
22:23:50.195 INFO  HaplotypeCaller - Start Date/Time: September 27, 2018 10:23:49 PM PDT
22:23:50.195 INFO  HaplotypeCaller - ------------------------------------------------------------
22:23:50.196 INFO  HaplotypeCaller - ------------------------------------------------------------
22:23:50.197 INFO  HaplotypeCaller - HTSJDK Version: 2.16.0
22:23:50.197 INFO  HaplotypeCaller - Picard Version: 2.18.7
22:23:50.197 INFO  HaplotypeCaller - HTSJDK Defaults.COMPRESSION_LEVEL : 2
22:23:50.197 INFO  HaplotypeCaller - HTSJDK Defaults.USE_ASYNC_IO_READ_FOR_SAMTOOLS : false
22:23:50.197 INFO  HaplotypeCaller - HTSJDK Defaults.USE_ASYNC_IO_WRITE_FOR_SAMTOOLS : true
22:23:50.197 INFO  HaplotypeCaller - HTSJDK Defaults.USE_ASYNC_IO_WRITE_FOR_TRIBBLE : false
22:23:50.197 INFO  HaplotypeCaller - Deflater: IntelDeflater
22:23:50.198 INFO  HaplotypeCaller - Inflater: IntelInflater
22:23:50.198 INFO  HaplotypeCaller - GCS max retries/reopens: 20
22:23:50.198 INFO  HaplotypeCaller - Using google-cloud-java fork https://github.com/broadinstitute/google-cloud-java/releases/tag/0.20.5-alpha-GCS-RETRY-FIX
22:23:50.205 INFO  HaplotypeCaller - Initializing engine
22:23:51.280 INFO  HaplotypeCaller - Done initializing engine
22:23:51.288 INFO  HaplotypeCallerEngine - Tool is in reference confidence mode and the annotation, the following changes will be made to any specified annotations: 'StrandBiasBySample' will be enabled. 'ChromosomeCounts', 'FisherStrand', 'StrandOddsRatio' and 'QualByDepth' annotations have been disabled
22:23:51.294 INFO  HaplotypeCallerEngine - Standard Emitting and Calling confidence set to 0.0 for reference-model confidence output
22:23:51.294 INFO  HaplotypeCallerEngine - All sites annotated with PLs forced to true for reference-model confidence output
22:23:51.315 INFO  NativeLibraryLoader - Loading libgkl_utils.so from jar:file:/bigdata/operations/pkgadmin/opt/linux/centos/7.x/x86_64/pkgs/gatk/4.0.8.1/gatk-package-4.0.8.1-local.jar!/com/intel/gkl/native/libgkl_utils.so
22:23:51.318 INFO  NativeLibraryLoader - Loading libgkl_pairhmm_omp.so from jar:file:/bigdata/operations/pkgadmin/opt/linux/centos/7.x/x86_64/pkgs/gatk/4.0.8.1/gatk-package-4.0.8.1-local.jar!/com/intel/gkl/native/libgkl_pairhmm_omp.so
22:23:51.384 WARN  IntelPairHmm - Flush-to-zero (FTZ) is enabled when running PairHMM
22:23:51.385 INFO  IntelPairHmm - Available threads: 4
22:23:51.385 INFO  IntelPairHmm - Requested threads: 4
22:23:51.385 INFO  PairHMM - Using the OpenMP multi-threaded AVX-accelerated native PairHMM implementation
22:23:51.481 INFO  ProgressMeter - Starting traversal
22:23:51.482 INFO  ProgressMeter -        Current Locus  Elapsed Minutes     Regions Processed   Regions/Minute
22:24:09.590 INFO  ProgressMeter -              WXY:794              0.3                    10             33.1
22:24:25.823 INFO  ProgressMeter -             trnL:526              0.6                    30             52.4
22:24:36.916 INFO  HaplotypeCaller - 4723 read(s) filtered by: ((((((((MappingQualityReadFilter AND MappingQualityAvailableReadFilter) AND MappedReadFilter) AND NotSecondaryAlignmentReadFilter) AND NotDuplicateReadFilter) AND PassesVendorQualityCheckReadFilter) AND NonZeroReferenceLengthAlignmentReadFilter) AND GoodCigarReadFilter) AND WellformedReadFilter)
  4723 read(s) filtered by: (((((((MappingQualityReadFilter AND MappingQualityAvailableReadFilter) AND MappedReadFilter) AND NotSecondaryAlignmentReadFilter) AND NotDuplicateReadFilter) AND PassesVendorQualityCheckReadFilter) AND NonZeroReferenceLengthAlignmentReadFilter) AND GoodCigarReadFilter)
      4723 read(s) filtered by: ((((((MappingQualityReadFilter AND MappingQualityAvailableReadFilter) AND MappedReadFilter) AND NotSecondaryAlignmentReadFilter) AND NotDuplicateReadFilter) AND PassesVendorQualityCheckReadFilter) AND NonZeroReferenceLengthAlignmentReadFilter)
          4723 read(s) filtered by: (((((MappingQualityReadFilter AND MappingQualityAvailableReadFilter) AND MappedReadFilter) AND NotSecondaryAlignmentReadFilter) AND NotDuplicateReadFilter) AND PassesVendorQualityCheckReadFilter)
              4723 read(s) filtered by: ((((MappingQualityReadFilter AND MappingQualityAvailableReadFilter) AND MappedReadFilter) AND NotSecondaryAlignmentReadFilter) AND NotDuplicateReadFilter)
                  20 read(s) filtered by: (((MappingQualityReadFilter AND MappingQualityAvailableReadFilter) AND MappedReadFilter) AND NotSecondaryAlignmentReadFilter)
                      20 read(s) filtered by: ((MappingQualityReadFilter AND MappingQualityAvailableReadFilter) AND MappedReadFilter)
                          20 read(s) filtered by: (MappingQualityReadFilter AND MappingQualityAvailableReadFilter)
                              20 read(s) filtered by: MappingQualityReadFilter 
                  4703 read(s) filtered by: NotDuplicateReadFilter 

22:24:36.917 INFO  ProgressMeter -             trnL:526              0.8                    37             48.9
22:24:36.917 INFO  ProgressMeter - Traversal complete. Processed 37 total regions in 0.8 minutes.
22:24:36.926 INFO  VectorLoglessPairHMM - Time spent in setup for JNI call : 0.042243308
22:24:36.926 INFO  PairHMM - Total compute time in PairHMM computeLogLikelihoods() : 21.893325413000003
22:24:36.926 INFO  SmithWatermanAligner - Total compute time in java Smith-Waterman : 7.03 sec
22:24:36.926 INFO  HaplotypeCaller - Shutting down engine
[September 27, 2018 10:24:36 PM PDT] org.broadinstitute.hellbender.tools.walkers.haplotypecaller.HaplotypeCaller done. Elapsed time: 0.78 minutes.
Runtime.totalMemory()=3071279104
