Sourcing executables from speedseq.config ...
Aligning...
samblaster: Version 0.1.22
samblaster: Inputting from stdin
samblaster: Outputting to stdout
samblaster: Opening H10D.filtered.mKqjopIwZJXP/disc_pipe for write.
[M::bwa_idx_load_from_disk] read 0 ALT contigs
samblaster: Opening H10D.filtered.mKqjopIwZJXP/spl_pipe for write.
[M::process] read 34934 sequences (4160052 bp)...
[M::mem_pestat] # candidate unique pairs for (FF, FR, RF, RR): (0, 14945, 0, 0)
[M::mem_pestat] skip orientation FF as there are not enough pairs
[M::mem_pestat] analyzing insert size distribution for orientation FR...
[M::mem_pestat] (25, 50, 75) percentile: (90, 140, 212)
[M::mem_pestat] low and high boundaries for computing mean and std.dev: (1, 456)
[M::mem_pestat] mean and std.dev: (156.23, 87.64)
[M::mem_pestat] low and high boundaries for proper pairs: (1, 578)
[M::mem_pestat] skip orientation RF as there are not enough pairs
[M::mem_pestat] skip orientation RR as there are not enough pairs
[M::mem_process_seqs] Processed 34934 reads in 2.639 CPU sec, 0.954 real sec
samblaster: Loaded 5 header sequence entries.
[main] Version: 0.7.12-r1039
[main] CMD: /opt/linux/centos/7.x/x86_64/pkgs/bwa/0.7.12/bin/bwa mem -t 4 -R @RG\tID:H10D\tSM:H10D\tLB:Lib\ references.fasta data/003242_H10D_S35_R1_filtered.fastq.gz data/003242_H10D_S35_R2_filtered.fastq.gz
[main] Real time: 1.350 sec; CPU: 2.815 sec
samblaster: Output 62 discordant read pairs to H10D.filtered.mKqjopIwZJXP/disc_pipe
samblaster: Output 24 split reads to H10D.filtered.mKqjopIwZJXP/spl_pipe
samblaster: Marked 2987 of 17467 (17.10%) read ids as duplicates using 1596k memory in 0.061S CPU seconds and 2S wall time.
Done
Using GATK jar /bigdata/operations/pkgadmin/opt/linux/centos/7.x/x86_64/pkgs/gatk/4.0.8.1/gatk-package-4.0.8.1-local.jar
Running:
    java -Dsamjdk.use_async_io_read_samtools=false -Dsamjdk.use_async_io_write_samtools=true -Dsamjdk.use_async_io_write_tribble=false -Dsamjdk.compression_level=2 -jar /bigdata/operations/pkgadmin/opt/linux/centos/7.x/x86_64/pkgs/gatk/4.0.8.1/gatk-package-4.0.8.1-local.jar HaplotypeCaller -R references.fasta -I results/H10D.filtered.bam -O results/H10D.g.vcf -ERC GVCF
22:23:49.970 INFO  NativeLibraryLoader - Loading libgkl_compression.so from jar:file:/bigdata/operations/pkgadmin/opt/linux/centos/7.x/x86_64/pkgs/gatk/4.0.8.1/gatk-package-4.0.8.1-local.jar!/com/intel/gkl/native/libgkl_compression.so
22:23:50.182 INFO  HaplotypeCaller - ------------------------------------------------------------
22:23:50.185 INFO  HaplotypeCaller - The Genome Analysis Toolkit (GATK) v4.0.8.1
22:23:50.185 INFO  HaplotypeCaller - For support and documentation go to https://software.broadinstitute.org/gatk/
22:23:50.185 INFO  HaplotypeCaller - Executing as arajewski@c33 on Linux v3.10.0-693.11.6.el7.x86_64 amd64
22:23:50.185 INFO  HaplotypeCaller - Java runtime: Java HotSpot(TM) 64-Bit Server VM v1.8.0_45-b14
22:23:50.186 INFO  HaplotypeCaller - Start Date/Time: September 27, 2018 10:23:49 PM PDT
22:23:50.186 INFO  HaplotypeCaller - ------------------------------------------------------------
22:23:50.186 INFO  HaplotypeCaller - ------------------------------------------------------------
22:23:50.187 INFO  HaplotypeCaller - HTSJDK Version: 2.16.0
22:23:50.187 INFO  HaplotypeCaller - Picard Version: 2.18.7
22:23:50.187 INFO  HaplotypeCaller - HTSJDK Defaults.COMPRESSION_LEVEL : 2
22:23:50.187 INFO  HaplotypeCaller - HTSJDK Defaults.USE_ASYNC_IO_READ_FOR_SAMTOOLS : false
22:23:50.187 INFO  HaplotypeCaller - HTSJDK Defaults.USE_ASYNC_IO_WRITE_FOR_SAMTOOLS : true
22:23:50.187 INFO  HaplotypeCaller - HTSJDK Defaults.USE_ASYNC_IO_WRITE_FOR_TRIBBLE : false
22:23:50.188 INFO  HaplotypeCaller - Deflater: IntelDeflater
22:23:50.188 INFO  HaplotypeCaller - Inflater: IntelInflater
22:23:50.188 INFO  HaplotypeCaller - GCS max retries/reopens: 20
22:23:50.188 INFO  HaplotypeCaller - Using google-cloud-java fork https://github.com/broadinstitute/google-cloud-java/releases/tag/0.20.5-alpha-GCS-RETRY-FIX
22:23:50.197 INFO  HaplotypeCaller - Initializing engine
22:23:51.189 INFO  HaplotypeCaller - Done initializing engine
22:23:51.195 INFO  HaplotypeCallerEngine - Tool is in reference confidence mode and the annotation, the following changes will be made to any specified annotations: 'StrandBiasBySample' will be enabled. 'ChromosomeCounts', 'FisherStrand', 'StrandOddsRatio' and 'QualByDepth' annotations have been disabled
22:23:51.200 INFO  HaplotypeCallerEngine - Standard Emitting and Calling confidence set to 0.0 for reference-model confidence output
22:23:51.200 INFO  HaplotypeCallerEngine - All sites annotated with PLs forced to true for reference-model confidence output
22:23:51.219 INFO  NativeLibraryLoader - Loading libgkl_utils.so from jar:file:/bigdata/operations/pkgadmin/opt/linux/centos/7.x/x86_64/pkgs/gatk/4.0.8.1/gatk-package-4.0.8.1-local.jar!/com/intel/gkl/native/libgkl_utils.so
22:23:51.222 INFO  NativeLibraryLoader - Loading libgkl_pairhmm_omp.so from jar:file:/bigdata/operations/pkgadmin/opt/linux/centos/7.x/x86_64/pkgs/gatk/4.0.8.1/gatk-package-4.0.8.1-local.jar!/com/intel/gkl/native/libgkl_pairhmm_omp.so
22:23:51.285 WARN  IntelPairHmm - Flush-to-zero (FTZ) is enabled when running PairHMM
22:23:51.286 INFO  IntelPairHmm - Available threads: 4
22:23:51.286 INFO  IntelPairHmm - Requested threads: 4
22:23:51.286 INFO  PairHMM - Using the OpenMP multi-threaded AVX-accelerated native PairHMM implementation
22:23:51.374 INFO  ProgressMeter - Starting traversal
22:23:51.374 INFO  ProgressMeter -        Current Locus  Elapsed Minutes     Regions Processed   Regions/Minute
22:24:10.367 INFO  ProgressMeter -              WXY:794              0.3                    10             31.6
22:24:26.418 INFO  ProgressMeter -             trnL:451              0.6                    30             51.4
22:24:44.800 INFO  HaplotypeCaller - 5995 read(s) filtered by: ((((((((MappingQualityReadFilter AND MappingQualityAvailableReadFilter) AND MappedReadFilter) AND NotSecondaryAlignmentReadFilter) AND NotDuplicateReadFilter) AND PassesVendorQualityCheckReadFilter) AND NonZeroReferenceLengthAlignmentReadFilter) AND GoodCigarReadFilter) AND WellformedReadFilter)
  5995 read(s) filtered by: (((((((MappingQualityReadFilter AND MappingQualityAvailableReadFilter) AND MappedReadFilter) AND NotSecondaryAlignmentReadFilter) AND NotDuplicateReadFilter) AND PassesVendorQualityCheckReadFilter) AND NonZeroReferenceLengthAlignmentReadFilter) AND GoodCigarReadFilter)
      5995 read(s) filtered by: ((((((MappingQualityReadFilter AND MappingQualityAvailableReadFilter) AND MappedReadFilter) AND NotSecondaryAlignmentReadFilter) AND NotDuplicateReadFilter) AND PassesVendorQualityCheckReadFilter) AND NonZeroReferenceLengthAlignmentReadFilter)
          5995 read(s) filtered by: (((((MappingQualityReadFilter AND MappingQualityAvailableReadFilter) AND MappedReadFilter) AND NotSecondaryAlignmentReadFilter) AND NotDuplicateReadFilter) AND PassesVendorQualityCheckReadFilter)
              5995 read(s) filtered by: ((((MappingQualityReadFilter AND MappingQualityAvailableReadFilter) AND MappedReadFilter) AND NotSecondaryAlignmentReadFilter) AND NotDuplicateReadFilter)
                  21 read(s) filtered by: (((MappingQualityReadFilter AND MappingQualityAvailableReadFilter) AND MappedReadFilter) AND NotSecondaryAlignmentReadFilter)
                      21 read(s) filtered by: ((MappingQualityReadFilter AND MappingQualityAvailableReadFilter) AND MappedReadFilter)
                          21 read(s) filtered by: (MappingQualityReadFilter AND MappingQualityAvailableReadFilter)
                              21 read(s) filtered by: MappingQualityReadFilter 
                  5974 read(s) filtered by: NotDuplicateReadFilter 

22:24:44.800 INFO  ProgressMeter -             trnL:451              0.9                    38             42.7
22:24:44.801 INFO  ProgressMeter - Traversal complete. Processed 38 total regions in 0.9 minutes.
22:24:44.814 INFO  VectorLoglessPairHMM - Time spent in setup for JNI call : 0.059985509000000006
22:24:44.814 INFO  PairHMM - Total compute time in PairHMM computeLogLikelihoods() : 26.84693734
22:24:44.815 INFO  SmithWatermanAligner - Total compute time in java Smith-Waterman : 7.57 sec
22:24:44.815 INFO  HaplotypeCaller - Shutting down engine
[September 27, 2018 10:24:44 PM PDT] org.broadinstitute.hellbender.tools.walkers.haplotypecaller.HaplotypeCaller done. Elapsed time: 0.91 minutes.
Runtime.totalMemory()=3089104896
