Sourcing executables from speedseq.config ...
Aligning...
samblaster: Version 0.1.22
samblaster: Inputting from stdin
samblaster: Outputting to stdout
samblaster: Opening H14C.filtered.xSZPo71jm3LU/disc_pipe for write.
[M::bwa_idx_load_from_disk] read 0 ALT contigs
samblaster: Opening H14C.filtered.xSZPo71jm3LU/spl_pipe for write.
[M::process] read 30786 sequences (3792003 bp)...
[M::mem_pestat] # candidate unique pairs for (FF, FR, RF, RR): (2, 12186, 0, 0)
[M::mem_pestat] skip orientation FF as there are not enough pairs
[M::mem_pestat] analyzing insert size distribution for orientation FR...
[M::mem_pestat] (25, 50, 75) percentile: (98, 157, 232)
[M::mem_pestat] low and high boundaries for computing mean and std.dev: (1, 500)
[M::mem_pestat] mean and std.dev: (172.60, 98.70)
[M::mem_pestat] low and high boundaries for proper pairs: (1, 634)
[M::mem_pestat] skip orientation RF as there are not enough pairs
[M::mem_pestat] skip orientation RR as there are not enough pairs
[M::mem_process_seqs] Processed 30786 reads in 2.536 CPU sec, 0.810 real sec
samblaster: Loaded 5 header sequence entries.
[main] Version: 0.7.12-r1039
samblaster: Output 55 discordant read pairs to H14C.filtered.xSZPo71jm3LU/disc_pipe
[main] CMD:samblaster: Output 14 split reads to H14C.filtered.xSZPo71jm3LU/spl_pipe
 /opt/linux/centos/7.x/x86_64/pkgs/bwa/0.7.12/bin/bwa mem -t 4 -R @RG\tID:H14C\tSM:H14C\tLB:Lib\samblaster: Marked 2189 of 15393 (14.22%) read ids as duplicates references.fasta data/003245_H14C_S38_R1_filtered.fastq.gz using 1332k memory in  data/003245_H14C_S38_R2_filtered.fastq.gz0.063S CPU seconds and 
[main] Real time: 1.202 sec; CPU: 2.709 sec
1S wall time.
Done
Using GATK jar /bigdata/operations/pkgadmin/opt/linux/centos/7.x/x86_64/pkgs/gatk/4.0.8.1/gatk-package-4.0.8.1-local.jar
Running:
    java -Dsamjdk.use_async_io_read_samtools=false -Dsamjdk.use_async_io_write_samtools=true -Dsamjdk.use_async_io_write_tribble=false -Dsamjdk.compression_level=2 -jar /bigdata/operations/pkgadmin/opt/linux/centos/7.x/x86_64/pkgs/gatk/4.0.8.1/gatk-package-4.0.8.1-local.jar HaplotypeCaller -R references.fasta -I results/H14C.filtered.bam -O results/H14C.g.vcf -ERC GVCF
22:23:50.253 INFO  NativeLibraryLoader - Loading libgkl_compression.so from jar:file:/bigdata/operations/pkgadmin/opt/linux/centos/7.x/x86_64/pkgs/gatk/4.0.8.1/gatk-package-4.0.8.1-local.jar!/com/intel/gkl/native/libgkl_compression.so
22:23:50.825 INFO  HaplotypeCaller - ------------------------------------------------------------
22:23:50.827 INFO  HaplotypeCaller - The Genome Analysis Toolkit (GATK) v4.0.8.1
22:23:50.827 INFO  HaplotypeCaller - For support and documentation go to https://software.broadinstitute.org/gatk/
22:23:50.828 INFO  HaplotypeCaller - Executing as arajewski@c21 on Linux v3.10.0-693.11.6.el7.x86_64 amd64
22:23:50.829 INFO  HaplotypeCaller - Java runtime: Java HotSpot(TM) 64-Bit Server VM v1.8.0_45-b14
22:23:50.829 INFO  HaplotypeCaller - Start Date/Time: September 27, 2018 10:23:50 PM PDT
22:23:50.829 INFO  HaplotypeCaller - ------------------------------------------------------------
22:23:50.829 INFO  HaplotypeCaller - ------------------------------------------------------------
22:23:50.830 INFO  HaplotypeCaller - HTSJDK Version: 2.16.0
22:23:50.830 INFO  HaplotypeCaller - Picard Version: 2.18.7
22:23:50.830 INFO  HaplotypeCaller - HTSJDK Defaults.COMPRESSION_LEVEL : 2
22:23:50.830 INFO  HaplotypeCaller - HTSJDK Defaults.USE_ASYNC_IO_READ_FOR_SAMTOOLS : false
22:23:50.831 INFO  HaplotypeCaller - HTSJDK Defaults.USE_ASYNC_IO_WRITE_FOR_SAMTOOLS : true
22:23:50.831 INFO  HaplotypeCaller - HTSJDK Defaults.USE_ASYNC_IO_WRITE_FOR_TRIBBLE : false
22:23:50.831 INFO  HaplotypeCaller - Deflater: IntelDeflater
22:23:50.831 INFO  HaplotypeCaller - Inflater: IntelInflater
22:23:50.831 INFO  HaplotypeCaller - GCS max retries/reopens: 20
22:23:50.831 INFO  HaplotypeCaller - Using google-cloud-java fork https://github.com/broadinstitute/google-cloud-java/releases/tag/0.20.5-alpha-GCS-RETRY-FIX
22:23:50.839 INFO  HaplotypeCaller - Initializing engine
22:23:51.554 INFO  HaplotypeCaller - Done initializing engine
22:23:51.563 INFO  HaplotypeCallerEngine - Tool is in reference confidence mode and the annotation, the following changes will be made to any specified annotations: 'StrandBiasBySample' will be enabled. 'ChromosomeCounts', 'FisherStrand', 'StrandOddsRatio' and 'QualByDepth' annotations have been disabled
22:23:51.568 INFO  HaplotypeCallerEngine - Standard Emitting and Calling confidence set to 0.0 for reference-model confidence output
22:23:51.568 INFO  HaplotypeCallerEngine - All sites annotated with PLs forced to true for reference-model confidence output
22:23:51.589 INFO  NativeLibraryLoader - Loading libgkl_utils.so from jar:file:/bigdata/operations/pkgadmin/opt/linux/centos/7.x/x86_64/pkgs/gatk/4.0.8.1/gatk-package-4.0.8.1-local.jar!/com/intel/gkl/native/libgkl_utils.so
22:23:51.593 INFO  NativeLibraryLoader - Loading libgkl_pairhmm_omp.so from jar:file:/bigdata/operations/pkgadmin/opt/linux/centos/7.x/x86_64/pkgs/gatk/4.0.8.1/gatk-package-4.0.8.1-local.jar!/com/intel/gkl/native/libgkl_pairhmm_omp.so
22:23:51.657 WARN  IntelPairHmm - Flush-to-zero (FTZ) is enabled when running PairHMM
22:23:51.658 INFO  IntelPairHmm - Available threads: 4
22:23:51.658 INFO  IntelPairHmm - Requested threads: 4
22:23:51.658 INFO  PairHMM - Using the OpenMP multi-threaded AVX-accelerated native PairHMM implementation
22:23:51.743 INFO  ProgressMeter - Starting traversal
22:23:51.744 INFO  ProgressMeter -        Current Locus  Elapsed Minutes     Regions Processed   Regions/Minute
22:24:16.131 INFO  ProgressMeter -              WXY:794              0.4                    10             24.6
22:24:27.880 INFO  ProgressMeter -              trnL:59              0.6                    30             49.8
22:24:41.508 INFO  HaplotypeCaller - 4391 read(s) filtered by: ((((((((MappingQualityReadFilter AND MappingQualityAvailableReadFilter) AND MappedReadFilter) AND NotSecondaryAlignmentReadFilter) AND NotDuplicateReadFilter) AND PassesVendorQualityCheckReadFilter) AND NonZeroReferenceLengthAlignmentReadFilter) AND GoodCigarReadFilter) AND WellformedReadFilter)
  4391 read(s) filtered by: (((((((MappingQualityReadFilter AND MappingQualityAvailableReadFilter) AND MappedReadFilter) AND NotSecondaryAlignmentReadFilter) AND NotDuplicateReadFilter) AND PassesVendorQualityCheckReadFilter) AND NonZeroReferenceLengthAlignmentReadFilter) AND GoodCigarReadFilter)
      4391 read(s) filtered by: ((((((MappingQualityReadFilter AND MappingQualityAvailableReadFilter) AND MappedReadFilter) AND NotSecondaryAlignmentReadFilter) AND NotDuplicateReadFilter) AND PassesVendorQualityCheckReadFilter) AND NonZeroReferenceLengthAlignmentReadFilter)
          4391 read(s) filtered by: (((((MappingQualityReadFilter AND MappingQualityAvailableReadFilter) AND MappedReadFilter) AND NotSecondaryAlignmentReadFilter) AND NotDuplicateReadFilter) AND PassesVendorQualityCheckReadFilter)
              4391 read(s) filtered by: ((((MappingQualityReadFilter AND MappingQualityAvailableReadFilter) AND MappedReadFilter) AND NotSecondaryAlignmentReadFilter) AND NotDuplicateReadFilter)
                  12 read(s) filtered by: (((MappingQualityReadFilter AND MappingQualityAvailableReadFilter) AND MappedReadFilter) AND NotSecondaryAlignmentReadFilter)
                      12 read(s) filtered by: ((MappingQualityReadFilter AND MappingQualityAvailableReadFilter) AND MappedReadFilter)
                          12 read(s) filtered by: (MappingQualityReadFilter AND MappingQualityAvailableReadFilter)
                              12 read(s) filtered by: MappingQualityReadFilter 
                  4379 read(s) filtered by: NotDuplicateReadFilter 

22:24:41.510 INFO  ProgressMeter -               LFY:98              0.8                    45             54.3
22:24:41.510 INFO  ProgressMeter - Traversal complete. Processed 45 total regions in 0.8 minutes.
22:24:41.536 INFO  VectorLoglessPairHMM - Time spent in setup for JNI call : 0.06417368700000001
22:24:41.536 INFO  PairHMM - Total compute time in PairHMM computeLogLikelihoods() : 21.489116422000002
22:24:41.537 INFO  SmithWatermanAligner - Total compute time in java Smith-Waterman : 8.14 sec
22:24:41.537 INFO  HaplotypeCaller - Shutting down engine
[September 27, 2018 10:24:41 PM PDT] org.broadinstitute.hellbender.tools.walkers.haplotypecaller.HaplotypeCaller done. Elapsed time: 0.86 minutes.
Runtime.totalMemory()=3094872064
