Sourcing executables from speedseq.config ...
Aligning...
samblaster: Version 0.1.22
samblaster: Inputting from stdin
samblaster: Outputting to stdout
samblaster: Opening Tec7.filtered.DY7XUAvGVqTo/disc_pipe for write.
samblaster: Opening Tec7.filtered.DY7XUAvGVqTo/spl_pipe for write.
[M::bwa_idx_load_from_disk] read 0 ALT contigs
[M::process] read 49890 sequences (5740763 bp)...
[M::mem_pestat] # candidate unique pairs for (FF, FR, RF, RR): (0, 23877, 0, 0)
[M::mem_pestat] skip orientation FF as there are not enough pairs
[M::mem_pestat] analyzing insert size distribution for orientation FR...
[M::mem_pestat] (25, 50, 75) percentile: (78, 125, 191)
[M::mem_pestat] low and high boundaries for computing mean and std.dev: (1, 417)
[M::mem_pestat] mean and std.dev: (140.32, 80.55)
[M::mem_pestat] low and high boundaries for proper pairs: (1, 530)
[M::mem_pestat] skip orientation RF as there are not enough pairs
[M::mem_pestat] skip orientation RR as there are not enough pairs
[M::mem_process_seqs] Processed 49890 reads in 5.242 CPU sec, 1.488 real sec
samblaster: Loaded 5 header sequence entries.
samblaster: Output 95 discordant read pairs to Tec7.filtered.DY7XUAvGVqTo/disc_pipe
[main] Version: 0.7.12-r1039
samblaster: Output 50 split reads to Tec7.filtered.DY7XUAvGVqTo/spl_pipe
[main] CMD: /opt/linux/centos/7.x/x86_64/pkgs/bwa/0.7.12/bin/bwa mem -t 4 -Rsamblaster: Marked 7880 of 24945 (31.59%) read ids as duplicates @RG\tID:Tec7\tSM:Tec7\tLB:Lib\ references.fasta using 1596k memory in  data/003310_Tec7_S103_R1_filtered.fastq.gz0.106S data/003310_Tec7_S103_R2_filtered.fastq.gz CPU seconds and 2S wall time.

[main] Real time: 2.031 sec; CPU: 5.514 sec
Done
Using GATK jar /bigdata/operations/pkgadmin/opt/linux/centos/7.x/x86_64/pkgs/gatk/4.0.8.1/gatk-package-4.0.8.1-local.jar
Running:
    java -Dsamjdk.use_async_io_read_samtools=false -Dsamjdk.use_async_io_write_samtools=true -Dsamjdk.use_async_io_write_tribble=false -Dsamjdk.compression_level=2 -jar /bigdata/operations/pkgadmin/opt/linux/centos/7.x/x86_64/pkgs/gatk/4.0.8.1/gatk-package-4.0.8.1-local.jar HaplotypeCaller -R references.fasta -I results/Tec7.filtered.bam -O results/Tec7.g.vcf -ERC GVCF
22:24:45.623 INFO  NativeLibraryLoader - Loading libgkl_compression.so from jar:file:/bigdata/operations/pkgadmin/opt/linux/centos/7.x/x86_64/pkgs/gatk/4.0.8.1/gatk-package-4.0.8.1-local.jar!/com/intel/gkl/native/libgkl_compression.so
22:24:46.252 INFO  HaplotypeCaller - ------------------------------------------------------------
22:24:46.255 INFO  HaplotypeCaller - The Genome Analysis Toolkit (GATK) v4.0.8.1
22:24:46.255 INFO  HaplotypeCaller - For support and documentation go to https://software.broadinstitute.org/gatk/
22:24:46.258 INFO  HaplotypeCaller - Executing as arajewski@c22 on Linux v3.10.0-693.11.6.el7.x86_64 amd64
22:24:46.258 INFO  HaplotypeCaller - Java runtime: Java HotSpot(TM) 64-Bit Server VM v1.8.0_45-b14
22:24:46.259 INFO  HaplotypeCaller - Start Date/Time: September 27, 2018 10:24:45 PM PDT
22:24:46.259 INFO  HaplotypeCaller - ------------------------------------------------------------
22:24:46.259 INFO  HaplotypeCaller - ------------------------------------------------------------
22:24:46.260 INFO  HaplotypeCaller - HTSJDK Version: 2.16.0
22:24:46.260 INFO  HaplotypeCaller - Picard Version: 2.18.7
22:24:46.260 INFO  HaplotypeCaller - HTSJDK Defaults.COMPRESSION_LEVEL : 2
22:24:46.260 INFO  HaplotypeCaller - HTSJDK Defaults.USE_ASYNC_IO_READ_FOR_SAMTOOLS : false
22:24:46.261 INFO  HaplotypeCaller - HTSJDK Defaults.USE_ASYNC_IO_WRITE_FOR_SAMTOOLS : true
22:24:46.261 INFO  HaplotypeCaller - HTSJDK Defaults.USE_ASYNC_IO_WRITE_FOR_TRIBBLE : false
22:24:46.261 INFO  HaplotypeCaller - Deflater: IntelDeflater
22:24:46.261 INFO  HaplotypeCaller - Inflater: IntelInflater
22:24:46.261 INFO  HaplotypeCaller - GCS max retries/reopens: 20
22:24:46.261 INFO  HaplotypeCaller - Using google-cloud-java fork https://github.com/broadinstitute/google-cloud-java/releases/tag/0.20.5-alpha-GCS-RETRY-FIX
22:24:46.281 INFO  HaplotypeCaller - Initializing engine
22:24:47.223 INFO  HaplotypeCaller - Done initializing engine
22:24:47.233 INFO  HaplotypeCallerEngine - Tool is in reference confidence mode and the annotation, the following changes will be made to any specified annotations: 'StrandBiasBySample' will be enabled. 'ChromosomeCounts', 'FisherStrand', 'StrandOddsRatio' and 'QualByDepth' annotations have been disabled
22:24:47.239 INFO  HaplotypeCallerEngine - Standard Emitting and Calling confidence set to 0.0 for reference-model confidence output
22:24:47.239 INFO  HaplotypeCallerEngine - All sites annotated with PLs forced to true for reference-model confidence output
22:24:47.266 INFO  NativeLibraryLoader - Loading libgkl_utils.so from jar:file:/bigdata/operations/pkgadmin/opt/linux/centos/7.x/x86_64/pkgs/gatk/4.0.8.1/gatk-package-4.0.8.1-local.jar!/com/intel/gkl/native/libgkl_utils.so
22:24:47.270 INFO  NativeLibraryLoader - Loading libgkl_pairhmm_omp.so from jar:file:/bigdata/operations/pkgadmin/opt/linux/centos/7.x/x86_64/pkgs/gatk/4.0.8.1/gatk-package-4.0.8.1-local.jar!/com/intel/gkl/native/libgkl_pairhmm_omp.so
22:24:47.343 WARN  IntelPairHmm - Flush-to-zero (FTZ) is enabled when running PairHMM
22:24:47.344 INFO  IntelPairHmm - Available threads: 4
22:24:47.344 INFO  IntelPairHmm - Requested threads: 4
22:24:47.344 INFO  PairHMM - Using the OpenMP multi-threaded AVX-accelerated native PairHMM implementation
22:24:47.457 INFO  ProgressMeter - Starting traversal
22:24:47.458 INFO  ProgressMeter -        Current Locus  Elapsed Minutes     Regions Processed   Regions/Minute
22:25:37.258 INFO  ProgressMeter -             matK:601              0.8                    10             12.0
22:26:21.008 INFO  HaplotypeCaller - 15809 read(s) filtered by: ((((((((MappingQualityReadFilter AND MappingQualityAvailableReadFilter) AND MappedReadFilter) AND NotSecondaryAlignmentReadFilter) AND NotDuplicateReadFilter) AND PassesVendorQualityCheckReadFilter) AND NonZeroReferenceLengthAlignmentReadFilter) AND GoodCigarReadFilter) AND WellformedReadFilter)
  15809 read(s) filtered by: (((((((MappingQualityReadFilter AND MappingQualityAvailableReadFilter) AND MappedReadFilter) AND NotSecondaryAlignmentReadFilter) AND NotDuplicateReadFilter) AND PassesVendorQualityCheckReadFilter) AND NonZeroReferenceLengthAlignmentReadFilter) AND GoodCigarReadFilter)
      15809 read(s) filtered by: ((((((MappingQualityReadFilter AND MappingQualityAvailableReadFilter) AND MappedReadFilter) AND NotSecondaryAlignmentReadFilter) AND NotDuplicateReadFilter) AND PassesVendorQualityCheckReadFilter) AND NonZeroReferenceLengthAlignmentReadFilter)
          15809 read(s) filtered by: (((((MappingQualityReadFilter AND MappingQualityAvailableReadFilter) AND MappedReadFilter) AND NotSecondaryAlignmentReadFilter) AND NotDuplicateReadFilter) AND PassesVendorQualityCheckReadFilter)
              15809 read(s) filtered by: ((((MappingQualityReadFilter AND MappingQualityAvailableReadFilter) AND MappedReadFilter) AND NotSecondaryAlignmentReadFilter) AND NotDuplicateReadFilter)
                  45 read(s) filtered by: (((MappingQualityReadFilter AND MappingQualityAvailableReadFilter) AND MappedReadFilter) AND NotSecondaryAlignmentReadFilter)
                      45 read(s) filtered by: ((MappingQualityReadFilter AND MappingQualityAvailableReadFilter) AND MappedReadFilter)
                          45 read(s) filtered by: (MappingQualityReadFilter AND MappingQualityAvailableReadFilter)
                              45 read(s) filtered by: MappingQualityReadFilter 
                  15764 read(s) filtered by: NotDuplicateReadFilter 

22:26:21.009 INFO  ProgressMeter -               LFY:88              1.6                    24             15.4
22:26:21.009 INFO  ProgressMeter - Traversal complete. Processed 24 total regions in 1.6 minutes.
22:26:21.026 INFO  VectorLoglessPairHMM - Time spent in setup for JNI call : 0.114899943
22:26:21.027 INFO  PairHMM - Total compute time in PairHMM computeLogLikelihoods() : 59.357530382
22:26:21.027 INFO  SmithWatermanAligner - Total compute time in java Smith-Waterman : 7.03 sec
22:26:21.027 INFO  HaplotypeCaller - Shutting down engine
[September 27, 2018 10:26:21 PM PDT] org.broadinstitute.hellbender.tools.walkers.haplotypecaller.HaplotypeCaller done. Elapsed time: 1.59 minutes.
Runtime.totalMemory()=3114270720
