Sourcing executables from speedseq.config ...
Aligning...
samblaster: Version 0.1.22
samblaster: Inputting from stdin
samblaster: Outputting to stdout
samblaster: Opening JT166.filtered.2IxLceHdb7jE/disc_pipe for write.
[M::bwa_idx_load_from_disk] read 0 ALT contigs
samblaster: Opening JT166.filtered.2IxLceHdb7jE/spl_pipe for write.
[M::process] read 38580 sequences (4526041 bp)...
[M::mem_pestat] # candidate unique pairs for (FF, FR, RF, RR): (0, 16351, 0, 0)
[M::mem_pestat] skip orientation FF as there are not enough pairs
[M::mem_pestat] analyzing insert size distribution for orientation FR...
[M::mem_pestat] (25, 50, 75) percentile: (83, 131, 197)
[M::mem_pestat] low and high boundaries for computing mean and std.dev: (1, 425)
[M::mem_pestat] mean and std.dev: (145.81, 82.83)
[M::mem_pestat] low and high boundaries for proper pairs: (1, 539)
[M::mem_pestat] skip orientation RF as there are not enough pairs
[M::mem_pestat] skip orientation RR as there are not enough pairs
[M::mem_process_seqs] Processed 38580 reads in 3.340 CPU sec, 0.911 real sec
samblaster: Loaded 5 header sequence entries.
[main] Version: 0.7.12-r1039
[main] CMD: /opt/linux/centos/7.x/x86_64/pkgs/bwa/0.7.12/bin/bwa mem -t 4 -R @RG\tID:JT166\tSM:JT166\tLB:Lib\ references.fasta data/003267_JT166_S60_R1_filtered.fastq.gz data/003267_JT166_S60_R2_filtered.fastq.gz
[main] Real time: 1.401 sec; CPU: 3.537 sec
samblaster: Output 79 discordant read pairs to JT166.filtered.2IxLceHdb7jE/disc_pipe
samblaster: Output 14 split reads to JT166.filtered.2IxLceHdb7jE/spl_pipe
samblaster: Marked 4509 of 19290 (23.37%) read ids as duplicates using 1592k memory in 0.079S CPU seconds and 1S wall time.
Done
Using GATK jar /bigdata/operations/pkgadmin/opt/linux/centos/7.x/x86_64/pkgs/gatk/4.0.8.1/gatk-package-4.0.8.1-local.jar
Running:
    java -Dsamjdk.use_async_io_read_samtools=false -Dsamjdk.use_async_io_write_samtools=true -Dsamjdk.use_async_io_write_tribble=false -Dsamjdk.compression_level=2 -jar /bigdata/operations/pkgadmin/opt/linux/centos/7.x/x86_64/pkgs/gatk/4.0.8.1/gatk-package-4.0.8.1-local.jar HaplotypeCaller -R references.fasta -I results/JT166.filtered.bam -O results/JT166.g.vcf -ERC GVCF
22:23:50.017 INFO  NativeLibraryLoader - Loading libgkl_compression.so from jar:file:/bigdata/operations/pkgadmin/opt/linux/centos/7.x/x86_64/pkgs/gatk/4.0.8.1/gatk-package-4.0.8.1-local.jar!/com/intel/gkl/native/libgkl_compression.so
22:23:50.265 INFO  HaplotypeCaller - ------------------------------------------------------------
22:23:50.267 INFO  HaplotypeCaller - The Genome Analysis Toolkit (GATK) v4.0.8.1
22:23:50.267 INFO  HaplotypeCaller - For support and documentation go to https://software.broadinstitute.org/gatk/
22:23:50.268 INFO  HaplotypeCaller - Executing as arajewski@c28 on Linux v3.10.0-693.11.6.el7.x86_64 amd64
22:23:50.268 INFO  HaplotypeCaller - Java runtime: Java HotSpot(TM) 64-Bit Server VM v1.8.0_45-b14
22:23:50.451 INFO  HaplotypeCaller - Start Date/Time: September 27, 2018 10:23:49 PM PDT
22:23:50.451 INFO  HaplotypeCaller - ------------------------------------------------------------
22:23:50.451 INFO  HaplotypeCaller - ------------------------------------------------------------
22:23:50.452 INFO  HaplotypeCaller - HTSJDK Version: 2.16.0
22:23:50.452 INFO  HaplotypeCaller - Picard Version: 2.18.7
22:23:50.453 INFO  HaplotypeCaller - HTSJDK Defaults.COMPRESSION_LEVEL : 2
22:23:50.453 INFO  HaplotypeCaller - HTSJDK Defaults.USE_ASYNC_IO_READ_FOR_SAMTOOLS : false
22:23:50.453 INFO  HaplotypeCaller - HTSJDK Defaults.USE_ASYNC_IO_WRITE_FOR_SAMTOOLS : true
22:23:50.453 INFO  HaplotypeCaller - HTSJDK Defaults.USE_ASYNC_IO_WRITE_FOR_TRIBBLE : false
22:23:50.453 INFO  HaplotypeCaller - Deflater: IntelDeflater
22:23:50.453 INFO  HaplotypeCaller - Inflater: IntelInflater
22:23:50.453 INFO  HaplotypeCaller - GCS max retries/reopens: 20
22:23:50.454 INFO  HaplotypeCaller - Using google-cloud-java fork https://github.com/broadinstitute/google-cloud-java/releases/tag/0.20.5-alpha-GCS-RETRY-FIX
22:23:50.473 INFO  HaplotypeCaller - Initializing engine
22:23:51.151 INFO  HaplotypeCaller - Done initializing engine
22:23:51.158 INFO  HaplotypeCallerEngine - Tool is in reference confidence mode and the annotation, the following changes will be made to any specified annotations: 'StrandBiasBySample' will be enabled. 'ChromosomeCounts', 'FisherStrand', 'StrandOddsRatio' and 'QualByDepth' annotations have been disabled
22:23:51.163 INFO  HaplotypeCallerEngine - Standard Emitting and Calling confidence set to 0.0 for reference-model confidence output
22:23:51.163 INFO  HaplotypeCallerEngine - All sites annotated with PLs forced to true for reference-model confidence output
22:23:51.183 INFO  NativeLibraryLoader - Loading libgkl_utils.so from jar:file:/bigdata/operations/pkgadmin/opt/linux/centos/7.x/x86_64/pkgs/gatk/4.0.8.1/gatk-package-4.0.8.1-local.jar!/com/intel/gkl/native/libgkl_utils.so
22:23:51.185 INFO  NativeLibraryLoader - Loading libgkl_pairhmm_omp.so from jar:file:/bigdata/operations/pkgadmin/opt/linux/centos/7.x/x86_64/pkgs/gatk/4.0.8.1/gatk-package-4.0.8.1-local.jar!/com/intel/gkl/native/libgkl_pairhmm_omp.so
22:23:51.249 WARN  IntelPairHmm - Flush-to-zero (FTZ) is enabled when running PairHMM
22:23:51.250 INFO  IntelPairHmm - Available threads: 4
22:23:51.250 INFO  IntelPairHmm - Requested threads: 4
22:23:51.250 INFO  PairHMM - Using the OpenMP multi-threaded AVX-accelerated native PairHMM implementation
22:23:51.363 INFO  ProgressMeter - Starting traversal
22:23:51.364 INFO  ProgressMeter -        Current Locus  Elapsed Minutes     Regions Processed   Regions/Minute
22:24:23.367 INFO  ProgressMeter -             matK:351              0.5                    10             18.7
22:24:48.565 INFO  HaplotypeCaller - 9053 read(s) filtered by: ((((((((MappingQualityReadFilter AND MappingQualityAvailableReadFilter) AND MappedReadFilter) AND NotSecondaryAlignmentReadFilter) AND NotDuplicateReadFilter) AND PassesVendorQualityCheckReadFilter) AND NonZeroReferenceLengthAlignmentReadFilter) AND GoodCigarReadFilter) AND WellformedReadFilter)
  9053 read(s) filtered by: (((((((MappingQualityReadFilter AND MappingQualityAvailableReadFilter) AND MappedReadFilter) AND NotSecondaryAlignmentReadFilter) AND NotDuplicateReadFilter) AND PassesVendorQualityCheckReadFilter) AND NonZeroReferenceLengthAlignmentReadFilter) AND GoodCigarReadFilter)
      9053 read(s) filtered by: ((((((MappingQualityReadFilter AND MappingQualityAvailableReadFilter) AND MappedReadFilter) AND NotSecondaryAlignmentReadFilter) AND NotDuplicateReadFilter) AND PassesVendorQualityCheckReadFilter) AND NonZeroReferenceLengthAlignmentReadFilter)
          9053 read(s) filtered by: (((((MappingQualityReadFilter AND MappingQualityAvailableReadFilter) AND MappedReadFilter) AND NotSecondaryAlignmentReadFilter) AND NotDuplicateReadFilter) AND PassesVendorQualityCheckReadFilter)
              9053 read(s) filtered by: ((((MappingQualityReadFilter AND MappingQualityAvailableReadFilter) AND MappedReadFilter) AND NotSecondaryAlignmentReadFilter) AND NotDuplicateReadFilter)
                  35 read(s) filtered by: (((MappingQualityReadFilter AND MappingQualityAvailableReadFilter) AND MappedReadFilter) AND NotSecondaryAlignmentReadFilter)
                      35 read(s) filtered by: ((MappingQualityReadFilter AND MappingQualityAvailableReadFilter) AND MappedReadFilter)
                          35 read(s) filtered by: (MappingQualityReadFilter AND MappingQualityAvailableReadFilter)
                              35 read(s) filtered by: MappingQualityReadFilter 
                  9018 read(s) filtered by: NotDuplicateReadFilter 

22:24:48.565 INFO  ProgressMeter -             trnL:901              1.0                    27             28.3
22:24:48.566 INFO  ProgressMeter - Traversal complete. Processed 27 total regions in 1.0 minutes.
22:24:48.575 INFO  VectorLoglessPairHMM - Time spent in setup for JNI call : 0.062799346
22:24:48.575 INFO  PairHMM - Total compute time in PairHMM computeLogLikelihoods() : 32.300807051
22:24:48.575 INFO  SmithWatermanAligner - Total compute time in java Smith-Waterman : 5.35 sec
22:24:48.575 INFO  HaplotypeCaller - Shutting down engine
[September 27, 2018 10:24:48 PM PDT] org.broadinstitute.hellbender.tools.walkers.haplotypecaller.HaplotypeCaller done. Elapsed time: 0.98 minutes.
Runtime.totalMemory()=2883584000
