Sourcing executables from speedseq.config ...
Aligning...
samblaster: Version 0.1.22
samblaster: Inputting from stdin
samblaster: Outputting to stdout
samblaster: Opening H8C.filtered.sVtoKzGEQpZA/disc_pipe for write.
[M::bwa_idx_load_from_disk] read 0 ALT contigs
samblaster: Opening H8C.filtered.sVtoKzGEQpZA/spl_pipe for write.
[M::process] read 26018 sequences (3020845 bp)...
[M::mem_pestat] # candidate unique pairs for (FF, FR, RF, RR): (1, 11992, 0, 0)
[M::mem_pestat] skip orientation FF as there are not enough pairs
[M::mem_pestat] analyzing insert size distribution for orientation FR...
[M::mem_pestat] (25, 50, 75) percentile: (81, 129, 196)
[M::mem_pestat] low and high boundaries for computing mean and std.dev: (1, 426)
[M::mem_pestat] mean and std.dev: (143.81, 82.51)
[M::mem_pestat] low and high boundaries for proper pairs: (1, 541)
[M::mem_pestat] skip orientation RF as there are not enough pairs
[M::mem_pestat] skip orientation RR as there are not enough pairs
[M::mem_process_seqs] Processed 26018 reads in 2.709 CPU sec, 0.981 real sec
samblaster: Loaded 5 header sequence entries.
[main] Version: 0.7.12-r1039
[main] CMD: /opt/linux/centos/7.x/x86_64/pkgs/bwa/0.7.12/bin/bwa mem -t 4 -R @RG\tID:H8C\tSM:H8C\tLB:Lib\ references.fasta data/003260_H8C_S53_R1_filtered.fastq.gz data/003260_H8C_S53_R2_filtered.fastq.gz
[main] Real time: 1.400 sec; CPU: 2.848 sec
samblaster: Output 54 discordant read pairs to H8C.filtered.sVtoKzGEQpZA/disc_pipe
samblaster: Output 32 split reads to H8C.filtered.sVtoKzGEQpZA/spl_pipe
samblaster: Marked 2617 of 13009 (20.12%) read ids as duplicates using 1332k memory in 0.053S CPU seconds and 2S wall time.
Done
Using GATK jar /bigdata/operations/pkgadmin/opt/linux/centos/7.x/x86_64/pkgs/gatk/4.0.8.1/gatk-package-4.0.8.1-local.jar
Running:
    java -Dsamjdk.use_async_io_read_samtools=false -Dsamjdk.use_async_io_write_samtools=true -Dsamjdk.use_async_io_write_tribble=false -Dsamjdk.compression_level=2 -jar /bigdata/operations/pkgadmin/opt/linux/centos/7.x/x86_64/pkgs/gatk/4.0.8.1/gatk-package-4.0.8.1-local.jar HaplotypeCaller -R references.fasta -I results/H8C.filtered.bam -O results/H8C.g.vcf -ERC GVCF
22:23:50.076 INFO  NativeLibraryLoader - Loading libgkl_compression.so from jar:file:/bigdata/operations/pkgadmin/opt/linux/centos/7.x/x86_64/pkgs/gatk/4.0.8.1/gatk-package-4.0.8.1-local.jar!/com/intel/gkl/native/libgkl_compression.so
22:23:50.294 INFO  HaplotypeCaller - ------------------------------------------------------------
22:23:50.296 INFO  HaplotypeCaller - The Genome Analysis Toolkit (GATK) v4.0.8.1
22:23:50.296 INFO  HaplotypeCaller - For support and documentation go to https://software.broadinstitute.org/gatk/
22:23:50.297 INFO  HaplotypeCaller - Executing as arajewski@c07 on Linux v3.10.0-693.11.6.el7.x86_64 amd64
22:23:50.297 INFO  HaplotypeCaller - Java runtime: Java HotSpot(TM) 64-Bit Server VM v1.8.0_45-b14
22:23:50.297 INFO  HaplotypeCaller - Start Date/Time: September 27, 2018 10:23:50 PM PDT
22:23:50.297 INFO  HaplotypeCaller - ------------------------------------------------------------
22:23:50.297 INFO  HaplotypeCaller - ------------------------------------------------------------
22:23:50.298 INFO  HaplotypeCaller - HTSJDK Version: 2.16.0
22:23:50.298 INFO  HaplotypeCaller - Picard Version: 2.18.7
22:23:50.299 INFO  HaplotypeCaller - HTSJDK Defaults.COMPRESSION_LEVEL : 2
22:23:50.299 INFO  HaplotypeCaller - HTSJDK Defaults.USE_ASYNC_IO_READ_FOR_SAMTOOLS : false
22:23:50.299 INFO  HaplotypeCaller - HTSJDK Defaults.USE_ASYNC_IO_WRITE_FOR_SAMTOOLS : true
22:23:50.299 INFO  HaplotypeCaller - HTSJDK Defaults.USE_ASYNC_IO_WRITE_FOR_TRIBBLE : false
22:23:50.299 INFO  HaplotypeCaller - Deflater: IntelDeflater
22:23:50.299 INFO  HaplotypeCaller - Inflater: IntelInflater
22:23:50.300 INFO  HaplotypeCaller - GCS max retries/reopens: 20
22:23:50.300 INFO  HaplotypeCaller - Using google-cloud-java fork https://github.com/broadinstitute/google-cloud-java/releases/tag/0.20.5-alpha-GCS-RETRY-FIX
22:23:50.308 INFO  HaplotypeCaller - Initializing engine
22:23:51.289 INFO  HaplotypeCaller - Done initializing engine
22:23:51.296 INFO  HaplotypeCallerEngine - Tool is in reference confidence mode and the annotation, the following changes will be made to any specified annotations: 'StrandBiasBySample' will be enabled. 'ChromosomeCounts', 'FisherStrand', 'StrandOddsRatio' and 'QualByDepth' annotations have been disabled
22:23:51.302 INFO  HaplotypeCallerEngine - Standard Emitting and Calling confidence set to 0.0 for reference-model confidence output
22:23:51.303 INFO  HaplotypeCallerEngine - All sites annotated with PLs forced to true for reference-model confidence output
22:23:51.325 INFO  NativeLibraryLoader - Loading libgkl_utils.so from jar:file:/bigdata/operations/pkgadmin/opt/linux/centos/7.x/x86_64/pkgs/gatk/4.0.8.1/gatk-package-4.0.8.1-local.jar!/com/intel/gkl/native/libgkl_utils.so
22:23:51.328 INFO  NativeLibraryLoader - Loading libgkl_pairhmm_omp.so from jar:file:/bigdata/operations/pkgadmin/opt/linux/centos/7.x/x86_64/pkgs/gatk/4.0.8.1/gatk-package-4.0.8.1-local.jar!/com/intel/gkl/native/libgkl_pairhmm_omp.so
22:23:51.393 WARN  IntelPairHmm - Flush-to-zero (FTZ) is enabled when running PairHMM
22:23:51.394 INFO  IntelPairHmm - Available threads: 4
22:23:51.394 INFO  IntelPairHmm - Requested threads: 4
22:23:51.395 INFO  PairHMM - Using the OpenMP multi-threaded AVX-accelerated native PairHMM implementation
22:23:51.501 INFO  ProgressMeter - Starting traversal
22:23:51.502 INFO  ProgressMeter -        Current Locus  Elapsed Minutes     Regions Processed   Regions/Minute
22:24:21.202 INFO  ProgressMeter -              WXY:794              0.5                    10             20.2
22:25:09.258 INFO  HaplotypeCaller - 5264 read(s) filtered by: ((((((((MappingQualityReadFilter AND MappingQualityAvailableReadFilter) AND MappedReadFilter) AND NotSecondaryAlignmentReadFilter) AND NotDuplicateReadFilter) AND PassesVendorQualityCheckReadFilter) AND NonZeroReferenceLengthAlignmentReadFilter) AND GoodCigarReadFilter) AND WellformedReadFilter)
  5264 read(s) filtered by: (((((((MappingQualityReadFilter AND MappingQualityAvailableReadFilter) AND MappedReadFilter) AND NotSecondaryAlignmentReadFilter) AND NotDuplicateReadFilter) AND PassesVendorQualityCheckReadFilter) AND NonZeroReferenceLengthAlignmentReadFilter) AND GoodCigarReadFilter)
      5264 read(s) filtered by: ((((((MappingQualityReadFilter AND MappingQualityAvailableReadFilter) AND MappedReadFilter) AND NotSecondaryAlignmentReadFilter) AND NotDuplicateReadFilter) AND PassesVendorQualityCheckReadFilter) AND NonZeroReferenceLengthAlignmentReadFilter)
          5264 read(s) filtered by: (((((MappingQualityReadFilter AND MappingQualityAvailableReadFilter) AND MappedReadFilter) AND NotSecondaryAlignmentReadFilter) AND NotDuplicateReadFilter) AND PassesVendorQualityCheckReadFilter)
              5264 read(s) filtered by: ((((MappingQualityReadFilter AND MappingQualityAvailableReadFilter) AND MappedReadFilter) AND NotSecondaryAlignmentReadFilter) AND NotDuplicateReadFilter)
                  30 read(s) filtered by: (((MappingQualityReadFilter AND MappingQualityAvailableReadFilter) AND MappedReadFilter) AND NotSecondaryAlignmentReadFilter)
                      30 read(s) filtered by: ((MappingQualityReadFilter AND MappingQualityAvailableReadFilter) AND MappedReadFilter)
                          30 read(s) filtered by: (MappingQualityReadFilter AND MappingQualityAvailableReadFilter)
                              30 read(s) filtered by: MappingQualityReadFilter 
                  5234 read(s) filtered by: NotDuplicateReadFilter 

22:25:09.266 INFO  ProgressMeter -               trnL:1              1.3                    28             21.6
22:25:09.267 INFO  ProgressMeter - Traversal complete. Processed 28 total regions in 1.3 minutes.
22:25:09.282 INFO  VectorLoglessPairHMM - Time spent in setup for JNI call : 0.104000324
22:25:09.283 INFO  PairHMM - Total compute time in PairHMM computeLogLikelihoods() : 48.032913380000004
22:25:09.283 INFO  SmithWatermanAligner - Total compute time in java Smith-Waterman : 7.47 sec
22:25:09.283 INFO  HaplotypeCaller - Shutting down engine
[September 27, 2018 10:25:09 PM PDT] org.broadinstitute.hellbender.tools.walkers.haplotypecaller.HaplotypeCaller done. Elapsed time: 1.32 minutes.
Runtime.totalMemory()=3084910592
