

                            MrBayes v3.2.6 x64

                      (Bayesian Analysis of Phylogeny)

              Distributed under the GNU General Public License


               Type "help" or "help <command>" for information
                     on the commands that are available.

                   Type "about" for authorship and general
                       information about the program.



   Executing file "WXY.par"


                            MrBayes v3.2.6 x64

                      (Bayesian Analysis of Phylogeny)

              Distributed under the GNU General Public License


               Type "help" or "help <command>" for information
                     on the commands that are available.

                   Type "about" for authorship and general
                       information about the program.



   Executing file "WXY.par"


                            MrBayes v3.2.6 x64

                      (Bayesian Analysis of Phylogeny)

              Distributed under the GNU General Public License


               Type "help" or "help <command>" for information
                     on the commands that are available.

                   Type "about" for authorship and general
                       information about the program.



   Executing file "WXY.par"


                            MrBayes v3.2.6 x64

                      (Bayesian Analysis of Phylogeny)

              Distributed under the GNU General Public License


               Type "help" or "help <command>" for information
                     on the commands that are available.

                   Type "about" for authorship and general
                       information about the program.



   Executing file "WXY.par"


                            MrBayes v3.2.6 x64

                      (Bayesian Analysis of Phylogeny)

              Distributed under the GNU General Public License


               Type "help" or "help <command>" for information
                     on the commands that are available.

                   Type "about" for authorship and general
                       information about the program.



   Executing file "WXY.par"


                            MrBayes v3.2.6 x64

                      (Bayesian Analysis of Phylogeny)

              Distributed under the GNU General Public License


               Type "help" or "help <command>" for information
                     on the commands that are available.

                   Type "about" for authorship and general
                       information about the program.



   Executing file "WXY.par"


                            MrBayes v3.2.6 x64

                      (Bayesian Analysis of Phylogeny)

              Distributed under the GNU General Public License


               Type "help" or "help <command>" for information
                     on the commands that are available.

                   Type "about" for authorship and general
                       information about the program.



   Executing file "WXY.par"


                            MrBayes v3.2.6 x64

                      (Bayesian Analysis of Phylogeny)

              Distributed under the GNU General Public License


               Type "help" or "help <command>" for information
                     on the commands that are available.

                   Type "about" for authorship and general
                       information about the program.



   Executing file "WXY.par"
   UNIX line termination
   UNIX line termination
   Longest line length = 46
   Parsing file
   UNIX line termination
   Longest line length = 46
   Parsing file
   Setting autoclose to yes
   Setting nowarnings to yes

   Executing file "WXY/WXYrenamed.nex"...

   Longest line length = 46
   Parsing file
   Setting autoclose to yes
   Setting nowarnings to yes

   Executing file "WXY/WXYrenamed.nex"...

   UNIX line termination
   Longest line length = 46
   Parsing file
   Setting autoclose to yes
   Setting nowarnings to yes

   Executing file "WXY/WXYrenamed.nex"...

   UNIX line termination
   Longest line length = 46
   Parsing file
   Setting autoclose to yes
   Setting nowarnings to yes

   Executing file "WXY/WXYrenamed.nex"...

   Setting autoclose to yes
   Setting nowarnings to yes

   Executing file "WXY/WXYrenamed.nex"...

   UNIX line termination
   Longest line length = 46
   Parsing file
   Setting autoclose to yes
   Setting nowarnings to yes

   Executing file "WXY/WXYrenamed.nex"...

   UNIX line termination
   Longest line length = 46
   Parsing file
   Setting autoclose to yes
   Setting nowarnings to yes

   Executing file "WXY/WXYrenamed.nex"...

   UNIX line termination
   Longest line length = 46
   Parsing file
   Setting autoclose to yes
   Setting nowarnings to yes

   Executing file "WXY/WXYrenamed.nex"...

   Could not open file "WXY/WXYrenamed.nex"

   Returning execution to calling file ...

      Error in command "Execute"
      The error occurred when reading char. 27 on line 2
         in the file 'WXY.par'
   Error in command "Execute"
   Will exit with signal 1 (error) because quitonerror is set to yes
   If you want control to be returned to the command line on error,
   use 'mb -i <filename>' (i is for interactive) or use 'set quitonerror=no'

   Could not open file "WXY/WXYrenamed.nex"

   Returning execution to calling file ...

      Error in command "Execute"
      The error occurred when reading char. 27 on line 2
         in the file 'WXY.par'
   Error in command "Execute"
   Will exit with signal 1 (error) because quitonerror is set to yes
   If you want control to be returned to the command line on error,
   use 'mb -i <filename>' (i is for interactive) or use 'set quitonerror=no'

   Could not open file "WXY/WXYrenamed.nex"

   Returning execution to calling file ...

      Error in command "Execute"
      The error occurred when reading char. 27 on line 2
         in the file 'WXY.par'
   Error in command "Execute"
   Will exit with signal 1 (error) because quitonerror is set to yes
   If you want control to be returned to the command line on error,
   use 'mb -i <filename>' (i is for interactive) or use 'set quitonerror=no'

   Could not open file "WXY/WXYrenamed.nex"

   Returning execution to calling file ...

      Error in command "Execute"
      The error occurred when reading char. 27 on line 2
         in the file 'WXY.par'
   Error in command "Execute"
   Will exit with signal 1 (error) because quitonerror is set to yes
   If you want control to be returned to the command line on error,
   use 'mb -i <filename>' (i is for interactive) or use 'set quitonerror=no'

   Could not open file "WXY/WXYrenamed.nex"

   Returning execution to calling file ...

      Error in command "Execute"
      The error occurred when reading char. 27 on line 2
         in the file 'WXY.par'
   Error in command "Execute"
   Will exit with signal 1 (error) because quitonerror is set to yes
   If you want control to be returned to the command line on error,
   use 'mb -i <filename>' (i is for interactive) or use 'set quitonerror=no'

   Could not open file "WXY/WXYrenamed.nex"

   Returning execution to calling file ...

      Error in command "Execute"
      The error occurred when reading char. 27 on line 2
         in the file 'WXY.par'
   Error in command "Execute"
   Will exit with signal 1 (error) because quitonerror is set to yes
   If you want control to be returned to the command line on error,
   use 'mb -i <filename>' (i is for interactive) or use 'set quitonerror=no'

   Could not open file "WXY/WXYrenamed.nex"

   Returning execution to calling file ...

      Error in command "Execute"
      The error occurred when reading char. 27 on line 2
         in the file 'WXY.par'
   Error in command "Execute"
   Will exit with signal 1 (error) because quitonerror is set to yes
   If you want control to be returned to the command line on error,
   use 'mb -i <filename>' (i is for interactive) or use 'set quitonerror=no'

   Could not open file "WXY/WXYrenamed.nex"

   Returning execution to calling file ...

      Error in command "Execute"
      The error occurred when reading char. 27 on line 2
         in the file 'WXY.par'
   Error in command "Execute"
   Will exit with signal 1 (error) because quitonerror is set to yes
   If you want control to be returned to the command line on error,
   use 'mb -i <filename>' (i is for interactive) or use 'set quitonerror=no'

-------------------------------------------------------
Primary job  terminated normally, but 1 process returned
a non-zero exit code.. Per user-direction, the job has been aborted.
-------------------------------------------------------
--------------------------------------------------------------------------
mpiexec detected that one or more processes exited with non-zero status, thus causing
the job to be terminated. The first process to do so was:

  Process name: [[22751,1],0]
  Exit code:    1
--------------------------------------------------------------------------
