Sourcing executables from speedseq.config ...
Aligning...
samblaster: Version 0.1.22
samblaster: Inputting from stdin
samblaster: Outputting to stdout
samblaster: Opening L65.filtered.dFi4Yy3BmeSB/disc_pipe for write.
[M::bwa_idx_load_from_disk] read 0 ALT contigs
samblaster: Opening L65.filtered.dFi4Yy3BmeSB/spl_pipe for write.
[M::process] read 31032 sequences (3661593 bp)...
[M::mem_pestat] # candidate unique pairs for (FF, FR, RF, RR): (0, 14209, 0, 1)
[M::mem_pestat] skip orientation FF as there are not enough pairs
[M::mem_pestat] analyzing insert size distribution for orientation FR...
[M::mem_pestat] (25, 50, 75) percentile: (83, 134, 204)
[M::mem_pestat] low and high boundaries for computing mean and std.dev: (1, 446)
[M::mem_pestat] mean and std.dev: (149.57, 86.63)
[M::mem_pestat] low and high boundaries for proper pairs: (1, 567)
[M::mem_pestat] skip orientation RF as there are not enough pairs
[M::mem_pestat] skip orientation RR as there are not enough pairs
[M::mem_process_seqs] Processed 31032 reads in 3.676 CPU sec, 1.057 real sec
samblaster: Loaded 5 header sequence entries.
[main] Version: 0.7.12-r1039
[main] CMD: /opt/linux/centos/7.x/x86_64/pkgs/bwa/0.7.12/bin/bwa mem -t 4 -R @RG\tID:L65\tSM:L65\tLB:Lib\ references.fasta data/003304_L65_S97_R1_filtered.fastq.gz data/003304_L65_S97_R2_filtered.fastq.gz
[main] Real time: 1.488 sec; CPU: 3.851 sec
samblaster: Output 67 discordant read pairs to L65.filtered.dFi4Yy3BmeSB/disc_pipe
samblaster: Output 28 split reads to L65.filtered.dFi4Yy3BmeSB/spl_pipe
samblaster: Marked 3440 of 15516 (22.17%) read ids as duplicates using 1332k memory in 0.067S CPU seconds and 1S wall time.
Done
Using GATK jar /bigdata/operations/pkgadmin/opt/linux/centos/7.x/x86_64/pkgs/gatk/4.0.8.1/gatk-package-4.0.8.1-local.jar
Running:
    java -Dsamjdk.use_async_io_read_samtools=false -Dsamjdk.use_async_io_write_samtools=true -Dsamjdk.use_async_io_write_tribble=false -Dsamjdk.compression_level=2 -jar /bigdata/operations/pkgadmin/opt/linux/centos/7.x/x86_64/pkgs/gatk/4.0.8.1/gatk-package-4.0.8.1-local.jar HaplotypeCaller -R references.fasta -I results/L65.filtered.bam -O results/L65.g.vcf -ERC GVCF
22:24:39.082 INFO  NativeLibraryLoader - Loading libgkl_compression.so from jar:file:/bigdata/operations/pkgadmin/opt/linux/centos/7.x/x86_64/pkgs/gatk/4.0.8.1/gatk-package-4.0.8.1-local.jar!/com/intel/gkl/native/libgkl_compression.so
22:24:39.472 INFO  HaplotypeCaller - ------------------------------------------------------------
22:24:39.475 INFO  HaplotypeCaller - The Genome Analysis Toolkit (GATK) v4.0.8.1
22:24:39.475 INFO  HaplotypeCaller - For support and documentation go to https://software.broadinstitute.org/gatk/
22:24:39.476 INFO  HaplotypeCaller - Executing as arajewski@c04 on Linux v3.10.0-693.11.6.el7.x86_64 amd64
22:24:39.476 INFO  HaplotypeCaller - Java runtime: Java HotSpot(TM) 64-Bit Server VM v1.8.0_45-b14
22:24:39.476 INFO  HaplotypeCaller - Start Date/Time: September 27, 2018 10:24:39 PM PDT
22:24:39.476 INFO  HaplotypeCaller - ------------------------------------------------------------
22:24:39.477 INFO  HaplotypeCaller - ------------------------------------------------------------
22:24:39.478 INFO  HaplotypeCaller - HTSJDK Version: 2.16.0
22:24:39.478 INFO  HaplotypeCaller - Picard Version: 2.18.7
22:24:39.478 INFO  HaplotypeCaller - HTSJDK Defaults.COMPRESSION_LEVEL : 2
22:24:39.478 INFO  HaplotypeCaller - HTSJDK Defaults.USE_ASYNC_IO_READ_FOR_SAMTOOLS : false
22:24:39.478 INFO  HaplotypeCaller - HTSJDK Defaults.USE_ASYNC_IO_WRITE_FOR_SAMTOOLS : true
22:24:39.478 INFO  HaplotypeCaller - HTSJDK Defaults.USE_ASYNC_IO_WRITE_FOR_TRIBBLE : false
22:24:39.478 INFO  HaplotypeCaller - Deflater: IntelDeflater
22:24:39.479 INFO  HaplotypeCaller - Inflater: IntelInflater
22:24:39.479 INFO  HaplotypeCaller - GCS max retries/reopens: 20
22:24:39.479 INFO  HaplotypeCaller - Using google-cloud-java fork https://github.com/broadinstitute/google-cloud-java/releases/tag/0.20.5-alpha-GCS-RETRY-FIX
22:24:39.486 INFO  HaplotypeCaller - Initializing engine
22:24:40.159 INFO  HaplotypeCaller - Done initializing engine
22:24:40.170 INFO  HaplotypeCallerEngine - Tool is in reference confidence mode and the annotation, the following changes will be made to any specified annotations: 'StrandBiasBySample' will be enabled. 'ChromosomeCounts', 'FisherStrand', 'StrandOddsRatio' and 'QualByDepth' annotations have been disabled
22:24:40.176 INFO  HaplotypeCallerEngine - Standard Emitting and Calling confidence set to 0.0 for reference-model confidence output
22:24:40.176 INFO  HaplotypeCallerEngine - All sites annotated with PLs forced to true for reference-model confidence output
22:24:40.197 INFO  NativeLibraryLoader - Loading libgkl_utils.so from jar:file:/bigdata/operations/pkgadmin/opt/linux/centos/7.x/x86_64/pkgs/gatk/4.0.8.1/gatk-package-4.0.8.1-local.jar!/com/intel/gkl/native/libgkl_utils.so
22:24:40.200 INFO  NativeLibraryLoader - Loading libgkl_pairhmm_omp.so from jar:file:/bigdata/operations/pkgadmin/opt/linux/centos/7.x/x86_64/pkgs/gatk/4.0.8.1/gatk-package-4.0.8.1-local.jar!/com/intel/gkl/native/libgkl_pairhmm_omp.so
22:24:40.263 WARN  IntelPairHmm - Flush-to-zero (FTZ) is enabled when running PairHMM
22:24:40.264 INFO  IntelPairHmm - Available threads: 4
22:24:40.264 INFO  IntelPairHmm - Requested threads: 4
22:24:40.264 INFO  PairHMM - Using the OpenMP multi-threaded AVX-accelerated native PairHMM implementation
22:24:40.354 INFO  ProgressMeter - Starting traversal
22:24:40.354 INFO  ProgressMeter -        Current Locus  Elapsed Minutes     Regions Processed   Regions/Minute
22:25:08.898 INFO  ProgressMeter -              WXY:660              0.5                    10             21.0
22:25:23.000 INFO  ProgressMeter -               psaA:1              0.7                    20             28.1
22:25:53.020 INFO  ProgressMeter -              LFY:460              1.2                    30             24.8
22:26:00.651 INFO  HaplotypeCaller - 6908 read(s) filtered by: ((((((((MappingQualityReadFilter AND MappingQualityAvailableReadFilter) AND MappedReadFilter) AND NotSecondaryAlignmentReadFilter) AND NotDuplicateReadFilter) AND PassesVendorQualityCheckReadFilter) AND NonZeroReferenceLengthAlignmentReadFilter) AND GoodCigarReadFilter) AND WellformedReadFilter)
  6908 read(s) filtered by: (((((((MappingQualityReadFilter AND MappingQualityAvailableReadFilter) AND MappedReadFilter) AND NotSecondaryAlignmentReadFilter) AND NotDuplicateReadFilter) AND PassesVendorQualityCheckReadFilter) AND NonZeroReferenceLengthAlignmentReadFilter) AND GoodCigarReadFilter)
      6908 read(s) filtered by: ((((((MappingQualityReadFilter AND MappingQualityAvailableReadFilter) AND MappedReadFilter) AND NotSecondaryAlignmentReadFilter) AND NotDuplicateReadFilter) AND PassesVendorQualityCheckReadFilter) AND NonZeroReferenceLengthAlignmentReadFilter)
          6908 read(s) filtered by: (((((MappingQualityReadFilter AND MappingQualityAvailableReadFilter) AND MappedReadFilter) AND NotSecondaryAlignmentReadFilter) AND NotDuplicateReadFilter) AND PassesVendorQualityCheckReadFilter)
              6908 read(s) filtered by: ((((MappingQualityReadFilter AND MappingQualityAvailableReadFilter) AND MappedReadFilter) AND NotSecondaryAlignmentReadFilter) AND NotDuplicateReadFilter)
                  26 read(s) filtered by: (((MappingQualityReadFilter AND MappingQualityAvailableReadFilter) AND MappedReadFilter) AND NotSecondaryAlignmentReadFilter)
                      26 read(s) filtered by: ((MappingQualityReadFilter AND MappingQualityAvailableReadFilter) AND MappedReadFilter)
                          26 read(s) filtered by: (MappingQualityReadFilter AND MappingQualityAvailableReadFilter)
                              26 read(s) filtered by: MappingQualityReadFilter 
                  6882 read(s) filtered by: NotDuplicateReadFilter 

22:26:00.651 INFO  ProgressMeter -              LFY:460              1.3                    31             23.2
22:26:00.652 INFO  ProgressMeter - Traversal complete. Processed 31 total regions in 1.3 minutes.
22:26:00.663 INFO  VectorLoglessPairHMM - Time spent in setup for JNI call : 0.085462653
22:26:00.664 INFO  PairHMM - Total compute time in PairHMM computeLogLikelihoods() : 49.946776371000006
22:26:00.664 INFO  SmithWatermanAligner - Total compute time in java Smith-Waterman : 6.88 sec
22:26:00.664 INFO  HaplotypeCaller - Shutting down engine
[September 27, 2018 10:26:00 PM PDT] org.broadinstitute.hellbender.tools.walkers.haplotypecaller.HaplotypeCaller done. Elapsed time: 1.36 minutes.
Runtime.totalMemory()=3097493504
