Sourcing executables from speedseq.config ...
Aligning...
samblaster: Version 0.1.22
samblaster: Inputting from stdin
samblaster: Outputting to stdout
samblaster: Opening H4B.filtered.SBg5tw33QWqO/disc_pipe for write.
samblaster: Opening H4B.filtered.SBg5tw33QWqO/spl_pipe for write.
[M::bwa_idx_load_from_disk] read 0 ALT contigs
[M::process] read 35204 sequences (4241548 bp)...
[M::mem_pestat] # candidate unique pairs for (FF, FR, RF, RR): (0, 13527, 0, 1)
[M::mem_pestat] skip orientation FF as there are not enough pairs
[M::mem_pestat] analyzing insert size distribution for orientation FR...
[M::mem_pestat] (25, 50, 75) percentile: (94, 148, 225)
[M::mem_pestat] low and high boundaries for computing mean and std.dev: (1, 487)
[M::mem_pestat] mean and std.dev: (165.88, 94.75)
[M::mem_pestat] low and high boundaries for proper pairs: (1, 618)
[M::mem_pestat] skip orientation RF as there are not enough pairs
[M::mem_pestat] skip orientation RR as there are not enough pairs
[M::mem_process_seqs] Processed 35204 reads in 2.879 CPU sec, 1.307 real sec
samblaster: Loaded 5 header sequence entries.
[main] Version: 0.7.12-r1039
samblaster: Output 66 discordant read pairs to H4B.filtered.SBg5tw33QWqO/disc_pipe
[main] CMD:samblaster: Output 8 split reads to H4B.filtered.SBg5tw33QWqO/spl_pipe
 /opt/linux/centos/7.x/x86_64/pkgs/bwa/0.7.12/bin/bwa mem -t 4 -Rsamblaster: Marked 2557 of 17602 (14.53%) read ids as duplicates @RG\tID:H4B\tSM:H4B\tLB:Lib\ using 1332k memory in  references.fasta0.058S data/003251_H4B_S44_R1_filtered.fastq.gz CPU seconds and  data/003251_H4B_S44_R2_filtered.fastq.gz2S wall time.

[main] Real time: 1.752 sec; CPU: 3.084 sec
Done
Using GATK jar /bigdata/operations/pkgadmin/opt/linux/centos/7.x/x86_64/pkgs/gatk/4.0.8.1/gatk-package-4.0.8.1-local.jar
Running:
    java -Dsamjdk.use_async_io_read_samtools=false -Dsamjdk.use_async_io_write_samtools=true -Dsamjdk.use_async_io_write_tribble=false -Dsamjdk.compression_level=2 -jar /bigdata/operations/pkgadmin/opt/linux/centos/7.x/x86_64/pkgs/gatk/4.0.8.1/gatk-package-4.0.8.1-local.jar HaplotypeCaller -R references.fasta -I results/H4B.filtered.bam -O results/H4B.g.vcf -ERC GVCF
22:23:50.401 INFO  NativeLibraryLoader - Loading libgkl_compression.so from jar:file:/bigdata/operations/pkgadmin/opt/linux/centos/7.x/x86_64/pkgs/gatk/4.0.8.1/gatk-package-4.0.8.1-local.jar!/com/intel/gkl/native/libgkl_compression.so
22:23:51.020 INFO  HaplotypeCaller - ------------------------------------------------------------
22:23:51.022 INFO  HaplotypeCaller - The Genome Analysis Toolkit (GATK) v4.0.8.1
22:23:51.022 INFO  HaplotypeCaller - For support and documentation go to https://software.broadinstitute.org/gatk/
22:23:51.023 INFO  HaplotypeCaller - Executing as arajewski@c04 on Linux v3.10.0-693.11.6.el7.x86_64 amd64
22:23:51.024 INFO  HaplotypeCaller - Java runtime: Java HotSpot(TM) 64-Bit Server VM v1.8.0_45-b14
22:23:51.024 INFO  HaplotypeCaller - Start Date/Time: September 27, 2018 10:23:50 PM PDT
22:23:51.024 INFO  HaplotypeCaller - ------------------------------------------------------------
22:23:51.024 INFO  HaplotypeCaller - ------------------------------------------------------------
22:23:51.025 INFO  HaplotypeCaller - HTSJDK Version: 2.16.0
22:23:51.025 INFO  HaplotypeCaller - Picard Version: 2.18.7
22:23:51.025 INFO  HaplotypeCaller - HTSJDK Defaults.COMPRESSION_LEVEL : 2
22:23:51.025 INFO  HaplotypeCaller - HTSJDK Defaults.USE_ASYNC_IO_READ_FOR_SAMTOOLS : false
22:23:51.026 INFO  HaplotypeCaller - HTSJDK Defaults.USE_ASYNC_IO_WRITE_FOR_SAMTOOLS : true
22:23:51.026 INFO  HaplotypeCaller - HTSJDK Defaults.USE_ASYNC_IO_WRITE_FOR_TRIBBLE : false
22:23:51.026 INFO  HaplotypeCaller - Deflater: IntelDeflater
22:23:51.026 INFO  HaplotypeCaller - Inflater: IntelInflater
22:23:51.026 INFO  HaplotypeCaller - GCS max retries/reopens: 20
22:23:51.026 INFO  HaplotypeCaller - Using google-cloud-java fork https://github.com/broadinstitute/google-cloud-java/releases/tag/0.20.5-alpha-GCS-RETRY-FIX
22:23:51.033 INFO  HaplotypeCaller - Initializing engine
22:23:51.904 INFO  HaplotypeCaller - Done initializing engine
22:23:51.912 INFO  HaplotypeCallerEngine - Tool is in reference confidence mode and the annotation, the following changes will be made to any specified annotations: 'StrandBiasBySample' will be enabled. 'ChromosomeCounts', 'FisherStrand', 'StrandOddsRatio' and 'QualByDepth' annotations have been disabled
22:23:51.918 INFO  HaplotypeCallerEngine - Standard Emitting and Calling confidence set to 0.0 for reference-model confidence output
22:23:51.918 INFO  HaplotypeCallerEngine - All sites annotated with PLs forced to true for reference-model confidence output
22:23:51.941 INFO  NativeLibraryLoader - Loading libgkl_utils.so from jar:file:/bigdata/operations/pkgadmin/opt/linux/centos/7.x/x86_64/pkgs/gatk/4.0.8.1/gatk-package-4.0.8.1-local.jar!/com/intel/gkl/native/libgkl_utils.so
22:23:51.944 INFO  NativeLibraryLoader - Loading libgkl_pairhmm_omp.so from jar:file:/bigdata/operations/pkgadmin/opt/linux/centos/7.x/x86_64/pkgs/gatk/4.0.8.1/gatk-package-4.0.8.1-local.jar!/com/intel/gkl/native/libgkl_pairhmm_omp.so
22:23:52.016 WARN  IntelPairHmm - Flush-to-zero (FTZ) is enabled when running PairHMM
22:23:52.017 INFO  IntelPairHmm - Available threads: 4
22:23:52.017 INFO  IntelPairHmm - Requested threads: 4
22:23:52.018 INFO  PairHMM - Using the OpenMP multi-threaded AVX-accelerated native PairHMM implementation
22:23:52.131 INFO  ProgressMeter - Starting traversal
22:23:52.132 INFO  ProgressMeter -        Current Locus  Elapsed Minutes     Regions Processed   Regions/Minute
22:24:11.831 INFO  ProgressMeter -              WXY:794              0.3                    10             30.5
22:24:25.818 INFO  ProgressMeter -             trnL:451              0.6                    30             53.4
22:24:45.305 INFO  HaplotypeCaller - 5130 read(s) filtered by: ((((((((MappingQualityReadFilter AND MappingQualityAvailableReadFilter) AND MappedReadFilter) AND NotSecondaryAlignmentReadFilter) AND NotDuplicateReadFilter) AND PassesVendorQualityCheckReadFilter) AND NonZeroReferenceLengthAlignmentReadFilter) AND GoodCigarReadFilter) AND WellformedReadFilter)
  5130 read(s) filtered by: (((((((MappingQualityReadFilter AND MappingQualityAvailableReadFilter) AND MappedReadFilter) AND NotSecondaryAlignmentReadFilter) AND NotDuplicateReadFilter) AND PassesVendorQualityCheckReadFilter) AND NonZeroReferenceLengthAlignmentReadFilter) AND GoodCigarReadFilter)
      5130 read(s) filtered by: ((((((MappingQualityReadFilter AND MappingQualityAvailableReadFilter) AND MappedReadFilter) AND NotSecondaryAlignmentReadFilter) AND NotDuplicateReadFilter) AND PassesVendorQualityCheckReadFilter) AND NonZeroReferenceLengthAlignmentReadFilter)
          5130 read(s) filtered by: (((((MappingQualityReadFilter AND MappingQualityAvailableReadFilter) AND MappedReadFilter) AND NotSecondaryAlignmentReadFilter) AND NotDuplicateReadFilter) AND PassesVendorQualityCheckReadFilter)
              5130 read(s) filtered by: ((((MappingQualityReadFilter AND MappingQualityAvailableReadFilter) AND MappedReadFilter) AND NotSecondaryAlignmentReadFilter) AND NotDuplicateReadFilter)
                  16 read(s) filtered by: (((MappingQualityReadFilter AND MappingQualityAvailableReadFilter) AND MappedReadFilter) AND NotSecondaryAlignmentReadFilter)
                      16 read(s) filtered by: ((MappingQualityReadFilter AND MappingQualityAvailableReadFilter) AND MappedReadFilter)
                          16 read(s) filtered by: (MappingQualityReadFilter AND MappingQualityAvailableReadFilter)
                              16 read(s) filtered by: MappingQualityReadFilter 
                  5114 read(s) filtered by: NotDuplicateReadFilter 

22:24:45.306 INFO  ProgressMeter -             trnL:451              0.9                    38             42.9
22:24:45.306 INFO  ProgressMeter - Traversal complete. Processed 38 total regions in 0.9 minutes.
22:24:45.316 INFO  VectorLoglessPairHMM - Time spent in setup for JNI call : 0.051371326
22:24:45.316 INFO  PairHMM - Total compute time in PairHMM computeLogLikelihoods() : 27.403394393000003
22:24:45.316 INFO  SmithWatermanAligner - Total compute time in java Smith-Waterman : 7.17 sec
22:24:45.317 INFO  HaplotypeCaller - Shutting down engine
[September 27, 2018 10:24:45 PM PDT] org.broadinstitute.hellbender.tools.walkers.haplotypecaller.HaplotypeCaller done. Elapsed time: 0.92 minutes.
Runtime.totalMemory()=3069706240
