Using GATK jar /bigdata/operations/pkgadmin/opt/linux/centos/7.x/x86_64/pkgs/gatk/4.0.8.1/gatk-package-4.0.8.1-local.jar
Running:
    java -Dsamjdk.use_async_io_read_samtools=false -Dsamjdk.use_async_io_write_samtools=true -Dsamjdk.use_async_io_write_tribble=false -Dsamjdk.compression_level=2 -jar /bigdata/operations/pkgadmin/opt/linux/centos/7.x/x86_64/pkgs/gatk/4.0.8.1/gatk-package-4.0.8.1-local.jar GenomicsDBImport -V results/JT182.g.vcf -V results/L62.g.vcf -V results/JT167.g.vcf -V results/JT23.g.vcf -V results/H2A.g.vcf -V results/H4D.g.vcf -V results/L93.g.vcf -V results/JT179.g.vcf -V results/H-2C.g.vcf -V results/JT108.g.vcf -V results/JT184.g.vcf -V results/Tec7.g.vcf -V results/JT80.g.vcf -V results/H8C.g.vcf -V results/H14D.g.vcf -V results/JT183.g.vcf -V results/JT85.g.vcf -V results/Gig9.g.vcf -V results/L65.g.vcf -V results/H4B.g.vcf -V results/JT27.g.vcf -V results/JT25.g.vcf -V results/H10D.g.vcf -V results/Lo28.g.vcf -V results/H6B.g.vcf -V results/H10B.g.vcf -V results/JT19.g.vcf -V results/H4A.g.vcf -V results/Lo16.g.vcf -V results/H4C.g.vcf -V results/JT164.g.vcf -V results/H14C.g.vcf -V results/JT87.g.vcf -V results/JT97.g.vcf -V results/JT90.g.vcf -V results/H2C.g.vcf -V results/H6D.g.vcf -V results/JT170.g.vcf -V results/JT89.g.vcf -V results/JT171.g.vcf -V results/JT178.g.vcf -V results/H0C.g.vcf -V results/Lo43.g.vcf -V results/H10E.g.vcf -V results/JT173.g.vcf -V results/JT185.g.vcf -V results/JT177.g.vcf -V results/JT175.g.vcf -V results/H0B.g.vcf -V results/H12D.g.vcf -V results/H10C.g.vcf -V results/JT174.g.vcf -V results/JT180.g.vcf -V results/JT6.g.vcf -V results/JT21.g.vcf -V results/JT8.g.vcf -V results/JT188.g.vcf -V results/JT20.g.vcf -V results/H6A.g.vcf -V results/JT165.g.vcf -V results/JT98.g.vcf -V results/H8D.g.vcf -V results/JT162.g.vcf -V results/H8A.g.vcf -V results/Lo9.g.vcf -V results/H8B.g.vcf -V results/JT166.g.vcf -V results/JT168.g.vcf -V results/H-2D.g.vcf -V results/H6C.g.vcf -V results/JT172.g.vcf -V results/H2B.g.vcf -V results/JT112.g.vcf -V results/L5.g.vcf --genomicsdb-workspace-path arundinaria -L matK -L psaA -L trnL -L WXY -L LFY
22:29:48.250 INFO  NativeLibraryLoader - Loading libgkl_compression.so from jar:file:/bigdata/operations/pkgadmin/opt/linux/centos/7.x/x86_64/pkgs/gatk/4.0.8.1/gatk-package-4.0.8.1-local.jar!/com/intel/gkl/native/libgkl_compression.so
22:29:48.919 INFO  GenomicsDBImport - ------------------------------------------------------------
22:29:48.923 INFO  GenomicsDBImport - The Genome Analysis Toolkit (GATK) v4.0.8.1
22:29:48.924 INFO  GenomicsDBImport - For support and documentation go to https://software.broadinstitute.org/gatk/
22:29:48.926 INFO  GenomicsDBImport - Executing as arajewski@c10 on Linux v3.10.0-693.11.6.el7.x86_64 amd64
22:29:48.927 INFO  GenomicsDBImport - Java runtime: Java HotSpot(TM) 64-Bit Server VM v1.8.0_45-b14
22:29:48.927 INFO  GenomicsDBImport - Start Date/Time: September 27, 2018 10:29:48 PM PDT
22:29:48.927 INFO  GenomicsDBImport - ------------------------------------------------------------
22:29:48.927 INFO  GenomicsDBImport - ------------------------------------------------------------
22:29:48.929 INFO  GenomicsDBImport - HTSJDK Version: 2.16.0
22:29:48.930 INFO  GenomicsDBImport - Picard Version: 2.18.7
22:29:48.930 INFO  GenomicsDBImport - HTSJDK Defaults.COMPRESSION_LEVEL : 2
22:29:48.930 INFO  GenomicsDBImport - HTSJDK Defaults.USE_ASYNC_IO_READ_FOR_SAMTOOLS : false
22:29:48.930 INFO  GenomicsDBImport - HTSJDK Defaults.USE_ASYNC_IO_WRITE_FOR_SAMTOOLS : true
22:29:48.931 INFO  GenomicsDBImport - HTSJDK Defaults.USE_ASYNC_IO_WRITE_FOR_TRIBBLE : false
22:29:48.931 INFO  GenomicsDBImport - Deflater: IntelDeflater
22:29:48.931 INFO  GenomicsDBImport - Inflater: IntelInflater
22:29:48.931 INFO  GenomicsDBImport - GCS max retries/reopens: 20
22:29:48.932 INFO  GenomicsDBImport - Using google-cloud-java fork https://github.com/broadinstitute/google-cloud-java/releases/tag/0.20.5-alpha-GCS-RETRY-FIX
22:29:48.947 INFO  GenomicsDBImport - Initializing engine
22:29:53.968 INFO  IntervalArgumentCollection - Processing 4903 bp from intervals
22:29:53.976 INFO  GenomicsDBImport - Done initializing engine
Created workspace /bigdata/littlab/arajewski/Arundinaria/arundinaria
22:29:54.302 INFO  GenomicsDBImport - Vid Map JSON file will be written to arundinaria/vidmap.json
22:29:54.303 INFO  GenomicsDBImport - Callset Map JSON file will be written to arundinaria/callset.json
22:29:54.303 INFO  GenomicsDBImport - Complete VCF Header will be written to arundinaria/vcfheader.vcf
22:29:54.303 INFO  GenomicsDBImport - Importing to array - arundinaria/genomicsdb_array
22:29:54.303 INFO  ProgressMeter - Starting traversal
22:29:54.304 INFO  ProgressMeter -        Current Locus  Elapsed Minutes     Batches Processed   Batches/Minute
22:29:54.942 INFO  GenomicsDBImport - Importing batch 1 with 74 samples
22:29:56.702 INFO  GenomicsDBImport - Importing batch 1 with 74 samples
22:29:57.861 INFO  GenomicsDBImport - Importing batch 1 with 74 samples
22:29:58.558 INFO  GenomicsDBImport - Importing batch 1 with 74 samples
22:29:59.224 INFO  GenomicsDBImport - Importing batch 1 with 74 samples
22:30:01.107 INFO  GenomicsDBImport - Done importing batch 1/1
22:30:01.115 INFO  ProgressMeter -                WXY:1              0.1                     1              8.8
22:30:01.116 INFO  ProgressMeter - Traversal complete. Processed 1 total batches in 0.1 minutes.
22:30:01.116 INFO  GenomicsDBImport - Import completed!
22:30:01.116 INFO  GenomicsDBImport - Shutting down engine
[September 27, 2018 10:30:01 PM PDT] org.broadinstitute.hellbender.tools.genomicsdb.GenomicsDBImport done. Elapsed time: 0.22 minutes.
Runtime.totalMemory()=2429026304
Tool returned:
true
Using GATK jar /bigdata/operations/pkgadmin/opt/linux/centos/7.x/x86_64/pkgs/gatk/4.0.8.1/gatk-package-4.0.8.1-local.jar
Running:
    java -Dsamjdk.use_async_io_read_samtools=false -Dsamjdk.use_async_io_write_samtools=true -Dsamjdk.use_async_io_write_tribble=false -Dsamjdk.compression_level=2 -jar /bigdata/operations/pkgadmin/opt/linux/centos/7.x/x86_64/pkgs/gatk/4.0.8.1/gatk-package-4.0.8.1-local.jar GenotypeGVCFs -R references.fasta -V gendb://arundinaria -G StandardAnnotation -O results/Joint.vcf
22:30:09.057 WARN  GATKAnnotationPluginDescriptor - Redundant enabled annotation group (StandardAnnotation) is enabled for this tool by default
22:30:09.187 INFO  NativeLibraryLoader - Loading libgkl_compression.so from jar:file:/bigdata/operations/pkgadmin/opt/linux/centos/7.x/x86_64/pkgs/gatk/4.0.8.1/gatk-package-4.0.8.1-local.jar!/com/intel/gkl/native/libgkl_compression.so
22:30:09.540 INFO  GenotypeGVCFs - ------------------------------------------------------------
22:30:09.541 INFO  GenotypeGVCFs - The Genome Analysis Toolkit (GATK) v4.0.8.1
22:30:09.542 INFO  GenotypeGVCFs - For support and documentation go to https://software.broadinstitute.org/gatk/
22:30:09.543 INFO  GenotypeGVCFs - Executing as arajewski@c10 on Linux v3.10.0-693.11.6.el7.x86_64 amd64
22:30:09.544 INFO  GenotypeGVCFs - Java runtime: Java HotSpot(TM) 64-Bit Server VM v1.8.0_45-b14
22:30:09.546 INFO  GenotypeGVCFs - Start Date/Time: September 27, 2018 10:30:09 PM PDT
22:30:09.546 INFO  GenotypeGVCFs - ------------------------------------------------------------
22:30:09.546 INFO  GenotypeGVCFs - ------------------------------------------------------------
22:30:09.547 INFO  GenotypeGVCFs - HTSJDK Version: 2.16.0
22:30:09.547 INFO  GenotypeGVCFs - Picard Version: 2.18.7
22:30:09.548 INFO  GenotypeGVCFs - HTSJDK Defaults.COMPRESSION_LEVEL : 2
22:30:09.548 INFO  GenotypeGVCFs - HTSJDK Defaults.USE_ASYNC_IO_READ_FOR_SAMTOOLS : false
22:30:09.548 INFO  GenotypeGVCFs - HTSJDK Defaults.USE_ASYNC_IO_WRITE_FOR_SAMTOOLS : true
22:30:09.548 INFO  GenotypeGVCFs - HTSJDK Defaults.USE_ASYNC_IO_WRITE_FOR_TRIBBLE : false
22:30:09.549 INFO  GenotypeGVCFs - Deflater: IntelDeflater
22:30:09.550 INFO  GenotypeGVCFs - Inflater: IntelInflater
22:30:09.550 INFO  GenotypeGVCFs - GCS max retries/reopens: 20
22:30:09.550 INFO  GenotypeGVCFs - Using google-cloud-java fork https://github.com/broadinstitute/google-cloud-java/releases/tag/0.20.5-alpha-GCS-RETRY-FIX
22:30:09.550 INFO  GenotypeGVCFs - Initializing engine
WARNING: No valid combination operation found for INFO field DS - the field will NOT be part of INFO fields in the generated VCF records
WARNING: No valid combination operation found for INFO field InbreedingCoeff - the field will NOT be part of INFO fields in the generated VCF records
WARNING: No valid combination operation found for INFO field MLEAC - the field will NOT be part of INFO fields in the generated VCF records
WARNING: No valid combination operation found for INFO field MLEAF - the field will NOT be part of INFO fields in the generated VCF records
WARNING: No valid combination operation found for INFO field DS - the field will NOT be part of INFO fields in the generated VCF records
WARNING: No valid combination operation found for INFO field InbreedingCoeff - the field will NOT be part of INFO fields in the generated VCF records
WARNING: No valid combination operation found for INFO field MLEAC - the field will NOT be part of INFO fields in the generated VCF records
WARNING: No valid combination operation found for INFO field MLEAF - the field will NOT be part of INFO fields in the generated VCF records
22:30:11.418 INFO  GenotypeGVCFs - Done initializing engine
22:30:11.558 INFO  ProgressMeter - Starting traversal
22:30:11.559 INFO  ProgressMeter -        Current Locus  Elapsed Minutes    Variants Processed  Variants/Minute
WARNING: No valid combination operation found for INFO field DS - the field will NOT be part of INFO fields in the generated VCF records
WARNING: No valid combination operation found for INFO field InbreedingCoeff - the field will NOT be part of INFO fields in the generated VCF records
WARNING: No valid combination operation found for INFO field MLEAC - the field will NOT be part of INFO fields in the generated VCF records
WARNING: No valid combination operation found for INFO field MLEAF - the field will NOT be part of INFO fields in the generated VCF records
22:30:14.058 WARN  InbreedingCoeff - Annotation will not be calculated, must provide at least 10 samples
WARNING: No valid combination operation found for INFO field DS - the field will NOT be part of INFO fields in the generated VCF records
WARNING: No valid combination operation found for INFO field InbreedingCoeff - the field will NOT be part of INFO fields in the generated VCF records
WARNING: No valid combination operation found for INFO field MLEAC - the field will NOT be part of INFO fields in the generated VCF records
WARNING: No valid combination operation found for INFO field MLEAF - the field will NOT be part of INFO fields in the generated VCF records
WARNING: No valid combination operation found for INFO field DS - the field will NOT be part of INFO fields in the generated VCF records
WARNING: No valid combination operation found for INFO field InbreedingCoeff - the field will NOT be part of INFO fields in the generated VCF records
WARNING: No valid combination operation found for INFO field MLEAC - the field will NOT be part of INFO fields in the generated VCF records
WARNING: No valid combination operation found for INFO field MLEAF - the field will NOT be part of INFO fields in the generated VCF records
WARNING: No valid combination operation found for INFO field DS - the field will NOT be part of INFO fields in the generated VCF records
WARNING: No valid combination operation found for INFO field InbreedingCoeff - the field will NOT be part of INFO fields in the generated VCF records
WARNING: No valid combination operation found for INFO field MLEAC - the field will NOT be part of INFO fields in the generated VCF records
WARNING: No valid combination operation found for INFO field MLEAF - the field will NOT be part of INFO fields in the generated VCF records
WARNING: No valid combination operation found for INFO field DS - the field will NOT be part of INFO fields in the generated VCF records
WARNING: No valid combination operation found for INFO field InbreedingCoeff - the field will NOT be part of INFO fields in the generated VCF records
WARNING: No valid combination operation found for INFO field MLEAC - the field will NOT be part of INFO fields in the generated VCF records
WARNING: No valid combination operation found for INFO field MLEAF - the field will NOT be part of INFO fields in the generated VCF records
GENOMICSDB_TIMER,GenomicsDB iterator next() timer,Wall-clock time(s),0.15078791999999996,Cpu time(s),0.07998726
22:30:18.278 INFO  ProgressMeter -             unmapped              0.1                   501           4474.5
22:30:18.279 INFO  ProgressMeter - Traversal complete. Processed 501 total variants in 0.1 minutes.
22:30:18.313 INFO  GenotypeGVCFs - Shutting down engine
[September 27, 2018 10:30:18 PM PDT] org.broadinstitute.hellbender.tools.walkers.GenotypeGVCFs done. Elapsed time: 0.15 minutes.
Runtime.totalMemory()=2406481920
