Sourcing executables from speedseq.config ...
Aligning...
samblaster: Version 0.1.22
samblaster: Inputting from stdin
samblaster: Outputting to stdout
samblaster: Opening JT174.filtered.iA6vmX3uBrhV/disc_pipe for write.
[M::bwa_idx_load_from_disk] read 0 ALT contigs
[M::process] read 35144 sequences (4170344 bp)...
samblaster: Opening JT174.filtered.iA6vmX3uBrhV/spl_pipe for write.
[M::mem_pestat] # candidate unique pairs for (FF, FR, RF, RR): (2, 15990, 0, 3)
[M::mem_pestat] skip orientation FF as there are not enough pairs
[M::mem_pestat] analyzing insert size distribution for orientation FR...
[M::mem_pestat] (25, 50, 75) percentile: (85, 137, 207)
[M::mem_pestat] low and high boundaries for computing mean and std.dev: (1, 451)
[M::mem_pestat] mean and std.dev: (152.66, 89.20)
[M::mem_pestat] low and high boundaries for proper pairs: (1, 573)
[M::mem_pestat] skip orientation RF as there are not enough pairs
[M::mem_pestat] skip orientation RR as there are not enough pairs
[M::mem_process_seqs] Processed 35144 reads in 3.713 CPU sec, 1.065 real sec
samblaster: Loaded 5 header sequence entries.
[main] Version: 0.7.12-r1039
samblaster: Output 79 discordant read pairs to JT174.filtered.iA6vmX3uBrhV/disc_pipe
[main] CMD:samblaster: Output 38 split reads to JT174.filtered.iA6vmX3uBrhV/spl_pipe
 /opt/linux/centos/7.x/x86_64/pkgs/bwa/0.7.12/bin/bwa mem -t 4samblaster: Marked 3698 of 17572 (21.04%) read ids as duplicates -R @RG\tID:JT174\tSM:JT174\tLB:Lib\ using 1596k memory in  references.fasta0.068S data/003274_JT174_S67_R1_filtered.fastq.gz CPU seconds and  data/003274_JT174_S67_R2_filtered.fastq.gz2S wall time.

[main] Real time: 1.541 sec; CPU: 3.885 sec
Done
Using GATK jar /bigdata/operations/pkgadmin/opt/linux/centos/7.x/x86_64/pkgs/gatk/4.0.8.1/gatk-package-4.0.8.1-local.jar
Running:
    java -Dsamjdk.use_async_io_read_samtools=false -Dsamjdk.use_async_io_write_samtools=true -Dsamjdk.use_async_io_write_tribble=false -Dsamjdk.compression_level=2 -jar /bigdata/operations/pkgadmin/opt/linux/centos/7.x/x86_64/pkgs/gatk/4.0.8.1/gatk-package-4.0.8.1-local.jar HaplotypeCaller -R references.fasta -I results/JT174.filtered.bam -O results/JT174.g.vcf -ERC GVCF
22:23:50.146 INFO  NativeLibraryLoader - Loading libgkl_compression.so from jar:file:/bigdata/operations/pkgadmin/opt/linux/centos/7.x/x86_64/pkgs/gatk/4.0.8.1/gatk-package-4.0.8.1-local.jar!/com/intel/gkl/native/libgkl_compression.so
22:23:50.558 INFO  HaplotypeCaller - ------------------------------------------------------------
22:23:50.560 INFO  HaplotypeCaller - The Genome Analysis Toolkit (GATK) v4.0.8.1
22:23:50.561 INFO  HaplotypeCaller - For support and documentation go to https://software.broadinstitute.org/gatk/
22:23:50.561 INFO  HaplotypeCaller - Executing as arajewski@c32 on Linux v3.10.0-693.11.6.el7.x86_64 amd64
22:23:50.562 INFO  HaplotypeCaller - Java runtime: Java HotSpot(TM) 64-Bit Server VM v1.8.0_45-b14
22:23:50.562 INFO  HaplotypeCaller - Start Date/Time: September 27, 2018 10:23:50 PM PDT
22:23:50.562 INFO  HaplotypeCaller - ------------------------------------------------------------
22:23:50.562 INFO  HaplotypeCaller - ------------------------------------------------------------
22:23:50.563 INFO  HaplotypeCaller - HTSJDK Version: 2.16.0
22:23:50.563 INFO  HaplotypeCaller - Picard Version: 2.18.7
22:23:50.563 INFO  HaplotypeCaller - HTSJDK Defaults.COMPRESSION_LEVEL : 2
22:23:50.564 INFO  HaplotypeCaller - HTSJDK Defaults.USE_ASYNC_IO_READ_FOR_SAMTOOLS : false
22:23:50.564 INFO  HaplotypeCaller - HTSJDK Defaults.USE_ASYNC_IO_WRITE_FOR_SAMTOOLS : true
22:23:50.564 INFO  HaplotypeCaller - HTSJDK Defaults.USE_ASYNC_IO_WRITE_FOR_TRIBBLE : false
22:23:50.564 INFO  HaplotypeCaller - Deflater: IntelDeflater
22:23:50.564 INFO  HaplotypeCaller - Inflater: IntelInflater
22:23:50.564 INFO  HaplotypeCaller - GCS max retries/reopens: 20
22:23:50.565 INFO  HaplotypeCaller - Using google-cloud-java fork https://github.com/broadinstitute/google-cloud-java/releases/tag/0.20.5-alpha-GCS-RETRY-FIX
22:23:50.571 INFO  HaplotypeCaller - Initializing engine
22:23:51.381 INFO  HaplotypeCaller - Done initializing engine
22:23:51.387 INFO  HaplotypeCallerEngine - Tool is in reference confidence mode and the annotation, the following changes will be made to any specified annotations: 'StrandBiasBySample' will be enabled. 'ChromosomeCounts', 'FisherStrand', 'StrandOddsRatio' and 'QualByDepth' annotations have been disabled
22:23:51.392 INFO  HaplotypeCallerEngine - Standard Emitting and Calling confidence set to 0.0 for reference-model confidence output
22:23:51.393 INFO  HaplotypeCallerEngine - All sites annotated with PLs forced to true for reference-model confidence output
22:23:51.412 INFO  NativeLibraryLoader - Loading libgkl_utils.so from jar:file:/bigdata/operations/pkgadmin/opt/linux/centos/7.x/x86_64/pkgs/gatk/4.0.8.1/gatk-package-4.0.8.1-local.jar!/com/intel/gkl/native/libgkl_utils.so
22:23:51.415 INFO  NativeLibraryLoader - Loading libgkl_pairhmm_omp.so from jar:file:/bigdata/operations/pkgadmin/opt/linux/centos/7.x/x86_64/pkgs/gatk/4.0.8.1/gatk-package-4.0.8.1-local.jar!/com/intel/gkl/native/libgkl_pairhmm_omp.so
22:23:51.477 WARN  IntelPairHmm - Flush-to-zero (FTZ) is enabled when running PairHMM
22:23:51.478 INFO  IntelPairHmm - Available threads: 4
22:23:51.478 INFO  IntelPairHmm - Requested threads: 4
22:23:51.479 INFO  PairHMM - Using the OpenMP multi-threaded AVX-accelerated native PairHMM implementation
22:23:51.565 INFO  ProgressMeter - Starting traversal
22:23:51.566 INFO  ProgressMeter -        Current Locus  Elapsed Minutes     Regions Processed   Regions/Minute
22:24:20.985 INFO  ProgressMeter -              WXY:794              0.5                    10             20.4
22:24:34.458 INFO  ProgressMeter -             psaA:601              0.7                    20             28.0
22:25:05.216 INFO  HaplotypeCaller - 7425 read(s) filtered by: ((((((((MappingQualityReadFilter AND MappingQualityAvailableReadFilter) AND MappedReadFilter) AND NotSecondaryAlignmentReadFilter) AND NotDuplicateReadFilter) AND PassesVendorQualityCheckReadFilter) AND NonZeroReferenceLengthAlignmentReadFilter) AND GoodCigarReadFilter) AND WellformedReadFilter)
  7425 read(s) filtered by: (((((((MappingQualityReadFilter AND MappingQualityAvailableReadFilter) AND MappedReadFilter) AND NotSecondaryAlignmentReadFilter) AND NotDuplicateReadFilter) AND PassesVendorQualityCheckReadFilter) AND NonZeroReferenceLengthAlignmentReadFilter) AND GoodCigarReadFilter)
      7425 read(s) filtered by: ((((((MappingQualityReadFilter AND MappingQualityAvailableReadFilter) AND MappedReadFilter) AND NotSecondaryAlignmentReadFilter) AND NotDuplicateReadFilter) AND PassesVendorQualityCheckReadFilter) AND NonZeroReferenceLengthAlignmentReadFilter)
          7425 read(s) filtered by: (((((MappingQualityReadFilter AND MappingQualityAvailableReadFilter) AND MappedReadFilter) AND NotSecondaryAlignmentReadFilter) AND NotDuplicateReadFilter) AND PassesVendorQualityCheckReadFilter)
              7425 read(s) filtered by: ((((MappingQualityReadFilter AND MappingQualityAvailableReadFilter) AND MappedReadFilter) AND NotSecondaryAlignmentReadFilter) AND NotDuplicateReadFilter)
                  29 read(s) filtered by: (((MappingQualityReadFilter AND MappingQualityAvailableReadFilter) AND MappedReadFilter) AND NotSecondaryAlignmentReadFilter)
                      29 read(s) filtered by: ((MappingQualityReadFilter AND MappingQualityAvailableReadFilter) AND MappedReadFilter)
                          29 read(s) filtered by: (MappingQualityReadFilter AND MappingQualityAvailableReadFilter)
                              29 read(s) filtered by: MappingQualityReadFilter 
                  7396 read(s) filtered by: NotDuplicateReadFilter 

22:25:05.217 INFO  ProgressMeter -              LFY:262              1.2                    35             28.5
22:25:05.217 INFO  ProgressMeter - Traversal complete. Processed 35 total regions in 1.2 minutes.
22:25:05.225 INFO  VectorLoglessPairHMM - Time spent in setup for JNI call : 0.056597119
22:25:05.225 INFO  PairHMM - Total compute time in PairHMM computeLogLikelihoods() : 44.926730000000006
22:25:05.225 INFO  SmithWatermanAligner - Total compute time in java Smith-Waterman : 6.22 sec
22:25:05.226 INFO  HaplotypeCaller - Shutting down engine
[September 27, 2018 10:25:05 PM PDT] org.broadinstitute.hellbender.tools.walkers.haplotypecaller.HaplotypeCaller done. Elapsed time: 1.25 minutes.
Runtime.totalMemory()=2906652672
