Sourcing executables from speedseq.config ...
Aligning...
samblaster: Version 0.1.22
samblaster: Inputting from stdin
samblaster: Outputting to stdout
samblaster: Opening JT112.filtered.VjSoTt3E3GwM/disc_pipe for write.
samblaster: Opening JT112.filtered.VjSoTt3E3GwM/spl_pipe for write.
[M::bwa_idx_load_from_disk] read 0 ALT contigs
[M::process] read 29372 sequences (3596608 bp)...
[M::mem_pestat] # candidate unique pairs for (FF, FR, RF, RR): (2, 12700, 0, 2)
[M::mem_pestat] skip orientation FF as there are not enough pairs
[M::mem_pestat] analyzing insert size distribution for orientation FR...
[M::mem_pestat] (25, 50, 75) percentile: (92, 146, 217)
[M::mem_pestat] low and high boundaries for computing mean and std.dev: (1, 467)
[M::mem_pestat] mean and std.dev: (160.75, 90.93)
[M::mem_pestat] low and high boundaries for proper pairs: (1, 592)
[M::mem_pestat] skip orientation RF as there are not enough pairs
[M::mem_pestat] skip orientation RR as there are not enough pairs
[M::mem_process_seqs] Processed 29372 reads in 3.188 CPU sec, 1.287 real sec
samblaster: Loaded 5 header sequence entries.
[main] Version: 0.7.12-r1039
samblaster: Output 59 discordant read pairs to JT112.filtered.VjSoTt3E3GwM/disc_pipe
[main] CMD:samblaster: Output 32 split reads to JT112.filtered.VjSoTt3E3GwM/spl_pipe
 /opt/linux/centos/7.x/x86_64/pkgs/bwa/0.7.12/bin/bwa mem -t 4samblaster: Marked 2902 of 14686 (19.76%) read ids as duplicates -R @RG\tID:JT112\tSM:JT112\tLB:Lib\ using 1332k memory in  references.fasta0.059S data/003263_JT112_S56_R1_filtered.fastq.gz CPU seconds and  data/003263_JT112_S56_R2_filtered.fastq.gz2S wall time.

[main] Real time: 1.731 sec; CPU: 3.353 sec
Done
Using GATK jar /bigdata/operations/pkgadmin/opt/linux/centos/7.x/x86_64/pkgs/gatk/4.0.8.1/gatk-package-4.0.8.1-local.jar
Running:
    java -Dsamjdk.use_async_io_read_samtools=false -Dsamjdk.use_async_io_write_samtools=true -Dsamjdk.use_async_io_write_tribble=false -Dsamjdk.compression_level=2 -jar /bigdata/operations/pkgadmin/opt/linux/centos/7.x/x86_64/pkgs/gatk/4.0.8.1/gatk-package-4.0.8.1-local.jar HaplotypeCaller -R references.fasta -I results/JT112.filtered.bam -O results/JT112.g.vcf -ERC GVCF
22:23:49.877 INFO  NativeLibraryLoader - Loading libgkl_compression.so from jar:file:/bigdata/operations/pkgadmin/opt/linux/centos/7.x/x86_64/pkgs/gatk/4.0.8.1/gatk-package-4.0.8.1-local.jar!/com/intel/gkl/native/libgkl_compression.so
22:23:50.549 INFO  HaplotypeCaller - ------------------------------------------------------------
22:23:50.551 INFO  HaplotypeCaller - The Genome Analysis Toolkit (GATK) v4.0.8.1
22:23:50.552 INFO  HaplotypeCaller - For support and documentation go to https://software.broadinstitute.org/gatk/
22:23:50.553 INFO  HaplotypeCaller - Executing as arajewski@c07 on Linux v3.10.0-693.11.6.el7.x86_64 amd64
22:23:50.563 INFO  HaplotypeCaller - Java runtime: Java HotSpot(TM) 64-Bit Server VM v1.8.0_45-b14
22:23:50.564 INFO  HaplotypeCaller - Start Date/Time: September 27, 2018 10:23:49 PM PDT
22:23:50.564 INFO  HaplotypeCaller - ------------------------------------------------------------
22:23:50.564 INFO  HaplotypeCaller - ------------------------------------------------------------
22:23:50.565 INFO  HaplotypeCaller - HTSJDK Version: 2.16.0
22:23:50.565 INFO  HaplotypeCaller - Picard Version: 2.18.7
22:23:50.565 INFO  HaplotypeCaller - HTSJDK Defaults.COMPRESSION_LEVEL : 2
22:23:50.566 INFO  HaplotypeCaller - HTSJDK Defaults.USE_ASYNC_IO_READ_FOR_SAMTOOLS : false
22:23:50.566 INFO  HaplotypeCaller - HTSJDK Defaults.USE_ASYNC_IO_WRITE_FOR_SAMTOOLS : true
22:23:50.566 INFO  HaplotypeCaller - HTSJDK Defaults.USE_ASYNC_IO_WRITE_FOR_TRIBBLE : false
22:23:50.566 INFO  HaplotypeCaller - Deflater: IntelDeflater
22:23:50.566 INFO  HaplotypeCaller - Inflater: IntelInflater
22:23:50.566 INFO  HaplotypeCaller - GCS max retries/reopens: 20
22:23:50.566 INFO  HaplotypeCaller - Using google-cloud-java fork https://github.com/broadinstitute/google-cloud-java/releases/tag/0.20.5-alpha-GCS-RETRY-FIX
22:23:50.573 INFO  HaplotypeCaller - Initializing engine
22:23:51.287 INFO  HaplotypeCaller - Done initializing engine
22:23:51.294 INFO  HaplotypeCallerEngine - Tool is in reference confidence mode and the annotation, the following changes will be made to any specified annotations: 'StrandBiasBySample' will be enabled. 'ChromosomeCounts', 'FisherStrand', 'StrandOddsRatio' and 'QualByDepth' annotations have been disabled
22:23:51.301 INFO  HaplotypeCallerEngine - Standard Emitting and Calling confidence set to 0.0 for reference-model confidence output
22:23:51.302 INFO  HaplotypeCallerEngine - All sites annotated with PLs forced to true for reference-model confidence output
22:23:51.323 INFO  NativeLibraryLoader - Loading libgkl_utils.so from jar:file:/bigdata/operations/pkgadmin/opt/linux/centos/7.x/x86_64/pkgs/gatk/4.0.8.1/gatk-package-4.0.8.1-local.jar!/com/intel/gkl/native/libgkl_utils.so
22:23:51.326 INFO  NativeLibraryLoader - Loading libgkl_pairhmm_omp.so from jar:file:/bigdata/operations/pkgadmin/opt/linux/centos/7.x/x86_64/pkgs/gatk/4.0.8.1/gatk-package-4.0.8.1-local.jar!/com/intel/gkl/native/libgkl_pairhmm_omp.so
22:23:51.394 WARN  IntelPairHmm - Flush-to-zero (FTZ) is enabled when running PairHMM
22:23:51.395 INFO  IntelPairHmm - Available threads: 4
22:23:51.395 INFO  IntelPairHmm - Requested threads: 4
22:23:51.396 INFO  PairHMM - Using the OpenMP multi-threaded AVX-accelerated native PairHMM implementation
22:23:51.516 INFO  ProgressMeter - Starting traversal
22:23:51.517 INFO  ProgressMeter -        Current Locus  Elapsed Minutes     Regions Processed   Regions/Minute
22:24:19.094 INFO  ProgressMeter -              WXY:660              0.5                    10             21.8
22:24:38.772 INFO  ProgressMeter -             matK:660              0.8                    20             25.4
22:24:57.137 INFO  HaplotypeCaller - 5817 read(s) filtered by: ((((((((MappingQualityReadFilter AND MappingQualityAvailableReadFilter) AND MappedReadFilter) AND NotSecondaryAlignmentReadFilter) AND NotDuplicateReadFilter) AND PassesVendorQualityCheckReadFilter) AND NonZeroReferenceLengthAlignmentReadFilter) AND GoodCigarReadFilter) AND WellformedReadFilter)
  5817 read(s) filtered by: (((((((MappingQualityReadFilter AND MappingQualityAvailableReadFilter) AND MappedReadFilter) AND NotSecondaryAlignmentReadFilter) AND NotDuplicateReadFilter) AND PassesVendorQualityCheckReadFilter) AND NonZeroReferenceLengthAlignmentReadFilter) AND GoodCigarReadFilter)
      5817 read(s) filtered by: ((((((MappingQualityReadFilter AND MappingQualityAvailableReadFilter) AND MappedReadFilter) AND NotSecondaryAlignmentReadFilter) AND NotDuplicateReadFilter) AND PassesVendorQualityCheckReadFilter) AND NonZeroReferenceLengthAlignmentReadFilter)
          5817 read(s) filtered by: (((((MappingQualityReadFilter AND MappingQualityAvailableReadFilter) AND MappedReadFilter) AND NotSecondaryAlignmentReadFilter) AND NotDuplicateReadFilter) AND PassesVendorQualityCheckReadFilter)
              5817 read(s) filtered by: ((((MappingQualityReadFilter AND MappingQualityAvailableReadFilter) AND MappedReadFilter) AND NotSecondaryAlignmentReadFilter) AND NotDuplicateReadFilter)
                  13 read(s) filtered by: (((MappingQualityReadFilter AND MappingQualityAvailableReadFilter) AND MappedReadFilter) AND NotSecondaryAlignmentReadFilter)
                      13 read(s) filtered by: ((MappingQualityReadFilter AND MappingQualityAvailableReadFilter) AND MappedReadFilter)
                          13 read(s) filtered by: (MappingQualityReadFilter AND MappingQualityAvailableReadFilter)
                              13 read(s) filtered by: MappingQualityReadFilter 
                  5804 read(s) filtered by: NotDuplicateReadFilter 

22:24:57.138 INFO  ProgressMeter -                LFY:1              1.1                    39             35.7
22:24:57.138 INFO  ProgressMeter - Traversal complete. Processed 39 total regions in 1.1 minutes.
22:24:57.145 INFO  VectorLoglessPairHMM - Time spent in setup for JNI call : 0.108330248
22:24:57.145 INFO  PairHMM - Total compute time in PairHMM computeLogLikelihoods() : 37.047218927
22:24:57.146 INFO  SmithWatermanAligner - Total compute time in java Smith-Waterman : 5.94 sec
22:24:57.146 INFO  HaplotypeCaller - Shutting down engine
[September 27, 2018 10:24:57 PM PDT] org.broadinstitute.hellbender.tools.walkers.haplotypecaller.HaplotypeCaller done. Elapsed time: 1.12 minutes.
Runtime.totalMemory()=3073900544
