Sourcing executables from speedseq.config ...
Aligning...
samblaster: Version 0.1.22
samblaster: Inputting from stdin
samblaster: Outputting to stdout
samblaster: Opening H10C.filtered.UPQP13IBrtiP/disc_pipe for write.
[M::bwa_idx_load_from_disk] read 0 ALT contigs
samblaster: Opening H10C.filtered.UPQP13IBrtiP/spl_pipe for write.
[M::process] read 45098 sequences (5198933 bp)...
[M::mem_pestat] # candidate unique pairs for (FF, FR, RF, RR): (2, 20517, 0, 1)
[M::mem_pestat] skip orientation FF as there are not enough pairs
[M::mem_pestat] analyzing insert size distribution for orientation FR...
[M::mem_pestat] (25, 50, 75) percentile: (79, 125, 191)
[M::mem_pestat] low and high boundaries for computing mean and std.dev: (1, 415)
[M::mem_pestat] mean and std.dev: (140.48, 80.23)
[M::mem_pestat] low and high boundaries for proper pairs: (1, 527)
[M::mem_pestat] skip orientation RF as there are not enough pairs
[M::mem_pestat] skip orientation RR as there are not enough pairs
[M::mem_process_seqs] Processed 45098 reads in 4.467 CPU sec, 1.320 real sec
samblaster: Loaded 5 header sequence entries.
[main] Version: 0.7.12-r1039
[main] CMD: /opt/linux/centos/7.x/x86_64/pkgs/bwa/0.7.12/bin/bwa mem -t 4 -R @RG\tID:H10C\tSM:H10C\tLB:Lib\ references.fasta data/003241_H10C_S34_R1_filtered.fastq.gz data/003241_H10C_S34_R2_filtered.fastq.gz
[main] Real time: 1.857 sec; CPU: 4.709 sec
samblaster: Output 96 discordant read pairs to H10C.filtered.UPQP13IBrtiP/disc_pipe
samblaster: Output 46 split reads to H10C.filtered.UPQP13IBrtiP/spl_pipe
samblaster: Marked 6337 of 22549 (28.10%) read ids as duplicates using 1600k memory in 0.087S CPU seconds and 2S wall time.
Done
Using GATK jar /bigdata/operations/pkgadmin/opt/linux/centos/7.x/x86_64/pkgs/gatk/4.0.8.1/gatk-package-4.0.8.1-local.jar
Running:
    java -Dsamjdk.use_async_io_read_samtools=false -Dsamjdk.use_async_io_write_samtools=true -Dsamjdk.use_async_io_write_tribble=false -Dsamjdk.compression_level=2 -jar /bigdata/operations/pkgadmin/opt/linux/centos/7.x/x86_64/pkgs/gatk/4.0.8.1/gatk-package-4.0.8.1-local.jar HaplotypeCaller -R references.fasta -I results/H10C.filtered.bam -O results/H10C.g.vcf -ERC GVCF
22:23:50.248 INFO  NativeLibraryLoader - Loading libgkl_compression.so from jar:file:/bigdata/operations/pkgadmin/opt/linux/centos/7.x/x86_64/pkgs/gatk/4.0.8.1/gatk-package-4.0.8.1-local.jar!/com/intel/gkl/native/libgkl_compression.so
22:23:50.950 INFO  HaplotypeCaller - ------------------------------------------------------------
22:23:50.952 INFO  HaplotypeCaller - The Genome Analysis Toolkit (GATK) v4.0.8.1
22:23:50.952 INFO  HaplotypeCaller - For support and documentation go to https://software.broadinstitute.org/gatk/
22:23:50.953 INFO  HaplotypeCaller - Executing as arajewski@c33 on Linux v3.10.0-693.11.6.el7.x86_64 amd64
22:23:50.954 INFO  HaplotypeCaller - Java runtime: Java HotSpot(TM) 64-Bit Server VM v1.8.0_45-b14
22:23:50.954 INFO  HaplotypeCaller - Start Date/Time: September 27, 2018 10:23:50 PM PDT
22:23:50.954 INFO  HaplotypeCaller - ------------------------------------------------------------
22:23:50.954 INFO  HaplotypeCaller - ------------------------------------------------------------
22:23:50.955 INFO  HaplotypeCaller - HTSJDK Version: 2.16.0
22:23:50.955 INFO  HaplotypeCaller - Picard Version: 2.18.7
22:23:50.956 INFO  HaplotypeCaller - HTSJDK Defaults.COMPRESSION_LEVEL : 2
22:23:50.956 INFO  HaplotypeCaller - HTSJDK Defaults.USE_ASYNC_IO_READ_FOR_SAMTOOLS : false
22:23:50.956 INFO  HaplotypeCaller - HTSJDK Defaults.USE_ASYNC_IO_WRITE_FOR_SAMTOOLS : true
22:23:50.956 INFO  HaplotypeCaller - HTSJDK Defaults.USE_ASYNC_IO_WRITE_FOR_TRIBBLE : false
22:23:50.956 INFO  HaplotypeCaller - Deflater: IntelDeflater
22:23:50.956 INFO  HaplotypeCaller - Inflater: IntelInflater
22:23:50.956 INFO  HaplotypeCaller - GCS max retries/reopens: 20
22:23:50.957 INFO  HaplotypeCaller - Using google-cloud-java fork https://github.com/broadinstitute/google-cloud-java/releases/tag/0.20.5-alpha-GCS-RETRY-FIX
22:23:50.970 INFO  HaplotypeCaller - Initializing engine
22:23:51.692 INFO  HaplotypeCaller - Done initializing engine
22:23:51.698 INFO  HaplotypeCallerEngine - Tool is in reference confidence mode and the annotation, the following changes will be made to any specified annotations: 'StrandBiasBySample' will be enabled. 'ChromosomeCounts', 'FisherStrand', 'StrandOddsRatio' and 'QualByDepth' annotations have been disabled
22:23:51.703 INFO  HaplotypeCallerEngine - Standard Emitting and Calling confidence set to 0.0 for reference-model confidence output
22:23:51.703 INFO  HaplotypeCallerEngine - All sites annotated with PLs forced to true for reference-model confidence output
22:23:51.722 INFO  NativeLibraryLoader - Loading libgkl_utils.so from jar:file:/bigdata/operations/pkgadmin/opt/linux/centos/7.x/x86_64/pkgs/gatk/4.0.8.1/gatk-package-4.0.8.1-local.jar!/com/intel/gkl/native/libgkl_utils.so
22:23:51.725 INFO  NativeLibraryLoader - Loading libgkl_pairhmm_omp.so from jar:file:/bigdata/operations/pkgadmin/opt/linux/centos/7.x/x86_64/pkgs/gatk/4.0.8.1/gatk-package-4.0.8.1-local.jar!/com/intel/gkl/native/libgkl_pairhmm_omp.so
22:23:51.788 WARN  IntelPairHmm - Flush-to-zero (FTZ) is enabled when running PairHMM
22:23:51.789 INFO  IntelPairHmm - Available threads: 4
22:23:51.789 INFO  IntelPairHmm - Requested threads: 4
22:23:51.790 INFO  PairHMM - Using the OpenMP multi-threaded AVX-accelerated native PairHMM implementation
22:23:51.880 INFO  ProgressMeter - Starting traversal
22:23:51.881 INFO  ProgressMeter -        Current Locus  Elapsed Minutes     Regions Processed   Regions/Minute
22:24:32.080 INFO  ProgressMeter -              WXY:794              0.7                    10             14.9
22:25:16.359 INFO  HaplotypeCaller - 12718 read(s) filtered by: ((((((((MappingQualityReadFilter AND MappingQualityAvailableReadFilter) AND MappedReadFilter) AND NotSecondaryAlignmentReadFilter) AND NotDuplicateReadFilter) AND PassesVendorQualityCheckReadFilter) AND NonZeroReferenceLengthAlignmentReadFilter) AND GoodCigarReadFilter) AND WellformedReadFilter)
  12718 read(s) filtered by: (((((((MappingQualityReadFilter AND MappingQualityAvailableReadFilter) AND MappedReadFilter) AND NotSecondaryAlignmentReadFilter) AND NotDuplicateReadFilter) AND PassesVendorQualityCheckReadFilter) AND NonZeroReferenceLengthAlignmentReadFilter) AND GoodCigarReadFilter)
      12718 read(s) filtered by: ((((((MappingQualityReadFilter AND MappingQualityAvailableReadFilter) AND MappedReadFilter) AND NotSecondaryAlignmentReadFilter) AND NotDuplicateReadFilter) AND PassesVendorQualityCheckReadFilter) AND NonZeroReferenceLengthAlignmentReadFilter)
          12718 read(s) filtered by: (((((MappingQualityReadFilter AND MappingQualityAvailableReadFilter) AND MappedReadFilter) AND NotSecondaryAlignmentReadFilter) AND NotDuplicateReadFilter) AND PassesVendorQualityCheckReadFilter)
              12718 read(s) filtered by: ((((MappingQualityReadFilter AND MappingQualityAvailableReadFilter) AND MappedReadFilter) AND NotSecondaryAlignmentReadFilter) AND NotDuplicateReadFilter)
                  47 read(s) filtered by: (((MappingQualityReadFilter AND MappingQualityAvailableReadFilter) AND MappedReadFilter) AND NotSecondaryAlignmentReadFilter)
                      47 read(s) filtered by: ((MappingQualityReadFilter AND MappingQualityAvailableReadFilter) AND MappedReadFilter)
                          47 read(s) filtered by: (MappingQualityReadFilter AND MappingQualityAvailableReadFilter)
                              47 read(s) filtered by: MappingQualityReadFilter 
                  12671 read(s) filtered by: NotDuplicateReadFilter 

22:25:16.360 INFO  ProgressMeter -               trnL:1              1.4                    28             19.9
22:25:16.360 INFO  ProgressMeter - Traversal complete. Processed 28 total regions in 1.4 minutes.
22:25:16.369 INFO  VectorLoglessPairHMM - Time spent in setup for JNI call : 0.14586917800000002
22:25:16.369 INFO  PairHMM - Total compute time in PairHMM computeLogLikelihoods() : 48.820220215000006
22:25:16.370 INFO  SmithWatermanAligner - Total compute time in java Smith-Waterman : 7.60 sec
22:25:16.370 INFO  HaplotypeCaller - Shutting down engine
[September 27, 2018 10:25:16 PM PDT] org.broadinstitute.hellbender.tools.walkers.haplotypecaller.HaplotypeCaller done. Elapsed time: 1.44 minutes.
Runtime.totalMemory()=3407872000
