Sourcing executables from speedseq.config ...
Aligning...
[M::bwa_idx_load_from_disk] read 0 ALT contigs
[E::main_mem] fail to open file `data/003300_L111_S93_R1_filtered.fastq.gz'.
samblaster: Version 0.1.22
samblaster: Inputting from stdin
samblaster: Outputting to stdout
samblaster: Opening L111.filtered.EaqOrsKGx4ie/disc_pipe for write.
samblaster: Opening L111.filtered.EaqOrsKGx4ie/spl_pipe for write.
samblaster: Missing header on input sam file.  Exiting.

Done
Using GATK jar /bigdata/operations/pkgadmin/opt/linux/centos/7.x/x86_64/pkgs/gatk/4.0.8.1/gatk-package-4.0.8.1-local.jar
Running:
    java -Dsamjdk.use_async_io_read_samtools=false -Dsamjdk.use_async_io_write_samtools=true -Dsamjdk.use_async_io_write_tribble=false -Dsamjdk.compression_level=2 -jar /bigdata/operations/pkgadmin/opt/linux/centos/7.x/x86_64/pkgs/gatk/4.0.8.1/gatk-package-4.0.8.1-local.jar HaplotypeCaller -R references.fasta -I results/L111.filtered.bam -O results/L111.g.vcf -ERC GVCF
22:24:26.776 INFO  NativeLibraryLoader - Loading libgkl_compression.so from jar:file:/bigdata/operations/pkgadmin/opt/linux/centos/7.x/x86_64/pkgs/gatk/4.0.8.1/gatk-package-4.0.8.1-local.jar!/com/intel/gkl/native/libgkl_compression.so
22:24:27.138 INFO  HaplotypeCaller - ------------------------------------------------------------
22:24:27.173 INFO  HaplotypeCaller - The Genome Analysis Toolkit (GATK) v4.0.8.1
22:24:27.174 INFO  HaplotypeCaller - For support and documentation go to https://software.broadinstitute.org/gatk/
22:24:27.176 INFO  HaplotypeCaller - Executing as arajewski@c10 on Linux v3.10.0-693.11.6.el7.x86_64 amd64
22:24:27.176 INFO  HaplotypeCaller - Java runtime: Java HotSpot(TM) 64-Bit Server VM v1.8.0_45-b14
22:24:27.177 INFO  HaplotypeCaller - Start Date/Time: September 27, 2018 10:24:26 PM PDT
22:24:27.177 INFO  HaplotypeCaller - ------------------------------------------------------------
22:24:27.177 INFO  HaplotypeCaller - ------------------------------------------------------------
22:24:27.179 INFO  HaplotypeCaller - HTSJDK Version: 2.16.0
22:24:27.180 INFO  HaplotypeCaller - Picard Version: 2.18.7
22:24:27.180 INFO  HaplotypeCaller - HTSJDK Defaults.COMPRESSION_LEVEL : 2
22:24:27.180 INFO  HaplotypeCaller - HTSJDK Defaults.USE_ASYNC_IO_READ_FOR_SAMTOOLS : false
22:24:27.180 INFO  HaplotypeCaller - HTSJDK Defaults.USE_ASYNC_IO_WRITE_FOR_SAMTOOLS : true
22:24:27.180 INFO  HaplotypeCaller - HTSJDK Defaults.USE_ASYNC_IO_WRITE_FOR_TRIBBLE : false
22:24:27.181 INFO  HaplotypeCaller - Deflater: IntelDeflater
22:24:27.181 INFO  HaplotypeCaller - Inflater: IntelInflater
22:24:27.181 INFO  HaplotypeCaller - GCS max retries/reopens: 20
22:24:27.181 INFO  HaplotypeCaller - Using google-cloud-java fork https://github.com/broadinstitute/google-cloud-java/releases/tag/0.20.5-alpha-GCS-RETRY-FIX
22:24:27.181 INFO  HaplotypeCaller - Initializing engine
22:24:28.723 INFO  HaplotypeCaller - Shutting down engine
[September 27, 2018 10:24:28 PM PDT] org.broadinstitute.hellbender.tools.walkers.haplotypecaller.HaplotypeCaller done. Elapsed time: 0.03 minutes.
Runtime.totalMemory()=2345140224
***********************************************************************

A USER ERROR has occurred: Input files reference and reads have incompatible contigs: No overlapping contigs found.
  reference contigs = [WXY, matK, psaA, trnL, LFY]
  reads contigs = []

***********************************************************************
Set the system property GATK_STACKTRACE_ON_USER_EXCEPTION (--java-options '-DGATK_STACKTRACE_ON_USER_EXCEPTION=true') to print the stack trace.
