Sourcing executables from speedseq.config ...
Aligning...
samblaster: Version 0.1.22
samblaster: Inputting from stdin
samblaster: Outputting to stdout
samblaster: Opening JT185.filtered.mkP2xwQn4tN0/disc_pipe for write.
[M::bwa_idx_load_from_disk] read 0 ALT contigs
samblaster: Opening JT185.filtered.mkP2xwQn4tN0/spl_pipe for write.
[M::process] read 48072 sequences (5780834 bp)...
[M::mem_pestat] # candidate unique pairs for (FF, FR, RF, RR): (0, 20771, 0, 1)
[M::mem_pestat] skip orientation FF as there are not enough pairs
[M::mem_pestat] analyzing insert size distribution for orientation FR...
[M::mem_pestat] (25, 50, 75) percentile: (88, 143, 214)
[M::mem_pestat] low and high boundaries for computing mean and std.dev: (1, 466)
[M::mem_pestat] mean and std.dev: (158.59, 91.83)
[M::mem_pestat] low and high boundaries for proper pairs: (1, 592)
[M::mem_pestat] skip orientation RF as there are not enough pairs
[M::mem_pestat] skip orientation RR as there are not enough pairs
[M::mem_process_seqs] Processed 48072 reads in 4.581 CPU sec, 1.348 real sec
samblaster: Loaded 5 header sequence entries.
[main] Version: 0.7.12-r1039
samblaster: Output 102 discordant read pairs to JT185.filtered.mkP2xwQn4tN0/disc_pipe
[main] CMD:samblaster: Output 26 split reads to JT185.filtered.mkP2xwQn4tN0/spl_pipe
 /opt/linux/centos/7.x/x86_64/pkgs/bwa/0.7.12/bin/bwa mem -t 4samblaster: Marked 5297 of 24036 (22.04%) read ids as duplicates -R @RG\tID:JT185\tSM:JT185\tLB:Lib\ using 1596k memory in  references.fasta0.107S data/003283_JT185_S76_R1_filtered.fastq.gz CPU seconds and  data/003283_JT185_S76_R2_filtered.fastq.gz2S wall time.

[main] Real time: 2.120 sec; CPU: 4.831 sec
Done
Using GATK jar /bigdata/operations/pkgadmin/opt/linux/centos/7.x/x86_64/pkgs/gatk/4.0.8.1/gatk-package-4.0.8.1-local.jar
Running:
    java -Dsamjdk.use_async_io_read_samtools=false -Dsamjdk.use_async_io_write_samtools=true -Dsamjdk.use_async_io_write_tribble=false -Dsamjdk.compression_level=2 -jar /bigdata/operations/pkgadmin/opt/linux/centos/7.x/x86_64/pkgs/gatk/4.0.8.1/gatk-package-4.0.8.1-local.jar HaplotypeCaller -R references.fasta -I results/JT185.filtered.bam -O results/JT185.g.vcf -ERC GVCF
22:23:50.618 INFO  NativeLibraryLoader - Loading libgkl_compression.so from jar:file:/bigdata/operations/pkgadmin/opt/linux/centos/7.x/x86_64/pkgs/gatk/4.0.8.1/gatk-package-4.0.8.1-local.jar!/com/intel/gkl/native/libgkl_compression.so
22:23:51.213 INFO  HaplotypeCaller - ------------------------------------------------------------
22:23:51.215 INFO  HaplotypeCaller - The Genome Analysis Toolkit (GATK) v4.0.8.1
22:23:51.215 INFO  HaplotypeCaller - For support and documentation go to https://software.broadinstitute.org/gatk/
22:23:51.220 INFO  HaplotypeCaller - Executing as arajewski@c05 on Linux v3.10.0-693.11.6.el7.x86_64 amd64
22:23:51.220 INFO  HaplotypeCaller - Java runtime: Java HotSpot(TM) 64-Bit Server VM v1.8.0_45-b14
22:23:51.220 INFO  HaplotypeCaller - Start Date/Time: September 27, 2018 10:23:50 PM PDT
22:23:51.221 INFO  HaplotypeCaller - ------------------------------------------------------------
22:23:51.221 INFO  HaplotypeCaller - ------------------------------------------------------------
22:23:51.222 INFO  HaplotypeCaller - HTSJDK Version: 2.16.0
22:23:51.222 INFO  HaplotypeCaller - Picard Version: 2.18.7
22:23:51.222 INFO  HaplotypeCaller - HTSJDK Defaults.COMPRESSION_LEVEL : 2
22:23:51.222 INFO  HaplotypeCaller - HTSJDK Defaults.USE_ASYNC_IO_READ_FOR_SAMTOOLS : false
22:23:51.222 INFO  HaplotypeCaller - HTSJDK Defaults.USE_ASYNC_IO_WRITE_FOR_SAMTOOLS : true
22:23:51.222 INFO  HaplotypeCaller - HTSJDK Defaults.USE_ASYNC_IO_WRITE_FOR_TRIBBLE : false
22:23:51.223 INFO  HaplotypeCaller - Deflater: IntelDeflater
22:23:51.223 INFO  HaplotypeCaller - Inflater: IntelInflater
22:23:51.223 INFO  HaplotypeCaller - GCS max retries/reopens: 20
22:23:51.223 INFO  HaplotypeCaller - Using google-cloud-java fork https://github.com/broadinstitute/google-cloud-java/releases/tag/0.20.5-alpha-GCS-RETRY-FIX
22:23:51.230 INFO  HaplotypeCaller - Initializing engine
22:23:51.946 INFO  HaplotypeCaller - Done initializing engine
22:23:51.953 INFO  HaplotypeCallerEngine - Tool is in reference confidence mode and the annotation, the following changes will be made to any specified annotations: 'StrandBiasBySample' will be enabled. 'ChromosomeCounts', 'FisherStrand', 'StrandOddsRatio' and 'QualByDepth' annotations have been disabled
22:23:51.958 INFO  HaplotypeCallerEngine - Standard Emitting and Calling confidence set to 0.0 for reference-model confidence output
22:23:51.959 INFO  HaplotypeCallerEngine - All sites annotated with PLs forced to true for reference-model confidence output
22:23:51.977 INFO  NativeLibraryLoader - Loading libgkl_utils.so from jar:file:/bigdata/operations/pkgadmin/opt/linux/centos/7.x/x86_64/pkgs/gatk/4.0.8.1/gatk-package-4.0.8.1-local.jar!/com/intel/gkl/native/libgkl_utils.so
22:23:51.980 INFO  NativeLibraryLoader - Loading libgkl_pairhmm_omp.so from jar:file:/bigdata/operations/pkgadmin/opt/linux/centos/7.x/x86_64/pkgs/gatk/4.0.8.1/gatk-package-4.0.8.1-local.jar!/com/intel/gkl/native/libgkl_pairhmm_omp.so
22:23:52.044 WARN  IntelPairHmm - Flush-to-zero (FTZ) is enabled when running PairHMM
22:23:52.045 INFO  IntelPairHmm - Available threads: 4
22:23:52.045 INFO  IntelPairHmm - Requested threads: 4
22:23:52.045 INFO  PairHMM - Using the OpenMP multi-threaded AVX-accelerated native PairHMM implementation
22:23:52.137 INFO  ProgressMeter - Starting traversal
22:23:52.137 INFO  ProgressMeter -        Current Locus  Elapsed Minutes     Regions Processed   Regions/Minute
22:24:45.489 INFO  ProgressMeter -             matK:276              0.9                    10             11.2
22:25:24.476 INFO  HaplotypeCaller - 10644 read(s) filtered by: ((((((((MappingQualityReadFilter AND MappingQualityAvailableReadFilter) AND MappedReadFilter) AND NotSecondaryAlignmentReadFilter) AND NotDuplicateReadFilter) AND PassesVendorQualityCheckReadFilter) AND NonZeroReferenceLengthAlignmentReadFilter) AND GoodCigarReadFilter) AND WellformedReadFilter)
  10644 read(s) filtered by: (((((((MappingQualityReadFilter AND MappingQualityAvailableReadFilter) AND MappedReadFilter) AND NotSecondaryAlignmentReadFilter) AND NotDuplicateReadFilter) AND PassesVendorQualityCheckReadFilter) AND NonZeroReferenceLengthAlignmentReadFilter) AND GoodCigarReadFilter)
      10644 read(s) filtered by: ((((((MappingQualityReadFilter AND MappingQualityAvailableReadFilter) AND MappedReadFilter) AND NotSecondaryAlignmentReadFilter) AND NotDuplicateReadFilter) AND PassesVendorQualityCheckReadFilter) AND NonZeroReferenceLengthAlignmentReadFilter)
          10644 read(s) filtered by: (((((MappingQualityReadFilter AND MappingQualityAvailableReadFilter) AND MappedReadFilter) AND NotSecondaryAlignmentReadFilter) AND NotDuplicateReadFilter) AND PassesVendorQualityCheckReadFilter)
              10644 read(s) filtered by: ((((MappingQualityReadFilter AND MappingQualityAvailableReadFilter) AND MappedReadFilter) AND NotSecondaryAlignmentReadFilter) AND NotDuplicateReadFilter)
                  49 read(s) filtered by: (((MappingQualityReadFilter AND MappingQualityAvailableReadFilter) AND MappedReadFilter) AND NotSecondaryAlignmentReadFilter)
                      49 read(s) filtered by: ((MappingQualityReadFilter AND MappingQualityAvailableReadFilter) AND MappedReadFilter)
                          49 read(s) filtered by: (MappingQualityReadFilter AND MappingQualityAvailableReadFilter)
                              49 read(s) filtered by: MappingQualityReadFilter 
                  10595 read(s) filtered by: NotDuplicateReadFilter 

22:25:24.476 INFO  ProgressMeter -             trnL:601              1.5                    27             17.5
22:25:24.477 INFO  ProgressMeter - Traversal complete. Processed 27 total regions in 1.5 minutes.
22:25:24.484 INFO  VectorLoglessPairHMM - Time spent in setup for JNI call : 0.06521431100000001
22:25:24.484 INFO  PairHMM - Total compute time in PairHMM computeLogLikelihoods() : 63.34354874700001
22:25:24.484 INFO  SmithWatermanAligner - Total compute time in java Smith-Waterman : 5.69 sec
22:25:24.484 INFO  HaplotypeCaller - Shutting down engine
[September 27, 2018 10:25:24 PM PDT] org.broadinstitute.hellbender.tools.walkers.haplotypecaller.HaplotypeCaller done. Elapsed time: 1.57 minutes.
Runtime.totalMemory()=3071803392
