Sourcing executables from speedseq.config ...
Aligning...
[M::bwa_idx_load_from_disk] read 0 ALT contigs
samblaster: Version 0.1.22
samblaster: Inputting from stdin
samblaster: Outputting to stdout
samblaster: Opening JT177.filtered.xvvIDmSDcqVQ/disc_pipe for write.
samblaster: Opening JT177.filtered.xvvIDmSDcqVQ/spl_pipe for write.
[M::process] read 31654 sequences (3797318 bp)...
[M::mem_pestat] # candidate unique pairs for (FF, FR, RF, RR): (0, 13444, 0, 1)
[M::mem_pestat] skip orientation FF as there are not enough pairs
[M::mem_pestat] analyzing insert size distribution for orientation FR...
[M::mem_pestat] (25, 50, 75) percentile: (87, 141, 211)
[M::mem_pestat] low and high boundaries for computing mean and std.dev: (1, 459)
[M::mem_pestat] mean and std.dev: (155.32, 89.74)
[M::mem_pestat] low and high boundaries for proper pairs: (1, 583)
[M::mem_pestat] skip orientation RF as there are not enough pairs
[M::mem_pestat] skip orientation RR as there are not enough pairs
[M::mem_process_seqs] Processed 31654 reads in 3.258 CPU sec, 0.871 real sec
samblaster: Loaded 5 header sequence entries.
[main] Version: 0.7.12-r1039
samblaster: Output 69 discordant read pairs to JT177.filtered.xvvIDmSDcqVQ/disc_pipe
[main] CMD:samblaster: Output 36 split reads to JT177.filtered.xvvIDmSDcqVQ/spl_pipe
 /opt/linux/centos/7.x/x86_64/pkgs/bwa/0.7.12/bin/bwa mem -t 4samblaster: Marked 2807 of 15827 (17.74%) read ids as duplicates -R using 1332k memory in  @RG\tID:id\tSM:JT177\tLB:Lib0.065S references.fasta CPU seconds and  data/003276_JT177_S69_R1_filtered.fastq.gz2S data/003276_JT177_S69_R2_filtered.fastq.gz wall time.

[main] Real time: 1.861 sec; CPU: 3.424 sec
Done
Using GATK jar /bigdata/operations/pkgadmin/opt/linux/centos/7.x/x86_64/pkgs/gatk/4.0.8.1/gatk-package-4.0.8.1-local.jar
Running:
    java -Dsamjdk.use_async_io_read_samtools=false -Dsamjdk.use_async_io_write_samtools=true -Dsamjdk.use_async_io_write_tribble=false -Dsamjdk.compression_level=2 -jar /bigdata/operations/pkgadmin/opt/linux/centos/7.x/x86_64/pkgs/gatk/4.0.8.1/gatk-package-4.0.8.1-local.jar HaplotypeCaller -R references.fasta -I results/JT177.filtered.bam -O results/JT177.g.vcf -ERC GVCF
22:07:51.603 INFO  NativeLibraryLoader - Loading libgkl_compression.so from jar:file:/bigdata/operations/pkgadmin/opt/linux/centos/7.x/x86_64/pkgs/gatk/4.0.8.1/gatk-package-4.0.8.1-local.jar!/com/intel/gkl/native/libgkl_compression.so
22:07:52.199 INFO  HaplotypeCaller - ------------------------------------------------------------
22:07:52.202 INFO  HaplotypeCaller - The Genome Analysis Toolkit (GATK) v4.0.8.1
22:07:52.202 INFO  HaplotypeCaller - For support and documentation go to https://software.broadinstitute.org/gatk/
22:07:52.202 INFO  HaplotypeCaller - Executing as arajewski@c31 on Linux v3.10.0-693.11.6.el7.x86_64 amd64
22:07:52.203 INFO  HaplotypeCaller - Java runtime: Java HotSpot(TM) 64-Bit Server VM v1.8.0_45-b14
22:07:52.203 INFO  HaplotypeCaller - Start Date/Time: September 9, 2018 10:07:51 PM PDT
22:07:52.203 INFO  HaplotypeCaller - ------------------------------------------------------------
22:07:52.203 INFO  HaplotypeCaller - ------------------------------------------------------------
22:07:52.205 INFO  HaplotypeCaller - HTSJDK Version: 2.16.0
22:07:52.205 INFO  HaplotypeCaller - Picard Version: 2.18.7
22:07:52.206 INFO  HaplotypeCaller - HTSJDK Defaults.COMPRESSION_LEVEL : 2
22:07:52.206 INFO  HaplotypeCaller - HTSJDK Defaults.USE_ASYNC_IO_READ_FOR_SAMTOOLS : false
22:07:52.206 INFO  HaplotypeCaller - HTSJDK Defaults.USE_ASYNC_IO_WRITE_FOR_SAMTOOLS : true
22:07:52.206 INFO  HaplotypeCaller - HTSJDK Defaults.USE_ASYNC_IO_WRITE_FOR_TRIBBLE : false
22:07:52.206 INFO  HaplotypeCaller - Deflater: IntelDeflater
22:07:52.207 INFO  HaplotypeCaller - Inflater: IntelInflater
22:07:52.207 INFO  HaplotypeCaller - GCS max retries/reopens: 20
22:07:52.207 INFO  HaplotypeCaller - Using google-cloud-java fork https://github.com/broadinstitute/google-cloud-java/releases/tag/0.20.5-alpha-GCS-RETRY-FIX
22:07:52.219 INFO  HaplotypeCaller - Initializing engine
22:07:52.941 INFO  HaplotypeCaller - Done initializing engine
22:07:52.948 INFO  HaplotypeCallerEngine - Tool is in reference confidence mode and the annotation, the following changes will be made to any specified annotations: 'StrandBiasBySample' will be enabled. 'ChromosomeCounts', 'FisherStrand', 'StrandOddsRatio' and 'QualByDepth' annotations have been disabled
22:07:52.954 INFO  HaplotypeCallerEngine - Standard Emitting and Calling confidence set to 0.0 for reference-model confidence output
22:07:52.954 INFO  HaplotypeCallerEngine - All sites annotated with PLs forced to true for reference-model confidence output
22:07:52.974 INFO  NativeLibraryLoader - Loading libgkl_utils.so from jar:file:/bigdata/operations/pkgadmin/opt/linux/centos/7.x/x86_64/pkgs/gatk/4.0.8.1/gatk-package-4.0.8.1-local.jar!/com/intel/gkl/native/libgkl_utils.so
22:07:52.977 INFO  NativeLibraryLoader - Loading libgkl_pairhmm_omp.so from jar:file:/bigdata/operations/pkgadmin/opt/linux/centos/7.x/x86_64/pkgs/gatk/4.0.8.1/gatk-package-4.0.8.1-local.jar!/com/intel/gkl/native/libgkl_pairhmm_omp.so
22:07:53.041 WARN  IntelPairHmm - Flush-to-zero (FTZ) is enabled when running PairHMM
22:07:53.042 INFO  IntelPairHmm - Available threads: 4
22:07:53.042 INFO  IntelPairHmm - Requested threads: 4
22:07:53.042 INFO  PairHMM - Using the OpenMP multi-threaded AVX-accelerated native PairHMM implementation
22:07:53.119 INFO  ProgressMeter - Starting traversal
22:07:53.120 INFO  ProgressMeter -        Current Locus  Elapsed Minutes     Regions Processed   Regions/Minute
22:08:21.175 INFO  ProgressMeter -              WXY:660              0.5                    10             21.4
22:08:38.600 INFO  ProgressMeter -             matK:666              0.8                    20             26.4
22:09:10.901 INFO  HaplotypeCaller - 5647 read(s) filtered by: ((((((((MappingQualityReadFilter AND MappingQualityAvailableReadFilter) AND MappedReadFilter) AND NotSecondaryAlignmentReadFilter) AND NotDuplicateReadFilter) AND PassesVendorQualityCheckReadFilter) AND NonZeroReferenceLengthAlignmentReadFilter) AND GoodCigarReadFilter) AND WellformedReadFilter)
  5647 read(s) filtered by: (((((((MappingQualityReadFilter AND MappingQualityAvailableReadFilter) AND MappedReadFilter) AND NotSecondaryAlignmentReadFilter) AND NotDuplicateReadFilter) AND PassesVendorQualityCheckReadFilter) AND NonZeroReferenceLengthAlignmentReadFilter) AND GoodCigarReadFilter)
      5647 read(s) filtered by: ((((((MappingQualityReadFilter AND MappingQualityAvailableReadFilter) AND MappedReadFilter) AND NotSecondaryAlignmentReadFilter) AND NotDuplicateReadFilter) AND PassesVendorQualityCheckReadFilter) AND NonZeroReferenceLengthAlignmentReadFilter)
          5647 read(s) filtered by: (((((MappingQualityReadFilter AND MappingQualityAvailableReadFilter) AND MappedReadFilter) AND NotSecondaryAlignmentReadFilter) AND NotDuplicateReadFilter) AND PassesVendorQualityCheckReadFilter)
              5647 read(s) filtered by: ((((MappingQualityReadFilter AND MappingQualityAvailableReadFilter) AND MappedReadFilter) AND NotSecondaryAlignmentReadFilter) AND NotDuplicateReadFilter)
                  31 read(s) filtered by: (((MappingQualityReadFilter AND MappingQualityAvailableReadFilter) AND MappedReadFilter) AND NotSecondaryAlignmentReadFilter)
                      31 read(s) filtered by: ((MappingQualityReadFilter AND MappingQualityAvailableReadFilter) AND MappedReadFilter)
                          31 read(s) filtered by: (MappingQualityReadFilter AND MappingQualityAvailableReadFilter)
                              31 read(s) filtered by: MappingQualityReadFilter 
                  5616 read(s) filtered by: NotDuplicateReadFilter 

22:09:10.902 INFO  ProgressMeter -                LFY:1              1.3                    37             28.5
22:09:10.902 INFO  ProgressMeter - Traversal complete. Processed 37 total regions in 1.3 minutes.
22:09:10.911 INFO  VectorLoglessPairHMM - Time spent in setup for JNI call : 0.07756818800000001
22:09:10.911 INFO  PairHMM - Total compute time in PairHMM computeLogLikelihoods() : 48.468115887
22:09:10.911 INFO  SmithWatermanAligner - Total compute time in java Smith-Waterman : 7.09 sec
22:09:10.911 INFO  HaplotypeCaller - Shutting down engine
[September 9, 2018 10:09:10 PM PDT] org.broadinstitute.hellbender.tools.walkers.haplotypecaller.HaplotypeCaller done. Elapsed time: 1.32 minutes.
Runtime.totalMemory()=3376414720
This is WhatsHap 0.17 running under Python 3.6.6
Working on 1 samples from 1 family
======== Working on chromosome 'WXY'
---- Processing individual JT177
Using maximum coverage per sample of 20X
Number of variants skipped due to missing genotypes: 0
Number of remaining heterozygous variants: 0
Reading alignments for sample 'JT177'and detecting alleles ...
Found 0 reads covering 0 variants
Kept 0 reads that cover at least two variants each
Reducing coverage to at most 20X by selecting most informative reads ...
Selected 0 reads covering 0 variants
Best-case phasing would result in 0 non-singleton phased blocks (0 in total)
... after read selection: 0 non-singleton phased blocks (0 in total)
Variants covered by at least one phase-informative read in at least one individual after read selection: 0
Phasing 1 sample by solving the MEC problem ...
MEC cost: 0
No. of phased blocks: 0
======== Writing VCF
Done writing VCF
======== Working on chromosome 'matK'
---- Processing individual JT177
Using maximum coverage per sample of 20X
Number of variants skipped due to missing genotypes: 0
Number of remaining heterozygous variants: 0
Reading alignments for sample 'JT177'and detecting alleles ...
Found 0 reads covering 0 variants
Kept 0 reads that cover at least two variants each
Reducing coverage to at most 20X by selecting most informative reads ...
Selected 0 reads covering 0 variants
Best-case phasing would result in 0 non-singleton phased blocks (0 in total)
... after read selection: 0 non-singleton phased blocks (0 in total)
Variants covered by at least one phase-informative read in at least one individual after read selection: 0
Phasing 1 sample by solving the MEC problem ...
MEC cost: 0
No. of phased blocks: 0
======== Writing VCF
Done writing VCF
======== Working on chromosome 'psaA'
---- Processing individual JT177
Using maximum coverage per sample of 20X
Number of variants skipped due to missing genotypes: 0
Number of remaining heterozygous variants: 0
Reading alignments for sample 'JT177'and detecting alleles ...
Found 0 reads covering 0 variants
Kept 0 reads that cover at least two variants each
Reducing coverage to at most 20X by selecting most informative reads ...
Selected 0 reads covering 0 variants
Best-case phasing would result in 0 non-singleton phased blocks (0 in total)
... after read selection: 0 non-singleton phased blocks (0 in total)
Variants covered by at least one phase-informative read in at least one individual after read selection: 0
Phasing 1 sample by solving the MEC problem ...
MEC cost: 0
No. of phased blocks: 0
======== Writing VCF
Done writing VCF
======== Working on chromosome 'trnL'
---- Processing individual JT177
Using maximum coverage per sample of 20X
Number of variants skipped due to missing genotypes: 0
Number of remaining heterozygous variants: 0
Reading alignments for sample 'JT177'and detecting alleles ...
Found 0 reads covering 0 variants
Kept 0 reads that cover at least two variants each
Reducing coverage to at most 20X by selecting most informative reads ...
Selected 0 reads covering 0 variants
Best-case phasing would result in 0 non-singleton phased blocks (0 in total)
... after read selection: 0 non-singleton phased blocks (0 in total)
Variants covered by at least one phase-informative read in at least one individual after read selection: 0
Phasing 1 sample by solving the MEC problem ...
MEC cost: 0
No. of phased blocks: 0
======== Writing VCF
Done writing VCF
======== Working on chromosome 'LFY'
---- Processing individual JT177
Using maximum coverage per sample of 20X
Number of variants skipped due to missing genotypes: 0
Number of remaining heterozygous variants: 0
Reading alignments for sample 'JT177'and detecting alleles ...
Found 0 reads covering 0 variants
Kept 0 reads that cover at least two variants each
Reducing coverage to at most 20X by selecting most informative reads ...
Selected 0 reads covering 0 variants
Best-case phasing would result in 0 non-singleton phased blocks (0 in total)
... after read selection: 0 non-singleton phased blocks (0 in total)
Variants covered by at least one phase-informative read in at least one individual after read selection: 0
Phasing 1 sample by solving the MEC problem ...
MEC cost: 0
No. of phased blocks: 0
======== Writing VCF
Done writing VCF

== SUMMARY ==
Maximum memory usage: 0.037 GB
Time spent reading BAM/CRAM:                    0.5 s
Time spent parsing VCF:                         0.0 s
Time spent selecting reads:                     0.0 s
Time spent phasing:                             0.0 s
Time spent writing VCF:                         0.0 s
Time spent finding components:                  0.0 s
Time spent on rest:                             0.0 s
Total elapsed time:                             0.6 s
