Sourcing executables from speedseq.config ...
Aligning...
samblaster: Version 0.1.22
samblaster: Inputting from stdin
samblaster: Outputting to stdout
samblaster: Opening JT89.filtered.gVliMU9gOePR/disc_pipe for write.
samblaster: Opening JT89.filtered.gVliMU9gOePR/spl_pipe for write.
[M::bwa_idx_load_from_disk] read 0 ALT contigs
[M::process] read 30224 sequences (3679569 bp)...
[M::mem_pestat] # candidate unique pairs for (FF, FR, RF, RR): (0, 12692, 0, 0)
[M::mem_pestat] skip orientation FF as there are not enough pairs
[M::mem_pestat] analyzing insert size distribution for orientation FR...
[M::mem_pestat] (25, 50, 75) percentile: (90, 144, 214)
[M::mem_pestat] low and high boundaries for computing mean and std.dev: (1, 462)
[M::mem_pestat] mean and std.dev: (158.91, 91.06)
[M::mem_pestat] low and high boundaries for proper pairs: (1, 586)
[M::mem_pestat] skip orientation RF as there are not enough pairs
[M::mem_pestat] skip orientation RR as there are not enough pairs
[M::mem_process_seqs] Processed 30224 reads in 3.019 CPU sec, 0.811 real sec
samblaster: Loaded 5 header sequence entries.
[main] Version: 0.7.12-r1039
samblaster: Output 75 discordant read pairs to JT89.filtered.gVliMU9gOePR/disc_pipe
[main] CMD:samblaster: Output 26 split reads to JT89.filtered.gVliMU9gOePR/spl_pipe
 /opt/linux/centos/7.x/x86_64/pkgs/bwa/0.7.12/bin/bwa mem -t 4 -R @RG\tID:JT89\tSM:JT89\tLB:Lib\samblaster: Marked 2500 of 15112 (16.54%) read ids as duplicates references.fasta using 1332k memory in  data/003296_JT89_S89_R1_filtered.fastq.gz0.064S data/003296_JT89_S89_R2_filtered.fastq.gz CPU seconds and 1S wall time.

[main] Real time: 1.287 sec; CPU: 3.182 sec
Done
Using GATK jar /bigdata/operations/pkgadmin/opt/linux/centos/7.x/x86_64/pkgs/gatk/4.0.8.1/gatk-package-4.0.8.1-local.jar
Running:
    java -Dsamjdk.use_async_io_read_samtools=false -Dsamjdk.use_async_io_write_samtools=true -Dsamjdk.use_async_io_write_tribble=false -Dsamjdk.compression_level=2 -jar /bigdata/operations/pkgadmin/opt/linux/centos/7.x/x86_64/pkgs/gatk/4.0.8.1/gatk-package-4.0.8.1-local.jar HaplotypeCaller -R references.fasta -I results/JT89.filtered.bam -O results/JT89.g.vcf -ERC GVCF
22:23:49.726 INFO  NativeLibraryLoader - Loading libgkl_compression.so from jar:file:/bigdata/operations/pkgadmin/opt/linux/centos/7.x/x86_64/pkgs/gatk/4.0.8.1/gatk-package-4.0.8.1-local.jar!/com/intel/gkl/native/libgkl_compression.so
22:23:50.386 INFO  HaplotypeCaller - ------------------------------------------------------------
22:23:50.389 INFO  HaplotypeCaller - The Genome Analysis Toolkit (GATK) v4.0.8.1
22:23:50.389 INFO  HaplotypeCaller - For support and documentation go to https://software.broadinstitute.org/gatk/
22:23:50.390 INFO  HaplotypeCaller - Executing as arajewski@c09 on Linux v3.10.0-693.11.6.el7.x86_64 amd64
22:23:50.390 INFO  HaplotypeCaller - Java runtime: Java HotSpot(TM) 64-Bit Server VM v1.8.0_45-b14
22:23:50.390 INFO  HaplotypeCaller - Start Date/Time: September 27, 2018 10:23:49 PM PDT
22:23:50.390 INFO  HaplotypeCaller - ------------------------------------------------------------
22:23:50.391 INFO  HaplotypeCaller - ------------------------------------------------------------
22:23:50.391 INFO  HaplotypeCaller - HTSJDK Version: 2.16.0
22:23:50.392 INFO  HaplotypeCaller - Picard Version: 2.18.7
22:23:50.392 INFO  HaplotypeCaller - HTSJDK Defaults.COMPRESSION_LEVEL : 2
22:23:50.392 INFO  HaplotypeCaller - HTSJDK Defaults.USE_ASYNC_IO_READ_FOR_SAMTOOLS : false
22:23:50.392 INFO  HaplotypeCaller - HTSJDK Defaults.USE_ASYNC_IO_WRITE_FOR_SAMTOOLS : true
22:23:50.392 INFO  HaplotypeCaller - HTSJDK Defaults.USE_ASYNC_IO_WRITE_FOR_TRIBBLE : false
22:23:50.392 INFO  HaplotypeCaller - Deflater: IntelDeflater
22:23:50.392 INFO  HaplotypeCaller - Inflater: IntelInflater
22:23:50.393 INFO  HaplotypeCaller - GCS max retries/reopens: 20
22:23:50.393 INFO  HaplotypeCaller - Using google-cloud-java fork https://github.com/broadinstitute/google-cloud-java/releases/tag/0.20.5-alpha-GCS-RETRY-FIX
22:23:50.399 INFO  HaplotypeCaller - Initializing engine
22:23:51.110 INFO  HaplotypeCaller - Done initializing engine
22:23:51.118 INFO  HaplotypeCallerEngine - Tool is in reference confidence mode and the annotation, the following changes will be made to any specified annotations: 'StrandBiasBySample' will be enabled. 'ChromosomeCounts', 'FisherStrand', 'StrandOddsRatio' and 'QualByDepth' annotations have been disabled
22:23:51.123 INFO  HaplotypeCallerEngine - Standard Emitting and Calling confidence set to 0.0 for reference-model confidence output
22:23:51.123 INFO  HaplotypeCallerEngine - All sites annotated with PLs forced to true for reference-model confidence output
22:23:51.142 INFO  NativeLibraryLoader - Loading libgkl_utils.so from jar:file:/bigdata/operations/pkgadmin/opt/linux/centos/7.x/x86_64/pkgs/gatk/4.0.8.1/gatk-package-4.0.8.1-local.jar!/com/intel/gkl/native/libgkl_utils.so
22:23:51.145 INFO  NativeLibraryLoader - Loading libgkl_pairhmm_omp.so from jar:file:/bigdata/operations/pkgadmin/opt/linux/centos/7.x/x86_64/pkgs/gatk/4.0.8.1/gatk-package-4.0.8.1-local.jar!/com/intel/gkl/native/libgkl_pairhmm_omp.so
22:23:51.209 WARN  IntelPairHmm - Flush-to-zero (FTZ) is enabled when running PairHMM
22:23:51.210 INFO  IntelPairHmm - Available threads: 4
22:23:51.210 INFO  IntelPairHmm - Requested threads: 4
22:23:51.210 INFO  PairHMM - Using the OpenMP multi-threaded AVX-accelerated native PairHMM implementation
22:23:51.311 INFO  ProgressMeter - Starting traversal
22:23:51.312 INFO  ProgressMeter -        Current Locus  Elapsed Minutes     Regions Processed   Regions/Minute
22:24:31.259 INFO  ProgressMeter -             matK:276              0.7                    10             15.0
22:25:04.138 INFO  HaplotypeCaller - 5027 read(s) filtered by: ((((((((MappingQualityReadFilter AND MappingQualityAvailableReadFilter) AND MappedReadFilter) AND NotSecondaryAlignmentReadFilter) AND NotDuplicateReadFilter) AND PassesVendorQualityCheckReadFilter) AND NonZeroReferenceLengthAlignmentReadFilter) AND GoodCigarReadFilter) AND WellformedReadFilter)
  5027 read(s) filtered by: (((((((MappingQualityReadFilter AND MappingQualityAvailableReadFilter) AND MappedReadFilter) AND NotSecondaryAlignmentReadFilter) AND NotDuplicateReadFilter) AND PassesVendorQualityCheckReadFilter) AND NonZeroReferenceLengthAlignmentReadFilter) AND GoodCigarReadFilter)
      5027 read(s) filtered by: ((((((MappingQualityReadFilter AND MappingQualityAvailableReadFilter) AND MappedReadFilter) AND NotSecondaryAlignmentReadFilter) AND NotDuplicateReadFilter) AND PassesVendorQualityCheckReadFilter) AND NonZeroReferenceLengthAlignmentReadFilter)
          5027 read(s) filtered by: (((((MappingQualityReadFilter AND MappingQualityAvailableReadFilter) AND MappedReadFilter) AND NotSecondaryAlignmentReadFilter) AND NotDuplicateReadFilter) AND PassesVendorQualityCheckReadFilter)
              5027 read(s) filtered by: ((((MappingQualityReadFilter AND MappingQualityAvailableReadFilter) AND MappedReadFilter) AND NotSecondaryAlignmentReadFilter) AND NotDuplicateReadFilter)
                  26 read(s) filtered by: (((MappingQualityReadFilter AND MappingQualityAvailableReadFilter) AND MappedReadFilter) AND NotSecondaryAlignmentReadFilter)
                      26 read(s) filtered by: ((MappingQualityReadFilter AND MappingQualityAvailableReadFilter) AND MappedReadFilter)
                          26 read(s) filtered by: (MappingQualityReadFilter AND MappingQualityAvailableReadFilter)
                              26 read(s) filtered by: MappingQualityReadFilter 
                  5001 read(s) filtered by: NotDuplicateReadFilter 

22:25:04.139 INFO  ProgressMeter -             trnL:601              1.2                    27             22.2
22:25:04.140 INFO  ProgressMeter - Traversal complete. Processed 27 total regions in 1.2 minutes.
22:25:04.152 INFO  VectorLoglessPairHMM - Time spent in setup for JNI call : 0.055534958
22:25:04.152 INFO  PairHMM - Total compute time in PairHMM computeLogLikelihoods() : 47.344252007
22:25:04.153 INFO  SmithWatermanAligner - Total compute time in java Smith-Waterman : 5.67 sec
22:25:04.153 INFO  HaplotypeCaller - Shutting down engine
[September 27, 2018 10:25:04 PM PDT] org.broadinstitute.hellbender.tools.walkers.haplotypecaller.HaplotypeCaller done. Elapsed time: 1.24 minutes.
Runtime.totalMemory()=2938634240
