Sourcing executables from speedseq.config ...
Aligning...
[M::bwa_idx_load_from_disk] read 0 ALT contigs
samblaster: Version 0.1.22
samblaster: Inputting from stdin
samblaster: Outputting to stdout
samblaster: Opening Lo28.filtered.Yc517uX3f6Df/disc_pipe for write.
samblaster: Opening Lo28.filtered.Yc517uX3f6Df/spl_pipe for write.
[M::process] read 32526 sequences (3746749 bp)...
[M::mem_pestat] # candidate unique pairs for (FF, FR, RF, RR): (0, 15166, 0, 3)
[M::mem_pestat] skip orientation FF as there are not enough pairs
[M::mem_pestat] analyzing insert size distribution for orientation FR...
[M::mem_pestat] (25, 50, 75) percentile: (78, 125, 189)
[M::mem_pestat] low and high boundaries for computing mean and std.dev: (1, 411)
[M::mem_pestat] mean and std.dev: (139.68, 79.74)
[M::mem_pestat] low and high boundaries for proper pairs: (1, 522)
[M::mem_pestat] skip orientation RF as there are not enough pairs
[M::mem_pestat] skip orientation RR as there are not enough pairs
[M::mem_process_seqs] Processed 32526 reads in 3.804 CPU sec, 1.205 real sec
samblaster: Loaded 5 header sequence entries.
[main] Version: 0.7.12-r1039
[main] CMD:samblaster: Output 81 discordant read pairs to Lo28.filtered.Yc517uX3f6Df/disc_pipe
 /opt/linux/centos/7.x/x86_64/pkgs/bwa/0.7.12/bin/bwasamblaster: Output 52 split reads to Lo28.filtered.Yc517uX3f6Df/spl_pipe
 mem -t 4 -R @RG\tID:Lo28\tSM:Lo28\tLB:Lib\samblaster: Marked 3974 of 16263 (24.44%) read ids as duplicates references.fasta data/003307_Lo28_S100_R1_filtered.fastq.gz using 1332k memory in  data/003307_Lo28_S100_R2_filtered.fastq.gz0.067S CPU seconds and 
[main] Real time: 1.524 sec; CPU: 3.966 sec
1S wall time.
Done
Using GATK jar /bigdata/operations/pkgadmin/opt/linux/centos/7.x/x86_64/pkgs/gatk/4.0.8.1/gatk-package-4.0.8.1-local.jar
Running:
    java -Dsamjdk.use_async_io_read_samtools=false -Dsamjdk.use_async_io_write_samtools=true -Dsamjdk.use_async_io_write_tribble=false -Dsamjdk.compression_level=2 -jar /bigdata/operations/pkgadmin/opt/linux/centos/7.x/x86_64/pkgs/gatk/4.0.8.1/gatk-package-4.0.8.1-local.jar HaplotypeCaller -R references.fasta -I results/Lo28.filtered.bam -O results/Lo28.g.vcf -ERC GVCF
22:24:42.021 INFO  NativeLibraryLoader - Loading libgkl_compression.so from jar:file:/bigdata/operations/pkgadmin/opt/linux/centos/7.x/x86_64/pkgs/gatk/4.0.8.1/gatk-package-4.0.8.1-local.jar!/com/intel/gkl/native/libgkl_compression.so
22:24:42.429 INFO  HaplotypeCaller - ------------------------------------------------------------
22:24:42.431 INFO  HaplotypeCaller - The Genome Analysis Toolkit (GATK) v4.0.8.1
22:24:42.431 INFO  HaplotypeCaller - For support and documentation go to https://software.broadinstitute.org/gatk/
22:24:42.431 INFO  HaplotypeCaller - Executing as arajewski@c29 on Linux v3.10.0-693.11.6.el7.x86_64 amd64
22:24:42.431 INFO  HaplotypeCaller - Java runtime: Java HotSpot(TM) 64-Bit Server VM v1.8.0_45-b14
22:24:42.432 INFO  HaplotypeCaller - Start Date/Time: September 27, 2018 10:24:41 PM PDT
22:24:42.432 INFO  HaplotypeCaller - ------------------------------------------------------------
22:24:42.432 INFO  HaplotypeCaller - ------------------------------------------------------------
22:24:42.433 INFO  HaplotypeCaller - HTSJDK Version: 2.16.0
22:24:42.433 INFO  HaplotypeCaller - Picard Version: 2.18.7
22:24:42.433 INFO  HaplotypeCaller - HTSJDK Defaults.COMPRESSION_LEVEL : 2
22:24:42.433 INFO  HaplotypeCaller - HTSJDK Defaults.USE_ASYNC_IO_READ_FOR_SAMTOOLS : false
22:24:42.433 INFO  HaplotypeCaller - HTSJDK Defaults.USE_ASYNC_IO_WRITE_FOR_SAMTOOLS : true
22:24:42.433 INFO  HaplotypeCaller - HTSJDK Defaults.USE_ASYNC_IO_WRITE_FOR_TRIBBLE : false
22:24:42.434 INFO  HaplotypeCaller - Deflater: IntelDeflater
22:24:42.434 INFO  HaplotypeCaller - Inflater: IntelInflater
22:24:42.434 INFO  HaplotypeCaller - GCS max retries/reopens: 20
22:24:42.434 INFO  HaplotypeCaller - Using google-cloud-java fork https://github.com/broadinstitute/google-cloud-java/releases/tag/0.20.5-alpha-GCS-RETRY-FIX
22:24:42.440 INFO  HaplotypeCaller - Initializing engine
22:24:43.121 INFO  HaplotypeCaller - Done initializing engine
22:24:43.127 INFO  HaplotypeCallerEngine - Tool is in reference confidence mode and the annotation, the following changes will be made to any specified annotations: 'StrandBiasBySample' will be enabled. 'ChromosomeCounts', 'FisherStrand', 'StrandOddsRatio' and 'QualByDepth' annotations have been disabled
22:24:43.131 INFO  HaplotypeCallerEngine - Standard Emitting and Calling confidence set to 0.0 for reference-model confidence output
22:24:43.132 INFO  HaplotypeCallerEngine - All sites annotated with PLs forced to true for reference-model confidence output
22:24:43.150 INFO  NativeLibraryLoader - Loading libgkl_utils.so from jar:file:/bigdata/operations/pkgadmin/opt/linux/centos/7.x/x86_64/pkgs/gatk/4.0.8.1/gatk-package-4.0.8.1-local.jar!/com/intel/gkl/native/libgkl_utils.so
22:24:43.154 INFO  NativeLibraryLoader - Loading libgkl_pairhmm_omp.so from jar:file:/bigdata/operations/pkgadmin/opt/linux/centos/7.x/x86_64/pkgs/gatk/4.0.8.1/gatk-package-4.0.8.1-local.jar!/com/intel/gkl/native/libgkl_pairhmm_omp.so
22:24:43.219 WARN  IntelPairHmm - Flush-to-zero (FTZ) is enabled when running PairHMM
22:24:43.219 INFO  IntelPairHmm - Available threads: 4
22:24:43.220 INFO  IntelPairHmm - Requested threads: 4
22:24:43.220 INFO  PairHMM - Using the OpenMP multi-threaded AVX-accelerated native PairHMM implementation
22:24:43.298 INFO  ProgressMeter - Starting traversal
22:24:43.299 INFO  ProgressMeter -        Current Locus  Elapsed Minutes     Regions Processed   Regions/Minute
22:25:08.491 INFO  ProgressMeter -              WXY:660              0.4                    10             23.8
22:25:26.107 INFO  ProgressMeter -               psaA:1              0.7                    20             28.0
22:26:10.904 INFO  HaplotypeCaller - 7977 read(s) filtered by: ((((((((MappingQualityReadFilter AND MappingQualityAvailableReadFilter) AND MappedReadFilter) AND NotSecondaryAlignmentReadFilter) AND NotDuplicateReadFilter) AND PassesVendorQualityCheckReadFilter) AND NonZeroReferenceLengthAlignmentReadFilter) AND GoodCigarReadFilter) AND WellformedReadFilter)
  7977 read(s) filtered by: (((((((MappingQualityReadFilter AND MappingQualityAvailableReadFilter) AND MappedReadFilter) AND NotSecondaryAlignmentReadFilter) AND NotDuplicateReadFilter) AND PassesVendorQualityCheckReadFilter) AND NonZeroReferenceLengthAlignmentReadFilter) AND GoodCigarReadFilter)
      7977 read(s) filtered by: ((((((MappingQualityReadFilter AND MappingQualityAvailableReadFilter) AND MappedReadFilter) AND NotSecondaryAlignmentReadFilter) AND NotDuplicateReadFilter) AND PassesVendorQualityCheckReadFilter) AND NonZeroReferenceLengthAlignmentReadFilter)
          7977 read(s) filtered by: (((((MappingQualityReadFilter AND MappingQualityAvailableReadFilter) AND MappedReadFilter) AND NotSecondaryAlignmentReadFilter) AND NotDuplicateReadFilter) AND PassesVendorQualityCheckReadFilter)
              7977 read(s) filtered by: ((((MappingQualityReadFilter AND MappingQualityAvailableReadFilter) AND MappedReadFilter) AND NotSecondaryAlignmentReadFilter) AND NotDuplicateReadFilter)
                  29 read(s) filtered by: (((MappingQualityReadFilter AND MappingQualityAvailableReadFilter) AND MappedReadFilter) AND NotSecondaryAlignmentReadFilter)
                      29 read(s) filtered by: ((MappingQualityReadFilter AND MappingQualityAvailableReadFilter) AND MappedReadFilter)
                          29 read(s) filtered by: (MappingQualityReadFilter AND MappingQualityAvailableReadFilter)
                              29 read(s) filtered by: MappingQualityReadFilter 
                  7948 read(s) filtered by: NotDuplicateReadFilter 

22:26:10.905 INFO  ProgressMeter -               LFY:98              1.5                    37             25.3
22:26:10.905 INFO  ProgressMeter - Traversal complete. Processed 37 total regions in 1.5 minutes.
22:26:10.912 INFO  VectorLoglessPairHMM - Time spent in setup for JNI call : 0.064549392
22:26:10.912 INFO  PairHMM - Total compute time in PairHMM computeLogLikelihoods() : 60.551764668000004
22:26:10.912 INFO  SmithWatermanAligner - Total compute time in java Smith-Waterman : 5.96 sec
22:26:10.912 INFO  HaplotypeCaller - Shutting down engine
[September 27, 2018 10:26:10 PM PDT] org.broadinstitute.hellbender.tools.walkers.haplotypecaller.HaplotypeCaller done. Elapsed time: 1.48 minutes.
Runtime.totalMemory()=3122135040
