Sourcing executables from speedseq.config ...
Aligning...
samblaster: Version 0.1.22
samblaster: Inputting from stdin
samblaster: Outputting to stdout
samblaster: Opening JT183.filtered.m8p6ymuuLORj/disc_pipe for write.
[M::bwa_idx_load_from_disk] read 0 ALT contigs
[M::process] read 28114 sequences (3506250 bp)...
samblaster: Opening JT183.filtered.m8p6ymuuLORj/spl_pipe for write.
[M::mem_pestat] # candidate unique pairs for (FF, FR, RF, RR): (3, 12384, 0, 0)
[M::mem_pestat] skip orientation FF as there are not enough pairs
[M::mem_pestat] analyzing insert size distribution for orientation FR...
[M::mem_pestat] (25, 50, 75) percentile: (96, 153, 229)
[M::mem_pestat] low and high boundaries for computing mean and std.dev: (1, 495)
[M::mem_pestat] mean and std.dev: (168.54, 95.34)
[M::mem_pestat] low and high boundaries for proper pairs: (1, 628)
[M::mem_pestat] skip orientation RF as there are not enough pairs
[M::mem_pestat] skip orientation RR as there are not enough pairs
[M::mem_process_seqs] Processed 28114 reads in 3.068 CPU sec, 1.168 real sec
samblaster: Loaded 5 header sequence entries.
[main] Version: 0.7.12-r1039
[main] CMD: /opt/linux/centos/7.x/x86_64/pkgs/bwa/0.7.12/bin/bwa mem -t 4 -R @RG\tID:JT183\tSM:JT183\tLB:Lib\ references.fasta data/003281_JT183_S74_R1_filtered.fastq.gz data/003281_JT183_S74_R2_filtered.fastq.gz
[main] Real time: 1.560 sec; CPU: 3.219 sec
samblaster: Output 70 discordant read pairs to JT183.filtered.m8p6ymuuLORj/disc_pipe
samblaster: Output 32 split reads to JT183.filtered.m8p6ymuuLORj/spl_pipe
samblaster: Marked 2485 of 14057 (17.68%) read ids as duplicates using 1332k memory in 0.064S CPU seconds and 2S wall time.
Done
Using GATK jar /bigdata/operations/pkgadmin/opt/linux/centos/7.x/x86_64/pkgs/gatk/4.0.8.1/gatk-package-4.0.8.1-local.jar
Running:
    java -Dsamjdk.use_async_io_read_samtools=false -Dsamjdk.use_async_io_write_samtools=true -Dsamjdk.use_async_io_write_tribble=false -Dsamjdk.compression_level=2 -jar /bigdata/operations/pkgadmin/opt/linux/centos/7.x/x86_64/pkgs/gatk/4.0.8.1/gatk-package-4.0.8.1-local.jar HaplotypeCaller -R references.fasta -I results/JT183.filtered.bam -O results/JT183.g.vcf -ERC GVCF
22:23:50.680 INFO  NativeLibraryLoader - Loading libgkl_compression.so from jar:file:/bigdata/operations/pkgadmin/opt/linux/centos/7.x/x86_64/pkgs/gatk/4.0.8.1/gatk-package-4.0.8.1-local.jar!/com/intel/gkl/native/libgkl_compression.so
22:23:51.368 INFO  HaplotypeCaller - ------------------------------------------------------------
22:23:51.371 INFO  HaplotypeCaller - The Genome Analysis Toolkit (GATK) v4.0.8.1
22:23:51.371 INFO  HaplotypeCaller - For support and documentation go to https://software.broadinstitute.org/gatk/
22:23:51.386 INFO  HaplotypeCaller - Executing as arajewski@c32 on Linux v3.10.0-693.11.6.el7.x86_64 amd64
22:23:51.386 INFO  HaplotypeCaller - Java runtime: Java HotSpot(TM) 64-Bit Server VM v1.8.0_45-b14
22:23:51.386 INFO  HaplotypeCaller - Start Date/Time: September 27, 2018 10:23:50 PM PDT
22:23:51.386 INFO  HaplotypeCaller - ------------------------------------------------------------
22:23:51.387 INFO  HaplotypeCaller - ------------------------------------------------------------
22:23:51.388 INFO  HaplotypeCaller - HTSJDK Version: 2.16.0
22:23:51.388 INFO  HaplotypeCaller - Picard Version: 2.18.7
22:23:51.388 INFO  HaplotypeCaller - HTSJDK Defaults.COMPRESSION_LEVEL : 2
22:23:51.388 INFO  HaplotypeCaller - HTSJDK Defaults.USE_ASYNC_IO_READ_FOR_SAMTOOLS : false
22:23:51.388 INFO  HaplotypeCaller - HTSJDK Defaults.USE_ASYNC_IO_WRITE_FOR_SAMTOOLS : true
22:23:51.388 INFO  HaplotypeCaller - HTSJDK Defaults.USE_ASYNC_IO_WRITE_FOR_TRIBBLE : false
22:23:51.388 INFO  HaplotypeCaller - Deflater: IntelDeflater
22:23:51.388 INFO  HaplotypeCaller - Inflater: IntelInflater
22:23:51.389 INFO  HaplotypeCaller - GCS max retries/reopens: 20
22:23:51.389 INFO  HaplotypeCaller - Using google-cloud-java fork https://github.com/broadinstitute/google-cloud-java/releases/tag/0.20.5-alpha-GCS-RETRY-FIX
22:23:51.396 INFO  HaplotypeCaller - Initializing engine
22:23:52.114 INFO  HaplotypeCaller - Done initializing engine
22:23:52.121 INFO  HaplotypeCallerEngine - Tool is in reference confidence mode and the annotation, the following changes will be made to any specified annotations: 'StrandBiasBySample' will be enabled. 'ChromosomeCounts', 'FisherStrand', 'StrandOddsRatio' and 'QualByDepth' annotations have been disabled
22:23:52.127 INFO  HaplotypeCallerEngine - Standard Emitting and Calling confidence set to 0.0 for reference-model confidence output
22:23:52.127 INFO  HaplotypeCallerEngine - All sites annotated with PLs forced to true for reference-model confidence output
22:23:52.147 INFO  NativeLibraryLoader - Loading libgkl_utils.so from jar:file:/bigdata/operations/pkgadmin/opt/linux/centos/7.x/x86_64/pkgs/gatk/4.0.8.1/gatk-package-4.0.8.1-local.jar!/com/intel/gkl/native/libgkl_utils.so
22:23:52.150 INFO  NativeLibraryLoader - Loading libgkl_pairhmm_omp.so from jar:file:/bigdata/operations/pkgadmin/opt/linux/centos/7.x/x86_64/pkgs/gatk/4.0.8.1/gatk-package-4.0.8.1-local.jar!/com/intel/gkl/native/libgkl_pairhmm_omp.so
22:23:52.217 WARN  IntelPairHmm - Flush-to-zero (FTZ) is enabled when running PairHMM
22:23:52.218 INFO  IntelPairHmm - Available threads: 4
22:23:52.219 INFO  IntelPairHmm - Requested threads: 4
22:23:52.219 INFO  PairHMM - Using the OpenMP multi-threaded AVX-accelerated native PairHMM implementation
22:23:52.307 INFO  ProgressMeter - Starting traversal
22:23:52.308 INFO  ProgressMeter -        Current Locus  Elapsed Minutes     Regions Processed   Regions/Minute
22:24:24.902 INFO  ProgressMeter -              WXY:794              0.5                    10             18.4
22:24:37.860 INFO  ProgressMeter -             psaA:601              0.8                    20             26.3
22:25:08.488 INFO  ProgressMeter -              LFY:524              1.3                    30             23.6
22:25:08.820 INFO  HaplotypeCaller - 5010 read(s) filtered by: ((((((((MappingQualityReadFilter AND MappingQualityAvailableReadFilter) AND MappedReadFilter) AND NotSecondaryAlignmentReadFilter) AND NotDuplicateReadFilter) AND PassesVendorQualityCheckReadFilter) AND NonZeroReferenceLengthAlignmentReadFilter) AND GoodCigarReadFilter) AND WellformedReadFilter)
  5010 read(s) filtered by: (((((((MappingQualityReadFilter AND MappingQualityAvailableReadFilter) AND MappedReadFilter) AND NotSecondaryAlignmentReadFilter) AND NotDuplicateReadFilter) AND PassesVendorQualityCheckReadFilter) AND NonZeroReferenceLengthAlignmentReadFilter) AND GoodCigarReadFilter)
      5010 read(s) filtered by: ((((((MappingQualityReadFilter AND MappingQualityAvailableReadFilter) AND MappedReadFilter) AND NotSecondaryAlignmentReadFilter) AND NotDuplicateReadFilter) AND PassesVendorQualityCheckReadFilter) AND NonZeroReferenceLengthAlignmentReadFilter)
          5010 read(s) filtered by: (((((MappingQualityReadFilter AND MappingQualityAvailableReadFilter) AND MappedReadFilter) AND NotSecondaryAlignmentReadFilter) AND NotDuplicateReadFilter) AND PassesVendorQualityCheckReadFilter)
              5010 read(s) filtered by: ((((MappingQualityReadFilter AND MappingQualityAvailableReadFilter) AND MappedReadFilter) AND NotSecondaryAlignmentReadFilter) AND NotDuplicateReadFilter)
                  42 read(s) filtered by: (((MappingQualityReadFilter AND MappingQualityAvailableReadFilter) AND MappedReadFilter) AND NotSecondaryAlignmentReadFilter)
                      42 read(s) filtered by: ((MappingQualityReadFilter AND MappingQualityAvailableReadFilter) AND MappedReadFilter)
                          42 read(s) filtered by: (MappingQualityReadFilter AND MappingQualityAvailableReadFilter)
                              42 read(s) filtered by: MappingQualityReadFilter 
                  4968 read(s) filtered by: NotDuplicateReadFilter 

22:25:08.820 INFO  ProgressMeter -              LFY:524              1.3                    31             24.3
22:25:08.820 INFO  ProgressMeter - Traversal complete. Processed 31 total regions in 1.3 minutes.
22:25:08.830 INFO  VectorLoglessPairHMM - Time spent in setup for JNI call : 0.06925245000000001
22:25:08.831 INFO  PairHMM - Total compute time in PairHMM computeLogLikelihoods() : 46.495859857000006
22:25:08.831 INFO  SmithWatermanAligner - Total compute time in java Smith-Waterman : 6.60 sec
22:25:08.831 INFO  HaplotypeCaller - Shutting down engine
[September 27, 2018 10:25:08 PM PDT] org.broadinstitute.hellbender.tools.walkers.haplotypecaller.HaplotypeCaller done. Elapsed time: 1.30 minutes.
Runtime.totalMemory()=3100639232
