Sourcing executables from speedseq.config ...
Aligning...
samblaster: Version 0.1.22
samblaster: Inputting from stdin
samblaster: Outputting to stdout
samblaster: Opening H0B.filtered.hD81XMi5kNvW/disc_pipe for write.
[M::bwa_idx_load_from_disk] read 0 ALT contigs
samblaster: Opening H0B.filtered.hD81XMi5kNvW/spl_pipe for write.
[M::process] read 51046 sequences (5883717 bp)...
[M::mem_pestat] # candidate unique pairs for (FF, FR, RF, RR): (2, 22759, 0, 3)
[M::mem_pestat] skip orientation FF as there are not enough pairs
[M::mem_pestat] analyzing insert size distribution for orientation FR...
[M::mem_pestat] (25, 50, 75) percentile: (80, 128, 197)
[M::mem_pestat] low and high boundaries for computing mean and std.dev: (1, 431)
[M::mem_pestat] mean and std.dev: (144.30, 83.73)
[M::mem_pestat] low and high boundaries for proper pairs: (1, 548)
[M::mem_pestat] skip orientation RF as there are not enough pairs
[M::mem_pestat] skip orientation RR as there are not enough pairs
[M::mem_process_seqs] Processed 51046 reads in 5.239 CPU sec, 1.609 real sec
samblaster: Loaded 5 header sequence entries.
[main] Version: 0.7.12-r1039
samblaster: Output 112 discordant read pairs to H0B.filtered.hD81XMi5kNvW/disc_pipe
[main] CMD:samblaster: Output 82 split reads to H0B.filtered.hD81XMi5kNvW/spl_pipe
 /opt/linux/centos/7.x/x86_64/pkgs/bwa/0.7.12/bin/bwa mem -t 4 -Rsamblaster: Marked 7247 of 25523 (28.39%) read ids as duplicates @RG\tID:H0B\tSM:H0B\tLB:Lib\ references.fasta using 1596k memory in  data/003238_H0B_S31_R1_filtered.fastq.gz0.104S data/003238_H0B_S31_R2_filtered.fastq.gz CPU seconds and 2S wall time.

[main] Real time: 2.138 sec; CPU: 5.506 sec
Done
Using GATK jar /bigdata/operations/pkgadmin/opt/linux/centos/7.x/x86_64/pkgs/gatk/4.0.8.1/gatk-package-4.0.8.1-local.jar
Running:
    java -Dsamjdk.use_async_io_read_samtools=false -Dsamjdk.use_async_io_write_samtools=true -Dsamjdk.use_async_io_write_tribble=false -Dsamjdk.compression_level=2 -jar /bigdata/operations/pkgadmin/opt/linux/centos/7.x/x86_64/pkgs/gatk/4.0.8.1/gatk-package-4.0.8.1-local.jar HaplotypeCaller -R references.fasta -I results/H0B.filtered.bam -O results/H0B.g.vcf -ERC GVCF
22:23:51.402 INFO  NativeLibraryLoader - Loading libgkl_compression.so from jar:file:/bigdata/operations/pkgadmin/opt/linux/centos/7.x/x86_64/pkgs/gatk/4.0.8.1/gatk-package-4.0.8.1-local.jar!/com/intel/gkl/native/libgkl_compression.so
22:23:51.903 INFO  HaplotypeCaller - ------------------------------------------------------------
22:23:51.906 INFO  HaplotypeCaller - The Genome Analysis Toolkit (GATK) v4.0.8.1
22:23:51.906 INFO  HaplotypeCaller - For support and documentation go to https://software.broadinstitute.org/gatk/
22:23:51.907 INFO  HaplotypeCaller - Executing as arajewski@c03 on Linux v3.10.0-693.11.6.el7.x86_64 amd64
22:23:51.907 INFO  HaplotypeCaller - Java runtime: Java HotSpot(TM) 64-Bit Server VM v1.8.0_45-b14
22:23:51.908 INFO  HaplotypeCaller - Start Date/Time: September 27, 2018 10:23:51 PM PDT
22:23:51.908 INFO  HaplotypeCaller - ------------------------------------------------------------
22:23:51.908 INFO  HaplotypeCaller - ------------------------------------------------------------
22:23:51.909 INFO  HaplotypeCaller - HTSJDK Version: 2.16.0
22:23:51.909 INFO  HaplotypeCaller - Picard Version: 2.18.7
22:23:51.909 INFO  HaplotypeCaller - HTSJDK Defaults.COMPRESSION_LEVEL : 2
22:23:51.909 INFO  HaplotypeCaller - HTSJDK Defaults.USE_ASYNC_IO_READ_FOR_SAMTOOLS : false
22:23:51.910 INFO  HaplotypeCaller - HTSJDK Defaults.USE_ASYNC_IO_WRITE_FOR_SAMTOOLS : true
22:23:51.910 INFO  HaplotypeCaller - HTSJDK Defaults.USE_ASYNC_IO_WRITE_FOR_TRIBBLE : false
22:23:51.910 INFO  HaplotypeCaller - Deflater: IntelDeflater
22:23:51.910 INFO  HaplotypeCaller - Inflater: IntelInflater
22:23:51.910 INFO  HaplotypeCaller - GCS max retries/reopens: 20
22:23:51.910 INFO  HaplotypeCaller - Using google-cloud-java fork https://github.com/broadinstitute/google-cloud-java/releases/tag/0.20.5-alpha-GCS-RETRY-FIX
22:23:51.918 INFO  HaplotypeCaller - Initializing engine
22:23:52.860 INFO  HaplotypeCaller - Done initializing engine
22:23:52.874 INFO  HaplotypeCallerEngine - Tool is in reference confidence mode and the annotation, the following changes will be made to any specified annotations: 'StrandBiasBySample' will be enabled. 'ChromosomeCounts', 'FisherStrand', 'StrandOddsRatio' and 'QualByDepth' annotations have been disabled
22:23:52.880 INFO  HaplotypeCallerEngine - Standard Emitting and Calling confidence set to 0.0 for reference-model confidence output
22:23:52.880 INFO  HaplotypeCallerEngine - All sites annotated with PLs forced to true for reference-model confidence output
22:23:52.900 INFO  NativeLibraryLoader - Loading libgkl_utils.so from jar:file:/bigdata/operations/pkgadmin/opt/linux/centos/7.x/x86_64/pkgs/gatk/4.0.8.1/gatk-package-4.0.8.1-local.jar!/com/intel/gkl/native/libgkl_utils.so
22:23:52.903 INFO  NativeLibraryLoader - Loading libgkl_pairhmm_omp.so from jar:file:/bigdata/operations/pkgadmin/opt/linux/centos/7.x/x86_64/pkgs/gatk/4.0.8.1/gatk-package-4.0.8.1-local.jar!/com/intel/gkl/native/libgkl_pairhmm_omp.so
22:23:52.971 WARN  IntelPairHmm - Flush-to-zero (FTZ) is enabled when running PairHMM
22:23:52.973 INFO  IntelPairHmm - Available threads: 4
22:23:52.974 INFO  IntelPairHmm - Requested threads: 4
22:23:52.974 INFO  PairHMM - Using the OpenMP multi-threaded AVX-accelerated native PairHMM implementation
22:23:53.078 INFO  ProgressMeter - Starting traversal
22:23:53.079 INFO  ProgressMeter -        Current Locus  Elapsed Minutes     Regions Processed   Regions/Minute
22:24:30.799 INFO  ProgressMeter -              WXY:794              0.6                    10             15.9
22:24:41.879 INFO  ProgressMeter -               trnL:1              0.8                    20             24.6
22:25:36.798 INFO  HaplotypeCaller - 14552 read(s) filtered by: ((((((((MappingQualityReadFilter AND MappingQualityAvailableReadFilter) AND MappedReadFilter) AND NotSecondaryAlignmentReadFilter) AND NotDuplicateReadFilter) AND PassesVendorQualityCheckReadFilter) AND NonZeroReferenceLengthAlignmentReadFilter) AND GoodCigarReadFilter) AND WellformedReadFilter)
  14552 read(s) filtered by: (((((((MappingQualityReadFilter AND MappingQualityAvailableReadFilter) AND MappedReadFilter) AND NotSecondaryAlignmentReadFilter) AND NotDuplicateReadFilter) AND PassesVendorQualityCheckReadFilter) AND NonZeroReferenceLengthAlignmentReadFilter) AND GoodCigarReadFilter)
      14552 read(s) filtered by: ((((((MappingQualityReadFilter AND MappingQualityAvailableReadFilter) AND MappedReadFilter) AND NotSecondaryAlignmentReadFilter) AND NotDuplicateReadFilter) AND PassesVendorQualityCheckReadFilter) AND NonZeroReferenceLengthAlignmentReadFilter)
          14552 read(s) filtered by: (((((MappingQualityReadFilter AND MappingQualityAvailableReadFilter) AND MappedReadFilter) AND NotSecondaryAlignmentReadFilter) AND NotDuplicateReadFilter) AND PassesVendorQualityCheckReadFilter)
              14552 read(s) filtered by: ((((MappingQualityReadFilter AND MappingQualityAvailableReadFilter) AND MappedReadFilter) AND NotSecondaryAlignmentReadFilter) AND NotDuplicateReadFilter)
                  59 read(s) filtered by: (((MappingQualityReadFilter AND MappingQualityAvailableReadFilter) AND MappedReadFilter) AND NotSecondaryAlignmentReadFilter)
                      59 read(s) filtered by: ((MappingQualityReadFilter AND MappingQualityAvailableReadFilter) AND MappedReadFilter)
                          59 read(s) filtered by: (MappingQualityReadFilter AND MappingQualityAvailableReadFilter)
                              59 read(s) filtered by: MappingQualityReadFilter 
                  14493 read(s) filtered by: NotDuplicateReadFilter 

22:25:36.799 INFO  ProgressMeter -               trnL:1              1.7                    28             16.2
22:25:36.799 INFO  ProgressMeter - Traversal complete. Processed 28 total regions in 1.7 minutes.
22:25:36.809 INFO  VectorLoglessPairHMM - Time spent in setup for JNI call : 0.21108273700000002
22:25:36.809 INFO  PairHMM - Total compute time in PairHMM computeLogLikelihoods() : 66.93350575000001
22:25:36.809 INFO  SmithWatermanAligner - Total compute time in java Smith-Waterman : 6.80 sec
22:25:36.809 INFO  HaplotypeCaller - Shutting down engine
[September 27, 2018 10:25:36 PM PDT] org.broadinstitute.hellbender.tools.walkers.haplotypecaller.HaplotypeCaller done. Elapsed time: 1.76 minutes.
Runtime.totalMemory()=2987393024
