

                            MrBayes v3.2.6 x64

                      (Bayesian Analysis of Phylogeny)

              Distributed under the GNU General Public License


               Type "help" or "help <command>" for information
                     on the commands that are available.

                   Type "about" for authorship and general
                       information about the program.



   Executing file "plastid_nomissing.par"
   UNIX line termination
   Longest line length = 46
   Parsing file
   Setting autoclose to yes
   Setting nowarnings to yes

   Executing file "plastid/Plastid_NoMissingrenamed.nex"...



                            MrBayes v3.2.6 x64

                      (Bayesian Analysis of Phylogeny)

              Distributed under the GNU General Public License


               Type "help" or "help <command>" for information
                     on the commands that are available.

                   Type "about" for authorship and general
                       information about the program.



   Executing file "plastid_nomissing.par"
   UNIX line termination
   Longest line length = 46
   Parsing file
   Setting autoclose to yes
   Setting nowarnings to yes

   Executing file "plastid/Plastid_NoMissingrenamed.nex"...



                            MrBayes v3.2.6 x64

                      (Bayesian Analysis of Phylogeny)

              Distributed under the GNU General Public License


               Type "help" or "help <command>" for information
                     on the commands that are available.

                   Type "about" for authorship and general
                       information about the program.



   Executing file "plastid_nomissing.par"
   UNIX line termination
   Longest line length = 46
   Parsing file
   Setting autoclose to yes
   Setting nowarnings to yes

   Executing file "plastid/Plastid_NoMissingrenamed.nex"...



                            MrBayes v3.2.6 x64

                      (Bayesian Analysis of Phylogeny)

              Distributed under the GNU General Public License


               Type "help" or "help <command>" for information
                     on the commands that are available.

                   Type "about" for authorship and general
                       information about the program.



   Executing file "plastid_nomissing.par"
   UNIX line termination
   Longest line length = 46
   Parsing file
   Setting autoclose to yes
   Setting nowarnings to yes

   Executing file "plastid/Plastid_NoMissingrenamed.nex"...



                            MrBayes v3.2.6 x64

                      (Bayesian Analysis of Phylogeny)

              Distributed under the GNU General Public License


               Type "help" or "help <command>" for information
                     on the commands that are available.

                   Type "about" for authorship and general
                       information about the program.



   Executing file "plastid_nomissing.par"
   UNIX line termination
   Longest line length = 46
   Parsing file
   Setting autoclose to yes
   Setting nowarnings to yes

   Executing file "plastid/Plastid_NoMissingrenamed.nex"...



                            MrBayes v3.2.6 x64

                      (Bayesian Analysis of Phylogeny)

              Distributed under the GNU General Public License


               Type "help" or "help <command>" for information
                     on the commands that are available.

                   Type "about" for authorship and general
                       information about the program.



   Executing file "plastid_nomissing.par"
   UNIX line termination
   Longest line length = 46
   Parsing file
   Setting autoclose to yes
   Setting nowarnings to yes

   Executing file "plastid/Plastid_NoMissingrenamed.nex"...



                            MrBayes v3.2.6 x64

                      (Bayesian Analysis of Phylogeny)

              Distributed under the GNU General Public License


               Type "help" or "help <command>" for information
                     on the commands that are available.

                   Type "about" for authorship and general
                       information about the program.



   Executing file "plastid_nomissing.par"
   UNIX line termination
   Longest line length = 46
   Parsing file
   Setting autoclose to yes
   Setting nowarnings to yes

   Executing file "plastid/Plastid_NoMissingrenamed.nex"...



                            MrBayes v3.2.6 x64

                      (Bayesian Analysis of Phylogeny)

              Distributed under the GNU General Public License


               Type "help" or "help <command>" for information
                     on the commands that are available.

                   Type "about" for authorship and general
                       information about the program.



   Executing file "plastid_nomissing.par"
   UNIX line termination
   Longest line length = 46
   Parsing file
   Setting autoclose to yes
   Setting nowarnings to yes

   Executing file "plastid/Plastid_NoMissingrenamed.nex"...

   UNIX line termination
   UNIX line termination
   UNIX line termination
   UNIX line termination
   UNIX line termination
   Longest line length = 2475
   UNIX line termination
   Longest line length = 2475
   UNIX line termination
   Longest line length = 2475
   Longest line length = 2475
   Parsing file
   Longest line length = 2475
   Parsing file
   Expecting NEXUS formatted file
   Reading taxa block
      Allocated taxon set
      Defining new set of 26 taxa
   Exiting taxa block
   Reading characters block
      Allocated matrix
      Defining new character matrix with 2462 characters
      Data is Dna
      Missing data coded as ?
      Gaps coded as -
      Taxon  1 -> cp_Aapp
      Taxon  2 -> cp_Agig
      Taxon  3 -> cp_Atecta
      Taxon  4 -> cp_Haplo1
      Taxon  5 -> cp_Haplo2
      Taxon  6 -> cp_Haplo3
      Taxon  7 -> cp_Haplo4
      Taxon  8 -> cp_Haplo5
      Taxon  9 -> cp_Haplo6
      Taxon 10 -> cp_Haplo7
      Taxon 11 -> cp_Haplo8
      Taxon 12 -> cp_Haplo9
   Parsing file
   Expecting NEXUS formatted file
   Reading taxa block
      Allocated taxon set
      Defining new set of 26 taxa
   Exiting taxa block
   Reading characters block
      Allocated matrix
      Defining new character matrix with 2462 characters
      Data is Dna
      Missing data coded as ?
      Gaps coded as -
      Taxon  1 -> cp_Aapp
      Taxon  2 -> cp_Agig
      Taxon  3 -> cp_Atecta
      Taxon  4 -> cp_Haplo1
      Taxon  5 -> cp_Haplo2
      Taxon  6 -> cp_Haplo3
      Taxon  7 -> cp_Haplo4
      Taxon  8 -> cp_Haplo5
      Taxon  9 -> cp_Haplo6
      Taxon 10 -> cp_Haplo7
      Taxon 11 -> cp_Haplo8
      Taxon 12 -> cp_Haplo9
      Taxon 13 -> cp_Haplo10
      Taxon 14 -> cp_Haplo11
   UNIX line termination
   Longest line length = 2475
   Parsing file
   Expecting NEXUS formatted file
   Reading taxa block
      Allocated taxon set
      Defining new set of 26 taxa
   Exiting taxa block
   Reading characters block
      Allocated matrix
      Defining new character matrix with 2462 characters
      Data is Dna
      Missing data coded as ?
      Gaps coded as -
      Taxon  1 -> cp_Aapp
      Taxon  2 -> cp_Agig
      Taxon  3 -> cp_Atecta
      Taxon  4 -> cp_Haplo1
      Taxon  5 -> cp_Haplo2
      Taxon  6 -> cp_Haplo3
      Taxon  7 -> cp_Haplo4
   Longest line length = 2475
   Parsing file
   Expecting NEXUS formatted file
   Reading taxa block
      Allocated taxon set
      Defining new set of 26 taxa
   Exiting taxa block
   Reading characters block
      Allocated matrix
      Defining new character matrix with 2462 characters
      Data is Dna
      Missing data coded as ?
      Gaps coded as -
      Taxon  1 -> cp_Aapp
      Taxon  2 -> cp_Agig
      Taxon  3 -> cp_Atecta
      Taxon  4 -> cp_Haplo1
      Taxon  5 -> cp_Haplo2
      Taxon  6 -> cp_Haplo3
      Taxon  7 -> cp_Haplo4
   Parsing file
   Expecting NEXUS formatted file
   Reading taxa block
      Allocated taxon set
      Defining new set of 26 taxa
   Exiting taxa block
   Reading characters block
      Allocated matrix
      Defining new character matrix with 2462 characters
      Data is Dna
      Missing data coded as ?
      Gaps coded as -
      Taxon  1 -> cp_Aapp
      Taxon  2 -> cp_Agig
      Taxon  3 -> cp_Atecta
      Taxon  4 -> cp_Haplo1
      Taxon  5 -> cp_Haplo2
      Taxon  6 -> cp_Haplo3
   Parsing file
   Expecting NEXUS formatted file
   Reading taxa block
      Allocated taxon set
      Defining new set of 26 taxa
   Exiting taxa block
   Reading characters block
      Allocated matrix
      Defining new character matrix with 2462 characters
      Data is Dna
      Missing data coded as ?
      Gaps coded as -
      Taxon  1 -> cp_Aapp
      Taxon  2 -> cp_Agig
      Taxon  3 -> cp_Atecta
      Taxon  4 -> cp_Haplo1
      Taxon  5 -> cp_Haplo2
      Taxon  6 -> cp_Haplo3
      Taxon  7 -> cp_Haplo4
      Taxon  8 -> cp_Haplo5
      Taxon  9 -> cp_Haplo6
   Expecting NEXUS formatted file
   Reading taxa block
      Allocated taxon set
      Defining new set of 26 taxa
   Exiting taxa block
   Reading characters block
      Allocated matrix
      Defining new character matrix with 2462 characters
      Data is Dna
      Missing data coded as ?
      Gaps coded as -
      Taxon  1 -> cp_Aapp
      Taxon  2 -> cp_Agig
      Taxon  3 -> cp_Atecta
      Taxon 13 -> cp_Haplo10
      Taxon 14 -> cp_Haplo11
      Taxon 15 -> cp_Haplo12
      Taxon 16 -> cp_Haplo13
      Taxon 17 -> cp_Haplo14
      Taxon 18 -> cp_Haplo15
      Taxon 19 -> cp_Haplo16
      Taxon 20 -> cp_Haplo17
      Taxon 15 -> cp_Haplo12
      Taxon 16 -> cp_Haplo13
      Taxon 17 -> cp_Haplo14
      Taxon 18 -> cp_Haplo15
      Taxon 19 -> cp_Haplo16
      Taxon 20 -> cp_Haplo17
      Taxon 21 -> cp_Haplo18
      Taxon 22 -> cp_Haplo19
      Taxon  8 -> cp_Haplo5
      Taxon  9 -> cp_Haplo6
      Taxon 10 -> cp_Haplo7
      Taxon 11 -> cp_Haplo8
      Taxon 12 -> cp_Haplo9
      Taxon 13 -> cp_Haplo10
      Taxon 14 -> cp_Haplo11
      Taxon  8 -> cp_Haplo5
      Taxon  9 -> cp_Haplo6
      Taxon 10 -> cp_Haplo7
      Taxon 11 -> cp_Haplo8
      Taxon 12 -> cp_Haplo9
      Taxon 13 -> cp_Haplo10
      Taxon 14 -> cp_Haplo11
      Taxon  7 -> cp_Haplo4
      Taxon  8 -> cp_Haplo5
      Taxon  9 -> cp_Haplo6
      Taxon 10 -> cp_Haplo7
      Taxon 11 -> cp_Haplo8
   Longest line length = 2475
   Parsing file
   Expecting NEXUS formatted file
   Reading taxa block
      Allocated taxon set
      Defining new set of 26 taxa
   Exiting taxa block
   Reading characters block
      Allocated matrix
      Defining new character matrix with 2462 characters
      Data is Dna
      Missing data coded as ?
      Gaps coded as -
      Taxon  1 -> cp_Aapp
      Taxon 10 -> cp_Haplo7
      Taxon 11 -> cp_Haplo8
      Taxon 12 -> cp_Haplo9
      Taxon 13 -> cp_Haplo10
      Taxon 14 -> cp_Haplo11
      Taxon 15 -> cp_Haplo12
      Taxon 16 -> cp_Haplo13
      Taxon 21 -> cp_Haplo18
      Taxon 22 -> cp_Haplo19
      Taxon 15 -> cp_Haplo12
      Taxon 16 -> cp_Haplo13
      Taxon 17 -> cp_Haplo14
      Taxon 18 -> cp_Haplo15
      Taxon 15 -> cp_Haplo12
      Taxon 16 -> cp_Haplo13
      Taxon 17 -> cp_Haplo14
      Taxon 18 -> cp_Haplo15
      Taxon 12 -> cp_Haplo9
      Taxon 13 -> cp_Haplo10
      Taxon 23 -> cp_Haplo20
      Taxon 24 -> cp_Haplo21
      Taxon 25 -> cp_Haplo22
      Taxon 26 -> cp_Pedulis
      Taxon  2 -> cp_Agig
      Taxon  3 -> cp_Atecta
      Taxon 17 -> cp_Haplo14
      Taxon 18 -> cp_Haplo15
      Taxon 19 -> cp_Haplo16
      Taxon 20 -> cp_Haplo17
      Taxon 23 -> cp_Haplo20
      Taxon 24 -> cp_Haplo21
      Taxon 25 -> cp_Haplo22
      Taxon 26 -> cp_Pedulis
      Successfully read matrix
      Setting default partition (does not divide up characters)
      Setting model defaults
      Seed (for generating default start values) = 1553898240
      Setting output file names to "plastid/Plastid_NoMissingrenamed.nex.run<i>.<p|t>"
   Exiting characters block
   Reached end of file

   Returning execution to calling file ...

      Expecting '<name> or <number>'
      Instead found ')' in command 'Lset'
      The error occurred when reading char. 15 on line 3
         in the file 'plastid_nomissing.par'
   Error in command "Execute"
   Will exit with signal 1 (error) because quitonerror is set to yes
   If you want control to be returned to the command line on error,
   use 'mb -i <filename>' (i is for interactive) or use 'set quitonerror=no'

      Taxon  4 -> cp_Haplo1
      Taxon  5 -> cp_Haplo2
      Taxon  6 -> cp_Haplo3
      Taxon  7 -> cp_Haplo4
      Taxon  8 -> cp_Haplo5
      Taxon  9 -> cp_Haplo6
      Taxon 10 -> cp_Haplo7
      Taxon 11 -> cp_Haplo8
      Taxon 12 -> cp_Haplo9
      Taxon 13 -> cp_Haplo10
      Taxon 14 -> cp_Haplo11
      Taxon 15 -> cp_Haplo12
      Taxon 16 -> cp_Haplo13
      Taxon 17 -> cp_Haplo14
      Taxon  4 -> cp_Haplo1
      Taxon  5 -> cp_Haplo2
      Taxon  6 -> cp_Haplo3
      Taxon  7 -> cp_Haplo4
      Taxon  8 -> cp_Haplo5
      Taxon  9 -> cp_Haplo6
      Taxon 10 -> cp_Haplo7
      Taxon 11 -> cp_Haplo8
      Taxon 12 -> cp_Haplo9
      Taxon 13 -> cp_Haplo10
      Taxon 14 -> cp_Haplo11
      Taxon 21 -> cp_Haplo18
      Taxon 22 -> cp_Haplo19
      Taxon 23 -> cp_Haplo20
      Taxon 24 -> cp_Haplo21
      Taxon 25 -> cp_Haplo22
      Taxon 26 -> cp_Pedulis
      Successfully read matrix
      Setting default partition (does not divide up characters)
      Setting model defaults
      Seed (for generating default start values) = 1553898240
      Setting output file names to "plastid/Plastid_NoMissingrenamed.nex.run<i>.<p|t>"
   Exiting characters block
   Reached end of file

   Returning execution to calling file ...

      Expecting '<name> or <number>'
      Instead found ')' in command 'Lset'
      The error occurred when reading char. 15 on line 3
         in the file 'plastid_nomissing.par'
   Error in command "Execute"
   Will exit with signal 1 (error) because quitonerror is set to yes
   If you want control to be returned to the command line on error,
   use 'mb -i <filename>' (i is for interactive) or use 'set quitonerror=no'

      Taxon 14 -> cp_Haplo11
      Taxon 15 -> cp_Haplo12
      Taxon 16 -> cp_Haplo13
      Taxon 17 -> cp_Haplo14
      Taxon 18 -> cp_Haplo15
      Taxon 19 -> cp_Haplo16
      Taxon 20 -> cp_Haplo17
      Taxon 21 -> cp_Haplo18
      Taxon 22 -> cp_Haplo19
      Taxon 23 -> cp_Haplo20
      Taxon 24 -> cp_Haplo21
      Taxon 25 -> cp_Haplo22
      Taxon 26 -> cp_Pedulis
      Taxon 19 -> cp_Haplo16
      Taxon 20 -> cp_Haplo17
      Taxon 21 -> cp_Haplo18
      Taxon 22 -> cp_Haplo19
      Taxon 23 -> cp_Haplo20
      Taxon 24 -> cp_Haplo21
      Taxon 25 -> cp_Haplo22
      Taxon 26 -> cp_Pedulis
      Successfully read matrix
      Setting default partition (does not divide up characters)
      Setting model defaults
      Seed (for generating default start values) = 1553898240
      Setting output file names to "plastid/Plastid_NoMissingrenamed.nex.run<i>.<p|t>"
   Exiting characters block
   Reached end of file

   Returning execution to calling file ...

      Expecting '<name> or <number>'
      Instead found ')' in command 'Lset'
      The error occurred when reading char. 15 on line 3
         in the file 'plastid_nomissing.par'
   Error in command "Execute"
   Will exit with signal 1 (error) because quitonerror is set to yes
   If you want control to be returned to the command line on error,
   use 'mb -i <filename>' (i is for interactive) or use 'set quitonerror=no'

      Taxon 19 -> cp_Haplo16
      Taxon 20 -> cp_Haplo17
      Taxon 21 -> cp_Haplo18
      Taxon 22 -> cp_Haplo19
      Taxon 23 -> cp_Haplo20
      Taxon 24 -> cp_Haplo21
      Taxon 25 -> cp_Haplo22
      Taxon 26 -> cp_Pedulis
      Successfully read matrix
      Setting default partition (does not divide up characters)
      Setting model defaults
      Seed (for generating default start values) = 1553898239
      Setting output file names to "plastid/Plastid_NoMissingrenamed.nex.run<i>.<p|t>"
   Exiting characters block
   Reached end of file

   Returning execution to calling file ...

      Expecting '<name> or <number>'
      Instead found ')' in command 'Lset'
      The error occurred when reading char. 15 on line 3
         in the file 'plastid_nomissing.par'
   Error in command "Execute"
   Will exit with signal 1 (error) because quitonerror is set to yes
   If you want control to be returned to the command line on error,
   use 'mb -i <filename>' (i is for interactive) or use 'set quitonerror=no'

      Successfully read matrix
      Setting default partition (does not divide up characters)
      Setting model defaults
      Seed (for generating default start values) = 1553898240
      Setting output file names to "plastid/Plastid_NoMissingrenamed.nex.run<i>.<p|t>"
   Exiting characters block
   Reached end of file

   Returning execution to calling file ...

      Expecting '<name> or <number>'
      Instead found ')' in command 'Lset'
      The error occurred when reading char. 15 on line 3
         in the file 'plastid_nomissing.par'
   Error in command "Execute"
   Will exit with signal 1 (error) because quitonerror is set to yes
   If you want control to be returned to the command line on error,
   use 'mb -i <filename>' (i is for interactive) or use 'set quitonerror=no'

      Taxon 18 -> cp_Haplo15
      Taxon 19 -> cp_Haplo16
      Taxon 20 -> cp_Haplo17
      Taxon 21 -> cp_Haplo18
      Taxon 22 -> cp_Haplo19
      Taxon 23 -> cp_Haplo20
      Taxon 24 -> cp_Haplo21
      Taxon 25 -> cp_Haplo22
      Taxon 26 -> cp_Pedulis
      Successfully read matrix
      Setting default partition (does not divide up characters)
      Setting model defaults
      Seed (for generating default start values) = 1553898240
      Taxon 15 -> cp_Haplo12
      Taxon 16 -> cp_Haplo13
      Taxon 17 -> cp_Haplo14
      Taxon 18 -> cp_Haplo15
      Taxon 19 -> cp_Haplo16
      Taxon 20 -> cp_Haplo17
      Taxon 21 -> cp_Haplo18
      Taxon 22 -> cp_Haplo19
      Taxon 23 -> cp_Haplo20
      Taxon 24 -> cp_Haplo21
      Successfully read matrix
      Setting default partition (does not divide up characters)
      Setting model defaults
      Seed (for generating default start values) = 1553898239
      Setting output file names to "plastid/Plastid_NoMissingrenamed.nex.run<i>.<p|t>"
   Exiting characters block
   Reached end of file

   Returning execution to calling file ...

      Expecting '<name> or <number>'
      Instead found ')' in command 'Lset'
      The error occurred when reading char. 15 on line 3
         in the file 'plastid_nomissing.par'
   Error in command "Execute"
   Will exit with signal 1 (error) because quitonerror is set to yes
   If you want control to be returned to the command line on error,
   use 'mb -i <filename>' (i is for interactive) or use 'set quitonerror=no'

-------------------------------------------------------
Primary job  terminated normally, but 1 process returned
a non-zero exit code.. Per user-direction, the job has been aborted.
-------------------------------------------------------
      Setting output file names to "plastid/Plastid_NoMissingrenamed.nex.run<i>.<p|t>"
   Exiting characters block
   Reached end of file

   Returning execution to calling file ...

      Expecting '<name> or <number>'
      Instead found ')' in command 'Lset'
      The error occurred when reading char. 15 on line 3
         in the file 'plastid_nomissing.par'
   Error in command "Execute"
   Will exit with signal 1 (error) because quitonerror is set to yes
   If you want control to be returned to the command line on error,
   use 'mb -i <filename>' (i is for interactive) or use 'set quitonerror=no'

      Taxon 25 -> cp_Haplo22
      Taxon 26 -> cp_Pedulis
--------------------------------------------------------------------------
mpiexec detected that one or more processes exited with non-zero status, thus causing
the job to be terminated. The first process to do so was:

  Process name: [[33170,1],0]
  Exit code:    1
--------------------------------------------------------------------------
