Sourcing executables from speedseq.config ...
Aligning...
samblaster: Version 0.1.22
samblaster: Inputting from stdin
samblaster: Outputting to stdout
samblaster: Opening JT90.filtered.y2Mro3odVWYP/disc_pipe for write.
samblaster: Opening JT90.filtered.y2Mro3odVWYP/spl_pipe for write.
[M::bwa_idx_load_from_disk] read 0 ALT contigs
[M::process] read 4 sequences (352 bp)...
[M::mem_pestat] # candidate unique pairs for (FF, FR, RF, RR): (0, 0, 0, 0)
[M::mem_pestat] skip orientation FF as there are not enough pairs
[M::mem_pestat] skip orientation FR as there are not enough pairs
[M::mem_pestat] skip orientation RF as there are not enough pairs
[M::mem_pestat] skip orientation RR as there are not enough pairs
[M::mem_process_seqs] Processed 4 reads in 0.004 CPU sec, 0.003 real sec
[main] Version: 0.7.12-r1039
samblaster: Loaded 5 header sequence entries.
[main] CMD: /opt/linux/centos/7.x/x86_64/pkgs/bwa/0.7.12/bin/bwa mem -t 4 -Rsamblaster: Output 0 discordant read pairs to JT90.filtered.y2Mro3odVWYP/disc_pipe
 @RG\tID:id\tSM:JT90\tLB:Libsamblaster: Output 0 split reads to JT90.filtered.y2Mro3odVWYP/spl_pipe
 references.fasta data/003297_JT90_S90_R1_filtered.fastq.gz data/003297_JT90_S90_R2_filtered.fastq.gzsamblaster: Marked 0 of 2 (0.00%) read ids as duplicates
[main] Real time: 0.142 sec; CPU: 0.010 sec
 using 1068k memory in 0.000S CPU seconds and 1S wall time.
Done
Using GATK jar /bigdata/operations/pkgadmin/opt/linux/centos/7.x/x86_64/pkgs/gatk/4.0.8.1/gatk-package-4.0.8.1-local.jar
Running:
    java -Dsamjdk.use_async_io_read_samtools=false -Dsamjdk.use_async_io_write_samtools=true -Dsamjdk.use_async_io_write_tribble=false -Dsamjdk.compression_level=2 -jar /bigdata/operations/pkgadmin/opt/linux/centos/7.x/x86_64/pkgs/gatk/4.0.8.1/gatk-package-4.0.8.1-local.jar HaplotypeCaller -R references.fasta -I results/JT90.filtered.bam -O results/JT90.g.vcf -ERC GVCF
22:07:51.636 INFO  NativeLibraryLoader - Loading libgkl_compression.so from jar:file:/bigdata/operations/pkgadmin/opt/linux/centos/7.x/x86_64/pkgs/gatk/4.0.8.1/gatk-package-4.0.8.1-local.jar!/com/intel/gkl/native/libgkl_compression.so
22:07:51.845 INFO  HaplotypeCaller - ------------------------------------------------------------
22:07:51.847 INFO  HaplotypeCaller - The Genome Analysis Toolkit (GATK) v4.0.8.1
22:07:51.847 INFO  HaplotypeCaller - For support and documentation go to https://software.broadinstitute.org/gatk/
22:07:51.848 INFO  HaplotypeCaller - Executing as arajewski@c05 on Linux v3.10.0-693.11.6.el7.x86_64 amd64
22:07:51.848 INFO  HaplotypeCaller - Java runtime: Java HotSpot(TM) 64-Bit Server VM v1.8.0_45-b14
22:07:51.848 INFO  HaplotypeCaller - Start Date/Time: September 9, 2018 10:07:51 PM PDT
22:07:51.848 INFO  HaplotypeCaller - ------------------------------------------------------------
22:07:51.849 INFO  HaplotypeCaller - ------------------------------------------------------------
22:07:51.849 INFO  HaplotypeCaller - HTSJDK Version: 2.16.0
22:07:51.850 INFO  HaplotypeCaller - Picard Version: 2.18.7
22:07:51.850 INFO  HaplotypeCaller - HTSJDK Defaults.COMPRESSION_LEVEL : 2
22:07:51.850 INFO  HaplotypeCaller - HTSJDK Defaults.USE_ASYNC_IO_READ_FOR_SAMTOOLS : false
22:07:51.850 INFO  HaplotypeCaller - HTSJDK Defaults.USE_ASYNC_IO_WRITE_FOR_SAMTOOLS : true
22:07:51.850 INFO  HaplotypeCaller - HTSJDK Defaults.USE_ASYNC_IO_WRITE_FOR_TRIBBLE : false
22:07:51.850 INFO  HaplotypeCaller - Deflater: IntelDeflater
22:07:51.850 INFO  HaplotypeCaller - Inflater: IntelInflater
22:07:51.851 INFO  HaplotypeCaller - GCS max retries/reopens: 20
22:07:51.851 INFO  HaplotypeCaller - Using google-cloud-java fork https://github.com/broadinstitute/google-cloud-java/releases/tag/0.20.5-alpha-GCS-RETRY-FIX
22:07:51.851 INFO  HaplotypeCaller - Initializing engine
22:07:52.799 INFO  HaplotypeCaller - Done initializing engine
22:07:52.806 INFO  HaplotypeCallerEngine - Tool is in reference confidence mode and the annotation, the following changes will be made to any specified annotations: 'StrandBiasBySample' will be enabled. 'ChromosomeCounts', 'FisherStrand', 'StrandOddsRatio' and 'QualByDepth' annotations have been disabled
22:07:52.818 INFO  HaplotypeCallerEngine - Standard Emitting and Calling confidence set to 0.0 for reference-model confidence output
22:07:52.818 INFO  HaplotypeCallerEngine - All sites annotated with PLs forced to true for reference-model confidence output
22:07:52.837 INFO  NativeLibraryLoader - Loading libgkl_utils.so from jar:file:/bigdata/operations/pkgadmin/opt/linux/centos/7.x/x86_64/pkgs/gatk/4.0.8.1/gatk-package-4.0.8.1-local.jar!/com/intel/gkl/native/libgkl_utils.so
22:07:52.842 INFO  NativeLibraryLoader - Loading libgkl_pairhmm_omp.so from jar:file:/bigdata/operations/pkgadmin/opt/linux/centos/7.x/x86_64/pkgs/gatk/4.0.8.1/gatk-package-4.0.8.1-local.jar!/com/intel/gkl/native/libgkl_pairhmm_omp.so
22:07:52.909 WARN  IntelPairHmm - Flush-to-zero (FTZ) is enabled when running PairHMM
22:07:52.909 INFO  IntelPairHmm - Available threads: 4
22:07:52.910 INFO  IntelPairHmm - Requested threads: 4
22:07:52.910 INFO  PairHMM - Using the OpenMP multi-threaded AVX-accelerated native PairHMM implementation
22:07:53.014 INFO  ProgressMeter - Starting traversal
22:07:53.015 INFO  ProgressMeter -        Current Locus  Elapsed Minutes     Regions Processed   Regions/Minute
22:07:53.483 INFO  HaplotypeCaller - No reads filtered by: ((((((((MappingQualityReadFilter AND MappingQualityAvailableReadFilter) AND MappedReadFilter) AND NotSecondaryAlignmentReadFilter) AND NotDuplicateReadFilter) AND PassesVendorQualityCheckReadFilter) AND NonZeroReferenceLengthAlignmentReadFilter) AND GoodCigarReadFilter) AND WellformedReadFilter)
22:07:53.484 INFO  ProgressMeter -             psaA:301              0.0                    19           2435.9
22:07:53.485 INFO  ProgressMeter - Traversal complete. Processed 19 total regions in 0.0 minutes.
22:07:53.517 INFO  VectorLoglessPairHMM - Time spent in setup for JNI call : 0.0
22:07:53.517 INFO  PairHMM - Total compute time in PairHMM computeLogLikelihoods() : 0.0
22:07:53.518 INFO  SmithWatermanAligner - Total compute time in java Smith-Waterman : 0.00 sec
22:07:53.518 INFO  HaplotypeCaller - Shutting down engine
[September 9, 2018 10:07:53 PM PDT] org.broadinstitute.hellbender.tools.walkers.haplotypecaller.HaplotypeCaller done. Elapsed time: 0.03 minutes.
Runtime.totalMemory()=2496659456
This is WhatsHap 0.17 running under Python 3.6.6
ERROR: No reads could be retrieved from 'results/JT90.filtered.bam'. If this is a CRAM file, possibly the reference could not be found. Try to use --reference=... or check you $REF_PATH/$REF_CACHE settings
