Sourcing executables from speedseq.config ...
Aligning...
samblaster: Version 0.1.22
samblaster: Inputting from stdin
samblaster: Outputting to stdout
samblaster: Opening JT19.filtered.wSk04gVfhr2V/disc_pipe for write.
[M::bwa_idx_load_from_disk] read 0 ALT contigs
samblaster: Opening JT19.filtered.wSk04gVfhr2V/spl_pipe for write.
[M::process] read 26140 sequences (3251486 bp)...
[M::mem_pestat] # candidate unique pairs for (FF, FR, RF, RR): (0, 10664, 0, 0)
[M::mem_pestat] skip orientation FF as there are not enough pairs
[M::mem_pestat] analyzing insert size distribution for orientation FR...
[M::mem_pestat] (25, 50, 75) percentile: (97, 156, 228)
[M::mem_pestat] low and high boundaries for computing mean and std.dev: (1, 490)
[M::mem_pestat] mean and std.dev: (170.28, 94.53)
[M::mem_pestat] low and high boundaries for proper pairs: (1, 621)
[M::mem_pestat] skip orientation RF as there are not enough pairs
[M::mem_pestat] skip orientation RR as there are not enough pairs
[M::mem_process_seqs] Processed 26140 reads in 2.621 CPU sec, 0.849 real sec
samblaster: Loaded 5 header sequence entries.
[main] Version: 0.7.12-r1039
samblaster: Output 25 discordant read pairs to JT19.filtered.wSk04gVfhr2V/disc_pipe
[main] CMD:samblaster: Output 16 split reads to JT19.filtered.wSk04gVfhr2V/spl_pipe
 /opt/linux/centos/7.x/x86_64/pkgs/bwa/0.7.12/bin/bwa mem -t 4 -Rsamblaster: Marked 1847 of 13070 (14.13%) read ids as duplicates @RG\tID:JT19\tSM:JT19\tLB:Lib\ references.fasta using 1332k memory in  data/003285_JT19_S78_R1_filtered.fastq.gz0.049S data/003285_JT19_S78_R2_filtered.fastq.gz CPU seconds and 1S
[main] Real time: 1.163 sec; CPU: 2.759 sec
 wall time.
Done
Using GATK jar /bigdata/operations/pkgadmin/opt/linux/centos/7.x/x86_64/pkgs/gatk/4.0.8.1/gatk-package-4.0.8.1-local.jar
Running:
    java -Dsamjdk.use_async_io_read_samtools=false -Dsamjdk.use_async_io_write_samtools=true -Dsamjdk.use_async_io_write_tribble=false -Dsamjdk.compression_level=2 -jar /bigdata/operations/pkgadmin/opt/linux/centos/7.x/x86_64/pkgs/gatk/4.0.8.1/gatk-package-4.0.8.1-local.jar HaplotypeCaller -R references.fasta -I results/JT19.filtered.bam -O results/JT19.g.vcf -ERC GVCF
22:23:52.196 INFO  NativeLibraryLoader - Loading libgkl_compression.so from jar:file:/bigdata/operations/pkgadmin/opt/linux/centos/7.x/x86_64/pkgs/gatk/4.0.8.1/gatk-package-4.0.8.1-local.jar!/com/intel/gkl/native/libgkl_compression.so
22:23:52.649 INFO  HaplotypeCaller - ------------------------------------------------------------
22:23:52.651 INFO  HaplotypeCaller - The Genome Analysis Toolkit (GATK) v4.0.8.1
22:23:52.651 INFO  HaplotypeCaller - For support and documentation go to https://software.broadinstitute.org/gatk/
22:23:52.652 INFO  HaplotypeCaller - Executing as arajewski@c05 on Linux v3.10.0-693.11.6.el7.x86_64 amd64
22:23:52.652 INFO  HaplotypeCaller - Java runtime: Java HotSpot(TM) 64-Bit Server VM v1.8.0_45-b14
22:23:52.652 INFO  HaplotypeCaller - Start Date/Time: September 27, 2018 10:23:52 PM PDT
22:23:52.653 INFO  HaplotypeCaller - ------------------------------------------------------------
22:23:52.653 INFO  HaplotypeCaller - ------------------------------------------------------------
22:23:52.653 INFO  HaplotypeCaller - HTSJDK Version: 2.16.0
22:23:52.654 INFO  HaplotypeCaller - Picard Version: 2.18.7
22:23:52.654 INFO  HaplotypeCaller - HTSJDK Defaults.COMPRESSION_LEVEL : 2
22:23:52.654 INFO  HaplotypeCaller - HTSJDK Defaults.USE_ASYNC_IO_READ_FOR_SAMTOOLS : false
22:23:52.654 INFO  HaplotypeCaller - HTSJDK Defaults.USE_ASYNC_IO_WRITE_FOR_SAMTOOLS : true
22:23:52.654 INFO  HaplotypeCaller - HTSJDK Defaults.USE_ASYNC_IO_WRITE_FOR_TRIBBLE : false
22:23:52.654 INFO  HaplotypeCaller - Deflater: IntelDeflater
22:23:52.654 INFO  HaplotypeCaller - Inflater: IntelInflater
22:23:52.655 INFO  HaplotypeCaller - GCS max retries/reopens: 20
22:23:52.655 INFO  HaplotypeCaller - Using google-cloud-java fork https://github.com/broadinstitute/google-cloud-java/releases/tag/0.20.5-alpha-GCS-RETRY-FIX
22:23:52.662 INFO  HaplotypeCaller - Initializing engine
22:23:53.406 INFO  HaplotypeCaller - Done initializing engine
22:23:53.413 INFO  HaplotypeCallerEngine - Tool is in reference confidence mode and the annotation, the following changes will be made to any specified annotations: 'StrandBiasBySample' will be enabled. 'ChromosomeCounts', 'FisherStrand', 'StrandOddsRatio' and 'QualByDepth' annotations have been disabled
22:23:53.419 INFO  HaplotypeCallerEngine - Standard Emitting and Calling confidence set to 0.0 for reference-model confidence output
22:23:53.420 INFO  HaplotypeCallerEngine - All sites annotated with PLs forced to true for reference-model confidence output
22:23:53.442 INFO  NativeLibraryLoader - Loading libgkl_utils.so from jar:file:/bigdata/operations/pkgadmin/opt/linux/centos/7.x/x86_64/pkgs/gatk/4.0.8.1/gatk-package-4.0.8.1-local.jar!/com/intel/gkl/native/libgkl_utils.so
22:23:53.445 INFO  NativeLibraryLoader - Loading libgkl_pairhmm_omp.so from jar:file:/bigdata/operations/pkgadmin/opt/linux/centos/7.x/x86_64/pkgs/gatk/4.0.8.1/gatk-package-4.0.8.1-local.jar!/com/intel/gkl/native/libgkl_pairhmm_omp.so
22:23:53.512 WARN  IntelPairHmm - Flush-to-zero (FTZ) is enabled when running PairHMM
22:23:53.513 INFO  IntelPairHmm - Available threads: 4
22:23:53.513 INFO  IntelPairHmm - Requested threads: 4
22:23:53.514 INFO  PairHMM - Using the OpenMP multi-threaded AVX-accelerated native PairHMM implementation
22:23:53.617 INFO  ProgressMeter - Starting traversal
22:23:53.617 INFO  ProgressMeter -        Current Locus  Elapsed Minutes     Regions Processed   Regions/Minute
22:24:27.532 INFO  ProgressMeter -             matK:276              0.6                    10             17.7
22:25:06.529 INFO  HaplotypeCaller - 3708 read(s) filtered by: ((((((((MappingQualityReadFilter AND MappingQualityAvailableReadFilter) AND MappedReadFilter) AND NotSecondaryAlignmentReadFilter) AND NotDuplicateReadFilter) AND PassesVendorQualityCheckReadFilter) AND NonZeroReferenceLengthAlignmentReadFilter) AND GoodCigarReadFilter) AND WellformedReadFilter)
  3708 read(s) filtered by: (((((((MappingQualityReadFilter AND MappingQualityAvailableReadFilter) AND MappedReadFilter) AND NotSecondaryAlignmentReadFilter) AND NotDuplicateReadFilter) AND PassesVendorQualityCheckReadFilter) AND NonZeroReferenceLengthAlignmentReadFilter) AND GoodCigarReadFilter)
      3708 read(s) filtered by: ((((((MappingQualityReadFilter AND MappingQualityAvailableReadFilter) AND MappedReadFilter) AND NotSecondaryAlignmentReadFilter) AND NotDuplicateReadFilter) AND PassesVendorQualityCheckReadFilter) AND NonZeroReferenceLengthAlignmentReadFilter)
          3708 read(s) filtered by: (((((MappingQualityReadFilter AND MappingQualityAvailableReadFilter) AND MappedReadFilter) AND NotSecondaryAlignmentReadFilter) AND NotDuplicateReadFilter) AND PassesVendorQualityCheckReadFilter)
              3708 read(s) filtered by: ((((MappingQualityReadFilter AND MappingQualityAvailableReadFilter) AND MappedReadFilter) AND NotSecondaryAlignmentReadFilter) AND NotDuplicateReadFilter)
                  15 read(s) filtered by: (((MappingQualityReadFilter AND MappingQualityAvailableReadFilter) AND MappedReadFilter) AND NotSecondaryAlignmentReadFilter)
                      15 read(s) filtered by: ((MappingQualityReadFilter AND MappingQualityAvailableReadFilter) AND MappedReadFilter)
                          15 read(s) filtered by: (MappingQualityReadFilter AND MappingQualityAvailableReadFilter)
                              15 read(s) filtered by: MappingQualityReadFilter 
                  3693 read(s) filtered by: NotDuplicateReadFilter 

22:25:06.530 INFO  ProgressMeter -             trnL:601              1.2                    26             21.4
22:25:06.530 INFO  ProgressMeter - Traversal complete. Processed 26 total regions in 1.2 minutes.
22:25:06.537 INFO  VectorLoglessPairHMM - Time spent in setup for JNI call : 0.045860786
22:25:06.537 INFO  PairHMM - Total compute time in PairHMM computeLogLikelihoods() : 51.063836454000004
22:25:06.538 INFO  SmithWatermanAligner - Total compute time in java Smith-Waterman : 4.97 sec
22:25:06.538 INFO  HaplotypeCaller - Shutting down engine
[September 27, 2018 10:25:06 PM PDT] org.broadinstitute.hellbender.tools.walkers.haplotypecaller.HaplotypeCaller done. Elapsed time: 1.24 minutes.
Runtime.totalMemory()=2934439936
