

                            MrBayes v3.2.6 x64

                      (Bayesian Analysis of Phylogeny)

              Distributed under the GNU General Public License


               Type "help" or "help <command>" for information
                     on the commands that are available.

                   Type "about" for authorship and general
                       information about the program.



   Executing file "plastid.par"


                            MrBayes v3.2.6 x64

                      (Bayesian Analysis of Phylogeny)

              Distributed under the GNU General Public License


               Type "help" or "help <command>" for information
                     on the commands that are available.

                   Type "about" for authorship and general
                       information about the program.



   Executing file "plastid.par"


                            MrBayes v3.2.6 x64

                      (Bayesian Analysis of Phylogeny)

              Distributed under the GNU General Public License


               Type "help" or "help <command>" for information
                     on the commands that are available.

                   Type "about" for authorship and general
                       information about the program.



   Executing file "plastid.par"


                            MrBayes v3.2.6 x64

                      (Bayesian Analysis of Phylogeny)

              Distributed under the GNU General Public License


               Type "help" or "help <command>" for information
                     on the commands that are available.

                   Type "about" for authorship and general
                       information about the program.



   Executing file "plastid.par"


                            MrBayes v3.2.6 x64

                      (Bayesian Analysis of Phylogeny)

              Distributed under the GNU General Public License


               Type "help" or "help <command>" for information
                     on the commands that are available.

                   Type "about" for authorship and general
                       information about the program.



   Executing file "plastid.par"


                            MrBayes v3.2.6 x64

                      (Bayesian Analysis of Phylogeny)

              Distributed under the GNU General Public License


               Type "help" or "help <command>" for information
                     on the commands that are available.

                   Type "about" for authorship and general
                       information about the program.



   Executing file "plastid.par"


                            MrBayes v3.2.6 x64

                      (Bayesian Analysis of Phylogeny)

              Distributed under the GNU General Public License


               Type "help" or "help <command>" for information
                     on the commands that are available.

                   Type "about" for authorship and general
                       information about the program.



   Executing file "plastid.par"


                            MrBayes v3.2.6 x64

                      (Bayesian Analysis of Phylogeny)

              Distributed under the GNU General Public License


               Type "help" or "help <command>" for information
                     on the commands that are available.

                   Type "about" for authorship and general
                       information about the program.



   Executing file "plastid.par"
   UNIX line termination
   Longest line length = 30
   Parsing file
   Setting autoclose to yes
   Setting nowarnings to yes

   Executing file "plastid/Plastid.nex"...

   UNIX line termination
   Longest line length = 30
   Parsing file
   Setting autoclose to yes
   Setting nowarnings to yes

   Executing file "plastid/Plastid.nex"...

   UNIX line termination
   Longest line length = 30
   Parsing file
   Setting autoclose to yes
   Setting nowarnings to yes

   Executing file "plastid/Plastid.nex"...

   UNIX line termination
   Longest line length = 30
   Parsing file
   Setting autoclose to yes
   Setting nowarnings to yes

   Executing file "plastid/Plastid.nex"...

   UNIX line termination
   Longest line length = 30
   Parsing file
   Setting autoclose to yes
   Setting nowarnings to yes

   Executing file "plastid/Plastid.nex"...

   UNIX line termination
   Longest line length = 30
   Parsing file
   Setting autoclose to yes
   Setting nowarnings to yes

   Executing file "plastid/Plastid.nex"...

   UNIX line termination
   Longest line length = 30
   Parsing file
   Setting autoclose to yes
   Setting nowarnings to yes

   Executing file "plastid/Plastid.nex"...

   UNIX line termination
   Longest line length = 30
   Parsing file
   Setting autoclose to yes
   Setting nowarnings to yes

   Executing file "plastid/Plastid.nex"...

   UNIX line termination
   UNIX line termination
   UNIX line termination
   UNIX line termination
   UNIX line termination
   UNIX line termination
   UNIX line termination
   Longest line length = 2479
   Parsing file
   Expecting NEXUS formatted file
   Reading taxa block
      Allocated taxon set
      Defining new set of 84 taxa
   Exiting taxa block
   Reading characters block
   UNIX line termination
      Allocated matrix
      Defining new character matrix with 2462 characters
      Data is Dna
      Missing data coded as ?
      Gaps coded as -
      Taxon  1 -> P.edulis
      Taxon  2 -> A.appalachiana
      Taxon  3 -> A.gigantea
      Taxon  4 -> A.tecta
      Taxon  5 -> Gig
      Taxon  6 -> H0B
   Longest line length = 2479
   Parsing file
   Expecting NEXUS formatted file
   Reading taxa block
      Allocated taxon set
      Defining new set of 84 taxa
   Exiting taxa block
   Reading characters block
   Longest line length = 2479
   Parsing file
   Expecting NEXUS formatted file
   Reading taxa block
      Allocated taxon set
      Defining new set of 84 taxa
   Longest line length = 2479
   Parsing file
   Expecting NEXUS formatted file
   Reading taxa block
      Allocated taxon set
      Defining new set of 84 taxa
   Exiting taxa block
   Reading characters block
   Longest line length = 2479
   Parsing file
   Expecting NEXUS formatted file
   Reading taxa block
      Allocated taxon set
      Defining new set of 84 taxa
   Longest line length = 2479
   Parsing file
   Expecting NEXUS formatted file
   Reading taxa block
      Allocated taxon set
      Defining new set of 84 taxa
   Exiting taxa block
   Reading characters block
   Longest line length = 2479
   Parsing file
   Expecting NEXUS formatted file
   Reading taxa block
      Allocated taxon set
      Defining new set of 84 taxa
   Exiting taxa block
   Reading characters block
   Longest line length = 2479
   Parsing file
   Expecting NEXUS formatted file
   Reading taxa block
      Allocated taxon set
      Defining new set of 84 taxa
   Exiting taxa block
   Reading characters block
      Allocated matrix
      Defining new character matrix with 2462 characters
      Data is Dna
      Missing data coded as ?
      Gaps coded as -
      Taxon  1 -> P.edulis
      Taxon  7 -> H0C
      Taxon  8 -> H2A
      Taxon  9 -> H2B
      Taxon 10 -> H2C
      Taxon 11 -> H4A
      Taxon 12 -> H4B
      Taxon 13 -> H4C
      Allocated matrix
      Defining new character matrix with 2462 characters
      Data is Dna
      Missing data coded as ?
      Gaps coded as -
      Taxon  1 -> P.edulis
      Taxon  2 -> A.appalachiana
      Taxon  3 -> A.gigantea
      Taxon  4 -> A.tecta
   Exiting taxa block
   Reading characters block
      Allocated matrix
      Defining new character matrix with 2462 characters
      Data is Dna
      Missing data coded as ?
      Gaps coded as -
      Taxon  1 -> P.edulis
      Taxon  2 -> A.appalachiana
      Taxon  3 -> A.gigantea
      Allocated matrix
      Defining new character matrix with 2462 characters
      Data is Dna
      Missing data coded as ?
      Gaps coded as -
      Taxon  1 -> P.edulis
      Taxon  2 -> A.appalachiana
      Taxon  3 -> A.gigantea
      Taxon  4 -> A.tecta
      Allocated matrix
      Defining new character matrix with 2462 characters
      Data is Dna
      Missing data coded as ?
      Gaps coded as -
      Taxon  1 -> P.edulis
      Taxon  2 -> A.appalachiana
      Taxon  3 -> A.gigantea
      Taxon  4 -> A.tecta
      Taxon  5 -> Gig
      Allocated matrix
      Defining new character matrix with 2462 characters
      Data is Dna
      Missing data coded as ?
      Gaps coded as -
      Taxon  1 -> P.edulis
      Taxon  2 -> A.appalachiana
      Taxon  3 -> A.gigantea
      Taxon  4 -> A.tecta
      Taxon  5 -> Gig
      Taxon  6 -> H0B
      Taxon  7 -> H0C
      Taxon  8 -> H2A
      Taxon  9 -> H2B
      Taxon 10 -> H2C
      Taxon  6 -> H0B
      Taxon  7 -> H0C
      Taxon  8 -> H2A
      Taxon  9 -> H2B
      Taxon 10 -> H2C
      Taxon 11 -> H4A
      Taxon 12 -> H4B
      Taxon  2 -> A.appalachiana
      Taxon  3 -> A.gigantea
      Taxon  4 -> A.tecta
      Taxon  5 -> Gig
      Taxon  6 -> H0B
      Taxon  7 -> H0C
      Taxon  8 -> H2A
      Taxon  9 -> H2B
      Taxon 10 -> H2C
      Taxon 11 -> H4A
      Taxon 12 -> H4B
      Taxon 14 -> H4D
      Taxon 15 -> H6A
      Taxon 16 -> H6B
      Taxon 17 -> H6C
      Taxon 18 -> H6D
      Taxon 19 -> H8A
      Taxon 20 -> H8B
      Taxon 21 -> H8C
      Taxon 22 -> H8D
      Taxon 23 -> H8E
      Taxon 24 -> H10B
      Taxon  5 -> Gig
      Taxon  6 -> H0B
      Taxon  7 -> H0C
      Taxon  8 -> H2A
      Taxon  9 -> H2B
      Taxon 10 -> H2C
      Taxon 11 -> H4A
      Taxon 12 -> H4B
      Taxon 13 -> H4C
      Taxon 14 -> H4D
      Taxon 15 -> H6A
      Taxon  4 -> A.tecta
      Taxon  5 -> Gig
      Taxon  6 -> H0B
      Taxon  7 -> H0C
      Taxon  8 -> H2A
      Taxon  9 -> H2B
      Taxon 10 -> H2C
      Taxon 11 -> H4A
      Taxon 12 -> H4B
      Taxon 13 -> H4C
      Taxon 14 -> H4D
   Exiting taxa block
   Reading characters block
      Allocated matrix
      Defining new character matrix with 2462 characters
      Data is Dna
      Missing data coded as ?
      Gaps coded as -
      Taxon  1 -> P.edulis
      Taxon  2 -> A.appalachiana
      Taxon  5 -> Gig
      Taxon  6 -> H0B
      Taxon  7 -> H0C
      Taxon  8 -> H2A
      Taxon  9 -> H2B
      Taxon 10 -> H2C
      Taxon 11 -> H4A
      Taxon 12 -> H4B
      Taxon 13 -> H4C
      Taxon 14 -> H4D
      Taxon 15 -> H6A
      Taxon 16 -> H6B
      Taxon 17 -> H6C
      Taxon 18 -> H6D
      Taxon 19 -> H8A
      Taxon 20 -> H8B
      Taxon 21 -> H8C
      Taxon 22 -> H8D
      Taxon 13 -> H4C
      Taxon 14 -> H4D
      Taxon 15 -> H6A
      Taxon 16 -> H6B
      Taxon 17 -> H6C
      Taxon 18 -> H6D
      Taxon 19 -> H8A
      Taxon 20 -> H8B
      Taxon 21 -> H8C
      Taxon 22 -> H8D
      Taxon 13 -> H4C
      Taxon 14 -> H4D
      Taxon 15 -> H6A
      Taxon 16 -> H6B
      Taxon 17 -> H6C
      Taxon 18 -> H6D
      Taxon 19 -> H8A
      Taxon 20 -> H8B
      Taxon 21 -> H8C
      Taxon 22 -> H8D
      Taxon 25 -> H10C
      Taxon 26 -> H10D_0
      Taxon 27 -> H10D_1
      Taxon 28 -> H10E
      Taxon 29 -> H12D
      Taxon 30 -> H14C
      Taxon 31 -> H14D
      Taxon 32 -> H_2C
      Taxon 33 -> H_2D
      Taxon 34 -> JT6
      Taxon 35 -> JT8
      Taxon 16 -> H6B
      Taxon 17 -> H6C
      Taxon 18 -> H6D
      Taxon 19 -> H8A
      Taxon 20 -> H8B
      Taxon 21 -> H8C
      Taxon 22 -> H8D
      Taxon 23 -> H8E
      Taxon 24 -> H10B
      Taxon 25 -> H10C
      Taxon 26 -> H10D_0
      Taxon 15 -> H6A
      Taxon 16 -> H6B
      Taxon 17 -> H6C
      Taxon 18 -> H6D
      Taxon 19 -> H8A
      Taxon 20 -> H8B
      Taxon 21 -> H8C
      Taxon 22 -> H8D
      Taxon 23 -> H8E
      Taxon 24 -> H10B
      Taxon 25 -> H10C
      Taxon  3 -> A.gigantea
      Taxon  4 -> A.tecta
      Taxon  5 -> Gig
      Taxon  6 -> H0B
      Taxon  7 -> H0C
      Taxon  8 -> H2A
      Taxon 23 -> H8E
      Taxon 24 -> H10B
      Taxon 25 -> H10C
      Taxon 26 -> H10D_0
      Taxon 27 -> H10D_1
      Taxon 28 -> H10E
      Taxon 29 -> H12D
      Taxon 30 -> H14C
      Taxon 31 -> H14D
      Taxon 32 -> H_2C
      Taxon 33 -> H_2D
      Taxon 34 -> JT6
      Taxon 11 -> H4A
      Taxon 12 -> H4B
      Taxon 13 -> H4C
      Taxon 14 -> H4D
      Taxon 15 -> H6A
      Taxon 16 -> H6B
      Taxon 17 -> H6C
      Taxon  9 -> H2B
      Taxon 10 -> H2C
      Taxon 11 -> H4A
      Taxon 23 -> H8E
      Taxon 24 -> H10B
      Taxon 25 -> H10C
      Taxon 26 -> H10D_0
      Taxon 27 -> H10D_1
      Taxon 28 -> H10E
      Taxon 29 -> H12D
      Taxon 30 -> H14C
      Taxon 31 -> H14D
      Taxon 32 -> H_2C
      Taxon 33 -> H_2D
      Taxon 23 -> H8E
      Taxon 24 -> H10B
      Taxon 25 -> H10C
      Taxon 26 -> H10D_0
      Taxon 27 -> H10D_1
      Taxon 28 -> H10E
      Taxon 29 -> H12D
      Taxon 30 -> H14C
      Taxon 31 -> H14D
      Taxon 36 -> JT19
      Taxon 37 -> JT20
      Taxon 38 -> JT21
      Taxon 39 -> JT23
      Taxon 40 -> JT25
      Taxon 41 -> JT27
      Taxon 42 -> JT80
      Taxon 27 -> H10D_1
      Taxon 28 -> H10E
      Taxon 29 -> H12D
      Taxon 30 -> H14C
      Taxon 31 -> H14D
      Taxon 32 -> H_2C
      Taxon 33 -> H_2D
      Taxon 26 -> H10D_0
      Taxon 27 -> H10D_1
      Taxon 28 -> H10E
      Taxon 29 -> H12D
      Taxon 30 -> H14C
      Taxon 31 -> H14D
      Taxon 32 -> H_2C
      Taxon 35 -> JT8
      Taxon 36 -> JT19
      Taxon 37 -> JT20
      Taxon 38 -> JT21
      Taxon 39 -> JT23
      Taxon 40 -> JT25
      Taxon 41 -> JT27
      Taxon 42 -> JT80
      Taxon 33 -> H_2D
      Taxon 34 -> JT6
      Taxon 35 -> JT8
      Taxon 36 -> JT19
      Taxon 37 -> JT20
      Taxon 38 -> JT21
      Taxon 39 -> JT23
      Taxon 18 -> H6D
      Taxon 19 -> H8A
      Taxon 20 -> H8B
      Taxon 21 -> H8C
      Taxon 22 -> H8D
      Taxon 12 -> H4B
      Taxon 13 -> H4C
      Taxon 14 -> H4D
      Taxon 34 -> JT6
      Taxon 35 -> JT8
      Taxon 36 -> JT19
      Taxon 37 -> JT20
      Taxon 38 -> JT21
      Taxon 39 -> JT23
      Taxon 40 -> JT25
      Taxon 41 -> JT27
      Taxon 42 -> JT80
      Taxon 43 -> JT85
      Taxon 44 -> JT87
      Taxon 32 -> H_2C
      Taxon 33 -> H_2D
      Taxon 34 -> JT6
      Taxon 35 -> JT8
      Taxon 36 -> JT19
      Taxon 37 -> JT20
      Taxon 38 -> JT21
      Taxon 39 -> JT23
      Taxon 40 -> JT25
      Taxon 41 -> JT27
      Taxon 42 -> JT80
      Taxon 43 -> JT85
      Taxon 44 -> JT87
      Taxon 45 -> JT89
      Taxon 46 -> JT90
      Taxon 47 -> JT97
      Taxon 48 -> JT98
      Taxon 49 -> JT108
      Taxon 50 -> JT112
      Taxon 51 -> JT162
      Taxon 52 -> JT164
      Taxon 34 -> JT6
      Taxon 35 -> JT8
      Taxon 36 -> JT19
      Taxon 37 -> JT20
      Taxon 38 -> JT21
      Taxon 39 -> JT23
      Taxon 40 -> JT25
      Taxon 41 -> JT27
      Taxon 42 -> JT80
      Taxon 43 -> JT85
      Taxon 43 -> JT85
      Taxon 44 -> JT87
      Taxon 45 -> JT89
      Taxon 46 -> JT90
      Taxon 47 -> JT97
      Taxon 48 -> JT98
      Taxon 49 -> JT108
      Taxon 50 -> JT112
      Taxon 51 -> JT162
      Taxon 52 -> JT164
      Taxon 53 -> JT165
      Taxon 54 -> JT166
      Taxon 44 -> JT87
      Taxon 45 -> JT89
      Taxon 46 -> JT90
      Taxon 47 -> JT97
      Taxon 48 -> JT98
      Taxon 49 -> JT108
      Taxon 50 -> JT112
      Taxon 40 -> JT25
      Taxon 41 -> JT27
      Taxon 42 -> JT80
      Taxon 43 -> JT85
      Taxon 44 -> JT87
      Taxon 45 -> JT89
      Taxon 46 -> JT90
      Taxon 47 -> JT97
      Taxon 48 -> JT98
      Taxon 49 -> JT108
      Taxon 50 -> JT112
      Taxon 23 -> H8E
      Taxon 24 -> H10B
      Taxon 25 -> H10C
      Taxon 26 -> H10D_0
      Taxon 27 -> H10D_1
      Taxon 28 -> H10E
      Taxon 15 -> H6A
      Taxon 16 -> H6B
      Taxon 17 -> H6C
      Taxon 18 -> H6D
      Taxon 19 -> H8A
      Taxon 20 -> H8B
      Taxon 45 -> JT89
      Taxon 46 -> JT90
      Taxon 47 -> JT97
      Taxon 48 -> JT98
      Taxon 49 -> JT108
      Taxon 50 -> JT112
      Taxon 51 -> JT162
      Taxon 43 -> JT85
      Taxon 44 -> JT87
      Taxon 45 -> JT89
      Taxon 46 -> JT90
      Taxon 47 -> JT97
      Taxon 48 -> JT98
      Taxon 49 -> JT108
      Taxon 53 -> JT165
      Taxon 54 -> JT166
      Taxon 55 -> JT167
      Taxon 56 -> JT168
      Taxon 57 -> JT170
      Taxon 58 -> JT171
      Taxon 59 -> JT172
      Taxon 55 -> JT167
      Taxon 56 -> JT168
      Taxon 57 -> JT170
      Taxon 58 -> JT171
      Taxon 59 -> JT172
      Taxon 60 -> JT173_0
      Taxon 61 -> JT173_1
      Taxon 60 -> JT173_0
      Taxon 61 -> JT173_1
      Taxon 62 -> JT174
      Taxon 63 -> JT175
      Taxon 64 -> JT177
      Taxon 65 -> JT178_0
      Taxon 66 -> JT178_1
      Taxon 67 -> JT179
      Taxon 51 -> JT162
      Taxon 52 -> JT164
      Taxon 53 -> JT165
      Taxon 54 -> JT166
      Taxon 55 -> JT167
      Taxon 56 -> JT168
      Taxon 57 -> JT170
      Taxon 58 -> JT171
      Taxon 51 -> JT162
      Taxon 52 -> JT164
      Taxon 53 -> JT165
      Taxon 54 -> JT166
      Taxon 55 -> JT167
      Taxon 56 -> JT168
      Taxon 57 -> JT170
      Taxon 58 -> JT171
      Taxon 29 -> H12D
      Taxon 30 -> H14C
      Taxon 31 -> H14D
      Taxon 21 -> H8C
      Taxon 22 -> H8D
      Taxon 23 -> H8E
      Taxon 52 -> JT164
      Taxon 53 -> JT165
      Taxon 54 -> JT166
      Taxon 55 -> JT167
      Taxon 56 -> JT168
      Taxon 57 -> JT170
      Taxon 58 -> JT171
      Taxon 59 -> JT172
      Taxon 50 -> JT112
      Taxon 51 -> JT162
      Taxon 52 -> JT164
      Taxon 53 -> JT165
      Taxon 54 -> JT166
      Taxon 55 -> JT167
      Taxon 56 -> JT168
      Taxon 57 -> JT170
      Taxon 62 -> JT174
      Taxon 63 -> JT175
      Taxon 64 -> JT177
      Taxon 65 -> JT178_0
      Taxon 66 -> JT178_1
      Taxon 67 -> JT179
      Taxon 68 -> JT181
      Taxon 58 -> JT171
      Taxon 59 -> JT172
      Taxon 60 -> JT173_0
      Taxon 61 -> JT173_1
      Taxon 62 -> JT174
      Taxon 63 -> JT175
      Taxon 64 -> JT177
      Taxon 68 -> JT181
      Taxon 69 -> JT182
      Taxon 70 -> JT183
      Taxon 71 -> JT184
      Taxon 72 -> JT185
      Taxon 73 -> JT188
      Taxon 59 -> JT172
      Taxon 60 -> JT173_0
      Taxon 61 -> JT173_1
      Taxon 62 -> JT174
      Taxon 63 -> JT175
      Taxon 64 -> JT177
      Taxon 65 -> JT178_0
      Taxon 59 -> JT172
      Taxon 60 -> JT173_0
      Taxon 61 -> JT173_1
      Taxon 62 -> JT174
      Taxon 63 -> JT175
      Taxon 64 -> JT177
      Taxon 65 -> JT178_0
      Taxon 32 -> H_2C
      Taxon 33 -> H_2D
      Taxon 34 -> JT6
      Taxon 35 -> JT8
      Taxon 24 -> H10B
      Taxon 25 -> H10C
      Taxon 26 -> H10D_0
      Taxon 27 -> H10D_1
      Taxon 60 -> JT173_0
      Taxon 61 -> JT173_1
      Taxon 62 -> JT174
      Taxon 63 -> JT175
      Taxon 64 -> JT177
      Taxon 65 -> JT178_0
      Taxon 66 -> JT178_1
      Taxon 69 -> JT182
      Taxon 70 -> JT183
      Taxon 71 -> JT184
      Taxon 72 -> JT185
      Taxon 73 -> JT188
      Taxon 74 -> L5
      Taxon 75 -> L62
      Taxon 76 -> L65
      Taxon 77 -> L93
      Taxon 67 -> JT179
      Taxon 68 -> JT181
      Taxon 69 -> JT182
      Taxon 70 -> JT183
      Taxon 71 -> JT184
      Taxon 65 -> JT178_0
      Taxon 66 -> JT178_1
      Taxon 67 -> JT179
      Taxon 68 -> JT181
      Taxon 69 -> JT182
      Taxon 70 -> JT183
      Taxon 74 -> L5
      Taxon 75 -> L62
      Taxon 76 -> L65
      Taxon 77 -> L93
      Taxon 78 -> L111
      Taxon 79 -> L132
      Taxon 80 -> Lo9
      Taxon 66 -> JT178_1
      Taxon 67 -> JT179
      Taxon 68 -> JT181
      Taxon 69 -> JT182
      Taxon 70 -> JT183
      Taxon 71 -> JT184
      Taxon 66 -> JT178_1
      Taxon 67 -> JT179
      Taxon 68 -> JT181
      Taxon 69 -> JT182
      Taxon 70 -> JT183
      Taxon 71 -> JT184
      Taxon 36 -> JT19
      Taxon 37 -> JT20
      Taxon 38 -> JT21
      Taxon 28 -> H10E
      Taxon 29 -> H12D
      Taxon 30 -> H14C
      Taxon 31 -> H14D
      Taxon 78 -> L111
      Taxon 79 -> L132
      Taxon 80 -> Lo9
      Taxon 81 -> Lo16
      Taxon 82 -> Lo28
      Taxon 83 -> Lo43
      Taxon 84 -> Tec
      Taxon 32 -> H_2C
      Taxon 33 -> H_2D
      Taxon 34 -> JT6
      Taxon 72 -> JT185
      Taxon 73 -> JT188
      Taxon 74 -> L5
      Taxon 75 -> L62
      Taxon 76 -> L65
      Taxon 77 -> L93
      Taxon 78 -> L111
      Taxon 79 -> L132
      Taxon 71 -> JT184
      Taxon 72 -> JT185
      Taxon 73 -> JT188
      Taxon 74 -> L5
      Taxon 75 -> L62
      Taxon 76 -> L65
      Taxon 77 -> L93
      Taxon 81 -> Lo16
      Taxon 82 -> Lo28
      Taxon 83 -> Lo43
      Taxon 84 -> Tec
      Taxon 72 -> JT185
      Taxon 73 -> JT188
      Taxon 74 -> L5
      Taxon 75 -> L62
      Taxon 76 -> L65
      Taxon 77 -> L93
      Taxon 78 -> L111
      Taxon 72 -> JT185
      Taxon 73 -> JT188
      Taxon 74 -> L5
      Taxon 75 -> L62
      Taxon 76 -> L65
      Taxon 77 -> L93
      Taxon 78 -> L111
      Taxon 39 -> JT23
      Taxon 40 -> JT25
      Taxon 41 -> JT27
      Taxon 42 -> JT80
      Successfully read matrix
      Setting default partition (does not divide up characters)
      Setting model defaults
      Seed (for generating default start values) = 1539383111
      Taxon 35 -> JT8
      Taxon 36 -> JT19
      Taxon 80 -> Lo9
      Taxon 81 -> Lo16
      Taxon 82 -> Lo28
      Taxon 78 -> L111
      Taxon 79 -> L132
      Taxon 80 -> Lo9
      Taxon 81 -> Lo16
      Successfully read matrix
      Setting default partition (does not divide up characters)
      Setting model defaults
      Seed (for generating default start values) = 1539383111
      Taxon 79 -> L132
      Taxon 80 -> Lo9
      Taxon 81 -> Lo16
      Taxon 79 -> L132
      Taxon 80 -> Lo9
      Taxon 81 -> Lo16
      Taxon 43 -> JT85
      Taxon 44 -> JT87
      Taxon 45 -> JT89
      Taxon 46 -> JT90
      Taxon 47 -> JT97
      Taxon 48 -> JT98
      Taxon 49 -> JT108
      Taxon 50 -> JT112
      Taxon 51 -> JT162
      Taxon 37 -> JT20
      Taxon 38 -> JT21
      Taxon 39 -> JT23
      Taxon 40 -> JT25
      Taxon 41 -> JT27
      Taxon 42 -> JT80
      Taxon 43 -> JT85
      Taxon 44 -> JT87
      Taxon 83 -> Lo43
      Taxon 84 -> Tec
      Successfully read matrix
      Setting default partition (does not divide up characters)
      Setting model defaults
      Seed (for generating default start values) = 1539383111
      Taxon 82 -> Lo28
      Taxon 83 -> Lo43
      Taxon 84 -> Tec
      Successfully read matrix
      Setting default partition (does not divide up characters)
      Setting model defaults
      Seed (for generating default start values) = 1539383111
      Taxon 82 -> Lo28
      Taxon 83 -> Lo43
      Taxon 84 -> Tec
      Successfully read matrix
      Setting default partition (does not divide up characters)
      Setting model defaults
      Seed (for generating default start values) = 1539383111
      Taxon 82 -> Lo28
      Taxon 83 -> Lo43
      Taxon 84 -> Tec
      Successfully read matrix
      Setting default partition (does not divide up characters)
      Setting model defaults
      Seed (for generating default start values) = 1539383111
      Setting output file names to "plastid/Plastid.nex.run<i>.<p|t>"
   Exiting characters block
   Reached end of file

   Returning execution to calling file ...

      Setting Nst to 6
      Setting Rates to Invgamma
      Successfully set likelihood model parameters
      Taxon 52 -> JT164
      Taxon 53 -> JT165
      Taxon 54 -> JT166
      Taxon 55 -> JT167
      Taxon 56 -> JT168
      Taxon 57 -> JT170
      Taxon 58 -> JT171
      Taxon 45 -> JT89
      Taxon 46 -> JT90
      Taxon 47 -> JT97
      Taxon 48 -> JT98
      Taxon 49 -> JT108
      Taxon 50 -> JT112
      Taxon 51 -> JT162
      Setting output file names to "plastid/Plastid.nex.run<i>.<p|t>"
   Exiting characters block
   Reached end of file

   Returning execution to calling file ...

      Setting Nst to 6
      Setting Rates to Invgamma
      Successfully set likelihood model parameters
      Running Markov chain
      MCMC stamp = 7559346859
      Seed = 1493541168
      Swapseed = 1539383111
      Model settings:

         Data not partitioned --
            Datatype  = DNA
            Nucmodel  = 4by4
            Nst       = 6
                        Substitution rates, expressed as proportions
                        of the rate sum, have a Dirichlet prior
                        (1.00,1.00,1.00,1.00,1.00,1.00)
            Covarion  = No
            # States  = 4
                        State frequencies have a Dirichlet prior
                        (1.00,1.00,1.00,1.00)
            Rates     = Invgamma
                        The distribution is approximated using 4 categories.
                        Likelihood summarized over all rate categories in each generation.
                        Shape parameter is exponentially
                        distributed with parameter (1.00).
                        Proportion of invariable sites is uniformly dist-
                        ributed on the interval (0.00,1.00).

      Active parameters: 

         Parameters
         ---------------------
         Revmat              1
         Statefreq           2
         Shape               3
         Pinvar              4
         Ratemultiplier      5
         Topology            6
         Brlens              7
         ---------------------

         1 --  Parameter  = Revmat
               Type       = Rates of reversible rate matrix
               Prior      = Dirichlet(1.00,1.00,1.00,1.00,1.00,1.00)

         2 --  Parameter  = Pi
               Type       = Stationary state frequencies
               Prior      = Dirichlet

         3 --  Parameter  = Alpha
               Type       = Shape of scaled gamma distribution of site rates
               Prior      = Exponential(1.00)

         4 --  Parameter  = Pinvar
               Type       = Proportion of invariable sites
               Prior      = Uniform(0.00,1.00)

         5 --  Parameter  = Ratemultiplier
               Type       = Partition-specific rate multiplier
               Prior      = Fixed(1.0)

         6 --  Parameter  = Tau
               Type       = Topology
               Prior      = All topologies equally probable a priori
               Subparam.  = V

         7 --  Parameter  = V
               Type       = Branch lengths
               Prior      = Unconstrained:GammaDir(1.0,0.1000,1.0,1.0)



      The MCMC sampler will use the following moves:
         With prob.  Chain will use move
            0.93 %   Dirichlet(Revmat)
            0.93 %   Slider(Revmat)
            0.93 %   Dirichlet(Pi)
            0.93 %   Slider(Pi)
            1.85 %   Multiplier(Alpha)
            1.85 %   Slider(Pinvar)
            9.26 %   ExtSPR(Tau,V)
            9.26 %   ExtTBR(Tau,V)
            9.26 %   NNI(Tau,V)
            9.26 %   ParsSPR(Tau,V)
           37.04 %   Multiplier(V)
           12.96 %   Nodeslider(V)
            5.56 %   TLMultiplier(V)

      Division 1 has 60 unique site patterns
      Initializing conditional likelihoods
      Using standard SSE likelihood calculator for division 1 (single-precision)
      Taxon 59 -> JT172
      Taxon 60 -> JT173_0
      Taxon 61 -> JT173_1
      Taxon 62 -> JT174
      Taxon 63 -> JT175
      Taxon 64 -> JT177
      Taxon 65 -> JT178_0
      Setting output file names to "plastid/Plastid.nex.run<i>.<p|t>"
   Exiting characters block
   Reached end of file

   Returning execution to calling file ...

      Setting Nst to 6
      Setting Rates to Invgamma
      Successfully set likelihood model parameters
      Taxon 52 -> JT164
      Taxon 53 -> JT165
      Taxon 54 -> JT166
      Taxon 55 -> JT167
      Taxon 56 -> JT168
      Setting output file names to "plastid/Plastid.nex.run<i>.<p|t>"
   Exiting characters block
   Reached end of file

   Returning execution to calling file ...

      Setting Nst to 6
      Setting Rates to Invgamma
      Successfully set likelihood model parameters
      Running Markov chain
      MCMC stamp = 7559346859
      Seed = 1493541168
      Swapseed = 1539383111
      Model settings:

         Data not partitioned --
            Datatype  = DNA
            Nucmodel  = 4by4
            Nst       = 6
                        Substitution rates, expressed as proportions
                        of the rate sum, have a Dirichlet prior
                        (1.00,1.00,1.00,1.00,1.00,1.00)
            Covarion  = No
            # States  = 4
                        State frequencies have a Dirichlet prior
                        (1.00,1.00,1.00,1.00)
            Rates     = Invgamma
                        The distribution is approximated using 4 categories.
                        Likelihood summarized over all rate categories in each generation.
                        Shape parameter is exponentially
                        distributed with parameter (1.00).
                        Proportion of invariable sites is uniformly dist-
                        ributed on the interval (0.00,1.00).

      Active parameters: 

         Parameters
         ---------------------
         Revmat              1
         Statefreq           2
         Shape               3
         Pinvar              4
         Ratemultiplier      5
         Topology            6
         Brlens              7
         ---------------------

         1 --  Parameter  = Revmat
               Type       = Rates of reversible rate matrix
               Prior      = Dirichlet(1.00,1.00,1.00,1.00,1.00,1.00)

         2 --  Parameter  = Pi
               Type       = Stationary state frequencies
               Prior      = Dirichlet

         3 --  Parameter  = Alpha
               Type       = Shape of scaled gamma distribution of site rates
               Prior      = Exponential(1.00)

         4 --  Parameter  = Pinvar
               Type       = Proportion of invariable sites
               Prior      = Uniform(0.00,1.00)

         5 --  Parameter  = Ratemultiplier
               Type       = Partition-specific rate multiplier
               Prior      = Fixed(1.0)

         6 --  Parameter  = Tau
               Type       = Topology
               Prior      = All topologies equally probable a priori
               Subparam.  = V

         7 --  Parameter  = V
               Type       = Branch lengths
               Prior      = Unconstrained:GammaDir(1.0,0.1000,1.0,1.0)



      The MCMC sampler will use the following moves:
         With prob.  Chain will use move
            0.93 %   Dirichlet(Revmat)
            0.93 %   Slider(Revmat)
            0.93 %   Dirichlet(Pi)
            0.93 %   Slider(Pi)
            1.85 %   Multiplier(Alpha)
            1.85 %   Slider(Pinvar)
            9.26 %   ExtSPR(Tau,V)
            9.26 %   ExtTBR(Tau,V)
            9.26 %   NNI(Tau,V)
            9.26 %   ParsSPR(Tau,V)
           37.04 %   Multiplier(V)
           12.96 %   Nodeslider(V)
            5.56 %   TLMultiplier(V)

      Division 1 has 60 unique site patterns
      Initializing conditional likelihoods
      Using standard SSE likelihood calculator for division 1 (single-precision)
      Setting output file names to "plastid/Plastid.nex.run<i>.<p|t>"
   Exiting characters block
   Reached end of file

   Returning execution to calling file ...

      Setting Nst to 6
      Setting Rates to Invgamma
      Successfully set likelihood model parameters
      Setting output file names to "plastid/Plastid.nex.run<i>.<p|t>"
   Exiting characters block
   Reached end of file

   Returning execution to calling file ...

      Setting Nst to 6
      Setting Rates to Invgamma
      Successfully set likelihood model parameters
      Taxon 66 -> JT178_1
      Taxon 67 -> JT179
      Taxon 68 -> JT181
      Taxon 69 -> JT182
      Taxon 57 -> JT170
      Taxon 58 -> JT171
      Taxon 59 -> JT172
      Taxon 60 -> JT173_0
      Taxon 61 -> JT173_1
      Taxon 62 -> JT174
      Taxon 63 -> JT175
      Initializing invariable-site conditional likelihoods

      Initial log likelihoods and log prior probs for run 1:
         Chain 1 -- -8122.834678 -- 146.455743
         Chain 2 -- -8060.868461 -- 146.455743
         Chain 3 -- -8009.949087 -- 146.455743
         Chain 4 -- -8165.595436 -- 146.455743

      Initial log likelihoods and log prior probs for run 2:
         Chain 1 -- -8103.585351 -- 146.455743
      Running Markov chain
      MCMC stamp = 7559346859
      Seed = 1493541168
      Swapseed = 1539383111
      Model settings:

         Data not partitioned --
            Datatype  = DNA
            Nucmodel  = 4by4
            Nst       = 6
                        Substitution rates, expressed as proportions
                        of the rate sum, have a Dirichlet prior
                        (1.00,1.00,1.00,1.00,1.00,1.00)
            Covarion  = No
            # States  = 4
                        State frequencies have a Dirichlet prior
                        (1.00,1.00,1.00,1.00)
            Rates     = Invgamma
                        The distribution is approximated using 4 categories.
                        Likelihood summarized over all rate categories in each generation.
                        Shape parameter is exponentially
                        distributed with parameter (1.00).
                        Proportion of invariable sites is uniformly dist-
                        ributed on the interval (0.00,1.00).

      Active parameters: 

         Parameters
         ---------------------
         Revmat              1
         Statefreq           2
         Shape               3
         Pinvar              4
         Ratemultiplier      5
         Topology            6
         Brlens              7
         ---------------------

         1 --  Parameter  = Revmat
               Type       = Rates of reversible rate matrix
               Prior      = Dirichlet(1.00,1.00,1.00,1.00,1.00,1.00)

         2 --  Parameter  = Pi
               Type       = Stationary state frequencies
               Prior      = Dirichlet

         3 --  Parameter  = Alpha
               Type       = Shape of scaled gamma distribution of site rates
               Prior      = Exponential(1.00)

         4 --  Parameter  = Pinvar
               Type       = Proportion of invariable sites
               Prior      = Uniform(0.00,1.00)

         5 --  Parameter  = Ratemultiplier
               Type       = Partition-specific rate multiplier
               Prior      = Fixed(1.0)

         6 --  Parameter  = Tau
               Type       = Topology
               Prior      = All topologies equally probable a priori
               Subparam.  = V

         7 --  Parameter  = V
               Type       = Branch lengths
               Prior      = Unconstrained:GammaDir(1.0,0.1000,1.0,1.0)



      The MCMC sampler will use the following moves:
         With prob.  Chain will use move
            0.93 %   Dirichlet(Revmat)
            0.93 %   Slider(Revmat)
            0.93 %   Dirichlet(Pi)
            0.93 %   Slider(Pi)
            1.85 %   Multiplier(Alpha)
            1.85 %   Slider(Pinvar)
            9.26 %   ExtSPR(Tau,V)
            9.26 %   ExtTBR(Tau,V)
            9.26 %   NNI(Tau,V)
            9.26 %   ParsSPR(Tau,V)
           37.04 %   Multiplier(V)
           12.96 %   Nodeslider(V)
            5.56 %   TLMultiplier(V)

      Division 1 has 60 unique site patterns
      Initializing conditional likelihoods
      Using standard SSE likelihood calculator for division 1 (single-precision)
      Initializing invariable-site conditional likelihoods
      Initializing invariable-site conditional likelihoods

      Initial log likelihoods and log prior probs for run 1:
         Chain 1 -- -8122.834678 -- 146.455743
         Chain 2 -- -8060.868461 -- 146.455743
         Chain 3 -- -8009.949087 -- 146.455743
         Chain 4 -- -8165.595436 -- 146.455743

      Initial log likelihoods and log prior probs for run 2:
         Chain 1 -- -8103.585351 -- 146.455743
         Chain 2 -- -8087.165405 -- 146.455743
         Chain 3 -- -8096.365610 -- 146.455743
      Running Markov chain
      MCMC stamp = 7559346859
      Seed = 1493541168
      Swapseed = 1539383111
      Model settings:

         Data not partitioned --
            Datatype  = DNA
            Nucmodel  = 4by4
            Nst       = 6
                        Substitution rates, expressed as proportions
                        of the rate sum, have a Dirichlet prior
                        (1.00,1.00,1.00,1.00,1.00,1.00)
            Covarion  = No
            # States  = 4
                        State frequencies have a Dirichlet prior
                        (1.00,1.00,1.00,1.00)
            Rates     = Invgamma
                        The distribution is approximated using 4 categories.
                        Likelihood summarized over all rate categories in each generation.
                        Shape parameter is exponentially
                        distributed with parameter (1.00).
                        Proportion of invariable sites is uniformly dist-
                        ributed on the interval (0.00,1.00).

      Active parameters: 

         Parameters
         ---------------------
         Revmat              1
         Statefreq           2
         Shape               3
         Pinvar              4
         Ratemultiplier      5
         Topology            6
         Brlens              7
         ---------------------

         1 --  Parameter  = Revmat
               Type       = Rates of reversible rate matrix
               Prior      = Dirichlet(1.00,1.00,1.00,1.00,1.00,1.00)

         2 --  Parameter  = Pi
               Type       = Stationary state frequencies
               Prior      = Dirichlet

         3 --  Parameter  = Alpha
               Type       = Shape of scaled gamma distribution of site rates
               Prior      = Exponential(1.00)

         4 --  Parameter  = Pinvar
               Type       = Proportion of invariable sites
               Prior      = Uniform(0.00,1.00)

         5 --  Parameter  = Ratemultiplier
               Type       = Partition-specific rate multiplier
               Prior      = Fixed(1.0)

         6 --  Parameter  = Tau
               Type       = Topology
               Prior      = All topologies equally probable a priori
               Subparam.  = V

         7 --  Parameter  = V
               Type       = Branch lengths
               Prior      = Unconstrained:GammaDir(1.0,0.1000,1.0,1.0)



      The MCMC sampler will use the following moves:
         With prob.  Chain will use move
            0.93 %   Dirichlet(Revmat)
            0.93 %   Slider(Revmat)
            0.93 %   Dirichlet(Pi)
            0.93 %   Slider(Pi)
            1.85 %   Multiplier(Alpha)
            1.85 %   Slider(Pinvar)
            9.26 %   ExtSPR(Tau,V)
            9.26 %   ExtTBR(Tau,V)
            9.26 %   NNI(Tau,V)
            9.26 %   ParsSPR(Tau,V)
           37.04 %   Multiplier(V)
           12.96 %   Nodeslider(V)
            5.56 %   TLMultiplier(V)

      Division 1 has 60 unique site patterns
      Initializing conditional likelihoods
      Using standard SSE likelihood calculator for division 1 (single-precision)
      Running Markov chain
      MCMC stamp = 7559346859
      Seed = 1493541168
      Swapseed = 1539383111
      Model settings:

         Data not partitioned --
            Datatype  = DNA
            Nucmodel  = 4by4
            Nst       = 6
                        Substitution rates, expressed as proportions
                        of the rate sum, have a Dirichlet prior
                        (1.00,1.00,1.00,1.00,1.00,1.00)
            Covarion  = No
            # States  = 4
                        State frequencies have a Dirichlet prior
                        (1.00,1.00,1.00,1.00)
            Rates     = Invgamma
                        The distribution is approximated using 4 categories.
                        Likelihood summarized over all rate categories in each generation.
                        Shape parameter is exponentially
                        distributed with parameter (1.00).
                        Proportion of invariable sites is uniformly dist-
                        ributed on the interval (0.00,1.00).

      Active parameters: 

         Parameters
         ---------------------
         Revmat              1
         Statefreq           2
         Shape               3
         Pinvar              4
         Ratemultiplier      5
         Topology            6
         Brlens              7
         ---------------------

         1 --  Parameter  = Revmat
               Type       = Rates of reversible rate matrix
               Prior      = Dirichlet(1.00,1.00,1.00,1.00,1.00,1.00)

         2 --  Parameter  = Pi
               Type       = Stationary state frequencies
               Prior      = Dirichlet

         3 --  Parameter  = Alpha
               Type       = Shape of scaled gamma distribution of site rates
               Prior      = Exponential(1.00)

         4 --  Parameter  = Pinvar
               Type       = Proportion of invariable sites
               Prior      = Uniform(0.00,1.00)

         5 --  Parameter  = Ratemultiplier
               Type       = Partition-specific rate multiplier
               Prior      = Fixed(1.0)

         6 --  Parameter  = Tau
               Type       = Topology
               Prior      = All topologies equally probable a priori
               Subparam.  = V

         7 --  Parameter  = V
               Type       = Branch lengths
               Prior      = Unconstrained:GammaDir(1.0,0.1000,1.0,1.0)



      The MCMC sampler will use the following moves:
         With prob.  Chain will use move
            0.93 %   Dirichlet(Revmat)
            0.93 %   Slider(Revmat)
            0.93 %   Dirichlet(Pi)
            0.93 %   Slider(Pi)
            1.85 %   Multiplier(Alpha)
            1.85 %   Slider(Pinvar)
            9.26 %   ExtSPR(Tau,V)
            9.26 %   ExtTBR(Tau,V)
            9.26 %   NNI(Tau,V)
            9.26 %   ParsSPR(Tau,V)
           37.04 %   Multiplier(V)
           12.96 %   Nodeslider(V)
            5.56 %   TLMultiplier(V)

      Division 1 has 60 unique site patterns
      Initializing conditional likelihoods
      Using standard SSE likelihood calculator for division 1 (single-precision)
      Taxon 70 -> JT183
      Taxon 71 -> JT184
      Taxon 72 -> JT185
      Taxon 73 -> JT188
      Taxon 74 -> L5
      Taxon 75 -> L62
      Taxon 76 -> L65
      Taxon 77 -> L93
      Taxon 78 -> L111
      Taxon 64 -> JT177
      Taxon 65 -> JT178_0
      Taxon 66 -> JT178_1
      Taxon 67 -> JT179
      Taxon 68 -> JT181
      Taxon 69 -> JT182
      Taxon 70 -> JT183
      Taxon 79 -> L132
      Taxon 80 -> Lo9
      Taxon 81 -> Lo16
      Taxon 82 -> Lo28
      Taxon 83 -> Lo43
      Taxon 84 -> Tec
         Chain 2 -- -8087.165405 -- 146.455743
         Chain 3 -- -8096.365610 -- 146.455743
         Chain 4 -- -8062.251032 -- 146.455743

      Running Markov chain
      MCMC stamp = 7559346859
      Seed = 1493541168
      Swapseed = 1539383111
      Model settings:

         Data not partitioned --
            Datatype  = DNA
            Nucmodel  = 4by4
            Nst       = 6
                        Substitution rates, expressed as proportions
                        of the rate sum, have a Dirichlet prior
                        (1.00,1.00,1.00,1.00,1.00,1.00)
            Covarion  = No
            # States  = 4
                        State frequencies have a Dirichlet prior
                        (1.00,1.00,1.00,1.00)
            Rates     = Invgamma
                        The distribution is approximated using 4 categories.
                        Likelihood summarized over all rate categories in each generation.
                        Shape parameter is exponentially
                        distributed with parameter (1.00).
                        Proportion of invariable sites is uniformly dist-
                        ributed on the interval (0.00,1.00).

      Active parameters: 

         Parameters
         ---------------------
         Revmat              1
         Statefreq           2
         Shape               3
         Pinvar              4
         Ratemultiplier      5
         Topology            6
         Brlens              7
         ---------------------

         1 --  Parameter  = Revmat
               Type       = Rates of reversible rate matrix
               Prior      = Dirichlet(1.00,1.00,1.00,1.00,1.00,1.00)

         2 --  Parameter  = Pi
               Type       = Stationary state frequencies
               Prior      = Dirichlet

         3 --  Parameter  = Alpha
               Type       = Shape of scaled gamma distribution of site rates
               Prior      = Exponential(1.00)

         4 --  Parameter  = Pinvar
               Type       = Proportion of invariable sites
               Prior      = Uniform(0.00,1.00)

         5 --  Parameter  = Ratemultiplier
               Type       = Partition-specific rate multiplier
               Prior      = Fixed(1.0)

         6 --  Parameter  = Tau
               Type       = Topology
               Prior      = All topologies equally probable a priori
               Subparam.  = V

         7 --  Parameter  = V
               Type       = Branch lengths
               Prior      = Unconstrained:GammaDir(1.0,0.1000,1.0,1.0)



      The MCMC sampler will use the following moves:
         With prob.  Chain will use move
            0.93 %   Dirichlet(Revmat)
            0.93 %   Slider(Revmat)
            0.93 %   Dirichlet(Pi)
            0.93 %   Slider(Pi)
            1.85 %   Multiplier(Alpha)
            1.85 %   Slider(Pinvar)
            9.26 %   ExtSPR(Tau,V)
            9.26 %   ExtTBR(Tau,V)
            9.26 %   NNI(Tau,V)
            9.26 %   ParsSPR(Tau,V)
           37.04 %   Multiplier(V)
           12.96 %   Nodeslider(V)
            5.56 %   TLMultiplier(V)

      Division 1 has 60 unique site patterns
      Initializing conditional likelihoods
      Using standard SSE likelihood calculator for division 1 (single-precision)
      Initializing invariable-site conditional likelihoods

      Initial log likelihoods and log prior probs for run 1:
         Chain 1 -- -8122.834678 -- 146.455743
         Chain 2 -- -8060.868461 -- 146.455743

      Initial log likelihoods and log prior probs for run 1:
         Chain 1 -- -8122.834678 -- 146.455743
         Chain 2 -- -8060.868461 -- 146.455743
         Chain 3 -- -8009.949087 -- 146.455743
         Chain 4 -- -8165.595436 -- 146.455743

      Initial log likelihoods and log prior probs for run 2:
         Chain 1 -- -8103.585351 -- 146.455743
         Chain 4 -- -8062.251032 -- 146.455743

      Initializing invariable-site conditional likelihoods

      Initial log likelihoods and log prior probs for run 1:
         Chain 1 -- -8122.834678 -- 146.455743
         Chain 2 -- -8060.868461 -- 146.455743
      Initializing invariable-site conditional likelihoods

      Initial log likelihoods and log prior probs for run 1:
         Chain 1 -- -8122.834678 -- 146.455743
         Chain 2 -- -8060.868461 -- 146.455743
      Taxon 71 -> JT184
      Taxon 72 -> JT185
      Taxon 73 -> JT188
      Taxon 74 -> L5
      Taxon 75 -> L62
      Taxon 76 -> L65
      Taxon 77 -> L93
         Chain 3 -- -8009.949087 -- 146.455743
         Chain 4 -- -8165.595436 -- 146.455743

      Initial log likelihoods and log prior probs for run 2:
         Chain 1 -- -8103.585351 -- 146.455743
         Chain 2 -- -8087.165405 -- 146.455743
         Chain 3 -- -8009.949087 -- 146.455743
         Chain 4 -- -8165.595436 -- 146.455743

      Initial log likelihoods and log prior probs for run 2:
      Taxon 78 -> L111
      Taxon 79 -> L132
      Taxon 80 -> Lo9
         Chain 3 -- -8009.949087 -- 146.455743
         Chain 4 -- -8165.595436 -- 146.455743

      Initial log likelihoods and log prior probs for run 2:
      Overwriting file "plastid/Plastid.nex.run1.p"
      Taxon 81 -> Lo16
      Taxon 82 -> Lo28
      Taxon 83 -> Lo43
      Taxon 84 -> Tec

      Using a relative burnin of 25.0 % for diagnostics

      Chain results (1000000 generations requested):

          0 -- [-8122.835] (-8060.868) (-8009.949) (-8165.595) * [-8103.585] (-8087.165) (-8096.366) (-8062.251) 
         Chain 1 -- -8103.585351 -- 146.455743
         Chain 2 -- -8087.165405 -- 146.455743
         Chain 3 -- -8096.365610 -- 146.455743
         Chain 4 -- -8062.251032 -- 146.455743

         Chain 2 -- -8087.165405 -- 146.455743
         Chain 3 -- -8096.365610 -- 146.455743
         Chain 4 -- -8062.251032 -- 146.455743

      Overwriting file "plastid/Plastid.nex.mcmc"
      Overwriting file "plastid/Plastid.nex.run1.p"
      Overwriting file "plastid/Plastid.nex.run1.t"
         Chain 1 -- -8103.585351 -- 146.455743
         Chain 2 -- -8087.165405 -- 146.455743
         Chain 3 -- -8096.365610 -- 146.455743
         Chain 4 -- -8062.251032 -- 146.455743

      Overwriting file "plastid/Plastid.nex.mcmc"
         Chain 3 -- -8096.365610 -- 146.455743
         Chain 4 -- -8062.251032 -- 146.455743

      Overwriting file "plastid/Plastid.nex.mcmc"
      Overwriting file "plastid/Plastid.nex.run1.p"
      Overwriting file "plastid/Plastid.nex.run1.t"
      Overwriting file "plastid/Plastid.nex.run1.t"
      Overwriting file "plastid/Plastid.nex.run2.p"
      Overwriting file "plastid/Plastid.nex.run2.t"

      Using a relative burnin of 25.0 % for diagnostics

      Chain results (1000000 generations requested):

          0 -- [-8122.835] (-8060.868) (-8009.949) (-8165.595) * [-8103.585] (-8087.165) (-8096.366) (-8062.251) 
      Successfully read matrix
      Setting default partition (does not divide up characters)
      Setting model defaults
      Seed (for generating default start values) = 1539383111
      Overwriting file "plastid/Plastid.nex.run2.p"
      Overwriting file "plastid/Plastid.nex.run2.p"
      Overwriting file "plastid/Plastid.nex.run2.t"
      Overwriting file "plastid/Plastid.nex.run2.t"

      Using a relative burnin of 25.0 % for diagnostics

      Chain results (1000000 generations requested):

          0 -- [-8122.835] (-8060.868) (-8009.949) (-8165.595) * [-8103.585] (-8087.165) (-8096.366) (-8062.251) 

      Using a relative burnin of 25.0 % for diagnostics

      Chain results (1000000 generations requested):

          0 -- [-8122.835] (-8060.868) (-8009.949) (-8165.595) * [-8103.585] (-8087.165) (-8096.366) (-8062.251) 
      Overwriting file "plastid/Plastid.nex.mcmc"
      Overwriting file "plastid/Plastid.nex.run1.p"
      Overwriting file "plastid/Plastid.nex.run1.t"
      Overwriting file "plastid/Plastid.nex.run1.p"
      Overwriting file "plastid/Plastid.nex.run1.t"
      Overwriting file "plastid/Plastid.nex.run2.p"
      Successfully read matrix
      Setting default partition (does not divide up characters)
      Setting model defaults
      Seed (for generating default start values) = 1539383111
      Overwriting file "plastid/Plastid.nex.run2.p"
      Overwriting file "plastid/Plastid.nex.run2.t"

      Using a relative burnin of 25.0 % for diagnostics

      Chain results (1000000 generations requested):

          0 -- [-8122.835] (-8060.868) (-8009.949) (-8165.595) * [-8103.585] (-8087.165) (-8096.366) (-8062.251) 
      Overwriting file "plastid/Plastid.nex.run2.t"

      Using a relative burnin of 25.0 % for diagnostics

      Chain results (1000000 generations requested):

          0 -- [-8122.835] (-8060.868) (-8009.949) (-8165.595) * [-8103.585] (-8087.165) (-8096.366) (-8062.251) 
      Setting output file names to "plastid/Plastid.nex.run<i>.<p|t>"
   Exiting characters block
   Reached end of file

   Returning execution to calling file ...

      Setting Nst to 6
      Setting Rates to Invgamma
      Successfully set likelihood model parameters
      Setting output file names to "plastid/Plastid.nex.run<i>.<p|t>"
   Exiting characters block
   Reached end of file

   Returning execution to calling file ...

      Setting Nst to 6
      Setting Rates to Invgamma
      Successfully set likelihood model parameters
      Running Markov chain
      MCMC stamp = 7559346859
      Seed = 1493541168
      Swapseed = 1539383111
      Model settings:

         Data not partitioned --
            Datatype  = DNA
            Nucmodel  = 4by4
            Nst       = 6
                        Substitution rates, expressed as proportions
                        of the rate sum, have a Dirichlet prior
                        (1.00,1.00,1.00,1.00,1.00,1.00)
            Covarion  = No
            # States  = 4
                        State frequencies have a Dirichlet prior
                        (1.00,1.00,1.00,1.00)
            Rates     = Invgamma
                        The distribution is approximated using 4 categories.
                        Likelihood summarized over all rate categories in each generation.
                        Shape parameter is exponentially
                        distributed with parameter (1.00).
                        Proportion of invariable sites is uniformly dist-
                        ributed on the interval (0.00,1.00).

      Active parameters: 

         Parameters
         ---------------------
         Revmat              1
         Statefreq           2
         Shape               3
         Pinvar              4
         Ratemultiplier      5
         Topology            6
         Brlens              7
         ---------------------

         1 --  Parameter  = Revmat
               Type       = Rates of reversible rate matrix
               Prior      = Dirichlet(1.00,1.00,1.00,1.00,1.00,1.00)

         2 --  Parameter  = Pi
               Type       = Stationary state frequencies
               Prior      = Dirichlet

         3 --  Parameter  = Alpha
               Type       = Shape of scaled gamma distribution of site rates
               Prior      = Exponential(1.00)

         4 --  Parameter  = Pinvar
               Type       = Proportion of invariable sites
               Prior      = Uniform(0.00,1.00)

         5 --  Parameter  = Ratemultiplier
               Type       = Partition-specific rate multiplier
               Prior      = Fixed(1.0)

         6 --  Parameter  = Tau
               Type       = Topology
               Prior      = All topologies equally probable a priori
               Subparam.  = V

         7 --  Parameter  = V
               Type       = Branch lengths
               Prior      = Unconstrained:GammaDir(1.0,0.1000,1.0,1.0)



      The MCMC sampler will use the following moves:
         With prob.  Chain will use move
            0.93 %   Dirichlet(Revmat)
            0.93 %   Slider(Revmat)
            0.93 %   Dirichlet(Pi)
            0.93 %   Slider(Pi)
            1.85 %   Multiplier(Alpha)
            1.85 %   Slider(Pinvar)
            9.26 %   ExtSPR(Tau,V)
            9.26 %   ExtTBR(Tau,V)
            9.26 %   NNI(Tau,V)
            9.26 %   ParsSPR(Tau,V)
           37.04 %   Multiplier(V)
           12.96 %   Nodeslider(V)
            5.56 %   TLMultiplier(V)

      Running Markov chain
      MCMC stamp = 7559346859
      Seed = 1493541168
      Swapseed = 1539383111
      Model settings:

         Data not partitioned --
            Datatype  = DNA
            Nucmodel  = 4by4
            Nst       = 6
                        Substitution rates, expressed as proportions
                        of the rate sum, have a Dirichlet prior
                        (1.00,1.00,1.00,1.00,1.00,1.00)
            Covarion  = No
            # States  = 4
                        State frequencies have a Dirichlet prior
                        (1.00,1.00,1.00,1.00)
            Rates     = Invgamma
                        The distribution is approximated using 4 categories.
                        Likelihood summarized over all rate categories in each generation.
                        Shape parameter is exponentially
                        distributed with parameter (1.00).
                        Proportion of invariable sites is uniformly dist-
                        ributed on the interval (0.00,1.00).

      Active parameters: 

         Parameters
         ---------------------
         Revmat              1
         Statefreq           2
         Shape               3
         Pinvar              4
         Ratemultiplier      5
         Topology            6
         Brlens              7
         ---------------------

         1 --  Parameter  = Revmat
               Type       = Rates of reversible rate matrix
               Prior      = Dirichlet(1.00,1.00,1.00,1.00,1.00,1.00)

         2 --  Parameter  = Pi
               Type       = Stationary state frequencies
               Prior      = Dirichlet

         3 --  Parameter  = Alpha
               Type       = Shape of scaled gamma distribution of site rates
               Prior      = Exponential(1.00)

         4 --  Parameter  = Pinvar
               Type       = Proportion of invariable sites
               Prior      = Uniform(0.00,1.00)

         5 --  Parameter  = Ratemultiplier
               Type       = Partition-specific rate multiplier
               Prior      = Fixed(1.0)

         6 --  Parameter  = Tau
               Type       = Topology
               Prior      = All topologies equally probable a priori
               Subparam.  = V

         7 --  Parameter  = V
               Type       = Branch lengths
               Prior      = Unconstrained:GammaDir(1.0,0.1000,1.0,1.0)



      The MCMC sampler will use the following moves:
         With prob.  Chain will use move
            0.93 %   Dirichlet(Revmat)
            0.93 %   Slider(Revmat)
            0.93 %   Dirichlet(Pi)
            0.93 %   Slider(Pi)
            1.85 %   Multiplier(Alpha)
            1.85 %   Slider(Pinvar)
            9.26 %   ExtSPR(Tau,V)
            9.26 %   ExtTBR(Tau,V)
            9.26 %   NNI(Tau,V)
            9.26 %   ParsSPR(Tau,V)
           37.04 %   Multiplier(V)
           12.96 %   Nodeslider(V)
            5.56 %   TLMultiplier(V)

      Division 1 has 60 unique site patterns
      Initializing conditional likelihoods
      Using standard SSE likelihood calculator for division 1 (single-precision)
      Initializing invariable-site conditional likelihoods

      Initial log likelihoods and log prior probs for run 1:
         Chain 1 -- -8122.834678 -- 146.455743
         Chain 2 -- -8060.868461 -- 146.455743
         Chain 3 -- -8009.949087 -- 146.455743
         Chain 4 -- -8165.595436 -- 146.455743

      Initial log likelihoods and log prior probs for run 2:
         Chain 1 -- -8103.585351 -- 146.455743
      Division 1 has 60 unique site patterns
      Initializing conditional likelihoods
      Using standard SSE likelihood calculator for division 1 (single-precision)
      Initializing invariable-site conditional likelihoods

      Initial log likelihoods and log prior probs for run 1:
         Chain 1 -- -8122.834678 -- 146.455743
         Chain 2 -- -8060.868461 -- 146.455743
         Chain 3 -- -8009.949087 -- 146.455743
         Chain 4 -- -8165.595436 -- 146.455743

      Initial log likelihoods and log prior probs for run 2:
         Chain 1 -- -8103.585351 -- 146.455743
         Chain 2 -- -8087.165405 -- 146.455743
         Chain 3 -- -8096.365610 -- 146.455743
         Chain 4 -- -8062.251032 -- 146.455743

      Overwriting file "plastid/Plastid.nex.mcmc"
      Overwriting file "plastid/Plastid.nex.run1.p"
      Overwriting file "plastid/Plastid.nex.run1.t"
      Overwriting file "plastid/Plastid.nex.run2.p"
         Chain 2 -- -8087.165405 -- 146.455743
         Chain 3 -- -8096.365610 -- 146.455743
      Overwriting file "plastid/Plastid.nex.run2.t"

      Using a relative burnin of 25.0 % for diagnostics

      Chain results (1000000 generations requested):

          0 -- [-8122.835] (-8060.868) (-8009.949) (-8165.595) * [-8103.585] (-8087.165) (-8096.366) (-8062.251) 
         Chain 4 -- -8062.251032 -- 146.455743

      Overwriting file "plastid/Plastid.nex.mcmc"
      Overwriting file "plastid/Plastid.nex.run1.p"
      Overwriting file "plastid/Plastid.nex.run1.t"
      Overwriting file "plastid/Plastid.nex.run2.p"
      Overwriting file "plastid/Plastid.nex.run2.t"

      Using a relative burnin of 25.0 % for diagnostics

      Chain results (1000000 generations requested):

          0 -- [-8122.835] (-8060.868) (-8009.949) (-8165.595) * [-8103.585] (-8087.165) (-8096.366) (-8062.251) 
       1000 -- (-4228.193) (-4150.021) (-4288.720) [-4253.093] * (-4249.496) (-4359.496) (-4236.787) [-4092.046] -- 0:33:18
       1000 -- (-4228.193) (-4150.021) (-4288.720) [-4253.093] * (-4249.496) (-4359.496) (-4236.787) [-4092.046] -- 0:33:18
       1000 -- (-4228.193) (-4150.021) (-4288.720) [-4253.093] * (-4249.496) (-4359.496) (-4236.787) [-4092.046] -- 0:33:18
       1000 -- (-4228.193) (-4150.021) (-4288.720) [-4253.093] * (-4249.496) (-4359.496) (-4236.787) [-4092.046] -- 0:33:18
       1000 -- (-4228.193) (-4150.021) (-4288.720) [-4253.093] * (-4249.496) (-4359.496) (-4236.787) [-4092.046] -- 0:33:18
       1000 -- (-4228.193) (-4150.021) (-4288.720) [-4253.093] * (-4249.496) (-4359.496) (-4236.787) [-4092.046] -- 0:33:18
       1000 -- (-4228.193) (-4150.021) (-4288.720) [-4253.093] * (-4249.496) (-4359.496) (-4236.787) [-4092.046] -- 0:49:57
       1000 -- (-4228.193) (-4150.021) (-4288.720) [-4253.093] * (-4249.496) (-4359.496) (-4236.787) [-4092.046] -- 0:49:57
       2000 -- (-3861.477) (-3863.272) [-3791.220] (-3977.594) * (-3889.659) (-3946.169) (-3974.709) [-3802.807] -- 0:49:54
       2000 -- (-3861.477) (-3863.272) [-3791.220] (-3977.594) * (-3889.659) (-3946.169) (-3974.709) [-3802.807] -- 0:49:54
       2000 -- (-3861.477) (-3863.272) [-3791.220] (-3977.594) * (-3889.659) (-3946.169) (-3974.709) [-3802.807] -- 0:49:54
       2000 -- (-3861.477) (-3863.272) [-3791.220] (-3977.594) * (-3889.659) (-3946.169) (-3974.709) [-3802.807] -- 0:49:54
       2000 -- (-3861.477) (-3863.272) [-3791.220] (-3977.594) * (-3889.659) (-3946.169) (-3974.709) [-3802.807] -- 0:49:54
       2000 -- (-3861.477) (-3863.272) [-3791.220] (-3977.594) * (-3889.659) (-3946.169) (-3974.709) [-3802.807] -- 0:49:54
       2000 -- (-3861.477) (-3863.272) [-3791.220] (-3977.594) * (-3889.659) (-3946.169) (-3974.709) [-3802.807] -- 0:49:54
       2000 -- (-3861.477) (-3863.272) [-3791.220] (-3977.594) * (-3889.659) (-3946.169) (-3974.709) [-3802.807] -- 0:49:54
       3000 -- (-3780.074) [-3711.704] (-3734.460) (-3825.124) * (-3764.390) (-3738.387) (-3796.562) [-3722.374] -- 0:49:51
       3000 -- (-3780.074) [-3711.704] (-3734.460) (-3825.124) * (-3764.390) (-3738.387) (-3796.562) [-3722.374] -- 0:49:51
       3000 -- (-3780.074) [-3711.704] (-3734.460) (-3825.124) * (-3764.390) (-3738.387) (-3796.562) [-3722.374] -- 0:49:51
       3000 -- (-3780.074) [-3711.704] (-3734.460) (-3825.124) * (-3764.390) (-3738.387) (-3796.562) [-3722.374] -- 0:49:51
       3000 -- (-3780.074) [-3711.704] (-3734.460) (-3825.124) * (-3764.390) (-3738.387) (-3796.562) [-3722.374] -- 0:49:51
       3000 -- (-3780.074) [-3711.704] (-3734.460) (-3825.124) * (-3764.390) (-3738.387) (-3796.562) [-3722.374] -- 0:49:51
       3000 -- (-3780.074) [-3711.704] (-3734.460) (-3825.124) * (-3764.390) (-3738.387) (-3796.562) [-3722.374] -- 0:55:23
       3000 -- (-3780.074) [-3711.704] (-3734.460) (-3825.124) * (-3764.390) (-3738.387) (-3796.562) [-3722.374] -- 0:55:23
       4000 -- (-3679.854) (-3653.153) [-3650.547] (-3711.546) * (-3651.197) [-3598.548] (-3669.102) (-3712.005) -- 0:49:48
       4000 -- (-3679.854) (-3653.153) [-3650.547] (-3711.546) * (-3651.197) [-3598.548] (-3669.102) (-3712.005) -- 0:49:48
       4000 -- (-3679.854) (-3653.153) [-3650.547] (-3711.546) * (-3651.197) [-3598.548] (-3669.102) (-3712.005) -- 0:49:48
       4000 -- (-3679.854) (-3653.153) [-3650.547] (-3711.546) * (-3651.197) [-3598.548] (-3669.102) (-3712.005) -- 0:49:48
       4000 -- (-3679.854) (-3653.153) [-3650.547] (-3711.546) * (-3651.197) [-3598.548] (-3669.102) (-3712.005) -- 0:49:48
       4000 -- (-3679.854) (-3653.153) [-3650.547] (-3711.546) * (-3651.197) [-3598.548] (-3669.102) (-3712.005) -- 0:49:48
       4000 -- (-3679.854) (-3653.153) [-3650.547] (-3711.546) * (-3651.197) [-3598.548] (-3669.102) (-3712.005) -- 0:53:57
       4000 -- (-3679.854) (-3653.153) [-3650.547] (-3711.546) * (-3651.197) [-3598.548] (-3669.102) (-3712.005) -- 0:53:57
       5000 -- (-3640.424) (-3641.663) [-3584.132] (-3632.711) * (-3617.977) [-3572.182] (-3607.553) (-3684.665) -- 0:49:45

      Average standard deviation of split frequencies: 0.083303

       5000 -- (-3640.424) (-3641.663) [-3584.132] (-3632.711) * (-3617.977) [-3572.182] (-3607.553) (-3684.665) -- 0:49:45

      Average standard deviation of split frequencies: 0.083303

       5000 -- (-3640.424) (-3641.663) [-3584.132] (-3632.711) * (-3617.977) [-3572.182] (-3607.553) (-3684.665) -- 0:53:04

       5000 -- (-3640.424) (-3641.663) [-3584.132] (-3632.711) * (-3617.977) [-3572.182] (-3607.553) (-3684.665) -- 0:53:04

      Average standard deviation of split frequencies: 0.083303

      Average standard deviation of split frequencies: 0.083303

       5000 -- (-3640.424) (-3641.663) [-3584.132] (-3632.711) * (-3617.977) [-3572.182] (-3607.553) (-3684.665) -- 0:53:04
       5000 -- (-3640.424) (-3641.663) [-3584.132] (-3632.711) * (-3617.977) [-3572.182] (-3607.553) (-3684.665) -- 0:53:04

      Average standard deviation of split frequencies: 0.083303


      Average standard deviation of split frequencies: 0.083303

       5000 -- (-3640.424) (-3641.663) [-3584.132] (-3632.711) * (-3617.977) [-3572.182] (-3607.553) (-3684.665) -- 0:53:04

      Average standard deviation of split frequencies: 0.083303

       5000 -- (-3640.424) (-3641.663) [-3584.132] (-3632.711) * (-3617.977) [-3572.182] (-3607.553) (-3684.665) -- 0:53:04

      Average standard deviation of split frequencies: 0.083303

       6000 -- (-3614.928) (-3615.432) [-3581.783] (-3628.095) * (-3619.092) [-3566.146] (-3612.742) (-3681.713) -- 0:52:27
       6000 -- (-3614.928) (-3615.432) [-3581.783] (-3628.095) * (-3619.092) [-3566.146] (-3612.742) (-3681.713) -- 0:52:27
       6000 -- (-3614.928) (-3615.432) [-3581.783] (-3628.095) * (-3619.092) [-3566.146] (-3612.742) (-3681.713) -- 0:52:27
       6000 -- (-3614.928) (-3615.432) [-3581.783] (-3628.095) * (-3619.092) [-3566.146] (-3612.742) (-3681.713) -- 0:52:27
       6000 -- (-3614.928) (-3615.432) [-3581.783] (-3628.095) * (-3619.092) [-3566.146] (-3612.742) (-3681.713) -- 0:55:13
       6000 -- (-3614.928) (-3615.432) [-3581.783] (-3628.095) * (-3619.092) [-3566.146] (-3612.742) (-3681.713) -- 0:55:13
       6000 -- (-3614.928) (-3615.432) [-3581.783] (-3628.095) * (-3619.092) [-3566.146] (-3612.742) (-3681.713) -- 0:55:13
       6000 -- (-3614.928) (-3615.432) [-3581.783] (-3628.095) * (-3619.092) [-3566.146] (-3612.742) (-3681.713) -- 0:55:13
       7000 -- (-3606.130) (-3618.861) [-3581.893] (-3616.746) * (-3591.873) [-3568.173] (-3644.488) (-3657.582) -- 0:54:22
       7000 -- (-3606.130) (-3618.861) [-3581.893] (-3616.746) * (-3591.873) [-3568.173] (-3644.488) (-3657.582) -- 0:54:22
       7000 -- (-3606.130) (-3618.861) [-3581.893] (-3616.746) * (-3591.873) [-3568.173] (-3644.488) (-3657.582) -- 0:54:22
       7000 -- (-3606.130) (-3618.861) [-3581.893] (-3616.746) * (-3591.873) [-3568.173] (-3644.488) (-3657.582) -- 0:54:22
       7000 -- (-3606.130) (-3618.861) [-3581.893] (-3616.746) * (-3591.873) [-3568.173] (-3644.488) (-3657.582) -- 0:56:44
       7000 -- (-3606.130) (-3618.861) [-3581.893] (-3616.746) * (-3591.873) [-3568.173] (-3644.488) (-3657.582) -- 0:56:44
       7000 -- (-3606.130) (-3618.861) [-3581.893] (-3616.746) * (-3591.873) [-3568.173] (-3644.488) (-3657.582) -- 0:56:44
       7000 -- (-3606.130) (-3618.861) [-3581.893] (-3616.746) * (-3591.873) [-3568.173] (-3644.488) (-3657.582) -- 0:56:44
       8000 -- (-3611.423) (-3597.071) [-3570.457] (-3624.404) * (-3600.042) [-3566.223] (-3621.073) (-3635.715) -- 0:55:48
       8000 -- (-3611.423) (-3597.071) [-3570.457] (-3624.404) * (-3600.042) [-3566.223] (-3621.073) (-3635.715) -- 0:55:48
       8000 -- (-3611.423) (-3597.071) [-3570.457] (-3624.404) * (-3600.042) [-3566.223] (-3621.073) (-3635.715) -- 0:57:52
       8000 -- (-3611.423) (-3597.071) [-3570.457] (-3624.404) * (-3600.042) [-3566.223] (-3621.073) (-3635.715) -- 0:57:52
       8000 -- (-3611.423) (-3597.071) [-3570.457] (-3624.404) * (-3600.042) [-3566.223] (-3621.073) (-3635.715) -- 0:57:52
       8000 -- (-3611.423) (-3597.071) [-3570.457] (-3624.404) * (-3600.042) [-3566.223] (-3621.073) (-3635.715) -- 0:57:52
       8000 -- (-3611.423) (-3597.071) [-3570.457] (-3624.404) * (-3600.042) [-3566.223] (-3621.073) (-3635.715) -- 0:57:52
       8000 -- (-3611.423) (-3597.071) [-3570.457] (-3624.404) * (-3600.042) [-3566.223] (-3621.073) (-3635.715) -- 0:57:52
       9000 -- (-3607.711) (-3591.713) [-3562.175] (-3601.369) * (-3592.317) [-3567.351] (-3600.531) (-3628.608) -- 0:56:53
       9000 -- (-3607.711) (-3591.713) [-3562.175] (-3601.369) * (-3592.317) [-3567.351] (-3600.531) (-3628.608) -- 0:56:53
       9000 -- (-3607.711) (-3591.713) [-3562.175] (-3601.369) * (-3592.317) [-3567.351] (-3600.531) (-3628.608) -- 0:58:43
       9000 -- (-3607.711) (-3591.713) [-3562.175] (-3601.369) * (-3592.317) [-3567.351] (-3600.531) (-3628.608) -- 0:58:43
       9000 -- (-3607.711) (-3591.713) [-3562.175] (-3601.369) * (-3592.317) [-3567.351] (-3600.531) (-3628.608) -- 0:58:43
       9000 -- (-3607.711) (-3591.713) [-3562.175] (-3601.369) * (-3592.317) [-3567.351] (-3600.531) (-3628.608) -- 0:58:43
       9000 -- (-3607.711) (-3591.713) [-3562.175] (-3601.369) * (-3592.317) [-3567.351] (-3600.531) (-3628.608) -- 0:58:43
       9000 -- (-3607.711) (-3591.713) [-3562.175] (-3601.369) * (-3592.317) [-3567.351] (-3600.531) (-3628.608) -- 0:58:43
      10000 -- (-3600.489) (-3606.344) [-3566.167] (-3607.895) * (-3573.688) [-3568.166] (-3586.721) (-3603.601) -- 0:59:24

      Average standard deviation of split frequencies: 0.094804

      10000 -- (-3600.489) (-3606.344) [-3566.167] (-3607.895) * (-3573.688) [-3568.166] (-3586.721) (-3603.601) -- 0:59:24

      Average standard deviation of split frequencies: 0.094804

      10000 -- (-3600.489) (-3606.344) [-3566.167] (-3607.895) * (-3573.688) [-3568.166] (-3586.721) (-3603.601) -- 0:59:24

      Average standard deviation of split frequencies: 0.094804

      10000 -- (-3600.489) (-3606.344) [-3566.167] (-3607.895) * (-3573.688) [-3568.166] (-3586.721) (-3603.601) -- 0:59:24

      Average standard deviation of split frequencies: 0.094804

      10000 -- (-3600.489) (-3606.344) [-3566.167] (-3607.895) * (-3573.688) [-3568.166] (-3586.721) (-3603.601) -- 1:01:03

      Average standard deviation of split frequencies: 0.094804

      10000 -- (-3600.489) (-3606.344) [-3566.167] (-3607.895) * (-3573.688) [-3568.166] (-3586.721) (-3603.601) -- 1:01:03

      Average standard deviation of split frequencies: 0.094804

      10000 -- (-3600.489) (-3606.344) [-3566.167] (-3607.895) * (-3573.688) [-3568.166] (-3586.721) (-3603.601) -- 1:01:03
      10000 -- (-3600.489) (-3606.344) [-3566.167] (-3607.895) * (-3573.688) [-3568.166] (-3586.721) (-3603.601) -- 1:01:03

      Average standard deviation of split frequencies: 0.094804


      Average standard deviation of split frequencies: 0.094804

      11000 -- (-3587.829) (-3623.501) [-3564.288] (-3603.273) * (-3578.133) [-3564.498] (-3588.799) (-3605.717) -- 0:59:56
      11000 -- (-3587.829) (-3623.501) [-3564.288] (-3603.273) * (-3578.133) [-3564.498] (-3588.799) (-3605.717) -- 0:59:56
      11000 -- (-3587.829) (-3623.501) [-3564.288] (-3603.273) * (-3578.133) [-3564.498] (-3588.799) (-3605.717) -- 1:01:26
      11000 -- (-3587.829) (-3623.501) [-3564.288] (-3603.273) * (-3578.133) [-3564.498] (-3588.799) (-3605.717) -- 1:01:26
      11000 -- (-3587.829) (-3623.501) [-3564.288] (-3603.273) * (-3578.133) [-3564.498] (-3588.799) (-3605.717) -- 1:01:26
      11000 -- (-3587.829) (-3623.501) [-3564.288] (-3603.273) * (-3578.133) [-3564.498] (-3588.799) (-3605.717) -- 1:01:26
      11000 -- (-3587.829) (-3623.501) [-3564.288] (-3603.273) * (-3578.133) [-3564.498] (-3588.799) (-3605.717) -- 1:02:56
      11000 -- (-3587.829) (-3623.501) [-3564.288] (-3603.273) * (-3578.133) [-3564.498] (-3588.799) (-3605.717) -- 1:02:56
      12000 -- (-3595.296) (-3618.400) [-3567.536] (-3609.351) * [-3578.102] (-3571.865) (-3599.443) (-3605.121) -- 1:01:45
      12000 -- (-3595.296) (-3618.400) [-3567.536] (-3609.351) * [-3578.102] (-3571.865) (-3599.443) (-3605.121) -- 1:01:45
      12000 -- (-3595.296) (-3618.400) [-3567.536] (-3609.351) * [-3578.102] (-3571.865) (-3599.443) (-3605.121) -- 1:03:07
      12000 -- (-3595.296) (-3618.400) [-3567.536] (-3609.351) * [-3578.102] (-3571.865) (-3599.443) (-3605.121) -- 1:03:07
      12000 -- (-3595.296) (-3618.400) [-3567.536] (-3609.351) * [-3578.102] (-3571.865) (-3599.443) (-3605.121) -- 1:03:07
      12000 -- (-3595.296) (-3618.400) [-3567.536] (-3609.351) * [-3578.102] (-3571.865) (-3599.443) (-3605.121) -- 1:03:07
      12000 -- (-3595.296) (-3618.400) [-3567.536] (-3609.351) * [-3578.102] (-3571.865) (-3599.443) (-3605.121) -- 1:05:52
      12000 -- (-3595.296) (-3618.400) [-3567.536] (-3609.351) * [-3578.102] (-3571.865) (-3599.443) (-3605.121) -- 1:05:52
      13000 -- (-3598.884) (-3629.911) [-3576.496] (-3602.449) * (-3577.641) [-3574.847] (-3601.163) (-3612.827) -- 1:04:32
      13000 -- (-3598.884) (-3629.911) [-3576.496] (-3602.449) * (-3577.641) [-3574.847] (-3601.163) (-3612.827) -- 1:04:32
      13000 -- (-3598.884) (-3629.911) [-3576.496] (-3602.449) * (-3577.641) [-3574.847] (-3601.163) (-3612.827) -- 1:04:32
      13000 -- (-3598.884) (-3629.911) [-3576.496] (-3602.449) * (-3577.641) [-3574.847] (-3601.163) (-3612.827) -- 1:04:32
      13000 -- (-3598.884) (-3629.911) [-3576.496] (-3602.449) * (-3577.641) [-3574.847] (-3601.163) (-3612.827) -- 1:05:48
      13000 -- (-3598.884) (-3629.911) [-3576.496] (-3602.449) * (-3577.641) [-3574.847] (-3601.163) (-3612.827) -- 1:05:48
      13000 -- (-3598.884) (-3629.911) [-3576.496] (-3602.449) * (-3577.641) [-3574.847] (-3601.163) (-3612.827) -- 1:07:03
      13000 -- (-3598.884) (-3629.911) [-3576.496] (-3602.449) * (-3577.641) [-3574.847] (-3601.163) (-3612.827) -- 1:07:03
      14000 -- (-3605.166) (-3613.306) [-3568.374] (-3594.783) * [-3571.631] (-3578.851) (-3606.722) (-3610.379) -- 1:05:44
      14000 -- (-3605.166) (-3613.306) [-3568.374] (-3594.783) * [-3571.631] (-3578.851) (-3606.722) (-3610.379) -- 1:05:44
      14000 -- (-3605.166) (-3613.306) [-3568.374] (-3594.783) * [-3571.631] (-3578.851) (-3606.722) (-3610.379) -- 1:06:54
      14000 -- (-3605.166) (-3613.306) [-3568.374] (-3594.783) * [-3571.631] (-3578.851) (-3606.722) (-3610.379) -- 1:06:54
      14000 -- (-3605.166) (-3613.306) [-3568.374] (-3594.783) * [-3571.631] (-3578.851) (-3606.722) (-3610.379) -- 1:06:54
      14000 -- (-3605.166) (-3613.306) [-3568.374] (-3594.783) * [-3571.631] (-3578.851) (-3606.722) (-3610.379) -- 1:06:54
      14000 -- (-3605.166) (-3613.306) [-3568.374] (-3594.783) * [-3571.631] (-3578.851) (-3606.722) (-3610.379) -- 1:09:15
      14000 -- (-3605.166) (-3613.306) [-3568.374] (-3594.783) * [-3571.631] (-3578.851) (-3606.722) (-3610.379) -- 1:09:15
      15000 -- (-3614.933) (-3621.991) [-3563.106] (-3594.710) * [-3569.338] (-3572.902) (-3605.517) (-3622.318) -- 1:06:45

      15000 -- (-3614.933) (-3621.991) [-3563.106] (-3594.710) * [-3569.338] (-3572.902) (-3605.517) (-3622.318) -- 1:06:45

      Average standard deviation of split frequencies: 0.085839

      Average standard deviation of split frequencies: 0.085839

      15000 -- (-3614.933) (-3621.991) [-3563.106] (-3594.710) * [-3569.338] (-3572.902) (-3605.517) (-3622.318) -- 1:07:51

      Average standard deviation of split frequencies: 0.085839

      15000 -- (-3614.933) (-3621.991) [-3563.106] (-3594.710) * [-3569.338] (-3572.902) (-3605.517) (-3622.318) -- 1:07:51

      Average standard deviation of split frequencies: 0.085839

      15000 -- (-3614.933) (-3621.991) [-3563.106] (-3594.710) * [-3569.338] (-3572.902) (-3605.517) (-3622.318) -- 1:07:51

      Average standard deviation of split frequencies: 0.085839

      15000 -- (-3614.933) (-3621.991) [-3563.106] (-3594.710) * [-3569.338] (-3572.902) (-3605.517) (-3622.318) -- 1:07:51

      Average standard deviation of split frequencies: 0.085839

      15000 -- (-3614.933) (-3621.991) [-3563.106] (-3594.710) * [-3569.338] (-3572.902) (-3605.517) (-3622.318) -- 1:11:08
      15000 -- (-3614.933) (-3621.991) [-3563.106] (-3594.710) * [-3569.338] (-3572.902) (-3605.517) (-3622.318) -- 1:11:08

      Average standard deviation of split frequencies: 0.085839


      Average standard deviation of split frequencies: 0.085839

      16000 -- (-3603.783) (-3625.298) [-3566.834] (-3598.092) * [-3574.605] (-3570.185) (-3598.240) (-3615.903) -- 1:08:40
      16000 -- (-3603.783) (-3625.298) [-3566.834] (-3598.092) * [-3574.605] (-3570.185) (-3598.240) (-3615.903) -- 1:08:40
      16000 -- (-3603.783) (-3625.298) [-3566.834] (-3598.092) * [-3574.605] (-3570.185) (-3598.240) (-3615.903) -- 1:08:40
      16000 -- (-3603.783) (-3625.298) [-3566.834] (-3598.092) * [-3574.605] (-3570.185) (-3598.240) (-3615.903) -- 1:08:40
      16000 -- (-3603.783) (-3625.298) [-3566.834] (-3598.092) * [-3574.605] (-3570.185) (-3598.240) (-3615.903) -- 1:08:40
      16000 -- (-3603.783) (-3625.298) [-3566.834] (-3598.092) * [-3574.605] (-3570.185) (-3598.240) (-3615.903) -- 1:08:40
      16000 -- (-3603.783) (-3625.298) [-3566.834] (-3598.092) * [-3574.605] (-3570.185) (-3598.240) (-3615.903) -- 1:12:46
      16000 -- (-3603.783) (-3625.298) [-3566.834] (-3598.092) * [-3574.605] (-3570.185) (-3598.240) (-3615.903) -- 1:12:46
      17000 -- (-3601.205) (-3616.447) [-3562.225] (-3591.034) * [-3564.519] (-3593.726) (-3599.562) (-3617.640) -- 1:11:18
      17000 -- (-3601.205) (-3616.447) [-3562.225] (-3591.034) * [-3564.519] (-3593.726) (-3599.562) (-3617.640) -- 1:11:18
      17000 -- (-3601.205) (-3616.447) [-3562.225] (-3591.034) * [-3564.519] (-3593.726) (-3599.562) (-3617.640) -- 1:11:18
      17000 -- (-3601.205) (-3616.447) [-3562.225] (-3591.034) * [-3564.519] (-3593.726) (-3599.562) (-3617.640) -- 1:11:18
      17000 -- (-3601.205) (-3616.447) [-3562.225] (-3591.034) * [-3564.519] (-3593.726) (-3599.562) (-3617.640) -- 1:11:18
      17000 -- (-3601.205) (-3616.447) [-3562.225] (-3591.034) * [-3564.519] (-3593.726) (-3599.562) (-3617.640) -- 1:11:18
      17000 -- (-3601.205) (-3616.447) [-3562.225] (-3591.034) * [-3564.519] (-3593.726) (-3599.562) (-3617.640) -- 1:14:12
      17000 -- (-3601.205) (-3616.447) [-3562.225] (-3591.034) * [-3564.519] (-3593.726) (-3599.562) (-3617.640) -- 1:14:12
      18000 -- (-3601.063) (-3618.888) [-3558.359] (-3590.182) * [-3558.560] (-3591.359) (-3602.401) (-3612.114) -- 1:11:49
      18000 -- (-3601.063) (-3618.888) [-3558.359] (-3590.182) * [-3558.560] (-3591.359) (-3602.401) (-3612.114) -- 1:11:49
      18000 -- (-3601.063) (-3618.888) [-3558.359] (-3590.182) * [-3558.560] (-3591.359) (-3602.401) (-3612.114) -- 1:12:44
      18000 -- (-3601.063) (-3618.888) [-3558.359] (-3590.182) * [-3558.560] (-3591.359) (-3602.401) (-3612.114) -- 1:12:44
      18000 -- (-3601.063) (-3618.888) [-3558.359] (-3590.182) * [-3558.560] (-3591.359) (-3602.401) (-3612.114) -- 1:12:44
      18000 -- (-3601.063) (-3618.888) [-3558.359] (-3590.182) * [-3558.560] (-3591.359) (-3602.401) (-3612.114) -- 1:12:44
      18000 -- (-3601.063) (-3618.888) [-3558.359] (-3590.182) * [-3558.560] (-3591.359) (-3602.401) (-3612.114) -- 1:16:22
      18000 -- (-3601.063) (-3618.888) [-3558.359] (-3590.182) * [-3558.560] (-3591.359) (-3602.401) (-3612.114) -- 1:16:22
      19000 -- (-3605.579) (-3623.077) [-3568.585] (-3589.769) * [-3560.704] (-3603.860) (-3600.837) (-3619.228) -- 1:13:08
      19000 -- (-3605.579) (-3623.077) [-3568.585] (-3589.769) * [-3560.704] (-3603.860) (-3600.837) (-3619.228) -- 1:13:08
      19000 -- (-3605.579) (-3623.077) [-3568.585] (-3589.769) * [-3560.704] (-3603.860) (-3600.837) (-3619.228) -- 1:14:00
      19000 -- (-3605.579) (-3623.077) [-3568.585] (-3589.769) * [-3560.704] (-3603.860) (-3600.837) (-3619.228) -- 1:14:00
      19000 -- (-3605.579) (-3623.077) [-3568.585] (-3589.769) * [-3560.704] (-3603.860) (-3600.837) (-3619.228) -- 1:14:00
      19000 -- (-3605.579) (-3623.077) [-3568.585] (-3589.769) * [-3560.704] (-3603.860) (-3600.837) (-3619.228) -- 1:14:00
      19000 -- (-3605.579) (-3623.077) [-3568.585] (-3589.769) * [-3560.704] (-3603.860) (-3600.837) (-3619.228) -- 1:17:26
      19000 -- (-3605.579) (-3623.077) [-3568.585] (-3589.769) * [-3560.704] (-3603.860) (-3600.837) (-3619.228) -- 1:17:26
      20000 -- (-3604.425) (-3610.027) [-3568.595] (-3592.631) * [-3562.554] (-3591.289) (-3586.101) (-3616.979) -- 1:14:19

      Average standard deviation of split frequencies: 0.080669

      20000 -- (-3604.425) (-3610.027) [-3568.595] (-3592.631) * [-3562.554] (-3591.289) (-3586.101) (-3616.979) -- 1:14:19

      Average standard deviation of split frequencies: 0.080669

      20000 -- (-3604.425) (-3610.027) [-3568.595] (-3592.631) * [-3562.554] (-3591.289) (-3586.101) (-3616.979) -- 1:14:19

      Average standard deviation of split frequencies: 0.080669

      20000 -- (-3604.425) (-3610.027) [-3568.595] (-3592.631) * [-3562.554] (-3591.289) (-3586.101) (-3616.979) -- 1:14:19

      Average standard deviation of split frequencies: 0.080669

      20000 -- (-3604.425) (-3610.027) [-3568.595] (-3592.631) * [-3562.554] (-3591.289) (-3586.101) (-3616.979) -- 1:15:08
      20000 -- (-3604.425) (-3610.027) [-3568.595] (-3592.631) * [-3562.554] (-3591.289) (-3586.101) (-3616.979) -- 1:15:08

      Average standard deviation of split frequencies: 0.080669


      Average standard deviation of split frequencies: 0.080669

      20000 -- (-3604.425) (-3610.027) [-3568.595] (-3592.631) * [-3562.554] (-3591.289) (-3586.101) (-3616.979) -- 1:18:24
      20000 -- (-3604.425) (-3610.027) [-3568.595] (-3592.631) * [-3562.554] (-3591.289) (-3586.101) (-3616.979) -- 1:18:24

      Average standard deviation of split frequencies: 0.080669


      Average standard deviation of split frequencies: 0.080669

      21000 -- (-3598.827) (-3621.381) [-3570.379] (-3590.519) * [-3564.005] (-3592.850) (-3591.604) (-3618.226) -- 1:15:22
      21000 -- (-3598.827) (-3621.381) [-3570.379] (-3590.519) * [-3564.005] (-3592.850) (-3591.604) (-3618.226) -- 1:15:22
      21000 -- (-3598.827) (-3621.381) [-3570.379] (-3590.519) * [-3564.005] (-3592.850) (-3591.604) (-3618.226) -- 1:15:22
      21000 -- (-3598.827) (-3621.381) [-3570.379] (-3590.519) * [-3564.005] (-3592.850) (-3591.604) (-3618.226) -- 1:15:22
      21000 -- (-3598.827) (-3621.381) [-3570.379] (-3590.519) * [-3564.005] (-3592.850) (-3591.604) (-3618.226) -- 1:16:55
      21000 -- (-3598.827) (-3621.381) [-3570.379] (-3590.519) * [-3564.005] (-3592.850) (-3591.604) (-3618.226) -- 1:16:55
      21000 -- (-3598.827) (-3621.381) [-3570.379] (-3590.519) * [-3564.005] (-3592.850) (-3591.604) (-3618.226) -- 1:19:15
      21000 -- (-3598.827) (-3621.381) [-3570.379] (-3590.519) * [-3564.005] (-3592.850) (-3591.604) (-3618.226) -- 1:19:15
      22000 -- (-3603.220) (-3617.496) [-3574.328] (-3608.393) * [-3559.857] (-3591.166) (-3588.537) (-3619.205) -- 1:15:34
      22000 -- (-3603.220) (-3617.496) [-3574.328] (-3608.393) * [-3559.857] (-3591.166) (-3588.537) (-3619.205) -- 1:15:34
      22000 -- (-3603.220) (-3617.496) [-3574.328] (-3608.393) * [-3559.857] (-3591.166) (-3588.537) (-3619.205) -- 1:16:18
      22000 -- (-3603.220) (-3617.496) [-3574.328] (-3608.393) * [-3559.857] (-3591.166) (-3588.537) (-3619.205) -- 1:16:18
      22000 -- (-3603.220) (-3617.496) [-3574.328] (-3608.393) * [-3559.857] (-3591.166) (-3588.537) (-3619.205) -- 1:17:47
      22000 -- (-3603.220) (-3617.496) [-3574.328] (-3608.393) * [-3559.857] (-3591.166) (-3588.537) (-3619.205) -- 1:17:47
      23000 -- (-3604.604) (-3603.006) [-3571.539] (-3589.993) * [-3563.923] (-3591.811) (-3589.900) (-3613.784) -- 1:15:45
      23000 -- (-3604.604) (-3603.006) [-3571.539] (-3589.993) * [-3563.923] (-3591.811) (-3589.900) (-3613.784) -- 1:15:45
      23000 -- (-3604.604) (-3603.006) [-3571.539] (-3589.993) * [-3563.923] (-3591.811) (-3589.900) (-3613.784) -- 1:16:27
      23000 -- (-3604.604) (-3603.006) [-3571.539] (-3589.993) * [-3563.923] (-3591.811) (-3589.900) (-3613.784) -- 1:16:27
      22000 -- (-3603.220) (-3617.496) [-3574.328] (-3608.393) * [-3559.857] (-3591.166) (-3588.537) (-3619.205) -- 1:20:01
      22000 -- (-3603.220) (-3617.496) [-3574.328] (-3608.393) * [-3559.857] (-3591.166) (-3588.537) (-3619.205) -- 1:20:01
      23000 -- (-3604.604) (-3603.006) [-3571.539] (-3589.993) * [-3563.923] (-3591.811) (-3589.900) (-3613.784) -- 1:18:35
      23000 -- (-3604.604) (-3603.006) [-3571.539] (-3589.993) * [-3563.923] (-3591.811) (-3589.900) (-3613.784) -- 1:18:35
      24000 -- (-3611.616) (-3612.919) [-3568.071] (-3593.473) * [-3563.239] (-3589.530) (-3593.174) (-3607.533) -- 1:16:35
      24000 -- (-3611.616) (-3612.919) [-3568.071] (-3593.473) * [-3563.239] (-3589.530) (-3593.174) (-3607.533) -- 1:16:35
      24000 -- (-3611.616) (-3612.919) [-3568.071] (-3593.473) * [-3563.239] (-3589.530) (-3593.174) (-3607.533) -- 1:16:35
      24000 -- (-3611.616) (-3612.919) [-3568.071] (-3593.473) * [-3563.239] (-3589.530) (-3593.174) (-3607.533) -- 1:16:35
      23000 -- (-3604.604) (-3603.006) [-3571.539] (-3589.993) * [-3563.923] (-3591.811) (-3589.900) (-3613.784) -- 1:20:42
      23000 -- (-3604.604) (-3603.006) [-3571.539] (-3589.993) * [-3563.923] (-3591.811) (-3589.900) (-3613.784) -- 1:20:42
      24000 -- (-3611.616) (-3612.919) [-3568.071] (-3593.473) * [-3563.239] (-3589.530) (-3593.174) (-3607.533) -- 1:18:37
      24000 -- (-3611.616) (-3612.919) [-3568.071] (-3593.473) * [-3563.239] (-3589.530) (-3593.174) (-3607.533) -- 1:18:37
      25000 -- (-3604.102) (-3614.289) [-3567.285] (-3594.013) * [-3556.133] (-3587.510) (-3593.273) (-3623.502) -- 1:16:42

      Average standard deviation of split frequencies: 0.069448

      25000 -- (-3604.102) (-3614.289) [-3567.285] (-3594.013) * [-3556.133] (-3587.510) (-3593.273) (-3623.502) -- 1:16:42

      Average standard deviation of split frequencies: 0.069448

      25000 -- (-3604.102) (-3614.289) [-3567.285] (-3594.013) * [-3556.133] (-3587.510) (-3593.273) (-3623.502) -- 1:16:42

      Average standard deviation of split frequencies: 0.069448

      25000 -- (-3604.102) (-3614.289) [-3567.285] (-3594.013) * [-3556.133] (-3587.510) (-3593.273) (-3623.502) -- 1:16:42

      Average standard deviation of split frequencies: 0.069448

      24000 -- (-3611.616) (-3612.919) [-3568.071] (-3593.473) * [-3563.239] (-3589.530) (-3593.174) (-3607.533) -- 1:21:20
      24000 -- (-3611.616) (-3612.919) [-3568.071] (-3593.473) * [-3563.239] (-3589.530) (-3593.174) (-3607.533) -- 1:21:20
      25000 -- (-3604.102) (-3614.289) [-3567.285] (-3594.013) * [-3556.133] (-3587.510) (-3593.273) (-3623.502) -- 1:19:18
      25000 -- (-3604.102) (-3614.289) [-3567.285] (-3594.013) * [-3556.133] (-3587.510) (-3593.273) (-3623.502) -- 1:19:18

      Average standard deviation of split frequencies: 0.069448


      Average standard deviation of split frequencies: 0.069448

      26000 -- (-3608.436) (-3615.432) [-3570.856] (-3597.197) * [-3549.226] (-3590.912) (-3594.698) (-3616.141) -- 1:17:25
      26000 -- (-3608.436) (-3615.432) [-3570.856] (-3597.197) * [-3549.226] (-3590.912) (-3594.698) (-3616.141) -- 1:17:25
      26000 -- (-3608.436) (-3615.432) [-3570.856] (-3597.197) * [-3549.226] (-3590.912) (-3594.698) (-3616.141) -- 1:17:25
      26000 -- (-3608.436) (-3615.432) [-3570.856] (-3597.197) * [-3549.226] (-3590.912) (-3594.698) (-3616.141) -- 1:17:25
      25000 -- (-3604.102) (-3614.289) [-3567.285] (-3594.013) * [-3556.133] (-3587.510) (-3593.273) (-3623.502) -- 1:21:54
      25000 -- (-3604.102) (-3614.289) [-3567.285] (-3594.013) * [-3556.133] (-3587.510) (-3593.273) (-3623.502) -- 1:21:54

      Average standard deviation of split frequencies: 0.069448


      Average standard deviation of split frequencies: 0.069448

      26000 -- (-3608.436) (-3615.432) [-3570.856] (-3597.197) * [-3549.226] (-3590.912) (-3594.698) (-3616.141) -- 1:19:55
      26000 -- (-3608.436) (-3615.432) [-3570.856] (-3597.197) * [-3549.226] (-3590.912) (-3594.698) (-3616.141) -- 1:19:55
      27000 -- (-3606.002) (-3608.105) [-3577.512] (-3590.674) * [-3561.621] (-3595.477) (-3586.721) (-3616.136) -- 1:17:28
      27000 -- (-3606.002) (-3608.105) [-3577.512] (-3590.674) * [-3561.621] (-3595.477) (-3586.721) (-3616.136) -- 1:17:28
      27000 -- (-3606.002) (-3608.105) [-3577.512] (-3590.674) * [-3561.621] (-3595.477) (-3586.721) (-3616.136) -- 1:18:04
      27000 -- (-3606.002) (-3608.105) [-3577.512] (-3590.674) * [-3561.621] (-3595.477) (-3586.721) (-3616.136) -- 1:18:04
      26000 -- (-3608.436) (-3615.432) [-3570.856] (-3597.197) * [-3549.226] (-3590.912) (-3594.698) (-3616.141) -- 1:22:24
      26000 -- (-3608.436) (-3615.432) [-3570.856] (-3597.197) * [-3549.226] (-3590.912) (-3594.698) (-3616.141) -- 1:22:24
      27000 -- (-3606.002) (-3608.105) [-3577.512] (-3590.674) * [-3561.621] (-3595.477) (-3586.721) (-3616.136) -- 1:21:05
      27000 -- (-3606.002) (-3608.105) [-3577.512] (-3590.674) * [-3561.621] (-3595.477) (-3586.721) (-3616.136) -- 1:21:05
      28000 -- (-3598.630) (-3619.910) [-3574.333] (-3586.736) * [-3570.328] (-3579.797) (-3588.266) (-3620.094) -- 1:18:06
      28000 -- (-3598.630) (-3619.910) [-3574.333] (-3586.736) * [-3570.328] (-3579.797) (-3588.266) (-3620.094) -- 1:18:06
      28000 -- (-3598.630) (-3619.910) [-3574.333] (-3586.736) * [-3570.328] (-3579.797) (-3588.266) (-3620.094) -- 1:18:06
      28000 -- (-3598.630) (-3619.910) [-3574.333] (-3586.736) * [-3570.328] (-3579.797) (-3588.266) (-3620.094) -- 1:18:06
      27000 -- (-3606.002) (-3608.105) [-3577.512] (-3590.674) * [-3561.621] (-3595.477) (-3586.721) (-3616.136) -- 1:22:53
      27000 -- (-3606.002) (-3608.105) [-3577.512] (-3590.674) * [-3561.621] (-3595.477) (-3586.721) (-3616.136) -- 1:22:53
      28000 -- (-3598.630) (-3619.910) [-3574.333] (-3586.736) * [-3570.328] (-3579.797) (-3588.266) (-3620.094) -- 1:21:34
      28000 -- (-3598.630) (-3619.910) [-3574.333] (-3586.736) * [-3570.328] (-3579.797) (-3588.266) (-3620.094) -- 1:21:34
      29000 -- (-3602.725) (-3624.831) [-3564.989] (-3582.198) * [-3568.484] (-3583.605) (-3586.163) (-3611.017) -- 1:18:41
      29000 -- (-3602.725) (-3624.831) [-3564.989] (-3582.198) * [-3568.484] (-3583.605) (-3586.163) (-3611.017) -- 1:18:41
      29000 -- (-3602.725) (-3624.831) [-3564.989] (-3582.198) * [-3568.484] (-3583.605) (-3586.163) (-3611.017) -- 1:18:41
      29000 -- (-3602.725) (-3624.831) [-3564.989] (-3582.198) * [-3568.484] (-3583.605) (-3586.163) (-3611.017) -- 1:18:41
      28000 -- (-3598.630) (-3619.910) [-3574.333] (-3586.736) * [-3570.328] (-3579.797) (-3588.266) (-3620.094) -- 1:23:18
      28000 -- (-3598.630) (-3619.910) [-3574.333] (-3586.736) * [-3570.328] (-3579.797) (-3588.266) (-3620.094) -- 1:23:18
      29000 -- (-3602.725) (-3624.831) [-3564.989] (-3582.198) * [-3568.484] (-3583.605) (-3586.163) (-3611.017) -- 1:22:01
      29000 -- (-3602.725) (-3624.831) [-3564.989] (-3582.198) * [-3568.484] (-3583.605) (-3586.163) (-3611.017) -- 1:22:01
      30000 -- (-3602.700) (-3615.316) [-3565.626] (-3583.587) * [-3562.472] (-3591.540) (-3593.103) (-3606.269) -- 1:19:13

      Average standard deviation of split frequencies: 0.067744

      30000 -- (-3602.700) (-3615.316) [-3565.626] (-3583.587) * [-3562.472] (-3591.540) (-3593.103) (-3606.269) -- 1:19:13

      Average standard deviation of split frequencies: 0.067744

      30000 -- (-3602.700) (-3615.316) [-3565.626] (-3583.587) * [-3562.472] (-3591.540) (-3593.103) (-3606.269) -- 1:19:13

      Average standard deviation of split frequencies: 0.067744

      30000 -- (-3602.700) (-3615.316) [-3565.626] (-3583.587) * [-3562.472] (-3591.540) (-3593.103) (-3606.269) -- 1:19:13

      Average standard deviation of split frequencies: 0.067744

