Sourcing executables from speedseq.config ...
Aligning...
samblaster: Version 0.1.22
samblaster: Inputting from stdin
samblaster: Outputting to stdout
samblaster: Opening H0C.filtered.S0nD9A9LHBiI/disc_pipe for write.
[M::bwa_idx_load_from_disk] read 0 ALT contigs
[M::process] read 29398 sequences (3692388 bp)...
samblaster: Opening H0C.filtered.S0nD9A9LHBiI/spl_pipe for write.
[M::mem_pestat] # candidate unique pairs for (FF, FR, RF, RR): (0, 12407, 0, 0)
[M::mem_pestat] skip orientation FF as there are not enough pairs
[M::mem_pestat] analyzing insert size distribution for orientation FR...
[M::mem_pestat] (25, 50, 75) percentile: (103, 157, 236)
[M::mem_pestat] low and high boundaries for computing mean and std.dev: (1, 502)
[M::mem_pestat] mean and std.dev: (175.70, 97.72)
[M::mem_pestat] low and high boundaries for proper pairs: (1, 635)
[M::mem_pestat] skip orientation RF as there are not enough pairs
[M::mem_pestat] skip orientation RR as there are not enough pairs
[M::mem_process_seqs] Processed 29398 reads in 2.556 CPU sec, 0.703 real sec
samblaster: Loaded 5 header sequence entries.
[main] Version: 0.7.12-r1039
samblaster: Output 28 discordant read pairs to H0C.filtered.S0nD9A9LHBiI/disc_pipe
[main] CMD:samblaster: Output 12 split reads to H0C.filtered.S0nD9A9LHBiI/spl_pipe
 /opt/linux/centos/7.x/x86_64/pkgs/bwa/0.7.12/bin/bwa mem -t 4 -R @RG\tID:H0C\tSM:H0C\tLB:Lib\samblaster: Marked 2126 of 14699 (14.46%) read ids as duplicates references.fasta data/003239_H0C_S32_R1_filtered.fastq.gz using 1332k memory in  data/003239_H0C_S32_R2_filtered.fastq.gz0.057S CPU seconds and 1S
[main] Real time: 1.041 sec; CPU: 2.746 sec
 wall time.
Done
Using GATK jar /bigdata/operations/pkgadmin/opt/linux/centos/7.x/x86_64/pkgs/gatk/4.0.8.1/gatk-package-4.0.8.1-local.jar
Running:
    java -Dsamjdk.use_async_io_read_samtools=false -Dsamjdk.use_async_io_write_samtools=true -Dsamjdk.use_async_io_write_tribble=false -Dsamjdk.compression_level=2 -jar /bigdata/operations/pkgadmin/opt/linux/centos/7.x/x86_64/pkgs/gatk/4.0.8.1/gatk-package-4.0.8.1-local.jar HaplotypeCaller -R references.fasta -I results/H0C.filtered.bam -O results/H0C.g.vcf -ERC GVCF
22:23:50.922 INFO  NativeLibraryLoader - Loading libgkl_compression.so from jar:file:/bigdata/operations/pkgadmin/opt/linux/centos/7.x/x86_64/pkgs/gatk/4.0.8.1/gatk-package-4.0.8.1-local.jar!/com/intel/gkl/native/libgkl_compression.so
22:23:51.266 INFO  HaplotypeCaller - ------------------------------------------------------------
22:23:51.270 INFO  HaplotypeCaller - The Genome Analysis Toolkit (GATK) v4.0.8.1
22:23:51.270 INFO  HaplotypeCaller - For support and documentation go to https://software.broadinstitute.org/gatk/
22:23:51.271 INFO  HaplotypeCaller - Executing as arajewski@c22 on Linux v3.10.0-693.11.6.el7.x86_64 amd64
22:23:51.272 INFO  HaplotypeCaller - Java runtime: Java HotSpot(TM) 64-Bit Server VM v1.8.0_45-b14
22:23:51.272 INFO  HaplotypeCaller - Start Date/Time: September 27, 2018 10:23:50 PM PDT
22:23:51.272 INFO  HaplotypeCaller - ------------------------------------------------------------
22:23:51.272 INFO  HaplotypeCaller - ------------------------------------------------------------
22:23:51.273 INFO  HaplotypeCaller - HTSJDK Version: 2.16.0
22:23:51.274 INFO  HaplotypeCaller - Picard Version: 2.18.7
22:23:51.274 INFO  HaplotypeCaller - HTSJDK Defaults.COMPRESSION_LEVEL : 2
22:23:51.274 INFO  HaplotypeCaller - HTSJDK Defaults.USE_ASYNC_IO_READ_FOR_SAMTOOLS : false
22:23:51.274 INFO  HaplotypeCaller - HTSJDK Defaults.USE_ASYNC_IO_WRITE_FOR_SAMTOOLS : true
22:23:51.274 INFO  HaplotypeCaller - HTSJDK Defaults.USE_ASYNC_IO_WRITE_FOR_TRIBBLE : false
22:23:51.275 INFO  HaplotypeCaller - Deflater: IntelDeflater
22:23:51.275 INFO  HaplotypeCaller - Inflater: IntelInflater
22:23:51.275 INFO  HaplotypeCaller - GCS max retries/reopens: 20
22:23:51.275 INFO  HaplotypeCaller - Using google-cloud-java fork https://github.com/broadinstitute/google-cloud-java/releases/tag/0.20.5-alpha-GCS-RETRY-FIX
22:23:51.283 INFO  HaplotypeCaller - Initializing engine
22:23:52.507 INFO  HaplotypeCaller - Done initializing engine
22:23:52.521 INFO  HaplotypeCallerEngine - Tool is in reference confidence mode and the annotation, the following changes will be made to any specified annotations: 'StrandBiasBySample' will be enabled. 'ChromosomeCounts', 'FisherStrand', 'StrandOddsRatio' and 'QualByDepth' annotations have been disabled
22:23:52.534 INFO  HaplotypeCallerEngine - Standard Emitting and Calling confidence set to 0.0 for reference-model confidence output
22:23:52.534 INFO  HaplotypeCallerEngine - All sites annotated with PLs forced to true for reference-model confidence output
22:23:52.555 INFO  NativeLibraryLoader - Loading libgkl_utils.so from jar:file:/bigdata/operations/pkgadmin/opt/linux/centos/7.x/x86_64/pkgs/gatk/4.0.8.1/gatk-package-4.0.8.1-local.jar!/com/intel/gkl/native/libgkl_utils.so
22:23:52.560 INFO  NativeLibraryLoader - Loading libgkl_pairhmm_omp.so from jar:file:/bigdata/operations/pkgadmin/opt/linux/centos/7.x/x86_64/pkgs/gatk/4.0.8.1/gatk-package-4.0.8.1-local.jar!/com/intel/gkl/native/libgkl_pairhmm_omp.so
22:23:52.633 WARN  IntelPairHmm - Flush-to-zero (FTZ) is enabled when running PairHMM
22:23:52.634 INFO  IntelPairHmm - Available threads: 4
22:23:52.635 INFO  IntelPairHmm - Requested threads: 4
22:23:52.635 INFO  PairHMM - Using the OpenMP multi-threaded AVX-accelerated native PairHMM implementation
22:23:52.750 INFO  ProgressMeter - Starting traversal
22:23:52.751 INFO  ProgressMeter -        Current Locus  Elapsed Minutes     Regions Processed   Regions/Minute
22:24:08.903 INFO  ProgressMeter -              WXY:794              0.3                    10             37.1
22:24:23.560 INFO  ProgressMeter -             trnL:451              0.5                    30             58.4
22:24:35.838 INFO  ProgressMeter -              LFY:661              0.7                    40             55.7
22:24:35.841 INFO  HaplotypeCaller - 4272 read(s) filtered by: ((((((((MappingQualityReadFilter AND MappingQualityAvailableReadFilter) AND MappedReadFilter) AND NotSecondaryAlignmentReadFilter) AND NotDuplicateReadFilter) AND PassesVendorQualityCheckReadFilter) AND NonZeroReferenceLengthAlignmentReadFilter) AND GoodCigarReadFilter) AND WellformedReadFilter)
  4272 read(s) filtered by: (((((((MappingQualityReadFilter AND MappingQualityAvailableReadFilter) AND MappedReadFilter) AND NotSecondaryAlignmentReadFilter) AND NotDuplicateReadFilter) AND PassesVendorQualityCheckReadFilter) AND NonZeroReferenceLengthAlignmentReadFilter) AND GoodCigarReadFilter)
      4272 read(s) filtered by: ((((((MappingQualityReadFilter AND MappingQualityAvailableReadFilter) AND MappedReadFilter) AND NotSecondaryAlignmentReadFilter) AND NotDuplicateReadFilter) AND PassesVendorQualityCheckReadFilter) AND NonZeroReferenceLengthAlignmentReadFilter)
          4272 read(s) filtered by: (((((MappingQualityReadFilter AND MappingQualityAvailableReadFilter) AND MappedReadFilter) AND NotSecondaryAlignmentReadFilter) AND NotDuplicateReadFilter) AND PassesVendorQualityCheckReadFilter)
              4272 read(s) filtered by: ((((MappingQualityReadFilter AND MappingQualityAvailableReadFilter) AND MappedReadFilter) AND NotSecondaryAlignmentReadFilter) AND NotDuplicateReadFilter)
                  20 read(s) filtered by: (((MappingQualityReadFilter AND MappingQualityAvailableReadFilter) AND MappedReadFilter) AND NotSecondaryAlignmentReadFilter)
                      20 read(s) filtered by: ((MappingQualityReadFilter AND MappingQualityAvailableReadFilter) AND MappedReadFilter)
                          20 read(s) filtered by: (MappingQualityReadFilter AND MappingQualityAvailableReadFilter)
                              20 read(s) filtered by: MappingQualityReadFilter 
                  4252 read(s) filtered by: NotDuplicateReadFilter 

22:24:35.841 INFO  ProgressMeter -              LFY:661              0.7                    40             55.7
22:24:35.850 INFO  ProgressMeter - Traversal complete. Processed 40 total regions in 0.7 minutes.
22:24:35.863 INFO  VectorLoglessPairHMM - Time spent in setup for JNI call : 0.042421694
22:24:35.863 INFO  PairHMM - Total compute time in PairHMM computeLogLikelihoods() : 19.131385216
22:24:35.863 INFO  SmithWatermanAligner - Total compute time in java Smith-Waterman : 6.95 sec
22:24:35.864 INFO  HaplotypeCaller - Shutting down engine
[September 27, 2018 10:24:35 PM PDT] org.broadinstitute.hellbender.tools.walkers.haplotypecaller.HaplotypeCaller done. Elapsed time: 0.75 minutes.
Runtime.totalMemory()=2788687872
