Sourcing executables from speedseq.config ...
Aligning...
samblaster: Version 0.1.22
samblaster: Inputting from stdin
samblaster: Outputting to stdout
samblaster: Opening JT182.filtered.ETYGFIVJiAeD/disc_pipe for write.
[M::bwa_idx_load_from_disk] read 0 ALT contigs
samblaster: Opening JT182.filtered.ETYGFIVJiAeD/spl_pipe for write.
[M::process] read 30606 sequences (3711024 bp)...
[M::mem_pestat] # candidate unique pairs for (FF, FR, RF, RR): (1, 13372, 1, 0)
[M::mem_pestat] skip orientation FF as there are not enough pairs
[M::mem_pestat] analyzing insert size distribution for orientation FR...
[M::mem_pestat] (25, 50, 75) percentile: (88, 143, 213)
[M::mem_pestat] low and high boundaries for computing mean and std.dev: (1, 463)
[M::mem_pestat] mean and std.dev: (157.63, 91.02)
[M::mem_pestat] low and high boundaries for proper pairs: (1, 588)
[M::mem_pestat] skip orientation RF as there are not enough pairs
[M::mem_pestat] skip orientation RR as there are not enough pairs
[M::mem_process_seqs] Processed 30606 reads in 3.018 CPU sec, 0.847 real sec
samblaster: Loaded 5 header sequence entries.
[main] Version: 0.7.12-r1039
samblaster: Output 85 discordant read pairs to JT182.filtered.ETYGFIVJiAeD/disc_pipe
[main] CMD:samblaster: Output 24 split reads to JT182.filtered.ETYGFIVJiAeD/spl_pipe
 /opt/linux/centos/7.x/x86_64/pkgs/bwa/0.7.12/bin/bwa mem -t 4 -Rsamblaster: Marked 2895 of 15303 (18.92%) read ids as duplicates @RG\tID:JT182\tSM:JT182\tLB:Lib\ references.fasta using 1332k memory in  data/003280_JT182_S73_R1_filtered.fastq.gz0.062S data/003280_JT182_S73_R2_filtered.fastq.gz CPU seconds and 1S
[main] Real time: 1.241 sec; CPU: 3.177 sec
 wall time.
Done
Using GATK jar /bigdata/operations/pkgadmin/opt/linux/centos/7.x/x86_64/pkgs/gatk/4.0.8.1/gatk-package-4.0.8.1-local.jar
Running:
    java -Dsamjdk.use_async_io_read_samtools=false -Dsamjdk.use_async_io_write_samtools=true -Dsamjdk.use_async_io_write_tribble=false -Dsamjdk.compression_level=2 -jar /bigdata/operations/pkgadmin/opt/linux/centos/7.x/x86_64/pkgs/gatk/4.0.8.1/gatk-package-4.0.8.1-local.jar HaplotypeCaller -R references.fasta -I results/JT182.filtered.bam -O results/JT182.g.vcf -ERC GVCF
22:23:50.537 INFO  NativeLibraryLoader - Loading libgkl_compression.so from jar:file:/bigdata/operations/pkgadmin/opt/linux/centos/7.x/x86_64/pkgs/gatk/4.0.8.1/gatk-package-4.0.8.1-local.jar!/com/intel/gkl/native/libgkl_compression.so
22:23:51.018 INFO  HaplotypeCaller - ------------------------------------------------------------
22:23:51.020 INFO  HaplotypeCaller - The Genome Analysis Toolkit (GATK) v4.0.8.1
22:23:51.020 INFO  HaplotypeCaller - For support and documentation go to https://software.broadinstitute.org/gatk/
22:23:51.022 INFO  HaplotypeCaller - Executing as arajewski@c32 on Linux v3.10.0-693.11.6.el7.x86_64 amd64
22:23:51.022 INFO  HaplotypeCaller - Java runtime: Java HotSpot(TM) 64-Bit Server VM v1.8.0_45-b14
22:23:51.022 INFO  HaplotypeCaller - Start Date/Time: September 27, 2018 10:23:50 PM PDT
22:23:51.023 INFO  HaplotypeCaller - ------------------------------------------------------------
22:23:51.023 INFO  HaplotypeCaller - ------------------------------------------------------------
22:23:51.024 INFO  HaplotypeCaller - HTSJDK Version: 2.16.0
22:23:51.024 INFO  HaplotypeCaller - Picard Version: 2.18.7
22:23:51.024 INFO  HaplotypeCaller - HTSJDK Defaults.COMPRESSION_LEVEL : 2
22:23:51.024 INFO  HaplotypeCaller - HTSJDK Defaults.USE_ASYNC_IO_READ_FOR_SAMTOOLS : false
22:23:51.024 INFO  HaplotypeCaller - HTSJDK Defaults.USE_ASYNC_IO_WRITE_FOR_SAMTOOLS : true
22:23:51.024 INFO  HaplotypeCaller - HTSJDK Defaults.USE_ASYNC_IO_WRITE_FOR_TRIBBLE : false
22:23:51.025 INFO  HaplotypeCaller - Deflater: IntelDeflater
22:23:51.025 INFO  HaplotypeCaller - Inflater: IntelInflater
22:23:51.025 INFO  HaplotypeCaller - GCS max retries/reopens: 20
22:23:51.025 INFO  HaplotypeCaller - Using google-cloud-java fork https://github.com/broadinstitute/google-cloud-java/releases/tag/0.20.5-alpha-GCS-RETRY-FIX
22:23:51.032 INFO  HaplotypeCaller - Initializing engine
22:23:51.794 INFO  HaplotypeCaller - Done initializing engine
22:23:51.800 INFO  HaplotypeCallerEngine - Tool is in reference confidence mode and the annotation, the following changes will be made to any specified annotations: 'StrandBiasBySample' will be enabled. 'ChromosomeCounts', 'FisherStrand', 'StrandOddsRatio' and 'QualByDepth' annotations have been disabled
22:23:51.805 INFO  HaplotypeCallerEngine - Standard Emitting and Calling confidence set to 0.0 for reference-model confidence output
22:23:51.806 INFO  HaplotypeCallerEngine - All sites annotated with PLs forced to true for reference-model confidence output
22:23:51.825 INFO  NativeLibraryLoader - Loading libgkl_utils.so from jar:file:/bigdata/operations/pkgadmin/opt/linux/centos/7.x/x86_64/pkgs/gatk/4.0.8.1/gatk-package-4.0.8.1-local.jar!/com/intel/gkl/native/libgkl_utils.so
22:23:51.831 INFO  NativeLibraryLoader - Loading libgkl_pairhmm_omp.so from jar:file:/bigdata/operations/pkgadmin/opt/linux/centos/7.x/x86_64/pkgs/gatk/4.0.8.1/gatk-package-4.0.8.1-local.jar!/com/intel/gkl/native/libgkl_pairhmm_omp.so
22:23:51.896 WARN  IntelPairHmm - Flush-to-zero (FTZ) is enabled when running PairHMM
22:23:51.897 INFO  IntelPairHmm - Available threads: 4
22:23:51.897 INFO  IntelPairHmm - Requested threads: 4
22:23:51.897 INFO  PairHMM - Using the OpenMP multi-threaded AVX-accelerated native PairHMM implementation
22:23:51.994 INFO  ProgressMeter - Starting traversal
22:23:51.995 INFO  ProgressMeter -        Current Locus  Elapsed Minutes     Regions Processed   Regions/Minute
22:24:31.298 INFO  ProgressMeter -             matK:276              0.7                    10             15.3
22:24:57.920 INFO  HaplotypeCaller - 5818 read(s) filtered by: ((((((((MappingQualityReadFilter AND MappingQualityAvailableReadFilter) AND MappedReadFilter) AND NotSecondaryAlignmentReadFilter) AND NotDuplicateReadFilter) AND PassesVendorQualityCheckReadFilter) AND NonZeroReferenceLengthAlignmentReadFilter) AND GoodCigarReadFilter) AND WellformedReadFilter)
  5818 read(s) filtered by: (((((((MappingQualityReadFilter AND MappingQualityAvailableReadFilter) AND MappedReadFilter) AND NotSecondaryAlignmentReadFilter) AND NotDuplicateReadFilter) AND PassesVendorQualityCheckReadFilter) AND NonZeroReferenceLengthAlignmentReadFilter) AND GoodCigarReadFilter)
      5818 read(s) filtered by: ((((((MappingQualityReadFilter AND MappingQualityAvailableReadFilter) AND MappedReadFilter) AND NotSecondaryAlignmentReadFilter) AND NotDuplicateReadFilter) AND PassesVendorQualityCheckReadFilter) AND NonZeroReferenceLengthAlignmentReadFilter)
          5818 read(s) filtered by: (((((MappingQualityReadFilter AND MappingQualityAvailableReadFilter) AND MappedReadFilter) AND NotSecondaryAlignmentReadFilter) AND NotDuplicateReadFilter) AND PassesVendorQualityCheckReadFilter)
              5818 read(s) filtered by: ((((MappingQualityReadFilter AND MappingQualityAvailableReadFilter) AND MappedReadFilter) AND NotSecondaryAlignmentReadFilter) AND NotDuplicateReadFilter)
                  27 read(s) filtered by: (((MappingQualityReadFilter AND MappingQualityAvailableReadFilter) AND MappedReadFilter) AND NotSecondaryAlignmentReadFilter)
                      27 read(s) filtered by: ((MappingQualityReadFilter AND MappingQualityAvailableReadFilter) AND MappedReadFilter)
                          27 read(s) filtered by: (MappingQualityReadFilter AND MappingQualityAvailableReadFilter)
                              27 read(s) filtered by: MappingQualityReadFilter 
                  5791 read(s) filtered by: NotDuplicateReadFilter 

22:24:57.920 INFO  ProgressMeter -             trnL:601              1.1                    26             23.7
22:24:57.921 INFO  ProgressMeter - Traversal complete. Processed 26 total regions in 1.1 minutes.
22:24:57.928 INFO  VectorLoglessPairHMM - Time spent in setup for JNI call : 0.059237740000000004
22:24:57.929 INFO  PairHMM - Total compute time in PairHMM computeLogLikelihoods() : 38.954733392
22:24:57.929 INFO  SmithWatermanAligner - Total compute time in java Smith-Waterman : 6.61 sec
22:24:57.929 INFO  HaplotypeCaller - Shutting down engine
[September 27, 2018 10:24:57 PM PDT] org.broadinstitute.hellbender.tools.walkers.haplotypecaller.HaplotypeCaller done. Elapsed time: 1.12 minutes.
Runtime.totalMemory()=3146776576
