Sourcing executables from speedseq.config ...
Aligning...
[M::bwa_idx_load_from_disk] read 0 ALT contigs
samblaster: Version 0.1.22
samblaster: Inputting from stdin
samblaster: Outputting to stdout
samblaster: Opening H8D.filtered.9d78lfeLAc5b/disc_pipe for write.
samblaster: Opening H8D.filtered.9d78lfeLAc5b/spl_pipe for write.
[M::process] read 24924 sequences (3074951 bp)...
[M::mem_pestat] # candidate unique pairs for (FF, FR, RF, RR): (0, 9026, 0, 0)
[M::mem_pestat] skip orientation FF as there are not enough pairs
[M::mem_pestat] analyzing insert size distribution for orientation FR...
[M::mem_pestat] (25, 50, 75) percentile: (100, 157, 233)
[M::mem_pestat] low and high boundaries for computing mean and std.dev: (1, 499)
[M::mem_pestat] mean and std.dev: (173.09, 96.82)
[M::mem_pestat] low and high boundaries for proper pairs: (1, 632)
[M::mem_pestat] skip orientation RF as there are not enough pairs
[M::mem_pestat] skip orientation RR as there are not enough pairs
[M::mem_process_seqs] Processed 24924 reads in 2.025 CPU sec, 0.534 real sec
samblaster: Loaded 5 header sequence entries.
[main] Version: 0.7.12-r1039
samblaster: Output 20 discordant read pairs to H8D.filtered.9d78lfeLAc5b/disc_pipe
[main] CMD:samblaster: Output 20 split reads to H8D.filtered.9d78lfeLAc5b/spl_pipe
 /opt/linux/centos/7.x/x86_64/pkgs/bwa/0.7.12/bin/bwa mem -t 4 -R @RG\tID:id\tSM:H8D\tLB:Libsamblaster: Marked 1218 of 12462 (9.77%) read ids as duplicates references.fasta using 1332k memory in  data/003261_H8D_S54_R1_filtered.fastq.gz0.037S data/003261_H8D_S54_R2_filtered.fastq.gz CPU seconds and 1S wall time.

[main] Real time: 1.056 sec; CPU: 2.165 sec
Done
Using GATK jar /bigdata/operations/pkgadmin/opt/linux/centos/7.x/x86_64/pkgs/gatk/4.0.8.1/gatk-package-4.0.8.1-local.jar
Running:
    java -Dsamjdk.use_async_io_read_samtools=false -Dsamjdk.use_async_io_write_samtools=true -Dsamjdk.use_async_io_write_tribble=false -Dsamjdk.compression_level=2 -jar /bigdata/operations/pkgadmin/opt/linux/centos/7.x/x86_64/pkgs/gatk/4.0.8.1/gatk-package-4.0.8.1-local.jar HaplotypeCaller -R references.fasta -I results/H8D.filtered.bam -O results/H8D.g.vcf -ERC GVCF
22:07:51.589 INFO  NativeLibraryLoader - Loading libgkl_compression.so from jar:file:/bigdata/operations/pkgadmin/opt/linux/centos/7.x/x86_64/pkgs/gatk/4.0.8.1/gatk-package-4.0.8.1-local.jar!/com/intel/gkl/native/libgkl_compression.so
22:07:52.182 INFO  HaplotypeCaller - ------------------------------------------------------------
22:07:52.184 INFO  HaplotypeCaller - The Genome Analysis Toolkit (GATK) v4.0.8.1
22:07:52.184 INFO  HaplotypeCaller - For support and documentation go to https://software.broadinstitute.org/gatk/
22:07:52.184 INFO  HaplotypeCaller - Executing as arajewski@c39 on Linux v3.10.0-693.11.6.el7.x86_64 amd64
22:07:52.185 INFO  HaplotypeCaller - Java runtime: Java HotSpot(TM) 64-Bit Server VM v1.8.0_45-b14
22:07:52.185 INFO  HaplotypeCaller - Start Date/Time: September 9, 2018 10:07:51 PM PDT
22:07:52.185 INFO  HaplotypeCaller - ------------------------------------------------------------
22:07:52.185 INFO  HaplotypeCaller - ------------------------------------------------------------
22:07:52.186 INFO  HaplotypeCaller - HTSJDK Version: 2.16.0
22:07:52.186 INFO  HaplotypeCaller - Picard Version: 2.18.7
22:07:52.186 INFO  HaplotypeCaller - HTSJDK Defaults.COMPRESSION_LEVEL : 2
22:07:52.187 INFO  HaplotypeCaller - HTSJDK Defaults.USE_ASYNC_IO_READ_FOR_SAMTOOLS : false
22:07:52.187 INFO  HaplotypeCaller - HTSJDK Defaults.USE_ASYNC_IO_WRITE_FOR_SAMTOOLS : true
22:07:52.187 INFO  HaplotypeCaller - HTSJDK Defaults.USE_ASYNC_IO_WRITE_FOR_TRIBBLE : false
22:07:52.187 INFO  HaplotypeCaller - Deflater: IntelDeflater
22:07:52.187 INFO  HaplotypeCaller - Inflater: IntelInflater
22:07:52.187 INFO  HaplotypeCaller - GCS max retries/reopens: 20
22:07:52.187 INFO  HaplotypeCaller - Using google-cloud-java fork https://github.com/broadinstitute/google-cloud-java/releases/tag/0.20.5-alpha-GCS-RETRY-FIX
22:07:52.196 INFO  HaplotypeCaller - Initializing engine
22:07:53.063 INFO  HaplotypeCaller - Done initializing engine
22:07:53.072 INFO  HaplotypeCallerEngine - Tool is in reference confidence mode and the annotation, the following changes will be made to any specified annotations: 'StrandBiasBySample' will be enabled. 'ChromosomeCounts', 'FisherStrand', 'StrandOddsRatio' and 'QualByDepth' annotations have been disabled
22:07:53.077 INFO  HaplotypeCallerEngine - Standard Emitting and Calling confidence set to 0.0 for reference-model confidence output
22:07:53.077 INFO  HaplotypeCallerEngine - All sites annotated with PLs forced to true for reference-model confidence output
22:07:53.095 INFO  NativeLibraryLoader - Loading libgkl_utils.so from jar:file:/bigdata/operations/pkgadmin/opt/linux/centos/7.x/x86_64/pkgs/gatk/4.0.8.1/gatk-package-4.0.8.1-local.jar!/com/intel/gkl/native/libgkl_utils.so
22:07:53.098 INFO  NativeLibraryLoader - Loading libgkl_pairhmm_omp.so from jar:file:/bigdata/operations/pkgadmin/opt/linux/centos/7.x/x86_64/pkgs/gatk/4.0.8.1/gatk-package-4.0.8.1-local.jar!/com/intel/gkl/native/libgkl_pairhmm_omp.so
22:07:53.164 WARN  IntelPairHmm - Flush-to-zero (FTZ) is enabled when running PairHMM
22:07:53.165 INFO  IntelPairHmm - Available threads: 4
22:07:53.166 INFO  IntelPairHmm - Requested threads: 4
22:07:53.166 INFO  PairHMM - Using the OpenMP multi-threaded AVX-accelerated native PairHMM implementation
22:07:53.250 INFO  ProgressMeter - Starting traversal
22:07:53.251 INFO  ProgressMeter -        Current Locus  Elapsed Minutes     Regions Processed   Regions/Minute
22:08:08.303 INFO  ProgressMeter -              WXY:794              0.3                    10             39.9
22:08:18.739 INFO  ProgressMeter -             trnL:364              0.4                    30             70.6
22:08:32.956 INFO  HaplotypeCaller - 2459 read(s) filtered by: ((((((((MappingQualityReadFilter AND MappingQualityAvailableReadFilter) AND MappedReadFilter) AND NotSecondaryAlignmentReadFilter) AND NotDuplicateReadFilter) AND PassesVendorQualityCheckReadFilter) AND NonZeroReferenceLengthAlignmentReadFilter) AND GoodCigarReadFilter) AND WellformedReadFilter)
  2459 read(s) filtered by: (((((((MappingQualityReadFilter AND MappingQualityAvailableReadFilter) AND MappedReadFilter) AND NotSecondaryAlignmentReadFilter) AND NotDuplicateReadFilter) AND PassesVendorQualityCheckReadFilter) AND NonZeroReferenceLengthAlignmentReadFilter) AND GoodCigarReadFilter)
      2459 read(s) filtered by: ((((((MappingQualityReadFilter AND MappingQualityAvailableReadFilter) AND MappedReadFilter) AND NotSecondaryAlignmentReadFilter) AND NotDuplicateReadFilter) AND PassesVendorQualityCheckReadFilter) AND NonZeroReferenceLengthAlignmentReadFilter)
          2459 read(s) filtered by: (((((MappingQualityReadFilter AND MappingQualityAvailableReadFilter) AND MappedReadFilter) AND NotSecondaryAlignmentReadFilter) AND NotDuplicateReadFilter) AND PassesVendorQualityCheckReadFilter)
              2459 read(s) filtered by: ((((MappingQualityReadFilter AND MappingQualityAvailableReadFilter) AND MappedReadFilter) AND NotSecondaryAlignmentReadFilter) AND NotDuplicateReadFilter)
                  23 read(s) filtered by: (((MappingQualityReadFilter AND MappingQualityAvailableReadFilter) AND MappedReadFilter) AND NotSecondaryAlignmentReadFilter)
                      23 read(s) filtered by: ((MappingQualityReadFilter AND MappingQualityAvailableReadFilter) AND MappedReadFilter)
                          23 read(s) filtered by: (MappingQualityReadFilter AND MappingQualityAvailableReadFilter)
                              23 read(s) filtered by: MappingQualityReadFilter 
                  2436 read(s) filtered by: NotDuplicateReadFilter 

22:08:32.956 INFO  ProgressMeter -             trnL:364              0.7                    39             58.9
22:08:32.957 INFO  ProgressMeter - Traversal complete. Processed 39 total regions in 0.7 minutes.
22:08:32.973 INFO  VectorLoglessPairHMM - Time spent in setup for JNI call : 0.04442319
22:08:32.973 INFO  PairHMM - Total compute time in PairHMM computeLogLikelihoods() : 17.552348014
22:08:32.973 INFO  SmithWatermanAligner - Total compute time in java Smith-Waterman : 7.38 sec
22:08:32.973 INFO  HaplotypeCaller - Shutting down engine
[September 9, 2018 10:08:32 PM PDT] org.broadinstitute.hellbender.tools.walkers.haplotypecaller.HaplotypeCaller done. Elapsed time: 0.69 minutes.
Runtime.totalMemory()=3077570560
This is WhatsHap 0.17 running under Python 3.6.6
Working on 1 samples from 1 family
======== Working on chromosome 'WXY'
---- Processing individual H8D
Using maximum coverage per sample of 20X
Number of variants skipped due to missing genotypes: 0
Number of remaining heterozygous variants: 0
Reading alignments for sample 'H8D'and detecting alleles ...
Found 0 reads covering 0 variants
Kept 0 reads that cover at least two variants each
Reducing coverage to at most 20X by selecting most informative reads ...
Selected 0 reads covering 0 variants
Best-case phasing would result in 0 non-singleton phased blocks (0 in total)
... after read selection: 0 non-singleton phased blocks (0 in total)
Variants covered by at least one phase-informative read in at least one individual after read selection: 0
Phasing 1 sample by solving the MEC problem ...
MEC cost: 0
No. of phased blocks: 0
======== Writing VCF
Done writing VCF
======== Working on chromosome 'matK'
---- Processing individual H8D
Using maximum coverage per sample of 20X
Number of variants skipped due to missing genotypes: 0
Number of remaining heterozygous variants: 0
Reading alignments for sample 'H8D'and detecting alleles ...
Found 0 reads covering 0 variants
Kept 0 reads that cover at least two variants each
Reducing coverage to at most 20X by selecting most informative reads ...
Selected 0 reads covering 0 variants
Best-case phasing would result in 0 non-singleton phased blocks (0 in total)
... after read selection: 0 non-singleton phased blocks (0 in total)
Variants covered by at least one phase-informative read in at least one individual after read selection: 0
Phasing 1 sample by solving the MEC problem ...
MEC cost: 0
No. of phased blocks: 0
======== Writing VCF
Done writing VCF
======== Working on chromosome 'psaA'
---- Processing individual H8D
Using maximum coverage per sample of 20X
Number of variants skipped due to missing genotypes: 0
Number of remaining heterozygous variants: 0
Reading alignments for sample 'H8D'and detecting alleles ...
Found 0 reads covering 0 variants
Kept 0 reads that cover at least two variants each
Reducing coverage to at most 20X by selecting most informative reads ...
Selected 0 reads covering 0 variants
Best-case phasing would result in 0 non-singleton phased blocks (0 in total)
... after read selection: 0 non-singleton phased blocks (0 in total)
Variants covered by at least one phase-informative read in at least one individual after read selection: 0
Phasing 1 sample by solving the MEC problem ...
MEC cost: 0
No. of phased blocks: 0
======== Writing VCF
Done writing VCF
======== Working on chromosome 'trnL'
---- Processing individual H8D
Using maximum coverage per sample of 20X
Number of variants skipped due to missing genotypes: 0
Number of remaining heterozygous variants: 0
Reading alignments for sample 'H8D'and detecting alleles ...
Found 0 reads covering 0 variants
Kept 0 reads that cover at least two variants each
Reducing coverage to at most 20X by selecting most informative reads ...
Selected 0 reads covering 0 variants
Best-case phasing would result in 0 non-singleton phased blocks (0 in total)
... after read selection: 0 non-singleton phased blocks (0 in total)
Variants covered by at least one phase-informative read in at least one individual after read selection: 0
Phasing 1 sample by solving the MEC problem ...
MEC cost: 0
No. of phased blocks: 0
======== Writing VCF
Done writing VCF
======== Working on chromosome 'LFY'
---- Processing individual H8D
Using maximum coverage per sample of 20X
Number of variants skipped due to missing genotypes: 0
Number of remaining heterozygous variants: 0
Reading alignments for sample 'H8D'and detecting alleles ...
Found 0 reads covering 0 variants
Kept 0 reads that cover at least two variants each
Reducing coverage to at most 20X by selecting most informative reads ...
Selected 0 reads covering 0 variants
Best-case phasing would result in 0 non-singleton phased blocks (0 in total)
... after read selection: 0 non-singleton phased blocks (0 in total)
Variants covered by at least one phase-informative read in at least one individual after read selection: 0
Phasing 1 sample by solving the MEC problem ...
MEC cost: 0
No. of phased blocks: 0
======== Writing VCF
Done writing VCF

== SUMMARY ==
Maximum memory usage: 0.034 GB
Time spent reading BAM/CRAM:                    0.4 s
Time spent parsing VCF:                         0.0 s
Time spent selecting reads:                     0.0 s
Time spent phasing:                             0.0 s
Time spent writing VCF:                         0.1 s
Time spent finding components:                  0.0 s
Time spent on rest:                             0.1 s
Total elapsed time:                             0.6 s
