Sourcing executables from speedseq.config ...
Aligning...
[M::bwa_idx_load_from_disk] read 0 ALT contigs
samblaster: Version 0.1.22
samblaster: Inputting from stdin
samblaster: Outputting to stdout
samblaster: Opening L65.filtered.b1gCI4KlgV0v/disc_pipe for write.
samblaster: Opening L65.filtered.b1gCI4KlgV0v/spl_pipe for write.
[M::process] read 31032 sequences (3661593 bp)...
[M::mem_pestat] # candidate unique pairs for (FF, FR, RF, RR): (0, 14209, 0, 1)
[M::mem_pestat] skip orientation FF as there are not enough pairs
[M::mem_pestat] analyzing insert size distribution for orientation FR...
[M::mem_pestat] (25, 50, 75) percentile: (83, 134, 204)
[M::mem_pestat] low and high boundaries for computing mean and std.dev: (1, 446)
[M::mem_pestat] mean and std.dev: (149.57, 86.63)
[M::mem_pestat] low and high boundaries for proper pairs: (1, 567)
[M::mem_pestat] skip orientation RF as there are not enough pairs
[M::mem_pestat] skip orientation RR as there are not enough pairs
[M::mem_process_seqs] Processed 31032 reads in 3.299 CPU sec, 1.018 real sec
samblaster: Loaded 5 header sequence entries.
[main] Version: 0.7.12-r1039
[main] CMD: /opt/linux/centos/7.x/x86_64/pkgs/bwa/0.7.12/bin/bwa mem -t 4 -R @RG\tID:id\tSM:L65\tLB:Lib references.fasta data/003304_L65_S97_R1_filtered.fastq.gz data/003304_L65_S97_R2_filtered.fastq.gzsamblaster: Output 67 discordant read pairs to L65.filtered.b1gCI4KlgV0v/disc_pipe

[main] Real time: 1.338 sec; CPU: 3.456 sec
samblaster: Output 28 split reads to L65.filtered.b1gCI4KlgV0v/spl_pipe
samblaster: Marked 3440 of 15516 (22.17%) read ids as duplicates using 1332k memory in 0.055S CPU seconds and 1S wall time.
Done
Using GATK jar /bigdata/operations/pkgadmin/opt/linux/centos/7.x/x86_64/pkgs/gatk/4.0.8.1/gatk-package-4.0.8.1-local.jar
Running:
    java -Dsamjdk.use_async_io_read_samtools=false -Dsamjdk.use_async_io_write_samtools=true -Dsamjdk.use_async_io_write_tribble=false -Dsamjdk.compression_level=2 -jar /bigdata/operations/pkgadmin/opt/linux/centos/7.x/x86_64/pkgs/gatk/4.0.8.1/gatk-package-4.0.8.1-local.jar HaplotypeCaller -R references.fasta -I results/L65.filtered.bam -O results/L65.g.vcf -ERC GVCF
22:08:41.056 INFO  NativeLibraryLoader - Loading libgkl_compression.so from jar:file:/bigdata/operations/pkgadmin/opt/linux/centos/7.x/x86_64/pkgs/gatk/4.0.8.1/gatk-package-4.0.8.1-local.jar!/com/intel/gkl/native/libgkl_compression.so
22:08:41.273 INFO  HaplotypeCaller - ------------------------------------------------------------
22:08:41.276 INFO  HaplotypeCaller - The Genome Analysis Toolkit (GATK) v4.0.8.1
22:08:41.276 INFO  HaplotypeCaller - For support and documentation go to https://software.broadinstitute.org/gatk/
22:08:41.276 INFO  HaplotypeCaller - Executing as arajewski@c21 on Linux v3.10.0-693.11.6.el7.x86_64 amd64
22:08:41.276 INFO  HaplotypeCaller - Java runtime: Java HotSpot(TM) 64-Bit Server VM v1.8.0_45-b14
22:08:41.277 INFO  HaplotypeCaller - Start Date/Time: September 9, 2018 10:08:41 PM PDT
22:08:41.277 INFO  HaplotypeCaller - ------------------------------------------------------------
22:08:41.277 INFO  HaplotypeCaller - ------------------------------------------------------------
22:08:41.278 INFO  HaplotypeCaller - HTSJDK Version: 2.16.0
22:08:41.278 INFO  HaplotypeCaller - Picard Version: 2.18.7
22:08:41.278 INFO  HaplotypeCaller - HTSJDK Defaults.COMPRESSION_LEVEL : 2
22:08:41.278 INFO  HaplotypeCaller - HTSJDK Defaults.USE_ASYNC_IO_READ_FOR_SAMTOOLS : false
22:08:41.279 INFO  HaplotypeCaller - HTSJDK Defaults.USE_ASYNC_IO_WRITE_FOR_SAMTOOLS : true
22:08:41.279 INFO  HaplotypeCaller - HTSJDK Defaults.USE_ASYNC_IO_WRITE_FOR_TRIBBLE : false
22:08:41.279 INFO  HaplotypeCaller - Deflater: IntelDeflater
22:08:41.279 INFO  HaplotypeCaller - Inflater: IntelInflater
22:08:41.279 INFO  HaplotypeCaller - GCS max retries/reopens: 20
22:08:41.279 INFO  HaplotypeCaller - Using google-cloud-java fork https://github.com/broadinstitute/google-cloud-java/releases/tag/0.20.5-alpha-GCS-RETRY-FIX
22:08:41.288 INFO  HaplotypeCaller - Initializing engine
22:08:42.095 INFO  HaplotypeCaller - Done initializing engine
22:08:42.104 INFO  HaplotypeCallerEngine - Tool is in reference confidence mode and the annotation, the following changes will be made to any specified annotations: 'StrandBiasBySample' will be enabled. 'ChromosomeCounts', 'FisherStrand', 'StrandOddsRatio' and 'QualByDepth' annotations have been disabled
22:08:42.110 INFO  HaplotypeCallerEngine - Standard Emitting and Calling confidence set to 0.0 for reference-model confidence output
22:08:42.110 INFO  HaplotypeCallerEngine - All sites annotated with PLs forced to true for reference-model confidence output
22:08:42.130 INFO  NativeLibraryLoader - Loading libgkl_utils.so from jar:file:/bigdata/operations/pkgadmin/opt/linux/centos/7.x/x86_64/pkgs/gatk/4.0.8.1/gatk-package-4.0.8.1-local.jar!/com/intel/gkl/native/libgkl_utils.so
22:08:42.133 INFO  NativeLibraryLoader - Loading libgkl_pairhmm_omp.so from jar:file:/bigdata/operations/pkgadmin/opt/linux/centos/7.x/x86_64/pkgs/gatk/4.0.8.1/gatk-package-4.0.8.1-local.jar!/com/intel/gkl/native/libgkl_pairhmm_omp.so
22:08:42.197 WARN  IntelPairHmm - Flush-to-zero (FTZ) is enabled when running PairHMM
22:08:42.198 INFO  IntelPairHmm - Available threads: 4
22:08:42.198 INFO  IntelPairHmm - Requested threads: 4
22:08:42.198 INFO  PairHMM - Using the OpenMP multi-threaded AVX-accelerated native PairHMM implementation
22:08:42.302 INFO  ProgressMeter - Starting traversal
22:08:42.303 INFO  ProgressMeter -        Current Locus  Elapsed Minutes     Regions Processed   Regions/Minute
22:09:05.125 INFO  ProgressMeter -              WXY:660              0.4                    10             26.3
22:09:18.627 INFO  ProgressMeter -               psaA:1              0.6                    20             33.0
22:09:46.458 INFO  ProgressMeter -              LFY:460              1.1                    30             28.1
22:09:53.323 INFO  HaplotypeCaller - 6908 read(s) filtered by: ((((((((MappingQualityReadFilter AND MappingQualityAvailableReadFilter) AND MappedReadFilter) AND NotSecondaryAlignmentReadFilter) AND NotDuplicateReadFilter) AND PassesVendorQualityCheckReadFilter) AND NonZeroReferenceLengthAlignmentReadFilter) AND GoodCigarReadFilter) AND WellformedReadFilter)
  6908 read(s) filtered by: (((((((MappingQualityReadFilter AND MappingQualityAvailableReadFilter) AND MappedReadFilter) AND NotSecondaryAlignmentReadFilter) AND NotDuplicateReadFilter) AND PassesVendorQualityCheckReadFilter) AND NonZeroReferenceLengthAlignmentReadFilter) AND GoodCigarReadFilter)
      6908 read(s) filtered by: ((((((MappingQualityReadFilter AND MappingQualityAvailableReadFilter) AND MappedReadFilter) AND NotSecondaryAlignmentReadFilter) AND NotDuplicateReadFilter) AND PassesVendorQualityCheckReadFilter) AND NonZeroReferenceLengthAlignmentReadFilter)
          6908 read(s) filtered by: (((((MappingQualityReadFilter AND MappingQualityAvailableReadFilter) AND MappedReadFilter) AND NotSecondaryAlignmentReadFilter) AND NotDuplicateReadFilter) AND PassesVendorQualityCheckReadFilter)
              6908 read(s) filtered by: ((((MappingQualityReadFilter AND MappingQualityAvailableReadFilter) AND MappedReadFilter) AND NotSecondaryAlignmentReadFilter) AND NotDuplicateReadFilter)
                  26 read(s) filtered by: (((MappingQualityReadFilter AND MappingQualityAvailableReadFilter) AND MappedReadFilter) AND NotSecondaryAlignmentReadFilter)
                      26 read(s) filtered by: ((MappingQualityReadFilter AND MappingQualityAvailableReadFilter) AND MappedReadFilter)
                          26 read(s) filtered by: (MappingQualityReadFilter AND MappingQualityAvailableReadFilter)
                              26 read(s) filtered by: MappingQualityReadFilter 
                  6882 read(s) filtered by: NotDuplicateReadFilter 

22:09:53.324 INFO  ProgressMeter -              LFY:460              1.2                    31             26.2
22:09:53.324 INFO  ProgressMeter - Traversal complete. Processed 31 total regions in 1.2 minutes.
22:09:53.334 INFO  VectorLoglessPairHMM - Time spent in setup for JNI call : 0.056938154000000005
22:09:53.334 INFO  PairHMM - Total compute time in PairHMM computeLogLikelihoods() : 43.945448296
22:09:53.334 INFO  SmithWatermanAligner - Total compute time in java Smith-Waterman : 6.10 sec
22:09:53.335 INFO  HaplotypeCaller - Shutting down engine
[September 9, 2018 10:09:53 PM PDT] org.broadinstitute.hellbender.tools.walkers.haplotypecaller.HaplotypeCaller done. Elapsed time: 1.21 minutes.
Runtime.totalMemory()=3191341056
This is WhatsHap 0.17 running under Python 3.6.6
Working on 1 samples from 1 family
======== Working on chromosome 'WXY'
---- Processing individual L65
Using maximum coverage per sample of 20X
Number of variants skipped due to missing genotypes: 0
Number of remaining heterozygous variants: 0
Reading alignments for sample 'L65'and detecting alleles ...
Found 0 reads covering 0 variants
Kept 0 reads that cover at least two variants each
Reducing coverage to at most 20X by selecting most informative reads ...
Selected 0 reads covering 0 variants
Best-case phasing would result in 0 non-singleton phased blocks (0 in total)
... after read selection: 0 non-singleton phased blocks (0 in total)
Variants covered by at least one phase-informative read in at least one individual after read selection: 0
Phasing 1 sample by solving the MEC problem ...
MEC cost: 0
No. of phased blocks: 0
======== Writing VCF
Done writing VCF
======== Working on chromosome 'matK'
---- Processing individual L65
Using maximum coverage per sample of 20X
Number of variants skipped due to missing genotypes: 0
Number of remaining heterozygous variants: 0
Reading alignments for sample 'L65'and detecting alleles ...
Found 0 reads covering 0 variants
Kept 0 reads that cover at least two variants each
Reducing coverage to at most 20X by selecting most informative reads ...
Selected 0 reads covering 0 variants
Best-case phasing would result in 0 non-singleton phased blocks (0 in total)
... after read selection: 0 non-singleton phased blocks (0 in total)
Variants covered by at least one phase-informative read in at least one individual after read selection: 0
Phasing 1 sample by solving the MEC problem ...
MEC cost: 0
No. of phased blocks: 0
======== Writing VCF
Done writing VCF
======== Working on chromosome 'psaA'
---- Processing individual L65
Using maximum coverage per sample of 20X
Number of variants skipped due to missing genotypes: 0
Number of remaining heterozygous variants: 0
Reading alignments for sample 'L65'and detecting alleles ...
Found 0 reads covering 0 variants
Kept 0 reads that cover at least two variants each
Reducing coverage to at most 20X by selecting most informative reads ...
Selected 0 reads covering 0 variants
Best-case phasing would result in 0 non-singleton phased blocks (0 in total)
... after read selection: 0 non-singleton phased blocks (0 in total)
Variants covered by at least one phase-informative read in at least one individual after read selection: 0
Phasing 1 sample by solving the MEC problem ...
MEC cost: 0
No. of phased blocks: 0
======== Writing VCF
Done writing VCF
======== Working on chromosome 'trnL'
---- Processing individual L65
Using maximum coverage per sample of 20X
Number of variants skipped due to missing genotypes: 0
Number of remaining heterozygous variants: 0
Reading alignments for sample 'L65'and detecting alleles ...
Found 0 reads covering 0 variants
Kept 0 reads that cover at least two variants each
Reducing coverage to at most 20X by selecting most informative reads ...
Selected 0 reads covering 0 variants
Best-case phasing would result in 0 non-singleton phased blocks (0 in total)
... after read selection: 0 non-singleton phased blocks (0 in total)
Variants covered by at least one phase-informative read in at least one individual after read selection: 0
Phasing 1 sample by solving the MEC problem ...
MEC cost: 0
No. of phased blocks: 0
======== Writing VCF
Done writing VCF
======== Working on chromosome 'LFY'
---- Processing individual L65
Using maximum coverage per sample of 20X
Number of variants skipped due to missing genotypes: 0
Number of remaining heterozygous variants: 0
Reading alignments for sample 'L65'and detecting alleles ...
Found 0 reads covering 0 variants
Kept 0 reads that cover at least two variants each
Reducing coverage to at most 20X by selecting most informative reads ...
Selected 0 reads covering 0 variants
Best-case phasing would result in 0 non-singleton phased blocks (0 in total)
... after read selection: 0 non-singleton phased blocks (0 in total)
Variants covered by at least one phase-informative read in at least one individual after read selection: 0
Phasing 1 sample by solving the MEC problem ...
MEC cost: 0
No. of phased blocks: 0
======== Writing VCF
Done writing VCF

== SUMMARY ==
Maximum memory usage: 0.042 GB
Time spent reading BAM/CRAM:                    0.5 s
Time spent parsing VCF:                         0.0 s
Time spent selecting reads:                     0.0 s
Time spent phasing:                             0.0 s
Time spent writing VCF:                         0.0 s
Time spent finding components:                  0.0 s
Time spent on rest:                             0.0 s
Total elapsed time:                             0.6 s
