Sourcing executables from speedseq.config ...
Aligning...
samblaster: Version 0.1.22
samblaster: Inputting from stdin
samblaster: Outputting to stdout
samblaster: Opening H6B.filtered.gDasHv9W2HS6/disc_pipe for write.
[M::bwa_idx_load_from_disk] read 0 ALT contigs
samblaster: Opening H6B.filtered.gDasHv9W2HS6/spl_pipe for write.
[M::process] read 25076 sequences (3024236 bp)...
[M::mem_pestat] # candidate unique pairs for (FF, FR, RF, RR): (2, 11701, 1, 1)
[M::mem_pestat] skip orientation FF as there are not enough pairs
[M::mem_pestat] analyzing insert size distribution for orientation FR...
[M::mem_pestat] (25, 50, 75) percentile: (90, 138, 205)
[M::mem_pestat] low and high boundaries for computing mean and std.dev: (1, 435)
[M::mem_pestat] mean and std.dev: (153.36, 84.31)
[M::mem_pestat] low and high boundaries for proper pairs: (1, 550)
[M::mem_pestat] skip orientation RF as there are not enough pairs
[M::mem_pestat] skip orientation RR as there are not enough pairs
[M::mem_process_seqs] Processed 25076 reads in 2.586 CPU sec, 0.793 real sec
samblaster: Loaded 5 header sequence entries.
[main] Version: 0.7.12-r1039
[main] CMD:samblaster: Output 56 discordant read pairs to H6B.filtered.gDasHv9W2HS6/disc_pipe
 /opt/linux/centos/7.x/x86_64/pkgs/bwa/0.7.12/bin/bwasamblaster: Output 40 split reads to H6B.filtered.gDasHv9W2HS6/spl_pipe
 mem -t 4 -R @RG\tID:H6B\tSM:H6B\tLB:Lib\samblaster: Marked 2690 of 12538 (21.45%) read ids as duplicates references.fasta data/003255_H6B_S48_R1_filtered.fastq.gz using 1332k memory in  data/003255_H6B_S48_R2_filtered.fastq.gz0.038S CPU seconds and 
[main] Real time: 1.129 sec; CPU: 2.718 sec
1S wall time.
Done
Using GATK jar /bigdata/operations/pkgadmin/opt/linux/centos/7.x/x86_64/pkgs/gatk/4.0.8.1/gatk-package-4.0.8.1-local.jar
Running:
    java -Dsamjdk.use_async_io_read_samtools=false -Dsamjdk.use_async_io_write_samtools=true -Dsamjdk.use_async_io_write_tribble=false -Dsamjdk.compression_level=2 -jar /bigdata/operations/pkgadmin/opt/linux/centos/7.x/x86_64/pkgs/gatk/4.0.8.1/gatk-package-4.0.8.1-local.jar HaplotypeCaller -R references.fasta -I results/H6B.filtered.bam -O results/H6B.g.vcf -ERC GVCF
22:23:50.798 INFO  NativeLibraryLoader - Loading libgkl_compression.so from jar:file:/bigdata/operations/pkgadmin/opt/linux/centos/7.x/x86_64/pkgs/gatk/4.0.8.1/gatk-package-4.0.8.1-local.jar!/com/intel/gkl/native/libgkl_compression.so
22:23:51.277 INFO  HaplotypeCaller - ------------------------------------------------------------
22:23:51.279 INFO  HaplotypeCaller - The Genome Analysis Toolkit (GATK) v4.0.8.1
22:23:51.279 INFO  HaplotypeCaller - For support and documentation go to https://software.broadinstitute.org/gatk/
22:23:51.280 INFO  HaplotypeCaller - Executing as arajewski@c04 on Linux v3.10.0-693.11.6.el7.x86_64 amd64
22:23:51.280 INFO  HaplotypeCaller - Java runtime: Java HotSpot(TM) 64-Bit Server VM v1.8.0_45-b14
22:23:51.281 INFO  HaplotypeCaller - Start Date/Time: September 27, 2018 10:23:50 PM PDT
22:23:51.281 INFO  HaplotypeCaller - ------------------------------------------------------------
22:23:51.281 INFO  HaplotypeCaller - ------------------------------------------------------------
22:23:51.282 INFO  HaplotypeCaller - HTSJDK Version: 2.16.0
22:23:51.282 INFO  HaplotypeCaller - Picard Version: 2.18.7
22:23:51.282 INFO  HaplotypeCaller - HTSJDK Defaults.COMPRESSION_LEVEL : 2
22:23:51.282 INFO  HaplotypeCaller - HTSJDK Defaults.USE_ASYNC_IO_READ_FOR_SAMTOOLS : false
22:23:51.282 INFO  HaplotypeCaller - HTSJDK Defaults.USE_ASYNC_IO_WRITE_FOR_SAMTOOLS : true
22:23:51.282 INFO  HaplotypeCaller - HTSJDK Defaults.USE_ASYNC_IO_WRITE_FOR_TRIBBLE : false
22:23:51.283 INFO  HaplotypeCaller - Deflater: IntelDeflater
22:23:51.283 INFO  HaplotypeCaller - Inflater: IntelInflater
22:23:51.283 INFO  HaplotypeCaller - GCS max retries/reopens: 20
22:23:51.283 INFO  HaplotypeCaller - Using google-cloud-java fork https://github.com/broadinstitute/google-cloud-java/releases/tag/0.20.5-alpha-GCS-RETRY-FIX
22:23:51.291 INFO  HaplotypeCaller - Initializing engine
22:23:52.035 INFO  HaplotypeCaller - Done initializing engine
22:23:52.042 INFO  HaplotypeCallerEngine - Tool is in reference confidence mode and the annotation, the following changes will be made to any specified annotations: 'StrandBiasBySample' will be enabled. 'ChromosomeCounts', 'FisherStrand', 'StrandOddsRatio' and 'QualByDepth' annotations have been disabled
22:23:52.047 INFO  HaplotypeCallerEngine - Standard Emitting and Calling confidence set to 0.0 for reference-model confidence output
22:23:52.047 INFO  HaplotypeCallerEngine - All sites annotated with PLs forced to true for reference-model confidence output
22:23:52.065 INFO  NativeLibraryLoader - Loading libgkl_utils.so from jar:file:/bigdata/operations/pkgadmin/opt/linux/centos/7.x/x86_64/pkgs/gatk/4.0.8.1/gatk-package-4.0.8.1-local.jar!/com/intel/gkl/native/libgkl_utils.so
22:23:52.069 INFO  NativeLibraryLoader - Loading libgkl_pairhmm_omp.so from jar:file:/bigdata/operations/pkgadmin/opt/linux/centos/7.x/x86_64/pkgs/gatk/4.0.8.1/gatk-package-4.0.8.1-local.jar!/com/intel/gkl/native/libgkl_pairhmm_omp.so
22:23:52.128 WARN  IntelPairHmm - Flush-to-zero (FTZ) is enabled when running PairHMM
22:23:52.129 INFO  IntelPairHmm - Available threads: 4
22:23:52.129 INFO  IntelPairHmm - Requested threads: 4
22:23:52.129 INFO  PairHMM - Using the OpenMP multi-threaded AVX-accelerated native PairHMM implementation
22:23:52.235 INFO  ProgressMeter - Starting traversal
22:23:52.236 INFO  ProgressMeter -        Current Locus  Elapsed Minutes     Regions Processed   Regions/Minute
22:24:26.973 INFO  ProgressMeter -              WXY:794              0.6                    10             17.3
22:24:37.885 INFO  ProgressMeter -               trnL:1              0.8                    20             26.3
22:25:05.636 INFO  HaplotypeCaller - 5410 read(s) filtered by: ((((((((MappingQualityReadFilter AND MappingQualityAvailableReadFilter) AND MappedReadFilter) AND NotSecondaryAlignmentReadFilter) AND NotDuplicateReadFilter) AND PassesVendorQualityCheckReadFilter) AND NonZeroReferenceLengthAlignmentReadFilter) AND GoodCigarReadFilter) AND WellformedReadFilter)
  5410 read(s) filtered by: (((((((MappingQualityReadFilter AND MappingQualityAvailableReadFilter) AND MappedReadFilter) AND NotSecondaryAlignmentReadFilter) AND NotDuplicateReadFilter) AND PassesVendorQualityCheckReadFilter) AND NonZeroReferenceLengthAlignmentReadFilter) AND GoodCigarReadFilter)
      5410 read(s) filtered by: ((((((MappingQualityReadFilter AND MappingQualityAvailableReadFilter) AND MappedReadFilter) AND NotSecondaryAlignmentReadFilter) AND NotDuplicateReadFilter) AND PassesVendorQualityCheckReadFilter) AND NonZeroReferenceLengthAlignmentReadFilter)
          5410 read(s) filtered by: (((((MappingQualityReadFilter AND MappingQualityAvailableReadFilter) AND MappedReadFilter) AND NotSecondaryAlignmentReadFilter) AND NotDuplicateReadFilter) AND PassesVendorQualityCheckReadFilter)
              5410 read(s) filtered by: ((((MappingQualityReadFilter AND MappingQualityAvailableReadFilter) AND MappedReadFilter) AND NotSecondaryAlignmentReadFilter) AND NotDuplicateReadFilter)
                  25 read(s) filtered by: (((MappingQualityReadFilter AND MappingQualityAvailableReadFilter) AND MappedReadFilter) AND NotSecondaryAlignmentReadFilter)
                      25 read(s) filtered by: ((MappingQualityReadFilter AND MappingQualityAvailableReadFilter) AND MappedReadFilter)
                          25 read(s) filtered by: (MappingQualityReadFilter AND MappingQualityAvailableReadFilter)
                              25 read(s) filtered by: MappingQualityReadFilter 
                  5385 read(s) filtered by: NotDuplicateReadFilter 

22:25:05.636 INFO  ProgressMeter -               trnL:1              1.2                    27             22.1
22:25:05.636 INFO  ProgressMeter - Traversal complete. Processed 27 total regions in 1.2 minutes.
22:25:05.650 INFO  VectorLoglessPairHMM - Time spent in setup for JNI call : 0.05868947100000001
22:25:05.650 INFO  PairHMM - Total compute time in PairHMM computeLogLikelihoods() : 43.40935289
22:25:05.651 INFO  SmithWatermanAligner - Total compute time in java Smith-Waterman : 7.04 sec
22:25:05.651 INFO  HaplotypeCaller - Shutting down engine
[September 27, 2018 10:25:05 PM PDT] org.broadinstitute.hellbender.tools.walkers.haplotypecaller.HaplotypeCaller done. Elapsed time: 1.25 minutes.
Runtime.totalMemory()=2960130048
