Sourcing executables from speedseq.config ...
Aligning...
samblaster: Version 0.1.22
samblaster: Inputting from stdin
samblaster: Outputting to stdout
samblaster: Opening JT87.filtered.c1RjFCwZ3OPu/disc_pipe for write.
samblaster: Opening JT87.filtered.c1RjFCwZ3OPu/spl_pipe for write.
[M::bwa_idx_load_from_disk] read 0 ALT contigs
[M::process] read 31746 sequences (3919953 bp)...
[M::mem_pestat] # candidate unique pairs for (FF, FR, RF, RR): (4, 12466, 0, 3)
[M::mem_pestat] skip orientation FF as there are not enough pairs
[M::mem_pestat] analyzing insert size distribution for orientation FR...
[M::mem_pestat] (25, 50, 75) percentile: (93, 148, 218)
[M::mem_pestat] low and high boundaries for computing mean and std.dev: (1, 468)
[M::mem_pestat] mean and std.dev: (162.54, 91.58)
[M::mem_pestat] low and high boundaries for proper pairs: (1, 593)
[M::mem_pestat] skip orientation RF as there are not enough pairs
[M::mem_pestat] skip orientation RR as there are not enough pairs
[M::mem_process_seqs] Processed 31746 reads in 3.422 CPU sec, 1.008 real sec
samblaster: Loaded 5 header sequence entries.
[main] Version: 0.7.12-r1039
[main] CMD:samblaster: Output 61 discordant read pairs to JT87.filtered.c1RjFCwZ3OPu/disc_pipe
 /opt/linux/centos/7.x/x86_64/pkgs/bwa/0.7.12/bin/bwasamblaster: Output 44 split reads to JT87.filtered.c1RjFCwZ3OPu/spl_pipe
 mem -t 4 -R @RG\tID:JT87\tSM:JT87\tLB:Lib\ references.fastasamblaster: Marked 2417 of 15873 (15.23%) read ids as duplicates data/003295_JT87_S88_R1_filtered.fastq.gz data/003295_JT87_S88_R2_filtered.fastq.gz using 1332k memory in 0.057S CPU seconds and 
[main] Real time: 1.564 sec; CPU: 3.602 sec
1S wall time.
Done
Using GATK jar /bigdata/operations/pkgadmin/opt/linux/centos/7.x/x86_64/pkgs/gatk/4.0.8.1/gatk-package-4.0.8.1-local.jar
Running:
    java -Dsamjdk.use_async_io_read_samtools=false -Dsamjdk.use_async_io_write_samtools=true -Dsamjdk.use_async_io_write_tribble=false -Dsamjdk.compression_level=2 -jar /bigdata/operations/pkgadmin/opt/linux/centos/7.x/x86_64/pkgs/gatk/4.0.8.1/gatk-package-4.0.8.1-local.jar HaplotypeCaller -R references.fasta -I results/JT87.filtered.bam -O results/JT87.g.vcf -ERC GVCF
22:23:49.931 INFO  NativeLibraryLoader - Loading libgkl_compression.so from jar:file:/bigdata/operations/pkgadmin/opt/linux/centos/7.x/x86_64/pkgs/gatk/4.0.8.1/gatk-package-4.0.8.1-local.jar!/com/intel/gkl/native/libgkl_compression.so
22:23:50.502 INFO  HaplotypeCaller - ------------------------------------------------------------
22:23:50.505 INFO  HaplotypeCaller - The Genome Analysis Toolkit (GATK) v4.0.8.1
22:23:50.505 INFO  HaplotypeCaller - For support and documentation go to https://software.broadinstitute.org/gatk/
22:23:50.505 INFO  HaplotypeCaller - Executing as arajewski@c09 on Linux v3.10.0-693.11.6.el7.x86_64 amd64
22:23:50.505 INFO  HaplotypeCaller - Java runtime: Java HotSpot(TM) 64-Bit Server VM v1.8.0_45-b14
22:23:50.506 INFO  HaplotypeCaller - Start Date/Time: September 27, 2018 10:23:49 PM PDT
22:23:50.506 INFO  HaplotypeCaller - ------------------------------------------------------------
22:23:50.506 INFO  HaplotypeCaller - ------------------------------------------------------------
22:23:50.507 INFO  HaplotypeCaller - HTSJDK Version: 2.16.0
22:23:50.507 INFO  HaplotypeCaller - Picard Version: 2.18.7
22:23:50.507 INFO  HaplotypeCaller - HTSJDK Defaults.COMPRESSION_LEVEL : 2
22:23:50.507 INFO  HaplotypeCaller - HTSJDK Defaults.USE_ASYNC_IO_READ_FOR_SAMTOOLS : false
22:23:50.508 INFO  HaplotypeCaller - HTSJDK Defaults.USE_ASYNC_IO_WRITE_FOR_SAMTOOLS : true
22:23:50.508 INFO  HaplotypeCaller - HTSJDK Defaults.USE_ASYNC_IO_WRITE_FOR_TRIBBLE : false
22:23:50.508 INFO  HaplotypeCaller - Deflater: IntelDeflater
22:23:50.508 INFO  HaplotypeCaller - Inflater: IntelInflater
22:23:50.508 INFO  HaplotypeCaller - GCS max retries/reopens: 20
22:23:50.508 INFO  HaplotypeCaller - Using google-cloud-java fork https://github.com/broadinstitute/google-cloud-java/releases/tag/0.20.5-alpha-GCS-RETRY-FIX
22:23:50.515 INFO  HaplotypeCaller - Initializing engine
22:23:51.228 INFO  HaplotypeCaller - Done initializing engine
22:23:51.234 INFO  HaplotypeCallerEngine - Tool is in reference confidence mode and the annotation, the following changes will be made to any specified annotations: 'StrandBiasBySample' will be enabled. 'ChromosomeCounts', 'FisherStrand', 'StrandOddsRatio' and 'QualByDepth' annotations have been disabled
22:23:51.239 INFO  HaplotypeCallerEngine - Standard Emitting and Calling confidence set to 0.0 for reference-model confidence output
22:23:51.239 INFO  HaplotypeCallerEngine - All sites annotated with PLs forced to true for reference-model confidence output
22:23:51.259 INFO  NativeLibraryLoader - Loading libgkl_utils.so from jar:file:/bigdata/operations/pkgadmin/opt/linux/centos/7.x/x86_64/pkgs/gatk/4.0.8.1/gatk-package-4.0.8.1-local.jar!/com/intel/gkl/native/libgkl_utils.so
22:23:51.262 INFO  NativeLibraryLoader - Loading libgkl_pairhmm_omp.so from jar:file:/bigdata/operations/pkgadmin/opt/linux/centos/7.x/x86_64/pkgs/gatk/4.0.8.1/gatk-package-4.0.8.1-local.jar!/com/intel/gkl/native/libgkl_pairhmm_omp.so
22:23:51.328 WARN  IntelPairHmm - Flush-to-zero (FTZ) is enabled when running PairHMM
22:23:51.329 INFO  IntelPairHmm - Available threads: 4
22:23:51.329 INFO  IntelPairHmm - Requested threads: 4
22:23:51.329 INFO  PairHMM - Using the OpenMP multi-threaded AVX-accelerated native PairHMM implementation
22:23:51.437 INFO  ProgressMeter - Starting traversal
22:23:51.437 INFO  ProgressMeter -        Current Locus  Elapsed Minutes     Regions Processed   Regions/Minute
22:24:18.143 INFO  ProgressMeter -              WXY:794              0.4                    10             22.5
22:24:29.422 INFO  ProgressMeter -             psaA:601              0.6                    20             31.6
22:24:59.030 INFO  ProgressMeter -              LFY:544              1.1                    30             26.6
22:25:08.851 INFO  HaplotypeCaller - 4853 read(s) filtered by: ((((((((MappingQualityReadFilter AND MappingQualityAvailableReadFilter) AND MappedReadFilter) AND NotSecondaryAlignmentReadFilter) AND NotDuplicateReadFilter) AND PassesVendorQualityCheckReadFilter) AND NonZeroReferenceLengthAlignmentReadFilter) AND GoodCigarReadFilter) AND WellformedReadFilter)
  4853 read(s) filtered by: (((((((MappingQualityReadFilter AND MappingQualityAvailableReadFilter) AND MappedReadFilter) AND NotSecondaryAlignmentReadFilter) AND NotDuplicateReadFilter) AND PassesVendorQualityCheckReadFilter) AND NonZeroReferenceLengthAlignmentReadFilter) AND GoodCigarReadFilter)
      4853 read(s) filtered by: ((((((MappingQualityReadFilter AND MappingQualityAvailableReadFilter) AND MappedReadFilter) AND NotSecondaryAlignmentReadFilter) AND NotDuplicateReadFilter) AND PassesVendorQualityCheckReadFilter) AND NonZeroReferenceLengthAlignmentReadFilter)
          4853 read(s) filtered by: (((((MappingQualityReadFilter AND MappingQualityAvailableReadFilter) AND MappedReadFilter) AND NotSecondaryAlignmentReadFilter) AND NotDuplicateReadFilter) AND PassesVendorQualityCheckReadFilter)
              4853 read(s) filtered by: ((((MappingQualityReadFilter AND MappingQualityAvailableReadFilter) AND MappedReadFilter) AND NotSecondaryAlignmentReadFilter) AND NotDuplicateReadFilter)
                  17 read(s) filtered by: (((MappingQualityReadFilter AND MappingQualityAvailableReadFilter) AND MappedReadFilter) AND NotSecondaryAlignmentReadFilter)
                      17 read(s) filtered by: ((MappingQualityReadFilter AND MappingQualityAvailableReadFilter) AND MappedReadFilter)
                          17 read(s) filtered by: (MappingQualityReadFilter AND MappingQualityAvailableReadFilter)
                              17 read(s) filtered by: MappingQualityReadFilter 
                  4836 read(s) filtered by: NotDuplicateReadFilter 

22:25:08.851 INFO  ProgressMeter -              LFY:544              1.3                    31             24.0
22:25:08.851 INFO  ProgressMeter - Traversal complete. Processed 31 total regions in 1.3 minutes.
22:25:08.859 INFO  VectorLoglessPairHMM - Time spent in setup for JNI call : 0.060839065000000005
22:25:08.859 INFO  PairHMM - Total compute time in PairHMM computeLogLikelihoods() : 48.312013532
22:25:08.859 INFO  SmithWatermanAligner - Total compute time in java Smith-Waterman : 6.86 sec
22:25:08.859 INFO  HaplotypeCaller - Shutting down engine
[September 27, 2018 10:25:08 PM PDT] org.broadinstitute.hellbender.tools.walkers.haplotypecaller.HaplotypeCaller done. Elapsed time: 1.32 minutes.
Runtime.totalMemory()=3126329344
