Sourcing executables from speedseq.config ...
Aligning...
[M::bwa_idx_load_from_disk] read 0 ALT contigs
samblaster: Version 0.1.22
samblaster: Inputting from stdin
samblaster: Outputting to stdout
samblaster: Opening L62.filtered.SMmc3ogKPoWy/disc_pipe for write.
samblaster: Opening L62.filtered.SMmc3ogKPoWy/spl_pipe for write.
[M::process] read 37628 sequences (4606527 bp)...
[M::mem_pestat] # candidate unique pairs for (FF, FR, RF, RR): (3, 17524, 1, 5)
[M::mem_pestat] skip orientation FF as there are not enough pairs
[M::mem_pestat] analyzing insert size distribution for orientation FR...
[M::mem_pestat] (25, 50, 75) percentile: (93, 146, 215)
[M::mem_pestat] low and high boundaries for computing mean and std.dev: (1, 459)
[M::mem_pestat] mean and std.dev: (161.22, 89.61)
[M::mem_pestat] low and high boundaries for proper pairs: (1, 581)
[M::mem_pestat] skip orientation RF as there are not enough pairs
[M::mem_pestat] skip orientation RR as there are not enough pairs
[M::mem_process_seqs] Processed 37628 reads in 5.070 CPU sec, 1.345 real sec
samblaster: Loaded 5 header sequence entries.
[main] Version: 0.7.12-r1039
samblaster: Output 68 discordant read pairs to L62.filtered.SMmc3ogKPoWy/disc_pipe
[main] CMD:samblaster: Output 78 split reads to L62.filtered.SMmc3ogKPoWy/spl_pipe
 /opt/linux/centos/7.x/x86_64/pkgs/bwa/0.7.12/bin/bwa mem -t 4 -R @RG\tID:L62\tSM:L62\tLB:Lib\ references.fastasamblaster: Marked 4699 of 18814 (24.98%) read ids as duplicates data/003303_L62_S96_R1_filtered.fastq.gz using 1596k memory in  data/003303_L62_S96_R2_filtered.fastq.gz0.093S CPU seconds and 2S wall time.

[main] Real time: 1.866 sec; CPU: 5.325 sec
Done
Using GATK jar /bigdata/operations/pkgadmin/opt/linux/centos/7.x/x86_64/pkgs/gatk/4.0.8.1/gatk-package-4.0.8.1-local.jar
Running:
    java -Dsamjdk.use_async_io_read_samtools=false -Dsamjdk.use_async_io_write_samtools=true -Dsamjdk.use_async_io_write_tribble=false -Dsamjdk.compression_level=2 -jar /bigdata/operations/pkgadmin/opt/linux/centos/7.x/x86_64/pkgs/gatk/4.0.8.1/gatk-package-4.0.8.1-local.jar HaplotypeCaller -R references.fasta -I results/L62.filtered.bam -O results/L62.g.vcf -ERC GVCF
22:24:40.875 INFO  NativeLibraryLoader - Loading libgkl_compression.so from jar:file:/bigdata/operations/pkgadmin/opt/linux/centos/7.x/x86_64/pkgs/gatk/4.0.8.1/gatk-package-4.0.8.1-local.jar!/com/intel/gkl/native/libgkl_compression.so
22:24:41.669 INFO  HaplotypeCaller - ------------------------------------------------------------
22:24:41.679 INFO  HaplotypeCaller - The Genome Analysis Toolkit (GATK) v4.0.8.1
22:24:41.682 INFO  HaplotypeCaller - For support and documentation go to https://software.broadinstitute.org/gatk/
22:24:41.685 INFO  HaplotypeCaller - Executing as arajewski@c10 on Linux v3.10.0-693.11.6.el7.x86_64 amd64
22:24:41.686 INFO  HaplotypeCaller - Java runtime: Java HotSpot(TM) 64-Bit Server VM v1.8.0_45-b14
22:24:41.687 INFO  HaplotypeCaller - Start Date/Time: September 27, 2018 10:24:40 PM PDT
22:24:41.687 INFO  HaplotypeCaller - ------------------------------------------------------------
22:24:41.687 INFO  HaplotypeCaller - ------------------------------------------------------------
22:24:41.691 INFO  HaplotypeCaller - HTSJDK Version: 2.16.0
22:24:41.691 INFO  HaplotypeCaller - Picard Version: 2.18.7
22:24:41.692 INFO  HaplotypeCaller - HTSJDK Defaults.COMPRESSION_LEVEL : 2
22:24:41.692 INFO  HaplotypeCaller - HTSJDK Defaults.USE_ASYNC_IO_READ_FOR_SAMTOOLS : false
22:24:41.692 INFO  HaplotypeCaller - HTSJDK Defaults.USE_ASYNC_IO_WRITE_FOR_SAMTOOLS : true
22:24:41.692 INFO  HaplotypeCaller - HTSJDK Defaults.USE_ASYNC_IO_WRITE_FOR_TRIBBLE : false
22:24:41.692 INFO  HaplotypeCaller - Deflater: IntelDeflater
22:24:41.693 INFO  HaplotypeCaller - Inflater: IntelInflater
22:24:41.694 INFO  HaplotypeCaller - GCS max retries/reopens: 20
22:24:41.694 INFO  HaplotypeCaller - Using google-cloud-java fork https://github.com/broadinstitute/google-cloud-java/releases/tag/0.20.5-alpha-GCS-RETRY-FIX
22:24:41.711 INFO  HaplotypeCaller - Initializing engine
22:24:42.645 INFO  HaplotypeCaller - Done initializing engine
22:24:42.657 INFO  HaplotypeCallerEngine - Tool is in reference confidence mode and the annotation, the following changes will be made to any specified annotations: 'StrandBiasBySample' will be enabled. 'ChromosomeCounts', 'FisherStrand', 'StrandOddsRatio' and 'QualByDepth' annotations have been disabled
22:24:42.665 INFO  HaplotypeCallerEngine - Standard Emitting and Calling confidence set to 0.0 for reference-model confidence output
22:24:42.665 INFO  HaplotypeCallerEngine - All sites annotated with PLs forced to true for reference-model confidence output
22:24:42.691 INFO  NativeLibraryLoader - Loading libgkl_utils.so from jar:file:/bigdata/operations/pkgadmin/opt/linux/centos/7.x/x86_64/pkgs/gatk/4.0.8.1/gatk-package-4.0.8.1-local.jar!/com/intel/gkl/native/libgkl_utils.so
22:24:42.700 INFO  NativeLibraryLoader - Loading libgkl_pairhmm_omp.so from jar:file:/bigdata/operations/pkgadmin/opt/linux/centos/7.x/x86_64/pkgs/gatk/4.0.8.1/gatk-package-4.0.8.1-local.jar!/com/intel/gkl/native/libgkl_pairhmm_omp.so
22:24:42.771 WARN  IntelPairHmm - Flush-to-zero (FTZ) is enabled when running PairHMM
22:24:42.772 INFO  IntelPairHmm - Available threads: 4
22:24:42.772 INFO  IntelPairHmm - Requested threads: 4
22:24:42.773 INFO  PairHMM - Using the OpenMP multi-threaded AVX-accelerated native PairHMM implementation
22:24:42.884 INFO  ProgressMeter - Starting traversal
22:24:42.885 INFO  ProgressMeter -        Current Locus  Elapsed Minutes     Regions Processed   Regions/Minute
22:25:20.904 INFO  ProgressMeter -              WXY:660              0.6                    10             15.8
22:25:46.572 INFO  ProgressMeter -               psaA:1              1.1                    20             18.8
22:26:13.498 INFO  ProgressMeter -              LFY:469              1.5                    30             19.9
22:26:31.723 INFO  HaplotypeCaller - 9429 read(s) filtered by: ((((((((MappingQualityReadFilter AND MappingQualityAvailableReadFilter) AND MappedReadFilter) AND NotSecondaryAlignmentReadFilter) AND NotDuplicateReadFilter) AND PassesVendorQualityCheckReadFilter) AND NonZeroReferenceLengthAlignmentReadFilter) AND GoodCigarReadFilter) AND WellformedReadFilter)
  9429 read(s) filtered by: (((((((MappingQualityReadFilter AND MappingQualityAvailableReadFilter) AND MappedReadFilter) AND NotSecondaryAlignmentReadFilter) AND NotDuplicateReadFilter) AND PassesVendorQualityCheckReadFilter) AND NonZeroReferenceLengthAlignmentReadFilter) AND GoodCigarReadFilter)
      9429 read(s) filtered by: ((((((MappingQualityReadFilter AND MappingQualityAvailableReadFilter) AND MappedReadFilter) AND NotSecondaryAlignmentReadFilter) AND NotDuplicateReadFilter) AND PassesVendorQualityCheckReadFilter) AND NonZeroReferenceLengthAlignmentReadFilter)
          9429 read(s) filtered by: (((((MappingQualityReadFilter AND MappingQualityAvailableReadFilter) AND MappedReadFilter) AND NotSecondaryAlignmentReadFilter) AND NotDuplicateReadFilter) AND PassesVendorQualityCheckReadFilter)
              9429 read(s) filtered by: ((((MappingQualityReadFilter AND MappingQualityAvailableReadFilter) AND MappedReadFilter) AND NotSecondaryAlignmentReadFilter) AND NotDuplicateReadFilter)
                  31 read(s) filtered by: (((MappingQualityReadFilter AND MappingQualityAvailableReadFilter) AND MappedReadFilter) AND NotSecondaryAlignmentReadFilter)
                      31 read(s) filtered by: ((MappingQualityReadFilter AND MappingQualityAvailableReadFilter) AND MappedReadFilter)
                          31 read(s) filtered by: (MappingQualityReadFilter AND MappingQualityAvailableReadFilter)
                              31 read(s) filtered by: MappingQualityReadFilter 
                  9398 read(s) filtered by: NotDuplicateReadFilter 

22:26:31.725 INFO  ProgressMeter -              LFY:469              1.8                    32             17.6
22:26:31.726 INFO  ProgressMeter - Traversal complete. Processed 32 total regions in 1.8 minutes.
22:26:31.753 INFO  VectorLoglessPairHMM - Time spent in setup for JNI call : 0.154670626
22:26:31.754 INFO  PairHMM - Total compute time in PairHMM computeLogLikelihoods() : 64.867869715
22:26:31.754 INFO  SmithWatermanAligner - Total compute time in java Smith-Waterman : 7.96 sec
22:26:31.754 INFO  HaplotypeCaller - Shutting down engine
[September 27, 2018 10:26:31 PM PDT] org.broadinstitute.hellbender.tools.walkers.haplotypecaller.HaplotypeCaller done. Elapsed time: 1.85 minutes.
Runtime.totalMemory()=3953655808
