Sourcing executables from speedseq.config ...
Aligning...
samblaster: Version 0.1.22
samblaster: Inputting from stdin
samblaster: Outputting to stdout
samblaster: Opening H10E.filtered.COy3AHaX3Dsd/disc_pipe for write.
[M::bwa_idx_load_from_disk] read 0 ALT contigs
samblaster: Opening H10E.filtered.COy3AHaX3Dsd/spl_pipe for write.
[M::process] read 31170 sequences (3498408 bp)...
[M::mem_pestat] # candidate unique pairs for (FF, FR, RF, RR): (2, 14123, 0, 1)
[M::mem_pestat] skip orientation FF as there are not enough pairs
[M::mem_pestat] analyzing insert size distribution for orientation FR...
[M::mem_pestat] (25, 50, 75) percentile: (75, 117, 184)
[M::mem_pestat] low and high boundaries for computing mean and std.dev: (1, 402)
[M::mem_pestat] mean and std.dev: (134.32, 78.16)
[M::mem_pestat] low and high boundaries for proper pairs: (1, 511)
[M::mem_pestat] skip orientation RF as there are not enough pairs
[M::mem_pestat] skip orientation RR as there are not enough pairs
[M::mem_process_seqs] Processed 31170 reads in 3.124 CPU sec, 0.900 real sec
samblaster: Loaded 5 header sequence entries.
samblaster: Output 74 discordant read pairs to H10E.filtered.COy3AHaX3Dsd/disc_pipe
[main] Version: 0.7.12-r1039
samblaster: Output 42 split reads to H10E.filtered.COy3AHaX3Dsd/spl_pipe
[main] CMD: /opt/linux/centos/7.x/x86_64/pkgs/bwa/0.7.12/bin/bwa mem -tsamblaster: Marked 3573 of 15585 (22.93%) read ids as duplicates 4 -R using 1332k memory in  @RG\tID:H10E\tSM:H10E\tLB:Lib\0.066S references.fasta CPU seconds and  data/003243_H10E_S36_R1_filtered.fastq.gz2S data/003243_H10E_S36_R2_filtered.fastq.gz wall time.

[main] Real time: 1.287 sec; CPU: 3.289 sec
Done
Using GATK jar /bigdata/operations/pkgadmin/opt/linux/centos/7.x/x86_64/pkgs/gatk/4.0.8.1/gatk-package-4.0.8.1-local.jar
Running:
    java -Dsamjdk.use_async_io_read_samtools=false -Dsamjdk.use_async_io_write_samtools=true -Dsamjdk.use_async_io_write_tribble=false -Dsamjdk.compression_level=2 -jar /bigdata/operations/pkgadmin/opt/linux/centos/7.x/x86_64/pkgs/gatk/4.0.8.1/gatk-package-4.0.8.1-local.jar HaplotypeCaller -R references.fasta -I results/H10E.filtered.bam -O results/H10E.g.vcf -ERC GVCF
22:23:50.018 INFO  NativeLibraryLoader - Loading libgkl_compression.so from jar:file:/bigdata/operations/pkgadmin/opt/linux/centos/7.x/x86_64/pkgs/gatk/4.0.8.1/gatk-package-4.0.8.1-local.jar!/com/intel/gkl/native/libgkl_compression.so
22:23:50.633 INFO  HaplotypeCaller - ------------------------------------------------------------
22:23:50.635 INFO  HaplotypeCaller - The Genome Analysis Toolkit (GATK) v4.0.8.1
22:23:50.635 INFO  HaplotypeCaller - For support and documentation go to https://software.broadinstitute.org/gatk/
22:23:50.636 INFO  HaplotypeCaller - Executing as arajewski@c21 on Linux v3.10.0-693.11.6.el7.x86_64 amd64
22:23:50.636 INFO  HaplotypeCaller - Java runtime: Java HotSpot(TM) 64-Bit Server VM v1.8.0_45-b14
22:23:50.637 INFO  HaplotypeCaller - Start Date/Time: September 27, 2018 10:23:49 PM PDT
22:23:50.637 INFO  HaplotypeCaller - ------------------------------------------------------------
22:23:50.637 INFO  HaplotypeCaller - ------------------------------------------------------------
22:23:50.638 INFO  HaplotypeCaller - HTSJDK Version: 2.16.0
22:23:50.638 INFO  HaplotypeCaller - Picard Version: 2.18.7
22:23:50.638 INFO  HaplotypeCaller - HTSJDK Defaults.COMPRESSION_LEVEL : 2
22:23:50.638 INFO  HaplotypeCaller - HTSJDK Defaults.USE_ASYNC_IO_READ_FOR_SAMTOOLS : false
22:23:50.638 INFO  HaplotypeCaller - HTSJDK Defaults.USE_ASYNC_IO_WRITE_FOR_SAMTOOLS : true
22:23:50.638 INFO  HaplotypeCaller - HTSJDK Defaults.USE_ASYNC_IO_WRITE_FOR_TRIBBLE : false
22:23:50.639 INFO  HaplotypeCaller - Deflater: IntelDeflater
22:23:50.639 INFO  HaplotypeCaller - Inflater: IntelInflater
22:23:50.639 INFO  HaplotypeCaller - GCS max retries/reopens: 20
22:23:50.639 INFO  HaplotypeCaller - Using google-cloud-java fork https://github.com/broadinstitute/google-cloud-java/releases/tag/0.20.5-alpha-GCS-RETRY-FIX
22:23:50.646 INFO  HaplotypeCaller - Initializing engine
22:23:51.404 INFO  HaplotypeCaller - Done initializing engine
22:23:51.411 INFO  HaplotypeCallerEngine - Tool is in reference confidence mode and the annotation, the following changes will be made to any specified annotations: 'StrandBiasBySample' will be enabled. 'ChromosomeCounts', 'FisherStrand', 'StrandOddsRatio' and 'QualByDepth' annotations have been disabled
22:23:51.418 INFO  HaplotypeCallerEngine - Standard Emitting and Calling confidence set to 0.0 for reference-model confidence output
22:23:51.418 INFO  HaplotypeCallerEngine - All sites annotated with PLs forced to true for reference-model confidence output
22:23:51.441 INFO  NativeLibraryLoader - Loading libgkl_utils.so from jar:file:/bigdata/operations/pkgadmin/opt/linux/centos/7.x/x86_64/pkgs/gatk/4.0.8.1/gatk-package-4.0.8.1-local.jar!/com/intel/gkl/native/libgkl_utils.so
22:23:51.444 INFO  NativeLibraryLoader - Loading libgkl_pairhmm_omp.so from jar:file:/bigdata/operations/pkgadmin/opt/linux/centos/7.x/x86_64/pkgs/gatk/4.0.8.1/gatk-package-4.0.8.1-local.jar!/com/intel/gkl/native/libgkl_pairhmm_omp.so
22:23:51.510 WARN  IntelPairHmm - Flush-to-zero (FTZ) is enabled when running PairHMM
22:23:51.511 INFO  IntelPairHmm - Available threads: 4
22:23:51.512 INFO  IntelPairHmm - Requested threads: 4
22:23:51.512 INFO  PairHMM - Using the OpenMP multi-threaded AVX-accelerated native PairHMM implementation
22:23:51.606 INFO  ProgressMeter - Starting traversal
22:23:51.606 INFO  ProgressMeter -        Current Locus  Elapsed Minutes     Regions Processed   Regions/Minute
22:24:24.908 INFO  ProgressMeter -              WXY:794              0.6                    10             18.0
22:25:11.284 INFO  HaplotypeCaller - 7174 read(s) filtered by: ((((((((MappingQualityReadFilter AND MappingQualityAvailableReadFilter) AND MappedReadFilter) AND NotSecondaryAlignmentReadFilter) AND NotDuplicateReadFilter) AND PassesVendorQualityCheckReadFilter) AND NonZeroReferenceLengthAlignmentReadFilter) AND GoodCigarReadFilter) AND WellformedReadFilter)
  7174 read(s) filtered by: (((((((MappingQualityReadFilter AND MappingQualityAvailableReadFilter) AND MappedReadFilter) AND NotSecondaryAlignmentReadFilter) AND NotDuplicateReadFilter) AND PassesVendorQualityCheckReadFilter) AND NonZeroReferenceLengthAlignmentReadFilter) AND GoodCigarReadFilter)
      7174 read(s) filtered by: ((((((MappingQualityReadFilter AND MappingQualityAvailableReadFilter) AND MappedReadFilter) AND NotSecondaryAlignmentReadFilter) AND NotDuplicateReadFilter) AND PassesVendorQualityCheckReadFilter) AND NonZeroReferenceLengthAlignmentReadFilter)
          7174 read(s) filtered by: (((((MappingQualityReadFilter AND MappingQualityAvailableReadFilter) AND MappedReadFilter) AND NotSecondaryAlignmentReadFilter) AND NotDuplicateReadFilter) AND PassesVendorQualityCheckReadFilter)
              7174 read(s) filtered by: ((((MappingQualityReadFilter AND MappingQualityAvailableReadFilter) AND MappedReadFilter) AND NotSecondaryAlignmentReadFilter) AND NotDuplicateReadFilter)
                  28 read(s) filtered by: (((MappingQualityReadFilter AND MappingQualityAvailableReadFilter) AND MappedReadFilter) AND NotSecondaryAlignmentReadFilter)
                      28 read(s) filtered by: ((MappingQualityReadFilter AND MappingQualityAvailableReadFilter) AND MappedReadFilter)
                          28 read(s) filtered by: (MappingQualityReadFilter AND MappingQualityAvailableReadFilter)
                              28 read(s) filtered by: MappingQualityReadFilter 
                  7146 read(s) filtered by: NotDuplicateReadFilter 

22:25:11.286 INFO  ProgressMeter -               trnL:1              1.3                    28             21.1
22:25:11.286 INFO  ProgressMeter - Traversal complete. Processed 28 total regions in 1.3 minutes.
22:25:11.298 INFO  VectorLoglessPairHMM - Time spent in setup for JNI call : 0.11781305900000001
22:25:11.298 INFO  PairHMM - Total compute time in PairHMM computeLogLikelihoods() : 48.855342605000004
22:25:11.298 INFO  SmithWatermanAligner - Total compute time in java Smith-Waterman : 7.45 sec
22:25:11.299 INFO  HaplotypeCaller - Shutting down engine
[September 27, 2018 10:25:11 PM PDT] org.broadinstitute.hellbender.tools.walkers.haplotypecaller.HaplotypeCaller done. Elapsed time: 1.36 minutes.
Runtime.totalMemory()=3138387968
