Sourcing executables from speedseq.config ...
Aligning...
samblaster: Version 0.1.22
samblaster: Inputting from stdin
samblaster: Outputting to stdout
samblaster: Opening L93.filtered.Adw6hAtYTZD7/disc_pipe for write.
[M::bwa_idx_load_from_disk] read 0 ALT contigs
samblaster: Opening L93.filtered.Adw6hAtYTZD7/spl_pipe for write.
[M::process] read 39944 sequences (4661852 bp)...
[M::mem_pestat] # candidate unique pairs for (FF, FR, RF, RR): (1, 18175, 0, 2)
[M::mem_pestat] skip orientation FF as there are not enough pairs
[M::mem_pestat] analyzing insert size distribution for orientation FR...
[M::mem_pestat] (25, 50, 75) percentile: (83, 129, 196)
[M::mem_pestat] low and high boundaries for computing mean and std.dev: (1, 422)
[M::mem_pestat] mean and std.dev: (144.75, 81.73)
[M::mem_pestat] low and high boundaries for proper pairs: (1, 535)
[M::mem_pestat] skip orientation RF as there are not enough pairs
[M::mem_pestat] skip orientation RR as there are not enough pairs
[M::mem_process_seqs] Processed 39944 reads in 4.818 CPU sec, 1.370 real sec
samblaster: Loaded 5 header sequence entries.
[main] Version: 0.7.12-r1039
[main] CMD: /opt/linux/centos/7.x/x86_64/pkgs/bwa/0.7.12/bin/bwa mem -t 4 -R @RG\tID:L93\tSM:L93\tLB:Lib\ references.fasta data/003305_L93_S98_R1_filtered.fastq.gz data/003305_L93_S98_R2_filtered.fastq.gz
[main] Real time: 1.822 sec; CPU: 5.052 sec
samblaster: Output 85 discordant read pairs to L93.filtered.Adw6hAtYTZD7/disc_pipe
samblaster: Output 46 split reads to L93.filtered.Adw6hAtYTZD7/spl_pipe
samblaster: Marked 5276 of 19972 (26.42%) read ids as duplicates using 1596k memory in 0.078S CPU seconds and 2S wall time.
Done
Using GATK jar /bigdata/operations/pkgadmin/opt/linux/centos/7.x/x86_64/pkgs/gatk/4.0.8.1/gatk-package-4.0.8.1-local.jar
Running:
    java -Dsamjdk.use_async_io_read_samtools=false -Dsamjdk.use_async_io_write_samtools=true -Dsamjdk.use_async_io_write_tribble=false -Dsamjdk.compression_level=2 -jar /bigdata/operations/pkgadmin/opt/linux/centos/7.x/x86_64/pkgs/gatk/4.0.8.1/gatk-package-4.0.8.1-local.jar HaplotypeCaller -R references.fasta -I results/L93.filtered.bam -O results/L93.g.vcf -ERC GVCF
22:24:40.294 INFO  NativeLibraryLoader - Loading libgkl_compression.so from jar:file:/bigdata/operations/pkgadmin/opt/linux/centos/7.x/x86_64/pkgs/gatk/4.0.8.1/gatk-package-4.0.8.1-local.jar!/com/intel/gkl/native/libgkl_compression.so
22:24:40.568 INFO  HaplotypeCaller - ------------------------------------------------------------
22:24:40.570 INFO  HaplotypeCaller - The Genome Analysis Toolkit (GATK) v4.0.8.1
22:24:40.570 INFO  HaplotypeCaller - For support and documentation go to https://software.broadinstitute.org/gatk/
22:24:40.570 INFO  HaplotypeCaller - Executing as arajewski@c04 on Linux v3.10.0-693.11.6.el7.x86_64 amd64
22:24:40.571 INFO  HaplotypeCaller - Java runtime: Java HotSpot(TM) 64-Bit Server VM v1.8.0_45-b14
22:24:40.571 INFO  HaplotypeCaller - Start Date/Time: September 27, 2018 10:24:40 PM PDT
22:24:40.571 INFO  HaplotypeCaller - ------------------------------------------------------------
22:24:40.571 INFO  HaplotypeCaller - ------------------------------------------------------------
22:24:40.572 INFO  HaplotypeCaller - HTSJDK Version: 2.16.0
22:24:40.572 INFO  HaplotypeCaller - Picard Version: 2.18.7
22:24:40.572 INFO  HaplotypeCaller - HTSJDK Defaults.COMPRESSION_LEVEL : 2
22:24:40.572 INFO  HaplotypeCaller - HTSJDK Defaults.USE_ASYNC_IO_READ_FOR_SAMTOOLS : false
22:24:40.573 INFO  HaplotypeCaller - HTSJDK Defaults.USE_ASYNC_IO_WRITE_FOR_SAMTOOLS : true
22:24:40.573 INFO  HaplotypeCaller - HTSJDK Defaults.USE_ASYNC_IO_WRITE_FOR_TRIBBLE : false
22:24:40.573 INFO  HaplotypeCaller - Deflater: IntelDeflater
22:24:40.573 INFO  HaplotypeCaller - Inflater: IntelInflater
22:24:40.573 INFO  HaplotypeCaller - GCS max retries/reopens: 20
22:24:40.573 INFO  HaplotypeCaller - Using google-cloud-java fork https://github.com/broadinstitute/google-cloud-java/releases/tag/0.20.5-alpha-GCS-RETRY-FIX
22:24:40.580 INFO  HaplotypeCaller - Initializing engine
22:24:41.612 INFO  HaplotypeCaller - Done initializing engine
22:24:41.619 INFO  HaplotypeCallerEngine - Tool is in reference confidence mode and the annotation, the following changes will be made to any specified annotations: 'StrandBiasBySample' will be enabled. 'ChromosomeCounts', 'FisherStrand', 'StrandOddsRatio' and 'QualByDepth' annotations have been disabled
22:24:41.632 INFO  HaplotypeCallerEngine - Standard Emitting and Calling confidence set to 0.0 for reference-model confidence output
22:24:41.632 INFO  HaplotypeCallerEngine - All sites annotated with PLs forced to true for reference-model confidence output
22:24:41.651 INFO  NativeLibraryLoader - Loading libgkl_utils.so from jar:file:/bigdata/operations/pkgadmin/opt/linux/centos/7.x/x86_64/pkgs/gatk/4.0.8.1/gatk-package-4.0.8.1-local.jar!/com/intel/gkl/native/libgkl_utils.so
22:24:41.653 INFO  NativeLibraryLoader - Loading libgkl_pairhmm_omp.so from jar:file:/bigdata/operations/pkgadmin/opt/linux/centos/7.x/x86_64/pkgs/gatk/4.0.8.1/gatk-package-4.0.8.1-local.jar!/com/intel/gkl/native/libgkl_pairhmm_omp.so
22:24:41.719 WARN  IntelPairHmm - Flush-to-zero (FTZ) is enabled when running PairHMM
22:24:41.720 INFO  IntelPairHmm - Available threads: 4
22:24:41.720 INFO  IntelPairHmm - Requested threads: 4
22:24:41.720 INFO  PairHMM - Using the OpenMP multi-threaded AVX-accelerated native PairHMM implementation
22:24:41.819 INFO  ProgressMeter - Starting traversal
22:24:41.820 INFO  ProgressMeter -        Current Locus  Elapsed Minutes     Regions Processed   Regions/Minute
22:25:11.288 INFO  ProgressMeter -              WXY:660              0.5                    10             20.4
22:25:36.463 INFO  ProgressMeter -               psaA:1              0.9                    20             22.0
22:26:10.146 INFO  ProgressMeter -              LFY:524              1.5                    30             20.4
22:26:15.884 INFO  HaplotypeCaller - 10589 read(s) filtered by: ((((((((MappingQualityReadFilter AND MappingQualityAvailableReadFilter) AND MappedReadFilter) AND NotSecondaryAlignmentReadFilter) AND NotDuplicateReadFilter) AND PassesVendorQualityCheckReadFilter) AND NonZeroReferenceLengthAlignmentReadFilter) AND GoodCigarReadFilter) AND WellformedReadFilter)
  10589 read(s) filtered by: (((((((MappingQualityReadFilter AND MappingQualityAvailableReadFilter) AND MappedReadFilter) AND NotSecondaryAlignmentReadFilter) AND NotDuplicateReadFilter) AND PassesVendorQualityCheckReadFilter) AND NonZeroReferenceLengthAlignmentReadFilter) AND GoodCigarReadFilter)
      10589 read(s) filtered by: ((((((MappingQualityReadFilter AND MappingQualityAvailableReadFilter) AND MappedReadFilter) AND NotSecondaryAlignmentReadFilter) AND NotDuplicateReadFilter) AND PassesVendorQualityCheckReadFilter) AND NonZeroReferenceLengthAlignmentReadFilter)
          10589 read(s) filtered by: (((((MappingQualityReadFilter AND MappingQualityAvailableReadFilter) AND MappedReadFilter) AND NotSecondaryAlignmentReadFilter) AND NotDuplicateReadFilter) AND PassesVendorQualityCheckReadFilter)
              10589 read(s) filtered by: ((((MappingQualityReadFilter AND MappingQualityAvailableReadFilter) AND MappedReadFilter) AND NotSecondaryAlignmentReadFilter) AND NotDuplicateReadFilter)
                  35 read(s) filtered by: (((MappingQualityReadFilter AND MappingQualityAvailableReadFilter) AND MappedReadFilter) AND NotSecondaryAlignmentReadFilter)
                      35 read(s) filtered by: ((MappingQualityReadFilter AND MappingQualityAvailableReadFilter) AND MappedReadFilter)
                          35 read(s) filtered by: (MappingQualityReadFilter AND MappingQualityAvailableReadFilter)
                              35 read(s) filtered by: MappingQualityReadFilter 
                  10554 read(s) filtered by: NotDuplicateReadFilter 

22:26:15.884 INFO  ProgressMeter -              LFY:524              1.6                    31             19.8
22:26:15.885 INFO  ProgressMeter - Traversal complete. Processed 31 total regions in 1.6 minutes.
22:26:15.893 INFO  VectorLoglessPairHMM - Time spent in setup for JNI call : 0.09247406400000001
22:26:15.894 INFO  PairHMM - Total compute time in PairHMM computeLogLikelihoods() : 62.35408983200001
22:26:15.894 INFO  SmithWatermanAligner - Total compute time in java Smith-Waterman : 5.95 sec
22:26:15.894 INFO  HaplotypeCaller - Shutting down engine
[September 27, 2018 10:26:15 PM PDT] org.broadinstitute.hellbender.tools.walkers.haplotypecaller.HaplotypeCaller done. Elapsed time: 1.60 minutes.
Runtime.totalMemory()=3125805056
