Sourcing executables from speedseq.config ...
Aligning...
samblaster: Version 0.1.22
samblaster: Inputting from stdin
samblaster: Outputting to stdout
samblaster: Opening JT108.filtered.juHO2rrYgo23/disc_pipe for write.
samblaster: Opening JT108.filtered.juHO2rrYgo23/spl_pipe for write.
[M::bwa_idx_load_from_disk] read 0 ALT contigs
[M::process] read 49996 sequences (6005184 bp)...
[M::mem_pestat] # candidate unique pairs for (FF, FR, RF, RR): (4, 21955, 0, 5)
[M::mem_pestat] skip orientation FF as there are not enough pairs
[M::mem_pestat] analyzing insert size distribution for orientation FR...
[M::mem_pestat] (25, 50, 75) percentile: (87, 142, 212)
[M::mem_pestat] low and high boundaries for computing mean and std.dev: (1, 462)
[M::mem_pestat] mean and std.dev: (156.82, 90.30)
[M::mem_pestat] low and high boundaries for proper pairs: (1, 587)
[M::mem_pestat] skip orientation RF as there are not enough pairs
[M::mem_pestat] skip orientation RR as there are not enough pairs
[M::mem_process_seqs] Processed 49996 reads in 5.192 CPU sec, 1.438 real sec
samblaster: Loaded 5 header sequence entries.
samblaster: Output 94 discordant read pairs to JT108.filtered.juHO2rrYgo23/disc_pipe
[main] Version: 0.7.12-r1039
samblaster: Output 64 split reads to JT108.filtered.juHO2rrYgo23/spl_pipe
[main] CMD: /opt/linux/centos/7.x/x86_64/pkgs/bwa/0.7.12/bin/bwa mem -t 4 -Rsamblaster: Marked 6303 of 24998 (25.21%) read ids as duplicates @RG\tID:JT108\tSM:JT108\tLB:Lib\ references.fasta using 1592k memory in  data/003262_JT108_S55_R1_filtered.fastq.gz0.094S data/003262_JT108_S55_R2_filtered.fastq.gz CPU seconds and 2S wall time.

[main] Real time: 2.001 sec; CPU: 5.443 sec
Done
Using GATK jar /bigdata/operations/pkgadmin/opt/linux/centos/7.x/x86_64/pkgs/gatk/4.0.8.1/gatk-package-4.0.8.1-local.jar
Running:
    java -Dsamjdk.use_async_io_read_samtools=false -Dsamjdk.use_async_io_write_samtools=true -Dsamjdk.use_async_io_write_tribble=false -Dsamjdk.compression_level=2 -jar /bigdata/operations/pkgadmin/opt/linux/centos/7.x/x86_64/pkgs/gatk/4.0.8.1/gatk-package-4.0.8.1-local.jar HaplotypeCaller -R references.fasta -I results/JT108.filtered.bam -O results/JT108.g.vcf -ERC GVCF
22:23:51.700 INFO  NativeLibraryLoader - Loading libgkl_compression.so from jar:file:/bigdata/operations/pkgadmin/opt/linux/centos/7.x/x86_64/pkgs/gatk/4.0.8.1/gatk-package-4.0.8.1-local.jar!/com/intel/gkl/native/libgkl_compression.so
22:23:52.180 INFO  HaplotypeCaller - ------------------------------------------------------------
22:23:52.182 INFO  HaplotypeCaller - The Genome Analysis Toolkit (GATK) v4.0.8.1
22:23:52.183 INFO  HaplotypeCaller - For support and documentation go to https://software.broadinstitute.org/gatk/
22:23:52.183 INFO  HaplotypeCaller - Executing as arajewski@c07 on Linux v3.10.0-693.11.6.el7.x86_64 amd64
22:23:52.183 INFO  HaplotypeCaller - Java runtime: Java HotSpot(TM) 64-Bit Server VM v1.8.0_45-b14
22:23:52.183 INFO  HaplotypeCaller - Start Date/Time: September 27, 2018 10:23:51 PM PDT
22:23:52.184 INFO  HaplotypeCaller - ------------------------------------------------------------
22:23:52.184 INFO  HaplotypeCaller - ------------------------------------------------------------
22:23:52.184 INFO  HaplotypeCaller - HTSJDK Version: 2.16.0
22:23:52.185 INFO  HaplotypeCaller - Picard Version: 2.18.7
22:23:52.185 INFO  HaplotypeCaller - HTSJDK Defaults.COMPRESSION_LEVEL : 2
22:23:52.185 INFO  HaplotypeCaller - HTSJDK Defaults.USE_ASYNC_IO_READ_FOR_SAMTOOLS : false
22:23:52.185 INFO  HaplotypeCaller - HTSJDK Defaults.USE_ASYNC_IO_WRITE_FOR_SAMTOOLS : true
22:23:52.185 INFO  HaplotypeCaller - HTSJDK Defaults.USE_ASYNC_IO_WRITE_FOR_TRIBBLE : false
22:23:52.185 INFO  HaplotypeCaller - Deflater: IntelDeflater
22:23:52.186 INFO  HaplotypeCaller - Inflater: IntelInflater
22:23:52.186 INFO  HaplotypeCaller - GCS max retries/reopens: 20
22:23:52.186 INFO  HaplotypeCaller - Using google-cloud-java fork https://github.com/broadinstitute/google-cloud-java/releases/tag/0.20.5-alpha-GCS-RETRY-FIX
22:23:52.194 INFO  HaplotypeCaller - Initializing engine
22:23:52.915 INFO  HaplotypeCaller - Done initializing engine
22:23:52.930 INFO  HaplotypeCallerEngine - Tool is in reference confidence mode and the annotation, the following changes will be made to any specified annotations: 'StrandBiasBySample' will be enabled. 'ChromosomeCounts', 'FisherStrand', 'StrandOddsRatio' and 'QualByDepth' annotations have been disabled
22:23:52.936 INFO  HaplotypeCallerEngine - Standard Emitting and Calling confidence set to 0.0 for reference-model confidence output
22:23:52.936 INFO  HaplotypeCallerEngine - All sites annotated with PLs forced to true for reference-model confidence output
22:23:52.958 INFO  NativeLibraryLoader - Loading libgkl_utils.so from jar:file:/bigdata/operations/pkgadmin/opt/linux/centos/7.x/x86_64/pkgs/gatk/4.0.8.1/gatk-package-4.0.8.1-local.jar!/com/intel/gkl/native/libgkl_utils.so
22:23:52.961 INFO  NativeLibraryLoader - Loading libgkl_pairhmm_omp.so from jar:file:/bigdata/operations/pkgadmin/opt/linux/centos/7.x/x86_64/pkgs/gatk/4.0.8.1/gatk-package-4.0.8.1-local.jar!/com/intel/gkl/native/libgkl_pairhmm_omp.so
22:23:53.027 WARN  IntelPairHmm - Flush-to-zero (FTZ) is enabled when running PairHMM
22:23:53.028 INFO  IntelPairHmm - Available threads: 4
22:23:53.028 INFO  IntelPairHmm - Requested threads: 4
22:23:53.028 INFO  PairHMM - Using the OpenMP multi-threaded AVX-accelerated native PairHMM implementation
22:23:53.146 INFO  ProgressMeter - Starting traversal
22:23:53.147 INFO  ProgressMeter -        Current Locus  Elapsed Minutes     Regions Processed   Regions/Minute
22:24:27.017 INFO  ProgressMeter -              WXY:794              0.6                    10             17.7
22:24:43.232 INFO  ProgressMeter -             psaA:601              0.8                    20             24.0
22:25:23.170 INFO  ProgressMeter -              LFY:358              1.5                    30             20.0
22:25:33.067 INFO  HaplotypeCaller - 12658 read(s) filtered by: ((((((((MappingQualityReadFilter AND MappingQualityAvailableReadFilter) AND MappedReadFilter) AND NotSecondaryAlignmentReadFilter) AND NotDuplicateReadFilter) AND PassesVendorQualityCheckReadFilter) AND NonZeroReferenceLengthAlignmentReadFilter) AND GoodCigarReadFilter) AND WellformedReadFilter)
  12658 read(s) filtered by: (((((((MappingQualityReadFilter AND MappingQualityAvailableReadFilter) AND MappedReadFilter) AND NotSecondaryAlignmentReadFilter) AND NotDuplicateReadFilter) AND PassesVendorQualityCheckReadFilter) AND NonZeroReferenceLengthAlignmentReadFilter) AND GoodCigarReadFilter)
      12658 read(s) filtered by: ((((((MappingQualityReadFilter AND MappingQualityAvailableReadFilter) AND MappedReadFilter) AND NotSecondaryAlignmentReadFilter) AND NotDuplicateReadFilter) AND PassesVendorQualityCheckReadFilter) AND NonZeroReferenceLengthAlignmentReadFilter)
          12658 read(s) filtered by: (((((MappingQualityReadFilter AND MappingQualityAvailableReadFilter) AND MappedReadFilter) AND NotSecondaryAlignmentReadFilter) AND NotDuplicateReadFilter) AND PassesVendorQualityCheckReadFilter)
              12658 read(s) filtered by: ((((MappingQualityReadFilter AND MappingQualityAvailableReadFilter) AND MappedReadFilter) AND NotSecondaryAlignmentReadFilter) AND NotDuplicateReadFilter)
                  49 read(s) filtered by: (((MappingQualityReadFilter AND MappingQualityAvailableReadFilter) AND MappedReadFilter) AND NotSecondaryAlignmentReadFilter)
                      49 read(s) filtered by: ((MappingQualityReadFilter AND MappingQualityAvailableReadFilter) AND MappedReadFilter)
                          49 read(s) filtered by: (MappingQualityReadFilter AND MappingQualityAvailableReadFilter)
                              49 read(s) filtered by: MappingQualityReadFilter 
                  12609 read(s) filtered by: NotDuplicateReadFilter 

22:25:33.068 INFO  ProgressMeter -              LFY:358              1.7                    31             18.6
22:25:33.069 INFO  ProgressMeter - Traversal complete. Processed 31 total regions in 1.7 minutes.
22:25:33.078 INFO  VectorLoglessPairHMM - Time spent in setup for JNI call : 0.111081814
22:25:33.079 INFO  PairHMM - Total compute time in PairHMM computeLogLikelihoods() : 66.954304417
22:25:33.079 INFO  SmithWatermanAligner - Total compute time in java Smith-Waterman : 6.95 sec
22:25:33.080 INFO  HaplotypeCaller - Shutting down engine
[September 27, 2018 10:25:33 PM PDT] org.broadinstitute.hellbender.tools.walkers.haplotypecaller.HaplotypeCaller done. Elapsed time: 1.69 minutes.
Runtime.totalMemory()=3182428160
