Sourcing executables from speedseq.config ...
Aligning...
samblaster: Version 0.1.22
samblaster: Inputting from stdin
samblaster: Outputting to stdout
samblaster: Opening JT170.filtered.SAi1vxC1JndY/disc_pipe for write.
[M::bwa_idx_load_from_disk] read 0 ALT contigs
samblaster: Opening JT170.filtered.SAi1vxC1JndY/spl_pipe for write.
[M::process] read 52276 sequences (6070567 bp)...
[M::mem_pestat] # candidate unique pairs for (FF, FR, RF, RR): (1, 22276, 0, 2)
[M::mem_pestat] skip orientation FF as there are not enough pairs
[M::mem_pestat] analyzing insert size distribution for orientation FR...
[M::mem_pestat] (25, 50, 75) percentile: (81, 127, 195)
[M::mem_pestat] low and high boundaries for computing mean and std.dev: (1, 423)
[M::mem_pestat] mean and std.dev: (143.38, 82.56)
[M::mem_pestat] low and high boundaries for proper pairs: (1, 537)
[M::mem_pestat] skip orientation RF as there are not enough pairs
[M::mem_pestat] skip orientation RR as there are not enough pairs
[M::mem_process_seqs] Processed 52276 reads in 4.008 CPU sec, 1.445 real sec
samblaster: Loaded 5 header sequence entries.
[main] Version: 0.7.12-r1039
[main] CMD: /opt/linux/centos/7.x/x86_64/pkgs/bwa/0.7.12/bin/bwa mem -t 4 -R @RG\tID:JT170\tSM:JT170\tLB:Lib\ references.fasta data/003270_JT170_S63_R1_filtered.fastq.gz data/003270_JT170_S63_R2_filtered.fastq.gz
[main] Real time: 2.195 sec; CPU: 4.324 sec
samblaster: Output 106 discordant read pairs to JT170.filtered.SAi1vxC1JndY/disc_pipe
samblaster: Output 36 split reads to JT170.filtered.SAi1vxC1JndY/spl_pipe
samblaster: Marked 6904 of 26138 (26.41%) read ids as duplicates using 1596k memory in 0.124S CPU seconds and 2S wall time.
Done
Using GATK jar /bigdata/operations/pkgadmin/opt/linux/centos/7.x/x86_64/pkgs/gatk/4.0.8.1/gatk-package-4.0.8.1-local.jar
Running:
    java -Dsamjdk.use_async_io_read_samtools=false -Dsamjdk.use_async_io_write_samtools=true -Dsamjdk.use_async_io_write_tribble=false -Dsamjdk.compression_level=2 -jar /bigdata/operations/pkgadmin/opt/linux/centos/7.x/x86_64/pkgs/gatk/4.0.8.1/gatk-package-4.0.8.1-local.jar HaplotypeCaller -R references.fasta -I results/JT170.filtered.bam -O results/JT170.g.vcf -ERC GVCF
22:23:55.232 INFO  NativeLibraryLoader - Loading libgkl_compression.so from jar:file:/bigdata/operations/pkgadmin/opt/linux/centos/7.x/x86_64/pkgs/gatk/4.0.8.1/gatk-package-4.0.8.1-local.jar!/com/intel/gkl/native/libgkl_compression.so
22:23:55.445 INFO  HaplotypeCaller - ------------------------------------------------------------
22:23:55.448 INFO  HaplotypeCaller - The Genome Analysis Toolkit (GATK) v4.0.8.1
22:23:55.448 INFO  HaplotypeCaller - For support and documentation go to https://software.broadinstitute.org/gatk/
22:23:55.449 INFO  HaplotypeCaller - Executing as arajewski@c28 on Linux v3.10.0-693.11.6.el7.x86_64 amd64
22:23:55.450 INFO  HaplotypeCaller - Java runtime: Java HotSpot(TM) 64-Bit Server VM v1.8.0_45-b14
22:23:55.450 INFO  HaplotypeCaller - Start Date/Time: September 27, 2018 10:23:55 PM PDT
22:23:55.451 INFO  HaplotypeCaller - ------------------------------------------------------------
22:23:55.451 INFO  HaplotypeCaller - ------------------------------------------------------------
22:23:55.452 INFO  HaplotypeCaller - HTSJDK Version: 2.16.0
22:23:55.452 INFO  HaplotypeCaller - Picard Version: 2.18.7
22:23:55.452 INFO  HaplotypeCaller - HTSJDK Defaults.COMPRESSION_LEVEL : 2
22:23:55.452 INFO  HaplotypeCaller - HTSJDK Defaults.USE_ASYNC_IO_READ_FOR_SAMTOOLS : false
22:23:55.453 INFO  HaplotypeCaller - HTSJDK Defaults.USE_ASYNC_IO_WRITE_FOR_SAMTOOLS : true
22:23:55.453 INFO  HaplotypeCaller - HTSJDK Defaults.USE_ASYNC_IO_WRITE_FOR_TRIBBLE : false
22:23:55.453 INFO  HaplotypeCaller - Deflater: IntelDeflater
22:23:55.453 INFO  HaplotypeCaller - Inflater: IntelInflater
22:23:55.453 INFO  HaplotypeCaller - GCS max retries/reopens: 20
22:23:55.453 INFO  HaplotypeCaller - Using google-cloud-java fork https://github.com/broadinstitute/google-cloud-java/releases/tag/0.20.5-alpha-GCS-RETRY-FIX
22:23:55.462 INFO  HaplotypeCaller - Initializing engine
22:23:56.969 INFO  HaplotypeCaller - Done initializing engine
22:23:56.980 INFO  HaplotypeCallerEngine - Tool is in reference confidence mode and the annotation, the following changes will be made to any specified annotations: 'StrandBiasBySample' will be enabled. 'ChromosomeCounts', 'FisherStrand', 'StrandOddsRatio' and 'QualByDepth' annotations have been disabled
22:23:56.988 INFO  HaplotypeCallerEngine - Standard Emitting and Calling confidence set to 0.0 for reference-model confidence output
22:23:56.988 INFO  HaplotypeCallerEngine - All sites annotated with PLs forced to true for reference-model confidence output
22:23:57.019 INFO  NativeLibraryLoader - Loading libgkl_utils.so from jar:file:/bigdata/operations/pkgadmin/opt/linux/centos/7.x/x86_64/pkgs/gatk/4.0.8.1/gatk-package-4.0.8.1-local.jar!/com/intel/gkl/native/libgkl_utils.so
22:23:57.022 INFO  NativeLibraryLoader - Loading libgkl_pairhmm_omp.so from jar:file:/bigdata/operations/pkgadmin/opt/linux/centos/7.x/x86_64/pkgs/gatk/4.0.8.1/gatk-package-4.0.8.1-local.jar!/com/intel/gkl/native/libgkl_pairhmm_omp.so
22:23:57.096 WARN  IntelPairHmm - Flush-to-zero (FTZ) is enabled when running PairHMM
22:23:57.097 INFO  IntelPairHmm - Available threads: 4
22:23:57.097 INFO  IntelPairHmm - Requested threads: 4
22:23:57.097 INFO  PairHMM - Using the OpenMP multi-threaded AVX-accelerated native PairHMM implementation
22:23:57.208 INFO  ProgressMeter - Starting traversal
22:23:57.212 INFO  ProgressMeter -        Current Locus  Elapsed Minutes     Regions Processed   Regions/Minute
22:24:19.004 INFO  ProgressMeter -              matK:60              0.4                    10             27.5
22:25:12.044 INFO  HaplotypeCaller - 13850 read(s) filtered by: ((((((((MappingQualityReadFilter AND MappingQualityAvailableReadFilter) AND MappedReadFilter) AND NotSecondaryAlignmentReadFilter) AND NotDuplicateReadFilter) AND PassesVendorQualityCheckReadFilter) AND NonZeroReferenceLengthAlignmentReadFilter) AND GoodCigarReadFilter) AND WellformedReadFilter)
  13850 read(s) filtered by: (((((((MappingQualityReadFilter AND MappingQualityAvailableReadFilter) AND MappedReadFilter) AND NotSecondaryAlignmentReadFilter) AND NotDuplicateReadFilter) AND PassesVendorQualityCheckReadFilter) AND NonZeroReferenceLengthAlignmentReadFilter) AND GoodCigarReadFilter)
      13850 read(s) filtered by: ((((((MappingQualityReadFilter AND MappingQualityAvailableReadFilter) AND MappedReadFilter) AND NotSecondaryAlignmentReadFilter) AND NotDuplicateReadFilter) AND PassesVendorQualityCheckReadFilter) AND NonZeroReferenceLengthAlignmentReadFilter)
          13850 read(s) filtered by: (((((MappingQualityReadFilter AND MappingQualityAvailableReadFilter) AND MappedReadFilter) AND NotSecondaryAlignmentReadFilter) AND NotDuplicateReadFilter) AND PassesVendorQualityCheckReadFilter)
              13850 read(s) filtered by: ((((MappingQualityReadFilter AND MappingQualityAvailableReadFilter) AND MappedReadFilter) AND NotSecondaryAlignmentReadFilter) AND NotDuplicateReadFilter)
                  43 read(s) filtered by: (((MappingQualityReadFilter AND MappingQualityAvailableReadFilter) AND MappedReadFilter) AND NotSecondaryAlignmentReadFilter)
                      43 read(s) filtered by: ((MappingQualityReadFilter AND MappingQualityAvailableReadFilter) AND MappedReadFilter)
                          43 read(s) filtered by: (MappingQualityReadFilter AND MappingQualityAvailableReadFilter)
                              43 read(s) filtered by: MappingQualityReadFilter 
                  13807 read(s) filtered by: NotDuplicateReadFilter 

22:25:12.045 INFO  ProgressMeter -             trnL:301              1.2                    29             23.3
22:25:12.045 INFO  ProgressMeter - Traversal complete. Processed 29 total regions in 1.2 minutes.
22:25:12.060 INFO  VectorLoglessPairHMM - Time spent in setup for JNI call : 0.065502321
22:25:12.061 INFO  PairHMM - Total compute time in PairHMM computeLogLikelihoods() : 42.318957433
22:25:12.061 INFO  SmithWatermanAligner - Total compute time in java Smith-Waterman : 4.94 sec
22:25:12.061 INFO  HaplotypeCaller - Shutting down engine
[September 27, 2018 10:25:12 PM PDT] org.broadinstitute.hellbender.tools.walkers.haplotypecaller.HaplotypeCaller done. Elapsed time: 1.28 minutes.
Runtime.totalMemory()=2959081472
