Sourcing executables from speedseq.config ...
Aligning...
samblaster: Version 0.1.22
samblaster: Inputting from stdin
samblaster: Outputting to stdout
samblaster: Opening H2B.filtered.bBStbY9uU5Fj/disc_pipe for write.
samblaster: Opening H2B.filtered.bBStbY9uU5Fj/spl_pipe for write.
[M::bwa_idx_load_from_disk] read 0 ALT contigs
[M::process] read 29846 sequences (3624520 bp)...
[M::mem_pestat] # candidate unique pairs for (FF, FR, RF, RR): (0, 11591, 0, 3)
[M::mem_pestat] skip orientation FF as there are not enough pairs
[M::mem_pestat] analyzing insert size distribution for orientation FR...
[M::mem_pestat] (25, 50, 75) percentile: (95, 153, 230)
[M::mem_pestat] low and high boundaries for computing mean and std.dev: (1, 500)
[M::mem_pestat] mean and std.dev: (169.34, 98.73)
[M::mem_pestat] low and high boundaries for proper pairs: (1, 635)
[M::mem_pestat] skip orientation RF as there are not enough pairs
[M::mem_pestat] skip orientation RR as there are not enough pairs
[M::mem_process_seqs] Processed 29846 reads in 2.510 CPU sec, 0.649 real sec
samblaster: Loaded 5 header sequence entries.
[main] Version: 0.7.12-r1039
samblaster: Output 62 discordant read pairs to H2B.filtered.bBStbY9uU5Fj/disc_pipe
[main] CMD:samblaster: Output 10 split reads to H2B.filtered.bBStbY9uU5Fj/spl_pipe
 /opt/linux/centos/7.x/x86_64/pkgs/bwa/0.7.12/bin/bwa mem -t 4samblaster: Marked 2031 of 14923 (13.61%) read ids as duplicates -R @RG\tID:H2B\tSM:H2B\tLB:Lib\ using 1332k memory in  references.fasta0.059S data/003248_H2B_S41_R1_filtered.fastq.gz CPU seconds and  data/003248_H2B_S41_R2_filtered.fastq.gz1S wall time.

[main] Real time: 1.042 sec; CPU: 2.662 sec
Done
Using GATK jar /bigdata/operations/pkgadmin/opt/linux/centos/7.x/x86_64/pkgs/gatk/4.0.8.1/gatk-package-4.0.8.1-local.jar
Running:
    java -Dsamjdk.use_async_io_read_samtools=false -Dsamjdk.use_async_io_write_samtools=true -Dsamjdk.use_async_io_write_tribble=false -Dsamjdk.compression_level=2 -jar /bigdata/operations/pkgadmin/opt/linux/centos/7.x/x86_64/pkgs/gatk/4.0.8.1/gatk-package-4.0.8.1-local.jar HaplotypeCaller -R references.fasta -I results/H2B.filtered.bam -O results/H2B.g.vcf -ERC GVCF
22:23:49.726 INFO  NativeLibraryLoader - Loading libgkl_compression.so from jar:file:/bigdata/operations/pkgadmin/opt/linux/centos/7.x/x86_64/pkgs/gatk/4.0.8.1/gatk-package-4.0.8.1-local.jar!/com/intel/gkl/native/libgkl_compression.so
22:23:50.306 INFO  HaplotypeCaller - ------------------------------------------------------------
22:23:50.309 INFO  HaplotypeCaller - The Genome Analysis Toolkit (GATK) v4.0.8.1
22:23:50.309 INFO  HaplotypeCaller - For support and documentation go to https://software.broadinstitute.org/gatk/
22:23:50.310 INFO  HaplotypeCaller - Executing as arajewski@c29 on Linux v3.10.0-693.11.6.el7.x86_64 amd64
22:23:50.310 INFO  HaplotypeCaller - Java runtime: Java HotSpot(TM) 64-Bit Server VM v1.8.0_45-b14
22:23:50.310 INFO  HaplotypeCaller - Start Date/Time: September 27, 2018 10:23:49 PM PDT
22:23:50.310 INFO  HaplotypeCaller - ------------------------------------------------------------
22:23:50.311 INFO  HaplotypeCaller - ------------------------------------------------------------
22:23:50.312 INFO  HaplotypeCaller - HTSJDK Version: 2.16.0
22:23:50.312 INFO  HaplotypeCaller - Picard Version: 2.18.7
22:23:50.312 INFO  HaplotypeCaller - HTSJDK Defaults.COMPRESSION_LEVEL : 2
22:23:50.312 INFO  HaplotypeCaller - HTSJDK Defaults.USE_ASYNC_IO_READ_FOR_SAMTOOLS : false
22:23:50.312 INFO  HaplotypeCaller - HTSJDK Defaults.USE_ASYNC_IO_WRITE_FOR_SAMTOOLS : true
22:23:50.312 INFO  HaplotypeCaller - HTSJDK Defaults.USE_ASYNC_IO_WRITE_FOR_TRIBBLE : false
22:23:50.313 INFO  HaplotypeCaller - Deflater: IntelDeflater
22:23:50.313 INFO  HaplotypeCaller - Inflater: IntelInflater
22:23:50.313 INFO  HaplotypeCaller - GCS max retries/reopens: 20
22:23:50.313 INFO  HaplotypeCaller - Using google-cloud-java fork https://github.com/broadinstitute/google-cloud-java/releases/tag/0.20.5-alpha-GCS-RETRY-FIX
22:23:50.320 INFO  HaplotypeCaller - Initializing engine
22:23:51.076 INFO  HaplotypeCaller - Done initializing engine
22:23:51.082 INFO  HaplotypeCallerEngine - Tool is in reference confidence mode and the annotation, the following changes will be made to any specified annotations: 'StrandBiasBySample' will be enabled. 'ChromosomeCounts', 'FisherStrand', 'StrandOddsRatio' and 'QualByDepth' annotations have been disabled
22:23:51.088 INFO  HaplotypeCallerEngine - Standard Emitting and Calling confidence set to 0.0 for reference-model confidence output
22:23:51.088 INFO  HaplotypeCallerEngine - All sites annotated with PLs forced to true for reference-model confidence output
22:23:51.107 INFO  NativeLibraryLoader - Loading libgkl_utils.so from jar:file:/bigdata/operations/pkgadmin/opt/linux/centos/7.x/x86_64/pkgs/gatk/4.0.8.1/gatk-package-4.0.8.1-local.jar!/com/intel/gkl/native/libgkl_utils.so
22:23:51.109 INFO  NativeLibraryLoader - Loading libgkl_pairhmm_omp.so from jar:file:/bigdata/operations/pkgadmin/opt/linux/centos/7.x/x86_64/pkgs/gatk/4.0.8.1/gatk-package-4.0.8.1-local.jar!/com/intel/gkl/native/libgkl_pairhmm_omp.so
22:23:51.173 WARN  IntelPairHmm - Flush-to-zero (FTZ) is enabled when running PairHMM
22:23:51.174 INFO  IntelPairHmm - Available threads: 4
22:23:51.174 INFO  IntelPairHmm - Requested threads: 4
22:23:51.174 INFO  PairHMM - Using the OpenMP multi-threaded AVX-accelerated native PairHMM implementation
22:23:51.268 INFO  ProgressMeter - Starting traversal
22:23:51.269 INFO  ProgressMeter -        Current Locus  Elapsed Minutes     Regions Processed   Regions/Minute
22:24:09.723 INFO  ProgressMeter -              WXY:807              0.3                    10             32.5
22:24:22.617 INFO  ProgressMeter -             trnL:451              0.5                    30             57.4
22:24:33.979 INFO  ProgressMeter -              LFY:662              0.7                    40             56.2
22:24:33.982 INFO  HaplotypeCaller - 4083 read(s) filtered by: ((((((((MappingQualityReadFilter AND MappingQualityAvailableReadFilter) AND MappedReadFilter) AND NotSecondaryAlignmentReadFilter) AND NotDuplicateReadFilter) AND PassesVendorQualityCheckReadFilter) AND NonZeroReferenceLengthAlignmentReadFilter) AND GoodCigarReadFilter) AND WellformedReadFilter)
  4083 read(s) filtered by: (((((((MappingQualityReadFilter AND MappingQualityAvailableReadFilter) AND MappedReadFilter) AND NotSecondaryAlignmentReadFilter) AND NotDuplicateReadFilter) AND PassesVendorQualityCheckReadFilter) AND NonZeroReferenceLengthAlignmentReadFilter) AND GoodCigarReadFilter)
      4083 read(s) filtered by: ((((((MappingQualityReadFilter AND MappingQualityAvailableReadFilter) AND MappedReadFilter) AND NotSecondaryAlignmentReadFilter) AND NotDuplicateReadFilter) AND PassesVendorQualityCheckReadFilter) AND NonZeroReferenceLengthAlignmentReadFilter)
          4083 read(s) filtered by: (((((MappingQualityReadFilter AND MappingQualityAvailableReadFilter) AND MappedReadFilter) AND NotSecondaryAlignmentReadFilter) AND NotDuplicateReadFilter) AND PassesVendorQualityCheckReadFilter)
              4083 read(s) filtered by: ((((MappingQualityReadFilter AND MappingQualityAvailableReadFilter) AND MappedReadFilter) AND NotSecondaryAlignmentReadFilter) AND NotDuplicateReadFilter)
                  21 read(s) filtered by: (((MappingQualityReadFilter AND MappingQualityAvailableReadFilter) AND MappedReadFilter) AND NotSecondaryAlignmentReadFilter)
                      21 read(s) filtered by: ((MappingQualityReadFilter AND MappingQualityAvailableReadFilter) AND MappedReadFilter)
                          21 read(s) filtered by: (MappingQualityReadFilter AND MappingQualityAvailableReadFilter)
                              21 read(s) filtered by: MappingQualityReadFilter 
                  4062 read(s) filtered by: NotDuplicateReadFilter 

22:24:33.982 INFO  ProgressMeter -              LFY:662              0.7                    40             56.2
22:24:33.982 INFO  ProgressMeter - Traversal complete. Processed 40 total regions in 0.7 minutes.
22:24:33.991 INFO  VectorLoglessPairHMM - Time spent in setup for JNI call : 0.040824708
22:24:33.991 INFO  PairHMM - Total compute time in PairHMM computeLogLikelihoods() : 20.026204844000002
22:24:33.991 INFO  SmithWatermanAligner - Total compute time in java Smith-Waterman : 6.60 sec
22:24:33.991 INFO  HaplotypeCaller - Shutting down engine
[September 27, 2018 10:24:33 PM PDT] org.broadinstitute.hellbender.tools.walkers.haplotypecaller.HaplotypeCaller done. Elapsed time: 0.74 minutes.
Runtime.totalMemory()=3217555456
