Sourcing executables from speedseq.config ...
Aligning...
samblaster: Version 0.1.22
samblaster: Inputting from stdin
samblaster: Outputting to stdout
samblaster: Opening JT85.filtered.dy2fyW4EEHAp/disc_pipe for write.
samblaster: Opening JT85.filtered.dy2fyW4EEHAp/spl_pipe for write.
[M::bwa_idx_load_from_disk] read 0 ALT contigs
[M::process] read 41634 sequences (5092516 bp)...
[M::mem_pestat] # candidate unique pairs for (FF, FR, RF, RR): (2, 17683, 1, 2)
[M::mem_pestat] skip orientation FF as there are not enough pairs
[M::mem_pestat] analyzing insert size distribution for orientation FR...
[M::mem_pestat] (25, 50, 75) percentile: (92, 148, 219)
[M::mem_pestat] low and high boundaries for computing mean and std.dev: (1, 473)
[M::mem_pestat] mean and std.dev: (163.09, 93.29)
[M::mem_pestat] low and high boundaries for proper pairs: (1, 600)
[M::mem_pestat] skip orientation RF as there are not enough pairs
[M::mem_pestat] skip orientation RR as there are not enough pairs
[M::mem_process_seqs] Processed 41634 reads in 4.335 CPU sec, 1.205 real sec
samblaster: Loaded 5 header sequence entries.
[main] Version: 0.7.12-r1039
samblaster: Output 80 discordant read pairs to JT85.filtered.dy2fyW4EEHAp/disc_pipe
[main] CMD:samblaster: Output 54 split reads to JT85.filtered.dy2fyW4EEHAp/spl_pipe
 /opt/linux/centos/7.x/x86_64/pkgs/bwa/0.7.12/bin/bwa mem -t 4 -Rsamblaster: Marked 4314 of 20817 (20.72%) read ids as duplicates @RG\tID:JT85\tSM:JT85\tLB:Lib\ using 1596k memory in  references.fasta0.090S data/003294_JT85_S87_R1_filtered.fastq.gz CPU seconds and  data/003294_JT85_S87_R2_filtered.fastq.gz1S wall time.

[main] Real time: 1.697 sec; CPU: 4.550 sec
Done
Using GATK jar /bigdata/operations/pkgadmin/opt/linux/centos/7.x/x86_64/pkgs/gatk/4.0.8.1/gatk-package-4.0.8.1-local.jar
Running:
    java -Dsamjdk.use_async_io_read_samtools=false -Dsamjdk.use_async_io_write_samtools=true -Dsamjdk.use_async_io_write_tribble=false -Dsamjdk.compression_level=2 -jar /bigdata/operations/pkgadmin/opt/linux/centos/7.x/x86_64/pkgs/gatk/4.0.8.1/gatk-package-4.0.8.1-local.jar HaplotypeCaller -R references.fasta -I results/JT85.filtered.bam -O results/JT85.g.vcf -ERC GVCF
22:23:49.718 INFO  NativeLibraryLoader - Loading libgkl_compression.so from jar:file:/bigdata/operations/pkgadmin/opt/linux/centos/7.x/x86_64/pkgs/gatk/4.0.8.1/gatk-package-4.0.8.1-local.jar!/com/intel/gkl/native/libgkl_compression.so
22:23:49.918 INFO  HaplotypeCaller - ------------------------------------------------------------
22:23:49.920 INFO  HaplotypeCaller - The Genome Analysis Toolkit (GATK) v4.0.8.1
22:23:49.920 INFO  HaplotypeCaller - For support and documentation go to https://software.broadinstitute.org/gatk/
22:23:49.920 INFO  HaplotypeCaller - Executing as arajewski@c09 on Linux v3.10.0-693.11.6.el7.x86_64 amd64
22:23:49.920 INFO  HaplotypeCaller - Java runtime: Java HotSpot(TM) 64-Bit Server VM v1.8.0_45-b14
22:23:49.921 INFO  HaplotypeCaller - Start Date/Time: September 27, 2018 10:23:49 PM PDT
22:23:49.921 INFO  HaplotypeCaller - ------------------------------------------------------------
22:23:49.921 INFO  HaplotypeCaller - ------------------------------------------------------------
22:23:49.922 INFO  HaplotypeCaller - HTSJDK Version: 2.16.0
22:23:49.922 INFO  HaplotypeCaller - Picard Version: 2.18.7
22:23:49.922 INFO  HaplotypeCaller - HTSJDK Defaults.COMPRESSION_LEVEL : 2
22:23:49.922 INFO  HaplotypeCaller - HTSJDK Defaults.USE_ASYNC_IO_READ_FOR_SAMTOOLS : false
22:23:49.922 INFO  HaplotypeCaller - HTSJDK Defaults.USE_ASYNC_IO_WRITE_FOR_SAMTOOLS : true
22:23:49.922 INFO  HaplotypeCaller - HTSJDK Defaults.USE_ASYNC_IO_WRITE_FOR_TRIBBLE : false
22:23:49.923 INFO  HaplotypeCaller - Deflater: IntelDeflater
22:23:49.923 INFO  HaplotypeCaller - Inflater: IntelInflater
22:23:49.923 INFO  HaplotypeCaller - GCS max retries/reopens: 20
22:23:49.923 INFO  HaplotypeCaller - Using google-cloud-java fork https://github.com/broadinstitute/google-cloud-java/releases/tag/0.20.5-alpha-GCS-RETRY-FIX
22:23:49.930 INFO  HaplotypeCaller - Initializing engine
22:23:51.014 INFO  HaplotypeCaller - Done initializing engine
22:23:51.021 INFO  HaplotypeCallerEngine - Tool is in reference confidence mode and the annotation, the following changes will be made to any specified annotations: 'StrandBiasBySample' will be enabled. 'ChromosomeCounts', 'FisherStrand', 'StrandOddsRatio' and 'QualByDepth' annotations have been disabled
22:23:51.027 INFO  HaplotypeCallerEngine - Standard Emitting and Calling confidence set to 0.0 for reference-model confidence output
22:23:51.027 INFO  HaplotypeCallerEngine - All sites annotated with PLs forced to true for reference-model confidence output
22:23:51.046 INFO  NativeLibraryLoader - Loading libgkl_utils.so from jar:file:/bigdata/operations/pkgadmin/opt/linux/centos/7.x/x86_64/pkgs/gatk/4.0.8.1/gatk-package-4.0.8.1-local.jar!/com/intel/gkl/native/libgkl_utils.so
22:23:51.049 INFO  NativeLibraryLoader - Loading libgkl_pairhmm_omp.so from jar:file:/bigdata/operations/pkgadmin/opt/linux/centos/7.x/x86_64/pkgs/gatk/4.0.8.1/gatk-package-4.0.8.1-local.jar!/com/intel/gkl/native/libgkl_pairhmm_omp.so
22:23:51.112 WARN  IntelPairHmm - Flush-to-zero (FTZ) is enabled when running PairHMM
22:23:51.113 INFO  IntelPairHmm - Available threads: 4
22:23:51.113 INFO  IntelPairHmm - Requested threads: 4
22:23:51.113 INFO  PairHMM - Using the OpenMP multi-threaded AVX-accelerated native PairHMM implementation
22:23:51.205 INFO  ProgressMeter - Starting traversal
22:23:51.206 INFO  ProgressMeter -        Current Locus  Elapsed Minutes     Regions Processed   Regions/Minute
22:24:21.121 INFO  ProgressMeter -              WXY:794              0.5                    10             20.1
22:24:38.488 INFO  ProgressMeter -             psaA:601              0.8                    20             25.4
22:25:13.983 INFO  ProgressMeter -              LFY:364              1.4                    30             21.7
22:25:22.175 INFO  HaplotypeCaller - 8668 read(s) filtered by: ((((((((MappingQualityReadFilter AND MappingQualityAvailableReadFilter) AND MappedReadFilter) AND NotSecondaryAlignmentReadFilter) AND NotDuplicateReadFilter) AND PassesVendorQualityCheckReadFilter) AND NonZeroReferenceLengthAlignmentReadFilter) AND GoodCigarReadFilter) AND WellformedReadFilter)
  8668 read(s) filtered by: (((((((MappingQualityReadFilter AND MappingQualityAvailableReadFilter) AND MappedReadFilter) AND NotSecondaryAlignmentReadFilter) AND NotDuplicateReadFilter) AND PassesVendorQualityCheckReadFilter) AND NonZeroReferenceLengthAlignmentReadFilter) AND GoodCigarReadFilter)
      8668 read(s) filtered by: ((((((MappingQualityReadFilter AND MappingQualityAvailableReadFilter) AND MappedReadFilter) AND NotSecondaryAlignmentReadFilter) AND NotDuplicateReadFilter) AND PassesVendorQualityCheckReadFilter) AND NonZeroReferenceLengthAlignmentReadFilter)
          8668 read(s) filtered by: (((((MappingQualityReadFilter AND MappingQualityAvailableReadFilter) AND MappedReadFilter) AND NotSecondaryAlignmentReadFilter) AND NotDuplicateReadFilter) AND PassesVendorQualityCheckReadFilter)
              8668 read(s) filtered by: ((((MappingQualityReadFilter AND MappingQualityAvailableReadFilter) AND MappedReadFilter) AND NotSecondaryAlignmentReadFilter) AND NotDuplicateReadFilter)
                  41 read(s) filtered by: (((MappingQualityReadFilter AND MappingQualityAvailableReadFilter) AND MappedReadFilter) AND NotSecondaryAlignmentReadFilter)
                      41 read(s) filtered by: ((MappingQualityReadFilter AND MappingQualityAvailableReadFilter) AND MappedReadFilter)
                          41 read(s) filtered by: (MappingQualityReadFilter AND MappingQualityAvailableReadFilter)
                              41 read(s) filtered by: MappingQualityReadFilter 
                  8627 read(s) filtered by: NotDuplicateReadFilter 

22:25:22.176 INFO  ProgressMeter -              LFY:364              1.5                    31             20.4
22:25:22.177 INFO  ProgressMeter - Traversal complete. Processed 31 total regions in 1.5 minutes.
22:25:22.186 INFO  VectorLoglessPairHMM - Time spent in setup for JNI call : 0.14219605700000001
22:25:22.187 INFO  PairHMM - Total compute time in PairHMM computeLogLikelihoods() : 59.981303186000005
22:25:22.187 INFO  SmithWatermanAligner - Total compute time in java Smith-Waterman : 7.15 sec
22:25:22.187 INFO  HaplotypeCaller - Shutting down engine
[September 27, 2018 10:25:22 PM PDT] org.broadinstitute.hellbender.tools.walkers.haplotypecaller.HaplotypeCaller done. Elapsed time: 1.54 minutes.
Runtime.totalMemory()=3070754816
