
# $((SLURM_MEM_PER_NODE/1000))'G'
# $SLURM_NTASKS

module load splitstree4/4.14.6
/usr/bin/modulecmd bash $*
PATH=/opt/linux/centos/7.x/x86_64/pkgs/splitstree4/4.14.6:/opt/linux/centos/7.x/x86_64/pkgs/vim/7.4.1952/bin:/opt/linux/centos/7.x/x86_64/pkgs/iigb_utilities/1/bin:/opt/linux/centos/7.x/x86_64/pkgs/perl/5.20.2/bin:/opt/linux/centos/7.x/x86_64/pkgs/miniconda2/4.4.10/bin:/opt/linux/centos/7.x/x86_64/pkgs/pandoc/2.0/bin:/opt/linux/centos/7.x/x86_64/pkgs/texlive/2017/bin/x86_64-linux:/opt/linux/centos/7.x/x86_64/pkgs/ggobi/2.1.11/bin:/opt/linux/centos/7.x/x86_64/pkgs/R/3.5.0/bin:/opt/linux/centos/7.x/x86_64/pkgs/openmpi/2.0.1-slurm-16.05.4/bin:/opt/linux/centos/7.x/x86_64/pkgs/slurm/16.05.4/bin:/opt/linux/centos/7.x/x86_64/pkgs/slurm/16.05.4/sbin:/usr/bin:/bin:/usr/local/games:/usr/games:/usr/local/bin:/usr/lpp/mmfs/bin:/opt/ibutils/bin:/opt/puppetlabs/bin ;export PATH;
SplitsTree -g -c concatenated.par
Version   SplitsTree4 $ SplitsTree4 $ Tue, 26 Sep 2017 06:41:52 -0700
Copyright (C) 2017 Daniel H. Huson and David J. Bryant. This program comes with ABSOLUTELY NO WARRANTY.
Caught:
java.awt.AWTError: Can't connect to X11 window server using 'localhost:37.0' as the value of the DISPLAY variable.
	at sun.awt.X11GraphicsEnvironment.initDisplay(Native Method)
	at sun.awt.X11GraphicsEnvironment.access$200(X11GraphicsEnvironment.java:65)
	at sun.awt.X11GraphicsEnvironment$1.run(X11GraphicsEnvironment.java:115)
	at java.security.AccessController.doPrivileged(Native Method)
	at sun.awt.X11GraphicsEnvironment.<clinit>(X11GraphicsEnvironment.java:74)
	at java.lang.Class.forName0(Native Method)
	at java.lang.Class.forName(Class.java:264)
	at java.awt.GraphicsEnvironment.createGE(GraphicsEnvironment.java:103)
	at java.awt.GraphicsEnvironment.getLocalGraphicsEnvironment(GraphicsEnvironment.java:82)
	at sun.awt.X11.XToolkit.<clinit>(XToolkit.java:126)
	at java.lang.Class.forName0(Native Method)
	at java.lang.Class.forName(Class.java:264)
	at java.awt.Toolkit$2.run(Toolkit.java:860)
	at java.awt.Toolkit$2.run(Toolkit.java:855)
	at java.security.AccessController.doPrivileged(Native Method)
	at java.awt.Toolkit.getDefaultToolkit(Toolkit.java:854)
	at jloda.util.ResourceManager.getImageResource(ResourceManager.java:244)
	at jloda.util.ResourceManager.getIcon(ResourceManager.java:114)
	at splitstree4.main.SplitsTreeProperties.initializeProperties(SplitsTreeProperties.java:80)
	at splitstree4.main.SplitsTree.parseArguments(SplitsTree.java:161)
	at splitstree4.main.SplitsTree.main(SplitsTree.java:53)
	at sun.reflect.NativeMethodAccessorImpl.invoke0(Native Method)
	at sun.reflect.NativeMethodAccessorImpl.invoke(NativeMethodAccessorImpl.java:62)
	at sun.reflect.DelegatingMethodAccessorImpl.invoke(DelegatingMethodAccessorImpl.java:43)
	at java.lang.reflect.Method.invoke(Method.java:498)
	at com.exe4j.runtime.LauncherEngine.launch(LauncherEngine.java:65)
	at com.install4j.runtime.launcher.UnixLauncher.main(UnixLauncher.java:57)
