Sourcing executables from speedseq.config ...
Aligning...
samblaster: Version 0.1.22
samblaster: Inputting from stdin
samblaster: Outputting to stdout
samblaster: Opening JT184.filtered.IPjwSd9z4PJi/disc_pipe for write.
[M::bwa_idx_load_from_disk] read 0 ALT contigs
samblaster: Opening JT184.filtered.IPjwSd9z4PJi/spl_pipe for write.
[M::process] read 37208 sequences (4517854 bp)...
[M::mem_pestat] # candidate unique pairs for (FF, FR, RF, RR): (1, 14726, 0, 0)
[M::mem_pestat] skip orientation FF as there are not enough pairs
[M::mem_pestat] analyzing insert size distribution for orientation FR...
[M::mem_pestat] (25, 50, 75) percentile: (89, 142, 212)
[M::mem_pestat] low and high boundaries for computing mean and std.dev: (1, 458)
[M::mem_pestat] mean and std.dev: (156.73, 89.74)
[M::mem_pestat] low and high boundaries for proper pairs: (1, 581)
[M::mem_pestat] skip orientation RF as there are not enough pairs
[M::mem_pestat] skip orientation RR as there are not enough pairs
[M::mem_process_seqs] Processed 37208 reads in 3.336 CPU sec, 0.951 real sec
samblaster: Loaded 5 header sequence entries.
[main] Version: 0.7.12-r1039
samblaster: Output 65 discordant read pairs to JT184.filtered.IPjwSd9z4PJi/disc_pipe
[main] CMD:samblaster: Output 16 split reads to JT184.filtered.IPjwSd9z4PJi/spl_pipe
 /opt/linux/centos/7.x/x86_64/pkgs/bwa/0.7.12/bin/bwa mem -t 4 -R @RG\tID:JT184\tSM:JT184\tLB:Lib\samblaster: Marked 3777 of 18604 (20.30%) read ids as duplicates references.fasta data/003282_JT184_S75_R1_filtered.fastq.gz using 1332k memory in  data/003282_JT184_S75_R2_filtered.fastq.gz0.082S CPU seconds and 2S wall time.

[main] Real time: 1.458 sec; CPU: 3.543 sec
Done
Using GATK jar /bigdata/operations/pkgadmin/opt/linux/centos/7.x/x86_64/pkgs/gatk/4.0.8.1/gatk-package-4.0.8.1-local.jar
Running:
    java -Dsamjdk.use_async_io_read_samtools=false -Dsamjdk.use_async_io_write_samtools=true -Dsamjdk.use_async_io_write_tribble=false -Dsamjdk.compression_level=2 -jar /bigdata/operations/pkgadmin/opt/linux/centos/7.x/x86_64/pkgs/gatk/4.0.8.1/gatk-package-4.0.8.1-local.jar HaplotypeCaller -R references.fasta -I results/JT184.filtered.bam -O results/JT184.g.vcf -ERC GVCF
22:23:50.543 INFO  NativeLibraryLoader - Loading libgkl_compression.so from jar:file:/bigdata/operations/pkgadmin/opt/linux/centos/7.x/x86_64/pkgs/gatk/4.0.8.1/gatk-package-4.0.8.1-local.jar!/com/intel/gkl/native/libgkl_compression.so
22:23:51.047 INFO  HaplotypeCaller - ------------------------------------------------------------
22:23:51.051 INFO  HaplotypeCaller - The Genome Analysis Toolkit (GATK) v4.0.8.1
22:23:51.051 INFO  HaplotypeCaller - For support and documentation go to https://software.broadinstitute.org/gatk/
22:23:51.052 INFO  HaplotypeCaller - Executing as arajewski@c32 on Linux v3.10.0-693.11.6.el7.x86_64 amd64
22:23:51.052 INFO  HaplotypeCaller - Java runtime: Java HotSpot(TM) 64-Bit Server VM v1.8.0_45-b14
22:23:51.052 INFO  HaplotypeCaller - Start Date/Time: September 27, 2018 10:23:50 PM PDT
22:23:51.052 INFO  HaplotypeCaller - ------------------------------------------------------------
22:23:51.053 INFO  HaplotypeCaller - ------------------------------------------------------------
22:23:51.053 INFO  HaplotypeCaller - HTSJDK Version: 2.16.0
22:23:51.054 INFO  HaplotypeCaller - Picard Version: 2.18.7
22:23:51.054 INFO  HaplotypeCaller - HTSJDK Defaults.COMPRESSION_LEVEL : 2
22:23:51.054 INFO  HaplotypeCaller - HTSJDK Defaults.USE_ASYNC_IO_READ_FOR_SAMTOOLS : false
22:23:51.054 INFO  HaplotypeCaller - HTSJDK Defaults.USE_ASYNC_IO_WRITE_FOR_SAMTOOLS : true
22:23:51.054 INFO  HaplotypeCaller - HTSJDK Defaults.USE_ASYNC_IO_WRITE_FOR_TRIBBLE : false
22:23:51.054 INFO  HaplotypeCaller - Deflater: IntelDeflater
22:23:51.055 INFO  HaplotypeCaller - Inflater: IntelInflater
22:23:51.055 INFO  HaplotypeCaller - GCS max retries/reopens: 20
22:23:51.055 INFO  HaplotypeCaller - Using google-cloud-java fork https://github.com/broadinstitute/google-cloud-java/releases/tag/0.20.5-alpha-GCS-RETRY-FIX
22:23:51.062 INFO  HaplotypeCaller - Initializing engine
22:23:51.808 INFO  HaplotypeCaller - Done initializing engine
22:23:51.816 INFO  HaplotypeCallerEngine - Tool is in reference confidence mode and the annotation, the following changes will be made to any specified annotations: 'StrandBiasBySample' will be enabled. 'ChromosomeCounts', 'FisherStrand', 'StrandOddsRatio' and 'QualByDepth' annotations have been disabled
22:23:51.822 INFO  HaplotypeCallerEngine - Standard Emitting and Calling confidence set to 0.0 for reference-model confidence output
22:23:51.822 INFO  HaplotypeCallerEngine - All sites annotated with PLs forced to true for reference-model confidence output
22:23:51.845 INFO  NativeLibraryLoader - Loading libgkl_utils.so from jar:file:/bigdata/operations/pkgadmin/opt/linux/centos/7.x/x86_64/pkgs/gatk/4.0.8.1/gatk-package-4.0.8.1-local.jar!/com/intel/gkl/native/libgkl_utils.so
22:23:51.848 INFO  NativeLibraryLoader - Loading libgkl_pairhmm_omp.so from jar:file:/bigdata/operations/pkgadmin/opt/linux/centos/7.x/x86_64/pkgs/gatk/4.0.8.1/gatk-package-4.0.8.1-local.jar!/com/intel/gkl/native/libgkl_pairhmm_omp.so
22:23:51.915 WARN  IntelPairHmm - Flush-to-zero (FTZ) is enabled when running PairHMM
22:23:51.916 INFO  IntelPairHmm - Available threads: 4
22:23:51.916 INFO  IntelPairHmm - Requested threads: 4
22:23:51.916 INFO  PairHMM - Using the OpenMP multi-threaded AVX-accelerated native PairHMM implementation
22:23:52.006 INFO  ProgressMeter - Starting traversal
22:23:52.007 INFO  ProgressMeter -        Current Locus  Elapsed Minutes     Regions Processed   Regions/Minute
22:24:34.303 INFO  ProgressMeter -             matK:276              0.7                    10             14.2
22:24:51.478 INFO  HaplotypeCaller - 7575 read(s) filtered by: ((((((((MappingQualityReadFilter AND MappingQualityAvailableReadFilter) AND MappedReadFilter) AND NotSecondaryAlignmentReadFilter) AND NotDuplicateReadFilter) AND PassesVendorQualityCheckReadFilter) AND NonZeroReferenceLengthAlignmentReadFilter) AND GoodCigarReadFilter) AND WellformedReadFilter)
  7575 read(s) filtered by: (((((((MappingQualityReadFilter AND MappingQualityAvailableReadFilter) AND MappedReadFilter) AND NotSecondaryAlignmentReadFilter) AND NotDuplicateReadFilter) AND PassesVendorQualityCheckReadFilter) AND NonZeroReferenceLengthAlignmentReadFilter) AND GoodCigarReadFilter)
      7575 read(s) filtered by: ((((((MappingQualityReadFilter AND MappingQualityAvailableReadFilter) AND MappedReadFilter) AND NotSecondaryAlignmentReadFilter) AND NotDuplicateReadFilter) AND PassesVendorQualityCheckReadFilter) AND NonZeroReferenceLengthAlignmentReadFilter)
          7575 read(s) filtered by: (((((MappingQualityReadFilter AND MappingQualityAvailableReadFilter) AND MappedReadFilter) AND NotSecondaryAlignmentReadFilter) AND NotDuplicateReadFilter) AND PassesVendorQualityCheckReadFilter)
              7575 read(s) filtered by: ((((MappingQualityReadFilter AND MappingQualityAvailableReadFilter) AND MappedReadFilter) AND NotSecondaryAlignmentReadFilter) AND NotDuplicateReadFilter)
                  19 read(s) filtered by: (((MappingQualityReadFilter AND MappingQualityAvailableReadFilter) AND MappedReadFilter) AND NotSecondaryAlignmentReadFilter)
                      19 read(s) filtered by: ((MappingQualityReadFilter AND MappingQualityAvailableReadFilter) AND MappedReadFilter)
                          19 read(s) filtered by: (MappingQualityReadFilter AND MappingQualityAvailableReadFilter)
                              19 read(s) filtered by: MappingQualityReadFilter 
                  7556 read(s) filtered by: NotDuplicateReadFilter 

22:24:51.479 INFO  ProgressMeter -             trnL:601              1.0                    26             26.2
22:24:51.479 INFO  ProgressMeter - Traversal complete. Processed 26 total regions in 1.0 minutes.
22:24:51.488 INFO  VectorLoglessPairHMM - Time spent in setup for JNI call : 0.063786653
22:24:51.489 INFO  PairHMM - Total compute time in PairHMM computeLogLikelihoods() : 32.519691601000005
22:24:51.496 INFO  SmithWatermanAligner - Total compute time in java Smith-Waterman : 5.25 sec
22:24:51.496 INFO  HaplotypeCaller - Shutting down engine
[September 27, 2018 10:24:51 PM PDT] org.broadinstitute.hellbender.tools.walkers.haplotypecaller.HaplotypeCaller done. Elapsed time: 1.02 minutes.
Runtime.totalMemory()=2921332736
