PLINK v1.90b3.38 64-bit (7 Jun 2016)
Options in effect:
  --allow-extra-chr
  --cluster
  --mds-plot 2
  --mind 0.5
  --out Nuclear
  --vcf ../results/PhasedNuclear.vcf

Hostname: i20
Working directory: /bigdata/littlab/arajewski/Arundinaria/phylo
Start time: Mon Apr 15 20:34:26 2019

Random number seed: 1555385666
515702 MB RAM detected; reserving 257851 MB for main workspace.
--vcf: Nuclear-temporary.bed + Nuclear-temporary.bim + Nuclear-temporary.fam
written.
89 variants loaded from .bim file.
74 people (0 males, 0 females, 74 ambiguous) loaded from .fam.
Ambiguous sex IDs written to Nuclear.nosex .
3 people removed due to missing genotype data (--mind).
IDs written to Nuclear.irem .
Using up to 63 threads (change this with --threads).
Before main variant filters, 71 founders and 0 nonfounders present.
Calculating allele frequencies... done.
Total genotyping rate in remaining samples is 0.97468.
89 variants and 71 people pass filters and QC.
Note: No phenotypes present.
Distance matrix calculation complete.
Clustering... done.
Cluster solution written to Nuclear.cluster1 , Nuclear.cluster2 , and
Nuclear.cluster3 .
Performing multidimensional scaling analysis (SVD algorithm, 2
dimensions)... done.
MDS solution written to Nuclear.mds .

End time: Mon Apr 15 20:34:26 2019
